   1               		.file	"1up60hse.c"
   2               	__SP_H__ = 0x3e
   3               	__SP_L__ = 0x3d
   4               	__SREG__ = 0x3f
   5               	__tmp_reg__ = 0
   6               	__zero_reg__ = 1
   7               		.file 1 "/usr/local/Cellar/avr-gcc/9.2.0/avr/include/stdint.h"
   8               		.file 2 "/usr/local/Cellar/avr-gcc/9.2.0/lib/avr-gcc/9/gcc/avr/9.2.0/include/stddef.h"
   9               		.file 3 "tmk_core/common/keyboard.h"
  10               		.file 4 "tmk_core/common/action.h"
  11               		.file 5 "tmk_core/common/report.h"
  12               		.file 6 "tmk_core/common/host.h"
  13               		.file 7 "tmk_core/common/avr/xprintf.h"
  14               		.file 8 "tmk_core/common/debug.h"
  15               		.file 9 "quantum/keycode_config.h"
  16               		.file 10 "quantum/keymap.h"
  17               		.file 11 "./quantum/color.h"
  18               		.file 12 "quantum/rgblight.h"
  19               		.file 13 "tmk_core/common/action_layer.h"
  20               		.file 14 "tmk_core/common/timer.h"
  21               		.file 15 "tmk_core/common/action_util.h"
  22               		.file 16 "/usr/local/Cellar/avr-gcc/9.2.0/avr/include/stdlib.h"
  23               		.file 17 "quantum/quantum.h"
  24               		.file 18 "keyboards/1upkeyboards/1up60hse/1up60hse.c"
  25               		.section	.gnu.debuglto_.debug_info,"e",@progbits
  26               	.Ldebug_info0:
  27               		.hidden	g1up60hse.c.7ed4b7fe
  28               		.weak	g1up60hse.c.7ed4b7fe
  29               	g1up60hse.c.7ed4b7fe:
  30 0000 7006 0000 		.long	0x670
  31 0004 0200      		.word	0x2
  32 0006 0000 0000 		.long	.Ldebug_abbrev0
  33 000a 04        		.byte	0x4
  34 000b 01        		.uleb128 0x1
  35 000c 0000 0000 		.long	.LASF75
  36 0010 0C        		.byte	0xc
  37 0011 0000 0000 		.long	.LASF76
  38 0015 0000 0000 		.long	.LASF77
  39 0019 0000 0000 		.long	.Ldebug_line0
  40 001d 02        		.uleb128 0x2
  41 001e 01        		.byte	0x1
  42 001f 06        		.byte	0x6
  43 0020 0000 0000 		.long	.LASF0
  44 0024 03        		.uleb128 0x3
  45 0025 0000 0000 		.long	.LASF2
  46 0029 01        		.byte	0x1
  47 002a 7E        		.byte	0x7e
  48 002b 16        		.byte	0x16
  49 002c 3500 0000 		.long	0x35
  50 0030 04        		.uleb128 0x4
  51 0031 2400 0000 		.long	0x24
  52 0035 02        		.uleb128 0x2
  53 0036 01        		.byte	0x1
  54 0037 08        		.byte	0x8
  55 0038 0000 0000 		.long	.LASF1
  56 003c 05        		.uleb128 0x5
  57 003d 02        		.byte	0x2
  58 003e 05        		.byte	0x5
  59 003f 696E 7400 		.string	"int"
  60 0043 03        		.uleb128 0x3
  61 0044 0000 0000 		.long	.LASF3
  62 0048 01        		.byte	0x1
  63 0049 80        		.byte	0x80
  64 004a 16        		.byte	0x16
  65 004b 5400 0000 		.long	0x54
  66 004f 04        		.uleb128 0x4
  67 0050 4300 0000 		.long	0x43
  68 0054 02        		.uleb128 0x2
  69 0055 02        		.byte	0x2
  70 0056 07        		.byte	0x7
  71 0057 0000 0000 		.long	.LASF4
  72 005b 02        		.uleb128 0x2
  73 005c 04        		.byte	0x4
  74 005d 05        		.byte	0x5
  75 005e 0000 0000 		.long	.LASF5
  76 0062 03        		.uleb128 0x3
  77 0063 0000 0000 		.long	.LASF6
  78 0067 01        		.byte	0x1
  79 0068 82        		.byte	0x82
  80 0069 16        		.byte	0x16
  81 006a 7300 0000 		.long	0x73
  82 006e 06        		.uleb128 0x6
  83 006f 6200 0000 		.long	0x62
  84 0073 02        		.uleb128 0x2
  85 0074 04        		.byte	0x4
  86 0075 07        		.byte	0x7
  87 0076 0000 0000 		.long	.LASF7
  88 007a 02        		.uleb128 0x2
  89 007b 08        		.byte	0x8
  90 007c 05        		.byte	0x5
  91 007d 0000 0000 		.long	.LASF8
  92 0081 02        		.uleb128 0x2
  93 0082 08        		.byte	0x8
  94 0083 07        		.byte	0x7
  95 0084 0000 0000 		.long	.LASF9
  96 0088 03        		.uleb128 0x3
  97 0089 0000 0000 		.long	.LASF10
  98 008d 02        		.byte	0x2
  99 008e D1        		.byte	0xd1
 100 008f 17        		.byte	0x17
 101 0090 5400 0000 		.long	0x54
 102 0094 07        		.uleb128 0x7
 103 0095 02        		.byte	0x2
 104 0096 03        		.byte	0x3
 105 0097 1E        		.byte	0x1e
 106 0098 09        		.byte	0x9
 107 0099 BC00 0000 		.long	0xbc
 108 009d 08        		.uleb128 0x8
 109 009e 636F 6C00 		.string	"col"
 110 00a2 03        		.byte	0x3
 111 00a3 1F        		.byte	0x1f
 112 00a4 0D        		.byte	0xd
 113 00a5 2400 0000 		.long	0x24
 114 00a9 02        		.byte	0x2
 115 00aa 23        		.byte	0x23
 116 00ab 00        		.uleb128 0
 117 00ac 08        		.uleb128 0x8
 118 00ad 726F 7700 		.string	"row"
 119 00b1 03        		.byte	0x3
 120 00b2 20        		.byte	0x20
 121 00b3 0D        		.byte	0xd
 122 00b4 2400 0000 		.long	0x24
 123 00b8 02        		.byte	0x2
 124 00b9 23        		.byte	0x23
 125 00ba 01        		.uleb128 0x1
 126 00bb 00        		.byte	0
 127 00bc 03        		.uleb128 0x3
 128 00bd 0000 0000 		.long	.LASF11
 129 00c1 03        		.byte	0x3
 130 00c2 21        		.byte	0x21
 131 00c3 03        		.byte	0x3
 132 00c4 9400 0000 		.long	0x94
 133 00c8 07        		.uleb128 0x7
 134 00c9 05        		.byte	0x5
 135 00ca 03        		.byte	0x3
 136 00cb 24        		.byte	0x24
 137 00cc 09        		.byte	0x9
 138 00cd FF00 0000 		.long	0xff
 139 00d1 08        		.uleb128 0x8
 140 00d2 6B65 7900 		.string	"key"
 141 00d6 03        		.byte	0x3
 142 00d7 25        		.byte	0x25
 143 00d8 0E        		.byte	0xe
 144 00d9 BC00 0000 		.long	0xbc
 145 00dd 02        		.byte	0x2
 146 00de 23        		.byte	0x23
 147 00df 00        		.uleb128 0
 148 00e0 09        		.uleb128 0x9
 149 00e1 0000 0000 		.long	.LASF12
 150 00e5 03        		.byte	0x3
 151 00e6 26        		.byte	0x26
 152 00e7 0E        		.byte	0xe
 153 00e8 FF00 0000 		.long	0xff
 154 00ec 02        		.byte	0x2
 155 00ed 23        		.byte	0x23
 156 00ee 02        		.uleb128 0x2
 157 00ef 09        		.uleb128 0x9
 158 00f0 0000 0000 		.long	.LASF13
 159 00f4 03        		.byte	0x3
 160 00f5 27        		.byte	0x27
 161 00f6 0E        		.byte	0xe
 162 00f7 4300 0000 		.long	0x43
 163 00fb 02        		.byte	0x2
 164 00fc 23        		.byte	0x23
 165 00fd 03        		.uleb128 0x3
 166 00fe 00        		.byte	0
 167 00ff 02        		.uleb128 0x2
 168 0100 01        		.byte	0x1
 169 0101 02        		.byte	0x2
 170 0102 0000 0000 		.long	.LASF14
 171 0106 04        		.uleb128 0x4
 172 0107 FF00 0000 		.long	0xff
 173 010b 03        		.uleb128 0x3
 174 010c 0000 0000 		.long	.LASF15
 175 0110 03        		.byte	0x3
 176 0111 28        		.byte	0x28
 177 0112 03        		.byte	0x3
 178 0113 C800 0000 		.long	0xc8
 179 0117 07        		.uleb128 0x7
 180 0118 01        		.byte	0x1
 181 0119 04        		.byte	0x4
 182 011a 21        		.byte	0x21
 183 011b 09        		.byte	0x9
 184 011c 7B01 0000 		.long	0x17b
 185 0120 0A        		.uleb128 0xa
 186 0121 0000 0000 		.long	.LASF16
 187 0125 04        		.byte	0x4
 188 0126 22        		.byte	0x22
 189 0127 0D        		.byte	0xd
 190 0128 FF00 0000 		.long	0xff
 191 012c 01        		.byte	0x1
 192 012d 01        		.byte	0x1
 193 012e 07        		.byte	0x7
 194 012f 02        		.byte	0x2
 195 0130 23        		.byte	0x23
 196 0131 00        		.uleb128 0
 197 0132 0A        		.uleb128 0xa
 198 0133 0000 0000 		.long	.LASF17
 199 0137 04        		.byte	0x4
 200 0138 23        		.byte	0x23
 201 0139 0D        		.byte	0xd
 202 013a FF00 0000 		.long	0xff
 203 013e 01        		.byte	0x1
 204 013f 01        		.byte	0x1
 205 0140 06        		.byte	0x6
 206 0141 02        		.byte	0x2
 207 0142 23        		.byte	0x23
 208 0143 00        		.uleb128 0
 209 0144 0A        		.uleb128 0xa
 210 0145 0000 0000 		.long	.LASF18
 211 0149 04        		.byte	0x4
 212 014a 24        		.byte	0x24
 213 014b 0D        		.byte	0xd
 214 014c FF00 0000 		.long	0xff
 215 0150 01        		.byte	0x1
 216 0151 01        		.byte	0x1
 217 0152 05        		.byte	0x5
 218 0153 02        		.byte	0x2
 219 0154 23        		.byte	0x23
 220 0155 00        		.uleb128 0
 221 0156 0A        		.uleb128 0xa
 222 0157 0000 0000 		.long	.LASF19
 223 015b 04        		.byte	0x4
 224 015c 25        		.byte	0x25
 225 015d 0D        		.byte	0xd
 226 015e FF00 0000 		.long	0xff
 227 0162 01        		.byte	0x1
 228 0163 01        		.byte	0x1
 229 0164 04        		.byte	0x4
 230 0165 02        		.byte	0x2
 231 0166 23        		.byte	0x23
 232 0167 00        		.uleb128 0
 233 0168 0A        		.uleb128 0xa
 234 0169 0000 0000 		.long	.LASF20
 235 016d 04        		.byte	0x4
 236 016e 26        		.byte	0x26
 237 016f 0D        		.byte	0xd
 238 0170 2400 0000 		.long	0x24
 239 0174 01        		.byte	0x1
 240 0175 04        		.byte	0x4
 241 0176 00        		.byte	0
 242 0177 02        		.byte	0x2
 243 0178 23        		.byte	0x23
 244 0179 00        		.uleb128 0
 245 017a 00        		.byte	0
 246 017b 03        		.uleb128 0x3
 247 017c 0000 0000 		.long	.LASF21
 248 0180 04        		.byte	0x4
 249 0181 27        		.byte	0x27
 250 0182 03        		.byte	0x3
 251 0183 1701 0000 		.long	0x117
 252 0187 07        		.uleb128 0x7
 253 0188 06        		.byte	0x6
 254 0189 04        		.byte	0x4
 255 018a 2A        		.byte	0x2a
 256 018b 09        		.byte	0x9
 257 018c AF01 0000 		.long	0x1af
 258 0190 09        		.uleb128 0x9
 259 0191 0000 0000 		.long	.LASF22
 260 0195 04        		.byte	0x4
 261 0196 2B        		.byte	0x2b
 262 0197 11        		.byte	0x11
 263 0198 0B01 0000 		.long	0x10b
 264 019c 02        		.byte	0x2
 265 019d 23        		.byte	0x23
 266 019e 00        		.uleb128 0
 267 019f 08        		.uleb128 0x8
 268 01a0 7461 7000 		.string	"tap"
 269 01a4 04        		.byte	0x4
 270 01a5 2D        		.byte	0x2d
 271 01a6 0B        		.byte	0xb
 272 01a7 7B01 0000 		.long	0x17b
 273 01ab 02        		.byte	0x2
 274 01ac 23        		.byte	0x23
 275 01ad 05        		.uleb128 0x5
 276 01ae 00        		.byte	0
 277 01af 03        		.uleb128 0x3
 278 01b0 0000 0000 		.long	.LASF23
 279 01b4 04        		.byte	0x4
 280 01b5 2F        		.byte	0x2f
 281 01b6 03        		.byte	0x3
 282 01b7 8701 0000 		.long	0x187
 283 01bb 0B        		.uleb128 0xb
 284 01bc 0000 0000 		.long	.LASF28
 285 01c0 04        		.byte	0x4
 286 01c1 42        		.byte	0x42
 287 01c2 0D        		.byte	0xd
 288 01c3 FF00 0000 		.long	0xff
 289 01c7 01        		.byte	0x1
 290 01c8 01        		.byte	0x1
 291 01c9 07        		.uleb128 0x7
 292 01ca 08        		.byte	0x8
 293 01cb 05        		.byte	0x5
 294 01cc 88        		.byte	0x88
 295 01cd 05        		.byte	0x5
 296 01ce 0002 0000 		.long	0x200
 297 01d2 09        		.uleb128 0x9
 298 01d3 0000 0000 		.long	.LASF24
 299 01d7 05        		.byte	0x5
 300 01d8 8C        		.byte	0x8c
 301 01d9 11        		.byte	0x11
 302 01da 2400 0000 		.long	0x24
 303 01de 02        		.byte	0x2
 304 01df 23        		.byte	0x23
 305 01e0 00        		.uleb128 0
 306 01e1 09        		.uleb128 0x9
 307 01e2 0000 0000 		.long	.LASF25
 308 01e6 05        		.byte	0x5
 309 01e7 8D        		.byte	0x8d
 310 01e8 11        		.byte	0x11
 311 01e9 2400 0000 		.long	0x24
 312 01ed 02        		.byte	0x2
 313 01ee 23        		.byte	0x23
 314 01ef 01        		.uleb128 0x1
 315 01f0 09        		.uleb128 0x9
 316 01f1 0000 0000 		.long	.LASF26
 317 01f5 05        		.byte	0x5
 318 01f6 8E        		.byte	0x8e
 319 01f7 11        		.byte	0x11
 320 01f8 0002 0000 		.long	0x200
 321 01fc 02        		.byte	0x2
 322 01fd 23        		.byte	0x23
 323 01fe 02        		.uleb128 0x2
 324 01ff 00        		.byte	0
 325 0200 0C        		.uleb128 0xc
 326 0201 2400 0000 		.long	0x24
 327 0205 1002 0000 		.long	0x210
 328 0209 0D        		.uleb128 0xd
 329 020a 5400 0000 		.long	0x54
 330 020e 05        		.byte	0x5
 331 020f 00        		.byte	0
 332 0210 0E        		.uleb128 0xe
 333 0211 08        		.byte	0x8
 334 0212 05        		.byte	0x5
 335 0213 86        		.byte	0x86
 336 0214 09        		.byte	0x9
 337 0215 2B02 0000 		.long	0x22b
 338 0219 0F        		.uleb128 0xf
 339 021a 7261 7700 		.string	"raw"
 340 021e 05        		.byte	0x5
 341 021f 87        		.byte	0x87
 342 0220 0D        		.byte	0xd
 343 0221 2B02 0000 		.long	0x22b
 344 0225 10        		.uleb128 0x10
 345 0226 C901 0000 		.long	0x1c9
 346 022a 00        		.byte	0
 347 022b 0C        		.uleb128 0xc
 348 022c 2400 0000 		.long	0x24
 349 0230 3B02 0000 		.long	0x23b
 350 0234 0D        		.uleb128 0xd
 351 0235 5400 0000 		.long	0x54
 352 0239 07        		.byte	0x7
 353 023a 00        		.byte	0
 354 023b 03        		.uleb128 0x3
 355 023c 0000 0000 		.long	.LASF27
 356 0240 05        		.byte	0x5
 357 0241 99        		.byte	0x99
 358 0242 1C        		.byte	0x1c
 359 0243 1002 0000 		.long	0x210
 360 0247 11        		.uleb128 0x11
 361 0248 02        		.byte	0x2
 362 0249 3B02 0000 		.long	0x23b
 363 024d 0B        		.uleb128 0xb
 364 024e 0000 0000 		.long	.LASF29
 365 0252 06        		.byte	0x6
 366 0253 23        		.byte	0x23
 367 0254 10        		.byte	0x10
 368 0255 2400 0000 		.long	0x24
 369 0259 01        		.byte	0x1
 370 025a 01        		.byte	0x1
 371 025b 0B        		.uleb128 0xb
 372 025c 0000 0000 		.long	.LASF30
 373 0260 06        		.byte	0x6
 374 0261 24        		.byte	0x24
 375 0262 10        		.byte	0x10
 376 0263 2400 0000 		.long	0x24
 377 0267 01        		.byte	0x1
 378 0268 01        		.byte	0x1
 379 0269 12        		.uleb128 0x12
 380 026a 01        		.byte	0x1
 381 026b 7502 0000 		.long	0x275
 382 026f 13        		.uleb128 0x13
 383 0270 2400 0000 		.long	0x24
 384 0274 00        		.byte	0
 385 0275 0B        		.uleb128 0xb
 386 0276 0000 0000 		.long	.LASF31
 387 027a 07        		.byte	0x7
 388 027b 0F        		.byte	0xf
 389 027c 0F        		.byte	0xf
 390 027d 8302 0000 		.long	0x283
 391 0281 01        		.byte	0x1
 392 0282 01        		.byte	0x1
 393 0283 11        		.uleb128 0x11
 394 0284 02        		.byte	0x2
 395 0285 6902 0000 		.long	0x269
 396 0289 07        		.uleb128 0x7
 397 028a 01        		.byte	0x1
 398 028b 08        		.byte	0x8
 399 028c 21        		.byte	0x21
 400 028d 05        		.byte	0x5
 401 028e ED02 0000 		.long	0x2ed
 402 0292 0A        		.uleb128 0xa
 403 0293 0000 0000 		.long	.LASF32
 404 0297 08        		.byte	0x8
 405 0298 22        		.byte	0x22
 406 0299 0E        		.byte	0xe
 407 029a FF00 0000 		.long	0xff
 408 029e 01        		.byte	0x1
 409 029f 01        		.byte	0x1
 410 02a0 07        		.byte	0x7
 411 02a1 02        		.byte	0x2
 412 02a2 23        		.byte	0x23
 413 02a3 00        		.uleb128 0
 414 02a4 0A        		.uleb128 0xa
 415 02a5 0000 0000 		.long	.LASF33
 416 02a9 08        		.byte	0x8
 417 02aa 23        		.byte	0x23
 418 02ab 0E        		.byte	0xe
 419 02ac FF00 0000 		.long	0xff
 420 02b0 01        		.byte	0x1
 421 02b1 01        		.byte	0x1
 422 02b2 06        		.byte	0x6
 423 02b3 02        		.byte	0x2
 424 02b4 23        		.byte	0x23
 425 02b5 00        		.uleb128 0
 426 02b6 0A        		.uleb128 0xa
 427 02b7 0000 0000 		.long	.LASF34
 428 02bb 08        		.byte	0x8
 429 02bc 24        		.byte	0x24
 430 02bd 0E        		.byte	0xe
 431 02be FF00 0000 		.long	0xff
 432 02c2 01        		.byte	0x1
 433 02c3 01        		.byte	0x1
 434 02c4 05        		.byte	0x5
 435 02c5 02        		.byte	0x2
 436 02c6 23        		.byte	0x23
 437 02c7 00        		.uleb128 0
 438 02c8 0A        		.uleb128 0xa
 439 02c9 0000 0000 		.long	.LASF35
 440 02cd 08        		.byte	0x8
 441 02ce 25        		.byte	0x25
 442 02cf 0E        		.byte	0xe
 443 02d0 FF00 0000 		.long	0xff
 444 02d4 01        		.byte	0x1
 445 02d5 01        		.byte	0x1
 446 02d6 04        		.byte	0x4
 447 02d7 02        		.byte	0x2
 448 02d8 23        		.byte	0x23
 449 02d9 00        		.uleb128 0
 450 02da 0A        		.uleb128 0xa
 451 02db 0000 0000 		.long	.LASF25
 452 02df 08        		.byte	0x8
 453 02e0 26        		.byte	0x26
 454 02e1 11        		.byte	0x11
 455 02e2 2400 0000 		.long	0x24
 456 02e6 01        		.byte	0x1
 457 02e7 04        		.byte	0x4
 458 02e8 00        		.byte	0
 459 02e9 02        		.byte	0x2
 460 02ea 23        		.byte	0x23
 461 02eb 00        		.uleb128 0
 462 02ec 00        		.byte	0
 463 02ed 0E        		.uleb128 0xe
 464 02ee 01        		.byte	0x1
 465 02ef 08        		.byte	0x8
 466 02f0 20        		.byte	0x20
 467 02f1 09        		.byte	0x9
 468 02f2 0803 0000 		.long	0x308
 469 02f6 10        		.uleb128 0x10
 470 02f7 8902 0000 		.long	0x289
 471 02fb 0F        		.uleb128 0xf
 472 02fc 7261 7700 		.string	"raw"
 473 0300 08        		.byte	0x8
 474 0301 28        		.byte	0x28
 475 0302 0D        		.byte	0xd
 476 0303 2400 0000 		.long	0x24
 477 0307 00        		.byte	0
 478 0308 03        		.uleb128 0x3
 479 0309 0000 0000 		.long	.LASF36
 480 030d 08        		.byte	0x8
 481 030e 29        		.byte	0x29
 482 030f 03        		.byte	0x3
 483 0310 ED02 0000 		.long	0x2ed
 484 0314 0B        		.uleb128 0xb
 485 0315 0000 0000 		.long	.LASF37
 486 0319 08        		.byte	0x8
 487 031a 2B        		.byte	0x2b
 488 031b 17        		.byte	0x17
 489 031c 0803 0000 		.long	0x308
 490 0320 01        		.byte	0x1
 491 0321 01        		.byte	0x1
 492 0322 07        		.uleb128 0x7
 493 0323 01        		.byte	0x1
 494 0324 09        		.byte	0x9
 495 0325 1E        		.byte	0x1e
 496 0326 05        		.byte	0x5
 497 0327 BC03 0000 		.long	0x3bc
 498 032b 0A        		.uleb128 0xa
 499 032c 0000 0000 		.long	.LASF38
 500 0330 09        		.byte	0x9
 501 0331 1F        		.byte	0x1f
 502 0332 0E        		.byte	0xe
 503 0333 FF00 0000 		.long	0xff
 504 0337 01        		.byte	0x1
 505 0338 01        		.byte	0x1
 506 0339 07        		.byte	0x7
 507 033a 02        		.byte	0x2
 508 033b 23        		.byte	0x23
 509 033c 00        		.uleb128 0
 510 033d 0A        		.uleb128 0xa
 511 033e 0000 0000 		.long	.LASF39
 512 0342 09        		.byte	0x9
 513 0343 20        		.byte	0x20
 514 0344 0E        		.byte	0xe
 515 0345 FF00 0000 		.long	0xff
 516 0349 01        		.byte	0x1
 517 034a 01        		.byte	0x1
 518 034b 06        		.byte	0x6
 519 034c 02        		.byte	0x2
 520 034d 23        		.byte	0x23
 521 034e 00        		.uleb128 0
 522 034f 0A        		.uleb128 0xa
 523 0350 0000 0000 		.long	.LASF40
 524 0354 09        		.byte	0x9
 525 0355 21        		.byte	0x21
 526 0356 0E        		.byte	0xe
 527 0357 FF00 0000 		.long	0xff
 528 035b 01        		.byte	0x1
 529 035c 01        		.byte	0x1
 530 035d 05        		.byte	0x5
 531 035e 02        		.byte	0x2
 532 035f 23        		.byte	0x23
 533 0360 00        		.uleb128 0
 534 0361 0A        		.uleb128 0xa
 535 0362 0000 0000 		.long	.LASF41
 536 0366 09        		.byte	0x9
 537 0367 22        		.byte	0x22
 538 0368 0E        		.byte	0xe
 539 0369 FF00 0000 		.long	0xff
 540 036d 01        		.byte	0x1
 541 036e 01        		.byte	0x1
 542 036f 04        		.byte	0x4
 543 0370 02        		.byte	0x2
 544 0371 23        		.byte	0x23
 545 0372 00        		.uleb128 0
 546 0373 0A        		.uleb128 0xa
 547 0374 0000 0000 		.long	.LASF42
 548 0378 09        		.byte	0x9
 549 0379 23        		.byte	0x23
 550 037a 0E        		.byte	0xe
 551 037b FF00 0000 		.long	0xff
 552 037f 01        		.byte	0x1
 553 0380 01        		.byte	0x1
 554 0381 03        		.byte	0x3
 555 0382 02        		.byte	0x2
 556 0383 23        		.byte	0x23
 557 0384 00        		.uleb128 0
 558 0385 0A        		.uleb128 0xa
 559 0386 0000 0000 		.long	.LASF43
 560 038a 09        		.byte	0x9
 561 038b 24        		.byte	0x24
 562 038c 0E        		.byte	0xe
 563 038d FF00 0000 		.long	0xff
 564 0391 01        		.byte	0x1
 565 0392 01        		.byte	0x1
 566 0393 02        		.byte	0x2
 567 0394 02        		.byte	0x2
 568 0395 23        		.byte	0x23
 569 0396 00        		.uleb128 0
 570 0397 0A        		.uleb128 0xa
 571 0398 0000 0000 		.long	.LASF44
 572 039c 09        		.byte	0x9
 573 039d 25        		.byte	0x25
 574 039e 0E        		.byte	0xe
 575 039f FF00 0000 		.long	0xff
 576 03a3 01        		.byte	0x1
 577 03a4 01        		.byte	0x1
 578 03a5 01        		.byte	0x1
 579 03a6 02        		.byte	0x2
 580 03a7 23        		.byte	0x23
 581 03a8 00        		.uleb128 0
 582 03a9 0A        		.uleb128 0xa
 583 03aa 0000 0000 		.long	.LASF45
 584 03ae 09        		.byte	0x9
 585 03af 26        		.byte	0x26
 586 03b0 0E        		.byte	0xe
 587 03b1 FF00 0000 		.long	0xff
 588 03b5 01        		.byte	0x1
 589 03b6 01        		.byte	0x1
 590 03b7 00        		.byte	0
 591 03b8 02        		.byte	0x2
 592 03b9 23        		.byte	0x23
 593 03ba 00        		.uleb128 0
 594 03bb 00        		.byte	0
 595 03bc 0E        		.uleb128 0xe
 596 03bd 02        		.byte	0x2
 597 03be 09        		.byte	0x9
 598 03bf 1C        		.byte	0x1c
 599 03c0 09        		.byte	0x9
 600 03c1 D703 0000 		.long	0x3d7
 601 03c5 0F        		.uleb128 0xf
 602 03c6 7261 7700 		.string	"raw"
 603 03ca 09        		.byte	0x9
 604 03cb 1D        		.byte	0x1d
 605 03cc 0E        		.byte	0xe
 606 03cd 4300 0000 		.long	0x43
 607 03d1 10        		.uleb128 0x10
 608 03d2 2203 0000 		.long	0x322
 609 03d6 00        		.byte	0
 610 03d7 03        		.uleb128 0x3
 611 03d8 0000 0000 		.long	.LASF46
 612 03dc 09        		.byte	0x9
 613 03dd 28        		.byte	0x28
 614 03de 03        		.byte	0x3
 615 03df BC03 0000 		.long	0x3bc
 616 03e3 0B        		.uleb128 0xb
 617 03e4 0000 0000 		.long	.LASF47
 618 03e8 09        		.byte	0x9
 619 03e9 2A        		.byte	0x2a
 620 03ea 18        		.byte	0x18
 621 03eb D703 0000 		.long	0x3d7
 622 03ef 01        		.byte	0x1
 623 03f0 01        		.byte	0x1
 624 03f1 0C        		.uleb128 0xc
 625 03f2 4F00 0000 		.long	0x4f
 626 03f6 0804 0000 		.long	0x408
 627 03fa 14        		.uleb128 0x14
 628 03fb 0D        		.uleb128 0xd
 629 03fc 5400 0000 		.long	0x54
 630 0400 04        		.byte	0x4
 631 0401 0D        		.uleb128 0xd
 632 0402 5400 0000 		.long	0x54
 633 0406 0D        		.byte	0xd
 634 0407 00        		.byte	0
 635 0408 04        		.uleb128 0x4
 636 0409 F103 0000 		.long	0x3f1
 637 040d 0B        		.uleb128 0xb
 638 040e 0000 0000 		.long	.LASF48
 639 0412 0A        		.byte	0xa
 640 0413 34        		.byte	0x34
 641 0414 17        		.byte	0x17
 642 0415 0804 0000 		.long	0x408
 643 0419 01        		.byte	0x1
 644 041a 01        		.byte	0x1
 645 041b 0C        		.uleb128 0xc
 646 041c 4F00 0000 		.long	0x4f
 647 0420 2604 0000 		.long	0x426
 648 0424 14        		.uleb128 0x14
 649 0425 00        		.byte	0
 650 0426 04        		.uleb128 0x4
 651 0427 1B04 0000 		.long	0x41b
 652 042b 0B        		.uleb128 0xb
 653 042c 0000 0000 		.long	.LASF49
 654 0430 0A        		.byte	0xa
 655 0431 35        		.byte	0x35
 656 0432 17        		.byte	0x17
 657 0433 2604 0000 		.long	0x426
 658 0437 01        		.byte	0x1
 659 0438 01        		.byte	0x1
 660 0439 07        		.uleb128 0x7
 661 043a 03        		.byte	0x3
 662 043b 0B        		.byte	0xb
 663 043c 2A        		.byte	0x2a
 664 043d 09        		.byte	0x9
 665 043e 6A04 0000 		.long	0x46a
 666 0442 08        		.uleb128 0x8
 667 0443 6700      		.string	"g"
 668 0445 0B        		.byte	0xb
 669 0446 2C        		.byte	0x2c
 670 0447 0A        		.byte	0xa
 671 0448 2400 0000 		.long	0x24
 672 044c 02        		.byte	0x2
 673 044d 23        		.byte	0x23
 674 044e 00        		.uleb128 0
 675 044f 08        		.uleb128 0x8
 676 0450 7200      		.string	"r"
 677 0452 0B        		.byte	0xb
 678 0453 2D        		.byte	0x2d
 679 0454 0A        		.byte	0xa
 680 0455 2400 0000 		.long	0x24
 681 0459 02        		.byte	0x2
 682 045a 23        		.byte	0x23
 683 045b 01        		.uleb128 0x1
 684 045c 08        		.uleb128 0x8
 685 045d 6200      		.string	"b"
 686 045f 0B        		.byte	0xb
 687 0460 2E        		.byte	0x2e
 688 0461 0A        		.byte	0xa
 689 0462 2400 0000 		.long	0x24
 690 0466 02        		.byte	0x2
 691 0467 23        		.byte	0x23
 692 0468 02        		.uleb128 0x2
 693 0469 00        		.byte	0
 694 046a 03        		.uleb128 0x3
 695 046b 0000 0000 		.long	.LASF50
 696 046f 0B        		.byte	0xb
 697 0470 2F        		.byte	0x2f
 698 0471 03        		.byte	0x3
 699 0472 3904 0000 		.long	0x439
 700 0476 15        		.uleb128 0x15
 701 0477 5247 4200 		.string	"RGB"
 702 047b 0B        		.byte	0xb
 703 047c 31        		.byte	0x31
 704 047d 0E        		.byte	0xe
 705 047e 6A04 0000 		.long	0x46a
 706 0482 0C        		.uleb128 0xc
 707 0483 7604 0000 		.long	0x476
 708 0487 9204 0000 		.long	0x492
 709 048b 0D        		.uleb128 0xd
 710 048c 5400 0000 		.long	0x54
 711 0490 0D        		.byte	0xd
 712 0491 00        		.byte	0
 713 0492 16        		.uleb128 0x16
 714 0493 6C65 6400 		.string	"led"
 715 0497 0C        		.byte	0xc
 716 0498 8E        		.byte	0x8e
 717 0499 11        		.byte	0x11
 718 049a 8204 0000 		.long	0x482
 719 049e 01        		.byte	0x1
 720 049f 01        		.byte	0x1
 721 04a0 0C        		.uleb128 0xc
 722 04a1 3000 0000 		.long	0x30
 723 04a5 B004 0000 		.long	0x4b0
 724 04a9 0D        		.uleb128 0xd
 725 04aa 5400 0000 		.long	0x54
 726 04ae 03        		.byte	0x3
 727 04af 00        		.byte	0
 728 04b0 04        		.uleb128 0x4
 729 04b1 A004 0000 		.long	0x4a0
 730 04b5 0B        		.uleb128 0xb
 731 04b6 0000 0000 		.long	.LASF51
 732 04ba 0C        		.byte	0xc
 733 04bb 90        		.byte	0x90
 734 04bc 16        		.byte	0x16
 735 04bd B004 0000 		.long	0x4b0
 736 04c1 01        		.byte	0x1
 737 04c2 01        		.byte	0x1
 738 04c3 0C        		.uleb128 0xc
 739 04c4 3000 0000 		.long	0x30
 740 04c8 D304 0000 		.long	0x4d3
 741 04cc 0D        		.uleb128 0xd
 742 04cd 5400 0000 		.long	0x54
 743 04d1 02        		.byte	0x2
 744 04d2 00        		.byte	0
 745 04d3 04        		.uleb128 0x4
 746 04d4 C304 0000 		.long	0x4c3
 747 04d8 0B        		.uleb128 0xb
 748 04d9 0000 0000 		.long	.LASF52
 749 04dd 0C        		.byte	0xc
 750 04de 91        		.byte	0x91
 751 04df 16        		.byte	0x16
 752 04e0 D304 0000 		.long	0x4d3
 753 04e4 01        		.byte	0x1
 754 04e5 01        		.byte	0x1
 755 04e6 0B        		.uleb128 0xb
 756 04e7 0000 0000 		.long	.LASF53
 757 04eb 0C        		.byte	0xc
 758 04ec 92        		.byte	0x92
 759 04ed 16        		.byte	0x16
 760 04ee D304 0000 		.long	0x4d3
 761 04f2 01        		.byte	0x1
 762 04f3 01        		.byte	0x1
 763 04f4 0B        		.uleb128 0xb
 764 04f5 0000 0000 		.long	.LASF54
 765 04f9 0C        		.byte	0xc
 766 04fa 93        		.byte	0x93
 767 04fb 16        		.byte	0x16
 768 04fc D304 0000 		.long	0x4d3
 769 0500 01        		.byte	0x1
 770 0501 01        		.byte	0x1
 771 0502 0B        		.uleb128 0xb
 772 0503 0000 0000 		.long	.LASF55
 773 0507 0C        		.byte	0xc
 774 0508 94        		.byte	0x94
 775 0509 16        		.byte	0x16
 776 050a D304 0000 		.long	0x4d3
 777 050e 01        		.byte	0x1
 778 050f 01        		.byte	0x1
 779 0510 0C        		.uleb128 0xc
 780 0511 4F00 0000 		.long	0x4f
 781 0515 2005 0000 		.long	0x520
 782 0519 0D        		.uleb128 0xd
 783 051a 5400 0000 		.long	0x54
 784 051e 00        		.byte	0
 785 051f 00        		.byte	0
 786 0520 04        		.uleb128 0x4
 787 0521 1005 0000 		.long	0x510
 788 0525 0B        		.uleb128 0xb
 789 0526 0000 0000 		.long	.LASF56
 790 052a 0C        		.byte	0xc
 791 052b 95        		.byte	0x95
 792 052c 17        		.byte	0x17
 793 052d 2005 0000 		.long	0x520
 794 0531 01        		.byte	0x1
 795 0532 01        		.byte	0x1
 796 0533 0B        		.uleb128 0xb
 797 0534 0000 0000 		.long	.LASF57
 798 0538 0C        		.byte	0xc
 799 0539 96        		.byte	0x96
 800 053a 0D        		.byte	0xd
 801 053b FF00 0000 		.long	0xff
 802 053f 01        		.byte	0x1
 803 0540 01        		.byte	0x1
 804 0541 03        		.uleb128 0x3
 805 0542 0000 0000 		.long	.LASF58
 806 0546 0D        		.byte	0xd
 807 0547 1D        		.byte	0x1d
 808 0548 12        		.byte	0x12
 809 0549 6200 0000 		.long	0x62
 810 054d 0B        		.uleb128 0xb
 811 054e 0000 0000 		.long	.LASF59
 812 0552 0D        		.byte	0xd
 813 0553 24        		.byte	0x24
 814 0554 16        		.byte	0x16
 815 0555 4105 0000 		.long	0x541
 816 0559 01        		.byte	0x1
 817 055a 01        		.byte	0x1
 818 055b 0B        		.uleb128 0xb
 819 055c 0000 0000 		.long	.LASF60
 820 0560 0D        		.byte	0xd
 821 0561 3D        		.byte	0x3d
 822 0562 16        		.byte	0x16
 823 0563 4105 0000 		.long	0x541
 824 0567 01        		.byte	0x1
 825 0568 01        		.byte	0x1
 826 0569 0B        		.uleb128 0xb
 827 056a 0000 0000 		.long	.LASF61
 828 056e 0E        		.byte	0xe
 829 056f 27        		.byte	0x27
 830 0570 1A        		.byte	0x1a
 831 0571 6E00 0000 		.long	0x6e
 832 0575 01        		.byte	0x1
 833 0576 01        		.byte	0x1
 834 0577 0B        		.uleb128 0xb
 835 0578 0000 0000 		.long	.LASF62
 836 057c 0F        		.byte	0xf
 837 057d 1B        		.byte	0x1b
 838 057e 1B        		.byte	0x1b
 839 057f 4702 0000 		.long	0x247
 840 0583 01        		.byte	0x1
 841 0584 01        		.byte	0x1
 842 0585 17        		.uleb128 0x17
 843 0586 0000 0000 		.long	.LASF63
 844 058a 10        		.byte	0x10
 845 058b 3801      		.word	0x138
 846 058d 0F        		.byte	0xf
 847 058e 8800 0000 		.long	0x88
 848 0592 01        		.byte	0x1
 849 0593 01        		.byte	0x1
 850 0594 17        		.uleb128 0x17
 851 0595 0000 0000 		.long	.LASF64
 852 0599 10        		.byte	0x10
 853 059a 3D01      		.word	0x13d
 854 059c 0E        		.byte	0xe
 855 059d A305 0000 		.long	0x5a3
 856 05a1 01        		.byte	0x1
 857 05a2 01        		.byte	0x1
 858 05a3 11        		.uleb128 0x11
 859 05a4 02        		.byte	0x2
 860 05a5 A905 0000 		.long	0x5a9
 861 05a9 02        		.uleb128 0x2
 862 05aa 01        		.byte	0x1
 863 05ab 08        		.byte	0x8
 864 05ac 0000 0000 		.long	.LASF65
 865 05b0 17        		.uleb128 0x17
 866 05b1 0000 0000 		.long	.LASF66
 867 05b5 10        		.byte	0x10
 868 05b6 4201      		.word	0x142
 869 05b8 0E        		.byte	0xe
 870 05b9 A305 0000 		.long	0x5a3
 871 05bd 01        		.byte	0x1
 872 05be 01        		.byte	0x1
 873 05bf 0C        		.uleb128 0xc
 874 05c0 0601 0000 		.long	0x106
 875 05c4 CF05 0000 		.long	0x5cf
 876 05c8 0D        		.uleb128 0xd
 877 05c9 5400 0000 		.long	0x54
 878 05cd 7F        		.byte	0x7f
 879 05ce 00        		.byte	0
 880 05cf 04        		.uleb128 0x4
 881 05d0 BF05 0000 		.long	0x5bf
 882 05d4 0B        		.uleb128 0xb
 883 05d5 0000 0000 		.long	.LASF67
 884 05d9 11        		.byte	0x11
 885 05da CC        		.byte	0xcc
 886 05db 13        		.byte	0x13
 887 05dc CF05 0000 		.long	0x5cf
 888 05e0 01        		.byte	0x1
 889 05e1 01        		.byte	0x1
 890 05e2 0B        		.uleb128 0xb
 891 05e3 0000 0000 		.long	.LASF68
 892 05e7 11        		.byte	0x11
 893 05e8 CD        		.byte	0xcd
 894 05e9 13        		.byte	0x13
 895 05ea CF05 0000 		.long	0x5cf
 896 05ee 01        		.byte	0x1
 897 05ef 01        		.byte	0x1
 898 05f0 0C        		.uleb128 0xc
 899 05f1 3000 0000 		.long	0x30
 900 05f5 0006 0000 		.long	0x600
 901 05f9 0D        		.uleb128 0xd
 902 05fa 5400 0000 		.long	0x54
 903 05fe 7F        		.byte	0x7f
 904 05ff 00        		.byte	0
 905 0600 04        		.uleb128 0x4
 906 0601 F005 0000 		.long	0x5f0
 907 0605 0B        		.uleb128 0xb
 908 0606 0000 0000 		.long	.LASF69
 909 060a 11        		.byte	0x11
 910 060b CE        		.byte	0xce
 911 060c 16        		.byte	0x16
 912 060d 0006 0000 		.long	0x600
 913 0611 01        		.byte	0x1
 914 0612 01        		.byte	0x1
 915 0613 18        		.uleb128 0x18
 916 0614 01        		.byte	0x1
 917 0615 0000 0000 		.long	.LASF78
 918 0619 12        		.byte	0x12
 919 061a 27        		.byte	0x27
 920 061b 06        		.byte	0x6
 921 061c 01        		.byte	0x1
 922 061d 2E06 0000 		.long	0x62e
 923 0621 19        		.uleb128 0x19
 924 0622 0000 0000 		.long	.LASF70
 925 0626 12        		.byte	0x12
 926 0627 27        		.byte	0x27
 927 0628 19        		.byte	0x19
 928 0629 2400 0000 		.long	0x24
 929 062d 00        		.byte	0
 930 062e 1A        		.uleb128 0x1a
 931 062f 01        		.byte	0x1
 932 0630 0000 0000 		.long	.LASF79
 933 0634 12        		.byte	0x12
 934 0635 20        		.byte	0x20
 935 0636 06        		.byte	0x6
 936 0637 01        		.byte	0x1
 937 0638 FF00 0000 		.long	0xff
 938 063c 5906 0000 		.long	0x659
 939 0640 19        		.uleb128 0x19
 940 0641 0000 0000 		.long	.LASF71
 941 0645 12        		.byte	0x12
 942 0646 20        		.byte	0x20
 943 0647 21        		.byte	0x21
 944 0648 4300 0000 		.long	0x43
 945 064c 19        		.uleb128 0x19
 946 064d 0000 0000 		.long	.LASF72
 947 0651 12        		.byte	0x12
 948 0652 20        		.byte	0x20
 949 0653 37        		.byte	0x37
 950 0654 5906 0000 		.long	0x659
 951 0658 00        		.byte	0
 952 0659 11        		.uleb128 0x11
 953 065a 02        		.byte	0x2
 954 065b AF01 0000 		.long	0x1af
 955 065f 1B        		.uleb128 0x1b
 956 0660 01        		.byte	0x1
 957 0661 0000 0000 		.long	.LASF73
 958 0665 12        		.byte	0x12
 959 0666 19        		.byte	0x19
 960 0667 06        		.byte	0x6
 961 0668 01        		.byte	0x1
 962 0669 1B        		.uleb128 0x1b
 963 066a 01        		.byte	0x1
 964 066b 0000 0000 		.long	.LASF74
 965 066f 12        		.byte	0x12
 966 0670 12        		.byte	0x12
 967 0671 06        		.byte	0x6
 968 0672 01        		.byte	0x1
 969 0673 00        		.byte	0
 970               		.section	.gnu.debuglto_.debug_abbrev,"e",@progbits
 971               	.Ldebug_abbrev0:
 972 0000 01        		.uleb128 0x1
 973 0001 11        		.uleb128 0x11
 974 0002 01        		.byte	0x1
 975 0003 25        		.uleb128 0x25
 976 0004 0E        		.uleb128 0xe
 977 0005 13        		.uleb128 0x13
 978 0006 0B        		.uleb128 0xb
 979 0007 03        		.uleb128 0x3
 980 0008 0E        		.uleb128 0xe
 981 0009 1B        		.uleb128 0x1b
 982 000a 0E        		.uleb128 0xe
 983 000b 10        		.uleb128 0x10
 984 000c 06        		.uleb128 0x6
 985 000d 00        		.byte	0
 986 000e 00        		.byte	0
 987 000f 02        		.uleb128 0x2
 988 0010 24        		.uleb128 0x24
 989 0011 00        		.byte	0
 990 0012 0B        		.uleb128 0xb
 991 0013 0B        		.uleb128 0xb
 992 0014 3E        		.uleb128 0x3e
 993 0015 0B        		.uleb128 0xb
 994 0016 03        		.uleb128 0x3
 995 0017 0E        		.uleb128 0xe
 996 0018 00        		.byte	0
 997 0019 00        		.byte	0
 998 001a 03        		.uleb128 0x3
 999 001b 16        		.uleb128 0x16
 1000 001c 00        		.byte	0
 1001 001d 03        		.uleb128 0x3
 1002 001e 0E        		.uleb128 0xe
 1003 001f 3A        		.uleb128 0x3a
 1004 0020 0B        		.uleb128 0xb
 1005 0021 3B        		.uleb128 0x3b
 1006 0022 0B        		.uleb128 0xb
 1007 0023 39        		.uleb128 0x39
 1008 0024 0B        		.uleb128 0xb
 1009 0025 49        		.uleb128 0x49
 1010 0026 13        		.uleb128 0x13
 1011 0027 00        		.byte	0
 1012 0028 00        		.byte	0
 1013 0029 04        		.uleb128 0x4
 1014 002a 26        		.uleb128 0x26
 1015 002b 00        		.byte	0
 1016 002c 49        		.uleb128 0x49
 1017 002d 13        		.uleb128 0x13
 1018 002e 00        		.byte	0
 1019 002f 00        		.byte	0
 1020 0030 05        		.uleb128 0x5
 1021 0031 24        		.uleb128 0x24
 1022 0032 00        		.byte	0
 1023 0033 0B        		.uleb128 0xb
 1024 0034 0B        		.uleb128 0xb
 1025 0035 3E        		.uleb128 0x3e
 1026 0036 0B        		.uleb128 0xb
 1027 0037 03        		.uleb128 0x3
 1028 0038 08        		.uleb128 0x8
 1029 0039 00        		.byte	0
 1030 003a 00        		.byte	0
 1031 003b 06        		.uleb128 0x6
 1032 003c 35        		.uleb128 0x35
 1033 003d 00        		.byte	0
 1034 003e 49        		.uleb128 0x49
 1035 003f 13        		.uleb128 0x13
 1036 0040 00        		.byte	0
 1037 0041 00        		.byte	0
 1038 0042 07        		.uleb128 0x7
 1039 0043 13        		.uleb128 0x13
 1040 0044 01        		.byte	0x1
 1041 0045 0B        		.uleb128 0xb
 1042 0046 0B        		.uleb128 0xb
 1043 0047 3A        		.uleb128 0x3a
 1044 0048 0B        		.uleb128 0xb
 1045 0049 3B        		.uleb128 0x3b
 1046 004a 0B        		.uleb128 0xb
 1047 004b 39        		.uleb128 0x39
 1048 004c 0B        		.uleb128 0xb
 1049 004d 01        		.uleb128 0x1
 1050 004e 13        		.uleb128 0x13
 1051 004f 00        		.byte	0
 1052 0050 00        		.byte	0
 1053 0051 08        		.uleb128 0x8
 1054 0052 0D        		.uleb128 0xd
 1055 0053 00        		.byte	0
 1056 0054 03        		.uleb128 0x3
 1057 0055 08        		.uleb128 0x8
 1058 0056 3A        		.uleb128 0x3a
 1059 0057 0B        		.uleb128 0xb
 1060 0058 3B        		.uleb128 0x3b
 1061 0059 0B        		.uleb128 0xb
 1062 005a 39        		.uleb128 0x39
 1063 005b 0B        		.uleb128 0xb
 1064 005c 49        		.uleb128 0x49
 1065 005d 13        		.uleb128 0x13
 1066 005e 38        		.uleb128 0x38
 1067 005f 0A        		.uleb128 0xa
 1068 0060 00        		.byte	0
 1069 0061 00        		.byte	0
 1070 0062 09        		.uleb128 0x9
 1071 0063 0D        		.uleb128 0xd
 1072 0064 00        		.byte	0
 1073 0065 03        		.uleb128 0x3
 1074 0066 0E        		.uleb128 0xe
 1075 0067 3A        		.uleb128 0x3a
 1076 0068 0B        		.uleb128 0xb
 1077 0069 3B        		.uleb128 0x3b
 1078 006a 0B        		.uleb128 0xb
 1079 006b 39        		.uleb128 0x39
 1080 006c 0B        		.uleb128 0xb
 1081 006d 49        		.uleb128 0x49
 1082 006e 13        		.uleb128 0x13
 1083 006f 38        		.uleb128 0x38
 1084 0070 0A        		.uleb128 0xa
 1085 0071 00        		.byte	0
 1086 0072 00        		.byte	0
 1087 0073 0A        		.uleb128 0xa
 1088 0074 0D        		.uleb128 0xd
 1089 0075 00        		.byte	0
 1090 0076 03        		.uleb128 0x3
 1091 0077 0E        		.uleb128 0xe
 1092 0078 3A        		.uleb128 0x3a
 1093 0079 0B        		.uleb128 0xb
 1094 007a 3B        		.uleb128 0x3b
 1095 007b 0B        		.uleb128 0xb
 1096 007c 39        		.uleb128 0x39
 1097 007d 0B        		.uleb128 0xb
 1098 007e 49        		.uleb128 0x49
 1099 007f 13        		.uleb128 0x13
 1100 0080 0B        		.uleb128 0xb
 1101 0081 0B        		.uleb128 0xb
 1102 0082 0D        		.uleb128 0xd
 1103 0083 0B        		.uleb128 0xb
 1104 0084 0C        		.uleb128 0xc
 1105 0085 0B        		.uleb128 0xb
 1106 0086 38        		.uleb128 0x38
 1107 0087 0A        		.uleb128 0xa
 1108 0088 00        		.byte	0
 1109 0089 00        		.byte	0
 1110 008a 0B        		.uleb128 0xb
 1111 008b 34        		.uleb128 0x34
 1112 008c 00        		.byte	0
 1113 008d 03        		.uleb128 0x3
 1114 008e 0E        		.uleb128 0xe
 1115 008f 3A        		.uleb128 0x3a
 1116 0090 0B        		.uleb128 0xb
 1117 0091 3B        		.uleb128 0x3b
 1118 0092 0B        		.uleb128 0xb
 1119 0093 39        		.uleb128 0x39
 1120 0094 0B        		.uleb128 0xb
 1121 0095 49        		.uleb128 0x49
 1122 0096 13        		.uleb128 0x13
 1123 0097 3F        		.uleb128 0x3f
 1124 0098 0C        		.uleb128 0xc
 1125 0099 3C        		.uleb128 0x3c
 1126 009a 0C        		.uleb128 0xc
 1127 009b 00        		.byte	0
 1128 009c 00        		.byte	0
 1129 009d 0C        		.uleb128 0xc
 1130 009e 01        		.uleb128 0x1
 1131 009f 01        		.byte	0x1
 1132 00a0 49        		.uleb128 0x49
 1133 00a1 13        		.uleb128 0x13
 1134 00a2 01        		.uleb128 0x1
 1135 00a3 13        		.uleb128 0x13
 1136 00a4 00        		.byte	0
 1137 00a5 00        		.byte	0
 1138 00a6 0D        		.uleb128 0xd
 1139 00a7 21        		.uleb128 0x21
 1140 00a8 00        		.byte	0
 1141 00a9 49        		.uleb128 0x49
 1142 00aa 13        		.uleb128 0x13
 1143 00ab 2F        		.uleb128 0x2f
 1144 00ac 0B        		.uleb128 0xb
 1145 00ad 00        		.byte	0
 1146 00ae 00        		.byte	0
 1147 00af 0E        		.uleb128 0xe
 1148 00b0 17        		.uleb128 0x17
 1149 00b1 01        		.byte	0x1
 1150 00b2 0B        		.uleb128 0xb
 1151 00b3 0B        		.uleb128 0xb
 1152 00b4 3A        		.uleb128 0x3a
 1153 00b5 0B        		.uleb128 0xb
 1154 00b6 3B        		.uleb128 0x3b
 1155 00b7 0B        		.uleb128 0xb
 1156 00b8 39        		.uleb128 0x39
 1157 00b9 0B        		.uleb128 0xb
 1158 00ba 01        		.uleb128 0x1
 1159 00bb 13        		.uleb128 0x13
 1160 00bc 00        		.byte	0
 1161 00bd 00        		.byte	0
 1162 00be 0F        		.uleb128 0xf
 1163 00bf 0D        		.uleb128 0xd
 1164 00c0 00        		.byte	0
 1165 00c1 03        		.uleb128 0x3
 1166 00c2 08        		.uleb128 0x8
 1167 00c3 3A        		.uleb128 0x3a
 1168 00c4 0B        		.uleb128 0xb
 1169 00c5 3B        		.uleb128 0x3b
 1170 00c6 0B        		.uleb128 0xb
 1171 00c7 39        		.uleb128 0x39
 1172 00c8 0B        		.uleb128 0xb
 1173 00c9 49        		.uleb128 0x49
 1174 00ca 13        		.uleb128 0x13
 1175 00cb 00        		.byte	0
 1176 00cc 00        		.byte	0
 1177 00cd 10        		.uleb128 0x10
 1178 00ce 0D        		.uleb128 0xd
 1179 00cf 00        		.byte	0
 1180 00d0 49        		.uleb128 0x49
 1181 00d1 13        		.uleb128 0x13
 1182 00d2 00        		.byte	0
 1183 00d3 00        		.byte	0
 1184 00d4 11        		.uleb128 0x11
 1185 00d5 0F        		.uleb128 0xf
 1186 00d6 00        		.byte	0
 1187 00d7 0B        		.uleb128 0xb
 1188 00d8 0B        		.uleb128 0xb
 1189 00d9 49        		.uleb128 0x49
 1190 00da 13        		.uleb128 0x13
 1191 00db 00        		.byte	0
 1192 00dc 00        		.byte	0
 1193 00dd 12        		.uleb128 0x12
 1194 00de 15        		.uleb128 0x15
 1195 00df 01        		.byte	0x1
 1196 00e0 27        		.uleb128 0x27
 1197 00e1 0C        		.uleb128 0xc
 1198 00e2 01        		.uleb128 0x1
 1199 00e3 13        		.uleb128 0x13
 1200 00e4 00        		.byte	0
 1201 00e5 00        		.byte	0
 1202 00e6 13        		.uleb128 0x13
 1203 00e7 05        		.uleb128 0x5
 1204 00e8 00        		.byte	0
 1205 00e9 49        		.uleb128 0x49
 1206 00ea 13        		.uleb128 0x13
 1207 00eb 00        		.byte	0
 1208 00ec 00        		.byte	0
 1209 00ed 14        		.uleb128 0x14
 1210 00ee 21        		.uleb128 0x21
 1211 00ef 00        		.byte	0
 1212 00f0 00        		.byte	0
 1213 00f1 00        		.byte	0
 1214 00f2 15        		.uleb128 0x15
 1215 00f3 16        		.uleb128 0x16
 1216 00f4 00        		.byte	0
 1217 00f5 03        		.uleb128 0x3
 1218 00f6 08        		.uleb128 0x8
 1219 00f7 3A        		.uleb128 0x3a
 1220 00f8 0B        		.uleb128 0xb
 1221 00f9 3B        		.uleb128 0x3b
 1222 00fa 0B        		.uleb128 0xb
 1223 00fb 39        		.uleb128 0x39
 1224 00fc 0B        		.uleb128 0xb
 1225 00fd 49        		.uleb128 0x49
 1226 00fe 13        		.uleb128 0x13
 1227 00ff 00        		.byte	0
 1228 0100 00        		.byte	0
 1229 0101 16        		.uleb128 0x16
 1230 0102 34        		.uleb128 0x34
 1231 0103 00        		.byte	0
 1232 0104 03        		.uleb128 0x3
 1233 0105 08        		.uleb128 0x8
 1234 0106 3A        		.uleb128 0x3a
 1235 0107 0B        		.uleb128 0xb
 1236 0108 3B        		.uleb128 0x3b
 1237 0109 0B        		.uleb128 0xb
 1238 010a 39        		.uleb128 0x39
 1239 010b 0B        		.uleb128 0xb
 1240 010c 49        		.uleb128 0x49
 1241 010d 13        		.uleb128 0x13
 1242 010e 3F        		.uleb128 0x3f
 1243 010f 0C        		.uleb128 0xc
 1244 0110 3C        		.uleb128 0x3c
 1245 0111 0C        		.uleb128 0xc
 1246 0112 00        		.byte	0
 1247 0113 00        		.byte	0
 1248 0114 17        		.uleb128 0x17
 1249 0115 34        		.uleb128 0x34
 1250 0116 00        		.byte	0
 1251 0117 03        		.uleb128 0x3
 1252 0118 0E        		.uleb128 0xe
 1253 0119 3A        		.uleb128 0x3a
 1254 011a 0B        		.uleb128 0xb
 1255 011b 3B        		.uleb128 0x3b
 1256 011c 05        		.uleb128 0x5
 1257 011d 39        		.uleb128 0x39
 1258 011e 0B        		.uleb128 0xb
 1259 011f 49        		.uleb128 0x49
 1260 0120 13        		.uleb128 0x13
 1261 0121 3F        		.uleb128 0x3f
 1262 0122 0C        		.uleb128 0xc
 1263 0123 3C        		.uleb128 0x3c
 1264 0124 0C        		.uleb128 0xc
 1265 0125 00        		.byte	0
 1266 0126 00        		.byte	0
 1267 0127 18        		.uleb128 0x18
 1268 0128 2E        		.uleb128 0x2e
 1269 0129 01        		.byte	0x1
 1270 012a 3F        		.uleb128 0x3f
 1271 012b 0C        		.uleb128 0xc
 1272 012c 03        		.uleb128 0x3
 1273 012d 0E        		.uleb128 0xe
 1274 012e 3A        		.uleb128 0x3a
 1275 012f 0B        		.uleb128 0xb
 1276 0130 3B        		.uleb128 0x3b
 1277 0131 0B        		.uleb128 0xb
 1278 0132 39        		.uleb128 0x39
 1279 0133 0B        		.uleb128 0xb
 1280 0134 27        		.uleb128 0x27
 1281 0135 0C        		.uleb128 0xc
 1282 0136 01        		.uleb128 0x1
 1283 0137 13        		.uleb128 0x13
 1284 0138 00        		.byte	0
 1285 0139 00        		.byte	0
 1286 013a 19        		.uleb128 0x19
 1287 013b 05        		.uleb128 0x5
 1288 013c 00        		.byte	0
 1289 013d 03        		.uleb128 0x3
 1290 013e 0E        		.uleb128 0xe
 1291 013f 3A        		.uleb128 0x3a
 1292 0140 0B        		.uleb128 0xb
 1293 0141 3B        		.uleb128 0x3b
 1294 0142 0B        		.uleb128 0xb
 1295 0143 39        		.uleb128 0x39
 1296 0144 0B        		.uleb128 0xb
 1297 0145 49        		.uleb128 0x49
 1298 0146 13        		.uleb128 0x13
 1299 0147 00        		.byte	0
 1300 0148 00        		.byte	0
 1301 0149 1A        		.uleb128 0x1a
 1302 014a 2E        		.uleb128 0x2e
 1303 014b 01        		.byte	0x1
 1304 014c 3F        		.uleb128 0x3f
 1305 014d 0C        		.uleb128 0xc
 1306 014e 03        		.uleb128 0x3
 1307 014f 0E        		.uleb128 0xe
 1308 0150 3A        		.uleb128 0x3a
 1309 0151 0B        		.uleb128 0xb
 1310 0152 3B        		.uleb128 0x3b
 1311 0153 0B        		.uleb128 0xb
 1312 0154 39        		.uleb128 0x39
 1313 0155 0B        		.uleb128 0xb
 1314 0156 27        		.uleb128 0x27
 1315 0157 0C        		.uleb128 0xc
 1316 0158 49        		.uleb128 0x49
 1317 0159 13        		.uleb128 0x13
 1318 015a 01        		.uleb128 0x1
 1319 015b 13        		.uleb128 0x13
 1320 015c 00        		.byte	0
 1321 015d 00        		.byte	0
 1322 015e 1B        		.uleb128 0x1b
 1323 015f 2E        		.uleb128 0x2e
 1324 0160 00        		.byte	0
 1325 0161 3F        		.uleb128 0x3f
 1326 0162 0C        		.uleb128 0xc
 1327 0163 03        		.uleb128 0x3
 1328 0164 0E        		.uleb128 0xe
 1329 0165 3A        		.uleb128 0x3a
 1330 0166 0B        		.uleb128 0xb
 1331 0167 3B        		.uleb128 0x3b
 1332 0168 0B        		.uleb128 0xb
 1333 0169 39        		.uleb128 0x39
 1334 016a 0B        		.uleb128 0xb
 1335 016b 27        		.uleb128 0x27
 1336 016c 0C        		.uleb128 0xc
 1337 016d 00        		.byte	0
 1338 016e 00        		.byte	0
 1339 016f 00        		.byte	0
 1340               		.section	.gnu.debuglto_.debug_line,"e",@progbits
 1341               	.Ldebug_line0:
 1342 0000 C301 0000 		.long	.LELT0-.LSLT0
 1343               	.LSLT0:
 1344 0004 0200      		.word	0x2
 1345 0006 BD01 0000 		.long	.LELTP0-.LASLTP0
 1346               	.LASLTP0:
 1347 000a 01        		.byte	0x1
 1348 000b 01        		.byte	0x1
 1349 000c F6        		.byte	0xf6
 1350 000d F2        		.byte	0xf2
 1351 000e 0D        		.byte	0xd
 1352 000f 00        		.byte	0
 1353 0010 01        		.byte	0x1
 1354 0011 01        		.byte	0x1
 1355 0012 01        		.byte	0x1
 1356 0013 01        		.byte	0x1
 1357 0014 00        		.byte	0
 1358 0015 00        		.byte	0
 1359 0016 00        		.byte	0
 1360 0017 01        		.byte	0x1
 1361 0018 00        		.byte	0
 1362 0019 00        		.byte	0
 1363 001a 01        		.byte	0x1
 1364 001b 6B65 7962 		.ascii	"keyboards/1upkeyboards/1up60hse"
 1364      6F61 7264 
 1364      732F 3175 
 1364      706B 6579 
 1364      626F 6172 
 1365 003a 00        		.byte	0
 1366 003b 746D 6B5F 		.ascii	"tmk_core/common/avr"
 1366      636F 7265 
 1366      2F63 6F6D 
 1366      6D6F 6E2F 
 1366      6176 72
 1367 004e 00        		.byte	0
 1368 004f 746D 6B5F 		.ascii	"tmk_core/common"
 1368      636F 7265 
 1368      2F63 6F6D 
 1368      6D6F 6E
 1369 005e 00        		.byte	0
 1370 005f 7175 616E 		.ascii	"quantum"
 1370      7475 6D
 1371 0066 00        		.byte	0
 1372 0067 2F75 7372 		.ascii	"/usr/local/Cellar/avr-gcc/9.2.0/avr/include"
 1372      2F6C 6F63 
 1372      616C 2F43 
 1372      656C 6C61 
 1372      722F 6176 
 1373 0092 00        		.byte	0
 1374 0093 2F75 7372 		.ascii	"/usr/local/Cellar/avr-gcc/9.2.0/lib/avr-gcc/9/gcc/avr/9.2.0/"
 1374      2F6C 6F63 
 1374      616C 2F43 
 1374      656C 6C61 
 1374      722F 6176 
 1375 00cf 696E 636C 		.ascii	"include"
 1375      7564 65
 1376 00d6 00        		.byte	0
 1377 00d7 00        		.byte	0
 1378 00d8 7374 6469 		.string	"stdint.h"
 1378      6E74 2E68 
 1378      00
 1379 00e1 05        		.uleb128 0x5
 1380 00e2 00        		.uleb128 0
 1381 00e3 00        		.uleb128 0
 1382 00e4 7374 6464 		.string	"stddef.h"
 1382      6566 2E68 
 1382      00
 1383 00ed 06        		.uleb128 0x6
 1384 00ee 00        		.uleb128 0
 1385 00ef 00        		.uleb128 0
 1386 00f0 6B65 7962 		.string	"keyboard.h"
 1386      6F61 7264 
 1386      2E68 00
 1387 00fb 03        		.uleb128 0x3
 1388 00fc 00        		.uleb128 0
 1389 00fd 00        		.uleb128 0
 1390 00fe 6163 7469 		.string	"action.h"
 1390      6F6E 2E68 
 1390      00
 1391 0107 03        		.uleb128 0x3
 1392 0108 00        		.uleb128 0
 1393 0109 00        		.uleb128 0
 1394 010a 7265 706F 		.string	"report.h"
 1394      7274 2E68 
 1394      00
 1395 0113 03        		.uleb128 0x3
 1396 0114 00        		.uleb128 0
 1397 0115 00        		.uleb128 0
 1398 0116 686F 7374 		.string	"host.h"
 1398      2E68 00
 1399 011d 03        		.uleb128 0x3
 1400 011e 00        		.uleb128 0
 1401 011f 00        		.uleb128 0
 1402 0120 7870 7269 		.string	"xprintf.h"
 1402      6E74 662E 
 1402      6800 
 1403 012a 02        		.uleb128 0x2
 1404 012b 00        		.uleb128 0
 1405 012c 00        		.uleb128 0
 1406 012d 6465 6275 		.string	"debug.h"
 1406      672E 6800 
 1407 0135 03        		.uleb128 0x3
 1408 0136 00        		.uleb128 0
 1409 0137 00        		.uleb128 0
 1410 0138 6B65 7963 		.string	"keycode_config.h"
 1410      6F64 655F 
 1410      636F 6E66 
 1410      6967 2E68 
 1410      00
 1411 0149 04        		.uleb128 0x4
 1412 014a 00        		.uleb128 0
 1413 014b 00        		.uleb128 0
 1414 014c 6B65 796D 		.string	"keymap.h"
 1414      6170 2E68 
 1414      00
 1415 0155 04        		.uleb128 0x4
 1416 0156 00        		.uleb128 0
 1417 0157 00        		.uleb128 0
 1418 0158 636F 6C6F 		.string	"color.h"
 1418      722E 6800 
 1419 0160 04        		.uleb128 0x4
 1420 0161 00        		.uleb128 0
 1421 0162 00        		.uleb128 0
 1422 0163 7267 626C 		.string	"rgblight.h"
 1422      6967 6874 
 1422      2E68 00
 1423 016e 04        		.uleb128 0x4
 1424 016f 00        		.uleb128 0
 1425 0170 00        		.uleb128 0
 1426 0171 6163 7469 		.string	"action_layer.h"
 1426      6F6E 5F6C 
 1426      6179 6572 
 1426      2E68 00
 1427 0180 03        		.uleb128 0x3
 1428 0181 00        		.uleb128 0
 1429 0182 00        		.uleb128 0
 1430 0183 7469 6D65 		.string	"timer.h"
 1430      722E 6800 
 1431 018b 03        		.uleb128 0x3
 1432 018c 00        		.uleb128 0
 1433 018d 00        		.uleb128 0
 1434 018e 6163 7469 		.string	"action_util.h"
 1434      6F6E 5F75 
 1434      7469 6C2E 
 1434      6800 
 1435 019c 03        		.uleb128 0x3
 1436 019d 00        		.uleb128 0
 1437 019e 00        		.uleb128 0
 1438 019f 7374 646C 		.string	"stdlib.h"
 1438      6962 2E68 
 1438      00
 1439 01a8 05        		.uleb128 0x5
 1440 01a9 00        		.uleb128 0
 1441 01aa 00        		.uleb128 0
 1442 01ab 7175 616E 		.string	"quantum.h"
 1442      7475 6D2E 
 1442      6800 
 1443 01b5 04        		.uleb128 0x4
 1444 01b6 00        		.uleb128 0
 1445 01b7 00        		.uleb128 0
 1446 01b8 3175 7036 		.string	"1up60hse.c"
 1446      3068 7365 
 1446      2E63 00
 1447 01c3 01        		.uleb128 0x1
 1448 01c4 00        		.uleb128 0
 1449 01c5 00        		.uleb128 0
 1450 01c6 00        		.byte	0
 1451               	.LELTP0:
 1452               	.LELT0:
 1453               		.section	.gnu.debuglto_.debug_str,"eMS",@progbits,1
 1454               	.LASF74:
 1455 0000 6D61 7472 		.string	"matrix_init_kb"
 1455      6978 5F69 
 1455      6E69 745F 
 1455      6B62 00
 1456               	.LASF75:
 1457 000f 474E 5520 		.string	"GNU C99 9.2.0 -mn-flash=1 -mno-skip-bug -mmcu=avr5 -gdwarf-2 -Os -std=gnu99 -funsigned-ch
 1457      4339 3920 
 1457      392E 322E 
 1457      3020 2D6D 
 1457      6E2D 666C 
 1458               	.LASF32:
 1459 00f7 656E 6162 		.string	"enable"
 1459      6C65 00
 1460               	.LASF50:
 1461 00fe 6352 4742 		.string	"cRGB"
 1461      00
 1462               	.LASF41:
 1463 0103 7377 6170 		.string	"swap_ralt_rgui"
 1463      5F72 616C 
 1463      745F 7267 
 1463      7569 00
 1464               	.LASF52:
 1465 0112 5247 424C 		.string	"RGBLED_RAINBOW_MOOD_INTERVALS"
 1465      4544 5F52 
 1465      4149 4E42 
 1465      4F57 5F4D 
 1465      4F4F 445F 
 1466               	.LASF10:
 1467 0130 7369 7A65 		.string	"size_t"
 1467      5F74 00
 1468               	.LASF72:
 1469 0137 7265 636F 		.string	"record"
 1469      7264 00
 1470               	.LASF64:
 1471 013e 5F5F 6D61 		.string	"__malloc_heap_start"
 1471      6C6C 6F63 
 1471      5F68 6561 
 1471      705F 7374 
 1471      6172 7400 
 1472               	.LASF16:
 1473 0152 696E 7465 		.string	"interrupted"
 1473      7272 7570 
 1473      7465 6400 
 1474               	.LASF39:
 1475 015e 6361 7073 		.string	"capslock_to_control"
 1475      6C6F 636B 
 1475      5F74 6F5F 
 1475      636F 6E74 
 1475      726F 6C00 
 1476               	.LASF47:
 1477 0172 6B65 796D 		.string	"keymap_config"
 1477      6170 5F63 
 1477      6F6E 6669 
 1477      6700 
 1478               	.LASF77:
 1479 0180 2F55 7365 		.string	"/Users/tars/Desktop/keyboards"
 1479      7273 2F74 
 1479      6172 732F 
 1479      4465 736B 
 1479      746F 702F 
 1480               	.LASF22:
 1481 019e 6576 656E 		.string	"event"
 1481      7400 
 1482               	.LASF36:
 1483 01a4 6465 6275 		.string	"debug_config_t"
 1483      675F 636F 
 1483      6E66 6967 
 1483      5F74 00
 1484               	.LASF58:
 1485 01b3 6C61 7965 		.string	"layer_state_t"
 1485      725F 7374 
 1485      6174 655F 
 1485      7400 
 1486               	.LASF71:
 1487 01c1 6B65 7963 		.string	"keycode"
 1487      6F64 6500 
 1488               	.LASF24:
 1489 01c9 6D6F 6473 		.string	"mods"
 1489      00
 1490               	.LASF21:
 1491 01ce 7461 705F 		.string	"tap_t"
 1491      7400 
 1492               	.LASF2:
 1493 01d4 7569 6E74 		.string	"uint8_t"
 1493      385F 7400 
 1494               	.LASF23:
 1495 01dc 6B65 7972 		.string	"keyrecord_t"
 1495      6563 6F72 
 1495      645F 7400 
 1496               	.LASF27:
 1497 01e8 7265 706F 		.string	"report_keyboard_t"
 1497      7274 5F6B 
 1497      6579 626F 
 1497      6172 645F 
 1497      7400 
 1498               	.LASF20:
 1499 01fa 636F 756E 		.string	"count"
 1499      7400 
 1500               	.LASF46:
 1501 0200 6B65 796D 		.string	"keymap_config_t"
 1501      6170 5F63 
 1501      6F6E 6669 
 1501      675F 7400 
 1502               	.LASF68:
 1503 0210 6173 6369 		.string	"ascii_to_altgr_lut"
 1503      695F 746F 
 1503      5F61 6C74 
 1503      6772 5F6C 
 1503      7574 00
 1504               	.LASF78:
 1505 0223 6C65 645F 		.string	"led_set_kb"
 1505      7365 745F 
 1505      6B62 00
 1506               	.LASF44:
 1507 022e 7377 6170 		.string	"swap_backslash_backspace"
 1507      5F62 6163 
 1507      6B73 6C61 
 1507      7368 5F62 
 1507      6163 6B73 
 1508               	.LASF54:
 1509 0247 5247 424C 		.string	"RGBLED_SNAKE_INTERVALS"
 1509      4544 5F53 
 1509      4E41 4B45 
 1509      5F49 4E54 
 1509      4552 5641 
 1510               	.LASF8:
 1511 025e 6C6F 6E67 		.string	"long long int"
 1511      206C 6F6E 
 1511      6720 696E 
 1511      7400 
 1512               	.LASF5:
 1513 026c 6C6F 6E67 		.string	"long int"
 1513      2069 6E74 
 1513      00
 1514               	.LASF19:
 1515 0275 7265 7365 		.string	"reserved0"
 1515      7276 6564 
 1515      3000 
 1516               	.LASF31:
 1517 027f 7866 756E 		.string	"xfunc_out"
 1517      635F 6F75 
 1517      7400 
 1518               	.LASF43:
 1519 0289 7377 6170 		.string	"swap_grave_esc"
 1519      5F67 7261 
 1519      7665 5F65 
 1519      7363 00
 1520               	.LASF26:
 1521 0298 6B65 7973 		.string	"keys"
 1521      00
 1522               	.LASF1:
 1523 029d 756E 7369 		.string	"unsigned char"
 1523      676E 6564 
 1523      2063 6861 
 1523      7200 
 1524               	.LASF53:
 1525 02ab 5247 424C 		.string	"RGBLED_RAINBOW_SWIRL_INTERVALS"
 1525      4544 5F52 
 1525      4149 4E42 
 1525      4F57 5F53 
 1525      5749 524C 
 1526               	.LASF29:
 1527 02ca 6B65 7962 		.string	"keyboard_idle"
 1527      6F61 7264 
 1527      5F69 646C 
 1527      6500 
 1528               	.LASF0:
 1529 02d8 7369 676E 		.string	"signed char"
 1529      6564 2063 
 1529      6861 7200 
 1530               	.LASF9:
 1531 02e4 6C6F 6E67 		.string	"long long unsigned int"
 1531      206C 6F6E 
 1531      6720 756E 
 1531      7369 676E 
 1531      6564 2069 
 1532               	.LASF6:
 1533 02fb 7569 6E74 		.string	"uint32_t"
 1533      3332 5F74 
 1533      00
 1534               	.LASF70:
 1535 0304 7573 625F 		.string	"usb_led"
 1535      6C65 6400 
 1536               	.LASF3:
 1537 030c 7569 6E74 		.string	"uint16_t"
 1537      3136 5F74 
 1537      00
 1538               	.LASF13:
 1539 0315 7469 6D65 		.string	"time"
 1539      00
 1540               	.LASF35:
 1541 031a 6D6F 7573 		.string	"mouse"
 1541      6500 
 1542               	.LASF56:
 1543 0320 5247 424C 		.string	"RGBLED_RGBTEST_INTERVALS"
 1543      4544 5F52 
 1543      4742 5445 
 1543      5354 5F49 
 1543      4E54 4552 
 1544               	.LASF49:
 1545 0339 666E 5F61 		.string	"fn_actions"
 1545      6374 696F 
 1545      6E73 00
 1546               	.LASF18:
 1547 0344 7265 7365 		.string	"reserved1"
 1547      7276 6564 
 1547      3100 
 1548               	.LASF17:
 1549 034e 7265 7365 		.string	"reserved2"
 1549      7276 6564 
 1549      3200 
 1550               	.LASF59:
 1551 0358 6465 6661 		.string	"default_layer_state"
 1551      756C 745F 
 1551      6C61 7965 
 1551      725F 7374 
 1551      6174 6500 
 1552               	.LASF65:
 1553 036c 6368 6172 		.string	"char"
 1553      00
 1554               	.LASF30:
 1555 0371 6B65 7962 		.string	"keyboard_protocol"
 1555      6F61 7264 
 1555      5F70 726F 
 1555      746F 636F 
 1555      6C00 
 1556               	.LASF34:
 1557 0383 6B65 7962 		.string	"keyboard"
 1557      6F61 7264 
 1557      00
 1558               	.LASF45:
 1559 038c 6E6B 726F 		.string	"nkro"
 1559      00
 1560               	.LASF57:
 1561 0391 6973 5F72 		.string	"is_rgblight_initialized"
 1561      6762 6C69 
 1561      6768 745F 
 1561      696E 6974 
 1561      6961 6C69 
 1562               	.LASF48:
 1563 03a9 6B65 796D 		.string	"keymaps"
 1563      6170 7300 
 1564               	.LASF14:
 1565 03b1 5F42 6F6F 		.string	"_Bool"
 1565      6C00 
 1566               	.LASF40:
 1567 03b7 7377 6170 		.string	"swap_lalt_lgui"
 1567      5F6C 616C 
 1567      745F 6C67 
 1567      7569 00
 1568               	.LASF51:
 1569 03c6 5247 424C 		.string	"RGBLED_BREATHING_INTERVALS"
 1569      4544 5F42 
 1569      5245 4154 
 1569      4849 4E47 
 1569      5F49 4E54 
 1570               	.LASF15:
 1571 03e1 6B65 7965 		.string	"keyevent_t"
 1571      7665 6E74 
 1571      5F74 00
 1572               	.LASF79:
 1573 03ec 7072 6F63 		.string	"process_record_kb"
 1573      6573 735F 
 1573      7265 636F 
 1573      7264 5F6B 
 1573      6200 
 1574               	.LASF7:
 1575 03fe 6C6F 6E67 		.string	"long unsigned int"
 1575      2075 6E73 
 1575      6967 6E65 
 1575      6420 696E 
 1575      7400 
 1576               	.LASF76:
 1577 0410 6B65 7962 		.string	"keyboards/1upkeyboards/1up60hse/1up60hse.c"
 1577      6F61 7264 
 1577      732F 3175 
 1577      706B 6579 
 1577      626F 6172 
 1578               	.LASF12:
 1579 043b 7072 6573 		.string	"pressed"
 1579      7365 6400 
 1580               	.LASF67:
 1581 0443 6173 6369 		.string	"ascii_to_shift_lut"
 1581      695F 746F 
 1581      5F73 6869 
 1581      6674 5F6C 
 1581      7574 00
 1582               	.LASF66:
 1583 0456 5F5F 6D61 		.string	"__malloc_heap_end"
 1583      6C6C 6F63 
 1583      5F68 6561 
 1583      705F 656E 
 1583      6400 
 1584               	.LASF37:
 1585 0468 6465 6275 		.string	"debug_config"
 1585      675F 636F 
 1585      6E66 6967 
 1585      00
 1586               	.LASF42:
 1587 0475 6E6F 5F67 		.string	"no_gui"
 1587      7569 00
 1588               	.LASF73:
 1589 047c 6D61 7472 		.string	"matrix_scan_kb"
 1589      6978 5F73 
 1589      6361 6E5F 
 1589      6B62 00
 1590               	.LASF38:
 1591 048b 7377 6170 		.string	"swap_control_capslock"
 1591      5F63 6F6E 
 1591      7472 6F6C 
 1591      5F63 6170 
 1591      736C 6F63 
 1592               	.LASF55:
 1593 04a1 5247 424C 		.string	"RGBLED_KNIGHT_INTERVALS"
 1593      4544 5F4B 
 1593      4E49 4748 
 1593      545F 494E 
 1593      5445 5256 
 1594               	.LASF69:
 1595 04b9 6173 6369 		.string	"ascii_to_keycode_lut"
 1595      695F 746F 
 1595      5F6B 6579 
 1595      636F 6465 
 1595      5F6C 7574 
 1596               	.LASF63:
 1597 04ce 5F5F 6D61 		.string	"__malloc_margin"
 1597      6C6C 6F63 
 1597      5F6D 6172 
 1597      6769 6E00 
 1598               	.LASF61:
 1599 04de 7469 6D65 		.string	"timer_count"
 1599      725F 636F 
 1599      756E 7400 
 1600               	.LASF4:
 1601 04ea 756E 7369 		.string	"unsigned int"
 1601      676E 6564 
 1601      2069 6E74 
 1601      00
 1602               	.LASF62:
 1603 04f7 6B65 7962 		.string	"keyboard_report"
 1603      6F61 7264 
 1603      5F72 6570 
 1603      6F72 7400 
 1604               	.LASF25:
 1605 0507 7265 7365 		.string	"reserved"
 1605      7276 6564 
 1605      00
 1606               	.LASF60:
 1607 0510 6C61 7965 		.string	"layer_state"
 1607      725F 7374 
 1607      6174 6500 
 1608               	.LASF33:
 1609 051c 6D61 7472 		.string	"matrix"
 1609      6978 00
 1610               	.LASF11:
 1611 0523 6B65 7970 		.string	"keypos_t"
 1611      6F73 5F74 
 1611      00
 1612               	.LASF28:
 1613 052c 6469 7361 		.string	"disable_action_cache"
 1613      626C 655F 
 1613      6163 7469 
 1613      6F6E 5F63 
 1613      6163 6865 
 1614               		.text
 1615               		.section	.gnu.lto_.profile.4e15ec27cf57b24f,"e",@progbits
 1616 0000 789C E360 		.string	"x\234\343``\004B "
 1616      6004 4220 
 1616      00
 1617 0009 00        		.string	""
 1618 000a 00        		.string	""
 1619 000b 5D00      		.string	"]"
 1620 000d 0B        		.ascii	"\013"
 1621               		.text
 1622               		.section	.gnu.lto_.icf.4e15ec27cf57b24f,"e",@progbits
 1623 0000 789C E360 		.string	"x\234\343``d\220b@"
 1623      6064 9062 
 1623      4000 
 1624 000a 1686 BE47 		.string	"\026\206\276G+\317\3622\202I\246\377G>\356fc>\360z\371FF\006"
 1624      2BCF F232 
 1624      8249 A6FF 
 1624      473E EE66 
 1624      633E F07A 
 1625 0023 AABD 0C8D 		.ascii	"\252\275\f\215"
 1626               		.text
 1627               		.section	.gnu.lto_.jmpfuncs.4e15ec27cf57b24f,"e",@progbits
 1628 0000 789C 558C 		.ascii	"x\234U\214\301\r\3000\f\0029\343G\367\353>Y%\253t\263\224\274"
 1628      C10D C030 
 1628      0C02 39E3 
 1628      47F7 EB3E 
 1628      5925 AB74 
 1629 0017 9A22 1D42 		.ascii	"\232\"\035B\bq\t\335\372\324\333\bU`\246\025\350\036\273~@a-"
 1629      0871 09DD 
 1629      FAD4 DB08 
 1629      5560 A615 
 1629      E81E BB7E 
 1630 002e AB47 F259 		.ascii	"\253G\362Y\230h\272\352?\315\325\013\3640\r|"
 1630      9868 BAEA 
 1630      3FCD D50B 
 1630      F430 0D7C 
 1631               		.text
 1632               		.section	.gnu.lto_.inline.4e15ec27cf57b24f,"e",@progbits
 1633 0000 789C E360 		.string	"x\234\343``dX\303\200"
 1633      6064 58C3 
 1633      8000 
 1634 000a 2C40 D400 		.string	",@\324"
 1635 000e 04CC 698C 		.string	"\004\314i\214\fL\f\f\215@f\035\003\003\033H\210)\205\t$\304\300\300\310\005&\211U\310\304
 1635      0C4C 0C0C 
 1635      8D40 661D 
 1635      0303 1B48 
 1635      8829 8509 
 1636 004c 00        		.string	""
 1637 004d D166 2191 		.ascii	"\321f!\221"
 1638               		.text
 1639               		.section	.gnu.lto_.pureconst.4e15ec27cf57b24f,"e",@progbits
 1640 0000 789C E360 		.string	"x\234\343``d\340e```a\230\301\3028\203\205i\006\013\363\f\026"
 1640      6064 E065 
 1640      6060 6061 
 1640      98C1 C238 
 1640      8385 6906 
 1641 0019 11C7 0291 		.ascii	"\021\307\002\221"
 1642               		.text
 1643               		.section	.gnu.lto_matrix_init_kb.4e15ec27cf57b24f,"e",@progbits
 1644 0000 789C 554D 		.ascii	"x\234UM1KBa\024=\347\273/}\016\rn-\201\253\204VKs\177\305J\b"
 1644      314B 4261 
 1644      143D E7BB 
 1644      2F7D 0E0D 
 1644      6E2D 81AB 
 1645 001c 1C8A C4A1 		.ascii	"\034\212\304\241\311\373LpPp\nq\220\0275\344\026\215e\320\207"
 1645      C9FB 4C70 
 1645      5070 0A71 
 1645      9017 35E4 
 1645      168D 65D0 
 1646 0031 7353 3406 		.ascii	"sS4\006A\203S\370\023\324\353S\212\016\0348\207s\356\271!\210"
 1646      4183 53F8 
 1646      13D4 EB53 
 1646      8A0E 1C38 
 1646      8773 EEB9 
 1647 0047 3180 8271 		.ascii	"1\200\202q\333H\001\235\252\036\246\243\320\221\211\322\220\250"
 1647      DB48 019D 
 1647      AA1E A6A3 
 1647      D091 89D2 
 1647      90A8 
 1648 0059 3BD6 D995 		.ascii	";\326\331\225\236p\334\232<\271\374\275%\352{\037[:\364\214\005"
 1648      9E70 DC9A 
 1648      3CB9 FCBD 
 1648      25EA 7B1F 
 1648      5B3A F48C 
 1649 006e E81B 57E0 		.ascii	"\350\033W\3403\363\2005\277\037g\327\233\251`\035q\304\224=\003"
 1649      33F3 8035 
 1649      BF1F 67D7 
 1649      9BA9 601D 
 1649      71C4 943D 
 1650 0083 1EDE 37BC 		.ascii	"\036\3367\274\316\346-\365\237w\374\n,l\013\226s\001\325\003"
 1650      CEE6 2DF5 
 1650      9F77 FC0A 
 1650      2C6C 0B96 
 1650      7301 D503 
 1651 0097 1D71 2B13 		.ascii	"\035q+\023\231\231PoG\331\344\364\207W\271D\330\362`\3706\317"
 1651      9999 506F 
 1651      47D9 E4F4 
 1651      8757 B944 
 1651      D8F2 60F8 
 1652 00ad 34D9 88C2 		.ascii	"4\331\210\302X\330\027[\345\013\233D,\016S6n^3Is\211\266\360"
 1652      58D8 175B 
 1652      E50B 9B44 
 1652      2C0E 5336 
 1652      6E5E 3349 
 1653 00c5 6F1B D8A9 		.ascii	"o\033\330\251\224/\217\316J\027'\325\335\375\332\371?s\260wZ"
 1653      942F 8FCE 
 1653      4A17 27D5 
 1653      DDFD DAF9 
 1653      3F73 B077 
 1654 00da 2DFF 8AE2 		.ascii	"-\377\212\3421\026\016\252N\360"
 1654      3116 0EAA 
 1654      4EF0 
 1655               		.text
 1656               		.section	.gnu.lto_matrix_scan_kb.4e15ec27cf57b24f,"e",@progbits
 1657 0000 789C E360 		.string	"x\234\343``d8\304\300\300\240\013\304\262@\314\310\314\300\310\324\320\320\340\300\336\31
 1657      6064 38C4 
 1657      C0C0 A00B 
 1657      C4B2 40CC 
 1657      C8CC C0C8 
 1658 0079 19C7 C2D8 		.string	"\031\307\302\330p\200\201\241\207\231\t\302i\004r\23616,\372.\b\326\372\206\261Y\001\314"
 1658      7080 81A1 
 1658      8799 09C2 
 1658      6904 729E 
 1658      3136 2CFA 
 1659 0097 9A3C 77C5 		.string	"\232<w\305\231\377\234-\214M\215\034\363\231\031g2\003Me\334\303\330\302\3100\237\231\211
 1659      99FF 9C2D 
 1659      8C4D 8D1C 
 1659      F399 1967 
 1659      3203 4D65 
 1660 00d4 8563 6690 		.string	"\205cf\220Q\234\ng\350%3"
 1660      519C 0A67 
 1660      E825 3300 
 1661 00e0 00        		.string	""
 1662 00e1 679C 4FA4 		.ascii	"g\234O\244"
 1663               		.text
 1664               		.section	.gnu.lto_process_record_kb.4e15ec27cf57b24f,"e",@progbits
 1665 0000 789C 6590 		.ascii	"x\234e\220\317+DQ\024\307\317\367\235\367\236\221\037IYhR\026"
 1665      CF2B 4451 
 1665      14C7 CFF7 
 1665      9DF7 9E91 
 1665      1F49 5968 
 1666 0016 6A92 1A44 		.ascii	"j\222\032Dc\353\017\260\222\354\231y(\213\321L\026\263\232;\323"
 1666      63EB 0FB0 
 1666      92EC 9979 
 1666      288B D14C 
 1666      16B3 9A3B 
 1667 002b 6041 4C4D 		.ascii	"`ALM\232\206\246A\211\262\220,\224\237\217\242d\026(kea%;;\r"
 1667      9A86 A641 
 1667      89B2 902C 
 1667      949F 8FA2 
 1667      6416 286B 
 1668 0045 E73E 22B9 		.ascii	"\347>\"\271u\353|\357\275\237\357\367\334\343#P\002D\203D\324"
 1668      75EB 7CEF 
 1668      BD9F EFF7 
 1668      DCE3 2350 
 1668      0244 8344 
 1669 005a 221B 4C30 		.ascii	"\"\033L0\224R\375U)\237\001x\225\362\201\222\006\222X\342<#\267"
 1669      9452 FD55 
 1669      299F 0178 
 1669      95F2 8192 
 1669      0692 58E2 
 1670 0071 9C7D AC6F 		.ascii	"\234}\254o\337R*\255\334|\2669\263\355\242\304D\005\001{\374"
 1670      DF52 2AAD 
 1670      DC7C B639 
 1670      B3ED A2C4 
 1670      4405 017B 
 1671 0086 E8F2 935E 		.ascii	"\350\362\223^8D\273\274\235\275\314\036\325-r\211\001C\344\372"
 1671      3844 BBBC 
 1671      9DBD CC1E 
 1671      D52D 7289 
 1671      0143 E4FA 
 1672 009a C36D 1A5A 		.ascii	"\303m\032Z\032h\020yp\227\33319\b\222z\345j\355\332\flz\256\345"
 1672      1A68 1079 
 1672      7097 DB31 
 1672      3908 927A 
 1672      E56A EDDA 
 1673 00b3 2155 5B62 		.ascii	"!U[b\306\tX\273\036\303\217#\210\257\234\205\334Z\302)\002B\314"
 1673      C609 58BB 
 1673      1EC3 8F23 
 1673      88AF 9C85 
 1673      DC5A C229 
 1674 00ca DC96 DB78 		.ascii	"\334\226\333x\300\203\337\3566nj\276\341\367a\r\2338\373\007"
 1674      C083 DFEE 
 1674      366E 6ABE 
 1674      E1F7 610D 
 1674      9B38 FB07 
 1675 00de 9BA1 B2C0 		.ascii	"\233\241\262\300.\002\244\231\247\275\312r\235m\352\276u\277"
 1675      2E02 A499 
 1675      A7BD CA72 
 1675      9D6D EABE 
 1675      75BF 
 1676 00f0 E7B0 6512 		.ascii	"\347\260e\022D\273\367\226\253*\037sb\264\205U\313\226\031H\234"
 1676      44BB F796 
 1676      AB2A 1F73 
 1676      62B4 8555 
 1676      CB96 1948 
 1677 0105 F42F 9C45 		.ascii	"\364/\234E\372\2434\317$cQ&\224K\264\300\306\227H\211x\206\332"
 1677      FAA3 34CF 
 1677      2463 5126 
 1677      944B B4C0 
 1677      C697 4889 
 1678 011c D86F F4BC 		.ascii	"\330o\364\274^0\2636\246\253\"[\222V\334.\177Tg\220N\371Jl\025"
 1678      5E30 B336 
 1678      A6AB 225B 
 1678      9256 DC2E 
 1678      7F54 6790 
 1679 0135 5892 7081 		.ascii	"X\222p\201\f\250\310F\221e 6\275\"\335\372\375\236\274\020\374"
 1679      0CA8 C846 
 1679      9165 2036 
 1679      BD22 DDFA 
 1679      FD9E BC10 
 1680 014a 8610 754C 		.ascii	"\206\020uL:\211\321\350H,\022\357\354\236\236\372#B]\023q\347"
 1680      3A89 D1E8 
 1680      482C 12EF 
 1680      EC9E 9EFA 
 1680      2342 5D13 
 1681 0160 A708 86A9 		.ascii	"\247\b\206\251J\256\303\321\210\3234\376{\030\354s\"\275\243"
 1681      4AAE C3D1 
 1681      88D3 34FE 
 1681      7B18 EC73 
 1681      22BD A3
 1682 0173 7D63 0ED9 		.ascii	"}c\016\3311'\034\215E>\001\205\300\215\370"
 1682      3127 1C8D 
 1682      453E 0185 
 1682      C08D F8
 1683               		.text
 1684               		.section	.gnu.lto_led_set_kb.4e15ec27cf57b24f,"e",@progbits
 1685 0000 789C 554E 		.ascii	"x\234UN\277KBa\024\275\347\273O}\2055\004\r!A\233H\3602\n]\205"
 1685      BF4B 4261 
 1685      14BD E7BB 
 1685      4F7D 8535 
 1685      040D 2141 
 1686 001b C6FE 88E8 		.ascii	"\306\376\210\350\345\253\240\240H\034\232\274\212\340`\320\024"
 1686      E5AB A0A0 
 1686      481C 9ABC 
 1686      8AE0 60D0 
 1686      14
 1687 002c E660 AFA2 		.ascii	"\346`\257\242\310-\234\242\237\274\234m\211\376\202\006\227\242"
 1687      C82D 9CA2 
 1687      9FBC 9C6D 
 1687      89FE 8206 
 1687      97A2 
 1688 003e 686B D23E 		.ascii	"hk\322>\237\221t\341\3029\347\336s8&\201B Z$\242I\275`\202\022"
 1688      9F91 74E1 
 1688      C239 E7DE 
 1688      7338 2681 
 1688      4220 5A24 
 1689 0058 9154 286F 		.ascii	"\221T(o*\300Gb\202r\n9\354s\205\321,\265\257U\354B_\304\253\034"
 1689      2AC0 4762 
 1689      8272 0A39 
 1689      EC73 85D1 
 1689      2CB5 AF55 
 1690 0072 4D48 DD83 		.ascii	"MH\335\203\313DU\275\375\301\rb\372\357\351\353\361p\224-\220"
 1690      CB44 55BD 
 1690      FDC1 0D62 
 1690      FAEF E9EB 
 1690      F170 942D 
 1691 0087 C6DF CD86 		.ascii	"\306\337\315\206kD\317E\n\342\265\026$\3542p\013\326\036\314"
 1691      6B44 CF45 
 1691      0AE2 B516 
 1691      24EC 3270 
 1691      0BD6 1ECC 
 1692 009b 4510 8F10 		.ascii	"E\020\217\020i%q\022&\334!J=\307k\243s0\0224~cq\217\240.Jt\371"
 1692      6925 7112 
 1692      26DC 214A 
 1692      3DC7 6BA3 
 1692      7330 1234 
 1693 00b8 1CF0 A4D3 		.ascii	"\034\360\244\323-\211\367r\206\253\200\241+\372\2162S\257\220"
 1693      2D89 F772 
 1693      86AB 80A1 
 1693      2BFA 8E32 
 1693      53AF 90
 1694 00cb 01F1 88F6 		.ascii	"\001\361\210\366X\365I^\2236\344\364m\314\017xGq\312\007:\277"
 1694      58F5 495E 
 1694      9336 E4F4 
 1694      6DCC 0F78 
 1694      4771 CA07 
 1695 00e1 566F 7587 		.ascii	"Vou\207\212(\344M\227U\225u6\036P\004\325X\271\314\364\201\302"
 1695      8A28 E44D 
 1695      9755 9575 
 1695      361E 5004 
 1695      D558 B9CC 
 1696 00f8 F1E7 B0FF 		.ascii	"\361\347\260\377\334\2332c\020O4\275\341\354\332[\313;\351\314"
 1696      DC9B 3263 
 1696      104F 34BD 
 1696      E1EC DA5B 
 1696      CB3B E9CC 
 1697 010c CC6C 76FB 		.ascii	"\314lv\373\037I\304\3273\316\037\260V(\224\315\330K\233Nz|m "
 1697      1F49 C4D7 
 1697      33CE 1FB0 
 1697      5628 94CD 
 1697      D84B 9B4E 
 1698 0124 5A49 273D 		.ascii	"ZI'=o'W\035\372\001\316#k("
 1698      6F27 571D 
 1698      FA01 CE23 
 1698      6B28 
 1699               		.text
 1700               		.section	.gnu.lto_.symbol_nodes.4e15ec27cf57b24f,"e",@progbits
 1701 0000 789C 75CD 		.ascii	"x\234u\315\315\021@0\030\204\341\375\222\020W\377nZaF_\233\022"
 1701      CD11 4030 
 1701      1884 E1FD 
 1701      9210 57FF 
 1701      6E5A 6146 
 1702 0017 D4A3 08E5 		.ascii	"\324\243\b\345\270\362!n\361\236v\3469l\001\301\001\315\224D"
 1702      B8F2 216E 
 1702      F19E 76E6 
 1702      396C 01C1 
 1702      01CD 9444 
 1703 002b D09C AC3B 		.ascii	"\320\234\254;@`\013\263\332-\025\345Gj\232\037ih\323\"-\335\031"
 1703      4060 0BB3 
 1703      DA2D 15E5 
 1703      476A 9A1F 
 1703      6968 D322 
 1704 0042 1B1F 85FE 		.ascii	"\033\037\205\376N\n\035\2634\364\314\3230\320'\301\302\275\347"
 1704      4E0A 1DB3 
 1704      34F4 CCD3 
 1704      30D0 27C1 
 1704      C2BD E7
 1705 0055 8B95 EC5B 		.ascii	"\213\225\354[&\377\226\365q\341\002\220\352O`"
 1705      26FF 96F5 
 1705      71E1 0290 
 1705      EA4F 60
 1706               		.text
 1707               		.section	.gnu.lto_.refs.4e15ec27cf57b24f,"e",@progbits
 1708 0000 789C E360 		.string	"x\234\343``\004B "
 1708      6004 4220 
 1708      00
 1709 0009 00        		.string	""
 1710 000a 00        		.string	""
 1711 000b 5D00      		.string	"]"
 1712 000d 0B        		.ascii	"\013"
 1713               		.text
 1714               		.section	.gnu.lto_.decls.4e15ec27cf57b24f,"e",@progbits
 1715 0000 789C 8D56 		.ascii	"x\234\215VYLTW\030\276\377=3\3140\f\213\016n\301\007cx0m#j\215"
 1715      594C 5457 
 1715      18BE FF3D 
 1715      33CC 300C 
 1715      8B0E 6EC1 
 1716 001c D6A4 7DA9 		.ascii	"\326\244}\2516}h\323\227\352C\323\230)\016\323J\024\006\207\301"
 1716      367D 68D3 
 1716      97EA 43D3 
 1716      9829 0ED3 
 1716      4A14 0687 
 1717 0031 D687 2697 		.ascii	"\326\207&\227M\026\025AD\304DEm\025\225qi\\Z\327\021\021t\020"
 1717      4D16 1541 
 1717      44C4 4445 
 1717      6D15 9571 
 1717      695C 5AD7 
 1718 0049 05C1 1565 		.ascii	"\005\301\025e\023\251\270\200Rw\205\351\177\226;s\007\241\351"
 1718      13A9 B880 
 1718      5277 85E9 
 1718      7F96 3B73 
 1718      07A1 E9
 1719 005c 4D7E EE59 		.ascii	"M~\356Y\276\357\373\227\363\037\346\032%\220B\315\222t\t$i&\232"
 1719      BEEF FB97 
 1719      F31F E61A 
 1719      2590 42CD 
 1719      9274 0924 
 1720 0073 0F1F BD24 		.ascii	"\017\037\275$I\215h\004\355\f\332\033\264\006\211?F\264A:@\254"
 1720      498D 6804 
 1720      ED0C DA1B 
 1720      B406 893F 
 1720      46B4 413A 
 1721 0089 11CD 8C16 		.ascii	"\021\315\214\026\201\026\2056\032-\032\244\367\236\001\340Z\213"
 1721      8116 8536 
 1721      1A2D 1AA4 
 1721      F79E 01E0 
 1721      5A8B 
 1722 009b D1C6 E078 		.ascii	"\321\306\340x@\254\313B+b\030\016\310#s$\341o\3503\n7\r\370>"
 1722      40AC CB42 
 1722      2B62 180E 
 1722      C823 7324 
 1722      E16F E833 
 1723 00b4 8F36 1A2D 		.ascii	"\2176\032-Z\023\377X\304\033 \240a\024\361\016}&\340\246N\370"
 1723      5A13 FF58 
 1723      C41B 20A0 
 1723      6114 F10E 
 1723      7D26 E0A6 
 1724 00ca A539 8F43 		.ascii	"\2459\217CL\230\206g\036!\307R\002;\016\273+\"\013\b|g\002\237"
 1724      4C98 8667 
 1724      1E21 C752 
 1724      023B 0EBB 
 1724      2B22 0B08 
 1725 00e2 8FE0 426D 		.ascii	"\217\340Bm\337\343f\340\013t\177\343\306\312\026\003\221\331"
 1725      DFE3 66E0 
 1725      0B74 7FE3 
 1725      C6CA 1603 
 1725      91D9 
 1726 00f4 B8A0 B5BB 		.ascii	"\270\240\265\27322\316\255\360\307\270"
 1726      3232 CEAD 
 1726      F0C7 B8
 1727 00ff 5082 1340 		.string	"P\202\023@\230\320\2540\272\177\252\250\245\333D\276f\330\225\347\n\217\207\243\314h\023\
 1727      98D0 AC30 
 1727      BA7F AAA8 
 1727      A5DB 44BE 
 1727      66D8 95E7 
 1728 0200 4B6C 6C11 		.string	"Kll\021=\223\006\217\242"
 1728      3D93 068F 
 1728      A200 
 1729 020a 04AA 29C1 		.ascii	"\004\252)\301\025\2600z3\304B\023\304\322\303\332\316\374\364"
 1729      15B0 307A 
 1729      33C4 4213 
 1729      C4D2 C3DA 
 1729      CEFC F4
 1730 021d 6D9D D49C 		.ascii	"m\235\324\234\231\256\034\370\001\032\300\004\215\350\210B\271"
 1730      99AE 1CF8 
 1730      011A C004 
 1730      8DE8 8842 
 1730      B9
 1731 022e 5F89 FF99 		.ascii	"_\211\377\231\036\243\202\337\314UV\217g\300\213C\200q*\020\343"
 1731      1EA3 82DF 
 1731      CC55 568F 
 1731      67C0 8B43 
 1731      8071 2A10 
 1732 0243 EAE9 BB7E 		.ascii	"\352\351\273~8\222\224\001o\200\266\312\207!\226a\243\202\253"
 1732      3892 9401 
 1732      6F80 B6CA 
 1732      8721 9661 
 1732      A382 AB
 1733 0256 4264 4860 		.ascii	"BdH`\310\312\363\344W\233\310v&\241\333\363\240\316BS\343\271"
 1733      C8CA F3E4 
 1733      579B C876 
 1733      26A1 DBF3 
 1733      A0CE 4253 
 1734 026c 150A 95B3 		.ascii	"\025\n\225\263\250R\305r\273!$n\241D\013\332Mm~\203]$[\361\244"
 1734      A852 C572 
 1734      BB21 246E 
 1734      A144 0BDA 
 1734      4D6D 7E83 
 1735 0285 13DA 3C70 		.ascii	"\023\332<p\035\035Rt\240.\347@\223\241\242x\036\314\247\031^"
 1735      1D1D 5274 
 1735      A02E E740 
 1735      93A1 A278 
 1735      1ECC A719 
 1736 029a 434C DD7B 		.ascii	"CL\335{\330\270\340b\364\317\243P<}\250\021P\265\030\247AS\215"
 1736      D8B8 E062 
 1736      F4CF A350 
 1736      3C7D A811 
 1736      50B5 18A7 
 1737 02b1 ABBD 2FEF 		.ascii	"\253\275/\357\233\310.^\215\375\253\275\265z\313\260y\300m\241"
 1737      9BC8 2E5E 
 1737      8DFD ABBD 
 1737      B57A CBB0 
 1737      79C0 6DA1 
 1738 02c5 324C 2AC8 		.ascii	"2L*\310<z\271\2544\2047s\bN\317\036m\351\221y\333O\303\251w\317"
 1738      3C7A B9AC 
 1738      3484 3773 
 1738      084E CF1E 
 1738      6DE9 9179 
 1739 02df 859B 7AF2 		.ascii	"\205\233z\362\007w\322\232\261\371\225\231\357\3514\327 \232"
 1739      0777 D29A 
 1739      B1F9 9599 
 1739      EFE9 34D7 
 1739      209A 
 1740 02f1 5F83 9A72 		.ascii	"_\203\232r_e89\002A\3273\232_\317\216U\345\265&\342\341{\205"
 1740      5F65 3839 
 1740      0241 D733 
 1740      9A5F CF8E 
 1740      55E5 B526 
 1741 0309 174E 6613 		.ascii	"\027Nf\023\342\345\223\277\236\255{\250'\315|\2221\270\262Q&"
 1741      E2E5 93BF 
 1741      9EAD 7BA8 
 1741      27CD 7C92 
 1741      31B8 B251 
 1742 031e ED6C 428E 		.ascii	"\355lB\216d\035}k\004~{L\354J<!\360\020L\354\232\3207\357g\305"
 1742      641D 7D6B 
 1742      047E 7B4C 
 1742      EC4A 3C21 
 1742      F010 4CEC 
 1743 0338 13B8 5212 		.ascii	"\023\270R\022[\207\007H\351a\255l\360\324\235\312e\355\033\253"
 1743      5B87 0748 
 1743      E961 AD6C 
 1743      F0D4 9DCA 
 1743      65ED 1BAB 
 1744 034c 1EB3 4794 		.ascii	"\036\263G\224Ge<\022\225y\212U\351G\353E{\214\326\247=\354\227"
 1744      4765 3C12 
 1744      9579 8A55 
 1744      E947 EB45 
 1744      7B8C D6A7 
 1745 0363 2766 6233 		.ascii	"'fb3{:C\330\261\334\305\202R\332\f\177\217\262\345'\310\352\004"
 1745      7B3A 43D8 
 1745      B1DC C582 
 1745      52DA 0C7F 
 1745      8FB2 E527 
 1746 037a FF31 76CE 		.ascii	"\3771v\316k\270\001l\343\336\310\370.\320\034;\305c\002p_\340"
 1746      6BB8 016C 
 1746      E3DE C8F8 
 1746      2ED0 1C3B 
 1746      C563 0270 
 1747 0390 3B20 40A0 		.ascii	"; @\240w\203\022:\300\337R\203\321YJn\f\336_\236\304{7\206\313"
 1747      7783 123A 
 1747      C0DF 5283 
 1747      D159 4A6E 
 1747      0CDE 5F9E 
 1748 03a9 5E6B 2659 		.ascii	"^k&YJ>\367\370\367\310\201\004\b\267\374qw\217\f\237\301{p\335"
 1748      4A3E F7F8 
 1748      F7C8 8104 
 1748      08B7 FC71 
 1748      778F 0C9F 
 1749 03c1 A1C6 9E48 		.ascii	"\241\306\236H\242\360\177\337]\307\236\357\n\265\fSd\370G\b\375"
 1749      A2F0 7FDF 
 1749      5DC7 9EEF 
 1749      0AB5 0C53 
 1749      64F8 4708 
 1750 03d6 479D F1C0 		.ascii	"G\235\361\300\335O\373:\f\020k\211\345\351\265\226\350\323\331"
 1750      DD4F FB3A 
 1750      0C10 6B89 
 1750      E5E9 B596 
 1750      E8D3 D9
 1751 03e9 05BB 83CC 		.ascii	"\005\273\203\314jTx\201\357\300\345\364\247\031\324\364m\270"
 1751      6A54 7881 
 1751      EFC0 E5F4 
 1751      A719 D4F4 
 1751      6DB8 
 1752 03fb DFCA F65F 		.ascii	"\337\312\366_\b\177\317\321\307K\377Y\242n\357a,\b\325}\206\210"
 1752      087F CFD1 
 1752      C74B FF59 
 1752      A26E EF61 
 1752      2C08 D57D 
 1753 0411 76A1 AB16 		.ascii	"v\241\253\026\257J{\3036v\027\273\315d%\317\356vF\236l\031\326"
 1753      AF4A 7BC3 
 1753      3676 17BB 
 1753      CD64 25CF 
 1753      EE76 469E 
 1754 0428 17BC 1222 		.ascii	"\027\274\022\"C\334!\351\267\272=\231!\346|\377\357\020\274\016"
 1754      43DC 21E9 
 1754      B7BA 3D99 
 1754      21E6 7CFF 
 1754      EF10 BC0E 
 1755 043c BAF8 6FC0 		.ascii	"\272\370o\300,\361\027bwv\037\357\225;P\025\375I\201\037St\304"
 1755      2CF1 1762 
 1755      7776 1FEF 
 1755      953B 5015 
 1755      FD49 811F 
 1756 0453 2740 7DD2 		.ascii	"'@}\3221\233\003\233\322O\002\376\022K `\222:\366\343\370\216"
 1756      319B 039B 
 1756      D24F 02FE 
 1756      124B 2060 
 1756      923A F6E3 
 1757 0469 ACAA 720E 		.ascii	"\254\252r\016\by4\237\372py\025\022\020\24539(*\241A\367d\020"
 1757      0879 349F 
 1757      FA70 7915 
 1757      1210 A533 
 1757      3928 2AA1 
 1758 0481 9F49 4202 		.ascii	"\237IB\002T\252\252\020\264\031P\366\277\374Q\251\251\263\356"
 1758      54AA AA10 
 1758      B419 50F6 
 1758      BFFC 51A9 
 1758      A9B3 EE
 1759 0494 BA96 1546 		.ascii	"\272\226\025F\326\361\372\367\224=j\227\307\225\260#\244\277"
 1759      D6F1 FAF7 
 1759      943D 6A97 
 1759      C795 B023 
 1759      A4BF 
 1760 04a6 8EB0 78AC 		.ascii	"\216\260x\254\377\324\006`\234\004i:\316\332\344^\277[?\271\\"
 1760      FFD4 0660 
 1760      9C04 693A 
 1760      CEDA E45E 
 1760      BF5B 3FB9 
 1761 04bb 696F 573C 		.ascii	"ioW<\227/N\351\304\352g\"IGQ\360\016\217\n\217\2119{G?.\340-"
 1761      972F 4EE9 
 1761      C4EA 6722 
 1761      4947 51F0 
 1761      0E8F 0A8F 
 1762 04d7 5EA9 593D 		.ascii	"^\251Y=f\t\006a2\262\017\225lh\322\223z\356sWk\346\013\235\220"
 1762      6609 0661 
 1762      32B2 0F95 
 1762      6C68 D293 
 1762      7AEE 7357 
 1763 04f0 F27E ABAC 		.ascii	"\362~\253\254V\250c*\343\323\310\370\0022m(\243\310T\346\355"
 1763      56A8 632A 
 1763      E3D3 C8F8 
 1763      0232 6D28 
 1763      A3C8 54E6 
 1764 0505 4B77 8D4C 		.ascii	"Kw\215Lns\231\322\273\331\276p\336;\n\357\035F\314\220-\252\b"
 1764      6E73 99D2 
 1764      BBD9 BE70 
 1764      DE3B 0AEF 
 1764      1D46 CC90 
 1765 051c 0DBB E319 		.ascii	"\r\273\343\031\031\212a\235\025\f\353\332\220\323\246\323vT\246"
 1765      198A 619D 
 1765      150C EBDA 
 1765      90D3 A6D3 
 1765      7654 A6
 1766 052f ACED A82C 		.ascii	"\254\355\250,\331\314q\3315\336\222\b\235\314\227hmp\355\340"
 1766      D9CC 71D9 
 1766      35DE 9208 
 1766      9DCC 9768 
 1766      6D70 EDE0 
 1767 0543 ABBD 3526 		.ascii	"\253\2755&\266F\177\263\262e\266X\272~\315\332\020m]\351\025"
 1767      B646 7FB3 
 1767      B265 B658 
 1767      BA7E CDDA 
 1767      106D 5DE9 
 1768 0558 570B 9B23 		.ascii	"W\013\233#caW\312\242\262\007\252\373\177\025\325\250\232/\252"
 1768      6361 57CA 
 1768      A2B2 07AA 
 1768      FB7F 15D5 
 1768      A89A 2FAA 
 1769 056c 8108 4897 		.ascii	"\201\bH\227\003\325\300\261Z\215}X\215\\V\ro\356\346\033\006"
 1769      03D5 C0B1 
 1769      5A8D 7D58 
 1769      8D5C 560D 
 1769      6FEE E61B 
 1770 0581 D2CB AB71 		.ascii	"\322\313\253q\351|A\255\201EA\377\247\361\310n\374\351\351\017"
 1770      E97C 41AD 
 1770      8145 41FF 
 1770      A7F1 C86E 
 1770      FCE9 E90F 
 1771 0595 19E1 7057 		.ascii	"\031\341pW\321\030\362\325\030\232N=\367\206\213 \336\250A \004"
 1771      D118 F2D5 
 1771      189A 4E3D 
 1771      F786 8B20 
 1771      DEA8 4120 
 1772 05aa F234 41E4 		.ascii	"\3624A\344\005\202(\306 V\263 \0327\035\032O^\363\030\236])p"
 1772      0582 28C6 
 1772      2056 B320 
 1772      1A37 1D1A 
 1772      4F5E F318 
 1773 05c2 CB54 05FD 		.ascii	"\313T\005\3755\365|t\"_\311\"\354`\327hT\326\310\374\343\023"
 1773      35F5 7C74 
 1773      225F C922 
 1773      EC60 D768 
 1773      54D6 C8FC 
 1774 05d8 0A18 BF2C 		.ascii	"\n\030\277,\253~g\030\331L\230\300\246b\337\236p!\320\371i\266"
 1774      AB7E 6718 
 1774      D94C 98C0 
 1774      A662 DF9E 
 1774      7021 D0F9 
 1775 05ee 5205 8CBE 		.ascii	"R\005\214\276VC_\253\322\013\031\335=\340\256\b#\3738}o\243R"
 1775      5643 5FAB 
 1775      D20B 19DD 
 1775      3DE0 AE08 
 1775      23FB 387D 
 1776 0605 4104 DDFB 		.ascii	"A\004\335\373\031\243\323B\026i\350E*}\035\243\227\272\013\336"
 1776      19A3 D342 
 1776      1669 E845 
 1776      2A7D 1DA3 
 1776      97BA 0BDE 
 1777 0619 C9A4 8AD3 		.ascii	"\311\244\212\323\017\326\235[(\330\267\276blZ\201b\r\273Xe\257"
 1777      0FD6 9D5B 
 1777      28D8 B7BE 
 1777      626C 5A81 
 1777      620D BB58 
 1778 062f 67EC CDC7 		.ascii	"g\354\315\307:\252\215\332\256\241\301\006\272\246\204u\r}\321"
 1778      3AAA 8DDA 
 1778      AEA1 C106 
 1778      BAA6 8475 
 1778      0D7D D1
 1779 0642 2FF6 EAB3 		.ascii	"/\366\352\263\215\241Z,\215,\200\335\300\261\033\030\366HO\377"
 1779      8DA1 5A2C 
 1779      8D2C 80DD 
 1779      C0B1 1B18 
 1779      F648 4FFF 
 1780 0656 175A E8AA 		.ascii	"\027Z\350\252 h)\207\322\327\007K\354+\0269\342\235\t\251q\323"
 1780      2068 2987 
 1780      D2D7 074B 
 1780      EC2B 1639 
 1780      E29D 09A9 
 1781 066c D352 8226 		.ascii	"\323R\202&\263\246-N\265\373\007Sm\306/\277Y0i\356\2349\322\230"
 1781      B3A6 2D4E 
 1781      B5FB 0753 
 1781      6DC6 2FBF 
 1781      5930 69EE 
 1782 0684 9F02 8B53 		.ascii	"\237\002\213Sg\333\023f.\232\375\243]2\246%&\273\246\317\262"
 1782      67DB 1366 
 1782      2E9A FDA3 
 1782      5D32 A625 
 1782      26BB A6CF 
 1783 0699 BAF4 F6E5 		.ascii	"\272\364\366\345\366d\227!\305iOM\265'\350\255\237;\034K\t*\023"
 1783      F664 9721 
 1783      C569 4F4D 
 1783      B527 E8AD 
 1783      9F3B 1C4B 
 1784 06b0 9B63 A981 		.ascii	"\233c\251\201\202>\261\272\210\323\361s\214+i\211\325\346p\332"
 1784      823E B1BA 
 1784      88D3 F173 
 1784      8C2B 6989 
 1784      D5E6 70DA 
 1785 06c4 E36C 8EA4 		.ascii	"\343l\216\244$Gr\234\352}\352b\311\210\343\024G\252\325\245s"
 1785      2447 729C 
 1785      EA7D EA62 
 1785      C988 E314 
 1785      47AA D5A5 
 1786 06d9 2526 D94D 		.ascii	"%&\331M8c\242Ht\305\247\204\242\262\335\271\334\2360\315?\232"
 1786      3863 A248 
 1786      74C5 A784 
 1786      A2B2 DDB9 
 1786      DC9E 30CD 
 1787 06ef EE1F CD08 		.ascii	"\356\037\315\bC\017v\2473-\305\205\316m\216\264d\327\204\241"
 1787      430F 76A7 
 1787      332D C585 
 1787      CE6D 8EB4 
 1787      64D7 84A1 
 1788 0703 8EE2 6DAE 		.ascii	"\216\342m\256DG2\272\321\243\232\325\025\206\362N;\002\022\254"
 1788      4447 32BA 
 1788      D1A3 9AD5 
 1788      1586 F24E 
 1788      3B02 12AC 
 1789 0717 AE88 A478 		.ascii	"\256\210\244x\2273\361\027kbr\242\313\272d\321\207\377\277<\222"
 1789      9733 F117 
 1789      6B62 72A2 
 1789      CBBA 64D1 
 1789      87FF BF3C 
 1790 072c 4A4D B5C5 		.ascii	"JM\265\305'#uT\212\323a\303\022X\205\364\222E\246\245\366\004"
 1790      2723 7554 
 1790      8AD3 61C3 
 1790      1258 85F4 
 1790      9245 A6A5 
 1791 0742 6BAA 9DEA 		.ascii	"k\252\235\352Fi\335\244a\344\243\227\245\305'\273\322\222\342"
 1791      4669 DDA4 
 1791      61E4 A397 
 1791      A5C5 27BB 
 1791      D292 E2
 1792 0755 C41B 838B 		.ascii	"\304\033\203\213\322\352Q\214e\210\"]3\253\232t\362/ih\364\203"
 1792      D2EA 518C 
 1792      6588 225D 
 1792      33AB 9A74 
 1792      F22F 6968 
 1793               		.text
 1794               		.section	.gnu.lto_.symtab.4e15ec27cf57b24f,"e",@progbits
 1795 0000 6D61 7472 		.string	"matrix_init_kb"
 1795      6978 5F69 
 1795      6E69 745F 
 1795      6B62 00
 1796 000f 00        		.string	""
 1797 0010 00        		.string	""
 1798 0011 00        		.string	""
 1799 0012 00        		.string	""
 1800 0013 00        		.string	""
 1801 0014 00        		.string	""
 1802 0015 00        		.string	""
 1803 0016 00        		.string	""
 1804 0017 00        		.string	""
 1805 0018 00        		.string	""
 1806 0019 00        		.string	""
 1807 001a FE00      		.string	"\376"
 1808 001c 00        		.string	""
 1809 001d 00        		.string	""
 1810 001e 6D61 7472 		.string	"matrix_scan_kb"
 1810      6978 5F73 
 1810      6361 6E5F 
 1810      6B62 00
 1811 002d 00        		.string	""
 1812 002e 00        		.string	""
 1813 002f 00        		.string	""
 1814 0030 00        		.string	""
 1815 0031 00        		.string	""
 1816 0032 00        		.string	""
 1817 0033 00        		.string	""
 1818 0034 00        		.string	""
 1819 0035 00        		.string	""
 1820 0036 00        		.string	""
 1821 0037 00        		.string	""
 1822 0038 00        		.string	""
 1823 0039 0100      		.string	"\001"
 1824 003b 00        		.string	""
 1825 003c 7072 6F63 		.string	"process_record_kb"
 1825      6573 735F 
 1825      7265 636F 
 1825      7264 5F6B 
 1825      6200 
 1826 004e 00        		.string	""
 1827 004f 00        		.string	""
 1828 0050 00        		.string	""
 1829 0051 00        		.string	""
 1830 0052 00        		.string	""
 1831 0053 00        		.string	""
 1832 0054 00        		.string	""
 1833 0055 00        		.string	""
 1834 0056 00        		.string	""
 1835 0057 00        		.string	""
 1836 0058 00        		.string	""
 1837 0059 0801 00   		.string	"\b\001"
 1838 005c 00        		.string	""
 1839 005d 6C65 645F 		.string	"led_set_kb"
 1839      7365 745F 
 1839      6B62 00
 1840 0068 00        		.string	""
 1841 0069 00        		.string	""
 1842 006a 00        		.string	""
 1843 006b 00        		.string	""
 1844 006c 00        		.string	""
 1845 006d 00        		.string	""
 1846 006e 00        		.string	""
 1847 006f 00        		.string	""
 1848 0070 00        		.string	""
 1849 0071 00        		.string	""
 1850 0072 00        		.string	""
 1851 0073 0C01 00   		.string	"\f\001"
 1852 0076 00        		.string	""
 1853 0077 6D61 7472 		.string	"matrix_init_user"
 1853      6978 5F69 
 1853      6E69 745F 
 1853      7573 6572 
 1853      00
 1854 0088 00        		.string	""
 1855 0089 02        		.ascii	"\002"
 1856 008a 00        		.string	""
 1857 008b 00        		.string	""
 1858 008c 00        		.string	""
 1859 008d 00        		.string	""
 1860 008e 00        		.string	""
 1861 008f 00        		.string	""
 1862 0090 00        		.string	""
 1863 0091 00        		.string	""
 1864 0092 00        		.string	""
 1865 0093 0E01 00   		.string	"\016\001"
 1866 0096 00        		.string	""
 1867 0097 6D61 7472 		.string	"matrix_scan_user"
 1867      6978 5F73 
 1867      6361 6E5F 
 1867      7573 6572 
 1867      00
 1868 00a8 00        		.string	""
 1869 00a9 02        		.ascii	"\002"
 1870 00aa 00        		.string	""
 1871 00ab 00        		.string	""
 1872 00ac 00        		.string	""
 1873 00ad 00        		.string	""
 1874 00ae 00        		.string	""
 1875 00af 00        		.string	""
 1876 00b0 00        		.string	""
 1877 00b1 00        		.string	""
 1878 00b2 00        		.string	""
 1879 00b3 1001 00   		.string	"\020\001"
 1880 00b6 00        		.string	""
 1881 00b7 7072 6F63 		.string	"process_record_user"
 1881      6573 735F 
 1881      7265 636F 
 1881      7264 5F75 
 1881      7365 7200 
 1882 00cb 00        		.string	""
 1883 00cc 02        		.ascii	"\002"
 1884 00cd 00        		.string	""
 1885 00ce 00        		.string	""
 1886 00cf 00        		.string	""
 1887 00d0 00        		.string	""
 1888 00d1 00        		.string	""
 1889 00d2 00        		.string	""
 1890 00d3 00        		.string	""
 1891 00d4 00        		.string	""
 1892 00d5 00        		.string	""
 1893 00d6 1201 00   		.string	"\022\001"
 1894 00d9 00        		.string	""
 1895 00da 6C65 645F 		.string	"led_set_user"
 1895      7365 745F 
 1895      7573 6572 
 1895      00
 1896 00e7 00        		.string	""
 1897 00e8 02        		.ascii	"\002"
 1898 00e9 00        		.string	""
 1899 00ea 00        		.string	""
 1900 00eb 00        		.string	""
 1901 00ec 00        		.string	""
 1902 00ed 00        		.string	""
 1903 00ee 00        		.string	""
 1904 00ef 00        		.string	""
 1905 00f0 00        		.string	""
 1906 00f1 00        		.string	""
 1907 00f2 1401 00   		.string	"\024\001"
 1908 00f5 00        		.string	""
 1909               		.text
 1910               		.section	.gnu.lto_.opts,"e",@progbits
 1911 0000 272D 666E 		.string	"'-fno-openmp' '-fno-openacc' '-fno-pie' '-mn-flash=1' '-mno-skip-bug' '-mmcu=avr5' '-Os' 
 1911      6F2D 6F70 
 1911      656E 6D70 
 1911      2720 272D 
 1911      666E 6F2D 
 1912               		.text
 1913               		.comm	__gnu_lto_v1,1,1
 1914               		.comm	__gnu_lto_slim,1,1
 1915               		.ident	"GCC: (GNU) 9.2.0"
DEFINED SYMBOLS
                            *ABS*:0000000000000000 1up60hse.c
/var/folders/xx/3qcqnrxj7md526g3lvyld9680000gn/T//ccUlo2sF.s:2      *ABS*:000000000000003e __SP_H__
/var/folders/xx/3qcqnrxj7md526g3lvyld9680000gn/T//ccUlo2sF.s:3      *ABS*:000000000000003d __SP_L__
/var/folders/xx/3qcqnrxj7md526g3lvyld9680000gn/T//ccUlo2sF.s:4      *ABS*:000000000000003f __SREG__
/var/folders/xx/3qcqnrxj7md526g3lvyld9680000gn/T//ccUlo2sF.s:5      *ABS*:0000000000000000 __tmp_reg__
/var/folders/xx/3qcqnrxj7md526g3lvyld9680000gn/T//ccUlo2sF.s:6      *ABS*:0000000000000001 __zero_reg__
/var/folders/xx/3qcqnrxj7md526g3lvyld9680000gn/T//ccUlo2sF.s:29     .gnu.debuglto_.debug_info:0000000000000000 g1up60hse.c.7ed4b7fe
                            *COM*:0000000000000001 __gnu_lto_v1
                            *COM*:0000000000000001 __gnu_lto_slim

NO UNDEFINED SYMBOLS
