   1               		.file	"outputselect.c"
   2               	__SP_H__ = 0x3e
   3               	__SP_L__ = 0x3d
   4               	__SREG__ = 0x3f
   5               	__tmp_reg__ = 0
   6               	__zero_reg__ = 1
   7               		.file 1 "/usr/local/Cellar/avr-gcc/9.2.0/avr/include/stdint.h"
   8               		.file 2 "lib/lufa/LUFA/Drivers/USB/Core/AVR8/../StdRequestType.h"
   9               		.file 3 "lib/lufa/LUFA/Drivers/USB/Core/AVR8/../DeviceStandardReq.h"
  10               		.file 4 "lib/lufa/LUFA/Drivers/USB/Core/USBTask.h"
  11               		.file 5 "lib/lufa/LUFA/Drivers/USB/Core/HostStandardReq.h"
  12               		.file 6 "/usr/local/Cellar/avr-gcc/9.2.0/avr/include/stdio.h"
  13               		.file 7 "tmk_core/common/report.h"
  14               		.file 8 "tmk_core/common/host_driver.h"
  15               		.file 9 "tmk_core/common/host.h"
  16               		.file 10 "tmk_core/protocol/lufa/lufa.h"
  17               		.file 11 "lib/lufa/LUFA/Drivers/USB/Core/AVR8/../Device.h"
  18               		.file 12 "tmk_core/protocol/lufa/outputselect.h"
  19               		.file 13 "tmk_core/protocol/lufa/outputselect.c"
  20               		.section	.gnu.debuglto_.debug_info,"e",@progbits
  21               	.Ldebug_info0:
  22               		.hidden	outputselect.c.073f450c
  23               		.weak	outputselect.c.073f450c
  24               	outputselect.c.073f450c:
  25 0000 A804 0000 		.long	0x4a8
  26 0004 0200      		.word	0x2
  27 0006 0000 0000 		.long	.Ldebug_abbrev0
  28 000a 04        		.byte	0x4
  29 000b 01        		.uleb128 0x1
  30 000c 0000 0000 		.long	.LASF61
  31 0010 0C        		.byte	0xc
  32 0011 0000 0000 		.long	.LASF62
  33 0015 0000 0000 		.long	.LASF63
  34 0019 0000 0000 		.long	.Ldebug_line0
  35 001d 02        		.uleb128 0x2
  36 001e 0000 0000 		.long	.LASF0
  37 0022 01        		.byte	0x1
  38 0023 7D        		.byte	0x7d
  39 0024 14        		.byte	0x14
  40 0025 2900 0000 		.long	0x29
  41 0029 03        		.uleb128 0x3
  42 002a 01        		.byte	0x1
  43 002b 06        		.byte	0x6
  44 002c 0000 0000 		.long	.LASF2
  45 0030 02        		.uleb128 0x2
  46 0031 0000 0000 		.long	.LASF1
  47 0035 01        		.byte	0x1
  48 0036 7E        		.byte	0x7e
  49 0037 16        		.byte	0x16
  50 0038 4100 0000 		.long	0x41
  51 003c 04        		.uleb128 0x4
  52 003d 3000 0000 		.long	0x30
  53 0041 03        		.uleb128 0x3
  54 0042 01        		.byte	0x1
  55 0043 08        		.byte	0x8
  56 0044 0000 0000 		.long	.LASF3
  57 0048 05        		.uleb128 0x5
  58 0049 02        		.byte	0x2
  59 004a 05        		.byte	0x5
  60 004b 696E 7400 		.string	"int"
  61 004f 02        		.uleb128 0x2
  62 0050 0000 0000 		.long	.LASF4
  63 0054 01        		.byte	0x1
  64 0055 80        		.byte	0x80
  65 0056 16        		.byte	0x16
  66 0057 5B00 0000 		.long	0x5b
  67 005b 03        		.uleb128 0x3
  68 005c 02        		.byte	0x2
  69 005d 07        		.byte	0x7
  70 005e 0000 0000 		.long	.LASF5
  71 0062 03        		.uleb128 0x3
  72 0063 04        		.byte	0x4
  73 0064 05        		.byte	0x5
  74 0065 0000 0000 		.long	.LASF6
  75 0069 03        		.uleb128 0x3
  76 006a 04        		.byte	0x4
  77 006b 07        		.byte	0x7
  78 006c 0000 0000 		.long	.LASF7
  79 0070 03        		.uleb128 0x3
  80 0071 08        		.byte	0x8
  81 0072 05        		.byte	0x5
  82 0073 0000 0000 		.long	.LASF8
  83 0077 03        		.uleb128 0x3
  84 0078 08        		.byte	0x8
  85 0079 07        		.byte	0x7
  86 007a 0000 0000 		.long	.LASF9
  87 007e 06        		.uleb128 0x6
  88 007f 0000 0000 		.long	.LASF51
  89 0083 07        		.byte	0x7
  90 0084 01        		.byte	0x1
  91 0085 4100 0000 		.long	0x41
  92 0089 0B        		.byte	0xb
  93 008a 4E        		.byte	0x4e
  94 008b 09        		.byte	0x9
  95 008c B500 0000 		.long	0xb5
  96 0090 07        		.uleb128 0x7
  97 0091 0000 0000 		.long	.LASF10
  98 0095 00        		.byte	0
  99 0096 07        		.uleb128 0x7
 100 0097 0000 0000 		.long	.LASF11
 101 009b 01        		.byte	0x1
 102 009c 07        		.uleb128 0x7
 103 009d 0000 0000 		.long	.LASF12
 104 00a1 02        		.byte	0x2
 105 00a2 07        		.uleb128 0x7
 106 00a3 0000 0000 		.long	.LASF13
 107 00a7 03        		.byte	0x3
 108 00a8 07        		.uleb128 0x7
 109 00a9 0000 0000 		.long	.LASF14
 110 00ad 04        		.byte	0x4
 111 00ae 07        		.uleb128 0x7
 112 00af 0000 0000 		.long	.LASF15
 113 00b3 05        		.byte	0x5
 114 00b4 00        		.byte	0
 115 00b5 08        		.uleb128 0x8
 116 00b6 08        		.byte	0x8
 117 00b7 02        		.byte	0x2
 118 00b8 A3        		.byte	0xa3
 119 00b9 0C        		.byte	0xc
 120 00ba 0A01 0000 		.long	0x10a
 121 00be 09        		.uleb128 0x9
 122 00bf 0000 0000 		.long	.LASF16
 123 00c3 02        		.byte	0x2
 124 00c4 A5        		.byte	0xa5
 125 00c5 0E        		.byte	0xe
 126 00c6 3000 0000 		.long	0x30
 127 00ca 02        		.byte	0x2
 128 00cb 23        		.byte	0x23
 129 00cc 00        		.uleb128 0
 130 00cd 09        		.uleb128 0x9
 131 00ce 0000 0000 		.long	.LASF17
 132 00d2 02        		.byte	0x2
 133 00d3 A6        		.byte	0xa6
 134 00d4 0E        		.byte	0xe
 135 00d5 3000 0000 		.long	0x30
 136 00d9 02        		.byte	0x2
 137 00da 23        		.byte	0x23
 138 00db 01        		.uleb128 0x1
 139 00dc 09        		.uleb128 0x9
 140 00dd 0000 0000 		.long	.LASF18
 141 00e1 02        		.byte	0x2
 142 00e2 A7        		.byte	0xa7
 143 00e3 0E        		.byte	0xe
 144 00e4 4F00 0000 		.long	0x4f
 145 00e8 02        		.byte	0x2
 146 00e9 23        		.byte	0x23
 147 00ea 02        		.uleb128 0x2
 148 00eb 09        		.uleb128 0x9
 149 00ec 0000 0000 		.long	.LASF19
 150 00f0 02        		.byte	0x2
 151 00f1 A8        		.byte	0xa8
 152 00f2 0E        		.byte	0xe
 153 00f3 4F00 0000 		.long	0x4f
 154 00f7 02        		.byte	0x2
 155 00f8 23        		.byte	0x23
 156 00f9 04        		.uleb128 0x4
 157 00fa 09        		.uleb128 0x9
 158 00fb 0000 0000 		.long	.LASF20
 159 00ff 02        		.byte	0x2
 160 0100 A9        		.byte	0xa9
 161 0101 0E        		.byte	0xe
 162 0102 4F00 0000 		.long	0x4f
 163 0106 02        		.byte	0x2
 164 0107 23        		.byte	0x23
 165 0108 06        		.uleb128 0x6
 166 0109 00        		.byte	0
 167 010a 02        		.uleb128 0x2
 168 010b 0000 0000 		.long	.LASF21
 169 010f 02        		.byte	0x2
 170 0110 AA        		.byte	0xaa
 171 0111 12        		.byte	0x12
 172 0112 B500 0000 		.long	0xb5
 173 0116 0A        		.uleb128 0xa
 174 0117 0000 0000 		.long	.LASF22
 175 011b 03        		.byte	0x3
 176 011c 5E        		.byte	0x5e
 177 011d 13        		.byte	0x13
 178 011e 3000 0000 		.long	0x30
 179 0122 01        		.byte	0x1
 180 0123 01        		.byte	0x1
 181 0124 0A        		.uleb128 0xa
 182 0125 0000 0000 		.long	.LASF23
 183 0129 03        		.byte	0x3
 184 012a 6E        		.byte	0x6e
 185 012b 11        		.byte	0x11
 186 012c 3201 0000 		.long	0x132
 187 0130 01        		.byte	0x1
 188 0131 01        		.byte	0x1
 189 0132 03        		.uleb128 0x3
 190 0133 01        		.byte	0x1
 191 0134 02        		.byte	0x2
 192 0135 0000 0000 		.long	.LASF24
 193 0139 04        		.uleb128 0x4
 194 013a 3201 0000 		.long	0x132
 195 013e 0A        		.uleb128 0xa
 196 013f 0000 0000 		.long	.LASF25
 197 0143 03        		.byte	0x3
 198 0144 78        		.byte	0x78
 199 0145 11        		.byte	0x11
 200 0146 3201 0000 		.long	0x132
 201 014a 01        		.byte	0x1
 202 014b 01        		.byte	0x1
 203 014c 0A        		.uleb128 0xa
 204 014d 0000 0000 		.long	.LASF26
 205 0151 04        		.byte	0x4
 206 0152 51        		.byte	0x51
 207 0153 19        		.byte	0x19
 208 0154 3901 0000 		.long	0x139
 209 0158 01        		.byte	0x1
 210 0159 01        		.byte	0x1
 211 015a 0A        		.uleb128 0xa
 212 015b 0000 0000 		.long	.LASF27
 213 015f 04        		.byte	0x4
 214 0160 5B        		.byte	0x5b
 215 0161 21        		.byte	0x21
 216 0162 0A01 0000 		.long	0x10a
 217 0166 01        		.byte	0x1
 218 0167 01        		.byte	0x1
 219 0168 0A        		.uleb128 0xa
 220 0169 0000 0000 		.long	.LASF28
 221 016d 04        		.byte	0x4
 222 016e 90        		.byte	0x90
 223 016f 1E        		.byte	0x1e
 224 0170 3C00 0000 		.long	0x3c
 225 0174 01        		.byte	0x1
 226 0175 01        		.byte	0x1
 227 0176 0A        		.uleb128 0xa
 228 0177 0000 0000 		.long	.LASF29
 229 017b 05        		.byte	0x5
 230 017c 67        		.byte	0x67
 231 017d 13        		.byte	0x13
 232 017e 3000 0000 		.long	0x30
 233 0182 01        		.byte	0x1
 234 0183 01        		.byte	0x1
 235 0184 0B        		.uleb128 0xb
 236 0185 02        		.byte	0x2
 237 0186 0C        		.uleb128 0xc
 238 0187 0000 0000 		.long	.LASF64
 239 018b 0E        		.byte	0xe
 240 018c 06        		.byte	0x6
 241 018d F4        		.byte	0xf4
 242 018e 08        		.byte	0x8
 243 018f 1102 0000 		.long	0x211
 244 0193 0D        		.uleb128 0xd
 245 0194 6275 6600 		.string	"buf"
 246 0198 06        		.byte	0x6
 247 0199 F5        		.byte	0xf5
 248 019a 08        		.byte	0x8
 249 019b 1102 0000 		.long	0x211
 250 019f 02        		.byte	0x2
 251 01a0 23        		.byte	0x23
 252 01a1 00        		.uleb128 0
 253 01a2 09        		.uleb128 0x9
 254 01a3 0000 0000 		.long	.LASF30
 255 01a7 06        		.byte	0x6
 256 01a8 F6        		.byte	0xf6
 257 01a9 10        		.byte	0x10
 258 01aa 4100 0000 		.long	0x41
 259 01ae 02        		.byte	0x2
 260 01af 23        		.byte	0x23
 261 01b0 02        		.uleb128 0x2
 262 01b1 09        		.uleb128 0x9
 263 01b2 0000 0000 		.long	.LASF31
 264 01b6 06        		.byte	0x6
 265 01b7 F7        		.byte	0xf7
 266 01b8 0A        		.byte	0xa
 267 01b9 3000 0000 		.long	0x30
 268 01bd 02        		.byte	0x2
 269 01be 23        		.byte	0x23
 270 01bf 03        		.uleb128 0x3
 271 01c0 0E        		.uleb128 0xe
 272 01c1 0000 0000 		.long	.LASF32
 273 01c5 06        		.byte	0x6
 274 01c6 0701      		.word	0x107
 275 01c8 06        		.byte	0x6
 276 01c9 4800 0000 		.long	0x48
 277 01cd 02        		.byte	0x2
 278 01ce 23        		.byte	0x23
 279 01cf 04        		.uleb128 0x4
 280 01d0 0F        		.uleb128 0xf
 281 01d1 6C65 6E00 		.string	"len"
 282 01d5 06        		.byte	0x6
 283 01d6 0801      		.word	0x108
 284 01d8 06        		.byte	0x6
 285 01d9 4800 0000 		.long	0x48
 286 01dd 02        		.byte	0x2
 287 01de 23        		.byte	0x23
 288 01df 06        		.uleb128 0x6
 289 01e0 0F        		.uleb128 0xf
 290 01e1 7075 7400 		.string	"put"
 291 01e5 06        		.byte	0x6
 292 01e6 0901      		.word	0x109
 293 01e8 08        		.byte	0x8
 294 01e9 3902 0000 		.long	0x239
 295 01ed 02        		.byte	0x2
 296 01ee 23        		.byte	0x23
 297 01ef 08        		.uleb128 0x8
 298 01f0 0F        		.uleb128 0xf
 299 01f1 6765 7400 		.string	"get"
 300 01f5 06        		.byte	0x6
 301 01f6 0A01      		.word	0x10a
 302 01f8 08        		.byte	0x8
 303 01f9 4F02 0000 		.long	0x24f
 304 01fd 02        		.byte	0x2
 305 01fe 23        		.byte	0x23
 306 01ff 0A        		.uleb128 0xa
 307 0200 0E        		.uleb128 0xe
 308 0201 0000 0000 		.long	.LASF33
 309 0205 06        		.byte	0x6
 310 0206 0B01      		.word	0x10b
 311 0208 08        		.byte	0x8
 312 0209 8401 0000 		.long	0x184
 313 020d 02        		.byte	0x2
 314 020e 23        		.byte	0x23
 315 020f 0C        		.uleb128 0xc
 316 0210 00        		.byte	0
 317 0211 10        		.uleb128 0x10
 318 0212 02        		.byte	0x2
 319 0213 1702 0000 		.long	0x217
 320 0217 03        		.uleb128 0x3
 321 0218 01        		.byte	0x1
 322 0219 08        		.byte	0x8
 323 021a 0000 0000 		.long	.LASF34
 324 021e 11        		.uleb128 0x11
 325 021f 01        		.byte	0x1
 326 0220 4800 0000 		.long	0x48
 327 0224 3302 0000 		.long	0x233
 328 0228 12        		.uleb128 0x12
 329 0229 1702 0000 		.long	0x217
 330 022d 12        		.uleb128 0x12
 331 022e 3302 0000 		.long	0x233
 332 0232 00        		.byte	0
 333 0233 10        		.uleb128 0x10
 334 0234 02        		.byte	0x2
 335 0235 8601 0000 		.long	0x186
 336 0239 10        		.uleb128 0x10
 337 023a 02        		.byte	0x2
 338 023b 1E02 0000 		.long	0x21e
 339 023f 11        		.uleb128 0x11
 340 0240 01        		.byte	0x1
 341 0241 4800 0000 		.long	0x48
 342 0245 4F02 0000 		.long	0x24f
 343 0249 12        		.uleb128 0x12
 344 024a 3302 0000 		.long	0x233
 345 024e 00        		.byte	0
 346 024f 10        		.uleb128 0x10
 347 0250 02        		.byte	0x2
 348 0251 3F02 0000 		.long	0x23f
 349 0255 13        		.uleb128 0x13
 350 0256 3302 0000 		.long	0x233
 351 025a 6002 0000 		.long	0x260
 352 025e 14        		.uleb128 0x14
 353 025f 00        		.byte	0
 354 0260 15        		.uleb128 0x15
 355 0261 0000 0000 		.long	.LASF35
 356 0265 06        		.byte	0x6
 357 0266 9701      		.word	0x197
 358 0268 17        		.byte	0x17
 359 0269 5502 0000 		.long	0x255
 360 026d 01        		.byte	0x1
 361 026e 01        		.byte	0x1
 362 026f 13        		.uleb128 0x13
 363 0270 3000 0000 		.long	0x30
 364 0274 7F02 0000 		.long	0x27f
 365 0278 16        		.uleb128 0x16
 366 0279 5B00 0000 		.long	0x5b
 367 027d 05        		.byte	0x5
 368 027e 00        		.byte	0
 369 027f 13        		.uleb128 0x13
 370 0280 3000 0000 		.long	0x30
 371 0284 8F02 0000 		.long	0x28f
 372 0288 16        		.uleb128 0x16
 373 0289 5B00 0000 		.long	0x5b
 374 028d 07        		.byte	0x7
 375 028e 00        		.byte	0
 376 028f 08        		.uleb128 0x8
 377 0290 08        		.byte	0x8
 378 0291 07        		.byte	0x7
 379 0292 88        		.byte	0x88
 380 0293 05        		.byte	0x5
 381 0294 C602 0000 		.long	0x2c6
 382 0298 09        		.uleb128 0x9
 383 0299 0000 0000 		.long	.LASF36
 384 029d 07        		.byte	0x7
 385 029e 8C        		.byte	0x8c
 386 029f 11        		.byte	0x11
 387 02a0 3000 0000 		.long	0x30
 388 02a4 02        		.byte	0x2
 389 02a5 23        		.byte	0x23
 390 02a6 00        		.uleb128 0
 391 02a7 09        		.uleb128 0x9
 392 02a8 0000 0000 		.long	.LASF37
 393 02ac 07        		.byte	0x7
 394 02ad 8D        		.byte	0x8d
 395 02ae 11        		.byte	0x11
 396 02af 3000 0000 		.long	0x30
 397 02b3 02        		.byte	0x2
 398 02b4 23        		.byte	0x23
 399 02b5 01        		.uleb128 0x1
 400 02b6 09        		.uleb128 0x9
 401 02b7 0000 0000 		.long	.LASF38
 402 02bb 07        		.byte	0x7
 403 02bc 8E        		.byte	0x8e
 404 02bd 11        		.byte	0x11
 405 02be 6F02 0000 		.long	0x26f
 406 02c2 02        		.byte	0x2
 407 02c3 23        		.byte	0x23
 408 02c4 02        		.uleb128 0x2
 409 02c5 00        		.byte	0
 410 02c6 17        		.uleb128 0x17
 411 02c7 08        		.byte	0x8
 412 02c8 07        		.byte	0x7
 413 02c9 86        		.byte	0x86
 414 02ca 09        		.byte	0x9
 415 02cb E102 0000 		.long	0x2e1
 416 02cf 18        		.uleb128 0x18
 417 02d0 7261 7700 		.string	"raw"
 418 02d4 07        		.byte	0x7
 419 02d5 87        		.byte	0x87
 420 02d6 0D        		.byte	0xd
 421 02d7 7F02 0000 		.long	0x27f
 422 02db 19        		.uleb128 0x19
 423 02dc 8F02 0000 		.long	0x28f
 424 02e0 00        		.byte	0
 425 02e1 02        		.uleb128 0x2
 426 02e2 0000 0000 		.long	.LASF39
 427 02e6 07        		.byte	0x7
 428 02e7 99        		.byte	0x99
 429 02e8 1C        		.byte	0x1c
 430 02e9 C602 0000 		.long	0x2c6
 431 02ed 08        		.uleb128 0x8
 432 02ee 05        		.byte	0x5
 433 02ef 07        		.byte	0x7
 434 02f0 9B        		.byte	0x9b
 435 02f1 09        		.byte	0x9
 436 02f2 3A03 0000 		.long	0x33a
 437 02f6 09        		.uleb128 0x9
 438 02f7 0000 0000 		.long	.LASF40
 439 02fb 07        		.byte	0x7
 440 02fc 9F        		.byte	0x9f
 441 02fd 0D        		.byte	0xd
 442 02fe 3000 0000 		.long	0x30
 443 0302 02        		.byte	0x2
 444 0303 23        		.byte	0x23
 445 0304 00        		.uleb128 0
 446 0305 0D        		.uleb128 0xd
 447 0306 7800      		.string	"x"
 448 0308 07        		.byte	0x7
 449 0309 A0        		.byte	0xa0
 450 030a 0C        		.byte	0xc
 451 030b 1D00 0000 		.long	0x1d
 452 030f 02        		.byte	0x2
 453 0310 23        		.byte	0x23
 454 0311 01        		.uleb128 0x1
 455 0312 0D        		.uleb128 0xd
 456 0313 7900      		.string	"y"
 457 0315 07        		.byte	0x7
 458 0316 A1        		.byte	0xa1
 459 0317 0C        		.byte	0xc
 460 0318 1D00 0000 		.long	0x1d
 461 031c 02        		.byte	0x2
 462 031d 23        		.byte	0x23
 463 031e 02        		.uleb128 0x2
 464 031f 0D        		.uleb128 0xd
 465 0320 7600      		.string	"v"
 466 0322 07        		.byte	0x7
 467 0323 A2        		.byte	0xa2
 468 0324 0C        		.byte	0xc
 469 0325 1D00 0000 		.long	0x1d
 470 0329 02        		.byte	0x2
 471 032a 23        		.byte	0x23
 472 032b 03        		.uleb128 0x3
 473 032c 0D        		.uleb128 0xd
 474 032d 6800      		.string	"h"
 475 032f 07        		.byte	0x7
 476 0330 A3        		.byte	0xa3
 477 0331 0C        		.byte	0xc
 478 0332 1D00 0000 		.long	0x1d
 479 0336 02        		.byte	0x2
 480 0337 23        		.byte	0x23
 481 0338 04        		.uleb128 0x4
 482 0339 00        		.byte	0
 483 033a 02        		.uleb128 0x2
 484 033b 0000 0000 		.long	.LASF41
 485 033f 07        		.byte	0x7
 486 0340 A4        		.byte	0xa4
 487 0341 1C        		.byte	0x1c
 488 0342 ED02 0000 		.long	0x2ed
 489 0346 08        		.uleb128 0x8
 490 0347 0A        		.byte	0xa
 491 0348 08        		.byte	0x8
 492 0349 1B        		.byte	0x1b
 493 034a 09        		.byte	0x9
 494 034b 9B03 0000 		.long	0x39b
 495 034f 09        		.uleb128 0x9
 496 0350 0000 0000 		.long	.LASF42
 497 0354 08        		.byte	0x8
 498 0355 1C        		.byte	0x1c
 499 0356 0F        		.byte	0xf
 500 0357 A103 0000 		.long	0x3a1
 501 035b 02        		.byte	0x2
 502 035c 23        		.byte	0x23
 503 035d 00        		.uleb128 0
 504 035e 09        		.uleb128 0x9
 505 035f 0000 0000 		.long	.LASF43
 506 0363 08        		.byte	0x8
 507 0364 1D        		.byte	0x1d
 508 0365 0C        		.byte	0xc
 509 0366 B903 0000 		.long	0x3b9
 510 036a 02        		.byte	0x2
 511 036b 23        		.byte	0x23
 512 036c 02        		.uleb128 0x2
 513 036d 09        		.uleb128 0x9
 514 036e 0000 0000 		.long	.LASF44
 515 0372 08        		.byte	0x8
 516 0373 1E        		.byte	0x1e
 517 0374 0C        		.byte	0xc
 518 0375 D103 0000 		.long	0x3d1
 519 0379 02        		.byte	0x2
 520 037a 23        		.byte	0x23
 521 037b 04        		.uleb128 0x4
 522 037c 09        		.uleb128 0x9
 523 037d 0000 0000 		.long	.LASF45
 524 0381 08        		.byte	0x8
 525 0382 1F        		.byte	0x1f
 526 0383 0C        		.byte	0xc
 527 0384 E303 0000 		.long	0x3e3
 528 0388 02        		.byte	0x2
 529 0389 23        		.byte	0x23
 530 038a 06        		.uleb128 0x6
 531 038b 09        		.uleb128 0x9
 532 038c 0000 0000 		.long	.LASF46
 533 0390 08        		.byte	0x8
 534 0391 20        		.byte	0x20
 535 0392 0C        		.byte	0xc
 536 0393 E303 0000 		.long	0x3e3
 537 0397 02        		.byte	0x2
 538 0398 23        		.byte	0x23
 539 0399 08        		.uleb128 0x8
 540 039a 00        		.byte	0
 541 039b 1A        		.uleb128 0x1a
 542 039c 01        		.byte	0x1
 543 039d 3000 0000 		.long	0x30
 544 03a1 10        		.uleb128 0x10
 545 03a2 02        		.byte	0x2
 546 03a3 9B03 0000 		.long	0x39b
 547 03a7 1B        		.uleb128 0x1b
 548 03a8 01        		.byte	0x1
 549 03a9 B303 0000 		.long	0x3b3
 550 03ad 12        		.uleb128 0x12
 551 03ae B303 0000 		.long	0x3b3
 552 03b2 00        		.byte	0
 553 03b3 10        		.uleb128 0x10
 554 03b4 02        		.byte	0x2
 555 03b5 E102 0000 		.long	0x2e1
 556 03b9 10        		.uleb128 0x10
 557 03ba 02        		.byte	0x2
 558 03bb A703 0000 		.long	0x3a7
 559 03bf 1B        		.uleb128 0x1b
 560 03c0 01        		.byte	0x1
 561 03c1 CB03 0000 		.long	0x3cb
 562 03c5 12        		.uleb128 0x12
 563 03c6 CB03 0000 		.long	0x3cb
 564 03ca 00        		.byte	0
 565 03cb 10        		.uleb128 0x10
 566 03cc 02        		.byte	0x2
 567 03cd 3A03 0000 		.long	0x33a
 568 03d1 10        		.uleb128 0x10
 569 03d2 02        		.byte	0x2
 570 03d3 BF03 0000 		.long	0x3bf
 571 03d7 1B        		.uleb128 0x1b
 572 03d8 01        		.byte	0x1
 573 03d9 E303 0000 		.long	0x3e3
 574 03dd 12        		.uleb128 0x12
 575 03de 4F00 0000 		.long	0x4f
 576 03e2 00        		.byte	0
 577 03e3 10        		.uleb128 0x10
 578 03e4 02        		.byte	0x2
 579 03e5 D703 0000 		.long	0x3d7
 580 03e9 02        		.uleb128 0x2
 581 03ea 0000 0000 		.long	.LASF47
 582 03ee 08        		.byte	0x8
 583 03ef 21        		.byte	0x21
 584 03f0 03        		.byte	0x3
 585 03f1 4603 0000 		.long	0x346
 586 03f5 0A        		.uleb128 0xa
 587 03f6 0000 0000 		.long	.LASF48
 588 03fa 09        		.byte	0x9
 589 03fb 23        		.byte	0x23
 590 03fc 10        		.byte	0x10
 591 03fd 3000 0000 		.long	0x30
 592 0401 01        		.byte	0x1
 593 0402 01        		.byte	0x1
 594 0403 0A        		.uleb128 0xa
 595 0404 0000 0000 		.long	.LASF49
 596 0408 09        		.byte	0x9
 597 0409 24        		.byte	0x24
 598 040a 10        		.byte	0x10
 599 040b 3000 0000 		.long	0x30
 600 040f 01        		.byte	0x1
 601 0410 01        		.byte	0x1
 602 0411 0A        		.uleb128 0xa
 603 0412 0000 0000 		.long	.LASF50
 604 0416 0A        		.byte	0xa
 605 0417 37        		.byte	0x37
 606 0418 16        		.byte	0x16
 607 0419 E903 0000 		.long	0x3e9
 608 041d 01        		.byte	0x1
 609 041e 01        		.byte	0x1
 610 041f 06        		.uleb128 0x6
 611 0420 0000 0000 		.long	.LASF52
 612 0424 07        		.byte	0x7
 613 0425 01        		.byte	0x1
 614 0426 4100 0000 		.long	0x41
 615 042a 0C        		.byte	0xc
 616 042b 0F        		.byte	0xf
 617 042c 06        		.byte	0x6
 618 042d 5004 0000 		.long	0x450
 619 0431 07        		.uleb128 0x7
 620 0432 0000 0000 		.long	.LASF53
 621 0436 00        		.byte	0
 622 0437 07        		.uleb128 0x7
 623 0438 0000 0000 		.long	.LASF54
 624 043c 01        		.byte	0x1
 625 043d 07        		.uleb128 0x7
 626 043e 0000 0000 		.long	.LASF55
 627 0442 02        		.byte	0x2
 628 0443 07        		.uleb128 0x7
 629 0444 0000 0000 		.long	.LASF56
 630 0448 03        		.byte	0x3
 631 0449 07        		.uleb128 0x7
 632 044a 0000 0000 		.long	.LASF57
 633 044e 04        		.byte	0x4
 634 044f 00        		.byte	0
 635 0450 1C        		.uleb128 0x1c
 636 0451 0000 0000 		.long	.LASF65
 637 0455 0D        		.byte	0xd
 638 0456 15        		.byte	0x15
 639 0457 09        		.byte	0x9
 640 0458 3000 0000 		.long	0x30
 641 045c 01        		.byte	0x1
 642 045d 1D        		.uleb128 0x1d
 643 045e 01        		.byte	0x1
 644 045f 0000 0000 		.long	.LASF58
 645 0463 0D        		.byte	0xd
 646 0464 42        		.byte	0x42
 647 0465 09        		.byte	0x9
 648 0466 01        		.byte	0x1
 649 0467 3000 0000 		.long	0x30
 650 046b 1D        		.uleb128 0x1d
 651 046c 01        		.byte	0x1
 652 046d 0000 0000 		.long	.LASF59
 653 0471 0D        		.byte	0xd
 654 0472 2C        		.byte	0x2c
 655 0473 09        		.byte	0x9
 656 0474 01        		.byte	0x1
 657 0475 3000 0000 		.long	0x30
 658 0479 1E        		.uleb128 0x1e
 659 047a 01        		.byte	0x1
 660 047b 0000 0000 		.long	.LASF66
 661 047f 0D        		.byte	0xd
 662 0480 25        		.byte	0x25
 663 0481 06        		.byte	0x6
 664 0482 01        		.byte	0x1
 665 0483 9404 0000 		.long	0x494
 666 0487 1F        		.uleb128 0x1f
 667 0488 0000 0000 		.long	.LASF60
 668 048c 0D        		.byte	0xd
 669 048d 25        		.byte	0x25
 670 048e 1E        		.byte	0x1e
 671 048f 3000 0000 		.long	0x30
 672 0493 00        		.byte	0
 673 0494 20        		.uleb128 0x20
 674 0495 01        		.byte	0x1
 675 0496 0000 0000 		.long	.LASF67
 676 049a 0D        		.byte	0xd
 677 049b 1B        		.byte	0x1b
 678 049c 06        		.byte	0x6
 679 049d 01        		.byte	0x1
 680 049e 1F        		.uleb128 0x1f
 681 049f 0000 0000 		.long	.LASF60
 682 04a3 0D        		.byte	0xd
 683 04a4 1B        		.byte	0x1b
 684 04a5 19        		.byte	0x19
 685 04a6 3000 0000 		.long	0x30
 686 04aa 00        		.byte	0
 687 04ab 00        		.byte	0
 688               		.section	.gnu.debuglto_.debug_abbrev,"e",@progbits
 689               	.Ldebug_abbrev0:
 690 0000 01        		.uleb128 0x1
 691 0001 11        		.uleb128 0x11
 692 0002 01        		.byte	0x1
 693 0003 25        		.uleb128 0x25
 694 0004 0E        		.uleb128 0xe
 695 0005 13        		.uleb128 0x13
 696 0006 0B        		.uleb128 0xb
 697 0007 03        		.uleb128 0x3
 698 0008 0E        		.uleb128 0xe
 699 0009 1B        		.uleb128 0x1b
 700 000a 0E        		.uleb128 0xe
 701 000b 10        		.uleb128 0x10
 702 000c 06        		.uleb128 0x6
 703 000d 00        		.byte	0
 704 000e 00        		.byte	0
 705 000f 02        		.uleb128 0x2
 706 0010 16        		.uleb128 0x16
 707 0011 00        		.byte	0
 708 0012 03        		.uleb128 0x3
 709 0013 0E        		.uleb128 0xe
 710 0014 3A        		.uleb128 0x3a
 711 0015 0B        		.uleb128 0xb
 712 0016 3B        		.uleb128 0x3b
 713 0017 0B        		.uleb128 0xb
 714 0018 39        		.uleb128 0x39
 715 0019 0B        		.uleb128 0xb
 716 001a 49        		.uleb128 0x49
 717 001b 13        		.uleb128 0x13
 718 001c 00        		.byte	0
 719 001d 00        		.byte	0
 720 001e 03        		.uleb128 0x3
 721 001f 24        		.uleb128 0x24
 722 0020 00        		.byte	0
 723 0021 0B        		.uleb128 0xb
 724 0022 0B        		.uleb128 0xb
 725 0023 3E        		.uleb128 0x3e
 726 0024 0B        		.uleb128 0xb
 727 0025 03        		.uleb128 0x3
 728 0026 0E        		.uleb128 0xe
 729 0027 00        		.byte	0
 730 0028 00        		.byte	0
 731 0029 04        		.uleb128 0x4
 732 002a 35        		.uleb128 0x35
 733 002b 00        		.byte	0
 734 002c 49        		.uleb128 0x49
 735 002d 13        		.uleb128 0x13
 736 002e 00        		.byte	0
 737 002f 00        		.byte	0
 738 0030 05        		.uleb128 0x5
 739 0031 24        		.uleb128 0x24
 740 0032 00        		.byte	0
 741 0033 0B        		.uleb128 0xb
 742 0034 0B        		.uleb128 0xb
 743 0035 3E        		.uleb128 0x3e
 744 0036 0B        		.uleb128 0xb
 745 0037 03        		.uleb128 0x3
 746 0038 08        		.uleb128 0x8
 747 0039 00        		.byte	0
 748 003a 00        		.byte	0
 749 003b 06        		.uleb128 0x6
 750 003c 04        		.uleb128 0x4
 751 003d 01        		.byte	0x1
 752 003e 03        		.uleb128 0x3
 753 003f 0E        		.uleb128 0xe
 754 0040 3E        		.uleb128 0x3e
 755 0041 0B        		.uleb128 0xb
 756 0042 0B        		.uleb128 0xb
 757 0043 0B        		.uleb128 0xb
 758 0044 49        		.uleb128 0x49
 759 0045 13        		.uleb128 0x13
 760 0046 3A        		.uleb128 0x3a
 761 0047 0B        		.uleb128 0xb
 762 0048 3B        		.uleb128 0x3b
 763 0049 0B        		.uleb128 0xb
 764 004a 39        		.uleb128 0x39
 765 004b 0B        		.uleb128 0xb
 766 004c 01        		.uleb128 0x1
 767 004d 13        		.uleb128 0x13
 768 004e 00        		.byte	0
 769 004f 00        		.byte	0
 770 0050 07        		.uleb128 0x7
 771 0051 28        		.uleb128 0x28
 772 0052 00        		.byte	0
 773 0053 03        		.uleb128 0x3
 774 0054 0E        		.uleb128 0xe
 775 0055 1C        		.uleb128 0x1c
 776 0056 0B        		.uleb128 0xb
 777 0057 00        		.byte	0
 778 0058 00        		.byte	0
 779 0059 08        		.uleb128 0x8
 780 005a 13        		.uleb128 0x13
 781 005b 01        		.byte	0x1
 782 005c 0B        		.uleb128 0xb
 783 005d 0B        		.uleb128 0xb
 784 005e 3A        		.uleb128 0x3a
 785 005f 0B        		.uleb128 0xb
 786 0060 3B        		.uleb128 0x3b
 787 0061 0B        		.uleb128 0xb
 788 0062 39        		.uleb128 0x39
 789 0063 0B        		.uleb128 0xb
 790 0064 01        		.uleb128 0x1
 791 0065 13        		.uleb128 0x13
 792 0066 00        		.byte	0
 793 0067 00        		.byte	0
 794 0068 09        		.uleb128 0x9
 795 0069 0D        		.uleb128 0xd
 796 006a 00        		.byte	0
 797 006b 03        		.uleb128 0x3
 798 006c 0E        		.uleb128 0xe
 799 006d 3A        		.uleb128 0x3a
 800 006e 0B        		.uleb128 0xb
 801 006f 3B        		.uleb128 0x3b
 802 0070 0B        		.uleb128 0xb
 803 0071 39        		.uleb128 0x39
 804 0072 0B        		.uleb128 0xb
 805 0073 49        		.uleb128 0x49
 806 0074 13        		.uleb128 0x13
 807 0075 38        		.uleb128 0x38
 808 0076 0A        		.uleb128 0xa
 809 0077 00        		.byte	0
 810 0078 00        		.byte	0
 811 0079 0A        		.uleb128 0xa
 812 007a 34        		.uleb128 0x34
 813 007b 00        		.byte	0
 814 007c 03        		.uleb128 0x3
 815 007d 0E        		.uleb128 0xe
 816 007e 3A        		.uleb128 0x3a
 817 007f 0B        		.uleb128 0xb
 818 0080 3B        		.uleb128 0x3b
 819 0081 0B        		.uleb128 0xb
 820 0082 39        		.uleb128 0x39
 821 0083 0B        		.uleb128 0xb
 822 0084 49        		.uleb128 0x49
 823 0085 13        		.uleb128 0x13
 824 0086 3F        		.uleb128 0x3f
 825 0087 0C        		.uleb128 0xc
 826 0088 3C        		.uleb128 0x3c
 827 0089 0C        		.uleb128 0xc
 828 008a 00        		.byte	0
 829 008b 00        		.byte	0
 830 008c 0B        		.uleb128 0xb
 831 008d 0F        		.uleb128 0xf
 832 008e 00        		.byte	0
 833 008f 0B        		.uleb128 0xb
 834 0090 0B        		.uleb128 0xb
 835 0091 00        		.byte	0
 836 0092 00        		.byte	0
 837 0093 0C        		.uleb128 0xc
 838 0094 13        		.uleb128 0x13
 839 0095 01        		.byte	0x1
 840 0096 03        		.uleb128 0x3
 841 0097 0E        		.uleb128 0xe
 842 0098 0B        		.uleb128 0xb
 843 0099 0B        		.uleb128 0xb
 844 009a 3A        		.uleb128 0x3a
 845 009b 0B        		.uleb128 0xb
 846 009c 3B        		.uleb128 0x3b
 847 009d 0B        		.uleb128 0xb
 848 009e 39        		.uleb128 0x39
 849 009f 0B        		.uleb128 0xb
 850 00a0 01        		.uleb128 0x1
 851 00a1 13        		.uleb128 0x13
 852 00a2 00        		.byte	0
 853 00a3 00        		.byte	0
 854 00a4 0D        		.uleb128 0xd
 855 00a5 0D        		.uleb128 0xd
 856 00a6 00        		.byte	0
 857 00a7 03        		.uleb128 0x3
 858 00a8 08        		.uleb128 0x8
 859 00a9 3A        		.uleb128 0x3a
 860 00aa 0B        		.uleb128 0xb
 861 00ab 3B        		.uleb128 0x3b
 862 00ac 0B        		.uleb128 0xb
 863 00ad 39        		.uleb128 0x39
 864 00ae 0B        		.uleb128 0xb
 865 00af 49        		.uleb128 0x49
 866 00b0 13        		.uleb128 0x13
 867 00b1 38        		.uleb128 0x38
 868 00b2 0A        		.uleb128 0xa
 869 00b3 00        		.byte	0
 870 00b4 00        		.byte	0
 871 00b5 0E        		.uleb128 0xe
 872 00b6 0D        		.uleb128 0xd
 873 00b7 00        		.byte	0
 874 00b8 03        		.uleb128 0x3
 875 00b9 0E        		.uleb128 0xe
 876 00ba 3A        		.uleb128 0x3a
 877 00bb 0B        		.uleb128 0xb
 878 00bc 3B        		.uleb128 0x3b
 879 00bd 05        		.uleb128 0x5
 880 00be 39        		.uleb128 0x39
 881 00bf 0B        		.uleb128 0xb
 882 00c0 49        		.uleb128 0x49
 883 00c1 13        		.uleb128 0x13
 884 00c2 38        		.uleb128 0x38
 885 00c3 0A        		.uleb128 0xa
 886 00c4 00        		.byte	0
 887 00c5 00        		.byte	0
 888 00c6 0F        		.uleb128 0xf
 889 00c7 0D        		.uleb128 0xd
 890 00c8 00        		.byte	0
 891 00c9 03        		.uleb128 0x3
 892 00ca 08        		.uleb128 0x8
 893 00cb 3A        		.uleb128 0x3a
 894 00cc 0B        		.uleb128 0xb
 895 00cd 3B        		.uleb128 0x3b
 896 00ce 05        		.uleb128 0x5
 897 00cf 39        		.uleb128 0x39
 898 00d0 0B        		.uleb128 0xb
 899 00d1 49        		.uleb128 0x49
 900 00d2 13        		.uleb128 0x13
 901 00d3 38        		.uleb128 0x38
 902 00d4 0A        		.uleb128 0xa
 903 00d5 00        		.byte	0
 904 00d6 00        		.byte	0
 905 00d7 10        		.uleb128 0x10
 906 00d8 0F        		.uleb128 0xf
 907 00d9 00        		.byte	0
 908 00da 0B        		.uleb128 0xb
 909 00db 0B        		.uleb128 0xb
 910 00dc 49        		.uleb128 0x49
 911 00dd 13        		.uleb128 0x13
 912 00de 00        		.byte	0
 913 00df 00        		.byte	0
 914 00e0 11        		.uleb128 0x11
 915 00e1 15        		.uleb128 0x15
 916 00e2 01        		.byte	0x1
 917 00e3 27        		.uleb128 0x27
 918 00e4 0C        		.uleb128 0xc
 919 00e5 49        		.uleb128 0x49
 920 00e6 13        		.uleb128 0x13
 921 00e7 01        		.uleb128 0x1
 922 00e8 13        		.uleb128 0x13
 923 00e9 00        		.byte	0
 924 00ea 00        		.byte	0
 925 00eb 12        		.uleb128 0x12
 926 00ec 05        		.uleb128 0x5
 927 00ed 00        		.byte	0
 928 00ee 49        		.uleb128 0x49
 929 00ef 13        		.uleb128 0x13
 930 00f0 00        		.byte	0
 931 00f1 00        		.byte	0
 932 00f2 13        		.uleb128 0x13
 933 00f3 01        		.uleb128 0x1
 934 00f4 01        		.byte	0x1
 935 00f5 49        		.uleb128 0x49
 936 00f6 13        		.uleb128 0x13
 937 00f7 01        		.uleb128 0x1
 938 00f8 13        		.uleb128 0x13
 939 00f9 00        		.byte	0
 940 00fa 00        		.byte	0
 941 00fb 14        		.uleb128 0x14
 942 00fc 21        		.uleb128 0x21
 943 00fd 00        		.byte	0
 944 00fe 00        		.byte	0
 945 00ff 00        		.byte	0
 946 0100 15        		.uleb128 0x15
 947 0101 34        		.uleb128 0x34
 948 0102 00        		.byte	0
 949 0103 03        		.uleb128 0x3
 950 0104 0E        		.uleb128 0xe
 951 0105 3A        		.uleb128 0x3a
 952 0106 0B        		.uleb128 0xb
 953 0107 3B        		.uleb128 0x3b
 954 0108 05        		.uleb128 0x5
 955 0109 39        		.uleb128 0x39
 956 010a 0B        		.uleb128 0xb
 957 010b 49        		.uleb128 0x49
 958 010c 13        		.uleb128 0x13
 959 010d 3F        		.uleb128 0x3f
 960 010e 0C        		.uleb128 0xc
 961 010f 3C        		.uleb128 0x3c
 962 0110 0C        		.uleb128 0xc
 963 0111 00        		.byte	0
 964 0112 00        		.byte	0
 965 0113 16        		.uleb128 0x16
 966 0114 21        		.uleb128 0x21
 967 0115 00        		.byte	0
 968 0116 49        		.uleb128 0x49
 969 0117 13        		.uleb128 0x13
 970 0118 2F        		.uleb128 0x2f
 971 0119 0B        		.uleb128 0xb
 972 011a 00        		.byte	0
 973 011b 00        		.byte	0
 974 011c 17        		.uleb128 0x17
 975 011d 17        		.uleb128 0x17
 976 011e 01        		.byte	0x1
 977 011f 0B        		.uleb128 0xb
 978 0120 0B        		.uleb128 0xb
 979 0121 3A        		.uleb128 0x3a
 980 0122 0B        		.uleb128 0xb
 981 0123 3B        		.uleb128 0x3b
 982 0124 0B        		.uleb128 0xb
 983 0125 39        		.uleb128 0x39
 984 0126 0B        		.uleb128 0xb
 985 0127 01        		.uleb128 0x1
 986 0128 13        		.uleb128 0x13
 987 0129 00        		.byte	0
 988 012a 00        		.byte	0
 989 012b 18        		.uleb128 0x18
 990 012c 0D        		.uleb128 0xd
 991 012d 00        		.byte	0
 992 012e 03        		.uleb128 0x3
 993 012f 08        		.uleb128 0x8
 994 0130 3A        		.uleb128 0x3a
 995 0131 0B        		.uleb128 0xb
 996 0132 3B        		.uleb128 0x3b
 997 0133 0B        		.uleb128 0xb
 998 0134 39        		.uleb128 0x39
 999 0135 0B        		.uleb128 0xb
 1000 0136 49        		.uleb128 0x49
 1001 0137 13        		.uleb128 0x13
 1002 0138 00        		.byte	0
 1003 0139 00        		.byte	0
 1004 013a 19        		.uleb128 0x19
 1005 013b 0D        		.uleb128 0xd
 1006 013c 00        		.byte	0
 1007 013d 49        		.uleb128 0x49
 1008 013e 13        		.uleb128 0x13
 1009 013f 00        		.byte	0
 1010 0140 00        		.byte	0
 1011 0141 1A        		.uleb128 0x1a
 1012 0142 15        		.uleb128 0x15
 1013 0143 00        		.byte	0
 1014 0144 27        		.uleb128 0x27
 1015 0145 0C        		.uleb128 0xc
 1016 0146 49        		.uleb128 0x49
 1017 0147 13        		.uleb128 0x13
 1018 0148 00        		.byte	0
 1019 0149 00        		.byte	0
 1020 014a 1B        		.uleb128 0x1b
 1021 014b 15        		.uleb128 0x15
 1022 014c 01        		.byte	0x1
 1023 014d 27        		.uleb128 0x27
 1024 014e 0C        		.uleb128 0xc
 1025 014f 01        		.uleb128 0x1
 1026 0150 13        		.uleb128 0x13
 1027 0151 00        		.byte	0
 1028 0152 00        		.byte	0
 1029 0153 1C        		.uleb128 0x1c
 1030 0154 34        		.uleb128 0x34
 1031 0155 00        		.byte	0
 1032 0156 03        		.uleb128 0x3
 1033 0157 0E        		.uleb128 0xe
 1034 0158 3A        		.uleb128 0x3a
 1035 0159 0B        		.uleb128 0xb
 1036 015a 3B        		.uleb128 0x3b
 1037 015b 0B        		.uleb128 0xb
 1038 015c 39        		.uleb128 0x39
 1039 015d 0B        		.uleb128 0xb
 1040 015e 49        		.uleb128 0x49
 1041 015f 13        		.uleb128 0x13
 1042 0160 3F        		.uleb128 0x3f
 1043 0161 0C        		.uleb128 0xc
 1044 0162 00        		.byte	0
 1045 0163 00        		.byte	0
 1046 0164 1D        		.uleb128 0x1d
 1047 0165 2E        		.uleb128 0x2e
 1048 0166 00        		.byte	0
 1049 0167 3F        		.uleb128 0x3f
 1050 0168 0C        		.uleb128 0xc
 1051 0169 03        		.uleb128 0x3
 1052 016a 0E        		.uleb128 0xe
 1053 016b 3A        		.uleb128 0x3a
 1054 016c 0B        		.uleb128 0xb
 1055 016d 3B        		.uleb128 0x3b
 1056 016e 0B        		.uleb128 0xb
 1057 016f 39        		.uleb128 0x39
 1058 0170 0B        		.uleb128 0xb
 1059 0171 27        		.uleb128 0x27
 1060 0172 0C        		.uleb128 0xc
 1061 0173 49        		.uleb128 0x49
 1062 0174 13        		.uleb128 0x13
 1063 0175 00        		.byte	0
 1064 0176 00        		.byte	0
 1065 0177 1E        		.uleb128 0x1e
 1066 0178 2E        		.uleb128 0x2e
 1067 0179 01        		.byte	0x1
 1068 017a 3F        		.uleb128 0x3f
 1069 017b 0C        		.uleb128 0xc
 1070 017c 03        		.uleb128 0x3
 1071 017d 0E        		.uleb128 0xe
 1072 017e 3A        		.uleb128 0x3a
 1073 017f 0B        		.uleb128 0xb
 1074 0180 3B        		.uleb128 0x3b
 1075 0181 0B        		.uleb128 0xb
 1076 0182 39        		.uleb128 0x39
 1077 0183 0B        		.uleb128 0xb
 1078 0184 27        		.uleb128 0x27
 1079 0185 0C        		.uleb128 0xc
 1080 0186 01        		.uleb128 0x1
 1081 0187 13        		.uleb128 0x13
 1082 0188 00        		.byte	0
 1083 0189 00        		.byte	0
 1084 018a 1F        		.uleb128 0x1f
 1085 018b 05        		.uleb128 0x5
 1086 018c 00        		.byte	0
 1087 018d 03        		.uleb128 0x3
 1088 018e 0E        		.uleb128 0xe
 1089 018f 3A        		.uleb128 0x3a
 1090 0190 0B        		.uleb128 0xb
 1091 0191 3B        		.uleb128 0x3b
 1092 0192 0B        		.uleb128 0xb
 1093 0193 39        		.uleb128 0x39
 1094 0194 0B        		.uleb128 0xb
 1095 0195 49        		.uleb128 0x49
 1096 0196 13        		.uleb128 0x13
 1097 0197 00        		.byte	0
 1098 0198 00        		.byte	0
 1099 0199 20        		.uleb128 0x20
 1100 019a 2E        		.uleb128 0x2e
 1101 019b 01        		.byte	0x1
 1102 019c 3F        		.uleb128 0x3f
 1103 019d 0C        		.uleb128 0xc
 1104 019e 03        		.uleb128 0x3
 1105 019f 0E        		.uleb128 0xe
 1106 01a0 3A        		.uleb128 0x3a
 1107 01a1 0B        		.uleb128 0xb
 1108 01a2 3B        		.uleb128 0x3b
 1109 01a3 0B        		.uleb128 0xb
 1110 01a4 39        		.uleb128 0x39
 1111 01a5 0B        		.uleb128 0xb
 1112 01a6 27        		.uleb128 0x27
 1113 01a7 0C        		.uleb128 0xc
 1114 01a8 00        		.byte	0
 1115 01a9 00        		.byte	0
 1116 01aa 00        		.byte	0
 1117               		.section	.gnu.debuglto_.debug_line,"e",@progbits
 1118               	.Ldebug_line0:
 1119 0000 7701 0000 		.long	.LELT0-.LSLT0
 1120               	.LSLT0:
 1121 0004 0200      		.word	0x2
 1122 0006 7101 0000 		.long	.LELTP0-.LASLTP0
 1123               	.LASLTP0:
 1124 000a 01        		.byte	0x1
 1125 000b 01        		.byte	0x1
 1126 000c F6        		.byte	0xf6
 1127 000d F2        		.byte	0xf2
 1128 000e 0D        		.byte	0xd
 1129 000f 00        		.byte	0
 1130 0010 01        		.byte	0x1
 1131 0011 01        		.byte	0x1
 1132 0012 01        		.byte	0x1
 1133 0013 01        		.byte	0x1
 1134 0014 00        		.byte	0
 1135 0015 00        		.byte	0
 1136 0016 00        		.byte	0
 1137 0017 01        		.byte	0x1
 1138 0018 00        		.byte	0
 1139 0019 00        		.byte	0
 1140 001a 01        		.byte	0x1
 1141 001b 6C69 622F 		.ascii	"lib/lufa/LUFA/Drivers/USB/Core/AVR8/.."
 1141      6C75 6661 
 1141      2F4C 5546 
 1141      412F 4472 
 1141      6976 6572 
 1142 0041 00        		.byte	0
 1143 0042 6C69 622F 		.ascii	"lib/lufa/LUFA/Drivers/USB/Core"
 1143      6C75 6661 
 1143      2F4C 5546 
 1143      412F 4472 
 1143      6976 6572 
 1144 0060 00        		.byte	0
 1145 0061 746D 6B5F 		.ascii	"tmk_core/common"
 1145      636F 7265 
 1145      2F63 6F6D 
 1145      6D6F 6E
 1146 0070 00        		.byte	0
 1147 0071 746D 6B5F 		.ascii	"tmk_core/protocol/lufa"
 1147      636F 7265 
 1147      2F70 726F 
 1147      746F 636F 
 1147      6C2F 6C75 
 1148 0087 00        		.byte	0
 1149 0088 2F75 7372 		.ascii	"/usr/local/Cellar/avr-gcc/9.2.0/avr/include"
 1149      2F6C 6F63 
 1149      616C 2F43 
 1149      656C 6C61 
 1149      722F 6176 
 1150 00b3 00        		.byte	0
 1151 00b4 00        		.byte	0
 1152 00b5 7374 6469 		.string	"stdint.h"
 1152      6E74 2E68 
 1152      00
 1153 00be 05        		.uleb128 0x5
 1154 00bf 00        		.uleb128 0
 1155 00c0 00        		.uleb128 0
 1156 00c1 5374 6452 		.string	"StdRequestType.h"
 1156      6571 7565 
 1156      7374 5479 
 1156      7065 2E68 
 1156      00
 1157 00d2 01        		.uleb128 0x1
 1158 00d3 00        		.uleb128 0
 1159 00d4 00        		.uleb128 0
 1160 00d5 4465 7669 		.string	"DeviceStandardReq.h"
 1160      6365 5374 
 1160      616E 6461 
 1160      7264 5265 
 1160      712E 6800 
 1161 00e9 01        		.uleb128 0x1
 1162 00ea 00        		.uleb128 0
 1163 00eb 00        		.uleb128 0
 1164 00ec 5553 4254 		.string	"USBTask.h"
 1164      6173 6B2E 
 1164      6800 
 1165 00f6 02        		.uleb128 0x2
 1166 00f7 00        		.uleb128 0
 1167 00f8 00        		.uleb128 0
 1168 00f9 486F 7374 		.string	"HostStandardReq.h"
 1168      5374 616E 
 1168      6461 7264 
 1168      5265 712E 
 1168      6800 
 1169 010b 02        		.uleb128 0x2
 1170 010c 00        		.uleb128 0
 1171 010d 00        		.uleb128 0
 1172 010e 7374 6469 		.string	"stdio.h"
 1172      6F2E 6800 
 1173 0116 05        		.uleb128 0x5
 1174 0117 00        		.uleb128 0
 1175 0118 00        		.uleb128 0
 1176 0119 7265 706F 		.string	"report.h"
 1176      7274 2E68 
 1176      00
 1177 0122 03        		.uleb128 0x3
 1178 0123 00        		.uleb128 0
 1179 0124 00        		.uleb128 0
 1180 0125 686F 7374 		.string	"host_driver.h"
 1180      5F64 7269 
 1180      7665 722E 
 1180      6800 
 1181 0133 03        		.uleb128 0x3
 1182 0134 00        		.uleb128 0
 1183 0135 00        		.uleb128 0
 1184 0136 686F 7374 		.string	"host.h"
 1184      2E68 00
 1185 013d 03        		.uleb128 0x3
 1186 013e 00        		.uleb128 0
 1187 013f 00        		.uleb128 0
 1188 0140 6C75 6661 		.string	"lufa.h"
 1188      2E68 00
 1189 0147 04        		.uleb128 0x4
 1190 0148 00        		.uleb128 0
 1191 0149 00        		.uleb128 0
 1192 014a 4465 7669 		.string	"Device.h"
 1192      6365 2E68 
 1192      00
 1193 0153 01        		.uleb128 0x1
 1194 0154 00        		.uleb128 0
 1195 0155 00        		.uleb128 0
 1196 0156 6F75 7470 		.string	"outputselect.h"
 1196      7574 7365 
 1196      6C65 6374 
 1196      2E68 00
 1197 0165 04        		.uleb128 0x4
 1198 0166 00        		.uleb128 0
 1199 0167 00        		.uleb128 0
 1200 0168 6F75 7470 		.string	"outputselect.c"
 1200      7574 7365 
 1200      6C65 6374 
 1200      2E63 00
 1201 0177 04        		.uleb128 0x4
 1202 0178 00        		.uleb128 0
 1203 0179 00        		.uleb128 0
 1204 017a 00        		.byte	0
 1205               	.LELTP0:
 1206               	.LELT0:
 1207               		.section	.gnu.debuglto_.debug_str,"eMS",@progbits,1
 1208               	.LASF44:
 1209 0000 7365 6E64 		.string	"send_mouse"
 1209      5F6D 6F75 
 1209      7365 00
 1210               	.LASF61:
 1211 000b 474E 5520 		.string	"GNU C99 9.2.0 -mn-flash=1 -mno-skip-bug -mmcu=avr5 -gdwarf-2 -Os -std=gnu99 -funsigned-ch
 1211      4339 3920 
 1211      392E 322E 
 1211      3020 2D6D 
 1211      6E2D 666C 
 1212               	.LASF0:
 1213 00f3 696E 7438 		.string	"int8_t"
 1213      5F74 00
 1214               	.LASF17:
 1215 00fa 6252 6571 		.string	"bRequest"
 1215      7565 7374 
 1215      00
 1216               	.LASF42:
 1217 0103 6B65 7962 		.string	"keyboard_leds"
 1217      6F61 7264 
 1217      5F6C 6564 
 1217      7300 
 1218               	.LASF56:
 1219 0111 4F55 5450 		.string	"OUTPUT_BLUETOOTH"
 1219      5554 5F42 
 1219      4C55 4554 
 1219      4F4F 5448 
 1219      00
 1220               	.LASF15:
 1221 0122 4445 5649 		.string	"DEVICE_STATE_Suspended"
 1221      4345 5F53 
 1221      5441 5445 
 1221      5F53 7573 
 1221      7065 6E64 
 1222               	.LASF40:
 1223 0139 6275 7474 		.string	"buttons"
 1223      6F6E 7300 
 1224               	.LASF58:
 1225 0141 7768 6572 		.string	"where_to_send"
 1225      655F 746F 
 1225      5F73 656E 
 1225      6400 
 1226               	.LASF49:
 1227 014f 6B65 7962 		.string	"keyboard_protocol"
 1227      6F61 7264 
 1227      5F70 726F 
 1227      746F 636F 
 1227      6C00 
 1228               	.LASF55:
 1229 0161 4F55 5450 		.string	"OUTPUT_USB"
 1229      5554 5F55 
 1229      5342 00
 1230               	.LASF46:
 1231 016c 7365 6E64 		.string	"send_consumer"
 1231      5F63 6F6E 
 1231      7375 6D65 
 1231      7200 
 1232               	.LASF54:
 1233 017a 4F55 5450 		.string	"OUTPUT_NONE"
 1233      5554 5F4E 
 1233      4F4E 4500 
 1234               	.LASF43:
 1235 0186 7365 6E64 		.string	"send_keyboard"
 1235      5F6B 6579 
 1235      626F 6172 
 1235      6400 
 1236               	.LASF10:
 1237 0194 4445 5649 		.string	"DEVICE_STATE_Unattached"
 1237      4345 5F53 
 1237      5441 5445 
 1237      5F55 6E61 
 1237      7474 6163 
 1238               	.LASF29:
 1239 01ac 5553 425F 		.string	"USB_Host_ConfigurationNumber"
 1239      486F 7374 
 1239      5F43 6F6E 
 1239      6669 6775 
 1239      7261 7469 
 1240               	.LASF36:
 1241 01c9 6D6F 6473 		.string	"mods"
 1241      00
 1242               	.LASF1:
 1243 01ce 7569 6E74 		.string	"uint8_t"
 1243      385F 7400 
 1244               	.LASF39:
 1245 01d6 7265 706F 		.string	"report_keyboard_t"
 1245      7274 5F6B 
 1245      6579 626F 
 1245      6172 645F 
 1245      7400 
 1246               	.LASF22:
 1247 01e8 5553 425F 		.string	"USB_Device_ConfigurationNumber"
 1247      4465 7669 
 1247      6365 5F43 
 1247      6F6E 6669 
 1247      6775 7261 
 1248               	.LASF47:
 1249 0207 686F 7374 		.string	"host_driver_t"
 1249      5F64 7269 
 1249      7665 725F 
 1249      7400 
 1250               	.LASF67:
 1251 0215 7365 745F 		.string	"set_output"
 1251      6F75 7470 
 1251      7574 00
 1252               	.LASF8:
 1253 0220 6C6F 6E67 		.string	"long long int"
 1253      206C 6F6E 
 1253      6720 696E 
 1253      7400 
 1254               	.LASF50:
 1255 022e 6C75 6661 		.string	"lufa_driver"
 1255      5F64 7269 
 1255      7665 7200 
 1256               	.LASF6:
 1257 023a 6C6F 6E67 		.string	"long int"
 1257      2069 6E74 
 1257      00
 1258               	.LASF28:
 1259 0243 5553 425F 		.string	"USB_DeviceState"
 1259      4465 7669 
 1259      6365 5374 
 1259      6174 6500 
 1260               	.LASF41:
 1261 0253 7265 706F 		.string	"report_mouse_t"
 1261      7274 5F6D 
 1261      6F75 7365 
 1261      5F74 00
 1262               	.LASF26:
 1263 0262 5553 425F 		.string	"USB_IsInitialized"
 1263      4973 496E 
 1263      6974 6961 
 1263      6C69 7A65 
 1263      6400 
 1264               	.LASF59:
 1265 0274 6175 746F 		.string	"auto_detect_output"
 1265      5F64 6574 
 1265      6563 745F 
 1265      6F75 7470 
 1265      7574 00
 1266               	.LASF18:
 1267 0287 7756 616C 		.string	"wValue"
 1267      7565 00
 1268               	.LASF52:
 1269 028e 6F75 7470 		.string	"outputs"
 1269      7574 7300 
 1270               	.LASF21:
 1271 0296 5553 425F 		.string	"USB_Request_Header_t"
 1271      5265 7175 
 1271      6573 745F 
 1271      4865 6164 
 1271      6572 5F74 
 1272               	.LASF38:
 1273 02ab 6B65 7973 		.string	"keys"
 1273      00
 1274               	.LASF23:
 1275 02b0 5553 425F 		.string	"USB_Device_RemoteWakeupEnabled"
 1275      4465 7669 
 1275      6365 5F52 
 1275      656D 6F74 
 1275      6557 616B 
 1276               	.LASF3:
 1277 02cf 756E 7369 		.string	"unsigned char"
 1277      676E 6564 
 1277      2063 6861 
 1277      7200 
 1278               	.LASF48:
 1279 02dd 6B65 7962 		.string	"keyboard_idle"
 1279      6F61 7264 
 1279      5F69 646C 
 1279      6500 
 1280               	.LASF64:
 1281 02eb 5F5F 6669 		.string	"__file"
 1281      6C65 00
 1282               	.LASF2:
 1283 02f2 7369 676E 		.string	"signed char"
 1283      6564 2063 
 1283      6861 7200 
 1284               	.LASF31:
 1285 02fe 666C 6167 		.string	"flags"
 1285      7300 
 1286               	.LASF9:
 1287 0304 6C6F 6E67 		.string	"long long unsigned int"
 1287      206C 6F6E 
 1287      6720 756E 
 1287      7369 676E 
 1287      6564 2069 
 1288               	.LASF5:
 1289 031b 756E 7369 		.string	"unsigned int"
 1289      676E 6564 
 1289      2069 6E74 
 1289      00
 1290               	.LASF4:
 1291 0328 7569 6E74 		.string	"uint16_t"
 1291      3136 5F74 
 1291      00
 1292               	.LASF14:
 1293 0331 4445 5649 		.string	"DEVICE_STATE_Configured"
 1293      4345 5F53 
 1293      5441 5445 
 1293      5F43 6F6E 
 1293      6669 6775 
 1294               	.LASF30:
 1295 0349 756E 6765 		.string	"unget"
 1295      7400 
 1296               	.LASF33:
 1297 034f 7564 6174 		.string	"udata"
 1297      6100 
 1298               	.LASF34:
 1299 0355 6368 6172 		.string	"char"
 1299      00
 1300               	.LASF62:
 1301 035a 746D 6B5F 		.string	"tmk_core/protocol/lufa/outputselect.c"
 1301      636F 7265 
 1301      2F70 726F 
 1301      746F 636F 
 1301      6C2F 6C75 
 1302               	.LASF63:
 1303 0380 2F55 7365 		.string	"/Users/tars/Desktop/keyboards"
 1303      7273 2F74 
 1303      6172 732F 
 1303      4465 736B 
 1303      746F 702F 
 1304               	.LASF60:
 1305 039e 6F75 7470 		.string	"output"
 1305      7574 00
 1306               	.LASF65:
 1307 03a5 6465 7369 		.string	"desired_output"
 1307      7265 645F 
 1307      6F75 7470 
 1307      7574 00
 1308               	.LASF24:
 1309 03b4 5F42 6F6F 		.string	"_Bool"
 1309      6C00 
 1310               	.LASF16:
 1311 03ba 626D 5265 		.string	"bmRequestType"
 1311      7175 6573 
 1311      7454 7970 
 1311      6500 
 1312               	.LASF57:
 1313 03c8 4F55 5450 		.string	"OUTPUT_USB_AND_BT"
 1313      5554 5F55 
 1313      5342 5F41 
 1313      4E44 5F42 
 1313      5400 
 1314               	.LASF7:
 1315 03da 6C6F 6E67 		.string	"long unsigned int"
 1315      2075 6E73 
 1315      6967 6E65 
 1315      6420 696E 
 1315      7400 
 1316               	.LASF53:
 1317 03ec 4F55 5450 		.string	"OUTPUT_AUTO"
 1317      5554 5F41 
 1317      5554 4F00 
 1318               	.LASF51:
 1319 03f8 5553 425F 		.string	"USB_Device_States_t"
 1319      4465 7669 
 1319      6365 5F53 
 1319      7461 7465 
 1319      735F 7400 
 1320               	.LASF32:
 1321 040c 7369 7A65 		.string	"size"
 1321      00
 1322               	.LASF25:
 1323 0411 5553 425F 		.string	"USB_Device_CurrentlySelfPowered"
 1323      4465 7669 
 1323      6365 5F43 
 1323      7572 7265 
 1323      6E74 6C79 
 1324               	.LASF11:
 1325 0431 4445 5649 		.string	"DEVICE_STATE_Powered"
 1325      4345 5F53 
 1325      5441 5445 
 1325      5F50 6F77 
 1325      6572 6564 
 1326               	.LASF35:
 1327 0446 5F5F 696F 		.string	"__iob"
 1327      6200 
 1328               	.LASF27:
 1329 044c 5553 425F 		.string	"USB_ControlRequest"
 1329      436F 6E74 
 1329      726F 6C52 
 1329      6571 7565 
 1329      7374 00
 1330               	.LASF13:
 1331 045f 4445 5649 		.string	"DEVICE_STATE_Addressed"
 1331      4345 5F53 
 1331      5441 5445 
 1331      5F41 6464 
 1331      7265 7373 
 1332               	.LASF45:
 1333 0476 7365 6E64 		.string	"send_system"
 1333      5F73 7973 
 1333      7465 6D00 
 1334               	.LASF20:
 1335 0482 774C 656E 		.string	"wLength"
 1335      6774 6800 
 1336               	.LASF37:
 1337 048a 7265 7365 		.string	"reserved"
 1337      7276 6564 
 1337      00
 1338               	.LASF66:
 1339 0493 7365 745F 		.string	"set_output_user"
 1339      6F75 7470 
 1339      7574 5F75 
 1339      7365 7200 
 1340               	.LASF19:
 1341 04a3 7749 6E64 		.string	"wIndex"
 1341      6578 00
 1342               	.LASF12:
 1343 04aa 4445 5649 		.string	"DEVICE_STATE_Default"
 1343      4345 5F53 
 1343      5441 5445 
 1343      5F44 6566 
 1343      6175 6C74 
 1344               		.text
 1345               		.section	.gnu.lto_.profile.bf0fcf3fa74416bb,"e",@progbits
 1346 0000 789C E360 		.string	"x\234\343``\004B "
 1346      6004 4220 
 1346      00
 1347 0009 00        		.string	""
 1348 000a 00        		.string	""
 1349 000b 5D00      		.string	"]"
 1350 000d 0B        		.ascii	"\013"
 1351               		.text
 1352               		.section	.gnu.lto_.icf.bf0fcf3fa74416bb,"e",@progbits
 1353 0000 789C E360 		.string	"x\234\343``dP`@"
 1353      6064 5060 
 1353      4000 
 1354 000a 5686 195F 		.string	"V\206\031_\217?fg\334\335>\363\027'SW\363\221\223\254\314W\033g?\342b\235x\374\315\036f\0
 1354      8F3F 6667 
 1354      DCDD 3EF3 
 1354      1727 5357 
 1354      F391 93AC 
 1355 002d FA46 0ED5 		.ascii	"\372F\016\325"
 1356               		.text
 1357               		.section	.gnu.lto_.jmpfuncs.bf0fcf3fa74416bb,"e",@progbits
 1358 0000 789C E360 		.string	"x\234\343``d\320b@"
 1358      6064 D062 
 1358      4000 
 1359 000a 1606 4646 		.string	"\026\006FF\006\206\371\314@\212\221\261\036H3\261\324\001\205\031\017"
 1359      0686 F9CC 
 1359      408A 91B1 
 1359      1E48 33B1 
 1359      D401 8519 
 1360 0020 8581 F83F 		.string	"\205\201\370?#\0033\003\003+H%"
 1360      2303 3303 
 1360      032B 4825 
 1360      00
 1361 002d 72D1 0512 		.ascii	"r\321\005\022"
 1362               		.text
 1363               		.section	.gnu.lto_.inline.bf0fcf3fa74416bb,"e",@progbits
 1364 0000 789C E360 		.string	"x\234\343``d\230\303\200"
 1364      6064 98C3 
 1364      8000 
 1365 000a 2C0C 0CCC 		.string	",\f\f\314\r@\300\224\302\310\300\304\300\320\bd\32610\260A\204\230@B\f@\035 \376\001\3464
 1365      0D40 C094 
 1365      C2C8 C0C4 
 1365      C0D0 0864 
 1365      D631 30B0 
 1366 0056 A837 209C 		.ascii	"\2507 \234"
 1367               		.text
 1368               		.section	.gnu.lto_.pureconst.bf0fcf3fa74416bb,"e",@progbits
 1369 0000 789C E360 		.string	"x\234\343``d\340e```a\230\301\3028\203\205y\026\013\353\f\026"
 1369      6064 E065 
 1369      6060 6061 
 1369      98C1 C238 
 1369      8385 7916 
 1370 0019 11DD 0296 		.ascii	"\021\335\002\226"
 1371               		.text
 1372               		.section	.gnu.lto_set_output_user.bf0fcf3fa74416bb,"e",@progbits
 1373 0000 789C 554E 		.string	"x\234UN\277K\303`\024\274\313\327\304\024tW\212 \016\226,m\240\212\253\340\342\177!\022\3
 1373      BF4B C360 
 1373      14BC CBD7 
 1373      C414 7457 
 1373      8A20 0E96 
 1374 00bd 060A 7995 		.ascii	"\006\ny\225\n%\003\016\224Q\212D\213\te\2710\276\263\277T\220"
 1374      0A25 030E 
 1374      9451 8A44 
 1374      8B09 65B9 
 1374      30BE B3BF 
 1375 00d3 7C06 8A7F 		.ascii	"|\006\212\177\377\300J\264\267\273\355\205]\277\331\351\206Q"
 1375      FFC0 4AB4 
 1375      B7BB ED85 
 1375      5DBF D9E9 
 1375      8651 
 1376 00e5 E885 4133 		.ascii	"\350\205A3\210\333;\3150\216:q\264\357\007\276\0275<X\245\236"
 1376      88DB 3BCD 
 1376      308E 3A71 
 1376      B4EF 07BE 
 1376      1735 3C58 
 1377 00fb FFBF 6EB8 		.ascii	"\377\277n\270\353\255\366\352\232\353\341\007N\250]\004"
 1377      EBAD F6EA 
 1377      9AEB E107 
 1377      4EA8 5D04 
 1378               		.text
 1379               		.section	.gnu.lto_set_output.bf0fcf3fa74416bb,"e",@progbits
 1380 0000 789C 5D8F 		.ascii	"x\234]\217;K\003Q\020\205\347\354l\342\006\264\017\210`\245\004"
 1380      3B4B 0351 
 1380      1085 E7EC 
 1380      6CE2 06B4 
 1380      0F88 60A5 
 1381 0015 2409 44B1 		.ascii	"$\tD\261\025l\374\027\"K\322\030\331\0207unb E|T\342\003t\305"
 1381      156C FC17 
 1381      224B D218 
 1381      D910 3775 
 1381      6E62 2045 
 1382 002f 07A6 134B 		.ascii	"\007\246\023K\337\253\205 \244\020\013\033\321\302\"\205\210"
 1382      DFAB 8520 
 1382      A410 0B1B 
 1382      D1C2 2285 
 1382      88
 1383 0040 16A2 166A 		.ascii	"\026\242\026j\342\354F\020\2750pf\356\234\2173\006\201L\020\215"
 1383      E2EC 4610 
 1383      BD30 7066 
 1383      EE9C 8F33 
 1383      0681 4C10 
 1384 0055 1051 9714 		.ascii	"\020Q\227\024\230\240)\245\206\332\n\206\006\370J\031\240\274"
 1384      98A0 29A5 
 1384      86DA 0A86 
 1384      06F8 4A19 
 1384      A0BC 
 1385 0067 863C E678 		.ascii	"\206<\346x\201qV\256\357i\221m\371Q\356\302[XU]8L\264$\325z\330"
 1385      8171 56AE 
 1385      EF69 916D 
 1385      F951 EEC2 
 1385      5B58 555D 
 1386 0082 4744 F63E 		.ascii	"GD\366>gn\027\003\034\001\211>.\274\253P\357\226RE\345\326\206"
 1386      676E 1703 
 1386      1C01 893E 
 1386      2EBC AB50 
 1386      EF96 5245 
 1387 0099 55BB C3C0 		.ascii	"U\273\303\300\001X<Ht\"\336I$\223\370j\210p\210^\362\034\367"
 1387      0158 3C48 
 1387      7422 DE49 
 1387      2493 F86A 
 1387      8870 885E 
 1388 00b0 BB8D F98E 		.ascii	"\273\215\371\216\240\376\203\305\021\202\022\224h\347*\340\252"
 1388      A0FE 83C5 
 1388      1182 1294 
 1388      68E7 2AE0 
 1388      AA
 1389 00c1 46B3 2C98 		.ascii	"F\263,\230M|\351\001\211\350;*L^ \035\312%\232f\255\325\024\244"
 1389      4D7C E901 
 1389      89E8 3B2A 
 1389      4C5E 201D 
 1389      CA25 9A66 
 1390 00d9 A943 ADBF 		.ascii	"\251C\255\277D|\300#J\335\276\020\376J\265\326\f\225P,\030\016"
 1390      447C C023 
 1390      4ADD BE10 
 1390      FE4A B5D6 
 1390      0C95 502C 
 1391 00ef 6B4B 2C6C 		.ascii	"kK,l\034\243\004Za\315a\366]\257\360\227\037P\\\276\350\363\244"
 1391      1CA3 045A 
 1391      61CD 61F6 
 1391      5DAF F097 
 1391      1F50 5CBE 
 1392 0106 D866 A79E 		.ascii	"\330f\247\236\357\214YvX\307\177\212\276\341E\225\341\365\315"
 1392      EF8C 5976 
 1392      58C7 7F8A 
 1392      BEE1 4595 
 1392      E1F5 CD
 1393 0119 F925 B6B0 		.ascii	"\371%\266\260\001\357JW\2408\201\\\210S\031\n\236\236P\\\373"
 1393      01EF 4A57 
 1393      A038 815C 
 1393      8853 190A 
 1393      9E9E 505C 
 1394 012e 08F9 6CEF 		.ascii	"\b\371l\357U\030\277\321\211z\354\211\361Q\323\312&c\231\254"
 1394      5518 BFD1 
 1394      897A EC89 
 1394      F151 D3CA 
 1394      2663 99AC 
 1395 0142 655B A695 		.ascii	"e[\246\225\216\245s\251\261\230\225\26339{2\231N\232v\324\244"
 1395      8EA5 73A9 
 1395      B198 95B3 
 1395      3339 7B32 
 1395      994E 9A76 
 1396 0158 60AB 0FFF 		.ascii	"`\253\017\377\035G\343\203\211T\377@\334\244o\243\007\211U"
 1396      1D47 E383 
 1396      8954 FF40 
 1396      DCA4 6FA3 
 1396      0789 55
 1397               		.text
 1398               		.section	.gnu.lto_auto_detect_output.bf0fcf3fa74416bb,"e",@progbits
 1399 0000 789C 4550 		.string	"x\234EPK/\203Q\020\235s\347\266>B\327\222\256\t\026*\261!6\376\211HS\033\225O\370\272vKE\
 1399      4B2F 8351 
 1399      109D 73E7 
 1399      B63E 42D7 
 1399      92AE 0916 
 1400 00fc 2960 1F22 		.string	")`\037\"\030\207(\200\036\220\272==C\231s\365a6\023\262\234b\n\216P\332l\222\255e>\375\01
 1400      1887 2880 
 1400      1E90 BA3D 
 1400      3D43 9973 
 1400      F561 3613 
 1401 0150 A27A AFAF 		.ascii	"\242z\257\257\267+\352\016\304\"\375\003\256\347F\335x$\236\350"
 1401      B72B EA0E 
 1401      C422 FD03 
 1401      AEE7 46DD 
 1401      7824 9EE8 
 1402 0164 E98E B809 		.ascii	"\351\216\270\t\257?\341\r\306\342\261\250\327\034\245_\365N\211"
 1402      AF3F E10D 
 1402      C6E2 B1A8 
 1402      D71C A55F 
 1402      F54E 89
 1403 0177 45        		.ascii	"E"
 1404               		.text
 1405               		.section	.gnu.lto_where_to_send.bf0fcf3fa74416bb,"e",@progbits
 1406 0000 789C 6D50 		.ascii	"x\234mP\273JCA\020\235\263\263\271^%\332\213\275hc\004\033\301"
 1406      BB4A 4341 
 1406      109D B3B3 
 1406      B95E 25DA 
 1406      8BBD 6863 
 1407 0017 C6CA DF10 		.ascii	"\306\312\337\020\t\2611rEo\352lb|\200A\005\037!`\210\017D;\021"
 1407      09B1 3172 
 1407      456F EA6C 
 1407      627C 8041 
 1407      051F 2160 
 1408 0030 3B1F F182 		.ascii	";\037\361\202\"\b\026\301\302BA\305'H\320N\304B\235\033\305\200"
 1408      2208 16C1 
 1408      C242 41C5 
 1408      2748 D04E 
 1408      C442 9D1B 
 1409 0046 B8B0 C3CC 		.ascii	"\270\260\303\314\331\2359\347\214M\240Q\0205\021Q\207\\\004\b"
 1409      D99D 39E7 
 1409      8C4D A051 
 1409      1035 1151 
 1409      875C 0408 
 1410 005a CA18 D359 		.ascii	"\312\030\323Y\225\260\225\342\273\261\367\24065z\341m\244M\233"
 1410      95B0 95E2 
 1410      BBB1 F7A0 
 1410      3635 7AE1 
 1410      6DA4 4D9B 
 1411 006e 2043 FFBC 		.ascii	" C\377\274i\240\234\031"
 1411      69A0 9C19 
 1412 0076 1B14 57AC 		.string	"\033\024W\254\021\307\024g\0303s\323Wu\315k\306$\215\227\231\265\262\343E\303y&\3122\241\
 1412      11C7 1467 
 1412      1833 73D3 
 1412      5775 CD6B 
 1412      C624 8D97 
 1413 0177 2E3B 8EFF 		.ascii	".;\216\377"
 1414               		.text
 1415               		.section	.gnu.lto_.symbol_nodes.bf0fcf3fa74416bb,"e",@progbits
 1416 0000 789C E360 		.string	"x\234\343``d\230\302"
 1416      6064 98C2 
 1416      00
 1417 0009 044C AF19 		.string	"\004L\257\031\352\031\032\200\200\205q\3029\006 \233aW\203#P\022$\365\212\241\236\021\273
 1417      EA19 1A80 
 1417      8085 71C2 
 1417      3906 209B 
 1417      6157 8323 
 1418 003a 2979 CB50 		.string	")y\313P\317\214]\t3#\324j'fV\346\205\373.<g`\\\304\310"
 1418      CF8C 5D09 
 1418      3323 D46A 
 1418      2766 56E6 
 1418      85FB 2E3C 
 1419 0054 00        		.string	""
 1420 0055 FBBB 2483 		.ascii	"\373\273$\203"
 1421               		.text
 1422               		.section	.gnu.lto_.refs.bf0fcf3fa74416bb,"e",@progbits
 1423 0000 789C 05C1 		.string	"x\234\005\301\261\r"
 1423      B10D 00
 1424 0007 00        		.string	""
 1425 0008 08C3 B0A4 		.string	"\b\303\260\244\200\304\310\377\327b/r\200\232\266\3508$<\003%"
 1425      80C4 C8FF 
 1425      D762 2F72 
 1425      809A B6E8 
 1425      3824 3C03 
 1426 001e 37        		.ascii	"7"
 1427               		.text
 1428               		.section	.gnu.lto_.decls.bf0fcf3fa74416bb,"e",@progbits
 1429 0000 789C 8D54 		.ascii	"x\234\215T]LTG\024\236s\357\262\\V\020b\214\222\340\2031\245"
 1429      5D4C 5447 
 1429      149E 73EF 
 1429      B25C 5610 
 1429      628C 92E0 
 1430 0017 495F 5888 		.ascii	"I_X\2106\325G\177\252Ic|\220\222\364m\263.\327\260\201\272d\367"
 1430      36D5 477F 
 1430      AA49 637C 
 1430      9092 F46D 
 1430      B32E D7B0 
 1431 002f AEBE 8E90 		.ascii	"\256\276\216\220\022b\nES\242FS5\366\017\245"
 1431      1262 0A45 
 1431      53A2 4653 
 1431      35F6 0FA5 
 1432 003f 4D1B 4D63 		.string	"M\033Mc@\345\212\302\362\343\302\262\n,V\263\253A\254\030h$1\221T\263\236\371\271\273w\35
 1432      40E5 8AC2 
 1432      F2E3 C2B2 
 1432      0A2C 56B3 
 1432      AB41 AC18 
 1433 0140 E026 7CE0 		.string	"\340&|\340.\316\212\230d\b$\214X\353\fNd\024\213U\324\200\244GK[C\320[\220,)\363\224\234\
 1433      2ECE 8A98 
 1433      6408 248C 
 1433      58EB 0C4E 
 1433      6414 8B55 
 1434 01b3 75EB E425 		.ascii	"u\353\344%\020\030\200\365\004\356\200CT?=y\375\007\347\246\363"
 1434      1018 80F5 
 1434      04EE 8043 
 1434      543F 3D79 
 1434      FD07 E7A6 
 1435 01c8 3465 5233 		.ascii	"4eR3}v\313\3541J\233\233(u0\030\334\302\013\303\333\302\242\333"
 1435      7D76 CBEC 
 1435      314A 9B9B 
 1435      2875 3018 
 1435      DCC2 0BC3 
 1436 01e0 8867 2E2E 		.ascii	"\210g..Mx\fU\313\032\201A\330\204\004\035\375o\223N\265\035x"
 1436      4D78 0C55 
 1436      CB1A 8141 
 1436      D884 041D 
 1436      FD6F 934E 
 1437 01f7 77E3 D1AE 		.ascii	"w\343\321\256S.\306\226\242\346\203j\372-e\342\214)b1!A$K\363"
 1437      532E C696 
 1437      A2E6 836A 
 1437      FA2D 65E2 
 1437      8C29 6231 
 1438 0210 7D01 8121 		.ascii	"}\001\201!N\323\334\265pFSO\013\232\371\310\334S\315\336>\333"
 1438      4ED3 DCB5 
 1438      7046 534F 
 1438      0B9A F9C8 
 1438      DC53 CDDE 
 1439 0226 99D5 FF08 		.ascii	"\231\325\377\b\353?,\333\277::\034\003)8\327\251~C\315\243X\244"
 1439      EB3F 2CDB 
 1439      BF3A 3A1C 
 1439      0329 38D7 
 1439      A97E 43CD 
 1440 023d 3010 0CDB 		.ascii	"0\020\f\3334\207\263\232/\260\365Q\256\331\026\375\273\317\245"
 1440      3487 B39A 
 1440      2FB0 F551 
 1440      AED9 16FD 
 1440      BBCF A5
 1441 0250 760B CD67 		.ascii	"v\013\315g\335\317\342\305\222)^\232Ct\327Ft7K\364\b\211\242"
 1441      DDCF E2C5 
 1441      9229 5E9A 
 1441      4374 D746 
 1441      7437 4BF4 
 1442 0267 9CE8 BFC4 		.ascii	"\234\350\277\304\255\213N|8\254M\306\365\362\273\211\237\362"
 1442      AD8B 4E7C 
 1442      38AC 4DC6 
 1442      F5F2 BB89 
 1442      9FF2 
 1443 0279 D51E 419C 		.ascii	"\325\036A\234J>\231\327\312/\322T?5\347w\320B\216\032\027\224"
 1443      4A3E 99D7 
 1443      CA2F D254 
 1443      3F35 E777 
 1443      D042 8E1A 
 1444 028f 994D 317F 		.ascii	"\231M1\177\f\312\252b\310\031\203r,;z\371\312\264C\035\026\034"
 1444      0CCA AA62 
 1444      C819 8372 
 1444      2C3B 7AF9 
 1444      CAB4 431D 
 1445 02a5 BF27 1EBC 		.ascii	"\277'\036\274t\262'\325\374\376'\305\256\277-\361g\001J\316\""
 1445      74B2 27D5 
 1445      FCFE 27C5 
 1445      AEBF 2DF1 
 1445      6701 4ACE 
 1446 02ba 7CBC 77E3 		.ascii	"|\274w\343\2457\035\264\265\245\004\342(<\261B\030}R\365\017"
 1446      A537 1DB4 
 1446      B5A5 04E2 
 1446      283C B142 
 1446      187D 52F5 
 1447 02cf 7E4F F7B8 		.ascii	"~O\367\270j\313@Go\021\356d\215\013\024t/L\306\232\330\037a\255"
 1447      6ACB 4047 
 1447      6F11 EE64 
 1447      8D0B 1474 
 1447      2F4C C69A 
 1448 02e7 0B4A D0FD 		.ascii	"\013J\320\375\353\371\322\347\205\307\330\303\216Q\232W\312o"
 1448      EBF9 D2E7 
 1448      85C7 D8C3 
 1448      8E51 9A57 
 1448      CA6F 
 1449 02f9 7612 65EF 		.ascii	"v\022e\357\003\243\232\202B\"&\204^\033\2772\243\330\261l\327"
 1449      03A3 9A82 
 1449      4222 2684 
 1449      5E1B BF32 
 1449      A3D8 B16C 
 1450 030e 59EC B4C0 		.ascii	"Y\354\264\300Ns\354\333\371\344\325Uvl<\007\233\020\330\004\307"
 1450      4E73 ECDB 
 1450      F9E4 D555 
 1450      766C 3C07 
 1450      9B10 D804 
 1451 0323 BE1E 7A38 		.ascii	"\276\036z8\222\203\035\311\351aF`\331Tn|]\357\361\005\202\272"
 1451      9283 1DC9 
 1451      E961 4660 
 1451      D954 6E7C 
 1451      5DEF F105 
 1452 0339 BB31 1830 		.ascii	"\2731\0300\002\276@\203\273!|\320\353\016\204\215\306\260\021"
 1452      02BE 4083 
 1452      BB21 7CD0 
 1452      EB0E 848D 
 1452      C6B0 11
 1453 034c D21B 749F 		.ascii	"\322\033t\237Q\341\323\366\354\253\331\270s\3336R\232\033\257"
 1453      51E1 D3F6 
 1453      ECAB D9B8 
 1453      73DB 3652 
 1453      9A1B AF
 1454 035f A8FC 6CF3 		.ascii	"\250\374l\363\301-\237V\372H~\330\177\310\330\3521\212C\272\341"
 1454      C12D 9F56 
 1454      FA48 7ED8 
 1454      7FC8 D8EA 
 1454      318A 43BA 
 1455 0374 1120 4F38 		.ascii	"\021 O8\244\007\035Gto\375\307\037$B\\\331\3325\336\260\021\360"
 1455      A407 1D47 
 1455      746F FDC7 
 1455      1F24 425C 
 1455      D9DA 35DE 
 1456 038b D4EA 0666 		.ascii	"\324\352\006fd\250\350H\235\036\324=\030\016\351\207jW\327\352"
 1456      64A8 E848 
 1456      9D1E D43D 
 1456      180E E987 
 1456      6A57 D7EA 
 1457 039f 217F 50AF 		.ascii	"!\177P\257\225\311\342\232\352\035\236]\372a\277O\2576\274\206"
 1457      95C9 E29A 
 1457      EA1D 9E5D 
 1457      FA61 BF4F 
 1457      AF36 BC86 
 1458 03b3 FE49 83FF 		.ascii	"\376I\203\377\200\320\330[\263{\273{W\320\177X\017\206\334\210"
 1458      80D0 D85B 
 1458      B37B BB7B 
 1458      57D0 7F58 
 1458      0F86 DC88 
 1459 03c7 72EF 647D 		.ascii	"r\357d}\340\342Ko\250\276\242\216\274\003mp\3069"
 1459      E0E2 4B6F 
 1459      A8BE A28E 
 1459      BC03 6D70 
 1459      C639 
 1460               		.text
 1461               		.section	.gnu.lto_.symtab.bf0fcf3fa74416bb,"e",@progbits
 1462 0000 7365 745F 		.string	"set_output_user"
 1462      6F75 7470 
 1462      7574 5F75 
 1462      7365 7200 
 1463 0010 00        		.string	""
 1464 0011 01        		.ascii	"\001"
 1465 0012 00        		.string	""
 1466 0013 00        		.string	""
 1467 0014 00        		.string	""
 1468 0015 00        		.string	""
 1469 0016 00        		.string	""
 1470 0017 00        		.string	""
 1471 0018 00        		.string	""
 1472 0019 00        		.string	""
 1473 001a 00        		.string	""
 1474 001b C600      		.string	"\306"
 1475 001d 00        		.string	""
 1476 001e 00        		.string	""
 1477 001f 7365 745F 		.string	"set_output"
 1477      6F75 7470 
 1477      7574 00
 1478 002a 00        		.string	""
 1479 002b 00        		.string	""
 1480 002c 00        		.string	""
 1481 002d 00        		.string	""
 1482 002e 00        		.string	""
 1483 002f 00        		.string	""
 1484 0030 00        		.string	""
 1485 0031 00        		.string	""
 1486 0032 00        		.string	""
 1487 0033 00        		.string	""
 1488 0034 00        		.string	""
 1489 0035 C800      		.string	"\310"
 1490 0037 00        		.string	""
 1491 0038 00        		.string	""
 1492 0039 6465 7369 		.string	"desired_output"
 1492      7265 645F 
 1492      6F75 7470 
 1492      7574 00
 1493 0048 00        		.string	""
 1494 0049 00        		.string	""
 1495 004a 00        		.string	""
 1496 004b 00        		.string	""
 1497 004c 00        		.string	""
 1498 004d 00        		.string	""
 1499 004e 00        		.string	""
 1500 004f 00        		.string	""
 1501 0050 00        		.string	""
 1502 0051 00        		.string	""
 1503 0052 00        		.string	""
 1504 0053 D000      		.string	"\320"
 1505 0055 00        		.string	""
 1506 0056 00        		.string	""
 1507 0057 6175 746F 		.string	"auto_detect_output"
 1507      5F64 6574 
 1507      6563 745F 
 1507      6F75 7470 
 1507      7574 00
 1508 006a 00        		.string	""
 1509 006b 00        		.string	""
 1510 006c 00        		.string	""
 1511 006d 00        		.string	""
 1512 006e 00        		.string	""
 1513 006f 00        		.string	""
 1514 0070 00        		.string	""
 1515 0071 00        		.string	""
 1516 0072 00        		.string	""
 1517 0073 00        		.string	""
 1518 0074 00        		.string	""
 1519 0075 CB00      		.string	"\313"
 1520 0077 00        		.string	""
 1521 0078 00        		.string	""
 1522 0079 7768 6572 		.string	"where_to_send"
 1522      655F 746F 
 1522      5F73 656E 
 1522      6400 
 1523 0087 00        		.string	""
 1524 0088 00        		.string	""
 1525 0089 00        		.string	""
 1526 008a 00        		.string	""
 1527 008b 00        		.string	""
 1528 008c 00        		.string	""
 1529 008d 00        		.string	""
 1530 008e 00        		.string	""
 1531 008f 00        		.string	""
 1532 0090 00        		.string	""
 1533 0091 00        		.string	""
 1534 0092 CD00      		.string	"\315"
 1535 0094 00        		.string	""
 1536 0095 00        		.string	""
 1537 0096 5553 425F 		.string	"USB_DeviceState"
 1537      4465 7669 
 1537      6365 5374 
 1537      6174 6500 
 1538 00a6 00        		.string	""
 1539 00a7 02        		.ascii	"\002"
 1540 00a8 00        		.string	""
 1541 00a9 00        		.string	""
 1542 00aa 00        		.string	""
 1543 00ab 00        		.string	""
 1544 00ac 00        		.string	""
 1545 00ad 00        		.string	""
 1546 00ae 00        		.string	""
 1547 00af 00        		.string	""
 1548 00b0 00        		.string	""
 1549 00b1 D300      		.string	"\323"
 1550 00b3 00        		.string	""
 1551 00b4 00        		.string	""
 1552               		.text
 1553               		.section	.gnu.lto_.opts,"e",@progbits
 1554 0000 272D 666E 		.string	"'-fno-openmp' '-fno-openacc' '-fno-pie' '-mn-flash=1' '-mno-skip-bug' '-mmcu=avr5' '-Os' 
 1554      6F2D 6F70 
 1554      656E 6D70 
 1554      2720 272D 
 1554      666E 6F2D 
 1555               		.text
 1556               		.comm	__gnu_lto_v1,1,1
 1557               		.comm	__gnu_lto_slim,1,1
 1558               		.ident	"GCC: (GNU) 9.2.0"
DEFINED SYMBOLS
                            *ABS*:0000000000000000 outputselect.c
/var/folders/xx/3qcqnrxj7md526g3lvyld9680000gn/T//cccLdFdY.s:2      *ABS*:000000000000003e __SP_H__
/var/folders/xx/3qcqnrxj7md526g3lvyld9680000gn/T//cccLdFdY.s:3      *ABS*:000000000000003d __SP_L__
/var/folders/xx/3qcqnrxj7md526g3lvyld9680000gn/T//cccLdFdY.s:4      *ABS*:000000000000003f __SREG__
/var/folders/xx/3qcqnrxj7md526g3lvyld9680000gn/T//cccLdFdY.s:5      *ABS*:0000000000000000 __tmp_reg__
/var/folders/xx/3qcqnrxj7md526g3lvyld9680000gn/T//cccLdFdY.s:6      *ABS*:0000000000000001 __zero_reg__
/var/folders/xx/3qcqnrxj7md526g3lvyld9680000gn/T//cccLdFdY.s:24     .gnu.debuglto_.debug_info:0000000000000000 outputselect.c.073f450c
                            *COM*:0000000000000001 __gnu_lto_v1
                            *COM*:0000000000000001 __gnu_lto_slim

NO UNDEFINED SYMBOLS
