   1               		.file	"usb_descriptor.c"
   2               	__SP_H__ = 0x3e
   3               	__SP_L__ = 0x3d
   4               	__SREG__ = 0x3f
   5               	__tmp_reg__ = 0
   6               	__zero_reg__ = 1
   7               		.section	.gnu.lto_.profile.eff08b5ba6641172,"",@progbits
   8 0000 789C 6363 		.string	"x\234cc```\001bF\006\031M"
   8      6060 6001 
   8      6246 0619 
   8      4D00 
   9 000e 00        		.string	""
  10 000f D900      		.string	"\331"
  11 0011 51        		.ascii	"Q"
  12               		.text
  13               		.section	.gnu.lto_.icf.eff08b5ba6641172,"",@progbits
  14 0000 789C 6363 		.string	"x\234cc``\b`@"
  14      6060 0860 
  14      4000 
  15 000a 5E86 2DFF 		.string	"^\206-\377\227\256\344c|;w\356s\026\246o\207\336\265\3622ok\337\361\235\237\345\370\225G\
  15      97AE E463 
  15      7C3B 77EE 
  15      7316 A66F 
  15      87DE B5F2 
  16 0061 8402 295B 		.ascii	"\204\002)["
  17               		.text
  18               		.section	.gnu.lto_.jmpfuncs.eff08b5ba6641172,"",@progbits
  19 0000 789C 6363 		.string	"x\234cc``\020a@"
  19      6060 1061 
  19      4000 
  20 000a 4606 6646 		.string	"F\006fFFF\366\3729\314\fP\314\310"
  20      4646 F6FA 
  20      39CC 0C50 
  20      CCC8 00
  21 0019 00        		.string	""
  22 001a 209E 0384 		.ascii	" \236\003\204"
  23               		.text
  24               		.section	.gnu.lto_.inline.eff08b5ba6641172,"",@progbits
  25 0000 789C 6363 		.string	"x\234cc``\360c@"
  25      6060 F063 
  25      4000 
  26 000a 4606 066D 		.string	"F\006\006m.F\026F\201\214)\314\214G\377\177?\300\337\315<\207\231\211\221\211q3\243\f\003
  26      2E46 1646 
  26      818C 29CC 
  26      8C47 FF7F 
  26      3FC0 DFCD 
  27 0030 AA63 0411 		.string	"\252c\004\021\254\202?\270\031\330;\324\231\030\fz\242\005\03086p)0\260\365\261p"
  27      AC82 3FB8 
  27      19D8 3BD4 
  27      9918 0C7A 
  27      A205 1838 
  28 004d 8D52 6060 		.string	"\215R``"
  28      00
  29 0052 00        		.string	""
  30 0053 5F70 0D34 		.ascii	"_p\r4"
  31               		.text
  32               		.section	.gnu.lto_.pureconst.eff08b5ba6641172,"",@progbits
  33 0000 789C 6363 		.string	"x\234cc```\001bF\206]\214"
  33      6060 6001 
  33      6246 865D 
  33      8C00 
  34 000e 01ED 00   		.string	"\001\355"
  35 0011 C7        		.ascii	"\307"
  36               		.text
  37               		.section	.gnu.lto_get_usb_descriptor.eff08b5ba6641172,"",@progbits
  38 0000 789C AD58 		.ascii	"x\234\255XmP\224\327\025\276\347\275\357\276\373\311\002\313"
  38      6D50 94D7 
  38      15BE E7BD 
  38      EFBE FBC9 
  38      02CB 
  39 0012 BAA0 D151 		.ascii	"\272\240\321Q\314Xk\247):\355\264\2772\323\316t:\323\351\257"
  39      CC58 6BA7 
  39      293A EDB4 
  39      BF32 D3CE 
  39      743A D3E9 
  40 0027 4EDA FEE8 		.ascii	"N\332\376\350\037'U~dj\252\203:i\343\017\026\001E\242\b(H\267"
  40      1F27 557E 
  40      646A AA83 
  40      3A69 E30F 
  40      1601 45A2 
  41 003f A81B 8931 		.ascii	"\250\033\2111~\005\001\025\005q\221(\266FE@c\215\006\025\215"
  41      7E05 0115 
  41      0571 9128 
  41      B646 4540 
  41      638D 0615 
  42 0054 8AA8 445C 		.ascii	"\212\250D\\T\224\217\236s\357\373\356\027\353Jg\302\314\276\037"
  42      5494 8F9E 
  42      73EF FBEE 
  42      17EB 4A67 
  42      C2CC BE1F 
  43 0068 F79E E79E 		.ascii	"\367\236\347\236\347\234\347\334\217\027\21516\340fl\013\336"
  43      E79C E7DC 
  43      8F17 8D31 
  43      36E0 666C 
  43      0BDE 
  44 007a 6FE2 0FA6 		.ascii	"o\342\017\2462PJ\3173\226gQ4W~\022\363Z\270\270\252\342j\022"
  44      3250 4ACF 
  44      3396 6751 
  44      3457 7E12 
  44      F35A B8B8 
  45 0092 579B B83A 		.ascii	"W\233\270:e/\270\244\271j<\230L\256\013\311\330\243\211\253Y"
  45      652F B8A4 
  45      B96A 3C98 
  45      4CAE 0BC9 
  45      D8A3 89AB 
  46 00a7 5C2D E26A 		.ascii	"\\-\342j\225\355\206\241\331x\260\030\017V\343\301\246\244\025"
  46      95ED 86A1 
  46      D978 B018 
  46      0F56 E3C1 
  46      A6A4 15
  47 00ba CD65 5ED5 		.ascii	"\315e^\325MW%M6\203[\277;\025\317\3637\2617\275\352G\330\353"
  47      4D57 254D 
  47      3683 5BBF 
  47      3B15 CFF3 
  47      37B1 37BD 
  48 00d2 D15B D3F5 		.ascii	"\321[\323\365\273\013\200\356^\013\260\\\205\253&\315l\261\332"
  48      BB0B 80EE 
  48      5E0B B05C 
  48      85AB 26CD 
  48      6CB1 DA
  49 00e5 D2DC 4E4F 		.ascii	"\322\334NO\272\013ra=\337\314\341\324\370\263\326\344\217x5\307"
  49      BA0B 7261 
  49      3DDF CCE1 
  49      D4F8 B3D6 
  49      E48F 7835 
  50 00fa 60F1 B5EB 		.ascii	"`\361\265\353\273\263[\355\364\n\220\202\257\373\2365\\R\347"
  50      BBB3 5BED 
  50      F40A 9082 
  50      AFFB 9E35 
  50      5C52 E7
  51 010d EDF2 7A57 		.ascii	"\355\362zW{[\267|\365\213\217k\362\212\347Ws\205U\242\371A\230"
  51      7B5B B77C 
  51      F58B 8F6B 
  51      F28A E757 
  51      7385 55A2 
  52 0124 0E0D 309D 		.ascii	"\016\r0\2352u\b\346\241q_\367\241&\033\377\0010|\336\261\363"
  52      3275 08E6 
  52      A171 5FF7 
  52      A126 1BFF 
  52      0130 7CDE 
  53 013a 6E13 CCDD 		.ascii	"n\023\314\335\351-E\340\355?z\035\325\234\303a\340\2218lb\320"
  53      E92D 45E0 
  53      ED3F 7A1D 
  53      D59C C361 
  53      E091 386C 
  54 0150 0873 D1BA 		.ascii	"\bs\321\272\346\362\3266\023\177K G\032o.\320\201\275=\274\320"
  54      E6F2 D636 
  54      137F 4B20 
  54      471A 6F2E 
  54      D081 BD3D 
  55 0166 DB0A 843D 		.ascii	"\333\n\204=\022\007{T`\257\325\036\272\317\371\317\004\366a]"
  55      1207 7B54 
  55      60AF D51E 
  55      BACF F9CF 
  55      04F6 615D 
  56 017a C543 8B0E 		.ascii	"\305C\213\016~\324\303\357\025{\275\030\212\nM\261h\225A3\314"
  56      7ED4 C3EF 
  56      157B BD18 
  56      8A0A 4DB1 
  56      6895 4133 
  57 018f 25C8 DD53 		.ascii	"%\310\335SG\307\354\3747\002^5\376\345\013\313\234\032\021m\317"
  57      47C7 ECFC 
  57      3702 5E35 
  57      FEE5 0BCB 
  57      9C1A 116D 
  58 01a4 75BE 1BE1 		.ascii	"u\276\033\341\371\277\304p\341X4\236\376\320\374X\353\246\213"
  58      F9BF C470 
  58      E158 349E 
  58      FED0 FC58 
  58      EBA6 8B
  59 01b7 36FE 3B01 		.ascii	"6\376;\001=\330\265\263\221\353\320\256\353D;oV57\301\361\270"
  59      3DD8 B5B3 
  59      91EB D0AE 
  59      EB44 3B6F 
  59      5635 37C1 
  60 01cd C881 8355 		.ascii	"\310\201\203U\365\234\277#\235\236\f\216$!\2228\267_\347\373"
  60      F59C BF23 
  60      9D9E 0C8E 
  60      2421 9238 
  60      B75F E7FB 
  61 01e1 8AA4 530D 		.ascii	"\212\244S\rZ%\364\247\323a~\bXr\241\255\332\312\027\t`\367\247"
  61      5A25 F4A7 
  61      D361 7E08 
  61      5872 A1AD 
  61      DACA 1709 
  62 01f8 07F2 1D3A 		.ascii	"\007\362\035:\360E\017/\220.5h\213\203\353\255\033\253H\322T"
  62      F045 0F2F 
  62      902E 3568 
  62      8B83 EBAD 
  62      1BAB 48D2 
  63 020d F802 E6C0 		.ascii	"\370\002\346\300\t\374\005\360\327\002sHG\224\357$h*\032]>{\276"
  63      09FC 05F0 
  63      D702 7348 
  63      4794 EF24 
  63      682A 1A5D 
  64 0224 CEC1 73C4 		.ascii	"\316\301s\304\340\305\345\033\214p\356\364\361\200N\312\f\247"
  64      E0C5 E51B 
  64      8C70 EEF4 
  64      F180 4ECA 
  64      0CA7 
  65 0236 E20C DE51 		.ascii	"\342\f\336Q\336\276\307\311W\t\334\223\256\347\243\232\016\374"
  65      DEBE C7C9 
  65      5709 DC93 
  65      AEE7 A39A 
  65      0EFC 
  66 0248 6195 57A5 		.ascii	"a\225W\245\354\235\216\233\003\203\322\277\221J;R!\026\310\345"
  66      EC9D 8E9B 
  66      0383 D2BF 
  66      914A 3B52 
  66      2116 C8E5 
  67 025c 3FA0 45BB 		.ascii	"?\240E\273o\273o\204\026\337\373\377\357\361K\364x&\354\361l"
  67      6FBB 6F84 
  67      16DF FBFF 
  67      EFF1 4BF4 
  67      7826 ECF1 
  68 0271 ACC7 DEEF 		.ascii	"\254\307\336\357\335\343y\364x.\354\261cB\214\375\337\267\307"
  68      DDE3 79F4 
  68      782E ECB1 
  68      6342 8CFD 
  68      DFB7 C7
  69 0284 4EF4 7821 		.ascii	"N\364x!\354\261\0134`\314f\350n$\335H\205A\320\200\325v\231Z"
  69      ECB1 0B34 
  69      60CC 66E8 
  69      6E24 DD48 
  69      8541 D080 
  70 029c BD63 E36B 		.ascii	"\275c\343k\275\255O{\240l\363\235\231\263\001'\215Ea\004F\247"
  70      BDAD 4F7B 
  70      A06C F39D 
  70      99B3 0127 
  70      8D45 6104 
  71 02b2 388C 2AAE 		.ascii	"8\214*\256&\321\242\001\315c3\231XD\263\225\036mt\261\003MS\207"
  71      26D1 A201 
  71      CD63 3399 
  71      5844 B395 
  71      1E6D 74B1 
  72 02ca 684D 12C6 		.ascii	"hM\022\306Nl\266&S_\212hM\025\255.F\276\323\030yw\213\226)\214"
  72      4E6C B626 
  72      535F 8A68 
  72      4D15 AD2E 
  72      46BE D318 
  73 02e4 5879 18F1 		.ascii	"Xy\030\361J\027-\031\214\370\342\252\214\214\247\211\2267\030"
  73      4A17 2D19 
  73      8CF8 E2AA 
  73      8C8C A789 
  73      9637 18
  74 02f7 4532 9D51 		.ascii	"E2\235Q,3D\313L\240\211\235)\236\031+\302\362.9\317\274\255l"
  74      2C33 44CB 
  74      4CA0 899D 
  74      299E 192B 
  74      C2F2 2E39 
  75 030f 1D2E 5AF8 		.ascii	"\035.Z\370\224\337\312\356C\376\340\232\321\226\323Y\224\032"
  75      94DF CAEE 
  75      43FE E09A 
  75      D196 D359 
  75      941A 
  76 0321 1F07 1F27 		.ascii	"\037\007\037'1|\315\3013&Z\367l`\201n\314\347\035X\355\257\007"
  76      317C CDC1 
  76      3326 5AF7 
  76      6C60 816E 
  76      CCE7 1D58 
  77 0338 B2A1 4943 		.ascii	"\262\241IC\013E\177\363\222U\303^\374\243Y\206@\221Z\270\b\253"
  77      0B45 7FF3 
  77      9255 C35E 
  77      FCA3 5986 
  77      4091 5AB8 
  78 034e 84ED CD01 		.ascii	"\204\355\315\001i|\"\256\261&\215/\351\306\375\003e&a\035\020"
  78      697C 22AE 
  78      B126 8D2F 
  78      E9C6 FD03 
  78      6526 611D 
  79 0363 D6B5 0F8E 		.ascii	"\326\265\017\216\016'\221s\0230\370Jw\376P\037\260E\230T\026"
  79      0E27 9173 
  79      1330 F84A 
  79      77FE 501F 
  79      B045 9854 
  80 0378 B675 98C9 		.ascii	"\266u\230\311DA\223\313h\322\007k\375\317\006~\257\007\201\026"
  80      4441 93CB 
  80      68D2 076B 
  80      FDCF 067E 
  80      AF07 8116 
  81 038c FBBB B73F 		.ascii	"\373\273\267?\202r(\315\303\352\260\343.F3\233\301\177\261\211"
  81      8272 28CD 
  81      C3EA B0E3 
  81      2E46 339B 
  81      C17F B189 
  82 03a0 96A7 93A7 		.ascii	"\226\247\223\247\327X\bn\001zm\317\037\351\264\223m\201\327\353"
  82      D758 086E 
  82      017A 6DCF 
  82      1FE9 B493 
  82      6D81 D7EB 
  83 03b4 1F1F 2803 		.ascii	"\037\037(\003\\c\355p\005\207\335\302\201`_KXhs\260\210\315\341"
  83      5C63 ED70 
  83      0587 DDC2 
  83      8160 5F4B 
  83      5868 73B0 
  84 03cb 4ADF BD3E 		.ascii	"J\337\275>\325\200\355\017\n\320U\001R\btM\202\332\006\017\354"
  84      D580 ED0F 
  84      0AD0 5501 
  84      5208 744D 
  84      82DA 060F 
  85 03e0 7248 106D 		.ascii	"rH\020m0\207_\236kv\032\240\026\t\372F\200\304\332\323#AEW\037"
  85      3087 5F9E 
  85      6B76 1AA0 
  85      1609 FA46 
  85      80C4 DAD3 
  86 03f9 0475 5026 		.ascii	"\004uP&\276\356.\335|-\004z<$@\327\005H%\320\r\t*/i,W$h6\276"
  86      BEEE 2EDD 
  86      7C2D 047A 
  86      3C24 40D7 
  86      0548 25D0 
  87 0418 1E19 7CB4 		.ascii	"\036\031|\264\305a\200\206\237\t\320M\0012\021\250\027Ax_\207"
  87      C561 8086 
  87      9F09 D04D 
  87      0132 11A8 
  87      1741 785F 
  88 042d 7EF3 93B0 		.ascii	"~\363\223\260\020\356A\236\177T&\231\242\246\234\327\004;#u\t"
  88      10EE 419E 
  88      7F54 2699 
  88      A2A6 9CD7 
  88      043B 2375 
  89 0442 25DD 21D6 		.ascii	"%\335!\326\266\374\027\201'\316\334Qo\0066\370\271&\346\333p"
  89      B6FC 1781 
  89      27CE DC51 
  89      6F06 36F8 
  89      B926 E6DB 
  90 0457 E7C3 22BB 		.ascii	"\347\303\"\273\037\266\345\245T\363$\270\215\273\352-\232\214"
  90      1FB6 E5A5 
  90      54F3 24B8 
  90      8DBB EA2D 
  90      9A8C 
  91 0469 64FD 4943 		.ascii	"d\375IC!\240u\025\2229\0164\306\267\340G\002p\007r\205\263]\206"
  91      21A0 7515 
  91      9239 0E34 
  91      C6B7 E047 
  91      0270 0772 
  92 0481 33A9 70DD 		.ascii	"3\251p\335\215\221c\252\f\306\005w\305\214^\207\321\206\250\326"
  92      8D91 63AA 
  92      0CC6 0577 
  92      C58C 5E87 
  92      D186 A8D6 
  93 0495 06CB B8E4 		.ascii	"\006\313\270\344\252\bx\303+\270:c\271:\375\334<\201k2\364!\327"
  93      AA08 78C3 
  93      2BB8 3A63 
  93      B93A FDDC 
  93      3C81 6B32 
  94 04ac 7BAF E0EA 		.ascii	"{\257\340\352\204\373\222k\277\316\2651\232\353\236\275\267/"
  94      84FB 926B 
  94      BFCE B531 
  94      9AEB 9EBD 
  94      B72F 
  95 04be 81E4 7A95 		.ascii	"\201\344z\225\301\003\235\254)L6\020\"\313i\302\215h\314\307"
  95      C103 9DAC 
  95      294C 3610 
  95      22CB 69C2 
  95      8D68 CCC7 
  96 04d2 AD72 A675 		.ascii	"\255r\246u\347\237\354\340\204\3450\016\360P\224\362\032\377"
  96      E79F ECE0 
  96      84E5 300E 
  96      F050 94F2 
  96      1AFF 
  97 04e4 AD60 2797 		.ascii	"\255`'\227\265l}e-?\222\252"
  97      B56C 7D65 
  97      2D3F 92AA 
  98 04f0 8766 8B45 		.string	"\207f\213EDz\251\274\356x\222\241z\177\260\f\024\322}@\350n!\330w\022\026U\363\303\301\21
  98      447A A9BC 
  98      EE78 92A1 
  98      7A7F B00C 
  98      14D2 7D40 
  99 05f1 7B15 097E 		.ascii	"{\025\t~\3311\376\215\235\300y\212J\024\030\254V\3240\261v\""
  99      D931 FE8D 
  99      9DC0 798A 
  99      4A14 18AC 
  99      56D4 30B1 
 100 0607 365D E6EE 		.ascii	"6]\346\356\212Y\326\345\fj\021\026\372<\300&!\2629,\362\313\240"
 100      8A59 D6E5 
 100      0C6A 1116 
 100      FA3C C026 
 100      21B2 392C 
 101 061e 5CD7 A9A6 		.ascii	"\\\327\251\246H\345\361h\225\2433\237\024'\363\371J\"Y\013\024"
 101      48E5 F168 
 101      95A3 339F 
 101      1427 F3F9 
 101      4A22 590B 
 102 0633 216B A1A2 		.ascii	"!k\241\242\313Zx\311L\247\027\037\317\230\324\340k\224W\313\272"
 102      CB5A 78C9 
 102      4CA7 171F 
 102      CF98 D4E0 
 102      6B94 57CB 
 103 0648 5649 206B 		.ascii	"VI k\221\362jY\327)$k\261\242\313\212th\223FJR\326\263\223\225"
 103      91F2 6A59 
 103      D729 246B 
 103      B1A2 CB8A 
 103      7468 9346 
 104 0662 F523 2546 		.ascii	"\365#%F\326\365\244\314T\354\331\240\274V\326\222XY7\0228\003"
 104      D6F5 A4CC 
 104      54EC D9A0 
 104      BC56 D692 
 104      5859 3712 
 105 0678 7B4A 0D59 		.ascii	"{J\rY\211\310\031\"65Z\326i\324\022-\3534!\253%,\353\336!CV\233"
 105      89C8 1922 
 105      3635 5AD6 
 105      69D4 122D 
 105      EB34 21AB 
 106 0694 90B5 7628 		.ascii	"\220\265v(\201\254\3168\231/K(k\271\224u\223!\353)\224\265\203"
 106      81AC CE38 
 106      992F 4B28 
 106      6BB9 9475 
 106      9321 EB29 
 107 06ab B84D 99D4 		.ascii	"\270M\231\324\340\233\023\310Z\221H\326\312\004\262n\021\262"
 107      E09B 13C8 
 107      5A91 48D6 
 107      CA04 B26E 
 107      11B2 
 108 06bd 5619 B222 		.ascii	"V\031\262\"\035:\215!%)k\307de\375g\254\254>R\306\203=\377z\275"
 108      1D3A 8D21 
 108      2529 6BC7 
 108      6465 FD67 
 108      ACAC 3E52 
 109 06d7 ACD5 B1B2 		.ascii	"\254\325\261\262n%\360\024\354\331f\310JD\316\0211O\264\254\351"
 109      6E25 F014 
 109      ECD9 66C8 
 109      4A44 CE11 
 109      314F B4AC 
 110 06ec D412 2D6B 		.ascii	"\324\022-k\272\220\325\032\226\2659$\253]\310\032H$kr\234\314"
 110      BA90 D51A 
 110      96B5 3924 
 110      AB5D C81A 
 110      4824 6B72 
 111 0702 6F4F 28AB 		.ascii	"oO(\253_\312\372qh\266^6\3239\334\307]\223\032|G\002Yk\022\311"
 111      5FCA FA71 
 111      68B6 5E36 
 111      D339 DCC7 
 111      5D93 1A7C 
 112 071c FA49 0259 		.ascii	"\372I\002Yw\nY?5d\245\317\202N\312\215K\312\3325YYw\305\312\372"
 112      770A 593F 
 112      3564 A5CF 
 112      824E CA8D 
 112      4BCA DA35 
 113 0736 1929 9386 		.ascii	"\031)\223\206=\273_/\353\236XY\367\022\330\205=\373\fY\211\310"
 113      3DBB 5F2F 
 113      EB9E 5859 
 113      F712 D885 
 113      3DFB 0C59 
 114 074c 0522 9616 		.ascii	"\005\"\226\026-\253\233Z\242eu\013Ym\341\263\307\223!\343\354"
 114      2DAB 9B5A 
 114      A265 750B 
 114      596D E1B3 
 114      C793 21E3 
 115 0761 A112 F8A2 		.ascii	"\241\022\370\242\r\317\036f\037j\374-\024tpz\021;:\023\2704v"
 115      0DCF 1E66 
 115      1F6A FC2D 
 115      1474 707A 
 115      113B 3A13 
 116 0778 42C3 6310 		.ascii	"B\303c\020\340\326\235B\326+\260\237\2133\270\376\222)N\333d"
 116      E0D6 9D42 
 116      D62B B09F 
 116      8B33 B8FE 
 116      9229 4EDB 
 117 078d EA0E 9BA6 		.ascii	"\352\016\233\246R\357q\300nK\344\346\355\211\335\274=~\n+F\332"
 117      52EF 71C0 
 117      6E4B E4E6 
 117      ED89 DDBC 
 117      3D7E 0A2B 
 118 07a3 74F8 1CA5 		.ascii	"t\370\034\245\335\257Hi\317o\310s.\310\242\243\177-\212\352\243"
 118      DDAF 4869 
 118      CF6F C873 
 118      2EC8 A2A3 
 118      7F2D 8AEA 
 119 07b8 A31A 26E2 		.ascii	"\243\032&\342\200\262\300 @\007\357\275\207w6\351\347-+\324)"
 119      80B2 C020 
 119      4007 EFBD 
 119      8777 36E9 
 119      E72D 2BD4 
 120 07cd 928F 33   		.ascii	"\222\2173"
 121 07d0 1C32 1E76 		.ascii	"\0342\036ve\304\246P\304\266\310\210m\021\021{\330\270I\017#"
 121      65C4 A650 
 121      C4B6 C888 
 121      6D11 117B 
 121      D8B8 490F 
 122 07e5 CDF0 9112 		.ascii	"\315\360\221\022\031qj(\342tV`\326M\335\241\210\035\023B\234"
 122      1971 6A28 
 122      E274 5660 
 122      D64D DDA1 
 122      881D 1342 
 123 07fa 1227 C4FA 		.ascii	"\022'\304\372\270!6\210\020m\"\304\2032D1\24632\213\031\261Y"
 123      B821 3688 
 123      106D 22C4 
 123      8332 4431 
 123      A633 328B 
 124 0811 CCF0 D382 		.ascii	"\314\360\323\202\021\343b*\034F\027\207b\\X\2411\302\305\021"
 124      11E3 622A 
 124      1C46 1787 
 124      625C 58A1 
 124      31C2 C511 
 125 0825 E962      		.ascii	"\351b"
 126 0827 D08C 2E92 		.string	"\320\214.\222\321K(9I>\232r\030\241\213\225\212\217B\031d\272~\317\240\273L(\303j\223\237
 126      D14B 2839 
 126      493E 9A72 
 126      18A1 8B95 
 126      8A8F 4219 
 127 0928 2432 2E3C 		.ascii	"$2.<o\256x\377\257\013\027-\315\311\316Z\226\263t\305\322EK\227"
 127      6FAE 78FF 
 127      AF0B 172D 
 127      CDC9 CE5A 
 127      96B3 74C5 
 128 0940 64AD 5CFE 		.ascii	"d\255\\\376\227\205\213\263\227/\312yo\331\212\2459?Y\304\264"
 128      9785 8BB3 
 128      972F CA79 
 128      6FD9 8AA5 
 128      393F 59C4 
 129 0955 0FFE F4EE 		.ascii	"\017\376\364\356\222\225\331\332\007\277\375\333\342\354\277"
 129      9295 D9DA 
 129      07BF FDDB 
 129      E2EC BF
 130 0964 A7FE 3AD4 		.ascii	"\247\376:\324\367\253\305\213s\262\227/W\337y\357\303l\263\376"
 130      F7AB C58B 
 130      73B2 972F 
 130      57DF 79EF 
 130      C36C B3FE 
 131 0978 921C EE16 		.ascii	"\222\034\356\026\346\316\360\373\037\376\261,\333\262p!Z\255"
 131      E6CE F0FB 
 131      1FFE B12C 
 131      DBB2 7021 
 131      5AAD 
 132 098a 5CB2 021F 		.ascii	"\\\262\002\037\336E\304\202\237;\226,{\177\326\234\371?\236\365"
 132      DE45 C482 
 132      9F3B 962C 
 132      7B7F D69C 
 132      F93F 9EF5 
 133 099e 679B 95F1 		.ascii	"g\233\225\361\267s\230\362!\373\037\021\264\336+"
 133      B773 98F2 
 133      21FB 1F11 
 133      B4DE 2B
 134               		.text
 135               		.section	.gnu.lto_LanguageString.eff08b5ba6641172,"",@progbits
 136 0000 789C 6363 		.string	"x\234cc``\350\003bF\006\b\230\302\314\370\346\315\266\247\\\335\314s\230\031\030;9\200\37
 136      6060 E803 
 136      6246 0608 
 136      98C2 CCF8 
 136      E6CD B6A7 
 137 007f 0900      		.string	"\t"
 138 0081 1B1A 2E6B 		.ascii	"\033\032.k"
 139               		.text
 140               		.section	.gnu.lto_ManufacturerString.eff08b5ba6641172,"",@progbits
 141 0000 789C 6363 		.string	"x\234cc``(\003b\031\006\b\230\302\314\270nE\373oNE\246\371\r3\024\3460\203E\016}\332\260\
 141      6060 2803 
 141      6219 0608 
 141      98C2 CCB8 
 141      6E45 FB6F 
 142 008d EE94 2A9F 		.ascii	"\356\224*\237"
 143               		.text
 144               		.section	.gnu.lto_ProductString.eff08b5ba6641172,"",@progbits
 145 0000 789C 6363 		.string	"x\234cc``(\003b\021\006\b\230\302\314xv\341\366\371|\212L\363\033f(\314a\006\213\034\372\
 145      6060 2803 
 145      6211 0608 
 145      98C2 CC78 
 145      76E1 F6F9 
 146 0044 6A60 9ACA 		.string	"j`\232\312\314\300\270\225Qf*Pv\013\243\fH\373\311\226\365M\254p\005\314S\231\231\030\267
 146      CCC0 B895 
 146      5166 2A50 
 146      760B A30C 
 146      48FB C996 
 147 0086 BD33 28D8 		.ascii	"\2753(\330"
 148               		.text
 149               		.section	.gnu.lto_SerialNumberString.eff08b5ba6641172,"",@progbits
 150 0000 789C 6363 		.string	"x\234cc``(\003b6\006\b\230\302\314\330\366\367\367\031nE\246\371\r3\024\3460\203E\016}\33
 150      6060 2803 
 150      6236 0608 
 150      98C2 CCD8 
 150      F6F7 F719 
 151 0075 B41B 00   		.string	"\264\033"
 152 0078 B81D 2740 		.ascii	"\270\035'@"
 153               		.text
 154               		.section	.gnu.lto_CSWTCH.1.eff08b5ba6641172,"",@progbits
 155 0000 789C 6363 		.string	"x\234cc``hbd`"
 155      6060 6862 
 155      6460 00
 156 000b 2230 98C2 		.string	"\"0\230\302\3148\255\365\320y\366n\3469\314@A \267\371\327\376\317|\365\177\033$\200\002\
 156      CC38 ADF5 
 156      D079 F66E 
 156      E639 CC40 
 156      4120 B7F9 
 157 00cb 40A6 7CE0 		.ascii	"@\246|\340"
 158               		.text
 159               		.section	.gnu.lto_CSWTCH.2.eff08b5ba6641172,"",@progbits
 160 0000 789C 6363 		.string	"x\234cc``\230\001\304\214\f\0200\205\231\261\371\327\376\317|\365\177\033$\34603,`\206\21
 160      6060 9801 
 160      C48C 0C10 
 160      3085 99B1 
 160      F9D7 FECF 
 161 0079 00        		.string	""
 162 007a 4467 3287 		.ascii	"Dg2\207"
 163               		.text
 164               		.section	.gnu.lto_CSWTCH.3.eff08b5ba6641172,"",@progbits
 165 0000 789C 6363 		.string	"x\234cc``\350\004bF\006\b\230\302\3148\251o\373$\246n\3469\314\f\214J@\356\236\371=+\271@
 165      6060 E804 
 165      6246 0608 
 165      98C2 CC38 
 165      A96F FB24 
 166 006e F166 4619 		.string	"\361fF\031\006\306\235\214\026\f"
 166      06C6 9D8C 
 166      160C 00
 167 0079 5163 2A4B 		.ascii	"Qc*K"
 168               		.text
 169               		.section	.gnu.lto_DeviceDescriptor.eff08b5ba6641172,"",@progbits
 170 0000 789C 6363 		.string	"x\234cc``\320ed`"
 170      6060 D065 
 170      6460 00
 171 000b 2230 98C2 		.string	"\"0\230\302\314\270\345\310\3616\216n\3469\314\f\214\214@\356\241O\033\226\363@\270\314@\
 171      CCB8 E5C8 
 171      F136 8E6E 
 171      E639 CC0C 
 171      8C8C 40EE 
 172 0057 56BE 7BE1 		.string	"V\276{\341\246uP\335\023@\206o|\360g\017\013DZ\b\310m_\260\373\f\233\305\266\206\216\005\
 172      A675 50DD 
 172      1340 866F 
 172      7CF0 670F 
 172      0B44 5A08 
 173 00d8 00        		.string	""
 174 00d9 4C35 5959 		.ascii	"L5YY"
 175               		.text
 176               		.section	.gnu.lto_ConfigurationDescriptor.eff08b5ba6641172,"",@progbits
 177 0000 789C 8D94 		.string	"x\234\215\224\333N\023Q\024\206g\315\356\th\213\347c\325\202\207G0}\f\037\301G\360\r,\nB\
 177      DB4E 1351 
 177      1486 67CD 
 177      EE09 688B 
 177      E763 D582 
 178 006c C0ED F7E4 		.string	"\300\355\367\344p\336\216\026\300\311\355L)8j\245\257\214\333\205;\312o\325\032\271-\367v
 178      70DE 8E16 
 178      C0C9 ED4C 
 178      2938 6AA5 
 178      AF8C DB85 
 179 0100 D926 6EAB 		.string	"\331&n\253\277\224^\253v\342\031\232\370\te\217\216\004\306\031\025\\\224\231Abfx\212\023
 179      BF94 5EAB 
 179      76E2 199A 
 179      F809 658F 
 179      8E04 C619 
 180 016a 0A9E 55FB 		.ascii	"\n\236U\373\266TS14s[\351\032\272a\"{E\327\346R?\356\216\230"
 180      B654 5331 
 180      3473 5BE9 
 180      1ABA 6122 
 180      7B45 D7E6 
 181 0183 B49B 7B4E 		.ascii	"\264\233{N\233[\254\267\271\005\352Z\227\252)#-\343\274\036\332"
 181      9B5B ACB7 
 181      B905 EA5A 
 181      97AA 2923 
 181      2DE3 BC1E 
 182 0198 C507 5365 		.ascii	"\305\007SeQK\373ec\332Ijn\310s\334\223\332\022w\360\\\"\236!"
 182      514B FB65 
 182      63DA 496A 
 182      6EC8 73DC 
 182      93DA 1277 
 183 01b1 0DCF 5063 		.ascii	"\r\317Pc\236\303\261\362\242z3\013\267\261{\201M\225g\207.\236"
 183      9EC3 B1F2 
 183      A27A 330B 
 183      B7B1 7B81 
 183      4D95 6787 
 184 01c7 FEED C2A0 		.ascii	"\376\355\302\240M\313s\205x\276\326\360LixF\276\370#6J\215\013"
 184      4DCB 7385 
 184      78BE D6F0 
 184      4C69 7846 
 184      BEF8 2336 
 185 01de 7A80 FE89 		.ascii	"z\200\376\211\257v\203\026h\2461\3207:\201\256\371\n\033\206"
 185      AF76 8316 
 185      68A6 31D0 
 185      373A 81AE 
 185      F90A 1B86 
 186 01f2 1D40 DF11 		.ascii	"\035@\337\021\320\351]\200\206\bhH\003t\253\244D\325\177\273"
 186      D0E9 5D80 
 186      8608 6848 
 186      0374 ABA4 
 186      44D5 7FBB 
 187 0206 2A12 ACE5 		.ascii	"*\022\254\345\372\373\315\344\275\350\357\373?\244\201\256\236"
 187      FAFB CDE4 
 187      BDE8 EFFB 
 187      3FA4 81AE 
 187      9E
 188 0217 C5FA 9274 		.ascii	"\305\372\222t+o\251;\\Be\365\251|\231\276_\222\231Ib\007a\035"
 188      2B6F A93B 
 188      5C42 65F5 
 188      A97C 99BE 
 188      5F92 9949 
 189 022f 473B 046B 		.ascii	"G;\004kXv\230\2069BS\034\245A\217\301*\312q\310\322\021\003c"
 189      5876 9886 
 189      3942 531C 
 189      A541 8FC1 
 189      2ACA 71C8 
 190 0247 F982 BAA4 		.ascii	"\371\202\272\244 O6K\314\0019<\344\004\274G9\toQNA\032\305\t"
 190      204F 364B 
 190      CC01 393C 
 190      E404 BC47 
 190      3909 6F51 
 191 0260 CB28 6DF0 		.ascii	"\313(m\360\n\245\035^\240\234\206g(g`\026\345,L\241\234\203I"
 191      0AA5 1D5E 
 191      A09C 8667 
 191      2867 6016 
 191      E52C 4CA1 
 192 0277 7009 B0C1 		.ascii	"p\t\260\301\037\177\001'e\304H"
 192      1F7F 0127 
 192      65C4 48
 193               		.text
 194               		.section	.gnu.lto_KeyboardReport.eff08b5ba6641172,"",@progbits
 195 0000 789C 4D93 		.string	"x\234M\223\371SSW\024\307\337M\330,\233\335\267t\323\356;\330Z\272\377\332\376S5)!E\035-\
 195      F953 5357 
 195      14C7 DF4D 
 195      D82C 9BDD 
 195      B774 D3EE 
 196 00a5 05CA 7EEB 		.string	"\005\312~\353\345\301\313:\265\247\277r*O\354\317\201\023\233\177\372ig"
 196      E5C1 CB3A 
 196      B5A7 BF72 
 196      2A4F ECCF 
 196      8113 9B7F 
 197 00bd CF87 D742 		.string	"\317\207\327Bi\342~\006\354\371\305<,f\245>w\270#q\332&\356\247\300?&kN\262\207\"\335C\31
 197      69E2 7E06 
 197      ECF9 C53C 
 197      2C66 A53E 
 197      77B8 2371 
 198 00ef 57CA 5C27 		.string	"W\312\\'\354b\277\016\034\255\334\030\242{\030x\357v\274\306.\3701p\274~\247\212\035?\t\f
 198      EC62 BF0E 
 198      1CAD DC18 
 198      A27B 1878 
 198      EF76 BCC6 
 199 0135 4A56 F584 		.ascii	"JV\365\204\363%\366Y=X_\340:\213\370P\273\307JVYb&\260+r\242"
 199      F325 F659 
 199      3D58 5FE0 
 199      3A8B F850 
 199      BBC7 4A56 
 200 0150 2D43 DC0F 		.ascii	"-C\334\017\200\335g\374[9\342\246\353\033\215E]t\337\007^\270"
 200      80DD 67FC 
 200      5B39 E2A6 
 200      EB1B 8D45 
 200      5D74 DF07 
 201 0166 D6E9 61F7 		.ascii	"\326\351a\367\272\371\245\270o\226\375\274\007\334\251\236\376"
 201      BAF9 A5B8 
 201      6F96 FDBC 
 201      07DC A99E 
 201      FE
 202 0177 3B5B DC9F 		.ascii	";[\334\237\264\355\256-\353\347$\337\325\243Z\364\3263\265\035"
 202      B4ED AE2D 
 202      EBE7 24DF 
 202      D5A3 5AF4 
 202      D633 B51D 
 203 018b D8B9 94B8 		.ascii	"\330\271\224\270\265O\334w\200\365\203\025\307\271\ro\247\366"
 203      B54F DC77 
 203      80F5 8315 
 203      C7B9 0D6F 
 203      A7F6 
 204 019d ABAC 7E7F 		.ascii	"\253\254~\177]\212N1\370M`\307\356j\220\035\332\200g}\341o\305"
 204      5D8A 4E31 
 204      F84D 60C7 
 204      EE6A 901D 
 204      DA80 677D 
 205 01b4 7C23 F50E 		.ascii	"|#\365\016\224\334A\260o\230-\274\006\\\013\f\326\261\250W\365"
 205      94DC 41B0 
 205      6F98 2DBC 
 205      065C 0B0C 
 205      D6B1 A857 
 206 01c9 8A7A 5746 		.ascii	"\212zWF\030|PO\375\244\257\234\356\001`id&\311\313\177\005\270"
 206      187C 504F 
 206      FDA4 AF9C 
 206      EE01 6069 
 206      6426 C9CB 
 207 01e0 D05B 3DCE 		.ascii	"\320[=\316\265z\031\370\363\231F\223\227\360\022\320_|\316K|"
 207      B57A 19F8 
 207      F399 4693 
 207      97F0 12D0 
 207      5F7C CE4B 
 208 01f5 51DF 49A2 		.ascii	"Q\337I\242\267\233c\177\001x\251u\266P\310\241\267\252\243\335"
 208      B79B 637F 
 208      0178 A975 
 208      B650 C8A1 
 208      B7AA A3DD 
 209 0209 A704 9F07 		.ascii	"\247\004\237\007\306\343\247*x\316s\251\027\250\254\013\234s"
 209      C6E3 A72A 
 209      78CE 73A9 
 209      17A8 AC0B 
 209      9C73 
 210 021b DF8F 650B 		.ascii	"\337\217e\013>\243\247^Ur4K\360i\340\362\372\2619\216\346\251"
 210      3EA3 A75E 
 210      5572 344B 
 210      F069 E0F2 
 210      FAB1 398E 
 211 0231 D4A5 52D6 		.ascii	"\324\245R\326R-l\325\372\350>\2413\233\236\rv\3608\360\257\330"
 211      522D 6CD5 
 211      FAE8 3EA1 
 211      339B 9E0D 
 211      76F0 38F0 
 212 0247 5680 537E 		.ascii	"V\200S~L\267\3339z\207U=\n\034\232\357\251\345\271\373\201\215"
 212      4CB7 DB39 
 212      7A87 553D 
 212      0A1C 9AEF 
 212      A9E5 B9FB 
 213 025d 8BC9 4666 		.ascii	"\213\311Ff\316O\235\253a\315u{\304\265\303\311\345\001OO\233"
 213      CE4F 9DAB 
 213      61CD 757B 
 213      C4B5 C3C9 
 213      E501 4F4F 
 214 0272 57D9 7D2E 		.ascii	"W\331}.p3Q\021f\346\034\340\025\323\025\340\007\031\327\233\022"
 214      7033 5111 
 214      66E6 1CE0 
 214      15D3 15E0 
 214      0719 D79B 
 215 0287 0ABB 4DDA 		.ascii	"\n\273M\332\331:\327\374\3006\307\361\210\036lt!\310\275\212"
 215      D93A D7FC 
 215      C036 C7F1 
 215      881E 6C74 
 215      21C8 BD8A 
 216 029b E9E8 73CD 		.ascii	"\351\350s\315g\375\214\336\227\272\320\312Z\350\275\217]Y\037"
 216      67FD 8CDE 
 216      97BA D0CA 
 216      5AE8 BD8F 
 216      5D59 1F
 217 02ae FBDE 422B 		.ascii	"\373\336B+k\241\007\"CM\334\234S:\327\240\333\373\377'\231\226"
 217      6BA1 0722 
 217      434D DC9C 
 217      533A D7A0 
 217      DBFB FF27 
 218 02c4 BAA3 CADA 		.ascii	"\272\243\312\332\321\275\223\f\353\244\275\265S\326\332\215\325"
 218      D1BD 930C 
 218      EBA4 BDB5 
 218      53D6 DA8D 
 218      D5
 219 02d5 855A 738A 		.ascii	"\205Zs\212\232\235\245\277;\235\0055v\233*p\250A\345P\205\016"
 219      9A9D A5BF 
 219      3B9D 0535 
 219      769B 2A70 
 219      A841 E550 
 220 02eb 750B 0F8F 		.ascii	"u\013\017\217\315\241J 7\324\n.\306\363{\310e\023\337i\223\360"
 220      CDA1 4A20 
 220      37D4 0A2E 
 220      C6F3 7BC8 
 220      6513 DF69 
 221 0301 5DA8 1F3A 		.ascii	"]\250\037:\344P\275x\354@\333\320\026t\003\332\2046\240u\250"
 221      E450 BD78 
 221      EC40 DBD0 
 221      1674 03DA 
 221      8436 A075 
 222 0316 135A 832E 		.ascii	"\023Z\203.B\253\320\n\264\254$]\022\272\f-A&\264\b\265@\013\364"
 222      42AB D00A 
 222      B4AC 245D 
 222      12BA 0C2D 
 222      4126 B408 
 223 032e E721 1FF4 		.ascii	"\347!\037\364\020\032\201\346\030?K\177\206\361\017\370\3764"
 223      101A 81E6 
 223      183F 4B7F 
 223      86F1 0FF8 
 223      FE34 
 224 0340 E3A7 E827 		.ascii	"\343\247\350'\224\224\033\247?\251\244\336\373\364'X\3578\343"
 224      9494 1BA7 
 224      3FA9 A4DE 
 224      FBF4 2758 
 224      EF38 E3
 225 0353 C698 FF5F 		.ascii	"\306\230\377_r\214\371\3571~\024\272\003EYO\204\361\377\320\017"
 225      728C F9EF 
 225      317E 14BA 
 225      0345 594F 
 225      84F1 FFD0 
 226 0368 337E 180A 		.ascii	"3~\030\nAw\031\177\233\376\020\363\016p|}\254\247\207\363\271"
 226      4177 197F 
 226      9BFE 10F3 
 226      0E70 7C7D 
 226      ACA7 87F3 
 227 037d C97A BAA1 		.ascii	"\311z\272\241v\250\213\363\273N\277\003\272\006]\245\177\205"
 227      76A8 8BF3 
 227      BB4E BF03 
 227      BA06 5DA5 
 227      7F85 
 228 038f FF07 5947 		.ascii	"\377\007YG\233\222k\013\260\016?\373\276\304\27143\376\002t^"
 228      9B92 6B0B 
 228      B00E 3FFB 
 228      BEC4 B934 
 228      33FE 0274 
 229 03a4 390C F583 		.ascii	"9\f\365\203\255\310\370\017\224X!O"
 229      ADC8 F80F 
 229      9458 214F 
 230               		.text
 231               		.section	.gnu.lto_SharedReport.eff08b5ba6641172,"",@progbits
 232 0000 789C 4D93 		.string	"x\234M\223\tOSA\024\205\337P(k\001\367\255\356\373.\240\206\237\240\277J\032\n\262\004C\2
 232      094F 5341 
 232      1485 DF50 
 232      286B 01F7 
 232      ADEE FB2E 
 233 006b AB16 2CDB 		.string	"\253\026,\333\032a\363\352\301\236\211g\302|\f\252\377\\\345S\013S\307{\363\346\227\273\3
 233      1A61 F3EA 
 233      C19E 8967 
 233      C27C 0CAA 
 233      FF5C E553 
 234 00aa EA5D E92C 		.string	"\352]\351,\212\026n<\177\221\331\326\036&\334G@[\356{\027\355y\203\357\252c8\247Q-\354\20
 234      8A16 6E3C 
 234      7F91 D9D6 
 234      1E26 DC47 
 234      405B EE7B 
 235 018d 56D4 9659 		.ascii	"V\324\226Y\231\250\216\344'\354w9\351\020\317\003w\375\006\017"
 235      99A8 8EE4 
 235      27EC 7739 
 235      E910 CF03 
 235      77FD 060F 
 236 01a1 B931 C0BA 		.ascii	"\2711\300\272\206\305DajA\316R\353\036M2\f\370\251\255\331\314"
 236      86C5 4461 
 236      6A41 CE52 
 236      EB1E 4D32 
 236      0CF8 A9AD 
 237 01b7 847B 4E39 		.ascii	"\204{N9g&\3179P\320\351\241S8\003\\\322O{\243\005\236\346\347"
 237      6726 CF39 
 237      50D0 E9A1 
 237      5338 035C 
 237      D24F 7BA3 
 238 01cf 5B90 9619 		.ascii	"[\220\226\031!\360\224rXL\036\326d\371A\001M\366\004\317\273"
 238      21F0 9472 
 238      584C 1ED6 
 238      64F9 4101 
 238      4DF6 04CF 
 239 01e4 5764 26F7 		.ascii	"Wd&\3678_\331\222\276C\361\217\001u\256\227o\351cH\345\361\277"
 239      385F D992 
 239      BE43 F18F 
 239      0175 AE97 
 239      6FE9 6348 
 240 01fb 7AF7 6C74 		.ascii	"z\367lt\300G\371\354\034c\003\264\313#\312;\314\344;\\\271\026"
 240      C047 F9EC 
 240      1C63 03B4 
 240      CB23 CA3B 
 240      CCE4 3B5C 
 241 0211 A8A4 37C5 		.ascii	"\250\2447\305\001\367Gt\007t\016\261\300\217s\226\026\032\216"
 241      01F7 4774 
 241      0774 0EB1 
 241      C08F 7396 
 241      161A 8E
 242 0224 06D8 BC66 		.ascii	"\006\330\274f*\247\374*\345\254\230<\253A\217\336B\030\315\227"
 242      2AA7 FC2A 
 242      E5AC 983C 
 242      AB41 8FDE 
 242      4218 CD97 
 243 0238 5AE9 D9A7 		.ascii	"Z\351\331\247qD)\307\316\344\261\007\262\322\202t\035\302\201"
 243      7144 29C7 
 243      CEE4 B107 
 243      B2D2 8274 
 243      1DC2 81
 244 024b 53BB 5FAC 		.ascii	"S\273_\254\024I\255\0344\223\007}xY\230|Yjg\234\355Qb\033)L\271"
 244      1449 AD1C 
 244      3493 077D 
 244      7859 987C 
 244      596A 679C 
 245 0266 2D26 6FEB 		.ascii	"-&o\353\360Cc\362\2076\277\220\227\037\222\\\233\222\361!\305"
 245      F043 63F2 
 245      8736 BF90 
 245      971F 925C 
 245      9B92 F121 
 246 027b AB31 AA42 		.ascii	"\2531\252BX\202\226\2153-K\3242\013\376v\241ah\007\332\206\266"
 246      5882 968D 
 246      332D 4BD4 
 246      320B FE76 
 246      A161 6807 
 247 0292 A021 28C8 		.ascii	"\240!(\310\204\277\t\r@\033\320\n\224\244en\374\005\310^\207"
 247      84BF 090D 
 247      401B D00A 
 247      94A4 656E 
 247      FC05 C85E 
 248 02a7 6AA0 35C8 		.ascii	"j\2405\310\005\255R\3312=_\202\234\320\"d\206\026\350\371<\324"
 248      05AD 52D9 
 248      323D 5F82 
 248      9CD0 2264 
 248      8616 E8F9 
 249 02bd 06CD 41B3 		.ascii	"\006\315A\263\220\237\236\373\240&h\006j\200\246\241zh\212\336"
 249      909F 9EFB 
 249      A026 6806 
 249      6A80 A6A1 
 249      7A68 8ADE 
 250 02d1 3749 EB4C 		.ascii	"7I\353LP\375_\350;\344e\"\325\0304\n\215P\254?\324\347\241X\203"
 250      50FD 5FE8 
 250      3BE4 6522 
 250      D518 340A 
 250      8D50 AC3F 
 251 02ea C4BF 2956 		.ascii	"\304\277)V?\324\007\3652\221\253\207\374nZ\277\213ruB-\320/\350"
 251      3FD4 07F5 
 251      3291 AB87 
 251      FC6E 5ABF 
 251      8B72 7542 
 252 0302 07F4 9372 		.ascii	"\007\364\223ruP\275\203\352\333)W+\3257S\275\235r5R.\033\345"
 252      7550 BD83 
 252      EADB 2957 
 252      2BD5 3753 
 252      BD9D 7235 
 253 031a B252 7F1D 		.ascii	"\262R\177\035\345\252\245u\252E.\211\355\261d\351?i\362\327\356"
 253      E5AA A575 
 253      AA45 2E89 
 253      EDB1 64E9 
 253      3F69 F2D7 
 254               		.text
 255               		.section	.gnu.lto_ConsoleReport.eff08b5ba6641172,"",@progbits
 256 0000 789C 4D92 		.ascii	"x\234M\222\357ORQ\034\306\317\341\242A\212\364\273\254\333\257"
 256      EF4F 5251 
 256      1CC6 CFE1 
 256      A241 8AF4 
 256      BBAC DBAF 
 257 0014 37BD D7B6 		.ascii	"7\275\327\266\346\177\227\026:\263\265\331\242\330\03465\232"
 257      E67F 9716 
 257      3AB3 B5D9 
 257      A2D8 1C36 
 257      359A 
 258 0026 3997 5019 		.string	"9\227P\031x\021\323P\"\rL(T\322\314\024\007s\352\314Pg\"\366\034\276\337\027\260}v\367\27
 258      7811 D350 
 258      220D 4C28 
 258      54D2 CC14 
 258      0773 EACC 
 259 0127 4F3E A7B6 		.ascii	"O>\247\266e\264\374\343\253>\013\035\356\363f\271\251I\355\372"
 259      65B4 FCE3 
 259      AB3E 0B1D 
 259      EEF3 66B9 
 259      A949 EDFA 
 260 013b CD72 2164 		.ascii	"\315r!d\246\370\214\372\333\242K)\276\201\323\320\344v\254\223"
 260      A6F8 8CFA 
 260      DBA2 4B29 
 260      BE81 D3D0 
 260      E476 AC93 
 261 014f 777D 0A3A 		.ascii	"w}\n:\260\223\037\340b;\364h\261\251h\"\255\201\276X7\306\371"
 261      B093 1FE0 
 261      623B F468 
 261      B1A9 6822 
 261      AD81 BE58 
 262 0166 E26D D0C3 		.ascii	"\342m\320\303\2343\315KUC\347\322\016\203\265J\315\335\2369\342"
 262      9C33 CD4B 
 262      5543 E7D2 
 262      0E83 B54A 
 262      CDDD 9E39 
 263 017b CB3C 597E 		.ascii	"\313<Y~\006Y:C\276\255y_#=\001\035\234\210\266\360U\253=g\016"
 263      0659 3A43 
 263      BEAD 795F 
 263      233D 011D 
 263      9C88 B6F0 
 264 0194 5F07 F948 		.ascii	"_\007\371H\225\320\231\205\244\227\277\255n\025Oz\202\005^\272"
 264      95D0 9985 
 264      A497 BFAD 
 264      6E15 4F7A 
 264      8205 5EBA 
 265 01a8 429D C17D 		.ascii	"B\235\301}/g\2428\257n/\341\360\271ym34\274\343\353\345\321Z"
 265      2F67 A238 
 265      AF6E 2FE1 
 265      F0B9 796D 
 265      3334 BCE3 
 266 01c0 F987 2A4B 		.ascii	"\371\207*K\037j\317\350\364]\232[W^,J\305\263IOJk\3607\266v5"
 266      1F6A CFE8 
 266      F45D 9A5B 
 266      575E 2C4A 
 266      C5B3 494F 
 267 01db 7659 DD9A 		.ascii	"vY\335\232I\326\3512#uY\257\313U<V\3008\370\rb`\031\374\002K"
 267      49D6 E932 
 267      2375 59AF 
 267      CB55 3C56 
 267      C038 F80D 
 268 01f5 E027 5804 		.ascii	"\340'X\004\013\340\007\347\267u9\214G\032|\006\363\340#\230\003"
 268      0BE0 07E7 
 268      B775 398C 
 268      471A 7C06 
 268      F3E0 2398 
 269 020a 1130 CBCB 		.ascii	"\0210\313\313\245\370\375w0\n\276\201\021\220\2244?\001\f0\003"
 269      A5F8 FD77 
 269      300A BE81 
 269      1190 9434 
 269      3F01 0C30 
 270 021f BE82 69F0 		.ascii	"\276\202i\360\036\304\271\346\013\230\002\223\334\023\345\365"
 270      1EC4 B9E6 
 270      0B98 0293 
 270      DC13 E5F5 
 271 022f 3E71 CF04 		.ascii	">q\317\004\367\204\371\375\030\367|\340\236\020\367\004\271g"
 271      F784 F9FD 
 271      18F7 7CE0 
 271      9E10 F704 
 271      B967 
 272 0241 0804 809F 		.ascii	"\b\004\200\237{\006\301;\251\013\271&\033\304\177\261\013@\364"
 272      7B06 C13B 
 272      A90B B926 
 272      1BC4 7FB1 
 272      0B40 F4
 273               		.text
 274               		.section	.gnu.lto_.symbol_nodes.eff08b5ba6641172,"",@progbits
 275 0000 789C 25CA 		.string	"x\234%\312W\021\2000"
 275      5711 8030 
 275      00
 276 0009 83E1 9F42 		.ascii	"\203\341\237B\313r\201\023\224Q\034\240\007\021\250`o\t\214<"
 276      CB72 8113 
 276      9451 1CA0 
 276      0711 A860 
 276      6F09 8C3C 
 277 001d E4F2 DD25 		.ascii	"\344\362\335%\016\360o0\007\0254\035_\265\276\004\273@]\274\223"
 277      0EF0 6F30 
 277      0715 341D 
 277      5FB5 BE04 
 277      BB40 5DBC 
 278 0032 5D09 840D 		.ascii	"]\t\204\r#\354\204\302I\344\177\\X\341\306\t\023\261>3\211\320"
 278      23EC 84C2 
 278      49E4 7F5C 
 278      58E1 C609 
 278      13B1 3E33 
 279 0048 930A 0399 		.ascii	"\223\n\003\2310\222\377\340\001\300\323\030a"
 279      3092 FFE0 
 279      01C0 D318 
 279      61
 280               		.text
 281               		.section	.gnu.lto_.refs.eff08b5ba6641172,"",@progbits
 282 0000 789C 15C3 		.ascii	"x\234\025\303;\016\200 \020E\321\307\035\030\304Ocii\311\006"
 282      3B0E 8020 
 282      1045 D1C7 
 282      1D18 C44F 
 282      6369 69C9 
 283 0015 EC5D B926 		.ascii	"\354]\271&,\3141'\307%\335q\023i\207\003;\311]\345\222?R}\305"
 283      2CCC 3127 
 283      C725 DD71 
 283      1369 8703 
 283      3BC9 5DE5 
 284 002e 3444 8B29 		.ascii	"4D\213)\346h\221!+\264\23793\013\253>\024\367\007\302"
 284      E668 9121 
 284      2BB4 9F39 
 284      330B AB3E 
 284      14F7 07C2 
 285               		.text
 286               		.section	.gnu.lto_.decls.eff08b5ba6641172,"",@progbits
 287 0000 789C AD5A 		.string	"x\234\255Z\tTTW\232\256[\227*\312\242"
 287      0954 5457 
 287      9AAE 5B97 
 287      2ACA A200 
 288 0010 0399 C424 		.string	"\003\231\304$\2349iC&\314tZLw\272\223>3\347$i\355\236x:&91\351\214\316\364 B\3050Ap\240Hw
 288      9C39 6943 
 288      26CC 745A 
 288      4C77 BA93 
 288      3E33 E724 
 289 00b6 CF02 F264 		.string	"\317\002\362d\272\374\211\016\030\277\310\365z\001\226\001\226\003\312\241\377M@\005 \rP\
 289      BAFC 890E 
 289      18BF C8F5 
 289      7A01 9601 
 289      9603 CAA1 
 290 00dd 8D80 29E8 		.string	"\215\200)\350\277\004\337zb\027\374\276\016h\226\371\360\002\34024\232"
 290      BF04 DF7A 
 290      6217 FCBE 
 290      0E68 96F9 
 290      F002 E032 
 291 00f4 CD80 1640 		.string	"\315\200\026@+\240Mf\177;\240\003p\005\320\211\354}\356\202\276n\304\204^\005\364\310bp\r
 291      2BA0 4D66 
 291      7F3B A003 
 291      7005 D089 
 291      EC7D EE82 
 292 01d0 AB00      		.string	"\253"
 293 01d2 A180 10C0 		.ascii	"\241\200\020\300\177\002\202\001\377\001\370\n\020\005\330\004"
 293      7F02 8201 
 293      FF01 F80A 
 293      1005 D804 
 294 01e2 8806 7C87 		.ascii	"\210\006|\207\330^\335\b\330\002\330\001H\341\353\262\023\220"
 294      D85E DD08 
 294      D802 D801 
 294      48E1 EBB2 
 294      1390 
 295 01f4 C0D7 6917 		.ascii	"\300\327i\027`;b\353\266\007\220\352\300\267\225X\2129\331\367"
 295      603B 62EB 
 295      B607 90EA 
 295      C0B7 9558 
 295      8A39 D9F7 
 296 0208 5933 C4FC 		.ascii	"Y3\304\374\033\0257\177\006\356F\025\267d\006n\034Fi\343\217"
 296      1B15 377F 
 296      06EE 4615 
 296      B764 066E 
 296      1C46 69E3 
 297 021d 87F0 668C 		.ascii	"\207\360f\214\226\032\321\324\024\206\216\314\3013c\256\254\203"
 297      961A D1D4 
 297      1486 8ECC 
 297      C133 63AE 
 297      AC83 
 298 022f 8C6F 1839 		.ascii	"\214o\0309\263\337\025k\351\357\307\225\223ih\336\021\201}\f"
 298      B3DF 156B 
 298      E9EF C795 
 298      9369 68DE 
 298      1181 7D0C 
 299 0243 8B35 281B 		.ascii	"\2135(\033aQ\320\271\230\366>#\236G\211eS\243Vw\220\341aDZh6"
 299      6151 D0B9 
 299      98F6 3E23 
 299      9E47 8965 
 299      53A3 5677 
 300 025e 0C5D 4876 		.ascii	"\f]Hv\201\346\263F4;\016k\313\262#\277\233\205\214>Q\202\260"
 300      81E6 B346 
 300      343B 0E6B 
 300      CBB2 23BF 
 300      9B85 8C3E 
 301 0275 46A8 1704 		.ascii	"F\250\027\004\335\034\r:\203\274P.\362\322\240|\344CT\237F\363"
 301      DD1C 0D3A 
 301      83BC 502E 
 301      F2D2 A07C 
 301      E443 549F 
 302 028b 34E8 1474 		.ascii	"4\350\024t\236\204\316\003D\235uj\373\334\236\365\202\240Ey\310"
 302      9E84 CE03 
 302      449D 756A 
 302      FBDC 9EF5 
 302      82A0 4579 
 303 02a0 8872 10A6 		.ascii	"\210r\020\246\034\330\017K\215\314\200\332\344\272UF.3\352\251"
 303      1CD8 0F4B 
 303      8DCC 80DA 
 303      E4BA 5546 
 303      2E33 EAA9 
 304 02b4 3251 0132 		.ascii	"2Q\0012\302\244\251\354\3415\256\246M6K\220\277\3116O\203\316"
 304      C2A4 A9EC 
 304      E135 AEA6 
 304      4D36 4B90 
 304      BFC9 364F 
 305 02ca 2213 F7AE 		.ascii	"\"\023\367\256\261m\250\324$\362\242\034\360\3209d\002\356\351"
 305      B16D A8D4 
 305      24F2 A21C 
 305      F0D0 3964 
 305      02EE E9
 306 02dd EAF1      		.ascii	"\352\361"
 307 02df 872E 5DE8 		.string	"\207.]\350\n\202\250\211\233\026\361/D\301\332\2106I\025`_\274\013q\232F\374\315Y\254_+\2
 307      0A82 A889 
 307      9B16 F12F 
 307      44C1 DA88 
 307      3649 1560 
 308 03e0 D10B B61A 		.string	"\321\013\266\032\222\3554/\266\3232\366\244\203\t5\224\253\275{x,\326\031\371\030y\3527\2
 308      92ED 342F 
 308      B6D3 32F6 
 308      A483 0935 
 308      94AB BD7B 
 309 0497 6B80 A2E1 		.string	"k\200\242\341\221\340I\227t\257\264B\217\023h\265\322\356\032Nl7 \037O6i\262\362\3315dR;\
 309      91E0 4997 
 309      74AF B442 
 309      8F13 68B5 
 309      D2EE 1A4E 
 310 0578 EBAF 4394 		.string	"\353\257C\224\373\245\\\002\rM\271x7,\337ZLL\201\312J\025\020\313X(e\311q'\023'\221*\321g
 310      FBA5 5C02 
 310      0D4D B978 
 310      372C DF5A 
 310      4C4C 81CA 
 311 0669 EE13 BDF7 		.string	"\356\023\275\367\270\336Q\252\367\373k\331+\360EGz{\037\037\315scz\365\320\314\317)(\3271
 311      B8DE 51AA 
 311      F7FB 6BD9 
 311      2BF0 4547 
 311      7A7B 1F1F 
 312 070c 4D2A 610D 		.ascii	"M*a\r\225p\266\376\3042\374\220\t(\0369~\320\304\202H\216\210"
 312      9570 B6FE 
 312      C432 FC90 
 312      0928 1E39 
 312      7ED0 C482 
 313 0723 77D6 5DEF 		.ascii	"w\326]\357\346I3\207\\\361\n{\013L\314\235n\352\016\\z\326k\275"
 313      E649 3387 
 313      5CF1 0A7B 
 313      0B4C CC9D 
 313      6EEA 0E5C 
 314 073b D03A 2D91 		.ascii	"\320:-\221\272A\253pg\340\334\216\315\210\333r\334\252\235C\306"
 314      BA41 AB70 
 314      67E0 DC8E 
 314      CD88 DB72 
 314      DCAA 9D43 
 315 0750 D15A 6288 		.ascii	"\321Zb\2104e-7\344[j\310\301\356'k\021\236r\264\300'\272'\n\234"
 315      3465 2D37 
 315      E45B 6AC8 
 315      C1EE 276B 
 315      119E 72B4 
 316 076a 986D 1EE4 		.ascii	"\230m\036\344\264P\232~\317\235\331\026M\022+\252\242\3632b\303"
 316      B450 9A7E 
 316      CF9D D916 
 316      4D12 2BAA 
 316      A2F3 3262 
 317 077f CFC8 8EA2 		.ascii	"\317\310\216\242\036\364(\212\022[\3427\"\034\355De\037\033\271"
 317      1EF4 288A 
 317      125B E237 
 317      221C ED44 
 317      651F 1BB9 
 318 0793 7F4C CFC6 		.ascii	"\177L\317\306\334\311!v\373h\225;\336\313\306\236tDNj\331\230"
 318      DCC9 2176 
 318      FB68 953B 
 318      DECB C69E 
 318      7444 4E6A 
 319 07a9 1B34 77B4 		.ascii	"\0334w\264\237\3152\342,6\366x \256\225\253 \307\277\211\270"
 319      9FCD 32E2 
 319      2C36 F678 
 319      20AE 95AB 
 319      20C7 BF89 
 320 07be 8BF7 8DB8 		.ascii	"\213\367\215\270\202\317\033\252\177\302#G\216\233\345C\347\203"
 320      82CF 1BAA 
 320      7FC2 2347 
 320      8E9B E543 
 320      E783 
 321 07d0 F065 3694 		.string	"\360e6\224\220\177\277Z\307\206\f\204\371\250y\310\025w\261\261\373\233\326\217\362#\2063
 321      907F BF5A 
 321      C786 0C84 
 321      F9A8 79C8 
 321      1577 B1B1 
 322 08be 200D 7048 		.ascii	" \rpH+?DU\177(\331\262Sm\313\016;/\227J^\246*\275\334b\347\345"
 322      2B3F 4455 
 322      7F28 D9B2 
 322      536D CB0E 
 322      3B2F 974A 
 323 08da 8712 779B 		.ascii	"\207\022w\233\222\033\243\346\266-\226\270\273\225\334*\244\342"
 323      921B A3E6 
 323      B62D 96B8 
 323      BB95 DC2A 
 323      A4E2 
 324 08ec F6C8 B8C9 		.ascii	"\366\310\270\311Jn\222Vu\261\356\274\300Nr\300\221_\254\231\240"
 324      4A6E 9256 
 324      75B1 EEBC 
 324      C04E 72C0 
 324      915F AC99 
 325 0901 A65A AF8B 		.ascii	"\246Z\257\2134\027\210\357\333\325\276\307\333\371.\323\233\250"
 325      3417 88EF 
 325      DBD5 BEC7 
 325      DBF9 2ED3 
 325      9BA8 
 326 0913 D43B 2ED9 		.ascii	"\324;.\331H\222\377Q\177\242\016\237\326\261s@\371\316{&\333"
 326      4892 FF51 
 326      7FA2 0E9F 
 326      D6B1 7340 
 326      F9CE 7B26 
 327 0928 39A0 BC8D 		.ascii	"9\240\274\215\035\022O\302\334\023Z\3339\200\230\347x\271Q\026"
 327      1D12 4FC2 
 327      DC13 5ADB 
 327      3980 98E7 
 327      78B9 5116 
 328 093c ACF2 FFC7 		.ascii	"\254\362\377\307\212\223b\037\037\337hR\236\031\034h\322\374"
 328      8A93 621F 
 328      1FDF 6852 
 328      9E19 1C68 
 328      D2FC 
 329 094e 1835 6931 		.ascii	"\0305i1}\217\244\363\305\374\352\335ps\241G\247@r\024\363\332"
 329      7D8F A4F3 
 329      C5FC EADD 
 329      7073 A147 
 329      A740 7214 
 330 0964 A675 2349 		.ascii	"\246u#I\347(^\217\263i=\036\036hh\305\270V\347\240\036\037:\334"
 330      E728 5E8F 
 330      B369 3D1E 
 330      1E68 68C5 
 330      B856 E7A0 
 331 097c 2B16 DC76 		.ascii	"+\026\334v\322\266\256\037(\345\005\271\205\224\250\312\314m"
 331      D2B6 AE1F 
 331      28E5 05B9 
 331      8594 A8CA 
 331      CC6D 
 332 098e 9DBC 625D 		.ascii	"\235\274b]\"\343\351}I[Ml\374mh\336:\227^\304\247\327\220\341"
 332      22E3 E97D 
 332      495B 4D6C 
 332      FC6D 68DE 
 332      3A97 5EC4 
 333 09a6 D3A3 83EB 		.ascii	"\323\243\203\353\f\270\217i\033.*ir\306c\254\321R\177\342\246"
 333      0CB8 8F69 
 333      1B2E 2A69 
 333      72C6 63AC 
 333      D152 7FE2 
 334 09bb 0B86 4244 		.ascii	"\013\206BD\032#[\356\366hq\214\336Ay\273rH\2507\341T:\354\334"
 334      1A23 5BEE 
 334      F668 718C 
 334      DE41 79BB 
 334      7248 A837 
 335 09d4 BBEE 719C 		.ascii	"\273\356q\234\013-o\236>\336\342\t\366\345t\325\t\266b\246:\325"
 335      0B2D 6F9E 
 335      3EDE E209 
 335      F6E5 74D5 
 335      09B6 62A6 
 336 09ea 9981 7747 		.ascii	"\231\201wG\321\363(I\267b-\243\333\247\033c\027g`i\027\237\323"
 336      D1F3 2849 
 336      B762 2DA3 
 336      DBA7 1B63 
 336      1767 6069 
 337 0a01 AA64 DBED 		.ascii	"\252d\333\355\240\233\351XJ\345B\245\354u\332\351\313O>\254\025"
 337      A09B E958 
 337      4AE5 42A5 
 337      EC75 DAE9 
 337      CB4F 3EAC 
 338 0a16 1448 5444 		.ascii	"\024HTD\326\253\202'c%\244K\t\254|\025\240\034P\006(\345Y\300"
 338      D6AB 8227 
 338      6325 A44B 
 338      09AC 7C15 
 338      A01C 5006 
 339 0a2e 12FE E11E 		.ascii	"\022\376\341\036vZ\256\230v\003\246\313\235\264*\r\311U\354\251"
 339      765A AE98 
 339      7603 A6CB 
 339      9DB4 2A0D 
 339      C955 ECA9 
 340 0a42 5307 7726 		.ascii	"S\007w&\271\343\2234\276\332\335y\331\027\364\310\323\307\221"
 340      B9E3 9334 
 340      BEDA DD79 
 340      D917 F4C8 
 340      D3C7 91
 341 0a55 81E8 02D8 		.ascii	"\201\350\002\330\365\003l\314`\207\363\3630\243Z\332\224\025"
 341      F503 6CCC 
 341      6087 F3F3 
 341      30A3 5ADA 
 341      9415 
 342 0a67 7453 929B 		.ascii	"tS\222\233\276\256\342N~\262,%\355\303\247\323\362x\006\315\202"
 342      BEAE E24E 
 342      7EB2 2C25 
 342      EDC3 A7D3 
 342      F278 06CD 
 343 0a7c E6E6 B2EC 		.ascii	"\346\346\262\354r\314\362\253\222\236eN4\027\353q\r\313\224\r"
 343      72CC F2AB 
 343      929E 654E 
 343      3417 EB71 
 343      0DCB 940D 
 344 0a90 871B BF33 		.ascii	"\207\033\2773\342V\326(9y\263\322\025\367\263\306\272\314\254"
 344      E256 D628 
 344      3979 B3D2 
 344      15F7 B3C6 
 344      BACC AC
 345 0aa3 4B2E 7892 		.ascii	"K.x\2225\236\234\331\3340\013orv\220]5\231\267w#\274\215\016"
 345      359E 9CD9 
 345      DC30 0B6F 
 345      7276 905D 
 345      3599 B777 
 346 0abb 1B62 6FD5 		.ascii	"\033bo\325\0377!\361\272\311\322\253y\020\027\234\034\312\020"
 346      1F37 21F1 
 346      BAC9 D2AB 
 346      7910 179C 
 346      1CCA 10
 347 0ace 842D 265B 		.ascii	"\204-&[~\265L\237_\212\240\325A\300j\001\227\311\252\266\360"
 347      7EB5 4C9F 
 347      5F8A A0D5 
 347      41C0 6A01 
 347      97C9 AAB6 
 348 0ae3 8875 42C4 		.ascii	"\210uB\304\232!J\355\200+\200\016@+\240Mq\341\030I\222%\321E"
 348      9A21 4AED 
 348      802B 800E 
 348      402B A04D 
 348      71E1 1849 
 349 0afb 2DD3 E728 		.ascii	"-\323\347(A\307\223d\t\332\244U\031gw\341\035I\224\321/\251\351"
 349      41C7 9364 
 349      09DA A455 
 349      1967 77E1 
 349      1D49 94D1 
 350 0b12 B976 5704 		.ascii	"\271vW\004\271)\rJS\222\324\262\033\344\344F%\271J}\263\327\224"
 350      B929 0D4A 
 350      5392 D4B2 
 350      1BE4 E446 
 350      25B9 4A7D 
 351 0b29 8813 496A 		.ascii	"\210\023Ij\264h\3257{W\222\207r\364\370:]\022\355\371\363\217"
 351      B468 D537 
 351      7B57 9287 
 351      72F4 F83A 
 351      5D12 EDF9 
 352 0b3f 7739 A913 		.ascii	"w9\251\023R\026[t\025B\372\177\r/\277R$\343\f\242\271\033fuI"
 352      5216 5B74 
 352      1542 FA7F 
 352      0D2F BF52 
 352      24E3 0CA2 
 353 0b58 49D9 2226 		.ascii	"I\331\"&\345\206\272\370\033\374\266\343\037\241\031?P\233\212"
 353      E586 BAF8 
 353      1BFC B6E3 
 353      1FA1 193F 
 353      509B 8A
 354 0b6b F024 4BA0 		.ascii	"\360$K\240\241\310\354&=\2166\320\306\251\255eY\316x\017k\214"
 354      A1C8 EC26 
 354      3D8E 36D0 
 354      C6A9 AD65 
 354      59CE 780F 
 355 0b81 5963 D2E0 		.ascii	"Yc\322\340\326\315\340 \317\242o5]q\301V:l\034\256<P\200\370"
 355      D6CD E020 
 355      CFA2 6F35 
 355      5D71 C156 
 355      3A6C 1CAE 
 356 0b99 214D 712B 		.ascii	"!Mq+\036\245*dC3\026\262M8Y\332\343\344\27294\303\211\353\346"
 356      1EA5 2A64 
 356      4333 16B2 
 356      4D38 59DA 
 356      E3E4 BA39 
 357 0bb2 26D9 E20C 		.ascii	"&\331\342\f(\311v\207\221\00699YI\266\313\300\352\2152r\237\222"
 357      28C9 7687 
 357      9106 3939 
 357      5949 B6CB 
 357      C0EA 8D32 
 358 0bc9 6C97 50E3 		.ascii	"l\227P\343rr\257\222lWM\033\344\344\353J\262\243j*\346F?\331"
 358      7272 AF92 
 358      6C57 4D1B 
 358      E4E4 EB4A 
 358      B2A3 6A2A 
 359 0be1 7743 3C31 		.ascii	"wC<1F 1n@\"\334\006\334\005\334\001\f\003\006\0017\001\267\224"
 359      4620 316E 
 359      4022 DC06 
 359      DC05 DC01 
 359      0C03 0601 
 360 0bf9 0737 B9F7 		.ascii	"\0077\271\367\273\225j\355\316Aw\242X\031\036\262\313\343]%\027"
 360      BB95 6AED 
 360      CE41 77A2 
 360      5819 1EB2 
 360      CBE3 5D25 
 361 0c0e 0731 6EA0 		.ascii	"\0071n\240K\256\315\317l\331 \035V\036nbu\361\001\b\276'\245"
 361      4BAE CDCF 
 361      6CD9 201D 
 361      561E 6E62 
 361      75F1 0108 
 362 0c25 E090 FD61 		.ascii	"\340\220\375aE\346\016\272\017^\374P\217\300\216\346\372\236"
 362      45E6 0EBA 
 362      0F5E FC50 
 362      8FC0 8EE6 
 362      FA9E 
 363 0c37 F759 3ABF 		.ascii	"\367Y:\277\t\255}\373Nu\"|\233\345i\305\275\201F^\177\177Jn\270"
 363      09AD 7DFB 
 363      4E75 227C 
 363      9BE5 69C5 
 363      BD81 465E 
 364 0c50 736F E6B8 		.ascii	"so\346\270\340)6\266mk\3166~\333D\236\262\216=H\356s\301\233"
 364      E029 36B6 
 364      6D6B CE36 
 364      7EDB 449E 
 364      B28E 3D48 
 365 0c68 66D1 B1F4 		.ascii	"f\321\261\364\262\342\034^\247_\"u9\247\340\276\036'\262\261"
 365      B2E2 1C5E 
 365      A75F 2275 
 365      39A7 E0BE 
 365      1E27 B2B1 
 366 0c7c C4CE 7D67 		.ascii	"\304\316}g\\p&k\224\367\364_A\270\2005&O\224\025\231p\035k<J"
 366      5C70 266B 
 366      94F7 F45F 
 366      41B8 8035 
 366      264F 9415 
 367 0c96 EBEF D1E3 		.ascii	"\353\357\321\343&\326h}\020\333a\300\375\254qum\357\347\370\t"
 367      26D6 687D 
 367      10DB 61C0 
 367      FDAC 7175 
 367      6DEF E7F8 
 368 0cab FBBD 2DE3 		.ascii	"\373\275-\3431\334@\306\260\247\254Q\335kw\300I\300\350`\213"
 368      31DC 40C6 
 368      B0A7 AC51 
 368      DD6B 77C0 
 368      49C0 E860 
 369 0cc0 6DCE E888 		.ascii	"m\316\350\210s\305\271tx\326\336\216\304j7\276\305|<\371Q\241"
 369      73C5 B974 
 369      78D6 DE8E 
 369      C46A 37BE 
 369      C57C 3CF9 
 370 0cd6 694C 7543 		.ascii	"iLuC\363=\236a\177\365\215\313nh\"1c;\332^=\337Heu=VI\266\333"
 370      F33D 9E61 
 370      7FF5 8DCB 
 370      6E68 2231 
 370      633B DA5E 
 371 0cf4 050D 7F91 		.ascii	"\005\r\177\221\022l\215R\262\375\t\344\277$\356\267J\256\335"
 371      126C 8D52 
 371      B2FD 09E4 
 371      BF24 EEB7 
 371      4AAE DD
 372 0d07 BEAD 96C9 		.ascii	"\276\255\226\311]\253"
 372      5DAB 
 373 0d0d E4DA 256E 		.string	"\344\332%n\371\030;\300\003G\236\270\323f\337\006\f\233\211\b#\251\267\025\373\240(\354\2
 373      F918 3BC0 
 373      0347 9EB8 
 373      D366 DF06 
 373      0C9B 8908 
 374 0e0e E201 BB00 		.string	"\342\001\273"
 375 0e12 DB01 4980 		.ascii	"\333\001I\200=\200T,\177R]\236\370\\<MW\022\245\263\352(\025"
 375      3D80 542C 
 375      7F52 5D9E 
 375      F85C 3C4D 
 375      5712 A5B3 
 376 0e29 A87D 69A0 		.ascii	"\250}i\240~\223\030M\251=\251\265\213\377KR\374\343\260Jr\236"
 376      7E93 184D 
 376      A93D A9B5 
 376      8BFF 4B52 
 376      FCE3 B04A 
 377 0e3f 56BE 15F6 		.ascii	"V\276\025\366$\016\3561\341C.t+t\237\216\2543J\227\215=z\022"
 377      240E EE31 
 377      E143 2E74 
 377      2B74 9F8E 
 377      AC33 4A97 
 378 0e57 8FFD 3079 		.ascii	"\217\3750y\257\264\023v\333\357\0041*h\037\004\343\307\004\006"
 378      AFB4 1376 
 378      DBEF 0431 
 378      2A68 1F04 
 378      E3C7 0406 
 379 0e6b ECD9 127D 		.ascii	"\354\331\022})\326Y\365,|\032\361\232\277FvK\334\356D7\351f\266"
 379      29D6 59F5 
 379      2C7C 1AF1 
 379      9ABF 4676 
 379      4BDC EE44 
 380 0e83 B680 DECC 		.ascii	"\266\200\336\314\246\021\211\374f\226\253B9\344r~\232\337\314"
 380      A611 89FC 
 380      6696 AB42 
 380      39E4 727E 
 380      9ADF CC
 381 0e96 1EC0 E466 		.ascii	"\036\300\344f6\346\373\336wq\225\213\203{\331\234;\207s\\\331"
 381      36E6 FBDE 
 381      7771 958B 
 381      837B D99C 
 381      3B87 735C 
 382 0eab 25CA 4ADA 		.ascii	"%\312J\332;n\217\275\310n%\004\362\346\257g\3556\201\337\312"
 382      3B6E 8FBD 
 382      C86E 2504 
 382      F2E6 AF67 
 382      ED36 81DF 
 383 0ec0 BE03 CD03 		.ascii	"\276\003\315\003\367\nS\034?\004>\202\371C\340\303\230>\004."
 383      F70A 531C 
 383      3F04 3E82 
 383      F943 E0C3 
 383      983E 042E 
 384 0ed4 BB90 3F8A 		.ascii	"\273\220?\212p\013[\242\221\276K\211\006\333\353>\270]\250\314"
 384      700B 5BA2 
 384      91BE 4B89 
 384      06DB EB3E 
 384      B85D A8CC 
 385 0ee8 3E12 29BC 		.ascii	">\022)\274\2132\261\021\035\225V\351\"r\360\302\357\030\236\366"
 385      8B32 B111 
 385      1D95 56E9 
 385      2272 F0C2 
 385      EF18 9EF6 
 386 0efc 855F 6F61 		.ascii	"\205_oaR\261Q\376\240\231\310;\204\275P\006&&\035\307\036\242"
 386      52B1 51FE 
 386      A099 C83B 
 386      84BD 5006 
 386      2626 1DC7 
 387 0f12 6184 9D37 		.ascii	"a\204\2357\026wVg\344\322\243\236.='\376\354Wr\341'f\022~\257"
 387      1677 5667 
 387      E4D2 A39E 
 387      2E3D 27FE 
 387      EC57 72E1 
 388 0f2b AA74 BFC1 		.ascii	"\252t\277\301\266Jo\237>*\b\363Q\026\366@\007\231{\342L\224N"
 388      B64A 6F9F 
 388      3E2A 08F3 
 388      5116 F640 
 388      0799 7BE2 
 389 0f42 2E13 A493 		.ascii	".\023\244\223,\322I\272H;\216\266Yux\302\321*u\306\2177\360\007"
 389      2CD2 49BA 
 389      483B 8EB6 
 389      5975 78C2 
 389      D12A 75C6 
 390 0f5a A9BF 224F 		.ascii	"\251\277\"O\f\242\332\223\370\253\205\343\344iu\327\245~\361"
 390      0CA2 DA93 
 390      F8AB 85E3 
 390      E469 75D7 
 390      A57E F1
 391 0f6d 75ED 2FC9 		.ascii	"u\355/\311\023\323C)g\214\016W\351\214\270J\271l\225J\246\022"
 391      13D3 4329 
 391      678C 0E57 
 391      E98C B84A 
 391      B96C 954A 
 392 0f83 EA74 EA08 		.ascii	"\352t\352\b\346\200\231\247\251\223y\324\3113\242\223\315\227"
 392      E680 99A7 
 392      A993 79D4 
 392      C933 A293 
 392      CD97 
 393 0f95 BF1D 31A8 		.ascii	"\277\0351\250C\342\220}\240\260\270"
 393      43E2 907D 
 393      A0B0 B8
 394 0fa0 DB49 7CE7 		.string	"\333I|\347\361:}\367\220\017\0019\305\003\302\347\241l\022\220S< \0054 w&\013\203\360F\22
 394      F13A 7DF7 
 394      900F 0139 
 394      C503 C2E7 
 394      A16C 1290 
 395 0fdf 8AC4 00   		.string	"\212\304"
 396 0fe2 5859 00   		.string	"XY"
 397 0fe5 6EED AFBF 		.ascii	"n\355\257\277\204\325\001(\004\263X\t/\246.\025\211.\245f\254"
 397      84D5 0128 
 397      04B3 5809 
 397      2FA6 2E15 
 397      892E A566 
 398 0ffa D9AA 5707 		.ascii	"\331\252W\007\300!"
 398      C021 
 399 1000 BB7E 57FE 		.string	"\273~W\376\230\370\322\247\355\035\032\200\022\b\300Y\036"
 399      98F8 D2A7 
 399      ED1D 1A80 
 399      1208 C059 
 399      1E00 
 400 1012 3E0F 9D23 		.ascii	">\017\235#\0018\313\003PJ\003\320\326}~\330m\272T\235\356\315"
 400      0138 CB03 
 400      504A 03D0 
 400      D67D 7ED8 
 400      6DBA 549D 
 401 1028 372A C3E4 		.ascii	"7*\303\344\331\373\336\007-\267\234\344\377\325\343\224\354\306"
 401      D9FB DE07 
 401      2DB7 9CE4 
 401      FFD5 E394 
 401      ECC6 
 402 103a 4883 CA31 		.ascii	"H\203\3121\373?\034\360\r\344\223\205\361\031\316rr\032\226\223"
 402      FB3F 1CF0 
 402      0DE4 9385 
 402      F119 CE72 
 402      721A 9693 
 403 104e 2B38 B982 		.ascii	"+8\271\202\222\357\016W\336\320\311\311\203HN\256\344\344JJ~"
 403      92EF 0E57 
 403      DED0 C9C9 
 403      8348 4EAE 
 403      E4E4 4A4A 
 404 1063 98B2 BF97 		.ascii	"\230\262\277\227\277\026\254W\275\026T\275q\326(^7\243*\354I"
 404      BF16 AC57 
 404      BD16 54BD 
 404      71D6 285E 
 404      37A3 2AEC 
 405 1078 1633 E1F8 		.ascii	"\0263\341\370-\203\\\0278'\323U\315uUS]\227\037\235\0357\341"
 405      2D83 5C17 
 405      3827 D355 
 405      CD75 5553 
 405      5D97 1F9D 
 406 108f 1D34 519C 		.ascii	"\0354Q\234\272N\366oE\310\307\013!#\200V\032\370\030 N \341<"
 406      BA4E F66F 
 406      45C8 C70B 
 406      2123 8056 
 406      1AF8 1820 
 407 10a7 C6FC CAA8 		.ascii	"\306\374\312\250I\020 \256C\377C\272\247+5\027\240\030\324\322"
 407      4910 20AE 
 407      43FF 43BA 
 407      A72B 3517 
 407      A018 D4D2 
 408 10bb 24A9 83F5 		.ascii	"$\251\203\365\251\201,I\200\313\t\351\001\205\215\375\303o\311"
 408      A981 2C49 
 408      80CB 09E9 
 408      0185 8DFD 
 408      C36F C9
 409 10ce DF04 11D1 		.ascii	"\337\004\021\321\322{\235z,\275\n\"\215\270\247\275\"\277(&\343"
 409      D27B 9D7A 
 409      2CBD 0A22 
 409      8DB8 A7BD 
 409      22BF 2826 
 410 10e3 7C9A 8B5B 		.ascii	"|\232\213[\036\f\356wb\342\353m\342%v\003\025O\347\320\006\314"
 410      1E0C EE77 
 410      62E2 EB6D 
 410      E225 7603 
 410      154F E7D0 
 411 10f9 48B9 7627 		.ascii	"H\271v'O\361\337{\310k/iF#\217V#\215VT\331\260\325$'\223WS\022"
 411      4FF1 DF7B 
 411      C86B 2F69 
 411      4623 8F56 
 411      238D 5654 
 412 1116 F912 275F 		.ascii	"\371\022'_\242\344\033\245#[\264\257\244\262 \246C\024\227?G"
 412      A2E4 1BA5 
 412      235B B4AF 
 412      A4B2 20A6 
 412      4314 973F 
 413 112b FF2F 095B 		.ascii	"\377/\t[\253\313\370\025rq9\2743\306\3008\326\311.\274K\250\237"
 413      ABCB F815 
 413      7271 39BC 
 413      33C6 C038 
 413      D6C9 2EBC 
 414 1142 ADA4 3551 		.ascii	"\255\2445Q\332\267\365\307\2120\247\265\r`\220\246d5S\326\261"
 414      DAB7 F5C7 
 414      8A30 A7B5 
 414      0D60 90A6 
 414      6435 53D6 
 415 1157 ADA7 069C 		.ascii	"\255\247\006\2349k|\032V\013e\335\273Q\335\256\343\254\236[\366"
 415      396B 7C1A 
 415      560B 65DD 
 415      BB51 DDAE 
 415      E3AC 9E5B 
 416 116c AC56 CADA 		.ascii	"\254V\312\332\367\375\376V=g\215\334\265g\265Q\326\271\253B\256"
 416      F7FD FE56 
 416      3D67 8DDC 
 416      B567 B551 
 416      D6B9 AB42 
 417 1181 2B67 35DD 		.ascii	"+g5\335\300\031v\346\267SZ\376\361\2128$\n\273a/\254\203\262"
 417      C019 76E6 
 417      B753 5AFE 
 417      F18A 3824 
 417      0ABB 612F 
 418 1198 725A 1BBE 		.ascii	"rZ\033\276\023U6\334\264g]\241\254\211\314\310\213.\242\254i"
 418      1355 36DC 
 418      B467 5DA1 
 418      AC89 CCC8 
 418      8B2E A2AC 
 419 11ad 589D 9475 		.ascii	"X\235\224u\364@e\261\343\330wQN\323\372\361\002'\207\234n\312"
 419      F440 65B1 
 419      E3D8 7751 
 419      4ED3 FAF1 
 419      0227 879C 
 420 11c3 C9EB AE8E 		.ascii	"\311\353\256\216\327;\344\\\245\234\204\253\273\2568\226\323"
 420      D73B E45C 
 420      A59C 84AB 
 420      BBAE 3896 
 420      D3
 421 11d4 4339 0723 		.ascii	"C9\007#\037<D\0169\327(g|\317h\251\253CN/\345\324\347W\337tU"
 421      1F3C 440E 
 421      39D7 2867 
 421      7CCF 68A9 
 421      AB43 4E2F 
 422 11ef 9E92 A67B 		.ascii	"\236\222\246{\002\250\231\361\371\024\272N\353\304\324\341m\351"
 422      02A8 99F1 
 422      F914 BA4E 
 422      EBC4 D4E1 
 422      6DE9 
 423 1201 8A3A 715D 		.ascii	"\212:q]Q\300\372x2\367\321d\356\274U\222\252\227\223I\031\226"
 423      51C0 FA78 
 423      32F7 D164 
 423      EEBC 5592 
 423      AA97 9349 
 424 1217 C8FD 9CDC 		.ascii	"\310\375\234\334O\311-\203\373^\223s\363\025\334\001\316\035"
 424      4FC9 2D83 
 424      FB5E 9373 
 424      F315 DC01 
 424      CE1D 
 425 1229 A0DC D8F5 		.ascii	"\240\334\330\365\347\217\030\345\344,\005\371\006'\223\357\271"
 425      E78F 18E5 
 425      E42C 05F9 
 425      0627 93EF 
 425      B9
 426 123a 9655 5FF9 		.ascii	"\226U_\371\005\204\206\231}W\207\205ZB\003B\203}#\302W\370\005"
 426      0584 8699 
 426      7D57 8785 
 426      5A42 0342 
 426      837D 23C2 
 427 1251 9AC3 03C2 		.ascii	"\232\303\003\302\202V[B\303\346\005\030\376\371\303\317^^\360"
 427      8256 5B42 
 427      C3E6 0518 
 427      FEF9 C3CF 
 427      5E5E F0
 428 1264 EB5F      		.ascii	"\353_"
 429 1266 6B0C 1141 		.string	"k\f\021A!\2267~\345gy\0138a\276\301\241\001\376\301\276\013\314\301\301\376a\276\376_\207
 429      2196 377E 
 429      E567 790B 
 429      3861 BEC1 
 429      A101 FEC1 
 430 1367 0B6B 792C 		.ascii	"\013ky,1\207\005\371\007\177\030\261j\205H0,X\362\371\247\013"
 430      3187 05F9 
 430      077F 18B1 
 430      6A85 4830 
 430      2C58 F2F9 
 431 137d DE9F F786 		.ascii	"\336\237\367\206\370\343\347\342\217_\314^h\376:(\300,)z\306"
 431      F8E3 E7E2 
 431      8F5F CC5E 
 431      68FE 3A28 
 431      C02C 297A 
 432 1392 361D E62E 		.ascii	"6\035\346.\n\t4\377\331]\022O\333\317\252,\240\235\256\237\230"
 432      0A09 34FF 
 432      D95D 124F 
 432      DBCF AA2C 
 432      A09D AE9F 
 433 13a7 83CD FEE1 		.ascii	"\203\315\376\341f\246v\026\237\262h\241\341\017\346\220\300\320"
 433      66A6 7616 
 433      9FB2 68A1 
 433      E10F E690 
 433      C0D0 
 434 13b9 B045 0B5D 		.ascii	"\260E\013]\177\033\022\270:\024\226g>Y(\303\307|\251\rK\"V,\b"
 434      7F1B 12B8 
 434      3A14 9667 
 434      3E59 28C3 
 434      C77C A90D 
 435 13d2 F60F 0FD7 		.ascii	"\366\017\017\327\321\277\263\301\353%\253\315\001A_\004\005\370"
 435      D1BF B3C1 
 435      EB25 ABCD 
 435      0141 5F04 
 435      05F8 
 436 13e4 5B82 4243 		.ascii	"[\202BC\236c\002?\372bAh\310\027A+#\302ho\270"
 436      9E63 023F 
 436      FA62 4168 
 436      C817 412B 
 436      23C2 686F 
 437 13f9 3A3A CC0B 		.string	"::\314\013?\313\363\n\232D\360\200\376\360\320`\263\337\242\017E;L\342\017b\217\361=\013D
 437      3FCB F30A 
 437      9A44 F080 
 437      FEF0 D060 
 437      B3DF A20F 
 438 14fa 3681 E16C 		.string	"6\201\341l\345\224\323!c<\027\373\377\371\343\320?\231\303H\004#V\255&\375\257\252<WL\262
 438      E594 D321 
 438      633C 17FB 
 438      FFF9 E3D0 
 438      3F99 C348 
 439               		.text
 440               		.section	.gnu.lto_.symtab.eff08b5ba6641172,"",@progbits
 441 0000 6765 745F 		.string	"get_usb_descriptor"
 441      7573 625F 
 441      6465 7363 
 441      7269 7074 
 441      6F72 00
 442 0013 00        		.string	""
 443 0014 00        		.string	""
 444 0015 00        		.string	""
 445 0016 00        		.string	""
 446 0017 00        		.string	""
 447 0018 00        		.string	""
 448 0019 00        		.string	""
 449 001a 00        		.string	""
 450 001b 00        		.string	""
 451 001c 00        		.string	""
 452 001d 00        		.string	""
 453 001e C500      		.string	"\305"
 454 0020 00        		.string	""
 455 0021 00        		.string	""
 456 0022 4C61 6E67 		.string	"LanguageString"
 456      7561 6765 
 456      5374 7269 
 456      6E67 00
 457 0031 00        		.string	""
 458 0032 00        		.string	""
 459 0033 00        		.string	""
 460 0034 00        		.string	""
 461 0035 00        		.string	""
 462 0036 00        		.string	""
 463 0037 00        		.string	""
 464 0038 00        		.string	""
 465 0039 00        		.string	""
 466 003a 00        		.string	""
 467 003b 00        		.string	""
 468 003c ED00      		.string	"\355"
 469 003e 00        		.string	""
 470 003f 00        		.string	""
 471 0040 4D61 6E75 		.string	"ManufacturerString"
 471      6661 6374 
 471      7572 6572 
 471      5374 7269 
 471      6E67 00
 472 0053 00        		.string	""
 473 0054 00        		.string	""
 474 0055 00        		.string	""
 475 0056 00        		.string	""
 476 0057 00        		.string	""
 477 0058 00        		.string	""
 478 0059 00        		.string	""
 479 005a 00        		.string	""
 480 005b 00        		.string	""
 481 005c 00        		.string	""
 482 005d 00        		.string	""
 483 005e F200      		.string	"\362"
 484 0060 00        		.string	""
 485 0061 00        		.string	""
 486 0062 5072 6F64 		.string	"ProductString"
 486      7563 7453 
 486      7472 696E 
 486      6700 
 487 0070 00        		.string	""
 488 0071 00        		.string	""
 489 0072 00        		.string	""
 490 0073 00        		.string	""
 491 0074 00        		.string	""
 492 0075 00        		.string	""
 493 0076 00        		.string	""
 494 0077 00        		.string	""
 495 0078 00        		.string	""
 496 0079 00        		.string	""
 497 007a 00        		.string	""
 498 007b F700      		.string	"\367"
 499 007d 00        		.string	""
 500 007e 00        		.string	""
 501 007f 5365 7269 		.string	"SerialNumberString"
 501      616C 4E75 
 501      6D62 6572 
 501      5374 7269 
 501      6E67 00
 502 0092 00        		.string	""
 503 0093 00        		.string	""
 504 0094 00        		.string	""
 505 0095 00        		.string	""
 506 0096 00        		.string	""
 507 0097 00        		.string	""
 508 0098 00        		.string	""
 509 0099 00        		.string	""
 510 009a 00        		.string	""
 511 009b 00        		.string	""
 512 009c 00        		.string	""
 513 009d FC00      		.string	"\374"
 514 009f 00        		.string	""
 515 00a0 00        		.string	""
 516 00a1 4465 7669 		.string	"DeviceDescriptor"
 516      6365 4465 
 516      7363 7269 
 516      7074 6F72 
 516      00
 517 00b2 00        		.string	""
 518 00b3 00        		.string	""
 519 00b4 00        		.string	""
 520 00b5 00        		.string	""
 521 00b6 00        		.string	""
 522 00b7 00        		.string	""
 523 00b8 00        		.string	""
 524 00b9 00        		.string	""
 525 00ba 00        		.string	""
 526 00bb 00        		.string	""
 527 00bc 00        		.string	""
 528 00bd 3501 00   		.string	"5\001"
 529 00c0 00        		.string	""
 530 00c1 436F 6E66 		.string	"ConfigurationDescriptor"
 530      6967 7572 
 530      6174 696F 
 530      6E44 6573 
 530      6372 6970 
 531 00d9 00        		.string	""
 532 00da 00        		.string	""
 533 00db 00        		.string	""
 534 00dc 00        		.string	""
 535 00dd 00        		.string	""
 536 00de 00        		.string	""
 537 00df 00        		.string	""
 538 00e0 00        		.string	""
 539 00e1 00        		.string	""
 540 00e2 00        		.string	""
 541 00e3 00        		.string	""
 542 00e4 A601 00   		.string	"\246\001"
 543 00e7 00        		.string	""
 544 00e8 4B65 7962 		.string	"KeyboardReport"
 544      6F61 7264 
 544      5265 706F 
 544      7274 00
 545 00f7 00        		.string	""
 546 00f8 00        		.string	""
 547 00f9 00        		.string	""
 548 00fa 00        		.string	""
 549 00fb 00        		.string	""
 550 00fc 00        		.string	""
 551 00fd 00        		.string	""
 552 00fe 00        		.string	""
 553 00ff 00        		.string	""
 554 0100 00        		.string	""
 555 0101 00        		.string	""
 556 0102 B301 00   		.string	"\263\001"
 557 0105 00        		.string	""
 558 0106 5368 6172 		.string	"SharedReport"
 558      6564 5265 
 558      706F 7274 
 558      00
 559 0113 00        		.string	""
 560 0114 00        		.string	""
 561 0115 00        		.string	""
 562 0116 00        		.string	""
 563 0117 00        		.string	""
 564 0118 00        		.string	""
 565 0119 00        		.string	""
 566 011a 00        		.string	""
 567 011b 00        		.string	""
 568 011c 00        		.string	""
 569 011d 00        		.string	""
 570 011e BC01 00   		.string	"\274\001"
 571 0121 00        		.string	""
 572 0122 436F 6E73 		.string	"ConsoleReport"
 572      6F6C 6552 
 572      6570 6F72 
 572      7400 
 573 0130 00        		.string	""
 574 0131 00        		.string	""
 575 0132 00        		.string	""
 576 0133 00        		.string	""
 577 0134 00        		.string	""
 578 0135 00        		.string	""
 579 0136 00        		.string	""
 580 0137 00        		.string	""
 581 0138 00        		.string	""
 582 0139 00        		.string	""
 583 013a 00        		.string	""
 584 013b C401 00   		.string	"\304\001"
 585 013e 00        		.string	""
 586               		.text
 587               		.section	.gnu.lto_.opts,"",@progbits
 588 0000 272D 666D 		.ascii	"'-fmath-errno' '-fsigned-zeros' '-ftrapping-m"
 588      6174 682D 
 588      6572 726E 
 588      6F27 2027 
 588      2D66 7369 
 589 002d 6174 6827 		.string	"ath' '-fno-trapv' '-fno-openmp' '-fno-openacc' '-mn-flash=1' '-mno-skip-bug' '-mmcu=avr5'
 589      2027 2D66 
 589      6E6F 2D74 
 589      7261 7076 
 589      2720 272D 
 590               		.text
 591               		.comm	__gnu_lto_v1,1,1
 592               		.comm	__gnu_lto_slim,1,1
 593               		.ident	"GCC: (GNU) 7.4.0"
DEFINED SYMBOLS
                            *ABS*:0000000000000000 usb_descriptor.c
/var/folders/7d/r_phv7rx6m99qllr_nm2m9c80000gn/T//ccfTEWBy.s:2      *ABS*:000000000000003e __SP_H__
/var/folders/7d/r_phv7rx6m99qllr_nm2m9c80000gn/T//ccfTEWBy.s:3      *ABS*:000000000000003d __SP_L__
/var/folders/7d/r_phv7rx6m99qllr_nm2m9c80000gn/T//ccfTEWBy.s:4      *ABS*:000000000000003f __SREG__
/var/folders/7d/r_phv7rx6m99qllr_nm2m9c80000gn/T//ccfTEWBy.s:5      *ABS*:0000000000000000 __tmp_reg__
/var/folders/7d/r_phv7rx6m99qllr_nm2m9c80000gn/T//ccfTEWBy.s:6      *ABS*:0000000000000001 __zero_reg__
                            *COM*:0000000000000001 __gnu_lto_v1
                            *COM*:0000000000000001 __gnu_lto_slim

NO UNDEFINED SYMBOLS
