   1               		.file	"ws2812.c"
   2               	__SP_H__ = 0x3e
   3               	__SP_L__ = 0x3d
   4               	__SREG__ = 0x3f
   5               	__tmp_reg__ = 0
   6               	__zero_reg__ = 1
   7               		.file 1 "/usr/local/Cellar/avr-gcc/9.2.0/avr/include/stdint.h"
   8               		.file 2 "./quantum/color.h"
   9               		.file 3 "tmk_core/common/debug.h"
  10               		.file 4 "tmk_core/common/avr/xprintf.h"
  11               		.file 5 "drivers/avr/ws2812.c"
  12               		.file 6 "/usr/local/Cellar/avr-gcc/9.2.0/avr/include/util/delay.h"
  13               		.section	.gnu.debuglto_.debug_info,"e",@progbits
  14               	.Ldebug_info0:
  15               		.hidden	ws2812.c.408a3cc3
  16               		.weak	ws2812.c.408a3cc3
  17               	ws2812.c.408a3cc3:
  18 0000 EB02 0000 		.long	0x2eb
  19 0004 0200      		.word	0x2
  20 0006 0000 0000 		.long	.Ldebug_abbrev0
  21 000a 04        		.byte	0x4
  22 000b 01        		.uleb128 0x1
  23 000c 0000 0000 		.long	.LASF39
  24 0010 0C        		.byte	0xc
  25 0011 0000 0000 		.long	.LASF40
  26 0015 0000 0000 		.long	.LASF41
  27 0019 0000 0000 		.long	.Ldebug_line0
  28 001d 02        		.uleb128 0x2
  29 001e 01        		.byte	0x1
  30 001f 06        		.byte	0x6
  31 0020 0000 0000 		.long	.LASF0
  32 0024 03        		.uleb128 0x3
  33 0025 0000 0000 		.long	.LASF2
  34 0029 01        		.byte	0x1
  35 002a 7E        		.byte	0x7e
  36 002b 16        		.byte	0x16
  37 002c 3000 0000 		.long	0x30
  38 0030 02        		.uleb128 0x2
  39 0031 01        		.byte	0x1
  40 0032 08        		.byte	0x8
  41 0033 0000 0000 		.long	.LASF1
  42 0037 04        		.uleb128 0x4
  43 0038 02        		.byte	0x2
  44 0039 05        		.byte	0x5
  45 003a 696E 7400 		.string	"int"
  46 003e 03        		.uleb128 0x3
  47 003f 0000 0000 		.long	.LASF3
  48 0043 01        		.byte	0x1
  49 0044 80        		.byte	0x80
  50 0045 16        		.byte	0x16
  51 0046 4A00 0000 		.long	0x4a
  52 004a 02        		.uleb128 0x2
  53 004b 02        		.byte	0x2
  54 004c 07        		.byte	0x7
  55 004d 0000 0000 		.long	.LASF4
  56 0051 02        		.uleb128 0x2
  57 0052 04        		.byte	0x4
  58 0053 05        		.byte	0x5
  59 0054 0000 0000 		.long	.LASF5
  60 0058 03        		.uleb128 0x3
  61 0059 0000 0000 		.long	.LASF6
  62 005d 01        		.byte	0x1
  63 005e 82        		.byte	0x82
  64 005f 16        		.byte	0x16
  65 0060 6400 0000 		.long	0x64
  66 0064 02        		.uleb128 0x2
  67 0065 04        		.byte	0x4
  68 0066 07        		.byte	0x7
  69 0067 0000 0000 		.long	.LASF7
  70 006b 02        		.uleb128 0x2
  71 006c 08        		.byte	0x8
  72 006d 05        		.byte	0x5
  73 006e 0000 0000 		.long	.LASF8
  74 0072 02        		.uleb128 0x2
  75 0073 08        		.byte	0x8
  76 0074 07        		.byte	0x7
  77 0075 0000 0000 		.long	.LASF9
  78 0079 05        		.uleb128 0x5
  79 007a 03        		.byte	0x3
  80 007b 02        		.byte	0x2
  81 007c 2A        		.byte	0x2a
  82 007d 09        		.byte	0x9
  83 007e AA00 0000 		.long	0xaa
  84 0082 06        		.uleb128 0x6
  85 0083 6700      		.string	"g"
  86 0085 02        		.byte	0x2
  87 0086 2C        		.byte	0x2c
  88 0087 0A        		.byte	0xa
  89 0088 2400 0000 		.long	0x24
  90 008c 02        		.byte	0x2
  91 008d 23        		.byte	0x23
  92 008e 00        		.uleb128 0
  93 008f 06        		.uleb128 0x6
  94 0090 7200      		.string	"r"
  95 0092 02        		.byte	0x2
  96 0093 2D        		.byte	0x2d
  97 0094 0A        		.byte	0xa
  98 0095 2400 0000 		.long	0x24
  99 0099 02        		.byte	0x2
 100 009a 23        		.byte	0x23
 101 009b 01        		.uleb128 0x1
 102 009c 06        		.uleb128 0x6
 103 009d 6200      		.string	"b"
 104 009f 02        		.byte	0x2
 105 00a0 2E        		.byte	0x2e
 106 00a1 0A        		.byte	0xa
 107 00a2 2400 0000 		.long	0x24
 108 00a6 02        		.byte	0x2
 109 00a7 23        		.byte	0x23
 110 00a8 02        		.uleb128 0x2
 111 00a9 00        		.byte	0
 112 00aa 03        		.uleb128 0x3
 113 00ab 0000 0000 		.long	.LASF10
 114 00af 02        		.byte	0x2
 115 00b0 2F        		.byte	0x2f
 116 00b1 03        		.byte	0x3
 117 00b2 7900 0000 		.long	0x79
 118 00b6 07        		.uleb128 0x7
 119 00b7 5247 4200 		.string	"RGB"
 120 00bb 02        		.byte	0x2
 121 00bc 31        		.byte	0x31
 122 00bd 0E        		.byte	0xe
 123 00be AA00 0000 		.long	0xaa
 124 00c2 08        		.uleb128 0x8
 125 00c3 01        		.byte	0x1
 126 00c4 CE00 0000 		.long	0xce
 127 00c8 09        		.uleb128 0x9
 128 00c9 2400 0000 		.long	0x24
 129 00cd 00        		.byte	0
 130 00ce 0A        		.uleb128 0xa
 131 00cf 0000 0000 		.long	.LASF18
 132 00d3 04        		.byte	0x4
 133 00d4 0F        		.byte	0xf
 134 00d5 0F        		.byte	0xf
 135 00d6 DC00 0000 		.long	0xdc
 136 00da 01        		.byte	0x1
 137 00db 01        		.byte	0x1
 138 00dc 0B        		.uleb128 0xb
 139 00dd 02        		.byte	0x2
 140 00de C200 0000 		.long	0xc2
 141 00e2 05        		.uleb128 0x5
 142 00e3 01        		.byte	0x1
 143 00e4 03        		.byte	0x3
 144 00e5 21        		.byte	0x21
 145 00e6 05        		.byte	0x5
 146 00e7 4601 0000 		.long	0x146
 147 00eb 0C        		.uleb128 0xc
 148 00ec 0000 0000 		.long	.LASF11
 149 00f0 03        		.byte	0x3
 150 00f1 22        		.byte	0x22
 151 00f2 0E        		.byte	0xe
 152 00f3 4601 0000 		.long	0x146
 153 00f7 01        		.byte	0x1
 154 00f8 01        		.byte	0x1
 155 00f9 07        		.byte	0x7
 156 00fa 02        		.byte	0x2
 157 00fb 23        		.byte	0x23
 158 00fc 00        		.uleb128 0
 159 00fd 0C        		.uleb128 0xc
 160 00fe 0000 0000 		.long	.LASF12
 161 0102 03        		.byte	0x3
 162 0103 23        		.byte	0x23
 163 0104 0E        		.byte	0xe
 164 0105 4601 0000 		.long	0x146
 165 0109 01        		.byte	0x1
 166 010a 01        		.byte	0x1
 167 010b 06        		.byte	0x6
 168 010c 02        		.byte	0x2
 169 010d 23        		.byte	0x23
 170 010e 00        		.uleb128 0
 171 010f 0C        		.uleb128 0xc
 172 0110 0000 0000 		.long	.LASF13
 173 0114 03        		.byte	0x3
 174 0115 24        		.byte	0x24
 175 0116 0E        		.byte	0xe
 176 0117 4601 0000 		.long	0x146
 177 011b 01        		.byte	0x1
 178 011c 01        		.byte	0x1
 179 011d 05        		.byte	0x5
 180 011e 02        		.byte	0x2
 181 011f 23        		.byte	0x23
 182 0120 00        		.uleb128 0
 183 0121 0C        		.uleb128 0xc
 184 0122 0000 0000 		.long	.LASF14
 185 0126 03        		.byte	0x3
 186 0127 25        		.byte	0x25
 187 0128 0E        		.byte	0xe
 188 0129 4601 0000 		.long	0x146
 189 012d 01        		.byte	0x1
 190 012e 01        		.byte	0x1
 191 012f 04        		.byte	0x4
 192 0130 02        		.byte	0x2
 193 0131 23        		.byte	0x23
 194 0132 00        		.uleb128 0
 195 0133 0C        		.uleb128 0xc
 196 0134 0000 0000 		.long	.LASF15
 197 0138 03        		.byte	0x3
 198 0139 26        		.byte	0x26
 199 013a 11        		.byte	0x11
 200 013b 2400 0000 		.long	0x24
 201 013f 01        		.byte	0x1
 202 0140 04        		.byte	0x4
 203 0141 00        		.byte	0
 204 0142 02        		.byte	0x2
 205 0143 23        		.byte	0x23
 206 0144 00        		.uleb128 0
 207 0145 00        		.byte	0
 208 0146 02        		.uleb128 0x2
 209 0147 01        		.byte	0x1
 210 0148 02        		.byte	0x2
 211 0149 0000 0000 		.long	.LASF16
 212 014d 0D        		.uleb128 0xd
 213 014e 01        		.byte	0x1
 214 014f 03        		.byte	0x3
 215 0150 20        		.byte	0x20
 216 0151 09        		.byte	0x9
 217 0152 6801 0000 		.long	0x168
 218 0156 0E        		.uleb128 0xe
 219 0157 E200 0000 		.long	0xe2
 220 015b 0F        		.uleb128 0xf
 221 015c 7261 7700 		.string	"raw"
 222 0160 03        		.byte	0x3
 223 0161 28        		.byte	0x28
 224 0162 0D        		.byte	0xd
 225 0163 2400 0000 		.long	0x24
 226 0167 00        		.byte	0
 227 0168 03        		.uleb128 0x3
 228 0169 0000 0000 		.long	.LASF17
 229 016d 03        		.byte	0x3
 230 016e 29        		.byte	0x29
 231 016f 03        		.byte	0x3
 232 0170 4D01 0000 		.long	0x14d
 233 0174 0A        		.uleb128 0xa
 234 0175 0000 0000 		.long	.LASF19
 235 0179 03        		.byte	0x3
 236 017a 2B        		.byte	0x2b
 237 017b 17        		.byte	0x17
 238 017c 6801 0000 		.long	0x168
 239 0180 01        		.byte	0x1
 240 0181 01        		.byte	0x1
 241 0182 10        		.uleb128 0x10
 242 0183 01        		.byte	0x1
 243 0184 0000 0000 		.long	.LASF26
 244 0188 05        		.byte	0x5
 245 0189 2201      		.word	0x122
 246 018b 0D        		.byte	0xd
 247 018c 01        		.byte	0x1
 248 018d ED01 0000 		.long	0x1ed
 249 0191 11        		.uleb128 0x11
 250 0192 0000 0000 		.long	.LASF20
 251 0196 05        		.byte	0x5
 252 0197 2201      		.word	0x122
 253 0199 2C        		.byte	0x2c
 254 019a ED01 0000 		.long	0x1ed
 255 019e 11        		.uleb128 0x11
 256 019f 0000 0000 		.long	.LASF21
 257 01a3 05        		.byte	0x5
 258 01a4 2201      		.word	0x122
 259 01a6 3A        		.byte	0x3a
 260 01a7 3E00 0000 		.long	0x3e
 261 01ab 11        		.uleb128 0x11
 262 01ac 0000 0000 		.long	.LASF22
 263 01b0 05        		.byte	0x5
 264 01b1 2201      		.word	0x122
 265 01b3 49        		.byte	0x49
 266 01b4 2400 0000 		.long	0x24
 267 01b8 12        		.uleb128 0x12
 268 01b9 0000 0000 		.long	.LASF23
 269 01bd 05        		.byte	0x5
 270 01be 2401      		.word	0x124
 271 01c0 0B        		.byte	0xb
 272 01c1 2400 0000 		.long	0x24
 273 01c5 13        		.uleb128 0x13
 274 01c6 6374 7200 		.string	"ctr"
 275 01ca 05        		.byte	0x5
 276 01cb 2401      		.word	0x124
 277 01cd 13        		.byte	0x13
 278 01ce 2400 0000 		.long	0x24
 279 01d2 12        		.uleb128 0x12
 280 01d3 0000 0000 		.long	.LASF24
 281 01d7 05        		.byte	0x5
 282 01d8 2401      		.word	0x124
 283 01da 17        		.byte	0x17
 284 01db 2400 0000 		.long	0x24
 285 01df 12        		.uleb128 0x12
 286 01e0 0000 0000 		.long	.LASF25
 287 01e4 05        		.byte	0x5
 288 01e5 2501      		.word	0x125
 289 01e7 0B        		.byte	0xb
 290 01e8 2400 0000 		.long	0x24
 291 01ec 00        		.byte	0
 292 01ed 0B        		.uleb128 0xb
 293 01ee 02        		.byte	0x2
 294 01ef 2400 0000 		.long	0x24
 295 01f3 14        		.uleb128 0x14
 296 01f4 01        		.byte	0x1
 297 01f5 0000 0000 		.long	.LASF27
 298 01f9 05        		.byte	0x5
 299 01fa E0        		.byte	0xe0
 300 01fb 06        		.byte	0x6
 301 01fc 01        		.byte	0x1
 302 01fd 1A02 0000 		.long	0x21a
 303 0201 15        		.uleb128 0x15
 304 0202 0000 0000 		.long	.LASF20
 305 0206 05        		.byte	0x5
 306 0207 E0        		.byte	0xe0
 307 0208 20        		.byte	0x20
 308 0209 ED01 0000 		.long	0x1ed
 309 020d 15        		.uleb128 0x15
 310 020e 0000 0000 		.long	.LASF21
 311 0212 05        		.byte	0x5
 312 0213 E0        		.byte	0xe0
 313 0214 2E        		.byte	0x2e
 314 0215 3E00 0000 		.long	0x3e
 315 0219 00        		.byte	0
 316 021a 14        		.uleb128 0x14
 317 021b 01        		.byte	0x1
 318 021c 0000 0000 		.long	.LASF28
 319 0220 05        		.byte	0x5
 320 0221 BB        		.byte	0xbb
 321 0222 0D        		.byte	0xd
 322 0223 01        		.byte	0x1
 323 0224 4102 0000 		.long	0x241
 324 0228 15        		.uleb128 0x15
 325 0229 0000 0000 		.long	.LASF29
 326 022d 05        		.byte	0x5
 327 022e BB        		.byte	0xbb
 328 022f 2B        		.byte	0x2b
 329 0230 4102 0000 		.long	0x241
 330 0234 15        		.uleb128 0x15
 331 0235 0000 0000 		.long	.LASF30
 332 0239 05        		.byte	0x5
 333 023a BB        		.byte	0xbb
 334 023b 3E        		.byte	0x3e
 335 023c 3E00 0000 		.long	0x3e
 336 0240 00        		.byte	0
 337 0241 0B        		.uleb128 0xb
 338 0242 02        		.byte	0x2
 339 0243 B600 0000 		.long	0xb6
 340 0247 14        		.uleb128 0x14
 341 0248 01        		.byte	0x1
 342 0249 0000 0000 		.long	.LASF31
 343 024d 05        		.byte	0x5
 344 024e B0        		.byte	0xb0
 345 024f 0D        		.byte	0xd
 346 0250 01        		.byte	0x1
 347 0251 7A02 0000 		.long	0x27a
 348 0255 15        		.uleb128 0x15
 349 0256 0000 0000 		.long	.LASF29
 350 025a 05        		.byte	0x5
 351 025b B0        		.byte	0xb0
 352 025c 2A        		.byte	0x2a
 353 025d 4102 0000 		.long	0x241
 354 0261 15        		.uleb128 0x15
 355 0262 0000 0000 		.long	.LASF30
 356 0266 05        		.byte	0x5
 357 0267 B0        		.byte	0xb0
 358 0268 3D        		.byte	0x3d
 359 0269 3E00 0000 		.long	0x3e
 360 026d 15        		.uleb128 0x15
 361 026e 0000 0000 		.long	.LASF32
 362 0272 05        		.byte	0x5
 363 0273 B0        		.byte	0xb0
 364 0274 4B        		.byte	0x4b
 365 0275 2400 0000 		.long	0x24
 366 0279 00        		.byte	0
 367 027a 14        		.uleb128 0x14
 368 027b 01        		.byte	0x1
 369 027c 0000 0000 		.long	.LASF33
 370 0280 05        		.byte	0x5
 371 0281 AA        		.byte	0xaa
 372 0282 0D        		.byte	0xd
 373 0283 01        		.byte	0x1
 374 0284 A102 0000 		.long	0x2a1
 375 0288 15        		.uleb128 0x15
 376 0289 0000 0000 		.long	.LASF29
 377 028d 05        		.byte	0x5
 378 028e AA        		.byte	0xaa
 379 028f 26        		.byte	0x26
 380 0290 4102 0000 		.long	0x241
 381 0294 15        		.uleb128 0x15
 382 0295 0000 0000 		.long	.LASF30
 383 0299 05        		.byte	0x5
 384 029a AA        		.byte	0xaa
 385 029b 39        		.byte	0x39
 386 029c 3E00 0000 		.long	0x3e
 387 02a0 00        		.byte	0
 388 02a1 16        		.uleb128 0x16
 389 02a2 0000 0000 		.long	.LASF42
 390 02a6 06        		.byte	0x6
 391 02a7 FF        		.byte	0xff
 392 02a8 01        		.byte	0x1
 393 02a9 01        		.byte	0x1
 394 02aa E702 0000 		.long	0x2e7
 395 02ae 15        		.uleb128 0x15
 396 02af 0000 0000 		.long	.LASF34
 397 02b3 06        		.byte	0x6
 398 02b4 FF        		.byte	0xff
 399 02b5 12        		.byte	0x12
 400 02b6 E702 0000 		.long	0x2e7
 401 02ba 12        		.uleb128 0x12
 402 02bb 0000 0000 		.long	.LASF35
 403 02bf 06        		.byte	0x6
 404 02c0 0101      		.word	0x101
 405 02c2 09        		.byte	0x9
 406 02c3 E702 0000 		.long	0x2e7
 407 02c7 12        		.uleb128 0x12
 408 02c8 0000 0000 		.long	.LASF36
 409 02cc 06        		.byte	0x6
 410 02cd 0501      		.word	0x105
 411 02cf 0B        		.byte	0xb
 412 02d0 5800 0000 		.long	0x58
 413 02d4 17        		.uleb128 0x17
 414 02d5 01        		.byte	0x1
 415 02d6 0000 0000 		.long	.LASF37
 416 02da 06        		.byte	0x6
 417 02db 0601      		.word	0x106
 418 02dd 0E        		.byte	0xe
 419 02de 01        		.byte	0x1
 420 02df 01        		.byte	0x1
 421 02e0 09        		.uleb128 0x9
 422 02e1 6400 0000 		.long	0x64
 423 02e5 00        		.byte	0
 424 02e6 00        		.byte	0
 425 02e7 02        		.uleb128 0x2
 426 02e8 04        		.byte	0x4
 427 02e9 04        		.byte	0x4
 428 02ea 0000 0000 		.long	.LASF38
 429 02ee 00        		.byte	0
 430               		.section	.gnu.debuglto_.debug_abbrev,"e",@progbits
 431               	.Ldebug_abbrev0:
 432 0000 01        		.uleb128 0x1
 433 0001 11        		.uleb128 0x11
 434 0002 01        		.byte	0x1
 435 0003 25        		.uleb128 0x25
 436 0004 0E        		.uleb128 0xe
 437 0005 13        		.uleb128 0x13
 438 0006 0B        		.uleb128 0xb
 439 0007 03        		.uleb128 0x3
 440 0008 0E        		.uleb128 0xe
 441 0009 1B        		.uleb128 0x1b
 442 000a 0E        		.uleb128 0xe
 443 000b 10        		.uleb128 0x10
 444 000c 06        		.uleb128 0x6
 445 000d 00        		.byte	0
 446 000e 00        		.byte	0
 447 000f 02        		.uleb128 0x2
 448 0010 24        		.uleb128 0x24
 449 0011 00        		.byte	0
 450 0012 0B        		.uleb128 0xb
 451 0013 0B        		.uleb128 0xb
 452 0014 3E        		.uleb128 0x3e
 453 0015 0B        		.uleb128 0xb
 454 0016 03        		.uleb128 0x3
 455 0017 0E        		.uleb128 0xe
 456 0018 00        		.byte	0
 457 0019 00        		.byte	0
 458 001a 03        		.uleb128 0x3
 459 001b 16        		.uleb128 0x16
 460 001c 00        		.byte	0
 461 001d 03        		.uleb128 0x3
 462 001e 0E        		.uleb128 0xe
 463 001f 3A        		.uleb128 0x3a
 464 0020 0B        		.uleb128 0xb
 465 0021 3B        		.uleb128 0x3b
 466 0022 0B        		.uleb128 0xb
 467 0023 39        		.uleb128 0x39
 468 0024 0B        		.uleb128 0xb
 469 0025 49        		.uleb128 0x49
 470 0026 13        		.uleb128 0x13
 471 0027 00        		.byte	0
 472 0028 00        		.byte	0
 473 0029 04        		.uleb128 0x4
 474 002a 24        		.uleb128 0x24
 475 002b 00        		.byte	0
 476 002c 0B        		.uleb128 0xb
 477 002d 0B        		.uleb128 0xb
 478 002e 3E        		.uleb128 0x3e
 479 002f 0B        		.uleb128 0xb
 480 0030 03        		.uleb128 0x3
 481 0031 08        		.uleb128 0x8
 482 0032 00        		.byte	0
 483 0033 00        		.byte	0
 484 0034 05        		.uleb128 0x5
 485 0035 13        		.uleb128 0x13
 486 0036 01        		.byte	0x1
 487 0037 0B        		.uleb128 0xb
 488 0038 0B        		.uleb128 0xb
 489 0039 3A        		.uleb128 0x3a
 490 003a 0B        		.uleb128 0xb
 491 003b 3B        		.uleb128 0x3b
 492 003c 0B        		.uleb128 0xb
 493 003d 39        		.uleb128 0x39
 494 003e 0B        		.uleb128 0xb
 495 003f 01        		.uleb128 0x1
 496 0040 13        		.uleb128 0x13
 497 0041 00        		.byte	0
 498 0042 00        		.byte	0
 499 0043 06        		.uleb128 0x6
 500 0044 0D        		.uleb128 0xd
 501 0045 00        		.byte	0
 502 0046 03        		.uleb128 0x3
 503 0047 08        		.uleb128 0x8
 504 0048 3A        		.uleb128 0x3a
 505 0049 0B        		.uleb128 0xb
 506 004a 3B        		.uleb128 0x3b
 507 004b 0B        		.uleb128 0xb
 508 004c 39        		.uleb128 0x39
 509 004d 0B        		.uleb128 0xb
 510 004e 49        		.uleb128 0x49
 511 004f 13        		.uleb128 0x13
 512 0050 38        		.uleb128 0x38
 513 0051 0A        		.uleb128 0xa
 514 0052 00        		.byte	0
 515 0053 00        		.byte	0
 516 0054 07        		.uleb128 0x7
 517 0055 16        		.uleb128 0x16
 518 0056 00        		.byte	0
 519 0057 03        		.uleb128 0x3
 520 0058 08        		.uleb128 0x8
 521 0059 3A        		.uleb128 0x3a
 522 005a 0B        		.uleb128 0xb
 523 005b 3B        		.uleb128 0x3b
 524 005c 0B        		.uleb128 0xb
 525 005d 39        		.uleb128 0x39
 526 005e 0B        		.uleb128 0xb
 527 005f 49        		.uleb128 0x49
 528 0060 13        		.uleb128 0x13
 529 0061 00        		.byte	0
 530 0062 00        		.byte	0
 531 0063 08        		.uleb128 0x8
 532 0064 15        		.uleb128 0x15
 533 0065 01        		.byte	0x1
 534 0066 27        		.uleb128 0x27
 535 0067 0C        		.uleb128 0xc
 536 0068 01        		.uleb128 0x1
 537 0069 13        		.uleb128 0x13
 538 006a 00        		.byte	0
 539 006b 00        		.byte	0
 540 006c 09        		.uleb128 0x9
 541 006d 05        		.uleb128 0x5
 542 006e 00        		.byte	0
 543 006f 49        		.uleb128 0x49
 544 0070 13        		.uleb128 0x13
 545 0071 00        		.byte	0
 546 0072 00        		.byte	0
 547 0073 0A        		.uleb128 0xa
 548 0074 34        		.uleb128 0x34
 549 0075 00        		.byte	0
 550 0076 03        		.uleb128 0x3
 551 0077 0E        		.uleb128 0xe
 552 0078 3A        		.uleb128 0x3a
 553 0079 0B        		.uleb128 0xb
 554 007a 3B        		.uleb128 0x3b
 555 007b 0B        		.uleb128 0xb
 556 007c 39        		.uleb128 0x39
 557 007d 0B        		.uleb128 0xb
 558 007e 49        		.uleb128 0x49
 559 007f 13        		.uleb128 0x13
 560 0080 3F        		.uleb128 0x3f
 561 0081 0C        		.uleb128 0xc
 562 0082 3C        		.uleb128 0x3c
 563 0083 0C        		.uleb128 0xc
 564 0084 00        		.byte	0
 565 0085 00        		.byte	0
 566 0086 0B        		.uleb128 0xb
 567 0087 0F        		.uleb128 0xf
 568 0088 00        		.byte	0
 569 0089 0B        		.uleb128 0xb
 570 008a 0B        		.uleb128 0xb
 571 008b 49        		.uleb128 0x49
 572 008c 13        		.uleb128 0x13
 573 008d 00        		.byte	0
 574 008e 00        		.byte	0
 575 008f 0C        		.uleb128 0xc
 576 0090 0D        		.uleb128 0xd
 577 0091 00        		.byte	0
 578 0092 03        		.uleb128 0x3
 579 0093 0E        		.uleb128 0xe
 580 0094 3A        		.uleb128 0x3a
 581 0095 0B        		.uleb128 0xb
 582 0096 3B        		.uleb128 0x3b
 583 0097 0B        		.uleb128 0xb
 584 0098 39        		.uleb128 0x39
 585 0099 0B        		.uleb128 0xb
 586 009a 49        		.uleb128 0x49
 587 009b 13        		.uleb128 0x13
 588 009c 0B        		.uleb128 0xb
 589 009d 0B        		.uleb128 0xb
 590 009e 0D        		.uleb128 0xd
 591 009f 0B        		.uleb128 0xb
 592 00a0 0C        		.uleb128 0xc
 593 00a1 0B        		.uleb128 0xb
 594 00a2 38        		.uleb128 0x38
 595 00a3 0A        		.uleb128 0xa
 596 00a4 00        		.byte	0
 597 00a5 00        		.byte	0
 598 00a6 0D        		.uleb128 0xd
 599 00a7 17        		.uleb128 0x17
 600 00a8 01        		.byte	0x1
 601 00a9 0B        		.uleb128 0xb
 602 00aa 0B        		.uleb128 0xb
 603 00ab 3A        		.uleb128 0x3a
 604 00ac 0B        		.uleb128 0xb
 605 00ad 3B        		.uleb128 0x3b
 606 00ae 0B        		.uleb128 0xb
 607 00af 39        		.uleb128 0x39
 608 00b0 0B        		.uleb128 0xb
 609 00b1 01        		.uleb128 0x1
 610 00b2 13        		.uleb128 0x13
 611 00b3 00        		.byte	0
 612 00b4 00        		.byte	0
 613 00b5 0E        		.uleb128 0xe
 614 00b6 0D        		.uleb128 0xd
 615 00b7 00        		.byte	0
 616 00b8 49        		.uleb128 0x49
 617 00b9 13        		.uleb128 0x13
 618 00ba 00        		.byte	0
 619 00bb 00        		.byte	0
 620 00bc 0F        		.uleb128 0xf
 621 00bd 0D        		.uleb128 0xd
 622 00be 00        		.byte	0
 623 00bf 03        		.uleb128 0x3
 624 00c0 08        		.uleb128 0x8
 625 00c1 3A        		.uleb128 0x3a
 626 00c2 0B        		.uleb128 0xb
 627 00c3 3B        		.uleb128 0x3b
 628 00c4 0B        		.uleb128 0xb
 629 00c5 39        		.uleb128 0x39
 630 00c6 0B        		.uleb128 0xb
 631 00c7 49        		.uleb128 0x49
 632 00c8 13        		.uleb128 0x13
 633 00c9 00        		.byte	0
 634 00ca 00        		.byte	0
 635 00cb 10        		.uleb128 0x10
 636 00cc 2E        		.uleb128 0x2e
 637 00cd 01        		.byte	0x1
 638 00ce 3F        		.uleb128 0x3f
 639 00cf 0C        		.uleb128 0xc
 640 00d0 03        		.uleb128 0x3
 641 00d1 0E        		.uleb128 0xe
 642 00d2 3A        		.uleb128 0x3a
 643 00d3 0B        		.uleb128 0xb
 644 00d4 3B        		.uleb128 0x3b
 645 00d5 05        		.uleb128 0x5
 646 00d6 39        		.uleb128 0x39
 647 00d7 0B        		.uleb128 0xb
 648 00d8 27        		.uleb128 0x27
 649 00d9 0C        		.uleb128 0xc
 650 00da 01        		.uleb128 0x1
 651 00db 13        		.uleb128 0x13
 652 00dc 00        		.byte	0
 653 00dd 00        		.byte	0
 654 00de 11        		.uleb128 0x11
 655 00df 05        		.uleb128 0x5
 656 00e0 00        		.byte	0
 657 00e1 03        		.uleb128 0x3
 658 00e2 0E        		.uleb128 0xe
 659 00e3 3A        		.uleb128 0x3a
 660 00e4 0B        		.uleb128 0xb
 661 00e5 3B        		.uleb128 0x3b
 662 00e6 05        		.uleb128 0x5
 663 00e7 39        		.uleb128 0x39
 664 00e8 0B        		.uleb128 0xb
 665 00e9 49        		.uleb128 0x49
 666 00ea 13        		.uleb128 0x13
 667 00eb 00        		.byte	0
 668 00ec 00        		.byte	0
 669 00ed 12        		.uleb128 0x12
 670 00ee 34        		.uleb128 0x34
 671 00ef 00        		.byte	0
 672 00f0 03        		.uleb128 0x3
 673 00f1 0E        		.uleb128 0xe
 674 00f2 3A        		.uleb128 0x3a
 675 00f3 0B        		.uleb128 0xb
 676 00f4 3B        		.uleb128 0x3b
 677 00f5 05        		.uleb128 0x5
 678 00f6 39        		.uleb128 0x39
 679 00f7 0B        		.uleb128 0xb
 680 00f8 49        		.uleb128 0x49
 681 00f9 13        		.uleb128 0x13
 682 00fa 00        		.byte	0
 683 00fb 00        		.byte	0
 684 00fc 13        		.uleb128 0x13
 685 00fd 34        		.uleb128 0x34
 686 00fe 00        		.byte	0
 687 00ff 03        		.uleb128 0x3
 688 0100 08        		.uleb128 0x8
 689 0101 3A        		.uleb128 0x3a
 690 0102 0B        		.uleb128 0xb
 691 0103 3B        		.uleb128 0x3b
 692 0104 05        		.uleb128 0x5
 693 0105 39        		.uleb128 0x39
 694 0106 0B        		.uleb128 0xb
 695 0107 49        		.uleb128 0x49
 696 0108 13        		.uleb128 0x13
 697 0109 00        		.byte	0
 698 010a 00        		.byte	0
 699 010b 14        		.uleb128 0x14
 700 010c 2E        		.uleb128 0x2e
 701 010d 01        		.byte	0x1
 702 010e 3F        		.uleb128 0x3f
 703 010f 0C        		.uleb128 0xc
 704 0110 03        		.uleb128 0x3
 705 0111 0E        		.uleb128 0xe
 706 0112 3A        		.uleb128 0x3a
 707 0113 0B        		.uleb128 0xb
 708 0114 3B        		.uleb128 0x3b
 709 0115 0B        		.uleb128 0xb
 710 0116 39        		.uleb128 0x39
 711 0117 0B        		.uleb128 0xb
 712 0118 27        		.uleb128 0x27
 713 0119 0C        		.uleb128 0xc
 714 011a 01        		.uleb128 0x1
 715 011b 13        		.uleb128 0x13
 716 011c 00        		.byte	0
 717 011d 00        		.byte	0
 718 011e 15        		.uleb128 0x15
 719 011f 05        		.uleb128 0x5
 720 0120 00        		.byte	0
 721 0121 03        		.uleb128 0x3
 722 0122 0E        		.uleb128 0xe
 723 0123 3A        		.uleb128 0x3a
 724 0124 0B        		.uleb128 0xb
 725 0125 3B        		.uleb128 0x3b
 726 0126 0B        		.uleb128 0xb
 727 0127 39        		.uleb128 0x39
 728 0128 0B        		.uleb128 0xb
 729 0129 49        		.uleb128 0x49
 730 012a 13        		.uleb128 0x13
 731 012b 00        		.byte	0
 732 012c 00        		.byte	0
 733 012d 16        		.uleb128 0x16
 734 012e 2E        		.uleb128 0x2e
 735 012f 01        		.byte	0x1
 736 0130 03        		.uleb128 0x3
 737 0131 0E        		.uleb128 0xe
 738 0132 3A        		.uleb128 0x3a
 739 0133 0B        		.uleb128 0xb
 740 0134 3B        		.uleb128 0x3b
 741 0135 0B        		.uleb128 0xb
 742 0136 39        		.uleb128 0x39
 743 0137 0B        		.uleb128 0xb
 744 0138 27        		.uleb128 0x27
 745 0139 0C        		.uleb128 0xc
 746 013a 01        		.uleb128 0x1
 747 013b 13        		.uleb128 0x13
 748 013c 00        		.byte	0
 749 013d 00        		.byte	0
 750 013e 17        		.uleb128 0x17
 751 013f 2E        		.uleb128 0x2e
 752 0140 01        		.byte	0x1
 753 0141 3F        		.uleb128 0x3f
 754 0142 0C        		.uleb128 0xc
 755 0143 03        		.uleb128 0x3
 756 0144 0E        		.uleb128 0xe
 757 0145 3A        		.uleb128 0x3a
 758 0146 0B        		.uleb128 0xb
 759 0147 3B        		.uleb128 0x3b
 760 0148 05        		.uleb128 0x5
 761 0149 39        		.uleb128 0x39
 762 014a 0B        		.uleb128 0xb
 763 014b 27        		.uleb128 0x27
 764 014c 0C        		.uleb128 0xc
 765 014d 3C        		.uleb128 0x3c
 766 014e 0C        		.uleb128 0xc
 767 014f 00        		.byte	0
 768 0150 00        		.byte	0
 769 0151 00        		.byte	0
 770               		.section	.gnu.debuglto_.debug_line,"e",@progbits
 771               	.Ldebug_line0:
 772 0000 F400 0000 		.long	.LELT0-.LSLT0
 773               	.LSLT0:
 774 0004 0200      		.word	0x2
 775 0006 EE00 0000 		.long	.LELTP0-.LASLTP0
 776               	.LASLTP0:
 777 000a 01        		.byte	0x1
 778 000b 01        		.byte	0x1
 779 000c F6        		.byte	0xf6
 780 000d F2        		.byte	0xf2
 781 000e 0D        		.byte	0xd
 782 000f 00        		.byte	0
 783 0010 01        		.byte	0x1
 784 0011 01        		.byte	0x1
 785 0012 01        		.byte	0x1
 786 0013 01        		.byte	0x1
 787 0014 00        		.byte	0
 788 0015 00        		.byte	0
 789 0016 00        		.byte	0
 790 0017 01        		.byte	0x1
 791 0018 00        		.byte	0
 792 0019 00        		.byte	0
 793 001a 01        		.byte	0x1
 794 001b 746D 6B5F 		.ascii	"tmk_core/common/avr"
 794      636F 7265 
 794      2F63 6F6D 
 794      6D6F 6E2F 
 794      6176 72
 795 002e 00        		.byte	0
 796 002f 746D 6B5F 		.ascii	"tmk_core/common"
 796      636F 7265 
 796      2F63 6F6D 
 796      6D6F 6E
 797 003e 00        		.byte	0
 798 003f 6472 6976 		.ascii	"drivers/avr"
 798      6572 732F 
 798      6176 72
 799 004a 00        		.byte	0
 800 004b 7175 616E 		.ascii	"quantum"
 800      7475 6D
 801 0052 00        		.byte	0
 802 0053 2F75 7372 		.ascii	"/usr/local/Cellar/avr-gcc/9.2.0/avr/include/util"
 802      2F6C 6F63 
 802      616C 2F43 
 802      656C 6C61 
 802      722F 6176 
 803 0083 00        		.byte	0
 804 0084 2F75 7372 		.ascii	"/usr/local/Cellar/avr-gcc/9.2.0/avr/include"
 804      2F6C 6F63 
 804      616C 2F43 
 804      656C 6C61 
 804      722F 6176 
 805 00af 00        		.byte	0
 806 00b0 00        		.byte	0
 807 00b1 7374 6469 		.string	"stdint.h"
 807      6E74 2E68 
 807      00
 808 00ba 06        		.uleb128 0x6
 809 00bb 00        		.uleb128 0
 810 00bc 00        		.uleb128 0
 811 00bd 636F 6C6F 		.string	"color.h"
 811      722E 6800 
 812 00c5 04        		.uleb128 0x4
 813 00c6 00        		.uleb128 0
 814 00c7 00        		.uleb128 0
 815 00c8 6465 6275 		.string	"debug.h"
 815      672E 6800 
 816 00d0 02        		.uleb128 0x2
 817 00d1 00        		.uleb128 0
 818 00d2 00        		.uleb128 0
 819 00d3 7870 7269 		.string	"xprintf.h"
 819      6E74 662E 
 819      6800 
 820 00dd 01        		.uleb128 0x1
 821 00de 00        		.uleb128 0
 822 00df 00        		.uleb128 0
 823 00e0 7773 3238 		.string	"ws2812.c"
 823      3132 2E63 
 823      00
 824 00e9 03        		.uleb128 0x3
 825 00ea 00        		.uleb128 0
 826 00eb 00        		.uleb128 0
 827 00ec 6465 6C61 		.string	"delay.h"
 827      792E 6800 
 828 00f4 05        		.uleb128 0x5
 829 00f5 00        		.uleb128 0
 830 00f6 00        		.uleb128 0
 831 00f7 00        		.byte	0
 832               	.LELTP0:
 833               	.LELT0:
 834               		.section	.gnu.debuglto_.debug_str,"eMS",@progbits,1
 835               	.LASF30:
 836 0000 6C65 6473 		.string	"leds"
 836      00
 837               	.LASF14:
 838 0005 6D6F 7573 		.string	"mouse"
 838      6500 
 839               	.LASF29:
 840 000b 6C65 6461 		.string	"ledarray"
 840      7272 6179 
 840      00
 841               	.LASF15:
 842 0014 7265 7365 		.string	"reserved"
 842      7276 6564 
 842      00
 843               	.LASF2:
 844 001d 7569 6E74 		.string	"uint8_t"
 844      385F 7400 
 845               	.LASF4:
 846 0025 756E 7369 		.string	"unsigned int"
 846      676E 6564 
 846      2069 6E74 
 846      00
 847               	.LASF11:
 848 0032 656E 6162 		.string	"enable"
 848      6C65 00
 849               	.LASF37:
 850 0039 5F5F 6275 		.string	"__builtin_avr_delay_cycles"
 850      696C 7469 
 850      6E5F 6176 
 850      725F 6465 
 850      6C61 795F 
 851               	.LASF33:
 852 0054 7773 3238 		.string	"ws2812_setleds"
 852      3132 5F73 
 852      6574 6C65 
 852      6473 00
 853               	.LASF20:
 854 0063 6461 7461 		.string	"data"
 854      00
 855               	.LASF19:
 856 0068 6465 6275 		.string	"debug_config"
 856      675F 636F 
 856      6E66 6967 
 856      00
 857               	.LASF27:
 858 0075 7773 3238 		.string	"ws2812_sendarray"
 858      3132 5F73 
 858      656E 6461 
 858      7272 6179 
 858      00
 859               	.LASF1:
 860 0086 756E 7369 		.string	"unsigned char"
 860      676E 6564 
 860      2063 6861 
 860      7200 
 861               	.LASF32:
 862 0094 7069 6E6D 		.string	"pinmask"
 862      6173 6B00 
 863               	.LASF7:
 864 009c 6C6F 6E67 		.string	"long unsigned int"
 864      2075 6E73 
 864      6967 6E65 
 864      6420 696E 
 864      7400 
 865               	.LASF23:
 866 00ae 6375 7262 		.string	"curbyte"
 866      7974 6500 
 867               	.LASF34:
 868 00b6 5F5F 7573 		.string	"__us"
 868      00
 869               	.LASF28:
 870 00bb 7773 3238 		.string	"ws2812_setleds_rgbw"
 870      3132 5F73 
 870      6574 6C65 
 870      6473 5F72 
 870      6762 7700 
 871               	.LASF22:
 872 00cf 6D61 736B 		.string	"maskhi"
 872      6869 00
 873               	.LASF35:
 874 00d6 5F5F 746D 		.string	"__tmp"
 874      7000 
 875               	.LASF18:
 876 00dc 7866 756E 		.string	"xfunc_out"
 876      635F 6F75 
 876      7400 
 877               	.LASF13:
 878 00e6 6B65 7962 		.string	"keyboard"
 878      6F61 7264 
 878      00
 879               	.LASF31:
 880 00ef 7773 3238 		.string	"ws2812_setleds_pin"
 880      3132 5F73 
 880      6574 6C65 
 880      6473 5F70 
 880      696E 00
 881               	.LASF40:
 882 0102 6472 6976 		.string	"drivers/avr/ws2812.c"
 882      6572 732F 
 882      6176 722F 
 882      7773 3238 
 882      3132 2E63 
 883               	.LASF42:
 884 0117 5F64 656C 		.string	"_delay_us"
 884      6179 5F75 
 884      7300 
 885               	.LASF9:
 886 0121 6C6F 6E67 		.string	"long long unsigned int"
 886      206C 6F6E 
 886      6720 756E 
 886      7369 676E 
 886      6564 2069 
 887               	.LASF39:
 888 0138 474E 5520 		.string	"GNU C99 9.2.0 -mn-flash=1 -mno-skip-bug -mmcu=avr5 -gdwarf-2 -Os -std=gnu99 -funsigned-ch
 888      4339 3920 
 888      392E 322E 
 888      3020 2D6D 
 888      6E2D 666C 
 889               	.LASF24:
 890 0220 6D61 736B 		.string	"masklo"
 890      6C6F 00
 891               	.LASF21:
 892 0227 6461 746C 		.string	"datlen"
 892      656E 00
 893               	.LASF8:
 894 022e 6C6F 6E67 		.string	"long long int"
 894      206C 6F6E 
 894      6720 696E 
 894      7400 
 895               	.LASF17:
 896 023c 6465 6275 		.string	"debug_config_t"
 896      675F 636F 
 896      6E66 6967 
 896      5F74 00
 897               	.LASF12:
 898 024b 6D61 7472 		.string	"matrix"
 898      6978 00
 899               	.LASF25:
 900 0252 7372 6567 		.string	"sreg_prev"
 900      5F70 7265 
 900      7600 
 901               	.LASF36:
 902 025c 5F5F 7469 		.string	"__ticks_dc"
 902      636B 735F 
 902      6463 00
 903               	.LASF3:
 904 0267 7569 6E74 		.string	"uint16_t"
 904      3136 5F74 
 904      00
 905               	.LASF41:
 906 0270 2F55 7365 		.string	"/Users/tars/Desktop/keyboards"
 906      7273 2F74 
 906      6172 732F 
 906      4465 736B 
 906      746F 702F 
 907               	.LASF26:
 908 028e 7773 3238 		.string	"ws2812_sendarray_mask"
 908      3132 5F73 
 908      656E 6461 
 908      7272 6179 
 908      5F6D 6173 
 909               	.LASF6:
 910 02a4 7569 6E74 		.string	"uint32_t"
 910      3332 5F74 
 910      00
 911               	.LASF5:
 912 02ad 6C6F 6E67 		.string	"long int"
 912      2069 6E74 
 912      00
 913               	.LASF10:
 914 02b6 6352 4742 		.string	"cRGB"
 914      00
 915               	.LASF0:
 916 02bb 7369 676E 		.string	"signed char"
 916      6564 2063 
 916      6861 7200 
 917               	.LASF38:
 918 02c7 646F 7562 		.string	"double"
 918      6C65 00
 919               	.LASF16:
 920 02ce 5F42 6F6F 		.string	"_Bool"
 920      6C00 
 921               		.text
 922               		.section	.gnu.lto_.profile.63c071020a3b5e0b,"e",@progbits
 923 0000 789C E360 		.string	"x\234\343``\004B "
 923      6004 4220 
 923      00
 924 0009 00        		.string	""
 925 000a 00        		.string	""
 926 000b 5D00      		.string	"]"
 927 000d 0B        		.ascii	"\013"
 928               		.text
 929               		.section	.gnu.lto_.icf.63c071020a3b5e0b,"e",@progbits
 930 0000 789C E360 		.string	"x\234\343``dP`@"
 930      6064 5060 
 930      4000 
 931 000a 5686 E927 		.string	"V\206\351'\016]\343a\354=\262\372!\017\323\274\245\223\027\2632\267u\265\275\340a\001\263
 931      0E5D E361 
 931      EC3D B2FA 
 931      210F D3BC 
 931      A593 17B3 
 932 0029 ED01 0DAB 		.ascii	"\355\001\r\253"
 933               		.text
 934               		.section	.gnu.lto_.jmpfuncs.63c071020a3b5e0b,"e",@progbits
 935 0000 789C 8D4F 		.string	"x\234\215O\313\t\302@\020\235\267\263\211\032\020\013HC6a\003\026\021\223\213 \202z\363\2
 935      CB09 C240 
 935      109D B7B3 
 935      891A 100B 
 935      4843 3661 
 936 0045 0283 6283 		.ascii	"\002\203b\203\230\271\332\030\263f$\333t7Xp\314\026\211\213\023"
 936      98B9 DA18 
 936      B366 24DB 
 936      7437 5870 
 936      CC16 898B 
 937 005a 7CC2 0D32 		.ascii	"|\302\r2\312G\344\332@\314tA\202<g\262C\321D\363\303\246\257"
 937      CA47 E4DA 
 937      40CC 7441 
 937      823C 67B2 
 937      43D1 44F3 
 938 0071 1A88 6906 		.ascii	"\032\210i\006\037MJ`j\032\2201J\223\\\001\324\261MG3B\257:\316"
 938      1F4D 4A60 
 938      6A1A 9031 
 938      4A93 5C01 
 938      D4B1 4D47 
 939 008a 9EFB 9E26 		.ascii	"\236\373\236&\210\026\347\362\250\202D\\\331i\215\242B\032=\306"
 939      8816 E7F2 
 939      A882 445C 
 939      D969 8DA2 
 939      421A 3DC6 
 940 009e 9F06 A187 		.ascii	"\237\006\241\207KI\016\275_\rF\"\231\336WY\321\300\201\301\265"
 940      4B49 0EBD 
 940      5F0D 4622 
 940      99DE 5759 
 940      D1C0 81C1 
 941 00b3 DEE0 A517 		.ascii	"\336\340\245\027\264\"m\031I\3776h\351\351\r\205\226T\275"
 941      B422 6D19 
 941      49FF 3668 
 941      E9E9 0D85 
 941      9654 BD
 942               		.text
 943               		.section	.gnu.lto_.inline.63c071020a3b5e0b,"e",@progbits
 944 0000 789C E360 		.string	"x\234\343``d\220gd\200\003V\006\006\305\326\206\206\177LY\214LL\034@\tF\001 \301l\005\024
 944      6064 9067 
 944      6480 0356 
 944      0606 C5D6 
 944      8686 7F4C 
 945 0030 6103 8899 		.string	"a\003\210\231\314\300\302\300\001\324\310\310\300\003\344\036`Jgd\204ha\003I3\247"
 945      CCC0 C2C0 
 945      01D4 C8C8 
 945      C003 E41E 
 945      604A 6764 
 946 004c B534 60D1 		.string	"\2654`\321\002\322\301\b\326\306\302\013\244\230'\370\201 \023\003;P\301\003\3464F\240b\2
 946      02D2 C108 
 946      D6C6 C20B 
 946      A498 27F8 
 946      8120 1303 
 947 007e D3F6 3747 		.ascii	"\323\3667G"
 948               		.text
 949               		.section	.gnu.lto_.pureconst.63c071020a3b5e0b,"e",@progbits
 950 0000 789C E360 		.string	"x\234\343``d\020````e\330\305\3128\213\205i\006\013\363,\026\226\031,"
 950      6064 1060 
 950      6060 6065 
 950      D8C5 CA38 
 950      8B85 6906 
 951 001c 1D0F 035C 		.ascii	"\035\017\003\\"
 952               		.text
 953               		.section	.gnu.lto_ws2812_sendarray_mask.63c071020a3b5e0b,"e",@progbits
 954 0000 789C 8555 		.ascii	"x\234\205UkLTW\020>s\317\335'\273\"\005L\215\241Y\232\24015\310"
 954      6B4C 5457 
 954      103E 73CF 
 954      DD27 BB22 
 954      054C 8DA1 
 955 001a 2B91 34D1 		.ascii	"+\2214\321\264\375\325&M\372\243i\372\243iZ\\6\225vy\344.\322"
 955      B4FD D526 
 955      4DFA A369 
 955      FAA3 695A 
 955      5C36 9576 
 956 0032 D83F 9E65 		.ascii	"\330?\236eQlPQ\243\242\246\210\217\2106\266\264\322\030\025\024"
 956      516C 5051 
 956      A3A2 A688 
 956      8F88 36B6 
 956      B4D2 1815 
 957 0047 9757 114B 		.ascii	"\227W\021K+E-\225\002*\0025\232\372\250\225*>\350\314\271gyI"
 957      2B45 2D95 
 957      022A 0235 
 957      9AFA A895 
 957      2A3E E8CC 
 958 005f EA4D EEDD 		.ascii	"\352M\356\33593\363\315\314wf\316Y;\003v\324\306\330j`\354C\306"
 958      3933 F3CD 
 958      CC77 66CE 
 958      593B 0376 
 958      D4C6 D86A 
 959 0077 1858 1968 		.ascii	"\030X\031hB\210\327lA\273\006\272\222\270\222\032\355\272\306"
 959      4288 D76C 
 959      41BB 06BA 
 959      92B8 921A 
 959      EDBA C6
 960 008a BBEE 8C66 		.ascii	"\273\356\214f\352\302i\251)_c\323\205\313\002 m\302\016l\265"
 960      EAC2 69A9 
 960      295F 63D3 
 960      85CB 0220 
 960      6DC2 0E6C 
 961 009f C675 0BAC 		.ascii	"\306u\013\254\326t\006a\200\2611\256~\230\371\224\363\n\016M"
 961      D674 0661 
 961      80B1 31AE 
 961      7E98 F994 
 961      F30A 0E4D 
 962 00b3 A5C3 27B4 		.ascii	"\245\303'\264\205\007\021#\302\025[c+E\247\340U\350\2613\342"
 962      8507 1123 
 962      C215 5B63 
 962      2B45 A7E0 
 962      55E8 B133 
 963 00c8 C5A0 0E16 		.ascii	"\305\240\016\026\242\343\332\326M\365\356\215h\003\320p\271\367"
 963      A2E3 DAD6 
 963      4DF5 EE8D 
 963      6803 D070 
 963      B9F7 
 964 00da 6267 31D0 		.ascii	"bg1\320R\203\331\270<<\322v\022\370\213\300P\336p+\270M_p@\210"
 964      5283 D9B8 
 964      3C3C D276 
 964      12F8 8BC0 
 964      50DE 702B 
 965 00f4 6211 1E7C 		.ascii	"b\021\036|O\270\2528\207S\3001\"\234\204yP\017\363\030C]\302"
 965      4FB8 AA38 
 965      8753 C031 
 965      229C 8479 
 965      500F F318 
 966 010b 6654 34C0 		.ascii	"fT4\300\002Dt\267\255{\342\346)\022\275s\344H\003W\350\013\357"
 966      0244 74B7 
 966      AD7B E2E6 
 966      2912 BD73 
 966      E448 0357 
 967 0122 135A 87D3 		.ascii	"\023Z\207\323\317\240\365\204\335\234X\021zpKwE4_\"\3215\215"
 967      CFA0 F584 
 967      DD9C 5811 
 967      7A70 4B77 
 967      4534 5F22 
 968 0139 C5A7 5C0A 		.ascii	"\305\247\\\n\3351\267D\204\241\212[\240\321\304\247\317\203\024"
 968      DD31 B744 
 968      84A1 8A5B 
 968      A0D1 C4A7 
 968      CF83 14
 969 014c 89B6 241C 		.ascii	"\211\266$\034\306e\023,`\204y\260\253\245\317\301\227I\374\326"
 969      C665 132C 
 969      6084 79B0 
 969      ABA5 CFC1 
 969      9749 FCD6 
 970 0160 BBE7 066D 		.ascii	"\273\347\006mI\373%\376V\307\234F!v\b\235B4O\t\301X\302eN\376"
 970      49FB 25FE 
 970      56C7 9C46 
 970      2176 089D 
 970      4234 4F09 
 971 017a B59D 8F6F 		.ascii	"\265\235\217oG\3617%\366\354\316\323\327\243\025v\270\343\245"
 971      47F1 3725 
 971      F6EC CED3 
 971      D7A3 1576 
 971      B8E3 A5
 972 018d A671 6CEB 		.ascii	"\246ql\353tl\227\304\206\352\202W4\376\216\304\366\337?3\302"
 972      746C 97C4 
 972      86EA 8257 
 972      34FE 8EC4 
 972      F6DF 3F33 
 973 01a2 15B6 F70D 		.ascii	"\025\266\367\r\261^h\004l\233\016l\225\300\276\272\335\365.\376"
 973      B15E 6804 
 973      6C9B 0E6C 
 973      95C0 BEBA 
 973      DDF5 2EFE 
 974 01b6 AE04 DEA8 		.ascii	"\256\004\336\250\253>\256E\200\257G\200\355\323\201\307%p\340"
 974      AB3E AE45 
 974      80AF 4780 
 974      EDD3 81C7 
 974      2570 E0
 975 01c9 C8D3 6D6E 		.ascii	"\310\323mn\253\016g"
 975      AB0E 67
 976 01d0 2109 CEE0 		.string	"!\t\316\340\373#\276-\220\244\232\r?\321\2701\366\214\375\273.KX<\035+\025\341\376\267\36
 976      FB23 BE2D 
 976      90A4 9A0D 
 976      3FD1 B831 
 976      F68C FDBB 
 977 02d1 6ECC 70BE 		.string	"n\314p\276\277\347\0047Y_\246]\330\324X\362W$\343\236\"F9;\307s\376J91\374\036C\306o!\006
 977      BFE7 0437 
 977      595F A65D 
 977      D8D4 58F2 
 977      5724 E39E 
 978 037a DFDC 5967 		.ascii	"\337\334YgM\274\257\231\374\242(\301\277\233\033\204[\362\373"
 978      4DBC AF99 
 978      FCA2 28C1 
 978      BF9B 1B84 
 978      5BF2 FB
 979 038d 8DF8 A166 		.ascii	"\215\370\241f\363\265\207\273\034\250\201n\300A\211G\313\357"
 979      F3B5 87BB 
 979      1CA8 816E 
 979      C041 8947 
 979      CBEF 
 980 039f A0A3 7E5F 		.ascii	"\240\243~_U\355\003g\342\250\002\273\310\365\333k\365\302.\301"
 980      55ED 0367 
 980      E2A8 02BB 
 980      C8F5 DB6B 
 980      F5C2 2EC1 
 981 03b3 9714 B877 		.ascii	"\227\024\270wW\335V'\201{\b\034\207\226?$8\370(\264\214X\271"
 981      57DD 5627 
 981      817B 081C 
 981      8796 3F24 
 981      38F8 28B4 
 982 03ca 2186 926E 		.ascii	"!\206\222n\270\020\342\211O&\207\032\254h\033\320d\250>\025\252"
 982      B810 E289 
 982      4F26 871A 
 982      AC68 1BD0 
 982      64A8 3E15 
 983 03df ECDC 3FF7 		.ascii	"\354\334?\367\254\024\252\037t\350\225\214/?\277\220+\323\013"
 983      AC14 AA1F 
 983      74E8 958C 
 983      2F3F BF90 
 983      2BD3 0B
 984 03f2 B94A 85B8 		.ascii	"\271J\205\270\3202\360|\360\265\351\340A\002;\3212$\333\256z"
 984      D032 F07C 
 984      F0B5 E9E0 
 984      4102 3BD1 
 984      3224 DBAE 
 985 0407 7786 763A 		.ascii	"w\206v:^\366\236\376\350\204\256z\257\311\233\242\222\333LY\266"
 985      5EF6 9EFE 
 985      E884 AE7A 
 985      AFC9 9BA2 
 985      92DB 4C59 
 986 041c D83C F68F 		.ascii	"\330<\366\217\252\347Ff\342\253\265_\252\231\210AOLv\265\372"
 986      AAE7 4666 
 986      E2AB B55F 
 986      AA99 8841 
 986      4F4C 76B5 
 987 0431 4606 6D8D 		.ascii	"F\006m\215.\377\001\207a\322\220\310h1l\bJ\2567w\250\303k\233"
 987      2EFF 0187 
 987      61D2 90C8 
 987      6831 6C08 
 987      4AAE 3777 
 988 0449 3C24 D858 		.ascii	"<$\330X\370\023\344\025:B\306h\215\341T\361\321c=\332\b\330*"
 988      F813 E415 
 988      3A42 C668 
 988      8DE1 54F1 
 988      D163 3DDA 
 989 0460 F96C 5AC7 		.ascii	"\371lZ\307\360\236cM\032\026k\271;\371\206zT3q\306\332m$N?O\263"
 989      F09E 634D 
 989      1A16 6BB9 
 989      3BF9 867A 
 989      5433 71C6 
 990 047b A61E A7EB 		.ascii	"\246\036\247\353h\240\003t\013Gn\254\006\324\374\3235\bw#\327"
 990      68A0 0374 
 990      0B47 6EAC 
 990      06D4 FCD3 
 990      3508 7723 
 991 0490 2063 F1D9 		.ascii	" c\361\331FN\221\317\b,\316*2\026\177\036H\313LMK\3662=;\253"
 991      464E 91CF 
 991      082C CE2A 
 991      3216 7F1E 
 991      48CB 4C4D 
 992 04aa 30EB 85C8 		.ascii	"0\353\205\31029#%3+\335\353MgV\324\373}y\326\334\254\300g+r\034"
 992      3239 2325 
 992      332B DDEB 
 992      4D67 56D4 
 992      FB7D 79D6 
 993 04c5 01C3 F7C9 		.ascii	"\001\303\367\311G\005\206\257H*\374\371\334[h\330\274+\215\345"
 993      4705 86AF 
 993      482A FCF9 
 993      DC5B 68D8 
 993      BC2B 8DE5 
 994 04d9 AB0A 7DBA 		.ascii	"\253\n}\272\327\237\303l\271\276\334|c\025+\323<\346\343\317"
 994      D79F C36C 
 994      B9BE DC7C 
 994      6315 2BD3 
 994      3CE6 E3CF 
 995 04ed CEC1 6F52 		.ascii	"\316\301oR\312\242L\217\307\351\360\347\347\027$-}\3253\351q"
 995      CAA2 4C8F 
 995      C7E9 F0E7 
 995      E717 242D 
 995      7DD5 33E9 
 996 0502 3A94 90BF 		.ascii	":\224\220\277\262\220<\323\026%\245\2432/\277 b7>\315-\360$\277"
 996      B290 3CD3 
 996      1625 A5A3 
 996      322F BF20 
 996      6237 3ECD 
 997 051a 9232 E11A 		.ascii	"\2222\341\032Xn\004\3205u\321\222\031\361\031\023J\177\300O\312"
 997      586E 04D0 
 997      3575 D192 
 997      19F1 1913 
 997      4A7F C04F 
 998 052f 5433 D2CC 		.ascii	"T3\322\314Ag\026g\214\372\254=\333\347\225\374\246PYn\344\371"
 998      4167 1667 
 998      8CFA AC3D 
 998      DBE7 95FC 
 998      A650 596E 
 999 0545 30B7 24EB 		.ascii	"0\267$\353t0}\351\374l\246\031L{\213\375\007\264t\272\251"
 999      7430 7DE9 
 999      FC6C A619 
 999      4C7B 8BFD 
 999      07B4 74BA 
 1000               		.text
 1001               		.section	.gnu.lto_ws2812_setleds_pin.63c071020a3b5e0b,"e",@progbits
 1002 0000 789C 8554 		.string	"x\234\205T\357oSe\024~\317}\357m\273\256\333\b\211\242Y\226\264\211d\341\203\355\334\370\
 1002      EF6F 5365 
 1002      147E CF7D 
 1002      EF6D BBAE 
 1002      DB08 89A2 
 1003 00da 8E8C F025 		.string	"\216\214\360%\264B\036Z\031\3035\337\274\312\340+hG\304\311\203\313\327\201o\225\350\205\
 1003      B442 1E5A 
 1003      19C3 35DF 
 1003      BCCA E02B 
 1003      6847 C4C9 
 1004 01a8 DF40 0E90 		.ascii	"\337@\016\220.s\250\017l6\005\t\r\256\321'\026\337\222k\377O"
 1004      2E73 A80F 
 1004      6C36 0509 
 1004      0DAE D127 
 1004      16DF 926B 
 1005 01be 3085 0488 		.ascii	"0\205\004\210\222\362\3625y\231O{\253|\334\340N\\N\351'F\344"
 1005      92F2 F235 
 1005      7999 4F7B 
 1005      AB7C DCE0 
 1005      4E5C 4EE9 
 1006 01d5 EC55 E030 		.ascii	"\354U\3400\215\3105\350\365\312\3154\372\343\263\353\rYH\247"
 1006      8DC8 35E8 
 1006      F5CA CD34 
 1006      FAE3 B3EB 
 1006      0D59 48A7 
 1007 01e9 5C26 770F 		.ascii	"\\&w\017ql\035\\\204,0\203\273$\201f\362F\371\201\302&\tY\205"
 1007      716C 1D5C 
 1007      842C 3083 
 1007      BB24 8166 
 1007      F246 F981 
 1008 0202 B4B7 AA6C 		.ascii	"\264\267\252l1m\374\345\261=\245\222qfN_t\333\236\362b\372\341"
 1008      316D FCE5 
 1008      B13D A592 
 1008      7166 4E5F 
 1008      74DB 9EF2 
 1009 0219 DF63 03CD 		.ascii	"\337c\003\315\3749\331\223\323\267\214A\351)\264\351\237G\236"
 1009      FC39 D993 
 1009      D3B7 8C41 
 1009      E929 B4E9 
 1009      9F47 9E
 1010 022c 3D57 F94D 		.ascii	"=W\371M\b\207\311=0K\243U\340\022\2264\203\302\340[h\307e\337"
 1010      0887 C93D 
 1010      304B A355 
 1010      E012 9634 
 1010      83C2 E05B 
 1011 0244 271A A14E 		.ascii	"'\032\241N-\345\313\332\346\261\232\271\307\205\310l\257\241"
 1011      2DE5 CBDA 
 1011      E6B1 9AB9 
 1011      C785 C86C 
 1011      AFA1 
 1012 0256 D87F 5072 		.ascii	"\330\177Pr\366s\260\031a\351\023\205q\265\355\003\361\246\020"
 1012      F673 B019 
 1012      61E9 1385 
 1012      71B5 ED03 
 1012      F1A6 10
 1013 0269 1B1C 4C8E 		.ascii	"\033\034L\216\224\256i\364\222\207\301w\320F\345\254\344\373"
 1013      94AE 69F4 
 1013      9287 C177 
 1013      D046 E5AC 
 1013      E4FB 
 1014 027b D75F A8B9 		.ascii	"\327_\250\271'K\033~\326\357h\2348\244\211P\0262\226d\305\342"
 1014      274B 1B7E 
 1014      D6EF 689C 
 1014      38A4 8950 
 1014      1632 9664 
 1015 0291 46BE FFF0 		.ascii	"F\276\377\360!\232\365\245\223\272\356\344\002dU\223\263g\376"
 1015      219A F5A5 
 1015      93BA EEE4 
 1015      0264 5593 
 1015      B367 FE
 1016 02a4 6821 7DE8 		.ascii	"h!}\350\326\333\323\217\377.\304\021\241\232\274\t\276\257\253"
 1016      D6DB D38F 
 1016      FF2E C411 
 1016      A19A BC09 
 1016      BEAF AB
 1017 02b7 AA8C 9CCC 		.ascii	"\252\214\234\3147%\213Z\2324>\326\270n3\024\257\235\277\353\256"
 1017      3725 8B5A 
 1017      9A34 3ED6 
 1017      B86E 3314 
 1017      AF9D BFEB 
 1018 02cc 5638 37BD 		.ascii	"V87\275q2c3x\340\207:\206\212d8\253=`xZ\223\314\264q\036u>Z\022"
 1018      7132 6333 
 1018      78E0 873A 
 1018      868A 6438 
 1018      AB3D 6078 
 1019 02ea AB93 C41E 		.ascii	"\253\223\304\036\255\201\325ix\360\310\301\025Tp\231\372\205"
 1019      AD81 D569 
 1019      78F0 C8C1 
 1019      1554 7099 
 1019      FA85 
 1020 02fc 6DB2 25C0 		.ascii	"m\262%\300\202\335\260\321/\216*\265x\342\251ZX\270\037\246\207"
 1020      82DD B0D1 
 1020      2F8E 2AB5 
 1020      78E2 A95A 
 1020      58B8 1FA6 
 1021 0311 5FA6 8828 		.ascii	"_\246\210(\220p\245t\260\334\\\035\231\373\241\221]\265G6z,\307"
 1021      9070 A574 
 1021      B0DC 5C1D 
 1021      99FB A191 
 1021      5DB5 4736 
 1022 0328 6BE8 3724 		.ascii	"k\3507$\372\262D\017\037\035?\336B\306k\202a\007\\C\255\362\274"
 1022      FAB2 440F 
 1022      1F1D 3FDE 
 1022      42C6 6B82 
 1022      6107 5C43 
 1023 033f E66C 056B 		.ascii	"\346l\005k\220\365\312\240\316\354\315C\370c\243\371\302\217"
 1023      90F5 CAA0 
 1023      CEEC CD43 
 1023      F863 A3F9 
 1023      C28F 
 1024 0351 E477 C299 		.ascii	"\344w\302\231\274\205\310\321\bQ\262\200\364B\315\360\262\322"
 1024      BC85 C8D1 
 1024      0851 B280 
 1024      F442 CDF0 
 1024      B2D2 
 1025 0363 7FB3 2B94 		.ascii	"\177\263+\224\335F%+\203\362\264\311\237\255\316\301\376i\244"
 1025      DD46 252B 
 1025      83F2 B4C9 
 1025      9FAD CEC1 
 1025      FE69 A4
 1026 0376 2D4A 1F8B 		.ascii	"-J\037\213$b{\243\211d \2647\021x=\331\271\355\231N\177\230\271"
 1026      2462 7BA3 
 1026      8964 20B4 
 1026      3711 783D 
 1026      D9B9 ED99 
 1027 038e E2D1 4828 		.ascii	"\342\321H(\221\b\355\333x\177\311\277\265c[\250+\034\356b*\276"
 1027      9108 EDDB 
 1027      787F C9BF 
 1027      B563 5BA8 
 1027      2B1C EE62 
 1028 03a4 4B3A 77C7 		.ascii	"K:w\307v\355\f%w\250\301`O\262;\320\223L\004\342\257\205C\361"
 1028      76ED 0C25 
 1028      77A8 C160 
 1028      4FB2 3BD0 
 1028      934C 04E2 
 1029 03bc C0F3 D178 		.ascii	"\300\363\321x<\224 \266\247_\t\207\003\335\376N\177\207\344\216"
 1029      3C94 20B6 
 1029      A75F 0987 
 1029      03DD FE4E 
 1029      7F87 E48E 
 1030 03d0 ED0A C77B 		.ascii	"\355\n\307{\"\321@\317\236X<\020\211\306C\373\374\2572w0\270"
 1030      22D1 40CF 
 1030      9E58 3C10 
 1030      89C6 43FB 
 1030      FCAF 3277 
 1031 03e6 2716 DE91 		.ascii	"'\026\336\221\fF\302\032\206;w\377\003\362\244\367K"
 1031      0C46 C21A 
 1031      863B 77FF 
 1031      03F2 A4F7 
 1031      4B
 1032               		.text
 1033               		.section	.gnu.lto_ws2812_setleds.63c071020a3b5e0b,"e",@progbits
 1034 0000 789C 6590 		.ascii	"x\234e\220\315+Da\024\306\317s\317\2753WLI\221\232\024\253\311"
 1034      CD2B 4461 
 1034      14C6 CF73 
 1034      CFBD 3357 
 1034      4C49 919A 
 1035 0017 8261 CC62 		.ascii	"\202a\314b\226\376\be=\r\013eu\247\310\312;\223|4\362Q>\262\230"
 1035      96FE 0865 
 1035      3D0D 0B65 
 1035      75A7 C8CA 
 1035      3B93 7C34 
 1036 0030 0625 9492 		.ascii	"\006%\224\222B\371\276Fv\026\232\250\2610\"Y"
 1036      42F9 BE46 
 1036      7616 9AA8 
 1036      B130 2259 
 1037 0040 61A5 2485 		.string	"a\245$\205s\357\214,\274\365\326y\316y\177\347\274\3471\t4\004\242\b\021\325\311\005\0234
 1037      73EF 8C2C 
 1037      BCF5 D679 
 1037      CE79 7FE7 
 1037      BCE7 3109 
 1038 0141 9CC1 9F61 		.ascii	"\234\301\237a/\275\"\271\3709\007\267\207sR\214\277\261D\325"
 1038      2FBD 22B9 
 1038      F839 07B7 
 1038      8773 528C 
 1038      BFB1 44D5 
 1039 0155 5D56 4F5F 		.ascii	"]VO_\267\025\017F\373\254`\177<\024i\r5\307\310\354\355\356\212"
 1039      B715 0F46 
 1039      FBAC 607F 
 1039      3C14 690D 
 1039      35C7 C8EC 
 1040 016c 5A56 74A0 		.ascii	"ZVt\240\3527\325\034n\211D\333b\2616\322\245\026\377\001\245"
 1040      EA37 D51C 
 1040      6E89 44DB 
 1040      62B1 36D2 
 1040      A516 FF01 
 1041 0181 658A 2F   		.ascii	"e\212/"
 1042               		.text
 1043               		.section	.gnu.lto_ws2812_setleds_rgbw.63c071020a3b5e0b,"e",@progbits
 1044 0000 789C 8554 		.string	"x\234\205T\373o\024U\024\276\337\334\231}\365AC\202!i\232l\023I\303\017\356\324\302\017\3
 1044      FB6F 1455 
 1044      14BE DFDC 
 1044      997D F541 
 1044      4382 2169 
 1045 00b0 8DD2 8357 		.string	"\215\322\203W\307\222\220\251\206\032J\355_\217O\272\370r0\212wOL\217\033\r9!\222\"\377\3
 1045      C792 90A9 
 1045      861A 4AED 
 1045      5F8F 4FBA 
 1045      F872 308A 
 1046 0190 18A4 527A 		.string	"\030\244Rz\344\324\307\252\346\377\t\277'BbQro\227\344\246\376m+\362s\233\273\026\357\321
 1046      E4D4 C7AA 
 1046      E6FF 09BF 
 1046      2742 6251 
 1046      726F 97E4 
 1047 0256 8232 5C42 		.ascii	"\2022\\B\235l\347\366\374\374\202^\362UZ\026\374\2349\3456$\207"
 1047      9D6C E7F6 
 1047      FCFC 825E 
 1047      F255 5A16 
 1047      FC9C 39E5 
 1048 026d B217 C922 		.ascii	"\262\027\311\"\3061\325\260\2705\277\177\247\227\252G\216d2n"
 1048      C631 D5B0 
 1048      B835 BF7F 
 1048      A797 AA47 
 1048      8E64 326E 
 1049 0281 FE9E 6A69 		.ascii	"\376\236ji`\364\370\375%R\035\271\370\356\360s\177\t\261O\350"
 1049      60F4 F8FD 
 1049      2552 1DB9 
 1049      F8EE F073 
 1049      7F09 B14F 
 1050 0296 595E 8DCB 		.ascii	"Y^\215\313e=\215\023#\253\037R-M\017\330_\030<\005\305P\270q"
 1050      653D 8D13 
 1050      23AB 1F52 
 1050      2D4D 0FD8 
 1050      5F18 3C05 
 1051 02ae F69E AFD8 		.ascii	"\366\236\257\330\337\305\341\245\003)\207\241\n?\2241\\Q\f'\215"
 1051      DFC5 E1A5 
 1051      0329 87A1 
 1051      0A3F 9431 
 1051      5C51 0C27 
 1052 02c3 452F 823C 		.ascii	"E/\202<S\314\262\360*\251|\266$V&\211=[\003+\323\260\370U\304"
 1052      53CC B2F0 
 1052      2AA9 7CB6 
 1052      2456 2689 
 1052      3D5B 032B 
 1053 02dc 7552 704D 		.ascii	"uRpMN\213\206\344H\300\2043\256\256o>\327Jq\337\363\245\360\364"
 1053      4E8B 86E4 
 1053      48C0 8433 
 1053      AEAE 6F3E 
 1053      D74A 71DF 
 1054 02f4 E330 7960 		.ascii	"\3430y`\275\214$\005\021\016\346\266\037\253(.\254\342\251\205"
 1054      BD8C 2405 
 1054      110E E6B6 
 1054      1FAB 282E 
 1054      ACE2 A985 
 1055 0308 4D3A 0BEB 		.ascii	"M:\013\353\352\311\361\022\372}\205\276\246\320'\022\223\257"
 1055      EAC9 F112 
 1055      FA7D 85BE 
 1055      A6D0 2712 
 1055      93AF 
 1056 031a 4BD3 5543 		.ascii	"K\323UC\370p\203\244\312\342\257r\216\200Y\244\375*(s\376\222"
 1056      F870 83A4 
 1056      CAE2 AF72 
 1056      8E80 59A4 
 1056      FD2A 2873 
 1057 0330 4EFA 62C9 		.ascii	"N\372b\311\345\342Gi~\211\313\362\032\311M.\350Q\257\223rB\311"
 1057      E5E2 4769 
 1057      7E89 CBF2 
 1057      1AC9 4D2E 
 1057      E851 AF93 
 1058 0347 EDAA D327 		.ascii	"\355\252\323'\331u\231\335%%\363\266*V\237\321\f\207\363II\346"
 1058      D975 99DD 
 1058      2525 F3B6 
 1058      2A56 9FD1 
 1058      0C87 F349 
 1059 035d 65BA 2C1C 		.ascii	"e\272,\034k\331\030\211\305\315\320\306\230\371n\274i\315\213"
 1059      6BD9 1889 
 1059      C5CD D0C6 
 1059      98F9 6EBC 
 1059      69CD 8B
 1060 0370 4D01 8B79 		.ascii	"M\001\213y\242\221p(\026\013mZ\372\370(\260\272qMh\225e\255b"
 1060      A291 7028 
 1060      160B 6D5A 
 1060      FAF8 28B0 
 1060      BA71 4D68 
 1061 0388 3ADD 8BEB 		.ascii	":\335\213\353\301`k\274\331l\215\307\314\350\333V(j\276\034\211"
 1061      C160 6BBC 
 1061      D96C 8DC7 
 1061      CCE8 DB56 
 1061      286A BE1C 
 1062 039d 4643 31C9 		.ascii	"FC1\311\362\302\253\226e6\007\232\002\215\212\263\345-+\332\032"
 1062      F2C2 AB96 
 1062      6536 079A 
 1062      028D 8AB3 
 1062      E52D 2BDA 
 1063 03b2 8E98 AD1B 		.ascii	"\216\230\255\033Z\242f8\022\rm\n\274\306|\301\340\206\026\353"
 1063      5AA2 6638 
 1063      120D 6D0A 
 1063      BCC6 7CC1 
 1063      E086 16EB 
 1064 03c6 8D78 306C 		.ascii	"\215x0l\031\024\276\371\316#f\327\352("
 1064      1914 BEF9 
 1064      CE23 66D7 
 1064      EA28 
 1065               		.text
 1066               		.section	.gnu.lto_ws2812_sendarray.63c071020a3b5e0b,"e",@progbits
 1067 0000 789C 6590 		.string	"x\234e\220MKBQ\020\206\347\275s5\205\244\b\202@\214v\342\246\354\203h\321\242\037Q?@\314E
 1067      4D4B 4251 
 1067      1086 E7BD 
 1067      7335 85A4 
 1067      0882 408C 
 1068 0100 F193 011C 		.ascii	"\361\223\001\034n\211\311\036Z\207\262\210\226Y\373\026\206\210"
 1068      6E89 C91E 
 1068      5A87 B288 
 1068      9659 FB16 
 1068      8688 
 1069 0112 0AD4 EED1 		.ascii	"\n\324\356\321\026;}^\221\356p\022\261\311\036\334\325\275)$"
 1069      163B 7D5E 
 1069      91EE 7012 
 1069      B1C9 1EDC 
 1069      D5BD 2924 
 1070 0126 0D8F C9AE 		.ascii	"\r\217\311\256\f\213\005JH\201\262\254e\331\336\345\311\342\333"
 1070      0C8B 054A 
 1070      4881 B2AC 
 1070      65D9 DEE5 
 1070      C9E2 DB
 1071 0139 A1D7 5E8A 		.ascii	"\241\327^\212\033\3005\374&7P\025\311\355\334\026\234\036\366"
 1071      1BC0 35FC 
 1071      2637 5015 
 1071      C9ED DC16 
 1071      9C1E F6
 1072 014c 5962 FCD9 		.ascii	"Yb\374\331\022\265\216\306\307\022\261\370dW$\021\357\232\236"
 1072      12B5 8EC6 
 1072      C712 B1F8 
 1072      6457 2411 
 1072      EF9A 9E
 1073 015f EC19 E8EE 		.ascii	"\354\031\350\356\351\214\222>\032\231\212\264\374\312\316\276"
 1073      E98C 923E 
 1073      1A99 8AB4 
 1073      FCCA CEBE 
 1074 016f F040 A437 		.ascii	"\360@\2447\032\355%\267\324\307c\023_h\263\206\277"
 1074      1AED 25B7 
 1074      D4C7 6313 
 1074      5F68 B386 
 1074      BF
 1075               		.text
 1076               		.section	.gnu.lto_.symbol_nodes.63c071020a3b5e0b,"e",@progbits
 1077 0000 789C E360 		.string	"x\234\343``d\270\303"
 1077      6064 B8C3 
 1077      00
 1078 0009 044C DCF5 		.string	"\004L\334\365\f\037~\255\260`\234p\216\201\241\236\201aW\203#P\n$\301Q\317\330"
 1078      0C1F 7EAD 
 1078      B060 9C70 
 1078      8E81 A19E 
 1078      8161 5783 
 1079 0026 042C 9832 		.string	"\004,\2302\354\365L8d8\353\231q\310p\325\263`\227a\344\255g\375\017\005\362`Y\006\206\206
 1079      ECF5 4C38 
 1079      6438 EB99 
 1079      71C8 70D5 
 1079      B360 9761 
 1080 006a 569D 3AF5 		.ascii	"V\235:\365"
 1081               		.text
 1082               		.section	.gnu.lto_.refs.63c071020a3b5e0b,"e",@progbits
 1083 0000 789C E360 		.string	"x\234\343``\004B "
 1083      6004 4220 
 1083      00
 1084 0009 00        		.string	""
 1085 000a 00        		.string	""
 1086 000b 5D00      		.string	"]"
 1087 000d 0B        		.ascii	"\013"
 1088               		.text
 1089               		.section	.gnu.lto_.decls.63c071020a3b5e0b,"e",@progbits
 1090 0000 789C 8D56 		.string	"x\234\215V[P\023W\030>\377nL\310\022\300\242V\247\370\3008\314\330\027\tJ\247\243\355C;\2
 1090      5B50 1357 
 1090      183E FF6E 
 1090      4CC8 12C0 
 1090      A256 A7F8 
 1091 00b9 65BD D0A7 		.ascii	"e\275\320\247\013\007\246\207pwj\270)\357r\rw\024\342\373\261"
 1091      0B07 A687 
 1091      7077 6AB8 
 1091      29EF 720D 
 1091      7714 E2FB 
 1092 00ce 5CA6 F8   		.ascii	"\\\246\370"
 1093 00d1 138D ED09 		.string	"\023\215\355\t\205K\247\370C\327\231\tS\373\322\207\375\021a\326\233\005|\315\273\nVPb34\
 1093      854B A7F8 
 1093      43D7 9909 
 1093      53FB D287 
 1093      FD11 61D6 
 1094 01d2 0927 7595 		.string	"\t'u\225]l"
 1094      5D6C 00
 1095 01d9 F103 4650 		.string	"\361\003FP_t\265K/~\304\352\277\324\217w\233\304\217Y\2754o\274W\322\t\004.\260\020`\217\
 1095      5F74 B54B 
 1095      2F7E C4EA 
 1095      BFD4 8F77 
 1095      9BC4 8F59 
 1096 0243 024D 28F9 		.string	"\002M(\371\022\332E\320\021\006\247~\264@\002\264\243\265A\002\335\025\316>\372\241\234\3
 1096      12DA 45D0 
 1096      1106 A77E 
 1096      B440 02B4 
 1096      A3B5 4102 
 1097 02f3 FA00      		.string	"\372"
 1098 02f5 8F02 FBC0 		.ascii	"\217\002\373\300\361\007\035\346\r\240\276\323:k\003kb)\360B"
 1098      F107 1DE6 
 1098      0DA0 BED3 
 1098      3A6B 036B 
 1098      6229 F042 
 1099 0309 E902 0546 		.ascii	"\351\002\005F\324\272\037\307G\004\225\225\317\001\205\036\315"
 1099      D4BA 1FC7 
 1099      4704 9595 
 1099      CF01 851E 
 1099      CD
 1100 031a A73E 9C5E 		.ascii	"\247>\234^\205\004HiK\bR\245p\3201\201\2764\024\240NU\031\202"
 1100      8504 4869 
 1100      4B08 52A5 
 1100      70D0 3181 
 1100      BE34 14A0 
 1101 0332 0603 CCFE 		.ascii	"\006\003\314\376\302\257Ju\035#\322<\220S\246\023\327\260\200"
 1101      C2AF 4A75 
 1101      1D23 D23C 
 1101      9053 A613 
 1101      D7B0 80
 1102 0345 B734 E69C 		.ascii	"\2674\346\2347\340i ,{<:6~\274\251M`}x\252\240\027Xgm\313\376"
 1102      37E0 6920 
 1102      2C7B 3C3A 
 1102      367E BCA9 
 1102      4D60 7D78 
 1103 0361 520E C4B3 		.ascii	"R\016\304\263\f\327x\347\255\256\216v\375\354]4\2130\211\246"
 1103      0CD7 78E7 
 1103      ADAE 8E76 
 1103      FDEC 5D34 
 1103      8B30 89A6 
 1104 0375 03A4 BEEA 		.ascii	"\003\244\276\352\317\274~\230M0\352:\276f}\341@{\324\274|\271"
 1104      CFBC 7E98 
 1104      4D30 EA3A 
 1104      BE66 7DE1 
 1104      407B D4BC 
 1105 038b BF5F AEF1 		.ascii	"\277_\256\361\025\275\336t&W\2263p\032\346\032\002\341O\334>"
 1105      15BD DE74 
 1105      2657 9633 
 1105      701A E61A 
 1105      02E1 4FDC 
 1106 03a0 DC3B 26F6 		.ascii	"\334;&\366Oz.\241\007\006 \336+\022,\346\341\374\311\337\275"
 1106      4F7A 2EA1 
 1106      0706 20DE 
 1106      2B12 2CE6 
 1106      E1FC C9DF 
 1107 03b5 B520 1E80 		.ascii	"\265 \036\200\227\024}\203\353+\3375\b<\311e\236\3448\314\316"
 1107      9714 7D83 
 1107      EB2B DF35 
 1107      083C C965 
 1107      9EE4 38CC 
 1108 03ca DD4D 9EDB 		.ascii	"\335M\236\333J@\312;K\262\247M\201c\307 \030\272\341\310\251"
 1108      4A40 CA3B 
 1108      4BB2 A74D 
 1108      8163 C720 
 1108      18BA E1C8 
 1109 03df 7306 6DEA 		.ascii	"s\006m\352\337\nJ\375\333,\365\0217\332R8\030\303\344`\027\f"
 1109      DF0A 4AFD 
 1109      DB2C F511 
 1109      37DA 5238 
 1109      18C3 E460 
 1110 03f5 7239 B78B 		.ascii	"r9\267\213\313\356C\230p\335\245\341\272\243\206\353W\357\225"
 1110      CBEE 4398 
 1110      70DD A5E1 
 1110      BAA3 86EB 
 1110      57EF 95
 1111 0408 D618 255C 		.ascii	"\326\030%\\u\211\233\344\232\365\262\234/P\020\\\327\204\352"
 1111      7589 9BE4 
 1111      9AF5 B29C 
 1111      2F50 105C 
 1111      D784 EA
 1112 041b 7A20 54E7 		.ascii	"z T\347\321\253!\026\252\214\303\335\367$\261\224\207\352\316"
 1112      D1AB 2116 
 1112      AA8C C3DD 
 1112      F724 B194 
 1112      87EA CE
 1113 042e 93C1 1E9D 		.ascii	"\223\301\036\235?,<TM\203\231\275Q~m\367\271\266\235r\356u1\214"
 1113      3F2C 3C54 
 1113      4D83 99BD 
 1113      517E 6DF7 
 1113      B9B6 9D72 
 1114 0446 B687 54DB 		.ascii	"\266\207T\333\003U[\351\211\302\001\275\242\355\362\002\2776"
 1114      0355 5BE9 
 1114      89C2 01BD 
 1114      A2ED F202 
 1114      BF36 
 1115 0458 04C1 3D8D 		.ascii	"\004\301=\215\266{\001m\317P\3330\323\226\267;\277^\020\253\271"
 1115      B67B 016D 
 1115      CF50 DB30 
 1115      D396 B73B 
 1115      BF5E 10AB 
 1116 046d B66D 27AF 		.ascii	"\266m'\257_2*D\335\346 \242\021\r\321H\200h/\022=bD\277\354\274"
 1116      5F32 2A44 
 1116      DDE6 20A2 
 1116      110D D148 
 1116      8068 2F12 
 1117 0487 B0DB 2876 		.ascii	"\260\333(v\204w\362\324\341\315\331z\177\276>\346N6\224U\024"
 1117      8477 F2D4 
 1117      E1CD D97A 
 1117      7FBE 3EE6 
 1117      4E36 9455 
 1118 049c 87CB D727 		.ascii	"\207\313\327'\324\311\277T'\177\0308\332fP\2645T\230\2708Y\240"
 1118      D4C9 BF54 
 1118      277F 1838 
 1118      DA66 50B4 
 1118      3554 98B8 
 1119 04b3 2818 D588 		.ascii	"(\030\325\210\033\r\210{\214\311:\306\304\311\023\367\367I\342"
 1119      1B0D 887B 
 1119      8CC9 3AC6 
 1119      C4C9 13F7 
 1119      F749 E2
 1120 04c6 2017 77EC 		.ascii	" \027w\354\350d\251\304\204\314W\265m9\366\344\2001\214\214\t"
 1120      E864 A9C4 
 1120      84CC 57B5 
 1120      6D39 F6E4 
 1120      8031 8C8C 
 1121 04db 2AE3 A92A 		.ascii	"*\343\251*\343\316\351\2537\243\251\fD\372\252\337j\254\310\225"
 1121      E3CE E9AB 
 1121      37A3 A90C 
 1121      44FA AADF 
 1121      6AAC C895 
 1122 04ef 3333 E478 		.ascii	"33\344x\331Hq0\256"
 1122      D948 7130 
 1122      AE
 1123 04f8 1132 AEFC 		.string	"\0212\256\374\320\341\031\225 67\225\226\030A\212\003LM\310TV\n\374\314\tL\202D\340o\034}
 1123      D0E1 1995 
 1123      2036 3795 
 1123      9618 418A 
 1123      034C 4DC8 
 1124 05f9 9C4D C9B7 		.ascii	"\234M\311\267r\362lF\376wV\376Oz\3556\322/u`\3026\201m#\026\210"
 1124      72F2 6C46 
 1124      FE77 56FE 
 1124      4F7A ED36 
 1124      D22F 7560 
 1125 0614 3D78 B06E 		.ascii	"=x\260ns\320\225`\"\b\233\303\2619\f[T\\\335\"\210U\374jZ\\\362"
 1125      73D0 9560 
 1125      2208 9BC3 
 1125      B139 0C5B 
 1125      545C DD22 
 1126 062f 4369 B4D8 		.ascii	"Ci\264\330\310\033[\353\352\367\323C\013\333\005\345n\0268=\313"
 1126      C81B 5BEB 
 1126      EAF7 D343 
 1126      0BDB 05E5 
 1126      6E16 383D 
 1127 0644 225F E2F4 		.ascii	"\"_\342\364\354\024\360\364|'(\247\347\364\306\241\365\364\364"
 1127      EC14 F0F4 
 1127      7C27 28A7 
 1127      E7F4 C6A1 
 1127      F5F4 F4
 1128 0657 D4E0 217E 		.ascii	"\324\340!~Q-\360C\\ Q\024|+(g\007v\b:\310\025\346\321\036\365"
 1128      512D F043 
 1128      5C20 5114 
 1128      7C2B 2867 
 1128      0776 083A 
 1129 0671 2817 4C23 		.ascii	"(\027L#\264\013)\306\237\224\365\230\264~\335\r\362k\027\367"
 1129      B40B 29C6 
 1129      9F94 F598 
 1129      B47E DD0D 
 1129      F26B 17F7 
 1130 0685 8B16 3353 		.ascii	"\213\0263S\\\216\257\355.\267\331\372\265\313\274\326\275h\361"
 1130      5C8E AFED 
 1130      2EB7 D9FA 
 1130      B5CB BCD6 
 1130      BD68 F1
 1131 0698 C245 89B6 		.ascii	"\302E\211\266\210\245\237|\026\377\376\222%$V\355I|#i\2615\331"
 1131      88A5 9F7C 
 1131      16FF FE92 
 1131      2524 56ED 
 1131      497C 2369 
 1132 06af 664B 2606 		.ascii	"fK&\006\217#-}\261%=\202\226\013\337\264\244\203\013V\351\277"
 1132      8F23 2D7D 
 1132      B125 3D82 
 1132      960B DFB4 
 1132      A483 0B56 
 1133 06c5 B2DA BEB0 		.ascii	"\262\332\276\260\247\300\312\330D\363\032\2175-\335\363\245\331"
 1133      A7C0 CAD8 
 1133      44F3 1A8F 
 1133      352D DDF3 
 1133      A5D9 
 1134 06d7 B6DA B9DA 		.ascii	"\266\332\271\332\225\230J\304O\227\276\307\300\311\213,\351\263"
 1134      9598 4AC4 
 1134      4F97 BEC7 
 1134      C0C9 8B2C 
 1134      E9B3 
 1135 06e9 38A1 C56D 		.ascii	"8\241\305mOK\261\272\\\326u\226/\255\356/fM%B]\034\261\351N{"
 1135      4F4B B1BA 
 1135      5CD6 7596 
 1135      2FAD EE2F 
 1135      664D 2542 
 1136 0703 8ADB F295 		.ascii	"\212\333\362\225#-:\270kF\b\302\265j\345\332\351\241+\274f\261"
 1136      232D 3AB8 
 1136      6B46 08C2 
 1136      B56A E5DA 
 1136      E9A1 2BBC 
 1137 0719 ACF4 389C 		.ascii	"\254\3648\234\351\2164\013\322[R\354N\\\325\266\316\346\264\273"
 1137      E98E 340B 
 1137      D25B 52EC 
 1137      4E5C D5B6 
 1137      CEE6 B4BB 
 1138 072d 9798 3D6E 		.ascii	"\227\230=n\227\331\271\332fu\232\337\267;\235V\027U\260`\225"
 1138      97D9 B9DA 
 1138      6675 9ADF 
 1138      B73B 9D56 
 1138      1755 B060 
 1139 0742 CD66 5E92 		.ascii	"\315f^\222\270(1\211\351q\244\331\234\236\024\273\331\223\356"
 1139      B828 3189 
 1139      E971 A4D9 
 1139      9C9E 14BB 
 1139      D993 EE
 1140 0755 709A D96C 		.ascii	"p\232\331ltJgK\265\272\214\n\231\307\035eu\256\265\256s[\034"
 1140      744A 674B 
 1140      B5BA 8C0A 
 1140      99C7 1D65 
 1140      75AE B5AE 
 1141 076c 694E 479A 		.ascii	"iNG\232\375\037\354O\333\021"
 1141      FD1F EC4F 
 1141      DB11 
 1142               		.text
 1143               		.section	.gnu.lto_.symtab.63c071020a3b5e0b,"e",@progbits
 1144 0000 7773 3238 		.string	"ws2812_sendarray_mask"
 1144      3132 5F73 
 1144      656E 6461 
 1144      7272 6179 
 1144      5F6D 6173 
 1145 0016 00        		.string	""
 1146 0017 00        		.string	""
 1147 0018 00        		.string	""
 1148 0019 00        		.string	""
 1149 001a 00        		.string	""
 1150 001b 00        		.string	""
 1151 001c 00        		.string	""
 1152 001d 00        		.string	""
 1153 001e 00        		.string	""
 1154 001f 00        		.string	""
 1155 0020 00        		.string	""
 1156 0021 E100      		.string	"\341"
 1157 0023 00        		.string	""
 1158 0024 00        		.string	""
 1159 0025 7773 3238 		.string	"ws2812_setleds_pin"
 1159      3132 5F73 
 1159      6574 6C65 
 1159      6473 5F70 
 1159      696E 00
 1160 0038 00        		.string	""
 1161 0039 00        		.string	""
 1162 003a 00        		.string	""
 1163 003b 00        		.string	""
 1164 003c 00        		.string	""
 1165 003d 00        		.string	""
 1166 003e 00        		.string	""
 1167 003f 00        		.string	""
 1168 0040 00        		.string	""
 1169 0041 00        		.string	""
 1170 0042 00        		.string	""
 1171 0043 EA00      		.string	"\352"
 1172 0045 00        		.string	""
 1173 0046 00        		.string	""
 1174 0047 7773 3238 		.string	"ws2812_setleds"
 1174      3132 5F73 
 1174      6574 6C65 
 1174      6473 00
 1175 0056 00        		.string	""
 1176 0057 00        		.string	""
 1177 0058 00        		.string	""
 1178 0059 00        		.string	""
 1179 005a 00        		.string	""
 1180 005b 00        		.string	""
 1181 005c 00        		.string	""
 1182 005d 00        		.string	""
 1183 005e 00        		.string	""
 1184 005f 00        		.string	""
 1185 0060 00        		.string	""
 1186 0061 EF00      		.string	"\357"
 1187 0063 00        		.string	""
 1188 0064 00        		.string	""
 1189 0065 7773 3238 		.string	"ws2812_setleds_rgbw"
 1189      3132 5F73 
 1189      6574 6C65 
 1189      6473 5F72 
 1189      6762 7700 
 1190 0079 00        		.string	""
 1191 007a 00        		.string	""
 1192 007b 00        		.string	""
 1193 007c 00        		.string	""
 1194 007d 00        		.string	""
 1195 007e 00        		.string	""
 1196 007f 00        		.string	""
 1197 0080 00        		.string	""
 1198 0081 00        		.string	""
 1199 0082 00        		.string	""
 1200 0083 00        		.string	""
 1201 0084 F100      		.string	"\361"
 1202 0086 00        		.string	""
 1203 0087 00        		.string	""
 1204 0088 7773 3238 		.string	"ws2812_sendarray"
 1204      3132 5F73 
 1204      656E 6461 
 1204      7272 6179 
 1204      00
 1205 0099 00        		.string	""
 1206 009a 00        		.string	""
 1207 009b 00        		.string	""
 1208 009c 00        		.string	""
 1209 009d 00        		.string	""
 1210 009e 00        		.string	""
 1211 009f 00        		.string	""
 1212 00a0 00        		.string	""
 1213 00a1 00        		.string	""
 1214 00a2 00        		.string	""
 1215 00a3 00        		.string	""
 1216 00a4 F600      		.string	"\366"
 1217 00a6 00        		.string	""
 1218 00a7 00        		.string	""
 1219               		.text
 1220               		.section	.gnu.lto_.opts,"e",@progbits
 1221 0000 272D 666E 		.string	"'-fno-openmp' '-fno-openacc' '-fno-pie' '-mn-flash=1' '-mno-skip-bug' '-mmcu=avr5' '-Os' 
 1221      6F2D 6F70 
 1221      656E 6D70 
 1221      2720 272D 
 1221      666E 6F2D 
 1222               		.text
 1223               		.comm	__gnu_lto_v1,1,1
 1224               		.comm	__gnu_lto_slim,1,1
 1225               		.ident	"GCC: (GNU) 9.2.0"
DEFINED SYMBOLS
                            *ABS*:0000000000000000 ws2812.c
/var/folders/xx/3qcqnrxj7md526g3lvyld9680000gn/T//ccBeIj7O.s:2      *ABS*:000000000000003e __SP_H__
/var/folders/xx/3qcqnrxj7md526g3lvyld9680000gn/T//ccBeIj7O.s:3      *ABS*:000000000000003d __SP_L__
/var/folders/xx/3qcqnrxj7md526g3lvyld9680000gn/T//ccBeIj7O.s:4      *ABS*:000000000000003f __SREG__
/var/folders/xx/3qcqnrxj7md526g3lvyld9680000gn/T//ccBeIj7O.s:5      *ABS*:0000000000000000 __tmp_reg__
/var/folders/xx/3qcqnrxj7md526g3lvyld9680000gn/T//ccBeIj7O.s:6      *ABS*:0000000000000001 __zero_reg__
/var/folders/xx/3qcqnrxj7md526g3lvyld9680000gn/T//ccBeIj7O.s:17     .gnu.debuglto_.debug_info:0000000000000000 ws2812.c.408a3cc3
                            *COM*:0000000000000001 __gnu_lto_v1
                            *COM*:0000000000000001 __gnu_lto_slim

NO UNDEFINED SYMBOLS
