   1               		.file	"Device_AVR8.c"
   2               	__SP_H__ = 0x3e
   3               	__SP_L__ = 0x3d
   4               	__SREG__ = 0x3f
   5               	__tmp_reg__ = 0
   6               	__zero_reg__ = 1
   7               		.file 1 "/usr/local/Cellar/avr-gcc/9.2.0/avr/include/stdint.h"
   8               		.file 2 "lib/lufa/LUFA/Drivers/USB/Core/AVR8/../AVR8/../AVR8/../StdRequestType.h"
   9               		.file 3 "lib/lufa/LUFA/Drivers/USB/Core/AVR8/../AVR8/../AVR8/../DeviceStandardReq.h"
  10               		.file 4 "lib/lufa/LUFA/Drivers/USB/Core/AVR8/../AVR8/../AVR8/../USBTask.h"
  11               		.file 5 "lib/lufa/LUFA/Drivers/USB/Core/AVR8/../AVR8/../AVR8/USBController_AVR8.h"
  12               		.file 6 "lib/lufa/LUFA/Drivers/USB/Core/AVR8/Device_AVR8.c"
  13               		.section	.gnu.debuglto_.debug_info,"e",@progbits
  14               	.Ldebug_info0:
  15               		.hidden	Device_AVR8.c.916f838c
  16               		.weak	Device_AVR8.c.916f838c
  17               	Device_AVR8.c.916f838c:
  18 0000 5C01 0000 		.long	0x15c
  19 0004 0200      		.word	0x2
  20 0006 0000 0000 		.long	.Ldebug_abbrev0
  21 000a 04        		.byte	0x4
  22 000b 01        		.uleb128 0x1
  23 000c 0000 0000 		.long	.LASF24
  24 0010 0C        		.byte	0xc
  25 0011 0000 0000 		.long	.LASF25
  26 0015 0000 0000 		.long	.LASF26
  27 0019 0000 0000 		.long	.Ldebug_line0
  28 001d 02        		.uleb128 0x2
  29 001e 01        		.byte	0x1
  30 001f 06        		.byte	0x6
  31 0020 0000 0000 		.long	.LASF0
  32 0024 03        		.uleb128 0x3
  33 0025 0000 0000 		.long	.LASF2
  34 0029 01        		.byte	0x1
  35 002a 7E        		.byte	0x7e
  36 002b 16        		.byte	0x16
  37 002c 3500 0000 		.long	0x35
  38 0030 04        		.uleb128 0x4
  39 0031 2400 0000 		.long	0x24
  40 0035 02        		.uleb128 0x2
  41 0036 01        		.byte	0x1
  42 0037 08        		.byte	0x8
  43 0038 0000 0000 		.long	.LASF1
  44 003c 05        		.uleb128 0x5
  45 003d 02        		.byte	0x2
  46 003e 05        		.byte	0x5
  47 003f 696E 7400 		.string	"int"
  48 0043 03        		.uleb128 0x3
  49 0044 0000 0000 		.long	.LASF3
  50 0048 01        		.byte	0x1
  51 0049 80        		.byte	0x80
  52 004a 16        		.byte	0x16
  53 004b 4F00 0000 		.long	0x4f
  54 004f 02        		.uleb128 0x2
  55 0050 02        		.byte	0x2
  56 0051 07        		.byte	0x7
  57 0052 0000 0000 		.long	.LASF4
  58 0056 02        		.uleb128 0x2
  59 0057 04        		.byte	0x4
  60 0058 05        		.byte	0x5
  61 0059 0000 0000 		.long	.LASF5
  62 005d 02        		.uleb128 0x2
  63 005e 04        		.byte	0x4
  64 005f 07        		.byte	0x7
  65 0060 0000 0000 		.long	.LASF6
  66 0064 02        		.uleb128 0x2
  67 0065 08        		.byte	0x8
  68 0066 05        		.byte	0x5
  69 0067 0000 0000 		.long	.LASF7
  70 006b 02        		.uleb128 0x2
  71 006c 08        		.byte	0x8
  72 006d 07        		.byte	0x7
  73 006e 0000 0000 		.long	.LASF8
  74 0072 06        		.uleb128 0x6
  75 0073 08        		.byte	0x8
  76 0074 02        		.byte	0x2
  77 0075 A3        		.byte	0xa3
  78 0076 0C        		.byte	0xc
  79 0077 C700 0000 		.long	0xc7
  80 007b 07        		.uleb128 0x7
  81 007c 0000 0000 		.long	.LASF9
  82 0080 02        		.byte	0x2
  83 0081 A5        		.byte	0xa5
  84 0082 0E        		.byte	0xe
  85 0083 2400 0000 		.long	0x24
  86 0087 02        		.byte	0x2
  87 0088 23        		.byte	0x23
  88 0089 00        		.uleb128 0
  89 008a 07        		.uleb128 0x7
  90 008b 0000 0000 		.long	.LASF10
  91 008f 02        		.byte	0x2
  92 0090 A6        		.byte	0xa6
  93 0091 0E        		.byte	0xe
  94 0092 2400 0000 		.long	0x24
  95 0096 02        		.byte	0x2
  96 0097 23        		.byte	0x23
  97 0098 01        		.uleb128 0x1
  98 0099 07        		.uleb128 0x7
  99 009a 0000 0000 		.long	.LASF11
 100 009e 02        		.byte	0x2
 101 009f A7        		.byte	0xa7
 102 00a0 0E        		.byte	0xe
 103 00a1 4300 0000 		.long	0x43
 104 00a5 02        		.byte	0x2
 105 00a6 23        		.byte	0x23
 106 00a7 02        		.uleb128 0x2
 107 00a8 07        		.uleb128 0x7
 108 00a9 0000 0000 		.long	.LASF12
 109 00ad 02        		.byte	0x2
 110 00ae A8        		.byte	0xa8
 111 00af 0E        		.byte	0xe
 112 00b0 4300 0000 		.long	0x43
 113 00b4 02        		.byte	0x2
 114 00b5 23        		.byte	0x23
 115 00b6 04        		.uleb128 0x4
 116 00b7 07        		.uleb128 0x7
 117 00b8 0000 0000 		.long	.LASF13
 118 00bc 02        		.byte	0x2
 119 00bd A9        		.byte	0xa9
 120 00be 0E        		.byte	0xe
 121 00bf 4300 0000 		.long	0x43
 122 00c3 02        		.byte	0x2
 123 00c4 23        		.byte	0x23
 124 00c5 06        		.uleb128 0x6
 125 00c6 00        		.byte	0
 126 00c7 03        		.uleb128 0x3
 127 00c8 0000 0000 		.long	.LASF14
 128 00cc 02        		.byte	0x2
 129 00cd AA        		.byte	0xaa
 130 00ce 12        		.byte	0x12
 131 00cf 7200 0000 		.long	0x72
 132 00d3 08        		.uleb128 0x8
 133 00d4 0000 0000 		.long	.LASF15
 134 00d8 03        		.byte	0x3
 135 00d9 5E        		.byte	0x5e
 136 00da 13        		.byte	0x13
 137 00db 2400 0000 		.long	0x24
 138 00df 01        		.byte	0x1
 139 00e0 01        		.byte	0x1
 140 00e1 08        		.uleb128 0x8
 141 00e2 0000 0000 		.long	.LASF16
 142 00e6 03        		.byte	0x3
 143 00e7 6E        		.byte	0x6e
 144 00e8 11        		.byte	0x11
 145 00e9 EF00 0000 		.long	0xef
 146 00ed 01        		.byte	0x1
 147 00ee 01        		.byte	0x1
 148 00ef 02        		.uleb128 0x2
 149 00f0 01        		.byte	0x1
 150 00f1 02        		.byte	0x2
 151 00f2 0000 0000 		.long	.LASF17
 152 00f6 04        		.uleb128 0x4
 153 00f7 EF00 0000 		.long	0xef
 154 00fb 08        		.uleb128 0x8
 155 00fc 0000 0000 		.long	.LASF18
 156 0100 03        		.byte	0x3
 157 0101 78        		.byte	0x78
 158 0102 11        		.byte	0x11
 159 0103 EF00 0000 		.long	0xef
 160 0107 01        		.byte	0x1
 161 0108 01        		.byte	0x1
 162 0109 08        		.uleb128 0x8
 163 010a 0000 0000 		.long	.LASF19
 164 010e 04        		.byte	0x4
 165 010f 51        		.byte	0x51
 166 0110 19        		.byte	0x19
 167 0111 F600 0000 		.long	0xf6
 168 0115 01        		.byte	0x1
 169 0116 01        		.byte	0x1
 170 0117 08        		.uleb128 0x8
 171 0118 0000 0000 		.long	.LASF20
 172 011c 04        		.byte	0x4
 173 011d 5B        		.byte	0x5b
 174 011e 21        		.byte	0x21
 175 011f C700 0000 		.long	0xc7
 176 0123 01        		.byte	0x1
 177 0124 01        		.byte	0x1
 178 0125 08        		.uleb128 0x8
 179 0126 0000 0000 		.long	.LASF21
 180 012a 04        		.byte	0x4
 181 012b 90        		.byte	0x90
 182 012c 1E        		.byte	0x1e
 183 012d 3000 0000 		.long	0x30
 184 0131 01        		.byte	0x1
 185 0132 01        		.byte	0x1
 186 0133 09        		.uleb128 0x9
 187 0134 01        		.byte	0x1
 188 0135 0000 0000 		.long	.LASF27
 189 0139 06        		.byte	0x6
 190 013a 29        		.byte	0x29
 191 013b 06        		.byte	0x6
 192 013c 01        		.byte	0x1
 193 013d 0A        		.uleb128 0xa
 194 013e 0000 0000 		.long	.LASF22
 195 0142 05        		.byte	0x5
 196 0143 8301      		.word	0x183
 197 0145 17        		.byte	0x17
 198 0146 01        		.byte	0x1
 199 0147 0B        		.uleb128 0xb
 200 0148 0000 0000 		.long	.LASF28
 201 014c 05        		.byte	0x5
 202 014d 5501      		.word	0x155
 203 014f 17        		.byte	0x17
 204 0150 01        		.byte	0x1
 205 0151 EF00 0000 		.long	0xef
 206 0155 0A        		.uleb128 0xa
 207 0156 0000 0000 		.long	.LASF23
 208 015a 05        		.byte	0x5
 209 015b 4801      		.word	0x148
 210 015d 17        		.byte	0x17
 211 015e 01        		.byte	0x1
 212 015f 00        		.byte	0
 213               		.section	.gnu.debuglto_.debug_abbrev,"e",@progbits
 214               	.Ldebug_abbrev0:
 215 0000 01        		.uleb128 0x1
 216 0001 11        		.uleb128 0x11
 217 0002 01        		.byte	0x1
 218 0003 25        		.uleb128 0x25
 219 0004 0E        		.uleb128 0xe
 220 0005 13        		.uleb128 0x13
 221 0006 0B        		.uleb128 0xb
 222 0007 03        		.uleb128 0x3
 223 0008 0E        		.uleb128 0xe
 224 0009 1B        		.uleb128 0x1b
 225 000a 0E        		.uleb128 0xe
 226 000b 10        		.uleb128 0x10
 227 000c 06        		.uleb128 0x6
 228 000d 00        		.byte	0
 229 000e 00        		.byte	0
 230 000f 02        		.uleb128 0x2
 231 0010 24        		.uleb128 0x24
 232 0011 00        		.byte	0
 233 0012 0B        		.uleb128 0xb
 234 0013 0B        		.uleb128 0xb
 235 0014 3E        		.uleb128 0x3e
 236 0015 0B        		.uleb128 0xb
 237 0016 03        		.uleb128 0x3
 238 0017 0E        		.uleb128 0xe
 239 0018 00        		.byte	0
 240 0019 00        		.byte	0
 241 001a 03        		.uleb128 0x3
 242 001b 16        		.uleb128 0x16
 243 001c 00        		.byte	0
 244 001d 03        		.uleb128 0x3
 245 001e 0E        		.uleb128 0xe
 246 001f 3A        		.uleb128 0x3a
 247 0020 0B        		.uleb128 0xb
 248 0021 3B        		.uleb128 0x3b
 249 0022 0B        		.uleb128 0xb
 250 0023 39        		.uleb128 0x39
 251 0024 0B        		.uleb128 0xb
 252 0025 49        		.uleb128 0x49
 253 0026 13        		.uleb128 0x13
 254 0027 00        		.byte	0
 255 0028 00        		.byte	0
 256 0029 04        		.uleb128 0x4
 257 002a 35        		.uleb128 0x35
 258 002b 00        		.byte	0
 259 002c 49        		.uleb128 0x49
 260 002d 13        		.uleb128 0x13
 261 002e 00        		.byte	0
 262 002f 00        		.byte	0
 263 0030 05        		.uleb128 0x5
 264 0031 24        		.uleb128 0x24
 265 0032 00        		.byte	0
 266 0033 0B        		.uleb128 0xb
 267 0034 0B        		.uleb128 0xb
 268 0035 3E        		.uleb128 0x3e
 269 0036 0B        		.uleb128 0xb
 270 0037 03        		.uleb128 0x3
 271 0038 08        		.uleb128 0x8
 272 0039 00        		.byte	0
 273 003a 00        		.byte	0
 274 003b 06        		.uleb128 0x6
 275 003c 13        		.uleb128 0x13
 276 003d 01        		.byte	0x1
 277 003e 0B        		.uleb128 0xb
 278 003f 0B        		.uleb128 0xb
 279 0040 3A        		.uleb128 0x3a
 280 0041 0B        		.uleb128 0xb
 281 0042 3B        		.uleb128 0x3b
 282 0043 0B        		.uleb128 0xb
 283 0044 39        		.uleb128 0x39
 284 0045 0B        		.uleb128 0xb
 285 0046 01        		.uleb128 0x1
 286 0047 13        		.uleb128 0x13
 287 0048 00        		.byte	0
 288 0049 00        		.byte	0
 289 004a 07        		.uleb128 0x7
 290 004b 0D        		.uleb128 0xd
 291 004c 00        		.byte	0
 292 004d 03        		.uleb128 0x3
 293 004e 0E        		.uleb128 0xe
 294 004f 3A        		.uleb128 0x3a
 295 0050 0B        		.uleb128 0xb
 296 0051 3B        		.uleb128 0x3b
 297 0052 0B        		.uleb128 0xb
 298 0053 39        		.uleb128 0x39
 299 0054 0B        		.uleb128 0xb
 300 0055 49        		.uleb128 0x49
 301 0056 13        		.uleb128 0x13
 302 0057 38        		.uleb128 0x38
 303 0058 0A        		.uleb128 0xa
 304 0059 00        		.byte	0
 305 005a 00        		.byte	0
 306 005b 08        		.uleb128 0x8
 307 005c 34        		.uleb128 0x34
 308 005d 00        		.byte	0
 309 005e 03        		.uleb128 0x3
 310 005f 0E        		.uleb128 0xe
 311 0060 3A        		.uleb128 0x3a
 312 0061 0B        		.uleb128 0xb
 313 0062 3B        		.uleb128 0x3b
 314 0063 0B        		.uleb128 0xb
 315 0064 39        		.uleb128 0x39
 316 0065 0B        		.uleb128 0xb
 317 0066 49        		.uleb128 0x49
 318 0067 13        		.uleb128 0x13
 319 0068 3F        		.uleb128 0x3f
 320 0069 0C        		.uleb128 0xc
 321 006a 3C        		.uleb128 0x3c
 322 006b 0C        		.uleb128 0xc
 323 006c 00        		.byte	0
 324 006d 00        		.byte	0
 325 006e 09        		.uleb128 0x9
 326 006f 2E        		.uleb128 0x2e
 327 0070 00        		.byte	0
 328 0071 3F        		.uleb128 0x3f
 329 0072 0C        		.uleb128 0xc
 330 0073 03        		.uleb128 0x3
 331 0074 0E        		.uleb128 0xe
 332 0075 3A        		.uleb128 0x3a
 333 0076 0B        		.uleb128 0xb
 334 0077 3B        		.uleb128 0x3b
 335 0078 0B        		.uleb128 0xb
 336 0079 39        		.uleb128 0x39
 337 007a 0B        		.uleb128 0xb
 338 007b 27        		.uleb128 0x27
 339 007c 0C        		.uleb128 0xc
 340 007d 00        		.byte	0
 341 007e 00        		.byte	0
 342 007f 0A        		.uleb128 0xa
 343 0080 2E        		.uleb128 0x2e
 344 0081 00        		.byte	0
 345 0082 03        		.uleb128 0x3
 346 0083 0E        		.uleb128 0xe
 347 0084 3A        		.uleb128 0x3a
 348 0085 0B        		.uleb128 0xb
 349 0086 3B        		.uleb128 0x3b
 350 0087 05        		.uleb128 0x5
 351 0088 39        		.uleb128 0x39
 352 0089 0B        		.uleb128 0xb
 353 008a 27        		.uleb128 0x27
 354 008b 0C        		.uleb128 0xc
 355 008c 00        		.byte	0
 356 008d 00        		.byte	0
 357 008e 0B        		.uleb128 0xb
 358 008f 2E        		.uleb128 0x2e
 359 0090 00        		.byte	0
 360 0091 03        		.uleb128 0x3
 361 0092 0E        		.uleb128 0xe
 362 0093 3A        		.uleb128 0x3a
 363 0094 0B        		.uleb128 0xb
 364 0095 3B        		.uleb128 0x3b
 365 0096 05        		.uleb128 0x5
 366 0097 39        		.uleb128 0x39
 367 0098 0B        		.uleb128 0xb
 368 0099 27        		.uleb128 0x27
 369 009a 0C        		.uleb128 0xc
 370 009b 49        		.uleb128 0x49
 371 009c 13        		.uleb128 0x13
 372 009d 00        		.byte	0
 373 009e 00        		.byte	0
 374 009f 00        		.byte	0
 375               		.section	.gnu.debuglto_.debug_line,"e",@progbits
 376               	.Ldebug_line0:
 377 0000 4101 0000 		.long	.LELT0-.LSLT0
 378               	.LSLT0:
 379 0004 0200      		.word	0x2
 380 0006 3B01 0000 		.long	.LELTP0-.LASLTP0
 381               	.LASLTP0:
 382 000a 01        		.byte	0x1
 383 000b 01        		.byte	0x1
 384 000c F6        		.byte	0xf6
 385 000d F2        		.byte	0xf2
 386 000e 0D        		.byte	0xd
 387 000f 00        		.byte	0
 388 0010 01        		.byte	0x1
 389 0011 01        		.byte	0x1
 390 0012 01        		.byte	0x1
 391 0013 01        		.byte	0x1
 392 0014 00        		.byte	0
 393 0015 00        		.byte	0
 394 0016 00        		.byte	0
 395 0017 01        		.byte	0x1
 396 0018 00        		.byte	0
 397 0019 00        		.byte	0
 398 001a 01        		.byte	0x1
 399 001b 6C69 622F 		.ascii	"lib/lufa/LUFA/Drivers/USB/Core/AVR8/../AVR8/../AVR8/.."
 399      6C75 6661 
 399      2F4C 5546 
 399      412F 4472 
 399      6976 6572 
 400 0051 00        		.byte	0
 401 0052 6C69 622F 		.ascii	"lib/lufa/LUFA/Drivers/USB/Core/AVR8/../AVR8/../AVR8"
 401      6C75 6661 
 401      2F4C 5546 
 401      412F 4472 
 401      6976 6572 
 402 0085 00        		.byte	0
 403 0086 6C69 622F 		.ascii	"lib/lufa/LUFA/Drivers/USB/Core/AVR8"
 403      6C75 6661 
 403      2F4C 5546 
 403      412F 4472 
 403      6976 6572 
 404 00a9 00        		.byte	0
 405 00aa 2F75 7372 		.ascii	"/usr/local/Cellar/avr-gcc/9.2.0/avr/include"
 405      2F6C 6F63 
 405      616C 2F43 
 405      656C 6C61 
 405      722F 6176 
 406 00d5 00        		.byte	0
 407 00d6 00        		.byte	0
 408 00d7 7374 6469 		.string	"stdint.h"
 408      6E74 2E68 
 408      00
 409 00e0 04        		.uleb128 0x4
 410 00e1 00        		.uleb128 0
 411 00e2 00        		.uleb128 0
 412 00e3 5374 6452 		.string	"StdRequestType.h"
 412      6571 7565 
 412      7374 5479 
 412      7065 2E68 
 412      00
 413 00f4 01        		.uleb128 0x1
 414 00f5 00        		.uleb128 0
 415 00f6 00        		.uleb128 0
 416 00f7 4465 7669 		.string	"DeviceStandardReq.h"
 416      6365 5374 
 416      616E 6461 
 416      7264 5265 
 416      712E 6800 
 417 010b 01        		.uleb128 0x1
 418 010c 00        		.uleb128 0
 419 010d 00        		.uleb128 0
 420 010e 5553 4254 		.string	"USBTask.h"
 420      6173 6B2E 
 420      6800 
 421 0118 01        		.uleb128 0x1
 422 0119 00        		.uleb128 0
 423 011a 00        		.uleb128 0
 424 011b 5553 4243 		.string	"USBController_AVR8.h"
 424      6F6E 7472 
 424      6F6C 6C65 
 424      725F 4156 
 424      5238 2E68 
 425 0130 02        		.uleb128 0x2
 426 0131 00        		.uleb128 0
 427 0132 00        		.uleb128 0
 428 0133 4465 7669 		.string	"Device_AVR8.c"
 428      6365 5F41 
 428      5652 382E 
 428      6300 
 429 0141 03        		.uleb128 0x3
 430 0142 00        		.uleb128 0
 431 0143 00        		.uleb128 0
 432 0144 00        		.byte	0
 433               	.LELTP0:
 434               	.LELT0:
 435               		.section	.gnu.debuglto_.debug_str,"eMS",@progbits,1
 436               	.LASF7:
 437 0000 6C6F 6E67 		.string	"long long int"
 437      206C 6F6E 
 437      6720 696E 
 437      7400 
 438               	.LASF4:
 439 000e 756E 7369 		.string	"unsigned int"
 439      676E 6564 
 439      2069 6E74 
 439      00
 440               	.LASF25:
 441 001b 6C69 622F 		.string	"lib/lufa/LUFA/Drivers/USB/Core/AVR8/Device_AVR8.c"
 441      6C75 6661 
 441      2F4C 5546 
 441      412F 4472 
 441      6976 6572 
 442               	.LASF15:
 443 004d 5553 425F 		.string	"USB_Device_ConfigurationNumber"
 443      4465 7669 
 443      6365 5F43 
 443      6F6E 6669 
 443      6775 7261 
 444               	.LASF6:
 445 006c 6C6F 6E67 		.string	"long unsigned int"
 445      2075 6E73 
 445      6967 6E65 
 445      6420 696E 
 445      7400 
 446               	.LASF8:
 447 007e 6C6F 6E67 		.string	"long long unsigned int"
 447      206C 6F6E 
 447      6720 756E 
 447      7369 676E 
 447      6564 2069 
 448               	.LASF18:
 449 0095 5553 425F 		.string	"USB_Device_CurrentlySelfPowered"
 449      4465 7669 
 449      6365 5F43 
 449      7572 7265 
 449      6E74 6C79 
 450               	.LASF21:
 451 00b5 5553 425F 		.string	"USB_DeviceState"
 451      4465 7669 
 451      6365 5374 
 451      6174 6500 
 452               	.LASF10:
 453 00c5 6252 6571 		.string	"bRequest"
 453      7565 7374 
 453      00
 454               	.LASF27:
 455 00ce 5553 425F 		.string	"USB_Device_SendRemoteWakeup"
 455      4465 7669 
 455      6365 5F53 
 455      656E 6452 
 455      656D 6F74 
 456               	.LASF28:
 457 00ea 5553 425F 		.string	"USB_PLL_IsReady"
 457      504C 4C5F 
 457      4973 5265 
 457      6164 7900 
 458               	.LASF2:
 459 00fa 7569 6E74 		.string	"uint8_t"
 459      385F 7400 
 460               	.LASF1:
 461 0102 756E 7369 		.string	"unsigned char"
 461      676E 6564 
 461      2063 6861 
 461      7200 
 462               	.LASF5:
 463 0110 6C6F 6E67 		.string	"long int"
 463      2069 6E74 
 463      00
 464               	.LASF24:
 465 0119 474E 5520 		.string	"GNU C99 9.2.0 -mn-flash=1 -mno-skip-bug -mmcu=avr5 -gdwarf-2 -Os -std=gnu99 -funsigned-ch
 465      4339 3920 
 465      392E 322E 
 465      3020 2D6D 
 465      6E2D 666C 
 466               	.LASF23:
 467 0201 5553 425F 		.string	"USB_PLL_On"
 467      504C 4C5F 
 467      4F6E 00
 468               	.LASF17:
 469 020c 5F42 6F6F 		.string	"_Bool"
 469      6C00 
 470               	.LASF19:
 471 0212 5553 425F 		.string	"USB_IsInitialized"
 471      4973 496E 
 471      6974 6961 
 471      6C69 7A65 
 471      6400 
 472               	.LASF13:
 473 0224 774C 656E 		.string	"wLength"
 473      6774 6800 
 474               	.LASF14:
 475 022c 5553 425F 		.string	"USB_Request_Header_t"
 475      5265 7175 
 475      6573 745F 
 475      4865 6164 
 475      6572 5F74 
 476               	.LASF12:
 477 0241 7749 6E64 		.string	"wIndex"
 477      6578 00
 478               	.LASF16:
 479 0248 5553 425F 		.string	"USB_Device_RemoteWakeupEnabled"
 479      4465 7669 
 479      6365 5F52 
 479      656D 6F74 
 479      6557 616B 
 480               	.LASF22:
 481 0267 5553 425F 		.string	"USB_CLK_Unfreeze"
 481      434C 4B5F 
 481      556E 6672 
 481      6565 7A65 
 481      00
 482               	.LASF3:
 483 0278 7569 6E74 		.string	"uint16_t"
 483      3136 5F74 
 483      00
 484               	.LASF11:
 485 0281 7756 616C 		.string	"wValue"
 485      7565 00
 486               	.LASF9:
 487 0288 626D 5265 		.string	"bmRequestType"
 487      7175 6573 
 487      7454 7970 
 487      6500 
 488               	.LASF0:
 489 0296 7369 676E 		.string	"signed char"
 489      6564 2063 
 489      6861 7200 
 490               	.LASF20:
 491 02a2 5553 425F 		.string	"USB_ControlRequest"
 491      436F 6E74 
 491      726F 6C52 
 491      6571 7565 
 491      7374 00
 492               	.LASF26:
 493 02b5 2F55 7365 		.string	"/Users/tars/Desktop/keyboards"
 493      7273 2F74 
 493      6172 732F 
 493      4465 736B 
 493      746F 702F 
 494               		.text
 495               		.section	.gnu.lto_.profile.d60781d98c84a974,"e",@progbits
 496 0000 789C E360 		.string	"x\234\343``\004B "
 496      6004 4220 
 496      00
 497 0009 00        		.string	""
 498 000a 00        		.string	""
 499 000b 5D00      		.string	"]"
 500 000d 0B        		.ascii	"\013"
 501               		.text
 502               		.section	.gnu.lto_.icf.d60781d98c84a974,"e",@progbits
 503 0000 789C E360 		.string	"x\234\343``d\340`@"
 503      6064 E060 
 503      4000 
 504 000a 4686 19CF 		.string	"F\206\031\317\016\254\343e"
 504      0EAC E365 
 504      00
 505 0013 00        		.string	""
 506 0014 0EC8 030C 		.ascii	"\016\310\003\f"
 507               		.text
 508               		.section	.gnu.lto_.jmpfuncs.d60781d98c84a974,"e",@progbits
 509 0000 789C E360 		.string	"x\234\343``d`e@"
 509      6064 6065 
 509      4000 
 510 000a 4610 0100 		.string	"F\020\001"
 511 000e 012A 00   		.string	"\001*"
 512 0011 10        		.ascii	"\020"
 513               		.text
 514               		.section	.gnu.lto_.inline.d60781d98c84a974,"e",@progbits
 515 0000 789C E360 		.string	"x\234\343``dPe@"
 515      6064 5065 
 515      4000 
 516 000a 4606 06A1 		.string	"F\006\006\241\007/\216.c\312dd`\222\003\262\3461e20\260\2656440\245010\201\025\001"
 516      072F 8E2E 
 516      63CA 6464 
 516      6092 03B2 
 516      E631 6532 
 517 002d E91D 0A0C 		.ascii	"\351\035\n\f"
 518               		.text
 519               		.section	.gnu.lto_.pureconst.d60781d98c84a974,"e",@progbits
 520 0000 789C E360 		.string	"x\234\343``d`a`"
 520      6064 6061 
 520      6000 
 521 000a 92B3 5800 		.string	"\222\263X"
 522 000e 01D2 00   		.string	"\001\322"
 523 0011 AD        		.ascii	"\255"
 524               		.text
 525               		.section	.gnu.lto_USB_Device_SendRemoteWakeup.d60781d98c84a974,"e",@progbits
 526 0000 789C 8D54 		.string	"x\234\215T_HSQ\030?\337=w\273w\323a\030Be\017\276\372\342\240'\037[J\020\364T\330k\244L\0
 526      5F48 5351 
 526      183F DF3D 
 526      77BB 77D3 
 526      6118 4265 
 527 0091 59CD 0294 		.ascii	"Y\315\002\224\252\3505\207\031\200'\232\n\244R\242\252lR\314"
 527      AAE8 3587 
 527      1980 279A 
 527      0AA4 52A2 
 527      AA6C 52CC 
 528 00a5 5049 2931 		.ascii	"PI)1>\246xZO\003\024\306\275\253CRv\017\236\322B\201\376\223"
 528      3EA6 785A 
 528      4F03 14C6 
 528      BDAB 4352 
 528      760F 9ED2 
 529 00bd 5A6F 08DA 		.ascii	"Zo\b\332\021\336b\034\201a\310&\004\221+\217\367\232lfY/\301"
 529      11DE 621C 
 529      8161 C826 
 529      0491 2B8F 
 529      F79A 6C66 
 530 00d4 0898 D112 		.ascii	"\b\230\321\022!\217\346L!mo\337\253\205\2262\036d\246\001i\247"
 530      218F E64C 
 530      216D 6FDF 
 530      AB85 9632 
 530      1E64 A601 
 531 00ea 20B1 4059 		.ascii	" \261@YPXP1H\026\226YY\260\261@\210\217\222\255\235\336\\\320"
 531      5058 5031 
 531      4816 9659 
 531      59B0 B140 
 531      888F 92AD 
 532 0102 4284 F8A9 		.ascii	"B\204\370\251\304s7\346\253\240un\246s~\226\376>\025K?\017\272"
 532      C473 37E6 
 532      ABA0 756E 
 532      A673 7E96 
 532      FE3E 154B 
 533 0119 8363 6028 		.ascii	"\203c`(\3610\315\313\276\217f\256\245\205Q\302\250@\256\fv\005"
 533      F130 CDCB 
 533      BE8F 66AE 
 533      A585 51C2 
 533      A840 AE0C 
 534 012f 3312 2403 		.ascii	"3\022$\003\214a\351\240\r\206\025\233\360\024\343:\214\377\234"
 534      8C61 E9A0 
 534      0D86 159B 
 534      F014 E33A 
 534      8CFF 9C
 535 0142 3ECD 52C4 		.ascii	">\315R\304\324\2717\243j\035m\247H\212\313\216\225\306~E,#l\035"
 535      D4B9 37A3 
 535      6A1D 6DA7 
 535      488A CB8E 
 535      95C6 7E45 
 536 015a 6E6D DD4D 		.ascii	"nm\335M\353\206\256*\017\366J\206\020d\3023\310D\242\347\320"
 536      EB86 AE2A 
 536      0FF6 4A86 
 536      1064 C233 
 536      C844 A2E7 
 537 016f CDF4 2D76 		.ascii	"\315\364-v|i\342x\031\216\3018V\270\245>\323\321\213\376\311"
 537      7C69 E278 
 537      198E C138 
 537      56B8 A53E 
 537      D3D1 8BFE 
 538 0184 1416 4CEB 		.ascii	"\024\026L\353\375\0336A\224\016\023\254\200\235\242\177\366\367"
 538      FD1B 3641 
 538      940E 13AC 
 538      809D A27F 
 538      F6F7 
 539 0196 F729 6B15 		.ascii	"\367)k\0250\253\276h\205\321\253\342x\253\346\007\216\266*z\002"
 539      30AB BE68 
 539      85D1 ABE2 
 539      78AB E607 
 539      8EB6 2A7A 
 540 01ab F45E 4978 		.ascii	"\364^Ix\305d\254W\277\006\022{%\301\213\303\275B\254\330\204"
 540      C564 AC57 
 540      BF06 127B 
 540      25C1 8BC3 
 540      BD42 ACD8 
 541 01c0 2961 A1D9 		.ascii	")a\241\331\267FY\336F\225d6\246\321\006\302\253w\275\221\024"
 541      B746 59DE 
 541      4695 6436 
 541      A6D1 06C2 
 541      AB77 BD91 
 542 01d5 0157 F104 		.ascii	"\001W\361\004\371\n\236o\341\300\250\223\211\301\255\203\035"
 542      F90A 9E6F 
 542      E1C0 A893 
 542      89C1 AD83 
 542      1D
 543 01e6 9750 6284 		.ascii	"\227Pb\204;e\023\242\372k\336O\341\343\241m9a@z\216\307\255\006"
 543      3B65 13A2 
 543      FA6B DE4F 
 543      E1E3 A16D 
 543      3961 407A 
 544 01fe 678F 5A5D 		.ascii	"g\217Z]\223u\2478\254\3602\346t~6\321)\205W\207\235\"Vl\302\353"
 544      9375 A738 
 544      ACF0 32E6 
 544      747E 36D1 
 544      2985 5787 
 545 0218 98D3 0865 		.ascii	"\230\323\bey\033\265 \356\211\177`\030\304(|`\227\326\326y\002"
 545      791B B520 
 545      EE89 7F60 
 545      18C4 287C 
 545      6097 D6D6 
 546 022e 1077 3E63 		.ascii	"\020w>c8\177#\234\273\233\275 N[\005A_m\365\220E<\351'\200\267"
 546      387F 239C 
 546      BB9B BD20 
 546      4E5B 0541 
 546      5F6D F590 
 547 0248 88C5 3BA2 		.ascii	"\210\305;\242\3678(\031\337;\334E\022\356\303\367]\346\356\271"
 547      F738 2819 
 547      DF3B DC45 
 547      12EE C3F7 
 547      5DE6 EEB9 
 548 025c BABB 5474 		.ascii	"\272\273Tt\221\251\t/l\317\244\bu\313l\275\023\275\357\247\234"
 548      91A9 092F 
 548      6CCF A408 
 548      75CB 6CBD 
 548      13BD EFA7 
 549 0271 AD4A CB62 		.ascii	"\255J\313b|\263\006\337\234\256\257\021\365\361\363\222\240\270"
 549      7CB3 06DF 
 549      9CAE AF11 
 549      F5F1 F392 
 549      A0B8 
 550 0283 33D9 30C2 		.ascii	"3\3310\302G\016@\202\371\270\274\021./\t\341\002\027(\361\327"
 550      470E 4082 
 550      F9B8 BC11 
 550      2E2F 09E1 
 550      0217 28F1 
 551 0298 098A D761 		.ascii	"\t\212\327a\323\312\376\230496\255\235{`\fka\334C\213\356\201"
 551      D3CA FE98 
 551      3439 36AD 
 551      9D7B 600C 
 551      6B61 DC43 
 552 02af 26BF 6231 		.ascii	"&\277b1\326S\205\264Q\033\302\271@>L\023\272\013\0332Lmn,\200"
 552      D653 85B4 
 552      511B C2B9 
 552      403E 4C13 
 552      BA0B 1B32 
 553 02c8 B040 60C9 		.ascii	"\260@`\311\230%\245\301\230%\363vl\226~@u\307`\212\256\226\241"
 553      9825 A5C1 
 553      9825 F376 
 553      6C96 7E40 
 553      75C7 608A 
 554 02df 8097 AA43 		.ascii	"\200\227\252Clu\246\264\244\320^z\273\370\232\375b\301y\207="
 554      6C75 A6B4 
 554      A4D0 5E7A 
 554      BBF8 9AFD 
 554      62C1 7987 
 555 02f4 DF55 52EE 		.ascii	"\337UR\356t\335\264\027\\>g\317+s9\355\216+\227r\355\371\316"
 555      74DD B417 
 555      5C3E 67CF 
 555      2B73 39ED 
 555      8E2B 9772 
 556 030b F292 22E7 		.ascii	"\362\222\"\347U\226\347\024\221\013\377s$''\361\027\253ye7n\271"
 556      5596 E714 
 556      910B FF73 
 556      2427 27F1 
 556      17AB 7965 
 557 0322 CA4A 4B9D 		.ascii	"\312JK\235.\301t\235\374\005\212\231\341\225"
 557      2EC1 749D 
 557      FC05 8A99 
 557      E195 
 558               		.text
 559               		.section	.gnu.lto_.symbol_nodes.d60781d98c84a974,"e",@progbits
 560 0000 789C E360 		.string	"x\234\343``d\220a"
 560      6064 9061 
 560      00
 561 0009 02A6 AB0C 		.string	"\002\246\253\f\365\f\037~\255\260`\234p\216\001\310d\330\325\340\b\224\003\001"
 561      F50C 1F7E 
 561      ADB0 609C 
 561      708E 01C8 
 561      64D8 D5E0 
 562 0022 8BD7 07A0 		.ascii	"\213\327\007\240"
 563               		.text
 564               		.section	.gnu.lto_.refs.d60781d98c84a974,"e",@progbits
 565 0000 789C E360 		.string	"x\234\343``\004B "
 565      6004 4220 
 565      00
 566 0009 00        		.string	""
 567 000a 00        		.string	""
 568 000b 5D00      		.string	"]"
 569 000d 0B        		.ascii	"\013"
 570               		.text
 571               		.section	.gnu.lto_.decls.d60781d98c84a974,"e",@progbits
 572 0000 789C 9552 		.string	"x\234\225R]H\024Q\024\276g\356j\333\232&\021YlDH\2579Y\020\372\230F%I\205bQ/\303\246#.M\2
 572      5D48 1451 
 572      14BE 67EE 
 572      6ADB 9A26 
 572      1159 6C44 
 573 0062 596B 2364 		.string	"Yk#d\033\020\242\021Bf\360H\350\373I\354 D\232\311\237\347\030\002q\350K\320V\242\265\240
 573      1B10 A211 
 573      4266 F048 
 573      E8FB 49EC 
 573      2044 9AC9 
 574 00a3 1826 6230 		.string	"\030&b0B\364\222p\346\025\230i\304z\217\346\tD\262XE\r\230\364h3\326\021\364VJ\214\224G\3
 574      42F4 9270 
 574      E615 9869 
 574      C47A 8FE6 
 574      0944 B258 
 575 0111 25CB 6083 		.string	"%\313`\203\023\3269\221\375\031\244\020\b\330D\207\352\317\327\312\343R\033\330\304\004\0
 575      13D6 3991 
 575      FD19 A410 
 575      08D8 4487 
 575      EACF D7CA 
 576 015f FC9D 64EC 		.string	"\374\235d\3548\266\256M\306\371Dc\b#[\013,$\320\212\tm\340$u\314n\\\324\261*\256\321\300\
 576      38B6 AE4D 
 576      C6F9 4463 
 576      0823 5B0B 
 576      2C24 D08A 
 577 01c8 A300      		.string	"\243"
 578 01ca C783 4ED4 		.ascii	"\307\203N\324\363\034\365`\372\364\227\361\307\t\213\252\271"
 578      F31C F560 
 578      FAF4 97F1 
 578      C709 8BAA 
 578      B9
 579 01db F83E C6E2 		.ascii	"\370>\306\342\226C\0278\240\003\361v\340\253\353\206ED8\314\035"
 579      9643 1738 
 579      A003 F176 
 579      E0AB EB86 
 579      4544 38CC 
 580 01f0 EBEF FE66 		.ascii	"\353\357\376f\247\017E\237;w\353\357'\321\220\bN\267\266]\212"
 580      A70F 459F 
 580      3B77 EBEF 
 580      27D1 9008 
 580      4EB7 B65D 
 581 0205 B7E1 965E 		.ascii	"\267\341\226^\031\177\n\037h\360S\023_s\030\327<\376d\365\333"
 581      197F 0A1F 
 581      68F0 5313 
 581      5F73 18D7 
 581      3CFE 64F5 
 582 021a F7E7 18AB 		.ascii	"\367\347\030\253d\254\002\226\032\213~i-\032\"`\203\036H\345"
 582      64AC 0296 
 582      1A8B 7E69 
 582      2D1A 2260 
 582      831E 48E5 
 583 022e 37D6 BA87 		.ascii	"7\326\272\207\221\250\307X\367\243\236\301.J\317K\3635yWv\215"
 583      91A8 C758 
 583      F7A3 9EC1 
 583      2E4A CF4B 
 583      F335 7957 
 584 0244 D21B 027E 		.ascii	"\322\033\002~|j\240\321\200\373-x*x\262>~\3667\201\273\026\333"
 584      7C6A A0D1 
 584      80FB 2D78 
 584      2A78 B23E 
 584      7EF6 3781 
 585 025b 8001 B011 		.ascii	"\200\001\260\021\030\234\375]\274\232.[a\352\375\262\357\004"
 585      189C FD5D 
 585      BC9A 2E5B 
 585      61EA FDB2 
 585      EF04 
 586 026d 0B97 3176 		.ascii	"\013\2271v\325\301S\2407\252\265\017\265\016\241\326\336\230"
 586      D5C1 53A0 
 586      37AA B50F 
 586      B50E A1D6 
 586      DE98 
 587 027f D64E 6C38 		.ascii	"\326Nl8dh\275\027~\020L\242\215\363i\215\204~\371L\376\321\222"
 587      6468 BD17 
 587      7E10 4CA2 
 587      8DF3 698D 
 587      847E F94C 
 588 0296 283F DFC5 		.ascii	"(?\337\305p\224\3775\362\217 \377p\214?\204\034xE\234\005\371"
 588      7094 FF35 
 588      F28F 20FF 
 588      708C 3F84 
 588      1C78 459C 
 589 02ac 59CA 66F5 		.ascii	"Y\312f\365\260\273PU\362U\275(O=\350\361\253{\\\007\324\300\241"
 589      B0BB 5055 
 589      F255 BD28 
 589      4F3D E8F1 
 589      AB7B 5C07 
 590 02c3 74CD BD5F 		.ascii	"t\315\275_\326\002\305.9\267`\313&y\263\327}X\365\372d\254\220"
 590      D602 C52E 
 590      39B7 60CB 
 590      2679 B3D7 
 590      7D58 F5FA 
 591 02da B33D 5E55 		.ascii	"\263=^U\336\264;/C6k\371{Z\241}\353\216\202\325\331\231\231$"
 591      DEB4 3B2F 
 591      4336 6BF9 
 591      7B5A A17D 
 591      EB8E 82D5 
 592 02f2 65CE 755A 		.ascii	"e\316uZf\372\306\342\214\r\031\205d\375\177S\2228%\313\343\321"
 592      66FA C6E2 
 592      8C0D 1985 
 592      64FD 7F53 
 592      9238 25CB 
 593 0308 1604 DCBA 		.ascii	"\026\004\334\272?C\361;\270\336]\271\271\312N=\321\245\225\272"
 593      3F43 F13B 
 593      B8DE 5DB9 
 593      B9CA 4E3D 
 593      D1A5 95BA 
 594 031c 8EF8 14B7 		.ascii	"\216\370\024\267\256\271u5\347_\230\323\322\346zD\263=\272\337"
 594      AEB9 7535 
 594      E75F 98D3 
 594      D2E6 7A44 
 594      B33D BADF 
 595 0330 EBD1 34D5 		.ascii	"\353\3214\325+\032\226\220\305V\213\034_\236\352*:\262\244\324"
 595      2B1A 9690 
 595      C556 8B1C 
 595      5F9E EA2A 
 595      3AB2 A4D4 
 596 0344 E5D5 9580 		.ascii	"\345\325\225\200\036\360\251E\212W\365\0054\1772O\311\316\335"
 596      1EF0 A945 
 596      8A57 F505 
 596      347F 324F 
 596      C9CE DD
 597 0357 AE14 E8C5 		.ascii	"\256\024\350\305^U=\252\376\006\316\204\203\231"
 597      5E55 3DAA 
 597      FE06 CE84 
 597      8399 
 598               		.text
 599               		.section	.gnu.lto_.symtab.d60781d98c84a974,"e",@progbits
 600 0000 5553 425F 		.string	"USB_Device_SendRemoteWakeup"
 600      4465 7669 
 600      6365 5F53 
 600      656E 6452 
 600      656D 6F74 
 601 001c 00        		.string	""
 602 001d 00        		.string	""
 603 001e 00        		.string	""
 604 001f 00        		.string	""
 605 0020 00        		.string	""
 606 0021 00        		.string	""
 607 0022 00        		.string	""
 608 0023 00        		.string	""
 609 0024 00        		.string	""
 610 0025 00        		.string	""
 611 0026 00        		.string	""
 612 0027 BF00      		.string	"\277"
 613 0029 00        		.string	""
 614 002a 00        		.string	""
 615               		.text
 616               		.section	.gnu.lto_.opts,"e",@progbits
 617 0000 272D 666E 		.string	"'-fno-openmp' '-fno-openacc' '-fno-pie' '-mn-flash=1' '-mno-skip-bug' '-mmcu=avr5' '-Os' 
 617      6F2D 6F70 
 617      656E 6D70 
 617      2720 272D 
 617      666E 6F2D 
 618               		.text
 619               		.comm	__gnu_lto_v1,1,1
 620               		.comm	__gnu_lto_slim,1,1
 621               		.ident	"GCC: (GNU) 9.2.0"
DEFINED SYMBOLS
                            *ABS*:0000000000000000 Device_AVR8.c
/var/folders/xx/3qcqnrxj7md526g3lvyld9680000gn/T//ccAMJ5O2.s:2      *ABS*:000000000000003e __SP_H__
/var/folders/xx/3qcqnrxj7md526g3lvyld9680000gn/T//ccAMJ5O2.s:3      *ABS*:000000000000003d __SP_L__
/var/folders/xx/3qcqnrxj7md526g3lvyld9680000gn/T//ccAMJ5O2.s:4      *ABS*:000000000000003f __SREG__
/var/folders/xx/3qcqnrxj7md526g3lvyld9680000gn/T//ccAMJ5O2.s:5      *ABS*:0000000000000000 __tmp_reg__
/var/folders/xx/3qcqnrxj7md526g3lvyld9680000gn/T//ccAMJ5O2.s:6      *ABS*:0000000000000001 __zero_reg__
/var/folders/xx/3qcqnrxj7md526g3lvyld9680000gn/T//ccAMJ5O2.s:17     .gnu.debuglto_.debug_info:0000000000000000 Device_AVR8.c.916f838c
                            *COM*:0000000000000001 __gnu_lto_v1
                            *COM*:0000000000000001 __gnu_lto_slim

NO UNDEFINED SYMBOLS
