   1               		.file	"Endpoint_AVR8.c"
   2               	__SP_H__ = 0x3e
   3               	__SP_L__ = 0x3d
   4               	__SREG__ = 0x3f
   5               	__tmp_reg__ = 0
   6               	__zero_reg__ = 1
   7               		.file 1 "/usr/local/Cellar/avr-gcc/9.2.0/avr/include/stdint.h"
   8               		.file 2 "lib/lufa/LUFA/Drivers/USB/Core/AVR8/../Endpoint.h"
   9               		.file 3 "lib/lufa/LUFA/Drivers/USB/Core/AVR8/../AVR8/../AVR8/../StdRequestType.h"
  10               		.file 4 "lib/lufa/LUFA/Drivers/USB/Core/AVR8/../AVR8/../AVR8/../DeviceStandardReq.h"
  11               		.file 5 "lib/lufa/LUFA/Drivers/USB/Core/AVR8/../AVR8/../USBTask.h"
  12               		.file 6 "lib/lufa/LUFA/Drivers/USB/Core/AVR8/../AVR8/../AVR8/../Device.h"
  13               		.file 7 "lib/lufa/LUFA/Drivers/USB/Core/AVR8/../AVR8/Endpoint_AVR8.h"
  14               		.file 8 "lib/lufa/LUFA/Drivers/USB/Core/AVR8/Endpoint_AVR8.c"
  15               		.file 9 "lib/lufa/LUFA/Drivers/USB/Core/AVR8/../AVR8/../AVR8/../AVR8/Device_AVR8.h"
  16               		.section	.gnu.debuglto_.debug_info,"e",@progbits
  17               	.Ldebug_info0:
  18               		.hidden	Endpoint_AVR8.c.0c7b739e
  19               		.weak	Endpoint_AVR8.c.0c7b739e
  20               	Endpoint_AVR8.c.0c7b739e:
  21 0000 2C04 0000 		.long	0x42c
  22 0004 0200      		.word	0x2
  23 0006 0000 0000 		.long	.Ldebug_abbrev0
  24 000a 04        		.byte	0x4
  25 000b 01        		.uleb128 0x1
  26 000c 0000 0000 		.long	.LASF71
  27 0010 0C        		.byte	0xc
  28 0011 0000 0000 		.long	.LASF72
  29 0015 0000 0000 		.long	.LASF73
  30 0019 0000 0000 		.long	.Ldebug_line0
  31 001d 02        		.uleb128 0x2
  32 001e 01        		.byte	0x1
  33 001f 06        		.byte	0x6
  34 0020 0000 0000 		.long	.LASF0
  35 0024 03        		.uleb128 0x3
  36 0025 0000 0000 		.long	.LASF2
  37 0029 01        		.byte	0x1
  38 002a 7E        		.byte	0x7e
  39 002b 16        		.byte	0x16
  40 002c 3A00 0000 		.long	0x3a
  41 0030 04        		.uleb128 0x4
  42 0031 2400 0000 		.long	0x24
  43 0035 05        		.uleb128 0x5
  44 0036 2400 0000 		.long	0x24
  45 003a 02        		.uleb128 0x2
  46 003b 01        		.byte	0x1
  47 003c 08        		.byte	0x8
  48 003d 0000 0000 		.long	.LASF1
  49 0041 06        		.uleb128 0x6
  50 0042 02        		.byte	0x2
  51 0043 05        		.byte	0x5
  52 0044 696E 7400 		.string	"int"
  53 0048 03        		.uleb128 0x3
  54 0049 0000 0000 		.long	.LASF3
  55 004d 01        		.byte	0x1
  56 004e 80        		.byte	0x80
  57 004f 16        		.byte	0x16
  58 0050 5900 0000 		.long	0x59
  59 0054 05        		.uleb128 0x5
  60 0055 4800 0000 		.long	0x48
  61 0059 02        		.uleb128 0x2
  62 005a 02        		.byte	0x2
  63 005b 07        		.byte	0x7
  64 005c 0000 0000 		.long	.LASF4
  65 0060 02        		.uleb128 0x2
  66 0061 04        		.byte	0x4
  67 0062 05        		.byte	0x5
  68 0063 0000 0000 		.long	.LASF5
  69 0067 02        		.uleb128 0x2
  70 0068 04        		.byte	0x4
  71 0069 07        		.byte	0x7
  72 006a 0000 0000 		.long	.LASF6
  73 006e 02        		.uleb128 0x2
  74 006f 08        		.byte	0x8
  75 0070 05        		.byte	0x5
  76 0071 0000 0000 		.long	.LASF7
  77 0075 02        		.uleb128 0x2
  78 0076 08        		.byte	0x8
  79 0077 07        		.byte	0x7
  80 0078 0000 0000 		.long	.LASF8
  81 007c 07        		.uleb128 0x7
  82 007d 05        		.byte	0x5
  83 007e 02        		.byte	0x2
  84 007f 5E        		.byte	0x5e
  85 0080 0C        		.byte	0xc
  86 0081 C200 0000 		.long	0xc2
  87 0085 08        		.uleb128 0x8
  88 0086 0000 0000 		.long	.LASF9
  89 008a 02        		.byte	0x2
  90 008b 60        		.byte	0x60
  91 008c 0E        		.byte	0xe
  92 008d 2400 0000 		.long	0x24
  93 0091 02        		.byte	0x2
  94 0092 23        		.byte	0x23
  95 0093 00        		.uleb128 0
  96 0094 08        		.uleb128 0x8
  97 0095 0000 0000 		.long	.LASF10
  98 0099 02        		.byte	0x2
  99 009a 61        		.byte	0x61
 100 009b 0E        		.byte	0xe
 101 009c 4800 0000 		.long	0x48
 102 00a0 02        		.byte	0x2
 103 00a1 23        		.byte	0x23
 104 00a2 01        		.uleb128 0x1
 105 00a3 08        		.uleb128 0x8
 106 00a4 0000 0000 		.long	.LASF11
 107 00a8 02        		.byte	0x2
 108 00a9 62        		.byte	0x62
 109 00aa 0E        		.byte	0xe
 110 00ab 2400 0000 		.long	0x24
 111 00af 02        		.byte	0x2
 112 00b0 23        		.byte	0x23
 113 00b1 03        		.uleb128 0x3
 114 00b2 08        		.uleb128 0x8
 115 00b3 0000 0000 		.long	.LASF12
 116 00b7 02        		.byte	0x2
 117 00b8 63        		.byte	0x63
 118 00b9 0E        		.byte	0xe
 119 00ba 2400 0000 		.long	0x24
 120 00be 02        		.byte	0x2
 121 00bf 23        		.byte	0x23
 122 00c0 04        		.uleb128 0x4
 123 00c1 00        		.byte	0
 124 00c2 03        		.uleb128 0x3
 125 00c3 0000 0000 		.long	.LASF13
 126 00c7 02        		.byte	0x2
 127 00c8 64        		.byte	0x64
 128 00c9 06        		.byte	0x6
 129 00ca 7C00 0000 		.long	0x7c
 130 00ce 05        		.uleb128 0x5
 131 00cf C200 0000 		.long	0xc2
 132 00d3 09        		.uleb128 0x9
 133 00d4 0000 0000 		.long	.LASF33
 134 00d8 07        		.byte	0x7
 135 00d9 01        		.byte	0x1
 136 00da 3A00 0000 		.long	0x3a
 137 00de 06        		.byte	0x6
 138 00df 4E        		.byte	0x4e
 139 00e0 09        		.byte	0x9
 140 00e1 0A01 0000 		.long	0x10a
 141 00e5 0A        		.uleb128 0xa
 142 00e6 0000 0000 		.long	.LASF14
 143 00ea 00        		.byte	0
 144 00eb 0A        		.uleb128 0xa
 145 00ec 0000 0000 		.long	.LASF15
 146 00f0 01        		.byte	0x1
 147 00f1 0A        		.uleb128 0xa
 148 00f2 0000 0000 		.long	.LASF16
 149 00f6 02        		.byte	0x2
 150 00f7 0A        		.uleb128 0xa
 151 00f8 0000 0000 		.long	.LASF17
 152 00fc 03        		.byte	0x3
 153 00fd 0A        		.uleb128 0xa
 154 00fe 0000 0000 		.long	.LASF18
 155 0102 04        		.byte	0x4
 156 0103 0A        		.uleb128 0xa
 157 0104 0000 0000 		.long	.LASF19
 158 0108 05        		.byte	0x5
 159 0109 00        		.byte	0
 160 010a 07        		.uleb128 0x7
 161 010b 08        		.byte	0x8
 162 010c 03        		.byte	0x3
 163 010d A3        		.byte	0xa3
 164 010e 0C        		.byte	0xc
 165 010f 5F01 0000 		.long	0x15f
 166 0113 08        		.uleb128 0x8
 167 0114 0000 0000 		.long	.LASF20
 168 0118 03        		.byte	0x3
 169 0119 A5        		.byte	0xa5
 170 011a 0E        		.byte	0xe
 171 011b 2400 0000 		.long	0x24
 172 011f 02        		.byte	0x2
 173 0120 23        		.byte	0x23
 174 0121 00        		.uleb128 0
 175 0122 08        		.uleb128 0x8
 176 0123 0000 0000 		.long	.LASF21
 177 0127 03        		.byte	0x3
 178 0128 A6        		.byte	0xa6
 179 0129 0E        		.byte	0xe
 180 012a 2400 0000 		.long	0x24
 181 012e 02        		.byte	0x2
 182 012f 23        		.byte	0x23
 183 0130 01        		.uleb128 0x1
 184 0131 08        		.uleb128 0x8
 185 0132 0000 0000 		.long	.LASF22
 186 0136 03        		.byte	0x3
 187 0137 A7        		.byte	0xa7
 188 0138 0E        		.byte	0xe
 189 0139 4800 0000 		.long	0x48
 190 013d 02        		.byte	0x2
 191 013e 23        		.byte	0x23
 192 013f 02        		.uleb128 0x2
 193 0140 08        		.uleb128 0x8
 194 0141 0000 0000 		.long	.LASF23
 195 0145 03        		.byte	0x3
 196 0146 A8        		.byte	0xa8
 197 0147 0E        		.byte	0xe
 198 0148 4800 0000 		.long	0x48
 199 014c 02        		.byte	0x2
 200 014d 23        		.byte	0x23
 201 014e 04        		.uleb128 0x4
 202 014f 08        		.uleb128 0x8
 203 0150 0000 0000 		.long	.LASF24
 204 0154 03        		.byte	0x3
 205 0155 A9        		.byte	0xa9
 206 0156 0E        		.byte	0xe
 207 0157 4800 0000 		.long	0x48
 208 015b 02        		.byte	0x2
 209 015c 23        		.byte	0x23
 210 015d 06        		.uleb128 0x6
 211 015e 00        		.byte	0
 212 015f 03        		.uleb128 0x3
 213 0160 0000 0000 		.long	.LASF25
 214 0164 03        		.byte	0x3
 215 0165 AA        		.byte	0xaa
 216 0166 12        		.byte	0x12
 217 0167 0A01 0000 		.long	0x10a
 218 016b 0B        		.uleb128 0xb
 219 016c 0000 0000 		.long	.LASF26
 220 0170 04        		.byte	0x4
 221 0171 5E        		.byte	0x5e
 222 0172 13        		.byte	0x13
 223 0173 2400 0000 		.long	0x24
 224 0177 01        		.byte	0x1
 225 0178 01        		.byte	0x1
 226 0179 0B        		.uleb128 0xb
 227 017a 0000 0000 		.long	.LASF27
 228 017e 04        		.byte	0x4
 229 017f 6E        		.byte	0x6e
 230 0180 11        		.byte	0x11
 231 0181 8701 0000 		.long	0x187
 232 0185 01        		.byte	0x1
 233 0186 01        		.byte	0x1
 234 0187 02        		.uleb128 0x2
 235 0188 01        		.byte	0x1
 236 0189 02        		.byte	0x2
 237 018a 0000 0000 		.long	.LASF28
 238 018e 04        		.uleb128 0x4
 239 018f 8701 0000 		.long	0x187
 240 0193 0B        		.uleb128 0xb
 241 0194 0000 0000 		.long	.LASF29
 242 0198 04        		.byte	0x4
 243 0199 78        		.byte	0x78
 244 019a 11        		.byte	0x11
 245 019b 8701 0000 		.long	0x187
 246 019f 01        		.byte	0x1
 247 01a0 01        		.byte	0x1
 248 01a1 0B        		.uleb128 0xb
 249 01a2 0000 0000 		.long	.LASF30
 250 01a6 05        		.byte	0x5
 251 01a7 51        		.byte	0x51
 252 01a8 19        		.byte	0x19
 253 01a9 8E01 0000 		.long	0x18e
 254 01ad 01        		.byte	0x1
 255 01ae 01        		.byte	0x1
 256 01af 0B        		.uleb128 0xb
 257 01b0 0000 0000 		.long	.LASF31
 258 01b4 05        		.byte	0x5
 259 01b5 5B        		.byte	0x5b
 260 01b6 21        		.byte	0x21
 261 01b7 5F01 0000 		.long	0x15f
 262 01bb 01        		.byte	0x1
 263 01bc 01        		.byte	0x1
 264 01bd 0B        		.uleb128 0xb
 265 01be 0000 0000 		.long	.LASF32
 266 01c2 05        		.byte	0x5
 267 01c3 90        		.byte	0x90
 268 01c4 1E        		.byte	0x1e
 269 01c5 3000 0000 		.long	0x30
 270 01c9 01        		.byte	0x1
 271 01ca 01        		.byte	0x1
 272 01cb 09        		.uleb128 0x9
 273 01cc 0000 0000 		.long	.LASF34
 274 01d0 07        		.byte	0x7
 275 01d1 01        		.byte	0x1
 276 01d2 3A00 0000 		.long	0x3a
 277 01d6 07        		.byte	0x7
 278 01d7 91        		.byte	0x91
 279 01d8 09        		.byte	0x9
 280 01d9 FC01 0000 		.long	0x1fc
 281 01dd 0A        		.uleb128 0xa
 282 01de 0000 0000 		.long	.LASF35
 283 01e2 00        		.byte	0
 284 01e3 0A        		.uleb128 0xa
 285 01e4 0000 0000 		.long	.LASF36
 286 01e8 01        		.byte	0x1
 287 01e9 0A        		.uleb128 0xa
 288 01ea 0000 0000 		.long	.LASF37
 289 01ee 02        		.byte	0x2
 290 01ef 0A        		.uleb128 0xa
 291 01f0 0000 0000 		.long	.LASF38
 292 01f4 03        		.byte	0x3
 293 01f5 0A        		.uleb128 0xa
 294 01f6 0000 0000 		.long	.LASF39
 295 01fa 04        		.byte	0x4
 296 01fb 00        		.byte	0
 297 01fc 0C        		.uleb128 0xc
 298 01fd 01        		.byte	0x1
 299 01fe 0000 0000 		.long	.LASF45
 300 0202 08        		.byte	0x8
 301 0203 9A        		.byte	0x9a
 302 0204 09        		.byte	0x9
 303 0205 01        		.byte	0x1
 304 0206 2400 0000 		.long	0x24
 305 020a 4102 0000 		.long	0x241
 306 020e 0D        		.uleb128 0xd
 307 020f 0000 0000 		.long	.LASF40
 308 0213 08        		.byte	0x8
 309 0214 9D        		.byte	0x9d
 310 0215 0B        		.byte	0xb
 311 0216 2400 0000 		.long	0x24
 312 021a 0D        		.uleb128 0xd
 313 021b 0000 0000 		.long	.LASF41
 314 021f 08        		.byte	0x8
 315 0220 A2        		.byte	0xa2
 316 0221 0B        		.byte	0xb
 317 0222 4800 0000 		.long	0x48
 318 0226 0E        		.uleb128 0xe
 319 0227 0D        		.uleb128 0xd
 320 0228 0000 0000 		.long	.LASF42
 321 022c 08        		.byte	0x8
 322 022d B1        		.byte	0xb1
 323 022e 0B        		.byte	0xb
 324 022f 2400 0000 		.long	0x24
 325 0233 0D        		.uleb128 0xd
 326 0234 0000 0000 		.long	.LASF43
 327 0238 08        		.byte	0x8
 328 0239 BA        		.byte	0xba
 329 023a 0C        		.byte	0xc
 330 023b 4800 0000 		.long	0x48
 331 023f 00        		.byte	0
 332 0240 00        		.byte	0
 333 0241 0F        		.uleb128 0xf
 334 0242 01        		.byte	0x1
 335 0243 0000 0000 		.long	.LASF74
 336 0247 08        		.byte	0x8
 337 0248 81        		.byte	0x81
 338 0249 06        		.byte	0x6
 339 024a 01        		.byte	0x1
 340 024b 10        		.uleb128 0x10
 341 024c 01        		.byte	0x1
 342 024d 0000 0000 		.long	.LASF75
 343 0251 08        		.byte	0x8
 344 0252 73        		.byte	0x73
 345 0253 06        		.byte	0x6
 346 0254 01        		.byte	0x1
 347 0255 6802 0000 		.long	0x268
 348 0259 0E        		.uleb128 0xe
 349 025a 0D        		.uleb128 0xd
 350 025b 0000 0000 		.long	.LASF44
 351 025f 08        		.byte	0x8
 352 0260 77        		.byte	0x77
 353 0261 0F        		.byte	0xf
 354 0262 2400 0000 		.long	0x24
 355 0266 00        		.byte	0
 356 0267 00        		.byte	0
 357 0268 0C        		.uleb128 0xc
 358 0269 01        		.byte	0x1
 359 026a 0000 0000 		.long	.LASF46
 360 026e 08        		.byte	0x8
 361 026f 3C        		.byte	0x3c
 362 0270 06        		.byte	0x6
 363 0271 01        		.byte	0x1
 364 0272 8701 0000 		.long	0x187
 365 0276 D302 0000 		.long	0x2d3
 366 027a 11        		.uleb128 0x11
 367 027b 0000 0000 		.long	.LASF47
 368 027f 08        		.byte	0x8
 369 0280 3C        		.byte	0x3c
 370 0281 33        		.byte	0x33
 371 0282 3500 0000 		.long	0x35
 372 0286 11        		.uleb128 0x11
 373 0287 0000 0000 		.long	.LASF48
 374 028b 08        		.byte	0x8
 375 028c 3D        		.byte	0x3d
 376 028d 33        		.byte	0x33
 377 028e 3500 0000 		.long	0x35
 378 0292 11        		.uleb128 0x11
 379 0293 0000 0000 		.long	.LASF49
 380 0297 08        		.byte	0x8
 381 0298 3E        		.byte	0x3e
 382 0299 33        		.byte	0x33
 383 029a 3500 0000 		.long	0x35
 384 029e 0E        		.uleb128 0xe
 385 029f 0D        		.uleb128 0xd
 386 02a0 0000 0000 		.long	.LASF44
 387 02a4 08        		.byte	0x8
 388 02a5 4A        		.byte	0x4a
 389 02a6 0F        		.byte	0xf
 390 02a7 2400 0000 		.long	0x24
 391 02ab 0E        		.uleb128 0xe
 392 02ac 0D        		.uleb128 0xd
 393 02ad 0000 0000 		.long	.LASF50
 394 02b1 08        		.byte	0x8
 395 02b2 4C        		.byte	0x4c
 396 02b3 0B        		.byte	0xb
 397 02b4 2400 0000 		.long	0x24
 398 02b8 0D        		.uleb128 0xd
 399 02b9 0000 0000 		.long	.LASF51
 400 02bd 08        		.byte	0x8
 401 02be 4D        		.byte	0x4d
 402 02bf 0B        		.byte	0xb
 403 02c0 2400 0000 		.long	0x24
 404 02c4 0D        		.uleb128 0xd
 405 02c5 0000 0000 		.long	.LASF52
 406 02c9 08        		.byte	0x8
 407 02ca 4E        		.byte	0x4e
 408 02cb 0B        		.byte	0xb
 409 02cc 2400 0000 		.long	0x24
 410 02d0 00        		.byte	0
 411 02d1 00        		.byte	0
 412 02d2 00        		.byte	0
 413 02d3 0C        		.uleb128 0xc
 414 02d4 01        		.byte	0x1
 415 02d5 0000 0000 		.long	.LASF53
 416 02d9 08        		.byte	0x8
 417 02da 2D        		.byte	0x2d
 418 02db 06        		.byte	0x6
 419 02dc 01        		.byte	0x1
 420 02dd 8701 0000 		.long	0x187
 421 02e1 0A03 0000 		.long	0x30a
 422 02e5 11        		.uleb128 0x11
 423 02e6 0000 0000 		.long	.LASF54
 424 02ea 08        		.byte	0x8
 425 02eb 2D        		.byte	0x2d
 426 02ec 48        		.byte	0x48
 427 02ed 1003 0000 		.long	0x310
 428 02f1 11        		.uleb128 0x11
 429 02f2 0000 0000 		.long	.LASF55
 430 02f6 08        		.byte	0x8
 431 02f7 2E        		.byte	0x2e
 432 02f8 34        		.byte	0x34
 433 02f9 3500 0000 		.long	0x35
 434 02fd 0E        		.uleb128 0xe
 435 02fe 12        		.uleb128 0x12
 436 02ff 6900      		.string	"i"
 437 0301 08        		.byte	0x8
 438 0302 30        		.byte	0x30
 439 0303 0F        		.byte	0xf
 440 0304 2400 0000 		.long	0x24
 441 0308 00        		.byte	0
 442 0309 00        		.byte	0
 443 030a 13        		.uleb128 0x13
 444 030b 02        		.byte	0x2
 445 030c CE00 0000 		.long	0xce
 446 0310 05        		.uleb128 0x5
 447 0311 0A03 0000 		.long	0x30a
 448 0315 14        		.uleb128 0x14
 449 0316 0000 0000 		.long	.LASF58
 450 031a 07        		.byte	0x7
 451 031b FF01      		.word	0x1ff
 452 031d 17        		.byte	0x17
 453 031e 01        		.byte	0x1
 454 031f 8701 0000 		.long	0x187
 455 0323 15        		.uleb128 0x15
 456 0324 0000 0000 		.long	.LASF56
 457 0328 07        		.byte	0x7
 458 0329 D401      		.word	0x1d4
 459 032b 17        		.byte	0x17
 460 032c 01        		.byte	0x1
 461 032d 15        		.uleb128 0x15
 462 032e 0000 0000 		.long	.LASF57
 463 0332 07        		.byte	0x7
 464 0333 C501      		.word	0x1c5
 465 0335 17        		.byte	0x17
 466 0336 01        		.byte	0x1
 467 0337 14        		.uleb128 0x14
 468 0338 0000 0000 		.long	.LASF59
 469 033c 07        		.byte	0x7
 470 033d A101      		.word	0x1a1
 471 033f 17        		.byte	0x17
 472 0340 01        		.byte	0x1
 473 0341 8701 0000 		.long	0x187
 474 0345 14        		.uleb128 0x14
 475 0346 0000 0000 		.long	.LASF60
 476 034a 07        		.byte	0x7
 477 034b 9501      		.word	0x195
 478 034d 17        		.byte	0x17
 479 034e 01        		.byte	0x1
 480 034f 8701 0000 		.long	0x187
 481 0353 14        		.uleb128 0x14
 482 0354 0000 0000 		.long	.LASF61
 483 0358 07        		.byte	0x7
 484 0359 7001      		.word	0x170
 485 035b 17        		.byte	0x17
 486 035c 01        		.byte	0x1
 487 035d 8701 0000 		.long	0x187
 488 0361 15        		.uleb128 0x15
 489 0362 0000 0000 		.long	.LASF62
 490 0366 07        		.byte	0x7
 491 0367 2D01      		.word	0x12d
 492 0369 17        		.byte	0x17
 493 036a 01        		.byte	0x1
 494 036b 15        		.uleb128 0x15
 495 036c 0000 0000 		.long	.LASF63
 496 0370 07        		.byte	0x7
 497 0371 2401      		.word	0x124
 498 0373 17        		.byte	0x17
 499 0374 01        		.byte	0x1
 500 0375 16        		.uleb128 0x16
 501 0376 0000 0000 		.long	.LASF76
 502 037a 07        		.byte	0x7
 503 037b 0B01      		.word	0x10b
 504 037d 17        		.byte	0x17
 505 037e 01        		.byte	0x1
 506 037f 9103 0000 		.long	0x391
 507 0383 17        		.uleb128 0x17
 508 0384 0000 0000 		.long	.LASF9
 509 0388 07        		.byte	0x7
 510 0389 0B01      		.word	0x10b
 511 038b 3D        		.byte	0x3d
 512 038c 3500 0000 		.long	0x35
 513 0390 00        		.byte	0
 514 0391 18        		.uleb128 0x18
 515 0392 0000 0000 		.long	.LASF64
 516 0396 07        		.byte	0x7
 517 0397 EE        		.byte	0xee
 518 0398 1A        		.byte	0x1a
 519 0399 01        		.byte	0x1
 520 039a 2400 0000 		.long	0x24
 521 039e 19        		.uleb128 0x19
 522 039f 0000 0000 		.long	.LASF65
 523 03a3 07        		.byte	0x7
 524 03a4 C8        		.byte	0xc8
 525 03a5 17        		.byte	0x17
 526 03a6 01        		.byte	0x1
 527 03a7 8701 0000 		.long	0x187
 528 03ab EC03 0000 		.long	0x3ec
 529 03af 11        		.uleb128 0x11
 530 03b0 0000 0000 		.long	.LASF9
 531 03b4 07        		.byte	0x7
 532 03b5 C8        		.byte	0xc8
 533 03b6 40        		.byte	0x40
 534 03b7 3500 0000 		.long	0x35
 535 03bb 11        		.uleb128 0x11
 536 03bc 0000 0000 		.long	.LASF11
 537 03c0 07        		.byte	0x7
 538 03c1 C9        		.byte	0xc9
 539 03c2 40        		.byte	0x40
 540 03c3 3500 0000 		.long	0x35
 541 03c7 11        		.uleb128 0x11
 542 03c8 0000 0000 		.long	.LASF10
 543 03cc 07        		.byte	0x7
 544 03cd CA        		.byte	0xca
 545 03ce 41        		.byte	0x41
 546 03cf 5400 0000 		.long	0x54
 547 03d3 11        		.uleb128 0x11
 548 03d4 0000 0000 		.long	.LASF12
 549 03d8 07        		.byte	0x7
 550 03d9 CB        		.byte	0xcb
 551 03da 40        		.byte	0x40
 552 03db 3500 0000 		.long	0x35
 553 03df 0D        		.uleb128 0xd
 554 03e0 0000 0000 		.long	.LASF47
 555 03e4 07        		.byte	0x7
 556 03e5 CD        		.byte	0xcd
 557 03e6 0D        		.byte	0xd
 558 03e7 2400 0000 		.long	0x24
 559 03eb 00        		.byte	0
 560 03ec 19        		.uleb128 0x19
 561 03ed 0000 0000 		.long	.LASF66
 562 03f1 07        		.byte	0x7
 563 03f2 5F        		.byte	0x5f
 564 03f3 1A        		.byte	0x1a
 565 03f4 01        		.byte	0x1
 566 03f5 2400 0000 		.long	0x24
 567 03f9 2204 0000 		.long	0x422
 568 03fd 11        		.uleb128 0x11
 569 03fe 0000 0000 		.long	.LASF67
 570 0402 07        		.byte	0x7
 571 0403 5F        		.byte	0x5f
 572 0404 44        		.byte	0x44
 573 0405 5400 0000 		.long	0x54
 574 0409 0D        		.uleb128 0xd
 575 040a 0000 0000 		.long	.LASF68
 576 040e 07        		.byte	0x7
 577 040f 61        		.byte	0x61
 578 0410 0E        		.byte	0xe
 579 0411 2400 0000 		.long	0x24
 580 0415 0D        		.uleb128 0xd
 581 0416 0000 0000 		.long	.LASF69
 582 041a 07        		.byte	0x7
 583 041b 62        		.byte	0x62
 584 041c 0E        		.byte	0xe
 585 041d 4800 0000 		.long	0x48
 586 0421 00        		.byte	0
 587 0422 18        		.uleb128 0x18
 588 0423 0000 0000 		.long	.LASF70
 589 0427 09        		.byte	0x9
 590 0428 A3        		.byte	0xa3
 591 0429 1B        		.byte	0x1b
 592 042a 01        		.byte	0x1
 593 042b 4800 0000 		.long	0x48
 594 042f 00        		.byte	0
 595               		.section	.gnu.debuglto_.debug_abbrev,"e",@progbits
 596               	.Ldebug_abbrev0:
 597 0000 01        		.uleb128 0x1
 598 0001 11        		.uleb128 0x11
 599 0002 01        		.byte	0x1
 600 0003 25        		.uleb128 0x25
 601 0004 0E        		.uleb128 0xe
 602 0005 13        		.uleb128 0x13
 603 0006 0B        		.uleb128 0xb
 604 0007 03        		.uleb128 0x3
 605 0008 0E        		.uleb128 0xe
 606 0009 1B        		.uleb128 0x1b
 607 000a 0E        		.uleb128 0xe
 608 000b 10        		.uleb128 0x10
 609 000c 06        		.uleb128 0x6
 610 000d 00        		.byte	0
 611 000e 00        		.byte	0
 612 000f 02        		.uleb128 0x2
 613 0010 24        		.uleb128 0x24
 614 0011 00        		.byte	0
 615 0012 0B        		.uleb128 0xb
 616 0013 0B        		.uleb128 0xb
 617 0014 3E        		.uleb128 0x3e
 618 0015 0B        		.uleb128 0xb
 619 0016 03        		.uleb128 0x3
 620 0017 0E        		.uleb128 0xe
 621 0018 00        		.byte	0
 622 0019 00        		.byte	0
 623 001a 03        		.uleb128 0x3
 624 001b 16        		.uleb128 0x16
 625 001c 00        		.byte	0
 626 001d 03        		.uleb128 0x3
 627 001e 0E        		.uleb128 0xe
 628 001f 3A        		.uleb128 0x3a
 629 0020 0B        		.uleb128 0xb
 630 0021 3B        		.uleb128 0x3b
 631 0022 0B        		.uleb128 0xb
 632 0023 39        		.uleb128 0x39
 633 0024 0B        		.uleb128 0xb
 634 0025 49        		.uleb128 0x49
 635 0026 13        		.uleb128 0x13
 636 0027 00        		.byte	0
 637 0028 00        		.byte	0
 638 0029 04        		.uleb128 0x4
 639 002a 35        		.uleb128 0x35
 640 002b 00        		.byte	0
 641 002c 49        		.uleb128 0x49
 642 002d 13        		.uleb128 0x13
 643 002e 00        		.byte	0
 644 002f 00        		.byte	0
 645 0030 05        		.uleb128 0x5
 646 0031 26        		.uleb128 0x26
 647 0032 00        		.byte	0
 648 0033 49        		.uleb128 0x49
 649 0034 13        		.uleb128 0x13
 650 0035 00        		.byte	0
 651 0036 00        		.byte	0
 652 0037 06        		.uleb128 0x6
 653 0038 24        		.uleb128 0x24
 654 0039 00        		.byte	0
 655 003a 0B        		.uleb128 0xb
 656 003b 0B        		.uleb128 0xb
 657 003c 3E        		.uleb128 0x3e
 658 003d 0B        		.uleb128 0xb
 659 003e 03        		.uleb128 0x3
 660 003f 08        		.uleb128 0x8
 661 0040 00        		.byte	0
 662 0041 00        		.byte	0
 663 0042 07        		.uleb128 0x7
 664 0043 13        		.uleb128 0x13
 665 0044 01        		.byte	0x1
 666 0045 0B        		.uleb128 0xb
 667 0046 0B        		.uleb128 0xb
 668 0047 3A        		.uleb128 0x3a
 669 0048 0B        		.uleb128 0xb
 670 0049 3B        		.uleb128 0x3b
 671 004a 0B        		.uleb128 0xb
 672 004b 39        		.uleb128 0x39
 673 004c 0B        		.uleb128 0xb
 674 004d 01        		.uleb128 0x1
 675 004e 13        		.uleb128 0x13
 676 004f 00        		.byte	0
 677 0050 00        		.byte	0
 678 0051 08        		.uleb128 0x8
 679 0052 0D        		.uleb128 0xd
 680 0053 00        		.byte	0
 681 0054 03        		.uleb128 0x3
 682 0055 0E        		.uleb128 0xe
 683 0056 3A        		.uleb128 0x3a
 684 0057 0B        		.uleb128 0xb
 685 0058 3B        		.uleb128 0x3b
 686 0059 0B        		.uleb128 0xb
 687 005a 39        		.uleb128 0x39
 688 005b 0B        		.uleb128 0xb
 689 005c 49        		.uleb128 0x49
 690 005d 13        		.uleb128 0x13
 691 005e 38        		.uleb128 0x38
 692 005f 0A        		.uleb128 0xa
 693 0060 00        		.byte	0
 694 0061 00        		.byte	0
 695 0062 09        		.uleb128 0x9
 696 0063 04        		.uleb128 0x4
 697 0064 01        		.byte	0x1
 698 0065 03        		.uleb128 0x3
 699 0066 0E        		.uleb128 0xe
 700 0067 3E        		.uleb128 0x3e
 701 0068 0B        		.uleb128 0xb
 702 0069 0B        		.uleb128 0xb
 703 006a 0B        		.uleb128 0xb
 704 006b 49        		.uleb128 0x49
 705 006c 13        		.uleb128 0x13
 706 006d 3A        		.uleb128 0x3a
 707 006e 0B        		.uleb128 0xb
 708 006f 3B        		.uleb128 0x3b
 709 0070 0B        		.uleb128 0xb
 710 0071 39        		.uleb128 0x39
 711 0072 0B        		.uleb128 0xb
 712 0073 01        		.uleb128 0x1
 713 0074 13        		.uleb128 0x13
 714 0075 00        		.byte	0
 715 0076 00        		.byte	0
 716 0077 0A        		.uleb128 0xa
 717 0078 28        		.uleb128 0x28
 718 0079 00        		.byte	0
 719 007a 03        		.uleb128 0x3
 720 007b 0E        		.uleb128 0xe
 721 007c 1C        		.uleb128 0x1c
 722 007d 0B        		.uleb128 0xb
 723 007e 00        		.byte	0
 724 007f 00        		.byte	0
 725 0080 0B        		.uleb128 0xb
 726 0081 34        		.uleb128 0x34
 727 0082 00        		.byte	0
 728 0083 03        		.uleb128 0x3
 729 0084 0E        		.uleb128 0xe
 730 0085 3A        		.uleb128 0x3a
 731 0086 0B        		.uleb128 0xb
 732 0087 3B        		.uleb128 0x3b
 733 0088 0B        		.uleb128 0xb
 734 0089 39        		.uleb128 0x39
 735 008a 0B        		.uleb128 0xb
 736 008b 49        		.uleb128 0x49
 737 008c 13        		.uleb128 0x13
 738 008d 3F        		.uleb128 0x3f
 739 008e 0C        		.uleb128 0xc
 740 008f 3C        		.uleb128 0x3c
 741 0090 0C        		.uleb128 0xc
 742 0091 00        		.byte	0
 743 0092 00        		.byte	0
 744 0093 0C        		.uleb128 0xc
 745 0094 2E        		.uleb128 0x2e
 746 0095 01        		.byte	0x1
 747 0096 3F        		.uleb128 0x3f
 748 0097 0C        		.uleb128 0xc
 749 0098 03        		.uleb128 0x3
 750 0099 0E        		.uleb128 0xe
 751 009a 3A        		.uleb128 0x3a
 752 009b 0B        		.uleb128 0xb
 753 009c 3B        		.uleb128 0x3b
 754 009d 0B        		.uleb128 0xb
 755 009e 39        		.uleb128 0x39
 756 009f 0B        		.uleb128 0xb
 757 00a0 27        		.uleb128 0x27
 758 00a1 0C        		.uleb128 0xc
 759 00a2 49        		.uleb128 0x49
 760 00a3 13        		.uleb128 0x13
 761 00a4 01        		.uleb128 0x1
 762 00a5 13        		.uleb128 0x13
 763 00a6 00        		.byte	0
 764 00a7 00        		.byte	0
 765 00a8 0D        		.uleb128 0xd
 766 00a9 34        		.uleb128 0x34
 767 00aa 00        		.byte	0
 768 00ab 03        		.uleb128 0x3
 769 00ac 0E        		.uleb128 0xe
 770 00ad 3A        		.uleb128 0x3a
 771 00ae 0B        		.uleb128 0xb
 772 00af 3B        		.uleb128 0x3b
 773 00b0 0B        		.uleb128 0xb
 774 00b1 39        		.uleb128 0x39
 775 00b2 0B        		.uleb128 0xb
 776 00b3 49        		.uleb128 0x49
 777 00b4 13        		.uleb128 0x13
 778 00b5 00        		.byte	0
 779 00b6 00        		.byte	0
 780 00b7 0E        		.uleb128 0xe
 781 00b8 0B        		.uleb128 0xb
 782 00b9 01        		.byte	0x1
 783 00ba 00        		.byte	0
 784 00bb 00        		.byte	0
 785 00bc 0F        		.uleb128 0xf
 786 00bd 2E        		.uleb128 0x2e
 787 00be 00        		.byte	0
 788 00bf 3F        		.uleb128 0x3f
 789 00c0 0C        		.uleb128 0xc
 790 00c1 03        		.uleb128 0x3
 791 00c2 0E        		.uleb128 0xe
 792 00c3 3A        		.uleb128 0x3a
 793 00c4 0B        		.uleb128 0xb
 794 00c5 3B        		.uleb128 0x3b
 795 00c6 0B        		.uleb128 0xb
 796 00c7 39        		.uleb128 0x39
 797 00c8 0B        		.uleb128 0xb
 798 00c9 27        		.uleb128 0x27
 799 00ca 0C        		.uleb128 0xc
 800 00cb 00        		.byte	0
 801 00cc 00        		.byte	0
 802 00cd 10        		.uleb128 0x10
 803 00ce 2E        		.uleb128 0x2e
 804 00cf 01        		.byte	0x1
 805 00d0 3F        		.uleb128 0x3f
 806 00d1 0C        		.uleb128 0xc
 807 00d2 03        		.uleb128 0x3
 808 00d3 0E        		.uleb128 0xe
 809 00d4 3A        		.uleb128 0x3a
 810 00d5 0B        		.uleb128 0xb
 811 00d6 3B        		.uleb128 0x3b
 812 00d7 0B        		.uleb128 0xb
 813 00d8 39        		.uleb128 0x39
 814 00d9 0B        		.uleb128 0xb
 815 00da 27        		.uleb128 0x27
 816 00db 0C        		.uleb128 0xc
 817 00dc 01        		.uleb128 0x1
 818 00dd 13        		.uleb128 0x13
 819 00de 00        		.byte	0
 820 00df 00        		.byte	0
 821 00e0 11        		.uleb128 0x11
 822 00e1 05        		.uleb128 0x5
 823 00e2 00        		.byte	0
 824 00e3 03        		.uleb128 0x3
 825 00e4 0E        		.uleb128 0xe
 826 00e5 3A        		.uleb128 0x3a
 827 00e6 0B        		.uleb128 0xb
 828 00e7 3B        		.uleb128 0x3b
 829 00e8 0B        		.uleb128 0xb
 830 00e9 39        		.uleb128 0x39
 831 00ea 0B        		.uleb128 0xb
 832 00eb 49        		.uleb128 0x49
 833 00ec 13        		.uleb128 0x13
 834 00ed 00        		.byte	0
 835 00ee 00        		.byte	0
 836 00ef 12        		.uleb128 0x12
 837 00f0 34        		.uleb128 0x34
 838 00f1 00        		.byte	0
 839 00f2 03        		.uleb128 0x3
 840 00f3 08        		.uleb128 0x8
 841 00f4 3A        		.uleb128 0x3a
 842 00f5 0B        		.uleb128 0xb
 843 00f6 3B        		.uleb128 0x3b
 844 00f7 0B        		.uleb128 0xb
 845 00f8 39        		.uleb128 0x39
 846 00f9 0B        		.uleb128 0xb
 847 00fa 49        		.uleb128 0x49
 848 00fb 13        		.uleb128 0x13
 849 00fc 00        		.byte	0
 850 00fd 00        		.byte	0
 851 00fe 13        		.uleb128 0x13
 852 00ff 0F        		.uleb128 0xf
 853 0100 00        		.byte	0
 854 0101 0B        		.uleb128 0xb
 855 0102 0B        		.uleb128 0xb
 856 0103 49        		.uleb128 0x49
 857 0104 13        		.uleb128 0x13
 858 0105 00        		.byte	0
 859 0106 00        		.byte	0
 860 0107 14        		.uleb128 0x14
 861 0108 2E        		.uleb128 0x2e
 862 0109 00        		.byte	0
 863 010a 03        		.uleb128 0x3
 864 010b 0E        		.uleb128 0xe
 865 010c 3A        		.uleb128 0x3a
 866 010d 0B        		.uleb128 0xb
 867 010e 3B        		.uleb128 0x3b
 868 010f 05        		.uleb128 0x5
 869 0110 39        		.uleb128 0x39
 870 0111 0B        		.uleb128 0xb
 871 0112 27        		.uleb128 0x27
 872 0113 0C        		.uleb128 0xc
 873 0114 49        		.uleb128 0x49
 874 0115 13        		.uleb128 0x13
 875 0116 00        		.byte	0
 876 0117 00        		.byte	0
 877 0118 15        		.uleb128 0x15
 878 0119 2E        		.uleb128 0x2e
 879 011a 00        		.byte	0
 880 011b 03        		.uleb128 0x3
 881 011c 0E        		.uleb128 0xe
 882 011d 3A        		.uleb128 0x3a
 883 011e 0B        		.uleb128 0xb
 884 011f 3B        		.uleb128 0x3b
 885 0120 05        		.uleb128 0x5
 886 0121 39        		.uleb128 0x39
 887 0122 0B        		.uleb128 0xb
 888 0123 27        		.uleb128 0x27
 889 0124 0C        		.uleb128 0xc
 890 0125 00        		.byte	0
 891 0126 00        		.byte	0
 892 0127 16        		.uleb128 0x16
 893 0128 2E        		.uleb128 0x2e
 894 0129 01        		.byte	0x1
 895 012a 03        		.uleb128 0x3
 896 012b 0E        		.uleb128 0xe
 897 012c 3A        		.uleb128 0x3a
 898 012d 0B        		.uleb128 0xb
 899 012e 3B        		.uleb128 0x3b
 900 012f 05        		.uleb128 0x5
 901 0130 39        		.uleb128 0x39
 902 0131 0B        		.uleb128 0xb
 903 0132 27        		.uleb128 0x27
 904 0133 0C        		.uleb128 0xc
 905 0134 01        		.uleb128 0x1
 906 0135 13        		.uleb128 0x13
 907 0136 00        		.byte	0
 908 0137 00        		.byte	0
 909 0138 17        		.uleb128 0x17
 910 0139 05        		.uleb128 0x5
 911 013a 00        		.byte	0
 912 013b 03        		.uleb128 0x3
 913 013c 0E        		.uleb128 0xe
 914 013d 3A        		.uleb128 0x3a
 915 013e 0B        		.uleb128 0xb
 916 013f 3B        		.uleb128 0x3b
 917 0140 05        		.uleb128 0x5
 918 0141 39        		.uleb128 0x39
 919 0142 0B        		.uleb128 0xb
 920 0143 49        		.uleb128 0x49
 921 0144 13        		.uleb128 0x13
 922 0145 00        		.byte	0
 923 0146 00        		.byte	0
 924 0147 18        		.uleb128 0x18
 925 0148 2E        		.uleb128 0x2e
 926 0149 00        		.byte	0
 927 014a 03        		.uleb128 0x3
 928 014b 0E        		.uleb128 0xe
 929 014c 3A        		.uleb128 0x3a
 930 014d 0B        		.uleb128 0xb
 931 014e 3B        		.uleb128 0x3b
 932 014f 0B        		.uleb128 0xb
 933 0150 39        		.uleb128 0x39
 934 0151 0B        		.uleb128 0xb
 935 0152 27        		.uleb128 0x27
 936 0153 0C        		.uleb128 0xc
 937 0154 49        		.uleb128 0x49
 938 0155 13        		.uleb128 0x13
 939 0156 00        		.byte	0
 940 0157 00        		.byte	0
 941 0158 19        		.uleb128 0x19
 942 0159 2E        		.uleb128 0x2e
 943 015a 01        		.byte	0x1
 944 015b 03        		.uleb128 0x3
 945 015c 0E        		.uleb128 0xe
 946 015d 3A        		.uleb128 0x3a
 947 015e 0B        		.uleb128 0xb
 948 015f 3B        		.uleb128 0x3b
 949 0160 0B        		.uleb128 0xb
 950 0161 39        		.uleb128 0x39
 951 0162 0B        		.uleb128 0xb
 952 0163 27        		.uleb128 0x27
 953 0164 0C        		.uleb128 0xc
 954 0165 49        		.uleb128 0x49
 955 0166 13        		.uleb128 0x13
 956 0167 01        		.uleb128 0x1
 957 0168 13        		.uleb128 0x13
 958 0169 00        		.byte	0
 959 016a 00        		.byte	0
 960 016b 00        		.byte	0
 961               		.section	.gnu.debuglto_.debug_line,"e",@progbits
 962               	.Ldebug_line0:
 963 0000 F301 0000 		.long	.LELT0-.LSLT0
 964               	.LSLT0:
 965 0004 0200      		.word	0x2
 966 0006 ED01 0000 		.long	.LELTP0-.LASLTP0
 967               	.LASLTP0:
 968 000a 01        		.byte	0x1
 969 000b 01        		.byte	0x1
 970 000c F6        		.byte	0xf6
 971 000d F2        		.byte	0xf2
 972 000e 0D        		.byte	0xd
 973 000f 00        		.byte	0
 974 0010 01        		.byte	0x1
 975 0011 01        		.byte	0x1
 976 0012 01        		.byte	0x1
 977 0013 01        		.byte	0x1
 978 0014 00        		.byte	0
 979 0015 00        		.byte	0
 980 0016 00        		.byte	0
 981 0017 01        		.byte	0x1
 982 0018 00        		.byte	0
 983 0019 00        		.byte	0
 984 001a 01        		.byte	0x1
 985 001b 6C69 622F 		.ascii	"lib/lufa/LUFA/Drivers/USB/Core/AVR8/../AVR8/../AVR8/../AVR8"
 985      6C75 6661 
 985      2F4C 5546 
 985      412F 4472 
 985      6976 6572 
 986 0056 00        		.byte	0
 987 0057 6C69 622F 		.ascii	"lib/lufa/LUFA/Drivers/USB/Core/AVR8/../AVR8/../AVR8/.."
 987      6C75 6661 
 987      2F4C 5546 
 987      412F 4472 
 987      6976 6572 
 988 008d 00        		.byte	0
 989 008e 6C69 622F 		.ascii	"lib/lufa/LUFA/Drivers/USB/Core/AVR8/../AVR8/.."
 989      6C75 6661 
 989      2F4C 5546 
 989      412F 4472 
 989      6976 6572 
 990 00bc 00        		.byte	0
 991 00bd 6C69 622F 		.ascii	"lib/lufa/LUFA/Drivers/USB/Core/AVR8/../AVR8"
 991      6C75 6661 
 991      2F4C 5546 
 991      412F 4472 
 991      6976 6572 
 992 00e8 00        		.byte	0
 993 00e9 6C69 622F 		.ascii	"lib/lufa/LUFA/Drivers/USB/Core/AVR8/.."
 993      6C75 6661 
 993      2F4C 5546 
 993      412F 4472 
 993      6976 6572 
 994 010f 00        		.byte	0
 995 0110 6C69 622F 		.ascii	"lib/lufa/LUFA/Drivers/USB/Core/AVR8"
 995      6C75 6661 
 995      2F4C 5546 
 995      412F 4472 
 995      6976 6572 
 996 0133 00        		.byte	0
 997 0134 2F75 7372 		.ascii	"/usr/local/Cellar/avr-gcc/9.2.0/avr/include"
 997      2F6C 6F63 
 997      616C 2F43 
 997      656C 6C61 
 997      722F 6176 
 998 015f 00        		.byte	0
 999 0160 00        		.byte	0
 1000 0161 7374 6469 		.string	"stdint.h"
 1000      6E74 2E68 
 1000      00
 1001 016a 07        		.uleb128 0x7
 1002 016b 00        		.uleb128 0
 1003 016c 00        		.uleb128 0
 1004 016d 456E 6470 		.string	"Endpoint.h"
 1004      6F69 6E74 
 1004      2E68 00
 1005 0178 05        		.uleb128 0x5
 1006 0179 00        		.uleb128 0
 1007 017a 00        		.uleb128 0
 1008 017b 5374 6452 		.string	"StdRequestType.h"
 1008      6571 7565 
 1008      7374 5479 
 1008      7065 2E68 
 1008      00
 1009 018c 02        		.uleb128 0x2
 1010 018d 00        		.uleb128 0
 1011 018e 00        		.uleb128 0
 1012 018f 4465 7669 		.string	"DeviceStandardReq.h"
 1012      6365 5374 
 1012      616E 6461 
 1012      7264 5265 
 1012      712E 6800 
 1013 01a3 02        		.uleb128 0x2
 1014 01a4 00        		.uleb128 0
 1015 01a5 00        		.uleb128 0
 1016 01a6 5553 4254 		.string	"USBTask.h"
 1016      6173 6B2E 
 1016      6800 
 1017 01b0 03        		.uleb128 0x3
 1018 01b1 00        		.uleb128 0
 1019 01b2 00        		.uleb128 0
 1020 01b3 4465 7669 		.string	"Device.h"
 1020      6365 2E68 
 1020      00
 1021 01bc 02        		.uleb128 0x2
 1022 01bd 00        		.uleb128 0
 1023 01be 00        		.uleb128 0
 1024 01bf 456E 6470 		.string	"Endpoint_AVR8.h"
 1024      6F69 6E74 
 1024      5F41 5652 
 1024      382E 6800 
 1025 01cf 04        		.uleb128 0x4
 1026 01d0 00        		.uleb128 0
 1027 01d1 00        		.uleb128 0
 1028 01d2 456E 6470 		.string	"Endpoint_AVR8.c"
 1028      6F69 6E74 
 1028      5F41 5652 
 1028      382E 6300 
 1029 01e2 06        		.uleb128 0x6
 1030 01e3 00        		.uleb128 0
 1031 01e4 00        		.uleb128 0
 1032 01e5 4465 7669 		.string	"Device_AVR8.h"
 1032      6365 5F41 
 1032      5652 382E 
 1032      6800 
 1033 01f3 01        		.uleb128 0x1
 1034 01f4 00        		.uleb128 0
 1035 01f5 00        		.uleb128 0
 1036 01f6 00        		.byte	0
 1037               	.LELTP0:
 1038               	.LELT0:
 1039               		.section	.gnu.debuglto_.debug_str,"eMS",@progbits,1
 1040               	.LASF23:
 1041 0000 7749 6E64 		.string	"wIndex"
 1041      6578 00
 1042               	.LASF13:
 1043 0007 5553 425F 		.string	"USB_Endpoint_Table_t"
 1043      456E 6470 
 1043      6F69 6E74 
 1043      5F54 6162 
 1043      6C65 5F74 
 1044               	.LASF57:
 1045 001c 456E 6470 		.string	"Endpoint_ClearIN"
 1045      6F69 6E74 
 1045      5F43 6C65 
 1045      6172 494E 
 1045      00
 1046               	.LASF76:
 1047 002d 456E 6470 		.string	"Endpoint_SelectEndpoint"
 1047      6F69 6E74 
 1047      5F53 656C 
 1047      6563 7445 
 1047      6E64 706F 
 1048               	.LASF8:
 1049 0045 6C6F 6E67 		.string	"long long unsigned int"
 1049      206C 6F6E 
 1049      6720 756E 
 1049      7369 676E 
 1049      6564 2069 
 1050               	.LASF48:
 1051 005c 5545 4346 		.string	"UECFG0XData"
 1051      4730 5844 
 1051      6174 6100 
 1052               	.LASF14:
 1053 0068 4445 5649 		.string	"DEVICE_STATE_Unattached"
 1053      4345 5F53 
 1053      5441 5445 
 1053      5F55 6E61 
 1053      7474 6163 
 1054               	.LASF16:
 1055 0080 4445 5649 		.string	"DEVICE_STATE_Default"
 1055      4345 5F53 
 1055      5441 5445 
 1055      5F44 6566 
 1055      6175 6C74 
 1056               	.LASF51:
 1057 0095 5545 4346 		.string	"UECFG1XTemp"
 1057      4731 5854 
 1057      656D 7000 
 1058               	.LASF7:
 1059 00a1 6C6F 6E67 		.string	"long long int"
 1059      206C 6F6E 
 1059      6720 696E 
 1059      7400 
 1060               	.LASF0:
 1061 00af 7369 676E 		.string	"signed char"
 1061      6564 2063 
 1061      6861 7200 
 1062               	.LASF67:
 1063 00bb 4279 7465 		.string	"Bytes"
 1063      7300 
 1064               	.LASF60:
 1065 00c1 456E 6470 		.string	"Endpoint_IsINReady"
 1065      6F69 6E74 
 1065      5F49 7349 
 1065      4E52 6561 
 1065      6479 00
 1066               	.LASF66:
 1067 00d4 456E 6470 		.string	"Endpoint_BytesToEPSizeMask"
 1067      6F69 6E74 
 1067      5F42 7974 
 1067      6573 546F 
 1067      4550 5369 
 1068               	.LASF5:
 1069 00ef 6C6F 6E67 		.string	"long int"
 1069      2069 6E74 
 1069      00
 1070               	.LASF25:
 1071 00f8 5553 425F 		.string	"USB_Request_Header_t"
 1071      5265 7175 
 1071      6573 745F 
 1071      4865 6164 
 1071      6572 5F74 
 1072               	.LASF22:
 1073 010d 7756 616C 		.string	"wValue"
 1073      7565 00
 1074               	.LASF3:
 1075 0114 7569 6E74 		.string	"uint16_t"
 1075      3136 5F74 
 1075      00
 1076               	.LASF42:
 1077 011d 5553 425F 		.string	"USB_DeviceState_LCL"
 1077      4465 7669 
 1077      6365 5374 
 1077      6174 655F 
 1077      4C43 4C00 
 1078               	.LASF65:
 1079 0131 456E 6470 		.string	"Endpoint_ConfigureEndpoint"
 1079      6F69 6E74 
 1079      5F43 6F6E 
 1079      6669 6775 
 1079      7265 456E 
 1080               	.LASF33:
 1081 014c 5553 425F 		.string	"USB_Device_States_t"
 1081      4465 7669 
 1081      6365 5F53 
 1081      7461 7465 
 1081      735F 7400 
 1082               	.LASF56:
 1083 0160 456E 6470 		.string	"Endpoint_ClearOUT"
 1083      6F69 6E74 
 1083      5F43 6C65 
 1083      6172 4F55 
 1083      5400 
 1084               	.LASF54:
 1085 0172 5461 626C 		.string	"Table"
 1085      6500 
 1086               	.LASF71:
 1087 0178 474E 5520 		.string	"GNU C99 9.2.0 -mn-flash=1 -mno-skip-bug -mmcu=avr5 -gdwarf-2 -Os -std=gnu99 -funsigned-ch
 1087      4339 3920 
 1087      392E 322E 
 1087      3020 2D6D 
 1087      6E2D 666C 
 1088               	.LASF59:
 1089 0260 456E 6470 		.string	"Endpoint_IsOUTReceived"
 1089      6F69 6E74 
 1089      5F49 734F 
 1089      5554 5265 
 1089      6365 6976 
 1090               	.LASF11:
 1091 0277 5479 7065 		.string	"Type"
 1091      00
 1092               	.LASF20:
 1093 027c 626D 5265 		.string	"bmRequestType"
 1093      7175 6573 
 1093      7454 7970 
 1093      6500 
 1094               	.LASF64:
 1095 028a 456E 6470 		.string	"Endpoint_GetEndpointDirection"
 1095      6F69 6E74 
 1095      5F47 6574 
 1095      456E 6470 
 1095      6F69 6E74 
 1096               	.LASF69:
 1097 02a8 4368 6563 		.string	"CheckBytes"
 1097      6B42 7974 
 1097      6573 00
 1098               	.LASF58:
 1099 02b3 456E 6470 		.string	"Endpoint_IsStalled"
 1099      6F69 6E74 
 1099      5F49 7353 
 1099      7461 6C6C 
 1099      6564 00
 1100               	.LASF4:
 1101 02c6 756E 7369 		.string	"unsigned int"
 1101      676E 6564 
 1101      2069 6E74 
 1101      00
 1102               	.LASF32:
 1103 02d3 5553 425F 		.string	"USB_DeviceState"
 1103      4465 7669 
 1103      6365 5374 
 1103      6174 6500 
 1104               	.LASF45:
 1105 02e3 456E 6470 		.string	"Endpoint_WaitUntilReady"
 1105      6F69 6E74 
 1105      5F57 6169 
 1105      7455 6E74 
 1105      696C 5265 
 1106               	.LASF6:
 1107 02fb 6C6F 6E67 		.string	"long unsigned int"
 1107      2075 6E73 
 1107      6967 6E65 
 1107      6420 696E 
 1107      7400 
 1108               	.LASF26:
 1109 030d 5553 425F 		.string	"USB_Device_ConfigurationNumber"
 1109      4465 7669 
 1109      6365 5F43 
 1109      6F6E 6669 
 1109      6775 7261 
 1110               	.LASF41:
 1111 032c 5072 6576 		.string	"PreviousFrameNumber"
 1111      696F 7573 
 1111      4672 616D 
 1111      654E 756D 
 1111      6265 7200 
 1112               	.LASF18:
 1113 0340 4445 5649 		.string	"DEVICE_STATE_Configured"
 1113      4345 5F53 
 1113      5441 5445 
 1113      5F43 6F6E 
 1113      6669 6775 
 1114               	.LASF34:
 1115 0358 456E 6470 		.string	"Endpoint_WaitUntilReady_ErrorCodes_t"
 1115      6F69 6E74 
 1115      5F57 6169 
 1115      7455 6E74 
 1115      696C 5265 
 1116               	.LASF29:
 1117 037d 5553 425F 		.string	"USB_Device_CurrentlySelfPowered"
 1117      4465 7669 
 1117      6365 5F43 
 1117      7572 7265 
 1117      6E74 6C79 
 1118               	.LASF55:
 1119 039d 456E 7472 		.string	"Entries"
 1119      6965 7300 
 1120               	.LASF9:
 1121 03a5 4164 6472 		.string	"Address"
 1121      6573 7300 
 1122               	.LASF19:
 1123 03ad 4445 5649 		.string	"DEVICE_STATE_Suspended"
 1123      4345 5F53 
 1123      5441 5445 
 1123      5F53 7573 
 1123      7065 6E64 
 1124               	.LASF62:
 1125 03c4 456E 6470 		.string	"Endpoint_DisableEndpoint"
 1125      6F69 6E74 
 1125      5F44 6973 
 1125      6162 6C65 
 1125      456E 6470 
 1126               	.LASF31:
 1127 03dd 5553 425F 		.string	"USB_ControlRequest"
 1127      436F 6E74 
 1127      726F 6C52 
 1127      6571 7565 
 1127      7374 00
 1128               	.LASF52:
 1129 03f0 5545 4945 		.string	"UEIENXTemp"
 1129      4E58 5465 
 1129      6D70 00
 1130               	.LASF47:
 1131 03fb 4E75 6D62 		.string	"Number"
 1131      6572 00
 1132               	.LASF40:
 1133 0402 5469 6D65 		.string	"TimeoutMSRem"
 1133      6F75 744D 
 1133      5352 656D 
 1133      00
 1134               	.LASF44:
 1135 040f 4550 4E75 		.string	"EPNum"
 1135      6D00 
 1136               	.LASF49:
 1137 0415 5545 4346 		.string	"UECFG1XData"
 1137      4731 5844 
 1137      6174 6100 
 1138               	.LASF39:
 1139 0421 454E 4450 		.string	"ENDPOINT_READYWAIT_Timeout"
 1139      4F49 4E54 
 1139      5F52 4541 
 1139      4459 5741 
 1139      4954 5F54 
 1140               	.LASF72:
 1141 043c 6C69 622F 		.string	"lib/lufa/LUFA/Drivers/USB/Core/AVR8/Endpoint_AVR8.c"
 1141      6C75 6661 
 1141      2F4C 5546 
 1141      412F 4472 
 1141      6976 6572 
 1142               	.LASF17:
 1143 0470 4445 5649 		.string	"DEVICE_STATE_Addressed"
 1143      4345 5F53 
 1143      5441 5445 
 1143      5F41 6464 
 1143      7265 7373 
 1144               	.LASF36:
 1145 0487 454E 4450 		.string	"ENDPOINT_READYWAIT_EndpointStalled"
 1145      4F49 4E54 
 1145      5F52 4541 
 1145      4459 5741 
 1145      4954 5F45 
 1146               	.LASF15:
 1147 04aa 4445 5649 		.string	"DEVICE_STATE_Powered"
 1147      4345 5F53 
 1147      5441 5445 
 1147      5F50 6F77 
 1147      6572 6564 
 1148               	.LASF10:
 1149 04bf 5369 7A65 		.string	"Size"
 1149      00
 1150               	.LASF28:
 1151 04c4 5F42 6F6F 		.string	"_Bool"
 1151      6C00 
 1152               	.LASF1:
 1153 04ca 756E 7369 		.string	"unsigned char"
 1153      676E 6564 
 1153      2063 6861 
 1153      7200 
 1154               	.LASF12:
 1155 04d8 4261 6E6B 		.string	"Banks"
 1155      7300 
 1156               	.LASF21:
 1157 04de 6252 6571 		.string	"bRequest"
 1157      7565 7374 
 1157      00
 1158               	.LASF63:
 1159 04e7 456E 6470 		.string	"Endpoint_EnableEndpoint"
 1159      6F69 6E74 
 1159      5F45 6E61 
 1159      626C 6545 
 1159      6E64 706F 
 1160               	.LASF50:
 1161 04ff 5545 4346 		.string	"UECFG0XTemp"
 1161      4730 5854 
 1161      656D 7000 
 1162               	.LASF75:
 1163 050b 456E 6470 		.string	"Endpoint_ClearEndpoints"
 1163      6F69 6E74 
 1163      5F43 6C65 
 1163      6172 456E 
 1163      6470 6F69 
 1164               	.LASF74:
 1165 0523 456E 6470 		.string	"Endpoint_ClearStatusStage"
 1165      6F69 6E74 
 1165      5F43 6C65 
 1165      6172 5374 
 1165      6174 7573 
 1166               	.LASF68:
 1167 053d 4D61 736B 		.string	"MaskVal"
 1167      5661 6C00 
 1168               	.LASF43:
 1169 0545 4375 7272 		.string	"CurrentFrameNumber"
 1169      656E 7446 
 1169      7261 6D65 
 1169      4E75 6D62 
 1169      6572 00
 1170               	.LASF37:
 1171 0558 454E 4450 		.string	"ENDPOINT_READYWAIT_DeviceDisconnected"
 1171      4F49 4E54 
 1171      5F52 4541 
 1171      4459 5741 
 1171      4954 5F44 
 1172               	.LASF53:
 1173 057e 456E 6470 		.string	"Endpoint_ConfigureEndpointTable"
 1173      6F69 6E74 
 1173      5F43 6F6E 
 1173      6669 6775 
 1173      7265 456E 
 1174               	.LASF73:
 1175 059e 2F55 7365 		.string	"/Users/tars/Desktop/keyboards"
 1175      7273 2F74 
 1175      6172 732F 
 1175      4465 736B 
 1175      746F 702F 
 1176               	.LASF35:
 1177 05bc 454E 4450 		.string	"ENDPOINT_READYWAIT_NoError"
 1177      4F49 4E54 
 1177      5F52 4541 
 1177      4459 5741 
 1177      4954 5F4E 
 1178               	.LASF30:
 1179 05d7 5553 425F 		.string	"USB_IsInitialized"
 1179      4973 496E 
 1179      6974 6961 
 1179      6C69 7A65 
 1179      6400 
 1180               	.LASF61:
 1181 05e9 456E 6470 		.string	"Endpoint_IsConfigured"
 1181      6F69 6E74 
 1181      5F49 7343 
 1181      6F6E 6669 
 1181      6775 7265 
 1182               	.LASF27:
 1183 05ff 5553 425F 		.string	"USB_Device_RemoteWakeupEnabled"
 1183      4465 7669 
 1183      6365 5F52 
 1183      656D 6F74 
 1183      6557 616B 
 1184               	.LASF2:
 1185 061e 7569 6E74 		.string	"uint8_t"
 1185      385F 7400 
 1186               	.LASF24:
 1187 0626 774C 656E 		.string	"wLength"
 1187      6774 6800 
 1188               	.LASF70:
 1189 062e 5553 425F 		.string	"USB_Device_GetFrameNumber"
 1189      4465 7669 
 1189      6365 5F47 
 1189      6574 4672 
 1189      616D 654E 
 1190               	.LASF38:
 1191 0648 454E 4450 		.string	"ENDPOINT_READYWAIT_BusSuspended"
 1191      4F49 4E54 
 1191      5F52 4541 
 1191      4459 5741 
 1191      4954 5F42 
 1192               	.LASF46:
 1193 0668 456E 6470 		.string	"Endpoint_ConfigureEndpoint_Prv"
 1193      6F69 6E74 
 1193      5F43 6F6E 
 1193      6669 6775 
 1193      7265 456E 
 1194               		.text
 1195               		.section	.gnu.lto_.profile.99fd4a1898ef1d51,"e",@progbits
 1196 0000 789C E360 		.string	"x\234\343``\004B "
 1196      6004 4220 
 1196      00
 1197 0009 00        		.string	""
 1198 000a 00        		.string	""
 1199 000b 5D00      		.string	"]"
 1200 000d 0B        		.ascii	"\013"
 1201               		.text
 1202               		.section	.gnu.lto_.icf.99fd4a1898ef1d51,"e",@progbits
 1203 0000 789C E360 		.string	"x\234\343``dP`@"
 1203      6064 5060 
 1203      4000 
 1204 000a 5686 670D 		.string	"V\206g\rw/01\356\235\264\177\022+\323\332\215\037\372\330\230{\367m\332\311\3036\375\346\
 1204      772F 3031 
 1204      EE9D B47F 
 1204      122B D3DA 
 1204      8D1F FAD8 
 1205 002d F4B7 0E6F 		.ascii	"\364\267\016o"
 1206               		.text
 1207               		.section	.gnu.lto_.jmpfuncs.99fd4a1898ef1d51,"e",@progbits
 1208 0000 789C 458D 		.ascii	"x\234E\215\275\n\302@\020\204\347\273\305\230\330\344\001\356"
 1208      BD0A C240 
 1208      1084 E7BB 
 1208      C598 D8E4 
 1208      01EE 
 1209 0012 6115 ACD2 		.ascii	"a\025\254\322\2445]\002Vbo\341\017h'\370\006)|\003\261K'z\311"
 1209      A435 5D02 
 1209      5662 6FE1 
 1209      0F68 27F8 
 1209      0629 7C03 
 1210 002b 21B7 30B0 		.ascii	"!\2670\260\363\261;\223\013uJ3\223\001\363ek\372\013\007\026"
 1210      F3B1 3B93 
 1210      0B75 4A33 
 1210      9301 F365 
 1210      6BFA 0B07 
 1211 0040 1646 9349 		.ascii	"\026F\223I\\AA%nc\324\353\3673\257\2555\2078\342\003\332\256"
 1211      5C41 4125 
 1211      6E63 D4EB 
 1211      F733 AFAD 
 1211      3587 38E2 
 1212 0057 1E4D 1651 		.ascii	"\036M\026Q\311\t\237^n(\231\201)\340P\275vE\274\206\363\024\360"
 1212      C909 9F5E 
 1212      6E28 9981 
 1212      29E0 50BD 
 1212      7645 BC86 
 1213 006e B9EF FB45 		.ascii	"\271\357\373ED_\270\340\235d\032\273\365\003;\300$2"
 1213      445F B8E0 
 1213      9D64 1ABB 
 1213      F503 3BC0 
 1213      2432 
 1214               		.text
 1215               		.section	.gnu.lto_.inline.99fd4a1898ef1d51,"e",@progbits
 1216 0000 789C E360 		.string	"x\234\343``d\270\314\200"
 1216      6064 B8CC 
 1216      8000 
 1217 000a AC0C 0C8A 		.string	"\254\f\f\212\323\216\374\270\307\234\305\310\310\300\301\310\300\300l\365\361\361\355\233
 1217      D38E FCB8 
 1217      C79C C5C8 
 1217      C8C0 C1C8 
 1217      C0C0 6CF5 
 1218 0030 841F 4E1D 		.string	"\204\037N\035\330\311\224\304\300\002\204\f@\023\224\277\315Z5\235\t\250\205\021\244\205\
 1218      D8C9 94C4 
 1218      C002 840C 
 1218      4013 94BF 
 1218      CD5A 359D 
 1219 00a6 ECD0 3B70 		.ascii	"\354\320;p"
 1220               		.text
 1221               		.section	.gnu.lto_.pureconst.99fd4a1898ef1d51,"e",@progbits
 1222 0000 789C E360 		.string	"x\234\343``d\020````e\230\305\302\270\223\205i\026\013\363,\026\266Y,"
 1222      6064 1060 
 1222      6060 6065 
 1222      98C5 C2B8 
 1222      9385 6916 
 1223 001c 1CB1 0360 		.ascii	"\034\261\003`"
 1224               		.text
 1225               		.section	.gnu.lto_Endpoint_ConfigureEndpoint_Prv.99fd4a1898ef1d51,"e",@progbits
 1226 0000 789C 8D56 		.string	"x\234\215VmlTe\026~\317}\357\235;\235)S4\273[\313`\341\207\204\270\331\245\020M\320\304\0
 1226      6D6C 5465 
 1226      167E CF7D 
 1226      EF9D 3B9D 
 1226      2953 34BB 
 1227 00d3 4B96 1BC4 		.ascii	"K\226\033\304\233\232\324\r\227\351N\362x\341M-I@\030\300\344"
 1227      9B9A D40D 
 1227      97E9 4EF2 
 1227      78E1 4D2D 
 1227      4940 18C0 
 1228 00e8 8750 7F65 		.ascii	"\207P\177er\223\204\312w\312\317\372\356\337iYyVx\323/i\005\273"
 1228      7293 84CA 
 1228      77CA CFFA 
 1228      EEDF 6959 
 1228      7956 78D3 
 1229 0100 C210 9242 		.ascii	"\302\020\222BTK\001\017\370a\276\2375\341s\270\037u\013o\354"
 1229      544B 010F 
 1229      F861 BE9F 
 1229      35E1 73B8 
 1229      1F75 0B6F 
 1230 0115 3FE0 950B 		.ascii	"?\340\225\013A\240\034\030\032\270*\347\326Z\345\210;\275\324"
 1230      41A0 1C18 
 1230      1AB8 2AE7 
 1230      D65A E588 
 1230      3BBD D4
 1231 0128 4A0E 4980 		.ascii	"J\016I\200/@\306\340\360\315\2421]\300!\230\213\372\025\007C"
 1231      2F40 C6E0 
 1231      F0CD A231 
 1231      5DC0 2198 
 1231      8BFA 1507 
 1232 013d 6DA6 7C91 		.ascii	"m\246|\221\261o_)<c\330\330\201'\024\266n\n\266\320\020P\317"
 1232      B16F 5F29 
 1232      3C63 D8D8 
 1232      8127 14B6 
 1232      6E0A B6D0 
 1233 0154 D8D6 5335 		.ascii	"\330\326S5\245>\271\222\261\007\233\216Z\036\033;bc\017O\301"
 1233      A53E B992 
 1233      B107 9B8E 
 1233      5A1E 1B3B 
 1233      6263 0F4F 
 1234 0169 5618 94EE 		.ascii	"V\030\224\356\\A\210\336O&\337\231\346\322)%J\245\001\\H\235"
 1234      5C41 88DE 
 1234      4F26 DF99 
 1234      E6D2 2925 
 1234      4AA5 015C 
 1235 017f D0F1 64E3 		.ascii	"\320\361d\343\307[\336J\222k\331n}\375\305\303)svp\035NV\247"
 1235      C75B DE4A 
 1235      926B D96E 
 1235      7DFD C5C3 
 1235      2973 7670 
 1236 0197 3758 D666 		.ascii	"7X\326fK\017I\r\032\343\214\013\261(\204\266\233`\016bF\376\335"
 1236      4B0F 490D 
 1236      1AE3 8C0B 
 1236      B128 84B6 
 1236      9B60 0E62 
 1237 01ae B9D5 2DDF 		.ascii	"\271\325-\337`\274\325YY,m|_\365\237\242\370#\211\370\367\021"
 1237      60BC D559 
 1237      592C 6D7C 
 1237      5FF5 9FA2 
 1237      F823 89F8 
 1238 01c4 7F94 F1C7 		.string	"\177\224\361\307~j>,e\036\260\201\226\303\037V\202m` \255\300\n\347\316&\370\177\023\341\
 1238      7E6A 3E2C 
 1238      651E B081 
 1238      96C3 1F56 
 1238      826D 6020 
 1239 02c5 9B0A F812 		.ascii	"\233\n\370\022\346R\243\346\233\204i\034\350\330\247#y\345\366"
 1239      E652 A3E6 
 1239      9B84 691C 
 1239      E8D8 A723 
 1239      79E5 F6
 1240 02d8 102A F66C 		.ascii	"\020*\366l\210\210\201p\007\177E\311I\212\345\302\316\252\375"
 1240      8888 8170 
 1240      077F 45C9 
 1240      498A E5C2 
 1240      CEAA FD
 1241 02eb 1DA9 4E3E 		.ascii	"\035\251N>\0058\373\326\271\300.)I\207\363@\217\2108\256B\357"
 1241      0538 FBD6 
 1241      B9C0 2E29 
 1241      4987 F340 
 1241      8F88 38AE 
 1242 0301 DD59 75A8 		.ascii	"\335Yu\250B\306\215\004\300\t<\213\035\023RV/\341k|\016@~U\321"
 1242      42C6 8D04 
 1242      C009 3C8B 
 1242      1D13 5256 
 1242      2FE1 6B7C 
 1243 031a 7583 E4A0 		.ascii	"u\203\344\240\274\007\375\242\352\016\253}\263\253T\206\244\001"
 1243      BC07 FDA2 
 1243      EA0E AB7D 
 1243      B3AB 5486 
 1243      A401 
 1244 032c 29D0 017E 		.ascii	")\320\001~Tj\354Y\337*I\t\217K\363\207{\334t\354\342\202\204"
 1244      546A EC59 
 1244      DF2A 4909 
 1244      8F4B F387 
 1244      7BDC 74EC 
 1245 0343 8A2B 0AA4 		.ascii	"\212+\n\244\372\331\017\324\251\377i\251\361\326\302\216"
 1245      FAD9 0FD4 
 1245      A9FF 69A9 
 1245      F1D6 C28E 
 1246 0353 DC02 200B 		.string	"\334\002 \013]\340\207N\264!\340\033\250\005\364A\225\305$\262(|\316\203\253\276[U\375{(8
 1246      5DE0 874E 
 1246      B421 E01B 
 1246      A805 F441 
 1246      95C5 24B2 
 1247 0454 FE8C 6B26 		.string	"\376\214k&\r\221=\340\227mx<]_\277\006\023p\355\373\364\233\0208\254\357(\345*\211\200fmU
 1247      0D91 3DE0 
 1247      976D 783C 
 1247      5D5F BF06 
 1247      1370 EDFB 
 1248 0500 2E46 E351 		.ascii	".F\343Q\327\342\035,\376\300\021i\314\310gq\214l\236\312\310"
 1248      D7E2 1D2C 
 1248      FEC0 1169 
 1248      CCC8 6771 
 1248      8C6C 9ECA 
 1249 0515 970E 23F8 		.ascii	"\227\016#\370\245\300;$\302\310\226\004F$\f$2\202\312\352%V<"
 1249      A5C0 3B24 
 1249      C2C8 9604 
 1249      4624 0C24 
 1249      3282 CAEA 
 1250 052c CAC8 20E5 		.ascii	"\312\310 \345\340\277S\305~\2643\256\300\214Y{\246\002\324\227"
 1250      E0BF 53C5 
 1250      7EB4 33AE 
 1250      C08C 597B 
 1250      A602 D497 
 1251 0540 9C68 97AA 		.ascii	"\234h\227\252\217\001\347\333Ix\360\316\004\\\342tg*\002\276"
 1251      8F01 E7DB 
 1251      4978 F0CE 
 1251      045C E274 
 1251      672A 02BE 
 1252 0554 8A12 D0EA 		.ascii	"\212\022\320\352\267K\025w\017\371\342o\241a\006\253\371\253"
 1252      B74B 1577 
 1252      0FF9 E26F 
 1252      A161 06AB 
 1252      F9AB 
 1253 0566 F34D C5C6 		.ascii	"\363M\305\306\3350\276\370:_f\254\301\330\363\267\300\306\335"
 1253      DD30 BEF8 
 1253      3A5F 66AC 
 1253      C1D8 F3B7 
 1253      C0C6 DD
 1254 0579 1DBE F89B 		.ascii	"\035\276\370\233\343'\306\252o^\277/\206\242\023\335S(\372\026"
 1254      E327 C6AA 
 1254      6F5E BF2F 
 1254      86A2 13DD 
 1254      5328 FA16 
 1255 058d 3FF3 8A22 		.ascii	"?\363\212\"\035\221#\016E]\335\361\024\351p%\221\"TV/\341\347"
 1255      1D91 230E 
 1255      455D DDF1 
 1255      14E9 7025 
 1255      9122 5456 
 1256 05a4 0845 FD92 		.ascii	"\bE\375\222\344\240LC\275Or\217\004M54\227\250\347\3726L\214"
 1256      E4A0 4C43 
 1256      BD4F 728F 
 1256      044D 3534 
 1256      97A8 E7FA 
 1257 05bb 69D1 1A5F 		.ascii	"i\321\032_u\302\035U\224\345\215\027\365')\370\f\264@7QO\323"
 1257      75C2 1D55 
 1257      94E5 8D17 
 1257      F527 29F8 
 1257      0CB4 4037 
 1258 05d2 A67D 4576 		.ascii	"\246}Ev\247\317\210\275Rt\274R\256\251\313\b/\n\367\370\336\334"
 1258      A7CF 88BD 
 1258      5274 BC52 
 1258      AEA9 CB08 
 1258      2F0A F7F8 
 1259 05e8 0EBE 0E35 		.ascii	"\016\276\0165\265v\024K^\t\260\r\266\024\366/ 9(S\325\027p\177"
 1259      B576 144B 
 1259      5E09 B00D 
 1259      B614 F62F 
 1259      2039 2853 
 1260 0600 F1D0 EE24 		.ascii	"\361\320\356$u+\001\374\202&x\033p6\217T6H\013\273\245\223A\340"
 1260      752B 01FC 
 1260      8226 781B 
 1260      7036 8F54 
 1260      3648 0BBB 
 1261 0618 7BB4 C9F9 		.ascii	"{\264\311\371no\307\361mS_\263\323M\177P\226\371\273<r\250\332"
 1261      6E6F C7F1 
 1261      6D53 5FB3 
 1261      D34D 7F50 
 1261      96F9 BB3C 
 1262 062f A5CC BAE0 		.ascii	"\245\314\272\340z\344\232\244\357\2346b\242YwG\026\332\365\034"
 1262      7AE4 9AA4 
 1262      EF9C 3662 
 1262      A259 7747 
 1262      16DA F51C 
 1263 0643 A8DB 38D3 		.ascii	"\250\3338\323\271\320n\224F\326#\214\240\201Y\215]'\372\376\366"
 1263      B9D0 6E94 
 1263      46D6 238C 
 1263      A081 598D 
 1263      5D27 FAFE 
 1264 0658 1BDB C498 		.ascii	"\033\333\304\230Z\225n\273M\364`0c\366\252\245\266\211\033\267"
 1264      5A95 6EBB 
 1264      4DF4 6030 
 1264      63F6 AAA5 
 1264      B689 1BB7 
 1265 066c D926 E8C0 		.ascii	"\331&\350\300\336\034\306c6\207q\312n\026\372\210[\025\3069\322"
 1265      DE1C C663 
 1265      3687 71CA 
 1265      6E16 FA88 
 1265      5B15 C639 
 1266 0681 DBEE 0213 		.ascii	"\333\356\002\023\334|\263\324.\320\263\204\234s\024\234\362\204"
 1266      DC7C B3D4 
 1266      2ED0 B384 
 1266      9C73 149C 
 1266      F284 
 1267 0693 8F33 A61A 		.ascii	"\2173\246\032{\013\"\253\342%,qP\232\\13\226e\334\366\361\272"
 1267      7B0B 22AB 
 1267      E225 2C71 
 1267      509A 5C31 
 1267      3396 65DC 
 1268 06aa F49B 63A3 		.ascii	"\364\233c\243\347 \226:\201\324\335\004\277g\354Z\013\340\002"
 1268      E720 963A 
 1268      81D4 DD04 
 1268      BF67 EC5A 
 1268      0BE0 02
 1269 06bd 0A6C 292F 		.ascii	"\nl)/LEy\360\225U+2^y\375\345\345\031O-[\2728\343\361\234Uod"
 1269      4C45 79F0 
 1269      9555 2B32 
 1269      5E79 FDE5 
 1269      E519 4F2D 
 1270 06da E7AC CB58 		.ascii	"\347\254\313X\366\334c\031K\326\344dg,~\341\331\20722W\257\\"
 1270      F6DC 6319 
 1270      4BD6 E464 
 1270      672C 7EE1 
 1270      D987 3232 
 1271 06f1 BB66 D5EA 		.ascii	"\273f\325\352\327^\242_\363\262\204\353\351\327_]\221\235\223"
 1271      D75E A25F 
 1271      F3B2 84EB 
 1271      E9D7 5F5D 
 1271      919D 93
 1272 0704 96F0 7EDE 		.ascii	"\226\360~\336\374\254\205+\026>\360p\266\360.\313\\\262\364\211"
 1272      FCAC 852B 
 1272      163E F070 
 1272      B6F0 2ECB 
 1272      5CB2 F489 
 1273 0718 F92F 3EBE 		.ascii	"\371/>\276\374\265\345J^\300\262\221\371\fB#\247\317g\277\272"
 1273      FCB5 E54A 
 1273      5EC0 B291 
 1273      F90C 4223 
 1273      A7CF 67BF 
 1274 072d 3672 4AB2 		.ascii	"6rJ\262gY\346\223\231O\263h.^\2712'{\335\272G~Ox\363\346\335"
 1274      6759 E693 
 1274      994F B368 
 1274      2E5E B932 
 1274      277B DDBA 
 1275 0748 2ACC BF8B 		.ascii	"*\314\277\213_\001\327\216\215\326"
 1275      5F01 D78E 
 1275      8DD6 
 1276               		.text
 1277               		.section	.gnu.lto_Endpoint_ConfigureEndpointTable.99fd4a1898ef1d51,"e",@progbits
 1278 0000 789C B557 		.string	"x\234\265WkPU\327\025\336\353\354s\356=\334\027\306\027\3425\210\t\206X;\3424\316h\037\31
 1278      6B50 55D7 
 1278      15DE EBEC 
 1278      73EE 3DDC 
 1278      17C6 17E2 
 1279 003c 0A37      		.ascii	"\n7"
 1280 003e 1009 91C4 		.string	"\020\t\221\304\211\230\332\221\200H@\004ESE\" \030\0254\276P\021\264\032%\006\272\326\336
 1280      8998 DA91 
 1280      8048 4004 
 1280      4553 4522 
 1280      2018 1534 
 1281 013f 1A6E 3FEC 		.string	"\032n?\354h\313"
 1281      68CB 00
 1282 0146 DA6A 3009 		.string	"\332j0\t\267-\235\365W\034|10\244\007\367\024_\324\023+\254<D=\026\233e\021(\207#\300\t\2
 1282      B72D 9DF5 
 1282      571C 7C31 
 1282      30A4 07F7 
 1282      145F D413 
 1283 018d 74F8 5202 		.ascii	"t\370R\002(\307\220\223<dP\220\211\214\224\256|>\262\313m\323"
 1283      28C7 9093 
 1283      3C64 5090 
 1283      898C 94AE 
 1283      7C3E B2CB 
 1284 01a3 C977 F2B9 		.ascii	"\311w\362\271\021l\200\334\372\321'\305\032\177[\300\266\\\312"
 1284      116C 80DC 
 1284      FAD1 27C5 
 1284      1A7F 5BC0 
 1284      B65C CA
 1285 01b6 AEE2 73CB 		.ascii	"\256\342s\313E\260]\201\227K\352vZ\226\337Bh\003\216\0224\004"
 1285      45B0 5D81 
 1285      974B EA76 
 1285      5A96 DF42 
 1285      6803 8E12 
 1286 01cc 7D83 2698 		.ascii	"}\203&\230\313X\362.\223\324\276m\356\254r\360\275 0NVd\257Q"
 1286      CB58 F22E 
 1286      93D4 BE6D 
 1286      EEAC 72F0 
 1286      BD20 304E 
 1287 01e4 1027 67A1 		.ascii	"\020'g\241c\233\343K\271\r\216Iu\351\0314\013\345\255f\230W\304"
 1287      639B E34B 
 1287      B90D 8E49 
 1287      75E9 1934 
 1287      0BE5 AD66 
 1288 01fb 13A0 24D6 		.ascii	"\023\240$\326\0026\341\261\377\373C_8y\225\002~\322=\344V\310"
 1288      0236 E1B1 
 1288      FFFB 435F 
 1288      3879 9502 
 1288      7ED2 3DE4 
 1289 0211 0335 331B 		.ascii	"\00353\033-\253\320\322\t\3738akc\330'\004\366e{8\366\t\201\253"
 1289      2DAB D0D2 
 1289      09FB 3861 
 1289      6B63 D827 
 1289      04F6 657B 
 1290 022a 41AB C2AD 		.ascii	"A\253\302\2558\325T\357\341\207$\356\371\234\\\313P\270\005m"
 1290      38D5 54EF 
 1290      E187 24EE 
 1290      F99C 5CCB 
 1290      50B8 056D 
 1291 023e C921 DC93 		.ascii	"\311!\334\223\021\331D\320\021#\034\364\024\202R\022Y\362\017"
 1291      11D9 44D0 
 1291      1123 1CF4 
 1291      1482 5212 
 1291      59F2 0F
 1292 0251 825F D7B0 		.ascii	"\202_\327\260\343\234\203\177!A?+\276\3477\324\005u\005\342k"
 1292      E39C 837F 
 1292      2141 3F2B 
 1292      BEE7 37D4 
 1292      0575 05E2 
 1293 0266 F2FC 19D6 		.ascii	"\362\374\031\326\037\350\212\376\031\341\354iH\244[\252\022\336"
 1293      1FE8 8AFE 
 1293      19E1 EC69 
 1293      48A4 5BAA 
 1293      12DE 
 1294 0278 1EED 6FFF 		.ascii	"\036\355o\377\207\216\216\344\251R\223\271S*,L\205\234A\371\262"
 1294      878E 8EE4 
 1294      A952 93B9 
 1294      532A 2C4C 
 1294      859C 41F9 
 1295 028d DDFD 0526 		.ascii	"\335\375\005&o\220\006/5\237/\321\203\006\023B\006\333\"\f\236"
 1295      6F90 062F 
 1295      359F 2FD1 
 1295      8306 1342 
 1295      06DB 220C 
 1296 02a2 9506 0F0B 		.ascii	"\225\006\017\013\203}\375"
 1296      837D FD
 1297 02a9 0359 D113 		.string	"\003Y\321\023\030l\2130x6h\360Fs\315\210\2237K\2037\217|\336\243\005\r\276\\\223\337\"\f\
 1297      186C 8B30 
 1297      7836 68F0 
 1297      4673 CD88 
 1297      9337 4B83 
 1298 03aa 5C41 8A31 		.ascii	"\\A\2121\321ic\307\224\266\252v\243\301\032\031\315\306\353\214"
 1298      D169 63C7 
 1298      94B6 AA76 
 1298      A3C1 1A19 
 1298      CDC6 EB8C 
 1299 03be DBB5 33F9 		.ascii	"\333\2653\371%\300Igj\264p\\\242t\\\0348\366P\303F\244\235NL"
 1299      25C0 4967 
 1299      6AB4 705C 
 1299      A274 5C1C 
 1299      38F6 50C3 
 1300 03d7 A21C 8CA0 		.ascii	"\242\034\214\240\234H\262I4\365\023\237\003\232\255\223\005{"
 1300      9C48 B249 
 1300      34F5 139F 
 1300      039A AD93 
 1300      057B 
 1301 03e9 0A23 ECA9 		.ascii	"\n#\354\251Bo\232X\2473\262\030#\326\031\244\037\213\213s&-^"
 1301      426F 9A58 
 1301      A733 B218 
 1301      23D6 19A4 
 1301      1F8B 8B73 
 1302 0400 5A66 11EF 		.ascii	"Zf\021\357y\\\\q\264\314&^<.\3569D\275@\313\213$\222@\006\031"
 1302      795C 5C71 
 1302      B4CC 265E 
 1302      3C2E EE39 
 1302      44BD 40CB 
 1303 041a CBE1 6C30 		.ascii	"\313\341l0\353\354K`50\266\215k\202\336\202\364u\260\366\224"
 1303      EBEC 4B60 
 1303      3530 B68D 
 1303      6B82 DE82 
 1303      F475 B0F6 
 1304 042f 4F11 9384 		.ascii	"O\021\223\204\3108\252/\2442\312\376L\024\271\206Y\312\335r\357"
 1304      C838 AA2F 
 1304      A432 CAFE 
 1304      4C14 B986 
 1304      59CA DD72 
 1305 0444 9249 6F09 		.ascii	"\222Io\tf\004\256\322\343\200\030\374\343\356\341\026\b\202\354"
 1305      6604 AED2 
 1305      E380 18FC 
 1305      E3EE E116 
 1305      0882 EC
 1306 0457 F30A D57E 		.ascii	"\363\n\325~\310x\232}\213\023\035\340\020\340\016\344l9\340\007"
 1306      C878 9A7D 
 1306      8B13 1DE0 
 1306      10E0 0EE4 
 1306      6C39 E007 
 1307 046b C9D0 9087 		.ascii	"\311\320\220\207x"
 1307      78
 1308 0470 9D17 CBCB 		.string	"\235\027\313\313\304\333d\202\001\337\"\036\312\374}L\206\007\370s(IHu\255\363$O\017w\202
 1308      C4DB 6482 
 1308      01DF 221E 
 1308      CAFC 7D4C 
 1308      8607 F873 
 1309 0571 8C2A 00   		.string	"\214*"
 1310 0574 BCE6 8B4D 		.string	"\274\346\213M\307@\001P\303\337\257+R\3326\030\f\336\263mp\270rI\250\226\003a\332\327k\03
 1310      C740 0150 
 1310      C3DF AF2B 
 1310      52DA 3618 
 1310      0CDE B36D 
 1311 061c 9F1A 1EBA 		.string	"\237\032\036\272\rC\1778\226x\3459J\t\200/C"
 1311      0D43 7F38 
 1311      9678 E539 
 1311      4A09 802F 
 1311      4300 
 1312 062e C3FE 2243 		.ascii	"\303\376\"C\002\304\004\370t\230\037\246\320K\n1\"\363\364\335"
 1312      02C4 04F8 
 1312      7498 1FA6 
 1312      D04B 0A31 
 1312      22F3 F4DD 
 1313 0642 6DE9 A174 		.ascii	"m\351\241t\211\243\351\222\026\270SU\214^\201KW\262\\\242\332"
 1313      89A3 E992 
 1313      16B8 5355 
 1313      8C5E 814B 
 1313      57B2 5CA2 
 1314 0657 498E 51D4 		.ascii	"I\216Q\324S)of\355\375A\0348\323\242z\036\334\204G0\235\322c"
 1314      5329 6F66 
 1314      EDFD 411C 
 1314      38D3 A27A 
 1314      1EDC 8447 
 1315 066f F608 5E4C 		.ascii	"\366\b^L\324\360\203\023\024\255s(\374\232o\253\274\t_\273\225"
 1315      D4F0 8313 
 1315      14AD 7328 
 1315      FC9A 6FAB 
 1315      BC09 5FBB 
 1316 0684 AF33 02DC 		.ascii	"\2573\002\334\240/\232\214\300c\227\034Q:\242"
 1316      A02F 9A8C 
 1316      C063 971C 
 1316      513A A2
 1317 0693 09DF E991 		.string	"\t\337\351\221\022\265(\336\251P\335\365F\354\372h'\306\240*\273X\004%\033\371\331\255\21
 1317      12B5 28DE 
 1317      A950 DDF5 
 1317      46EC FA68 
 1317      27C6 A02A 
 1318 0794 F014 161E 		.string	"\360\024\026\036=-"
 1318      3D2D 00
 1319 079b 4074 8C38 		.ascii	"@t\2148r\b3\265\342=\245l\\h\232*\241\034\001\274\003\021\275"
 1319      7208 33B5 
 1319      E23D A56C 
 1319      5C68 9A2A 
 1319      A11C 01BC 
 1320 07b2 833A 46BB 		.ascii	"\203:F\273\217-4\331\235?\005\201\242\203_\004\003\210\023\340"
 1320      8F2D 34D9 
 1320      9D3F 0581 
 1320      A283 5F04 
 1320      0388 13E0 
 1321 07c6 4E21 E6A4 		.ascii	"N!\346\244|\271z\212=\341"
 1321      7CB9 7A8A 
 1321      3DE1 
 1322 07d0 EDCF B0FD 		.ascii	"\355\317\260\375\277\007\257\247\366\222\013'\037\b\305\214\006"
 1322      BF07 AFA7 
 1322      F692 0B27 
 1322      1F08 C58C 
 1322      06
 1323 07e1 C25D B42E 		.ascii	"\302]\264.uE\322\272wW\247$\375\346\315_/M\372UZ\352\237|i\351"
 1323      7545 D2BA 
 1323      7757 A724 
 1323      FDE6 CD5F 
 1323      2F4D FA55 
 1324 07fb 496F BEBE 		.ascii	"Io\276\276,i\371;i\276\244\245o\275\266$\351\325\365\2536\274"
 1324      2C69 F93B 
 1324      69BE A4A5 
 1324      6FBD B624 
 1324      E9D5 F5AB 
 1325 0811 93BA 7EE3 		.ascii	"\223\272~\343\333\264[\260\222\031o\244\254X\347\213\035\307"
 1325      DBB4 5BB0 
 1325      9219 6FA4 
 1325      AC58 E78B 
 1325      1DC7 
 1326 0823 5EB0 70E5 		.ascii	"^\260p\345\342\025\213_\371\251\217\331_]\2771-\325\227\356X"
 1326      E215 8B5F 
 1326      F9A9 8FD9 
 1326      5F5D BF31 
 1326      2DD5 97EE 
 1327 0838 BEC6 B772 		.ascii	"\276\306\267r\355\262\3676\372\322\177\361\277\330Y\260`\"{k"
 1327      EDB2 F736 
 1327      FAD2 7FF1 
 1327      BFD8 59B0 
 1327      6022 7B6B 
 1328 084c 98FD B729 		.ascii	"\230\375\267)\351k\337JYg\373\335\273\177\\\341K\203T\373\322"
 1328      E96B DF4A 
 1328      5967 FBDD 
 1328      BB7F 5CE1 
 1328      4B83 54FB 
 1329 0861 55AB D27C 		.ascii	"U\253\322|\351\351\372\033\357m\360\351\257\247n\362\031\313"
 1329      E9E9 FA1B 
 1329      EF6D F0E9 
 1329      AFA7 6EF2 
 1329      19CB 
 1330 0873 52D6 AF4D 		.ascii	"R\326\257M7\204\255\177\003Yt\004\332"
 1330      3784 AD7F 
 1330      0359 7404 
 1330      DA
 1331               		.text
 1332               		.section	.gnu.lto_Endpoint_ClearEndpoints.99fd4a1898ef1d51,"e",@progbits
 1333 0000 789C 8D94 		.string	"x\234\215\224\177hSW\024\307\357y\367\275\344%Q\363\217\240R\250\"\210\b\3228\024\252`\30
 1333      7F68 5357 
 1333      14C7 EF79 
 1333      F7BD E425 
 1333      51F3 8FA0 
 1334 0093 C835 6102 		.string	"\3105a\002\333\253q\335\200\275\232\316 \016\340\374\362b\362\t\363\023\034\332\202C\277h
 1334      DBAB 71DD 
 1334      80BD 9ACE 
 1334      200E E0FC 
 1334      F262 F209 
 1335 015e 19E5 8076 		.ascii	"\031\345\200v,\204\314\034~E\013?\244\375B\217\021\027\311TP"
 1335      2C84 CC1C 
 1335      7E45 0B3F 
 1335      A4FD 428F 
 1335      1117 C954 
 1336 0173 C487 B21B 		.ascii	"\304\207\262\033\306\275S\200\321\254)\337.\026\345\334M/\017"
 1336      C6BD 5380 
 1336      D1AC 29DF 
 1336      2E16 E5DC 
 1336      4D2F 0F
 1337 0186 BD18 0B71 		.ascii	"\275\030\013qF\345g\200?\266\237kj\340\307\301\020\210\306\237"
 1337      46E5 6780 
 1337      3FB6 9F6B 
 1337      6AE0 C7C1 
 1337      1088 C69F 
 1338 019a C39A 2CC4 		.ascii	"\303\232,\304\b\264\215uL'\023\243\037\360\217\016\230\007x\224"
 1338      08B4 8D75 
 1338      4C27 13A3 
 1338      1FF0 8F0E 
 1338      9807 7894 
 1339 01ae EBB2 2223 		.ascii	"\353\262\"#\225\347\273=j\370\236N\245+\220\230\335\004\247\312"
 1339      95E7 BB3D 
 1339      6AF8 9E4E 
 1339      A52B 9098 
 1339      DD04 A7CA 
 1340 01c2 03E5 A2DE 		.ascii	"\003\345\242\336\035\345\006\334\206,\270\005Xh\270\003M\220"
 1340      1DE5 06DC 
 1340      862C B805 
 1340      5868 B803 
 1340      4D90 
 1341 01d4 0E30 505A 		.ascii	"\0160PZ\007\256P\250\026\257\214Df6\345\212VE\375\036\262Hw\272"
 1341      07AE 50A8 
 1341      16AF 8C44 
 1341      6636 E58A 
 1341      5645 FD1E 
 1342 01ec 17A0 5727 		.ascii	"\027\240W'\361P//G\275\334\326K\305\262"
 1342      F150 2F2F 
 1342      47BD DCD6 
 1342      4BC5 B2
 1343 01fb 7C67 4957 		.string	"|gIW\254\\\004\213\206k/S5W{\246Q\305\344\316\177N;\250f\230Y\305\300\276\217\006\331\021
 1343      AC5C 048B 
 1343      866B 2F53 
 1343      3557 7BA6 
 1343      51C5 E4CE 
 1344 02fc 8F71 AFEC 		.ascii	"\217q\257\354\003\271\351\277xO\344\261\273e\"\241Q\377L\253"
 1344      03B9 E9BF 
 1344      784F E4B1 
 1344      BB65 22A1 
 1344      51FF 4CAB 
 1345 0310 9AFE 9355 		.ascii	"\232\376\223U\265_\221\035\341&6\025\022\256V'\316\270T\373\002"
 1345      B55F 911D 
 1345      E126 3615 
 1345      12AE 5627 
 1345      CEB8 54FB 
 1346 0325 3C95 05B3 		.ascii	"<\225\005\263z4F=j\312v\246\377V\241S;\303\020hL-\311\366m\034"
 1346      7A34 463D 
 1346      6ACA 76A6 
 1346      FF56 A153 
 1346      3BC3 1068 
 1347 033f 0189 7E05 		.ascii	"\001\211~\005\201\327\355S\025\231\260c\301H\214+\254\023\236"
 1347      81D7 ED53 
 1347      1599 B063 
 1347      C148 8C2B 
 1347      AC13 9E
 1348 0352 C95B C1FE 		.ascii	"\311[\301\376\302\bxA\2641'r\371\345\002\004\033_\356\365\037"
 1348      C208 7841 
 1348      B431 2772 
 1348      F9E5 0204 
 1348      1B5F EEF5 
 1349 0367 78AF 5261 		.ascii	"x\257Ra\220\267\215\236\020\007\265X\021\247\341\242\255%\005"
 1349      90B7 8D9E 
 1349      1007 B558 
 1349      11A7 E1A2 
 1349      AD25 05
 1350 037a BEAD BBBE 		.ascii	"\276\255\273\276\333\354[\265~e\276\357\233\322\222\335\305\245"
 1350      DBEC 5BB5 
 1350      7E65 BEEF 
 1350      9BD2 92DD 
 1350      C5A5 
 1351 038c 65BE F5EB 		.ascii	"e\276\365\353\276\366-\337QZ\354\313\377v\355b\337\212\355E;"
 1351      BEF6 2DDF 
 1351      515A ECCB 
 1351      FF76 ED62 
 1351      DF8A ED45 
 1352 03a1 7794 6CFF 		.ascii	"w\224l\377~\023\215r\n\231\261b\315\352]\333f\374k:gAanA\356"
 1352      7E13 8D72 
 1352      0A99 B162 
 1352      CDEA 5DDB 
 1352      66FC 6B3A 
 1353 03bb C225 C5CC 		.ascii	"\302%\305\314\231_TTZ\\V\266\364\377\300sr&\n\262\205}\002\320"
 1353      995F 5454 
 1353      5A5C 56B6 
 1353      F4FF C073 
 1353      7226 0AB2 
 1354 03d3 6206 95   		.ascii	"b\006\225"
 1355               		.text
 1356               		.section	.gnu.lto_Endpoint_ClearStatusStage.99fd4a1898ef1d51,"e",@progbits
 1357 0000 789C 8D55 		.string	"x\234\215UMl\023W\020~\363\336zw\275^\233H\b\211\277C/\255\212T\305\034\252\212C\016P\332
 1357      4D6C 1357 
 1357      107E F3DE 
 1357      7A77 BD5E 
 1357      9B48 0889 
 1358 00c6 C7B3 7460 		.string	"\307\263t`\333y\304\020\246\022R\243\032\306\267\013\215\371\037\245\346\356\026\275\002\
 1358      DB79 C410 
 1358      A612 52A3 
 1358      1AC6 B70B 
 1358      8DF9 1FA5 
 1359 0157 6CAD A773 		.ascii	"l\255\247s\262\242\367\210\264P\200:\265\277\2752\023N@G\273"
 1359      B2A2 F788 
 1359      B450 803A 
 1359      B5BF BD32 
 1359      134E 4047 
 1360 016c 8E91      		.ascii	"\216\221"
 1361 016e 0CB5 8BC1 		.string	"\f\265\213\301R\371\342\020|\003\031H\213\020d!\001p\036\2268;g\367\354<\251.\377\216F\36
 1361      52F9 E210 
 1361      7C03 1948 
 1361      8B10 6421 
 1361      0170 1E96 
 1362 026f 052E 21CC 		.ascii	"\005.!\314\031D\357\201K\246\234\205\201\230\201\311\307\267"
 1362      1944 EF81 
 1362      4BA6 9C85 
 1362      8198 81C9 
 1362      C7B7 
 1363 0281 4062 185C 		.ascii	"@b\030\\vg\321-Bg\036\f\316\367\371O\246D\215\177\341i=\377\203"
 1363      7667 D12D 
 1363      4267 1E0C 
 1363      CEF7 F94F 
 1363      A644 8D7F 
 1364 029a 21E1 F2E7 		.string	"!\341\362\347\330\313\025\217\377\324\323E\263\370s\270:\227?be\020\256y\374G\005\371\266
 1364      D8CB 158F 
 1364      FFD4 D345 
 1364      B3F8 73B8 
 1364      3A97 3F62 
 1365 039b 4046 3B72 		.ascii	"@F;r\264|}c\353\007\361\215\333>~?\276f\375;\253\342o\265\265"
 1365      B47C 7D63 
 1365      EB07 F18D 
 1365      DB3E 7E3F 
 1365      BE66 FD3B 
 1366 03b4 7EB6 A16D 		.ascii	"~\266\241mK|\375\2727\343\2537\267m\210\257zw\355\212\370\333"
 1366      4B7C FDBA 
 1366      37E3 AB37 
 1366      B76D 88AF 
 1366      7A77 ED8A 
 1367 03ca 9B3E FA74 		.ascii	"\233>\372ts\353\246\255\357\321\252\371C\326\362\"I\315\315\317"
 1367      73EB A6AD 
 1367      EFD1 AAF9 
 1367      43D6 F222 
 1367      49CD CDCF 
 1368 03de 4BFE 84FD 		.ascii	"K\376\204\375\017\210jhD"
 1368      0F88 6A68 
 1368      44
 1369               		.text
 1370               		.section	.gnu.lto_Endpoint_WaitUntilReady.99fd4a1898ef1d51,"e",@progbits
 1371 0000 789C 9556 		.ascii	"x\234\225VkLTG\024\236s\347\336}\334]@\241\2656h\302\037\223"
 1371      6B4C 5447 
 1371      149E 73E7 
 1371      DE7D DC5D 
 1371      40A1 B536 
 1372 0018 5A53 30D1 		.ascii	"ZS0\321\32461M\255"
 1372      D436 314D 
 1372      AD
 1373 0021 D6C4 6A9B 		.string	"\326\304j\233Fk\377\032\265\333H\"\320\254\340_/\013\025[,R\024V\250\013\bA\264\266\245\2
 1373      466B FF1A 
 1373      B5DB 4822 
 1373      D0AC E05F 
 1373      2F0B 155B 
 1374 0122 9D07 CC53 		.string	"\235\007\314S\353\275w0jF%O\334\366\303\224\013\232\266S\223\313(\205c@Y\362\243\020\017u
 1374      EBBD 7730 
 1374      6A46 254F 
 1374      DCF6 C394 
 1374      0B9A B653 
 1375 017b 1384 57D1 		.ascii	"\023\204W\321\np\002L\274\216\206\235\365;U\352\344{\271\003"
 1375      0A70 024C 
 1375      BC8E 869D 
 1375      F53B 55EA 
 1375      E47B B903 
 1376 018f ADED 4A08 		.ascii	"\255\355J\bi\315\3240\322\306\211H\275|\277\256\307\327=&\372"
 1376      69CD D430 
 1376      D2C6 8948 
 1376      BD7C BFAE 
 1376      C7D7 3D26 
 1377 01a4 25F0 F0ED 		.ascii	"%\360\360\355e\271\373BP\317\3754\245A\017'pj<\330\3521`\177"
 1377      65B9 FB42 
 1377      50CF FD34 
 1377      A541 0F27 
 1377      706A 3CD8 
 1378 01bc 47B0 2711 		.ascii	"G\260'\021,\203I\226\356\211X\313F\361\264\362!\367\022\002\247"
 1378      2C83 4996 
 1378      EE89 58CB 
 1378      46F1 B4F2 
 1378      21F7 1202 
 1379 01d1 C184 B049 		.ascii	"\301\204\260ID\034\2013X\026\257\003\3748#\204\206\352f)k.*>"
 1379      441C 8133 
 1379      5816 AF03 
 1379      FC38 2384 
 1379      86EA 6629 
 1380 01e9 EDD9 F31C 		.ascii	"\355\331\363\034\315\027\230\265\373\300\264\227\200\260U\211"
 1380      CD17 98B5 
 1380      FBC0 B497 
 1380      80B0 5589 
 1381 01f9 B075 4A10 		.ascii	"\260uJ\020\226\211O\315\2049[\370\242\025\315\262\212\203bc\203"
 1381      9689 4FCD 
 1381      8439 5BF8 
 1381      A215 CDB2 
 1381      8A83 6263 
 1382 020e 9D0D 5138 		.ascii	"\235\rQ8\230\242\331,\206\r\223\3300\231\r\261\3149\216\307\021"
 1382      98A2 D92C 
 1382      860D 93D8 
 1382      3099 0DB1 
 1382      CC39 8EC7 
 1383 0223 924B C999 		.ascii	"\222K\311\231\226\247o\200\346#d+\225\370<\013\347}\240U\374"
 1383      96A7 6F80 
 1383      E623 642B 
 1383      95F8 3C0B 
 1383      E77D A055 
 1384 0238 5528 F1CA 		.ascii	"U(\361\312\372\300U\236\312\245\300\020\306|\325\241_b\330\221"
 1384      FAC0 559E 
 1384      CAA5 C010 
 1384      C67C D5A1 
 1384      5F62 D891 
 1385 024c 21D0 4BA0 		.ascii	"!\320K\240\tye\336"
 1385      0979 65DE 
 1386 0254 FB8B 42DE 		.string	"\373\213B\336Z\317\355\302\242\346\351c\311\350\312mR\226p\2468\033\320,\\\203\267\013K\2
 1386      5ACF EDC2 
 1386      A2E6 E963 
 1386      C9E8 CA6D 
 1386      5296 70A6 
 1387 0355 6DE8 760B 		.string	"m\350v\013\262\373\033\237\230\304n6\3648=|\3672\b\017\002W\305\205\033\005\360\3208\312\
 1387      B2FB 1B9F 
 1387      98C4 6E36 
 1387      F438 3D7C 
 1387      F732 080F 
 1388 0400 1030 6A2E 		.string	"\0200j.\2721\266f\031:\307\327\214\316\302\b]\0215w1\200\321/\252\261;\362\020\304\b\347\
 1388      BA31 B666 
 1388      193A C7D7 
 1388      8CCE C208 
 1388      5D11 3577 
 1389 0441 7FBC 7037 		.string	"\177\274p7\243\315\263\267\345\2715\033\\\231\026\244\275\2225~\326\240\033\363K\315\f\22
 1389      A3CD B3B7 
 1389      E5B9 351B 
 1389      5C99 16A4 
 1389      BD92 357E 
 1390 04c9 B237 FB9B 		.string	"\2627\373\233K\005\331\372\245\036bg\266\241,\330d\013\3539h\3509\024\251\347d\021\274\24
 1390      4B05 D9FA 
 1390      A51E 6267 
 1390      B6A1 2CD8 
 1390      640B EB39 
 1391 05c8 7CCD 8103 		.ascii	"|\315\201\003q\261\227\214\314]\237\274&i}\306\347\253\223\226"
 1391      71B1 978C 
 1391      CC5D 9FBC 
 1391      2669 7DC6 
 1391      E7AB 9396 
 1392 05dc AD5C BC20 		.ascii	"\255\\\274 i\2213y\243\303\271!i\345\212\367\222\026\2469\035"
 1392      6991 3379 
 1392      A3C3 B921 
 1392      69E5 8AF7 
 1392      9216 A639 
 1393 05f1 490B 3E5D 		.ascii	"I\013>]\376V\322\373\251\237}\221\226\234\232\276\212}%\256%"
 1393      FE56 D2FB 
 1393      A99F 7D91 
 1393      969C 9ABE 
 1393      8A7D 25AE 
 1394 0606 711F 3B1D 		.ascii	"q\037;\035\033\223\32326,v\256Nq|\224\221\262\306\341|u\234S"
 1394      1B93 D332 
 1394      362C 76AE 
 1394      4E71 7C94 
 1394      91B2 C6E1 
 1395 061e E2EC B5F3 		.ascii	"\342\354\265\363\326\314\233\363\266\203\330?INq\244e\244\177"
 1395      D6CC 9BF3 
 1395      B683 D83F 
 1395      494E 71A4 
 1395      65A4 7F
 1396 0631 B862 B923 		.ascii	"\270b\271#%va\206\323\351HM\217\210\214\303\315V-\302\204k\035"
 1396      2576 6186 
 1396      D3E9 484D 
 1396      8F88 8CC3 
 1396      CD56 2DC2 
 1397 0648 2BD2 57A7 		.ascii	"+\322W\247;V-[\270\354\203\377\002+1\361\337\377\213\\\002\307"
 1397      3B56 2D5B 
 1397      B8EC 83FF 
 1397      022B 31F1 
 1397      DFFF 8B5C 
 1398 065e 3A32 FFFF 		.ascii	":2\377\377\244\032[\304:\362\017\336\352\313/"
 1398      A41A 5BC4 
 1398      3AF2 0FDE 
 1398      EACB 2F
 1399               		.text
 1400               		.section	.gnu.lto_.symbol_nodes.99fd4a1898ef1d51,"e",@progbits
 1401 0000 789C E360 		.string	"x\234\343``dX\300"
 1401      6064 58C0 
 1401      00
 1402 0009 044C D718 		.string	"\004L\327\030\352\031\332\256\374\323e\234p\216\001\310d\330\325\340\b\224\003\311\\e\250
 1402      EA19 DAAE 
 1402      FCD3 659C 
 1402      708E 01C8 
 1402      64D8 D5E0 
 1403 0064 330E 2B10 		.ascii	"3\016+\020"
 1404               		.text
 1405               		.section	.gnu.lto_.refs.99fd4a1898ef1d51,"e",@progbits
 1406 0000 789C E360 		.string	"x\234\343``d\020d```ff`ab`ec`\025e\004\022J\f"
 1406      6064 1064 
 1406      6060 6066 
 1406      6660 6162 
 1406      6065 6360 
 1407 001b 04B7 00   		.string	"\004\267"
 1408 001e 7A        		.ascii	"z"
 1409               		.text
 1410               		.section	.gnu.lto_.decls.99fd4a1898ef1d51,"e",@progbits
 1411 0000 789C 9D57 		.ascii	"x\234\235WyPTG\032\177\375z.f\0065jb\022\334\254k\231\252\374"
 1411      7950 5447 
 1411      1A7F FD7A 
 1411      2E66 0635 
 1411      6A62 12DC 
 1412 0019 9115 B3D9 		.ascii	"\221\025\263\331J\342\326n\231x$1\225\230\224Gv\335?\226\032"
 1412      4AE2 D66E 
 1412      9978 2431 
 1412      9598 9447 
 1412      76DD 3F96 
 1413 002e E125 CE3A 		.ascii	"\341%\316:\031\022f\2101\265U\373\004D\215\221\240\021\021!\310"
 1413      1912 6688 
 1413      31B5 55FB 
 1413      0444 8D91 
 1413      A011 1121 
 1414 0043 2104 0F82 		.ascii	"!\004\017\202\021\021\005\324\021\004\004D9\302!\b\242\"( xD"
 1414      1111 05D4 
 1414      1104 0444 
 1414      39C2 2108 
 1414      A222 2820 
 1415 0059 0D78 B05F 		.ascii	"\rx\260_w\277k\320\331h^U\363\346\373\372\353\357\367\373\216"
 1415      77BF 6BD0 
 1415      D968 5E55 
 1415      F3E6 FBFA 
 1415      EBEF F7FB 
 1416 006e EE7E 9838 		.ascii	"\356~\2308\304\331\307q\334?t\0347\215\347\270ax\f\034\307\325"
 1416      C4D9 C771 
 1416      DC3F 741C 
 1416      378D E7B8 
 1416      6178 0C1C 
 1417 0084 C2C0 308E 		.ascii	"\302\3000\216\300h\202\321\314\261G\017\343\002\214^\030\375"
 1417      C068 82D1 
 1417      CCB1 470F 
 1417      E302 8C5E 
 1417      18FD 
 1418 0096 30AE C2B8 		.ascii	"0\256\302\270\001\003\226rF\304qf\304y=\345"
 1418      0103 9672 
 1418      46C4 7166 
 1418      C479 3DE5 
 1419 00a6 201B E17D 		.string	" \033\341}V\362U\nc\"\f\013\350\375`\214B\336~\307\203<\001\306\2630&\215\360E\236&\320=!
 1419      56F2 550A 
 1419      6322 0C0B 
 1419      E8FD 608C 
 1419      42DE 7EC7 
 1420 01a7 342D 8043 		.string	"4-\200C\207\021\365}\b\005\242B\024\200\n\020\350\216 3,\211.\215-\364\007\344\261f\304\2
 1420      8711 F57D 
 1420      0805 A242 
 1420      1480 0A10 
 1420      E88E 2033 
 1421 0224 7314 9C7A 		.string	"s\024\234zH<\025\210\256 @\307AW\316\200\212<\337\376d\306n\272\270\261-=\0051\372z\020/\
 1421      483C 1588 
 1421      AE20 40C7 
 1421      4157 CE80 
 1421      8A3C DFFE 
 1422 029f D9BC 7862 		.string	"\331\274xb\224\350Y\211\251m\325\b\333@o\323\312\211\253\250i%\230\226I\246r\0228\266B5\2
 1422      94E8 5989 
 1422      A96D D508 
 1422      DB40 6FD3 
 1422      CA89 ABA8 
 1423 0399 6835 AD91 		.string	"h5\255\221\030;\006)5j\207\032\235E~\034\352"
 1423      183B 0629 
 1423      356A 871A 
 1423      9D45 7E1C 
 1423      EA00 
 1424 03ab 8373 50A1 		.ascii	"\203sP\241\004\321D\025\t\"Tt\f\375\t>\267\237\313lA\023\342"
 1424      04D1 4415 
 1424      0922 5474 
 1424      0CFD 093E 
 1424      B79F CB6C 
 1425 03c2 48D7 7988 		.ascii	"H\327y\210\232\350\225f=\217&p\250\r\351X$m\371\r\227\255\223"
 1425      9AE8 9566 
 1425      3D8F 2670 
 1425      A80D E958 
 1425      246D F90D 
 1426 03d9 53C4 8E0E 		.ascii	"S\304\216\016\3213|hZ74Q$,\323\0213\324\002p\320\0174\001-\344"
 1426      D133 7C68 
 1426      5A37 3451 
 1426      242C D311 
 1426      33D4 0270 
 1427 03f3 AC44 A701 		.ascii	"\254D\247\001u\306%\035\207.\240\311\260\272\371F\361\r#\336"
 1427      75C6 251D 
 1427      872E A0C9 
 1427      B0BA F946 
 1427      F10D 23DE 
 1428 0407 CEFB CC43 		.ascii	"\316\373\314C\374\205U\303\376\254\377E\266\365\251\263.\326"
 1428      FC85 55C3 
 1428      FEAC FF45 
 1428      B6F5 A9B3 
 1428      2ED6 
 1429 0419 F652 36D3 		.ascii	"\366R6\323Og\f\362\262Q\224dD\267\207\267]qsb\252A\273\035\272"
 1429      4F67 0CF2 
 1429      B251 9464 
 1429      44B7 87B7 
 1429      5D71 7362 
 1430 0432 BDDA FC92 		.ascii	"\275\332\374\222\274\035\nZ\256\3640\"\240B\027Y\236\023\223"
 1430      BC1D 0A5A 
 1430      AEF4 3022 
 1430      A042 1759 
 1430      9E13 93
 1431 0445 FA76 E87C 		.ascii	"\372v\350|\345\244\207\344\344\262\234"
 1431      E5A4 87E4 
 1431      E4B2 9C
 1432 0450 93EC AEC8 		.string	"\223\354\256\310\265:)'=\213\304\257Eb\017&\250S\223\217N5\037\365z\016\365\322|\264\235\
 1432      B53A 2927 
 1432      3D8B C4AF 
 1432      4562 0F26 
 1432      A853 938F 
 1433 0551 3437 067B 		.ascii	"47\006{\033\255\270\232"
 1433      1BAD B89A 
 1434 0559 4E1B 3A5B 		.string	"N\033:[\217\235\267\"\270\266\340\356b\027\300\300\320\244\354\242M\364\036\"\027\306/\02
 1434      8F9D B722 
 1434      B8B6 E0EE 
 1434      6217 C0C0 
 1434      D0A4 ECA2 
 1435 065a ADE7 03D8 		.string	"\255\347\003\330a-\326\"\252\245\302\325\031\314\002\376\220\034\366\234\335g\321\236s\20
 1435      612D D622 
 1435      AAA5 C2D5 
 1435      19CC 02FE 
 1435      901C F69C 
 1436 06f7 9B01 201E 		.string	"\233\001 \036"
 1436      00
 1437 06fc E254 8073 		.string	"\342T\200s"
 1437      00
 1438 0701 104F 015A 		.string	"\020O\001Z6\256iDx\320\027@dI{\202U\0028\377\256\027\300\026\005 \001"
 1438      36AE 6944 
 1438      78D0 1740 
 1438      6449 7B82 
 1438      5502 38FF 
 1439 071d B602 C016 		.string	"\266\002\300\026\025\240\027"
 1439      15A0 1700 
 1440 0725 B652 80BE 		.ascii	"\266R\200\276\204\037W\032\361\006\203\017\200\350\326\225i\030"
 1440      841F 571A 
 1440      F106 830F 
 1440      80E8 D695 
 1440      6918 
 1441 0737 7FCF A6F7 		.ascii	"\177\317\246\367\255\255;@\247\277\223\247\007\013W'\033\036"
 1441      ADAD 3B40 
 1441      A7BF 93A7 
 1441      070B 5727 
 1441      1B1E 
 1442 0749 7A0D A164 		.ascii	"z\r\241d\3104\332\306k\016\327S\255E\367,\022\331\342\177)d\301"
 1442      C834 DAC6 
 1442      6B0E D753 
 1442      AD45 F72C 
 1442      12D9 E27F 
 1443 0760 0625 2A64 		.ascii	"\006%*d\223\200l\n\220MT\311\326\003\331\024J6\252\363\306\240"
 1443      9380 6C0A 
 1443      904D 54C9 
 1443      D603 D914 
 1443      4A36 AAF3 
 1444 0776 45FE CA8F 		.ascii	"E\376\312\217\372\265\257|\224J\372\017\357>\220\322\355\257"
 1444      FAB5 AF7C 
 1444      944A FA0F 
 1444      EF3E 90D2 
 1444      EDAF 
 1445 0788 E9E6 8891 		.ascii	"\351\346\210\221\335\234Fz5\035\272y;\317>A\322\224F\376/\233"
 1445      DD9C 467A 
 1445      351D BA79 
 1445      3BCF 3E41 
 1445      D294 46FE 
 1446 079e 4CA3 8D5C 		.ascii	"L\243\215\\\0301\360-\257md\362Q\2416r\006k\344\f\332\310\211"
 1446      1831 F02D 
 1446      AF6D 64F2 
 1446      51A1 3672 
 1446      066B E40C 
 1447 07b5 AB8B 0A46 		.ascii	"\253\213\nF\343\002\226\267\354\210;\245&\334\300\204\353\355"
 1447      E302 96B7 
 1447      EC88 3BA5 
 1447      26DC C084 
 1447      EBED 
 1448 07c7 67B2 AC24 		.ascii	"g\262\254$\211\337\313I\354"
 1448      89DF CB49 
 1448      EC
 1449 07d0 1E1A 6CF5 		.string	"\036\032l\365\223\263\216\262x\335o\372\207\346\322\315\316V\3669\266\223\227\267\303\203
 1449      93B3 8EB2 
 1449      78DD 6FFA 
 1449      87E6 D2CD 
 1449      CE56 F639 
 1450 087b F7D3 00   		.string	"\367\323"
 1451 087e BB32 32FB 		.string	"\27322\373u\332\266\210\366\272\207\362Y[\344\323\266\270\273o\323g\370\226\257\\\f\026\0
 1451      75DA B688 
 1451      F6BA 87F2 
 1451      595B E4D3 
 1451      B6B8 BB6F 
 1452 08a9 2A07 542A 		.string	"*\007T*\371\260?\n(\225\326\303\273\263\364x\275\321\207\377\306\270\204*?\371\264\370\32
 1452      F9B0 3F0A 
 1452      2895 D6C3 
 1452      BBB3 F478 
 1452      BDD1 87FF 
 1453 08cb 8A00      		.string	"\212"
 1454 08cd E010 00   		.string	"\340\020"
 1455 08d0 14AA 00   		.string	"\024\252"
 1456 08d3 E900      		.string	"\351"
 1457 08d5 7088 6DC0 		.string	"p\210m\300\234[\345:\274\315\027@\341\316\241\\\345\274\373\267W\004\207\025\200#"
 1457      9C5B E53A 
 1457      BCCD 1740 
 1457      E1CE A15C 
 1457      E5BC FBB7 
 1458 08f0 E001 80C3 		.string	"\340\001\200\303*@)"
 1458      2A40 2900 
 1459 08f8 7828 C040 		.string	"x(\300@Ig\262\025\357\365\005P\222^\337\"\037!=_xEpT\001(\006\200\022"
 1459      4967 B215 
 1459      EFF5 0550 
 1459      925E DF22 
 1459      1F21 3D5F 
 1460 0916 38AA 0264 		.string	"8\252\002d\003@\t\005\330\032\327\033\255gW\350\243\355\253}\033\343r\255\332\362\036\363
 1460      0340 0905 
 1460      D81A D71B 
 1460      AD67 57E8 
 1460      A3ED AB7D 
 1461 09a4 8EA7 8063 		.string	"\216\247\200c\225\312q\003\354\250S\224c\364\252\330V#.\363\3051C\274\236-_\335\367\2075\
 1461      95CA 7103 
 1461      ECA8 5394 
 1461      63F4 AAD8 
 1461      5623 2EF3 
 1462 09ce 51A3 42C4 		.string	"Q\243B\304A\033\200\212{\331a_\022\350\b\377\310\026\370\356\2427\337\b\234\035f\377\\\bs
 1462      411B 808A 
 1462      7BD9 615F 
 1462      12E8 08FF 
 1462      C816 F8EE 
 1463 0aa6 C41D 160A 		.ascii	"\304\035\026\n\212\317\302\005\227\333\260|\2563D\370\302\260"
 1463      8ACF C205 
 1463      97DB B07C 
 1463      AE33 44F8 
 1463      C2B0 
 1464 0ab8 FC43 9B23 		.ascii	"\374C\233#\\0-\221\324\376K>\221~\221\374\032>\265\005/\023B"
 1464      5C30 2D91 
 1464      D4FE 4B3E 
 1464      917E 91FC 
 1464      1A3E B505 
 1465 0acf 8CCB DF15 		.ascii	"\214\313\337\025\234\037\273\227\276\375\210)\035\371^\340\016"
 1465      9C1F BB97 
 1465      BEFD 8829 
 1465      1DF9 5EE0 
 1465      0E
 1466 0ae0 D138 9513 		.ascii	"\3218\225\023-\251\202\336\006\206BX\220{\372cz\207\211\2056"
 1466      2DA9 82DE 
 1466      0686 4258 
 1466      907B FA63 
 1466      7A87 8985 
 1467 0af5 D732 7037 		.ascii	"\3272p7\232\270\233-|n\017\026H24iX 8\204`\267,\372\333\034\313"
 1467      9AB8 9B2D 
 1467      7C6E 0F16 
 1467      4832 3469 
 1467      5820 3884 
 1468 0b10 6D2B 5C41 		.ascii	"m+\\Av\247\303\356\024\376\3728x\336\265[\312=\255(f\333]\244"
 1468      76A7 C3EE 
 1468      14FE FA38 
 1468      78DE B55B 
 1468      CA3D AD28 
 1469 0b28 58B2 AC62 		.ascii	"X\262\254b\317qj\365O*\372\271.\245\334!c\227\333\302\234A\341"
 1469      CF71 6AF5 
 1469      4F2A FAB9 
 1469      2EA5 DC21 
 1469      6397 DBC2 
 1470 0b3f CE70 9710 		.ascii	"\316p\227\020\022\004\275\033\356p?\253\030\316\\\341\026\\\013"
 1470      1204 BD1B 
 1470      EE70 3FAB 
 1470      18CE 5CE1 
 1470      165C 0B
 1471 0b52 43E7 7C40 		.ascii	"C\347|@\272\374=\bU\037\034\352ti\f\036h\233\2474 \357/Z8_\b"
 1471      BAFC 3D08 
 1471      551F 1CEA 
 1471      7469 0C1E 
 1471      689B A734 
 1472 0b6d 1620 A890 		.ascii	"\026 \250\220'\274\033\006f\306j\f\347\316\243=2\306\333h\356"
 1472      27BC 1B06 
 1472      66C6 6A0C 
 1472      E7CE A33D 
 1472      32C6 DB68 
 1473 0b82 BC67 D4AC 		.ascii	"\274g\324\254\006\275%\270\337\f\263}\"\314\013\377d\211\020"
 1473      06BD 25B8 
 1473      DF0C B37D 
 1473      22CC 0BFF 
 1473      6489 10
 1474 0b95 F6CE 6FEC 		.ascii	"\366\316o\354\003\372\226<Jy\374\235\202\n\020\362\357\331\366"
 1474      03FA 963C 
 1474      4A79 FC9D 
 1474      820A 10F2 
 1474      EFD9 F6
 1475 0ba8 30A8 9A3D 		.ascii	"0\250\232=\324\251\245\t\225u8\204\220\377\001\3619)\372"
 1475      D4A9 A509 
 1475      9575 3884 
 1475      90FF 01F1 
 1475      3929 FA
 1476               		.text
 1477               		.section	.gnu.lto_.symtab.99fd4a1898ef1d51,"e",@progbits
 1478 0000 456E 6470 		.string	"Endpoint_ConfigureEndpoint_Prv"
 1478      6F69 6E74 
 1478      5F43 6F6E 
 1478      6669 6775 
 1478      7265 456E 
 1479 001f 00        		.string	""
 1480 0020 00        		.string	""
 1481 0021 00        		.string	""
 1482 0022 00        		.string	""
 1483 0023 00        		.string	""
 1484 0024 00        		.string	""
 1485 0025 00        		.string	""
 1486 0026 00        		.string	""
 1487 0027 00        		.string	""
 1488 0028 00        		.string	""
 1489 0029 00        		.string	""
 1490 002a E300      		.string	"\343"
 1491 002c 00        		.string	""
 1492 002d 00        		.string	""
 1493 002e 456E 6470 		.string	"Endpoint_ConfigureEndpointTable"
 1493      6F69 6E74 
 1493      5F43 6F6E 
 1493      6669 6775 
 1493      7265 456E 
 1494 004e 00        		.string	""
 1495 004f 00        		.string	""
 1496 0050 00        		.string	""
 1497 0051 00        		.string	""
 1498 0052 00        		.string	""
 1499 0053 00        		.string	""
 1500 0054 00        		.string	""
 1501 0055 00        		.string	""
 1502 0056 00        		.string	""
 1503 0057 00        		.string	""
 1504 0058 00        		.string	""
 1505 0059 EB00      		.string	"\353"
 1506 005b 00        		.string	""
 1507 005c 00        		.string	""
 1508 005d 456E 6470 		.string	"Endpoint_ClearEndpoints"
 1508      6F69 6E74 
 1508      5F43 6C65 
 1508      6172 456E 
 1508      6470 6F69 
 1509 0075 00        		.string	""
 1510 0076 00        		.string	""
 1511 0077 00        		.string	""
 1512 0078 00        		.string	""
 1513 0079 00        		.string	""
 1514 007a 00        		.string	""
 1515 007b 00        		.string	""
 1516 007c 00        		.string	""
 1517 007d 00        		.string	""
 1518 007e 00        		.string	""
 1519 007f 00        		.string	""
 1520 0080 EE00      		.string	"\356"
 1521 0082 00        		.string	""
 1522 0083 00        		.string	""
 1523 0084 456E 6470 		.string	"Endpoint_ClearStatusStage"
 1523      6F69 6E74 
 1523      5F43 6C65 
 1523      6172 5374 
 1523      6174 7573 
 1524 009e 00        		.string	""
 1525 009f 00        		.string	""
 1526 00a0 00        		.string	""
 1527 00a1 00        		.string	""
 1528 00a2 00        		.string	""
 1529 00a3 00        		.string	""
 1530 00a4 00        		.string	""
 1531 00a5 00        		.string	""
 1532 00a6 00        		.string	""
 1533 00a7 00        		.string	""
 1534 00a8 00        		.string	""
 1535 00a9 F000      		.string	"\360"
 1536 00ab 00        		.string	""
 1537 00ac 00        		.string	""
 1538 00ad 456E 6470 		.string	"Endpoint_WaitUntilReady"
 1538      6F69 6E74 
 1538      5F57 6169 
 1538      7455 6E74 
 1538      696C 5265 
 1539 00c5 00        		.string	""
 1540 00c6 00        		.string	""
 1541 00c7 00        		.string	""
 1542 00c8 00        		.string	""
 1543 00c9 00        		.string	""
 1544 00ca 00        		.string	""
 1545 00cb 00        		.string	""
 1546 00cc 00        		.string	""
 1547 00cd 00        		.string	""
 1548 00ce 00        		.string	""
 1549 00cf 00        		.string	""
 1550 00d0 F300      		.string	"\363"
 1551 00d2 00        		.string	""
 1552 00d3 00        		.string	""
 1553 00d4 5553 425F 		.string	"USB_ControlRequest"
 1553      436F 6E74 
 1553      726F 6C52 
 1553      6571 7565 
 1553      7374 00
 1554 00e7 00        		.string	""
 1555 00e8 02        		.ascii	"\002"
 1556 00e9 00        		.string	""
 1557 00ea 00        		.string	""
 1558 00eb 00        		.string	""
 1559 00ec 00        		.string	""
 1560 00ed 00        		.string	""
 1561 00ee 00        		.string	""
 1562 00ef 00        		.string	""
 1563 00f0 00        		.string	""
 1564 00f1 00        		.string	""
 1565 00f2 0701 00   		.string	"\007\001"
 1566 00f5 00        		.string	""
 1567 00f6 5553 425F 		.string	"USB_DeviceState"
 1567      4465 7669 
 1567      6365 5374 
 1567      6174 6500 
 1568 0106 00        		.string	""
 1569 0107 02        		.ascii	"\002"
 1570 0108 00        		.string	""
 1571 0109 00        		.string	""
 1572 010a 00        		.string	""
 1573 010b 00        		.string	""
 1574 010c 00        		.string	""
 1575 010d 00        		.string	""
 1576 010e 00        		.string	""
 1577 010f 00        		.string	""
 1578 0110 00        		.string	""
 1579 0111 0A01 00   		.string	"\n\001"
 1580 0114 00        		.string	""
 1581               		.text
 1582               		.section	.gnu.lto_.opts,"e",@progbits
 1583 0000 272D 666E 		.string	"'-fno-openmp' '-fno-openacc' '-fno-pie' '-mn-flash=1' '-mno-skip-bug' '-mmcu=avr5' '-Os' 
 1583      6F2D 6F70 
 1583      656E 6D70 
 1583      2720 272D 
 1583      666E 6F2D 
 1584               		.text
 1585               		.comm	__gnu_lto_v1,1,1
 1586               		.comm	__gnu_lto_slim,1,1
 1587               		.ident	"GCC: (GNU) 9.2.0"
DEFINED SYMBOLS
                            *ABS*:0000000000000000 Endpoint_AVR8.c
/var/folders/xx/3qcqnrxj7md526g3lvyld9680000gn/T//ccb9Bvbe.s:2      *ABS*:000000000000003e __SP_H__
/var/folders/xx/3qcqnrxj7md526g3lvyld9680000gn/T//ccb9Bvbe.s:3      *ABS*:000000000000003d __SP_L__
/var/folders/xx/3qcqnrxj7md526g3lvyld9680000gn/T//ccb9Bvbe.s:4      *ABS*:000000000000003f __SREG__
/var/folders/xx/3qcqnrxj7md526g3lvyld9680000gn/T//ccb9Bvbe.s:5      *ABS*:0000000000000000 __tmp_reg__
/var/folders/xx/3qcqnrxj7md526g3lvyld9680000gn/T//ccb9Bvbe.s:6      *ABS*:0000000000000001 __zero_reg__
/var/folders/xx/3qcqnrxj7md526g3lvyld9680000gn/T//ccb9Bvbe.s:20     .gnu.debuglto_.debug_info:0000000000000000 Endpoint_AVR8.c.0c7b739e
                            *COM*:0000000000000001 __gnu_lto_v1
                            *COM*:0000000000000001 __gnu_lto_slim

NO UNDEFINED SYMBOLS
