   1               		.file	"USBController_AVR8.c"
   2               	__SP_H__ = 0x3e
   3               	__SP_L__ = 0x3d
   4               	__SREG__ = 0x3f
   5               	__tmp_reg__ = 0
   6               	__zero_reg__ = 1
   7               		.section	.gnu.lto_.profile.daf8167eb4bcde19,"",@progbits
   8 0000 789C 6363 		.string	"x\234cc```\005bF\206.Fw"
   8      6060 6005 
   8      6246 862E 
   8      4677 00
   9 000f 0274 00   		.string	"\002t"
  10 0012 DF        		.ascii	"\337"
  11               		.text
  12               		.section	.gnu.lto_.icf.daf8167eb4bcde19,"",@progbits
  13 0000 789C 6363 		.string	"x\234cc``\220b@"
  13      6060 9062 
  13      4000 
  14 000a 1686 EB8F 		.string	"\026\206\353\217.\234\343`\355\277t\34613\373\315\0333\217\361p,8\270\373\007\007\003"
  14      2E9C E360 
  14      EDBF 74E6 
  14      3133 FBCD 
  14      1B33 8FF1 
  15 0027 B29C 0CE3 		.ascii	"\262\234\f\343"
  16               		.text
  17               		.section	.gnu.lto_.jmpfuncs.daf8167eb4bcde19,"",@progbits
  18 0000 789C 6363 		.string	"x\234cc``(b@"
  18      6060 2862 
  18      4000 
  19 000a 1620 6663 		.string	"\026 fc\234\302\3148\255\365\320y\366n\3469\314\f\214\f\214\233\031e\030\030\017022\2000\
  19      9CC2 CC38 
  19      ADF5 D079 
  19      F66E E639 
  19      CC0C 8C0C 
  20 0053 E3BD 168E 		.ascii	"\343\275\026\216"
  21               		.text
  22               		.section	.gnu.lto_.inline.daf8167eb4bcde19,"",@progbits
  23 0000 789C 6363 		.string	"x\234cc``(g@"
  23      6060 2867 
  23      4000 
  24 000a 1606 0659 		.string	"\026\006\006YUF\006&\235\007\327\231\030\330\026\3103\201\005y\031\030\230\2014+\203\260\
  24      5546 0626 
  24      9D07 D799 
  24      18D8 16C8 
  24      3381 0579 
  25 0044 9508 34D4 		.string	"\225\b4\324\242\252`"
  25      A2AA 6000 
  26 004c 00        		.string	""
  27 004d 1BBB 0B2C 		.ascii	"\033\273\013,"
  28               		.text
  29               		.section	.gnu.lto_.pureconst.daf8167eb4bcde19,"",@progbits
  30 0000 789C 6363 		.string	"x\234cc``\340\004b\026\006)V)v)\016)"
  30      6060 E004 
  30      6216 0629 
  30      5629 7629 
  30      0E29 00
  31 0013 02FA 00   		.string	"\002\372"
  32 0016 90        		.ascii	"\220"
  33               		.text
  34               		.section	.gnu.lto_USB_Init_Device.daf8167eb4bcde19,"",@progbits
  35 0000 789C 9D96 		.string	"x\234\235\226[L\224G\024\307\277\363\315\336\330eY\355[\033b}\250i}q\233\264\0176\351\013
  35      5B4C 9447 
  35      14C7 BFF3 
  35      CDDE D865 
  35      59ED 5B1B 
  36 004f 1590 75E5 		.string	"\025\220u\345bW\024\344\322sf\276\275\003\261|\t\30373;\277s\316\177\316\234\371t\222$\24
  36      6257 14E4 
  36      D273 66BE 
  36      BD03 B17C 
  36      09C3 3733 
  37 0082 BD28 0690 		.ascii	"\275(\006\220\03428d\307.\266\227\201\267\254\327-/>\246\340"
  37      1C32 3864 
  37      C72E B697 
  37      81B7 ACD7 
  37      2D2F 3EA6 
  38 0097 E3D9 3F6E 		.ascii	"\343\331?nr*W\025V\305$\251\002\377\350\201\032X,\341\357\356"
  38      722A 5715 
  38      56C5 24A9 
  38      02FF E881 
  38      1A58 2CE1 
  39 00ad 9F9A DC67 		.ascii	"\237\232\334g\326i\3048\324\202NB\013R\265O\353Q&\247\312\024"
  39      D669 C438 
  39      D482 4E42 
  39      0B52 B54F 
  39      EB51 26A7 
  40 00c3 CFA4 F548 		.ascii	"\317\244\365H\377\233\257\353\244*\006zj\f\324\244P"
  40      FF9B AFEB 
  40      A42A 067A 
  40      6A0C D4A4 
  40      50
  41 00d4 63A4 C644 		.string	"c\244\306DM*5fj\322\250\261P3\217\232\371\324H\3226d\243\213\212G\332\316dz+\366H\001\360
  41      4D2A 3566 
  41      6AD2 A8B1 
  41      5033 8F9A 
  41      F9D4 48D2 
  42 01d5 CDC2 35FF 		.string	"\315\3025\377\016\240\037\315\306\374\013\231\b\221z\241\250k\347\3352P\265\350m>\036\320
  42      0EA0 1FCD 
  42      C6FC 0B99 
  42      0891 7AA1 
  42      A86B E7DD 
  43 0264 9FAB 5199 		.ascii	"\237\253Q\231Zx\3303\021\257q\225,B\245\316O\310]\3567\r,T%\253"
  43      5A78 D833 
  43      11AF 7195 
  43      2C42 A5CE 
  43      4FC8 5DEE 
  44 027e F7FC E037 		.ascii	"\367\374\34072\037p\315\274\001_\255f:\321|I\242\265\301\"\256"
  44      321F 70CD 
  44      BC01 5FAD 
  44      663A D17C 
  44      49A2 B5C1 
  45 0294 12A2 5C53 		.ascii	"\022\242\\S\207e\225\346\252\b\3547\260\016A\353\016\fl\265L"
  45      8765 95E6 
  45      AA08 EC37 
  45      B00E 41EB 
  45      0E0C 6CB5 
  46 02a9 47F3 27D1 		.ascii	"G\363'\321\256OKk\232z\356\261P\324) c\3277t\331\311\223\305"
  46      AE4F 4B6B 
  46      9A7A EEB1 
  46      50D4 2920 
  46      63D7 3774 
  47 02c1 0894 3B7D 		.ascii	"\b\224;}M\356I\023\353\024\266\234\276~\177\214\347\327T[&\224"
  47      4DEE 4913 
  47      EB14 B69C 
  47      BE7E 7F8C 
  47      E7D7 545B 
  48 02d7 9CDB BA81 		.ascii	"\234\333\272\201\242\264\203j\355\026\337\360\035c7vsMM`\200"
  48      A2B4 836A 
  48      ED16 DFF0 
  48      1D63 3776 
  48      734D 4D60 
  49 02ec 8E24 E37B 		.ascii	"\216$\343{\232\0377j\331C\201?\321\361\373\260v\272Pn'\205r\207"
  49      9A1F 376A 
  49      D943 813F 
  49      D1F1 FBB0 
  49      76BA 506E 
  50 0304 C34F 975D 		.ascii	"\303O\227]>e\024\331\004pW\300\273\372\017\327\245%\346\222\037"
  50      3E65 14D9 
  50      0470 57C0 
  50      BBFA 0FD7 
  50      A525 E692 
  51 0319 7309 9790 		.ascii	"s\t\227\220O\\\205\266H^12\\\372\362\314Y\023\253\026\325\357"
  51      4F5C 85B6 
  51      485E 3132 
  51      5CFA F2CC 
  51      5913 AB16 
  52 032f D2E8 AD61 		.ascii	"\322\350\255a3z\241\240\0277\316\277\357\256+W\224R\205W\245"
  52      337A A1A0 
  52      1737 CEBF 
  52      EFAE 2B57 
  52      9452 8557 
  53 0344 CE44 3FA2 		.ascii	"\316D?\2429\211\307\023\221\367p\357\273)/\261\241\021Un\236"
  53      3989 C713 
  53      91F7 70EF 
  53      BB29 2FB1 
  53      A111 556E 
  54 0359 BC65 253D 		.ascii	"\274e%=n#;#\214\214\236\fv\232\325P/\272\027\370\"J\336\237F"
  54      6E23 3B23 
  54      8C8C 9E0C 
  54      769A D550 
  54      2FBA 17F8 
  55 0372 C907 080A 		.ascii	"\311\007\b\nKwl\367\002Z\377\260\251\275\332\310\352U\217\217"
  55      4B77 6CF7 
  55      025A FFB0 
  55      A9BD DAC8 
  55      EA55 8F8F 
  56 0386 9665 AB0E 		.ascii	"\226e\253\016/\344\030-<LR\254\007!\365*\344\3474Z\32605zHf\027"
  56      2FE4 182D 
  56      3C4C 52AC 
  56      0721 F52A 
  56      E4E7 345A 
  57 03a1 04E3 80C7 		.ascii	"\004\343\200\307\371\302\242B\336\341\220T\350\235\306\227\276"
  57      F9C2 A242 
  57      DEE1 9054 
  57      E89D C697 
  57      BE
  58 03b2 F85D 4DC5 		.ascii	"\370]M\305]}\244\306Hs\321N\254\275\032g\003\343\222<\210\234"
  58      5D7D A4C6 
  58      4873 D14E 
  58      ACBD 1A67 
  58      03E3 923C 
  59 03c8 0BEA F5C5 		.ascii	"\013\352\365\305\365z\250\027\204R\327\tg:\0271\276\354\232+"
  59      F57A A817 
  59      8452 D709 
  59      673A 1731 
  59      BEEC 9A2B 
  60 03dc F0EE B847 		.ascii	"\360\356\270G\332\366\203\203\327\016\234\257\016\272G\315\342"
  60      DAF6 8383 
  60      D70E 9CAF 
  60      0EBA 47CD 
  60      E2
  61 03ed C44A 10E0 		.ascii	"\304J\020\340C\221t\006\220\3411\244W\2614q4\003\342h\266\305"
  61      4391 7406 
  61      90E1 31A4 
  61      57B1 3471 
  61      3403 E268 
  62 0403 1E4D 4A86 		.ascii	"\036MJ\206\230\336\255\270\336\235\270^O\\\257/\256\327\225p"
  62      98DE ADB8 
  62      DE9D B85E 
  62      4F5C AF2F 
  62      AED7 9570 
  63 0417 DC5F BD2A 		.ascii	"\334_\275*\006\271\234\333\253\016\236P\253\"\203'\321\252x\263"
  63      06B9 9CDB 
  63      AB0E 9E50 
  63      AB22 8327 
  63      D1AA 78B3 
  64 042b 3EA9 2A76 		.ascii	">\251*v`&\007#\331\253\215\253\212\003\350\312 )4HE-\025\247"
  64      6026 0723 
  64      D9AB 8DAB 
  64      8A03 E8CA 
  64      2029 3448 
  65 0443 FCC3 47EB 		.ascii	"\374\303G\353\325\353\243\233\252\242w\360\227=\372h\021\033"
  65      D5EB A39B 
  65      AAA2 77F0 
  65      973D FA68 
  65      111B 
  66 0455 8A14 B1E1 		.ascii	"\212\024\261\341\310\365\301\255\n\202Y@n\357l\337k\026\327\307"
  66      C8F5 C1AD 
  66      0A82 5940 
  66      6EEF 6CDF 
  66      6B16 D7C7 
  67 0469 24C0 D368 		.ascii	"$\300\323h]\034\344\301\316\310\374\227\027F\263P\377\211P?8"
  67      5D1C E4C1 
  67      CEC8 FC97 
  67      1746 B350 
  67      FF89 503F 
  68 047e 67A5 4298 		.ascii	"g\245B\230O\261\3228\223\244\271\203\322\204f\2700\236\241\355"
  68      4FB1 D238 
  68      93A4 B983 
  68      D284 66B8 
  68      309E A1ED 
  69 0492 1192 6684 		.ascii	"\021\222f\204\0023\342\324\270+4\244\021\322\334'i~=\350oa\321"
  69      0233 E2D4 
  69      B82B 34A4 
  69      11D2 DC27 
  69      697E 3DE8 
  70 04a9 309E 47C2 		.ascii	"0\236G\302x"
  70      78
  71 04ae 1173 63A0 		.string	"\021sc\240UA0!$\366\212\030\341\321\314\310\030\345R\230\204\024\003B\212\320\234\245\030
  71      5541 3021 
  71      24F6 8A18 
  71      E1D1 CCC8 
  71      18E5 5298 
  72 05af 61A4 3E63 		.ascii	"a\244>c\355Z\273\255\240@\363\365\346\r6\315\212\234\357l\332"
  72      ED5A BBAD 
  72      A040 F3F5 
  72      E60D 36CD 
  72      8A9C EF6C 
  73 05c4 CCAC BCF5 		.ascii	"\314\254\274\365\005\313\347b\340\243\274\265\033\362s\362\""
  73      05CB E762 
  73      E0A3 BCB5 
  73      1BF2 73F2 
  73      22
  74 05d5 70DD 971B 		.ascii	"p\335\227\033\277]m\263k37\027\332\n\364_d\025\254_\225\225k"
  74      BF5D 6DB3 
  74      6B33 3717 
  74      DA0A F45F 
  74      6415 AC5F 
  75 05ec 5C96 6D5B 		.ascii	"\\\226m[\263\236\017e\374\037#\323\210\232-\375\007cjZ\374"
  75      B39E 0F65 
  75      FC1F 23D3 
  75      889A 2DFD 
  75      0763 6A5A 
  76               		.text
  77               		.section	.gnu.lto_USB_Disable.daf8167eb4bcde19,"",@progbits
  78 0000 789C 8D94 		.ascii	"x\234\215\224KLSA\024\206\347\334\351}P\212$\256L\304\235\033"
  78      4B4C 5341 
  78      1486 E7DC 
  78      E97D 508A 
  78      24AE 4CC4 
  79 0016 3674 AB4B 		.ascii	"6t\253K\304\270r\245\301\255Q\203\221\244\221\244>v\246\027\241"
  79      C4B8 72A5 
  79      C1AD 5183 
  79      91A4 91A4 
  79      3E76 A617 
  80 002b 05C1 880B 		.ascii	"\005\301\210\013\250ISI\321\205\272A\f\240\026\201\326+\317\252"
  80      A849 5349 
  80      D185 BA41 
  80      0CA0 1681 
  80      D62B CFAA 
  81 003f B462 7924 		.ascii	"\264by$\030E\027,\024q\003J\024\250\347\3144}!\304I\356\271\217"
  81      1845 172C 
  81      1471 034A 
  81      14A8 E7CC 
  81      347D 21C4 
  82 0057 39F3 CFFF 		.ascii	"9\363\317\377\315\231;\032c\354\227\215\261kx\337\217\027p\006"
  82      CD99 3B1A 
  82      63EC 978D 
  82      B16B 78DF 
  82      8F17 7006 
  83 006b CAED 29C6 		.ascii	"\312\355)\306\352\r\005\200\036L\003\230G\001\017\334\344\355"
  83      EA0D 0580 
  83      1E4C 0398 
  83      4701 0FDC 
  83      E4ED 
  84 007d 1CAC A6A5 		.ascii	"\034\254\246\245\260R\376\300\304\026\275\323\243\373L\357\276"
  84      B052 FEC0 
  84      C416 BDD3 
  84      A3FB 4CEF 
  84      BE
  85 008e 2067 CC8F 		.ascii	" g\314\217\0275\350\205r\206i_\236lu\224h6\371\035\372@c\200"
  85      1735 E885 
  85      7286 695F 
  85      9E6C 7594 
  85      6836 F91D 
  86 00a6 0F8F A7D5 		.ascii	"\017\217\247\325\250\271\225j2\243S\007\2726K\367\252,\310\261"
  86      A8B9 956A 
  86      32A3 5307 
  86      BA36 4BF7 
  86      AA2C C8B1 
  87 00ba 0B83 4EC1 		.ascii	"\013\203N\301\240PD\301N\241\230\202\203\002c\315\250\203f\314"
  87      A050 44C1 
  87      4EA1 9882 
  87      8302 63CD 
  87      A883 66CC 
  88 00ce 28BB C115 		.ascii	"(\273\301\025zj\210\262eh\b}\273\245\bu\2342\034^^\320=\233\246"
  88      7A6A 88B2 
  88      6568 087D 
  88      BBA5 0875 
  88      9C32 1C5E 
  89 00e7 11E4 8A9F 		.ascii	"\021\344\212\237\306@?xp4\027\211\337\367\374;O\301\274\247\351"
  89      C640 3F78 
  89      7034 1789 
  89      DFF7 FC3B 
  89      4FC1 BCA7 
  90 00fc BCAF 606D 		.ascii	"\274\257`m\264\304\333R\026\317\0204J\320\001]\021\024~\314\312"
  90      B4C4 DB52 
  90      16CF 1034 
  90      4AD0 015D 
  90      1114 7ECC 
  91 0111 A183 67A0 		.ascii	"\241\203g\240\301s\202\303\020\340\305\330\345\367Z"
  91      C173 82C3 
  91      10E0 C5D8 
  91      E5F7 5A
  92 0120 71BD 9507 		.string	"q\275\225\007\271\r(s69\324\005\362u\021\360\375S\307\270\345\bAg}#\004\271\n\003P\006a(C
  92      B90D 2873 
  92      3639 D405 
  92      F275 11F0 
  92      FD53 C7B8 
  93 0221 DE66 9731 		.ascii	"\336f\2271&@w\324\234\022\353hH\020od\333f\370\230\331\fz\036"
  93      2640 77D4 
  93      9C12 EB68 
  93      4810 6F64 
  93      DB66 F898 
  94 0239 461C 3112 		.ascii	"F\0341\022\204\221 \023\352.\225z\227\343z\003]\213\001\3511"
  94      8491 2013 
  94      EA2E 957A 
  94      97E3 7A03 
  94      5D8B 01E9 
  95 024e F762 772D 		.ascii	"\367bw-\273t\375\003`:\353:\261k\361\337\013\323\232(\376\272"
  95      BB74 FD03 
  95      603A EB3A 
  95      B16B F1DF 
  95      0BD3 9A28 
  96 0264 955A 14FF 		.ascii	"\225Z\024\377zny4(\370\243\265\020\0358\370mem\246\273\2044M"
  96      7A6E 7934 
  96      28F8 A3B5 
  96      101D 38F8 
  96      6D65 6DA6 
  97 027c D4D4 6106 		.ascii	"\324\324a\006\317\257\244\320\234-\250\260\216\025\236\303\236"
  97      CFAF A4D0 
  97      9C2D A8B0 
  97      8E15 9EC3 
  97      9E
  98 028d 15B8 1E4A 		.ascii	"\025\270\036J\265\2018%\2505\343\021\202\347\f\236\017\207]\265"
  98      B581 3825 
  98      A835 E311 
  98      82E7 0C9E 
  98      0F87 5DB5 
  99 02a1 679D AE2B 		.ascii	"g\235\256+\347\3178\217W\037\253t\036u\327^\255q_rV\237<\342"
  99      E7CF 388F 
  99      571F AB74 
  99      1E75 D75E 
  99      AD71 5F72 
 100 02b9 ACAA 73D7 		.ascii	"\254\252s\3278+O\2358DoUu\027/\273\353\\\256\032\367i\372Tq\216"
 100      382B 4F9D 
 100      3844 6F55 
 100      7517 2FBB 
 100      EB5C AE1A 
 101 02d3 55FE CFC8 		.ascii	"U\376\317\310\212\212\035\025.\260\277E\t\305\275"
 101      8A8A 1D15 
 101      2EB0 BF45 
 101      09C5 BD
 102               		.text
 103               		.section	.gnu.lto_USB_ResetInterface.daf8167eb4bcde19,"",@progbits
 104 0000 789C 8D53 		.ascii	"x\234\215SKh\023Q\024}w^f\222f\"\025\021\024\354R\301n2[]\306"
 104      4B68 1351 
 104      147D 775E 
 104      6692 6622 
 104      1511 14EC 
 105 001b 8A2B 574A 		.ascii	"\212+WJ\335\212\237\210\205` ~v\222\251m\322\332\n\026\251\021"
 105      DD8A 9F88 
 105      8560 207E 
 105      7692 A96D 
 105      D2DA 0A16 
 106 0031 4A2C 1117 		.ascii	"J,\021\027\352\306\017i\253\361\223\214\243M\033m\232\032\264"
 106      EAC6 0F69 
 106      ABF1 938C 
 106      A34D 1B6D 
 106      9A1A B4
 107 0044 155C 68BB 		.ascii	"\025\\h\273\310B\253\210X\020Z[\357\235\027\363\251u\350\203"
 107      C842 AB88 
 107      5810 5A5B 
 107      EF9D 17F3 
 107      A975 E883 
 108 0058 B979 6FE6 		.ascii	"\271yo\346\334s\317=\271Oa\214\035w0v\036\177\267\341\003\234"
 108      DC73 CF3D 
 108      B94F 618C 
 108      1D77 3076 
 108      1E7F B7E1 
 109 006e 81D4 37C9 		.ascii	"\201\3247\311X\273K\002\240\215\356\002\026\226 \f\227x?\007"
 109      58BB 4B02 
 109      A08D EE02 
 109      1696 200C 
 109      9778 3F07 
 110 0082 B3AB 94   		.ascii	"\263\253\224"
 111 0085 929A 6FE9 		.string	"\222\232o\351\270\214kW\334Q=\2625\316\031\213\341C\013\222\320\314\0206\367`\371\352\006
 111      B88C 6B57 
 111      DC51 3DB2 
 111      35CE 198B 
 111      E143 0B92 
 112 0186 7480 CC7A 		.string	"t\200\314z\005\030\226"
 112      0518 9600 
 113 018e 8F10 F0EE 		.ascii	"\217\020\360\356\r\2546\265X1\325Qg\352s4\325$SM\322\340\264"
 113      0DAC 36B5 
 113      5831 D551 
 113      67EA 7334 
 113      D524 534D 
 114 01a5 A9F0 A2C6 		.ascii	"\251\360\242\306\265,\272f%\270D\316\227\342\234\241\n\327>\002"
 114      B52C BA66 
 114      25B8 44CE 
 114      97E2 9CA1 
 114      0AD7 3E02 
 115 01b9 BCAC 8A36 		.ascii	"\274\254\2126mE\217Z\242]\004\376y\373\216\272Zs\237\352(k\226"
 115      6D45 8F5A 
 115      A25D 04FE 
 115      79FB 8EBA 
 115      5A73 9FEA 
 116 01d0 EB34 6751 		.ascii	"\3534gQ\363\030i\036\263\330\357\337L\247\033\305\337\236#\334"
 116      F318 691E 
 116      B3D8 EFDF 
 116      4CA7 1BC5 
 116      DF9E 23DC 
 117 01e4 E042 2CE3 		.ascii	"\340B,\343\251\226\033\257\224\313a\271\332\251\221\201\301+"
 117      A996 1BAF 
 117      94CB 61B9 
 117      DAA9 9181 
 117      C12B 
 118 01f6 FC42 239B 		.ascii	"\374B#\233\304)^sf\025L|]7\263\227\027F\377\231\331\037\352_"
 118      C429 5E73 
 118      6615 4C7C 
 118      5D37 B397 
 118      1746 FF99 
 119 020e 7B9D 7552 		.ascii	"{\235uR'Pj\236\244\346\311-\331\306\213\311\312<X\005DB9\247"
 119      2750 6A9E 
 119      A4E6 C92D 
 119      D9C6 8BC9 
 119      CA3C 5805 
 120 0226 F87D E2BA 		.ascii	"\370}\342\272*fb#\024\252\356\346m\335\235\262\334U\3307\270"
 120      2A66 6223 
 120      14AA EEE6 
 120      6DDD 9DB2 
 120      DC55 D837 
 121 023b F0A9 7771 		.ascii	"\360\251wq\207\325\036\255n\274\257x\251\3612\356\016\264\035"
 121      87D5 1EAD 
 121      6EBC AF78 
 121      A9F1 32EE 
 121      0EB4 1D
 122 024e D502 674F 		.ascii	"\325\002gO\034\321\366\267\356\363i{Cm\347\374\241\323Z\353\301"
 122      1CD1 F6B7 
 122      EEF3 697B 
 122      436D E7FC 
 122      A1D3 5AEB 
 123 0263 3D5A 4B30 		.ascii	"=ZK0\344\327|\207\016\354\242SK\360\324\231P0\020\360\207\016"
 123      E4D7 7C87 
 123      0EEC A253 
 123      4BF0 D499 
 123      5030 10F0 
 124 0279 D32B EF31 		.ascii	"\323+\3571\346[O\246\327\373_\206\223\354\017\024\240\216;"
 124      E65B 4FA6 
 124      D7FB 5F86 
 124      93EC 0F14 
 124      A08E 3B
 125               		.text
 126               		.section	.gnu.lto_USB_Init.daf8167eb4bcde19,"",@progbits
 127 0000 789C 8D92 		.string	"x\234\215\222Mh\023Q\020\307g\366e?H\254\036E\332\243\227^\262W=\306\212'OJ\275\212J\304B
 127      4D68 1351 
 127      10C7 67F6 
 127      653F 48AC 
 127      1E45 DAA3 
 128 0061 B04D 00   		.string	"\260M"
 129 0064 9CA5 773B 		.string	"\234\245w;=("
 129      3D28 00
 130 006b 95CB F300 		.string	"\225\313\363"
 131 006f 0943 41E4 		.ascii	"\tCA\344\205e \304\025\214\343EqE\240\233Z**\235\267,\032\316"
 131      8565 20C4 
 131      158C E345 
 131      7145 A09B 
 131      5A2A 2A9D 
 132 0087 B5A9 1DD6 		.ascii	"\265\251\035\326m\007\263\224\236\246\207\007\216c'P\330\307"
 132      6D07 B394 
 132      9EA6 8707 
 132      8E63 2750 
 132      D8C7 
 133 0099 B1B5 AB6D 		.ascii	"\261\265\253m\232\317\333\307\034j\200\264\270\273\250:\326\332"
 133      9ACF DBC7 
 133      1C6A 80B4 
 133      B8BB A83A 
 133      D6DA 
 134 00ab AF94 E5D4 		.ascii	"\257\224\345\324\266\317\365\006T\310\n:\241I\347\311\340\t`"
 134      B6CF F506 
 134      54C8 0A3A 
 134      A149 E7C9 
 134      E009 60
 135 00be 9052 48D7 		.ascii	"\220RH\327r\340\274Px\225t`\031\335\306P\345RcF\264\330}^\tY"
 135      72E0 BC50 
 135      7895 7460 
 135      19DD C650 
 135      E552 6346 
 136 00d8 4D91 FC34 		.ascii	"M\221\3744\245\376\241\213y\324p\202ei\312\b\235\216\322\375"
 136      A5FE A18B 
 136      79D4 7082 
 136      6569 CA08 
 136      9D8E D2FD 
 137 00ec 6E45 BF20 		.ascii	"nE\277 \262B\221\221\243\371\017\231-\336\347k\244\357\205\376"
 137      B242 9191 
 137      A3F9 0F99 
 137      2DDE E76B 
 137      A4EF 85FE 
 138 0100 F19D 36DE 		.ascii	"\361\2356\336H\364\221\037\201\367\261\003\013\330A\265\027\321"
 138      48F4 911F 
 138      81F7 B103 
 138      0BD8 41B5 
 138      17D1 
 139 0112 46D2 4F36 		.ascii	"F\322O6\006\244\276\3073<\344\310\334u\327\317\f\201_\020\037"
 139      06A4 BEC7 
 139      333C E4C8 
 139      DC75 D7CF 
 139      0C81 5F10 
 140 0127 503C 155A 		.ascii	"P<\025Z\035B\016\372\007r\222\220\304\360\\}*\340\337\236rl@"
 140      1D42 0EFA 
 140      0772 9290 
 140      C4F0 5C7D 
 140      2AE0 DF9E 
 141 013e 7A52 3678 		.ascii	"zR6x\232\"O%\366T\342\032T:*W\177$\374\236\211W\214\371\3766"
 141      9A22 4F25 
 141      F654 E21A 
 141      543A 2A57 
 141      7F24 FC9E 
 142 0158 53F7 AF4B 		.ascii	"S\367\257K>lI>j\272X%\027\357\310\205$4!\271\362\354\200\301"
 142      3E6C 493E 
 142      6ABA 5825 
 142      17EF C885 
 142      2434 21B9 
 143 0170 10A4 E1AC 		.ascii	"\020\244\341\254\233(I\023\233\"\247\245\013\215\243\353\253"
 143      9B28 4913 
 143      9B22 A7A5 
 143      0B8D A3EB 
 143      AB
 144 0181 23CB 0BC8 		.ascii	"#\313\013\310%S\302\374\235\233\345\346=/r\371\225\211j\273\314"
 144      2553 C2FC 
 144      9D9B E5E6 
 144      3D2F 72F9 
 144      9589 6ABB 
 145 0196 4F58 F656 		.ascii	"OX\366VF\270-\304cBP\304\364\373{_\003\3365\372\260\354\025P"
 145      46B8 2DC4 
 145      6342 50C4 
 145      F4FB 7B5F 
 145      03DE 35FA 
 146 01ae FFFC 3C19 		.ascii	"\377\374<\031h\022[\177\316'\377\\\261\270\362F\217\377\264\f"
 146      6812 5B7F 
 146      CE27 FF5C 
 146      B1B8 F246 
 146      8FFF B40C 
 147 01c2 DAB0 B9BF 		.ascii	"\332\260\271\277h\257\366\355\345h\033\253XT\245\212O\250]g\244"
 147      68AF F6ED 
 147      E568 1BAB 
 147      5854 A58A 
 147      4FA8 5D67 
 148 01d7 C4AC 2791 		.ascii	"\304\254'\221O\275\030\223\027\245\222\307\247t\262\202I\273"
 148      4FBD 1893 
 148      17A5 92C7 
 148      A774 B282 
 148      49BB 
 149 01e9 30AC C8D6 		.ascii	"0\254\310\326\334\310\244k'(>\3038\365\243\0165<gO\016Ks\262"
 149      DCC8 A46B 
 149      2728 3EC3 
 149      38F5 A30E 
 149      353C 674F 
 150 0201 C307 A9D1 		.ascii	"\303\007\251\321\250)\025\200\335\221\236\243f\344\364\361#\346"
 150      A829 1580 
 150      DD91 9EA3 
 150      66E4 F4F1 
 150      23E6 
 151 0213 FEEE 7D21 		.ascii	"\376\356}!so\254\347L8\326kv\037\334cvEca3t\350\300.\376\352"
 151      736F ACE7 
 151      4C38 D66B 
 151      761F DC63 
 151      7645 6361 
 152 022e 8A9E 3C15 		.ascii	"\212\236<\025\213F\"\341\330a\336\n\036\203\320\377d\006\203"
 152      8B46 22E1 
 152      D861 DE0A 
 152      1E83 D0FF 
 152      6406 83
 153 0241 9B12 4EC0 		.ascii	"\233\022N\300o\307\310(\363"
 153      6FC7 C828 
 153      F3
 154               		.text
 155               		.section	.gnu.lto_.symbol_nodes.daf8167eb4bcde19,"",@progbits
 156 0000 789C 558B 		.string	"x\234U\213\311\r\3020\020"
 156      C90D C230 
 156      1000 
 157 000a C776 1C73 		.ascii	"\307v\034s\024\021J\201\312\326/\370!j\210h\002~Hy\363\343>\222"
 157      1411 4A81 
 157      CAD6 2FF8 
 157      216A 8868 
 157      027E 4879 
 158 0022 0252 03C2 		.ascii	"\002R\003\302\266\210\204\037\253\321\316\354\226@\033\006}E"
 158      B688 841F 
 158      ABD1 CEEC 
 158      9640 1B06 
 158      7D45 
 159 0034 6073 2462 		.ascii	"`s$b\347\017\276\004\373\204Yh\366\205J|\243\023[L\244>#j\370"
 159      E70F BE04 
 159      FB84 5968 
 159      F685 4A7C 
 159      A313 5B4C 
 160 004d D9FB 4528 		.ascii	"\331\373E(7\212T.\210\316\212>!&3\252C\212d\300\373y\020\017"
 160      378A 542E 
 160      88CE 8A3E 
 160      2126 33AA 
 160      438A 64C0 
 161 0065 C466 E28E 		.ascii	"\304f\342\216\224\377\3020\246Y\367\225\261S\266\335G\031;\241"
 161      94FF C230 
 161      A659 F795 
 161      B153 B6DD 
 161      4719 3BA1 
 162 0079 8974 BFDD 		.ascii	"\211t\277\335\r;\324\253p7r\324\313\276\342\013\250\2777E"
 162      0D3B D4AB 
 162      7037 72D4 
 162      CBBE E20B 
 162      A8BF 3745 
 163               		.text
 164               		.section	.gnu.lto_.refs.daf8167eb4bcde19,"",@progbits
 165 0000 789C 6363 		.string	"x\234cc``\220\004b\026\006F `bbdffdaaded\023`\344`d\343`"
 165      6060 9004 
 165      6216 0646 
 165      2060 6262 
 165      6466 6664 
 166 0021 00        		.string	""
 167 0022 06DA 00   		.string	"\006\332"
 168 0025 71        		.ascii	"q"
 169               		.text
 170               		.section	.gnu.lto_.decls.daf8167eb4bcde19,"",@progbits
 171 0000 789C 9D96 		.string	"x\234\235\226{PT\327\031\300\357\331\263\260\313\302\002\265\216\265\031F\255\323\314\370
 171      7B50 54D7 
 171      19C0 EFD9 
 171      B3B0 CBC2 
 171      02B5 8EB5 
 172 0082 74E7 4034 		.ascii	"t\347@4 'A\"8\351\321\201\224\203T\200\270A*A.\2034\2004\201"
 172      2027 4122 
 172      38E9 D181 
 172      9483 5480 
 172      B841 2A41 
 173 009c 9079 D740 		.ascii	"\220y\327@ZA\332A:A\2728\337\347\357\340#\f\336\0373n7H3\310"
 173      5A41 DA41 
 173      3A41 BA38 
 173      DFE7 EFE0 
 173      230C DE1F 
 174 00b6 2D90 3290 		.ascii	"-\2202\220\036\220\032\346w\022\310d\220~\220; \003 \365\023"
 174      1E90 1AE6 
 174      7712 C864 
 174      907E 903B 
 174      2003 20F5 
 175 00cb 62B9 0F32 		.ascii	"b\271\0172\f2\306b\031'q\203\017\355\013bQ?N\260\321\253\342"
 175      0C32 C662 
 175      1927 7183 
 175      0FED 0B62 
 175      513F 4EB0 
 176 00e2 C030 3EA3 		.ascii	"\3000>\243\212G\013\343\033\314V\317rnb\271\352\3407\003\210"
 176      8A47 0BE3 
 176      1BCC 56CF 
 176      726E 62B9 
 176      EAE0 3703 
 177 00f7 1124 1CE4 		.ascii	"\021$\034\344\307 \350\005\271\246\2012\360\377\370\220\331n"
 177      C720 E805 
 177      B9A6 8132 
 177      F0FF F890 
 177      D96E 
 178 0109 157B 0AD8 		.ascii	"\025{\n\330\374\224\261I~\021\210\373\237g\343\204\330'\306,"
 178      FC94 B149 
 178      7E11 88FB 
 178      9F67 E384 
 178      D827 C62C 
 179 011d FB21 0FA9 		.ascii	"\373!\017\251\003\351\023\211q:\222|\275(\326\\\214\016\245\365"
 179      03E9 1389 
 179      713A 927C 
 179      BD28 D65C 
 179      8C0E A5F5 
 180 0131 94E8 3331 		.ascii	"\224\35031\2120\240qD\306\337\227=5Jc\362\263\263"
 180      8A30 A071 
 180      44C6 DF97 
 180      3D35 4A63 
 180      F2B3 B3
 181 0144 BC70 508B 		.string	"\274pP\2135\364\373\273'\207\313\203\"\377-J\217\376o\034:\206\260\314)\331\275\257\322\2
 181      35F4 FBBB 
 181      2787 CB83 
 181      22FF 2D4A 
 181      8FFE 6F1C 
 182 0245 3A85 BAC0 		.string	":\205\272\300y9\232\t\023\037\357\035\337\022\206\353%\177\343\317J\356!\240\024\001\345[
 182      7939 9A09 
 182      131F EF1D 
 182      DF12 86EB 
 182      257F E3CF 
 183 0280 C603 989A 		.ascii	"\306\003\230\232Y>\224s^\31295\305M)]\353\367\271t\370\256DI"
 183      593E 9473 
 183      5ECA 3935 
 183      C54D 295D 
 183      EBF7 B974 
 184 0298 DBFA 601A 		.ascii	"\333\372`\032\213e(V\314\022I\001\b\342\274\027q^\215\250\244"
 184      8B65 2856 
 184      CC12 4901 
 184      08E2 BC17 
 184      715E 8DA8 
 185 02ad 88BC C282 		.ascii	"\210\274\302\202\254`\374HB\334>\320\334h\324B\377\350j\206Z"
 185      AC60 FC48 
 185      42DC 3ED0 
 185      DC68 D442 
 185      FFE8 6A86 
 186 02c2 816E 6BF7 		.ascii	"\201nk\367\272\316@"
 186      BACE 40
 187 02c9 45F7 2DA2 		.string	"E\367-\242\312\374\274\016\217NQVK\312\272\252\246\035:\274\215n'm\367\223\273-\030\005E 
 187      CAFC BC0E 
 187      8F4E 5156 
 187      4BCA BAAA 
 187      A61D 3ABC 
 188 03ca 5CAA A53E 		.string	"\\\252\245>\327\225T\344\204"
 188      D795 54E4 
 188      8400 
 189 03d4 A308 5AD7 		.string	"\243\bZ\327\262\023\227\337\312X+\336\204uIZ\3362\001\322B!\255\024r\350\331\371\323\2018
 189      B213 97DF 
 189      CA58 2BDE 
 189      8475 495A 
 189      DE32 01D2 
 190 0428 7450 40A7 		.string	"tP@\247\004\370\352\304Z\003\256\223"
 190      04F8 EAC4 
 190      5A03 AE93 
 190      00
 191 0435 7DD5 97DA 		.string	"}\325\227\332\303\2026\320\332\275d\t\222mtztL\253T\356\347\371CR\345n\200\307\353\023<^\
 191      C382 36D0 
 191      DABD 6409 
 191      926D 747A 
 191      744C AB54 
 192 050e CB72 402A 		.string	"\313r@*If{\275\016\337\221\232\277\377@\341\341P,\006\322A\246\373|\0019\313\320]\272\325
 192      4966 7BBD 
 192      0EDF 919A 
 192      BFFF 40E1 
 192      E150 2C06 
 193 05f6 7FA6 868F 		.string	"\177\246\206\217SxO\351\305\rZ\274Q\347\007\236S\272\271\0273\370\255~\234\277\327)\036\0
 193      5378 4FE9 
 193      C50D 5ABC 
 193      51E7 079E 
 193      53BA B917 
 194 06a3 9DA9 466F 		.string	"\235\251Fo\242h\317\350\310\261\020\234\252\367\203\316\275\227\375P\303\320\375\177\362A
 194      A268 CFE8 
 194      C8B1 109C 
 194      AAF7 83CE 
 194      BD97 FD50 
 195 06c2 3A5B 8DCE 		.ascii	":[\215\316\241\350\342\354\326A#\316\361\207\036r\356\256\fc"
 195      A1E8 E2EC 
 195      D641 23CE 
 195      F187 1E72 
 195      EEAE 0C63 
 196 06d6 E8A1 3FFB 		.ascii	"\350\241?\373\2407+\350-\200\336\254Fo\245\350\206\232\321\342"
 196      A037 2BE8 
 196      2D80 DEAC 
 196      466F A5E8 
 196      869A D1E2 
 197 06ea 60BC DB1F 		.ascii	"`\274\333\037z\337\360@\237|(\364\377\305\007\235\253\240\267"
 197      7ADF F040 
 197      9F7C 28F4 
 197      FFC5 079D 
 197      ABA0 B7
 198 06fd 013A 578D 		.ascii	"\001:W\215\316\243\350\203\025_\237\n\305G\375\241\253\307\262"
 198      CEA3 E883 
 198      155F 9F0A 
 198      C547 FDA1 
 198      ABC7 B2
 199 0710 8E19 18BA 		.ascii	"\216\031\030\272}\245\017z\273\202\336\001\350\355j\364N\212"
 199      7DA5 0F7A 
 199      BB82 DE01 
 199      E8ED 6AF4 
 199      4E8A 
 200 0722 CE68 771F 		.ascii	"\316hw\037\327\341*\177\350\022W\357v\371\240u\373\026$_A\357"
 200      D7E1 2A7F 
 200      E812 57EF 
 200      76F9 A075 
 200      FB16 245F 
 201 0738 0274 BE1A 		.ascii	"\002t\276\032]@\321='\2523\215\270\311\037\372\336\277\372\256"
 201      5D40 D13D 
 201      27AA 338D 
 201      B8C9 1FFA 
 201      DEBF FAAE 
 202 074c 06CA 51FF 		.ascii	"\006\312Q\377\321\007\355R\320\205\200v\251\321\27353\2719\202"
 202      D107 ED52 
 202      D085 8076 
 202      A9D1 BB35 
 202      33B9 3982 
 203 0760 7585 4948 		.ascii	"u\205IHI\264\230\026\305\276\027e\212\261[\327\360\366dS\354"
 203      49B4 9816 
 203      C5BE 1765 
 203      8AB1 5BD7 
 203      F0F6 6453 
 204 0775 B2F9 A6E8 		.ascii	"\262\371\246\350$;o\212\372\375\3229d\024\235ds\330\223\004\201"
 204      243B 6F8A 
 204      FAFD D239 
 204      6414 9D64 
 204      73D8 9304 
 205 078a B79B 892A 		.ascii	"\267\233\211*2^\277pq\354\214\350\271s9]\212\325\346\230cv\314"
 205      325E BF70 
 205      71EC 8CE8 
 205      B973 395D 
 205      8AD5 E698 
 206 07a1 36A5 24DB 		.ascii	"6\245$\333MBR\274E0E\363\202`\261\233,k\354\277\370$>~\336l\323"
 206      4D42 52BC 
 206      4530 45F3 
 206      8260 B19B 
 206      2C6B ECBF 
 207 07bc ECC8 7723 		.ascii	"\354\310w#\337!c\223\325\026/\244$\360\246dG\002\314\213"
 207      DF21 6393 
 207      D516 2FA4 
 207      24F0 A664 
 207      4702 CC8B 
 208 07d0 5CC9 8501 		.ascii	"\\\311\205\001\335\374\201\315\3520\307\360k\254\361\374\334"
 208      DDFC 81CD 
 208      EA30 C7F0 
 208      6BAC F1FC 
 208      DC
 209 07e1 378D 880B 		.ascii	"7\215\210\013&\244\030k\262e\205\300O\"\337K\371d\336\361\201"
 209      26A4 186B 
 209      B265 85C0 
 209      4F22 DF4B 
 209      F964 DEF1 
 210 07f6 CDC1 DB13 		.ascii	"\315\301\333\023-\361\274^v4m\201-au\022x7\003#\321\372I\212"
 210      2DF1 BC5E 
 210      7634 6D81 
 210      2D61 7512 
 210      7837 0323 
 211 080e 9D57 344B 		.ascii	"\235W4K\354k\002\314\363\223\222\204\230W\t#2\322\367\255`hD"
 211      EC6B 02CC 
 211      F393 9284 
 211      9857 0923 
 211      32D2 F7AD 
 212 0825 2BB9 B7A8 		.ascii	"+\271\267\250\313\305\313\315\321\002o\261G\t\002\r\306\236\262"
 212      CBC5 CBCD 
 212      D102 6FB1 
 212      4709 020D 
 212      C69E B2
 213 0838 DA91 FCFE 		.ascii	"\332\221\374\376\233\360\341W\205 \373\210\220}\260\314}\274"
 213      9BF0 E157 
 213      8520 FB88 
 213      907D B0CC 
 213      7DBC 
 214 084a D0E2 4A75 		.ascii	"\320\342Ju]\346\2608^\255\270*\257\360\303rK\362\247\340f\232"
 214      5DE6 B038 
 214      5EAD B82A 
 214      AFF0 C372 
 214      4BF2 A7E0 
 215 0860 97A4 94CD 		.ascii	"\227\244\224\315\342\260&\331\026\247\254Z\301\333\243_\023\254"
 215      E2B0 26D9 
 215      16A7 AC5A 
 215      C1DB A35F 
 215      13AC 
 216 0872 C464 4BB0 		.ascii	"\304dK\260\330\023\226\362\177\235\340b)\277*\311\301\377\301"
 216      D813 96F2 
 216      7F9D E062 
 216      29BF 2AC9 
 216      C1FF C1
 217 0885 F229 9FB2 		.ascii	"\362)\237\262z\201\215\344\2250]\035A\212\335\316\333\034\302"
 217      7A81 8DE4 
 217      9530 5D1D 
 217      418A DDCE 
 217      DB1C C2
 218 0898 E7CB 7821 		.ascii	"\347\313x!qI\322g\274\235O\370\021-D2\351\260\325\"X\277\340"
 218      7149 D267 
 218      BC9D 4FF8 
 218      112D 4432 
 218      E9B0 D522 
 219 08af 13F4 6469 		.ascii	"\023\364di\376\362\327f\307OTS\227\361\216\367R\004a\331j\236"
 219      FEF2 D766 
 219      C74F 5453 
 219      97F1 8EF7 
 219      5204 61D9 
 220 08c5 4F30 5A84 		.ascii	"O0Z\204\317,\237'\233\2556\301j\343\347\277IK\030\2255#Tn\206"
 220      CF2C 9F27 
 220      9BAD 36C1 
 220      6AE3 E7BF 
 220      494B 1895 
 221 08de 14F3 5BFE 		.ascii	"\024\363[\376W\232\321gi\030\310(\312\341\260\304\257\214z\235"
 221      579A D167 
 221      6918 C828 
 221      CAE1 B0C4 
 221      AF8C 7A9D 
 222 08f2 285E B00F 		.ascii	"(^\260\017Vr\006)[\002\233B>U\026l\215\320\235\262d\321\"\363"
 222      5672 0629 
 222      5B02 9B42 
 222      3E55 166C 
 222      8DD0 9DB2 
 223 090a 8789 89F4 		.ascii	"\207\211\211\364{\351\202\205\344\233\206\377\341\362\205K\242"
 223      7BE9 8285 
 223      E49B 86FF 
 223      E1F2 854B 
 223      A2
 224 091b 62C8 70F2 		.ascii	"b\310p\362\204\331t?\205S\345\242\337\231cm\211v\236\377\202"
 224      84D9 743F 
 224      8553 E5A2 
 224      DF99 636D 
 224      8976 9EFF 
 225 0930 37AA 27D9 		.ascii	"7\252'\331\f\n\316\366_\001T\301\363"
 225      0C0A CEF6 
 225      5F01 54C1 
 225      F3
 226               		.text
 227               		.section	.gnu.lto_.symtab.daf8167eb4bcde19,"",@progbits
 228 0000 5553 425F 		.string	"USB_Disable"
 228      4469 7361 
 228      626C 6500 
 229 000c 00        		.string	""
 230 000d 00        		.string	""
 231 000e 00        		.string	""
 232 000f 00        		.string	""
 233 0010 00        		.string	""
 234 0011 00        		.string	""
 235 0012 00        		.string	""
 236 0013 00        		.string	""
 237 0014 00        		.string	""
 238 0015 00        		.string	""
 239 0016 00        		.string	""
 240 0017 C000      		.string	"\300"
 241 0019 00        		.string	""
 242 001a 00        		.string	""
 243 001b 5553 425F 		.string	"USB_ResetInterface"
 243      5265 7365 
 243      7449 6E74 
 243      6572 6661 
 243      6365 00
 244 002e 00        		.string	""
 245 002f 00        		.string	""
 246 0030 00        		.string	""
 247 0031 00        		.string	""
 248 0032 00        		.string	""
 249 0033 00        		.string	""
 250 0034 00        		.string	""
 251 0035 00        		.string	""
 252 0036 00        		.string	""
 253 0037 00        		.string	""
 254 0038 00        		.string	""
 255 0039 C200      		.string	"\302"
 256 003b 00        		.string	""
 257 003c 00        		.string	""
 258 003d 5553 425F 		.string	"USB_Init"
 258      496E 6974 
 258      00
 259 0046 00        		.string	""
 260 0047 00        		.string	""
 261 0048 00        		.string	""
 262 0049 00        		.string	""
 263 004a 00        		.string	""
 264 004b 00        		.string	""
 265 004c 00        		.string	""
 266 004d 00        		.string	""
 267 004e 00        		.string	""
 268 004f 00        		.string	""
 269 0050 00        		.string	""
 270 0051 C400      		.string	"\304"
 271 0053 00        		.string	""
 272 0054 00        		.string	""
 273 0055 5553 425F 		.string	"USB_DeviceState"
 273      4465 7669 
 273      6365 5374 
 273      6174 6500 
 274 0065 00        		.string	""
 275 0066 02        		.ascii	"\002"
 276 0067 00        		.string	""
 277 0068 00        		.string	""
 278 0069 00        		.string	""
 279 006a 00        		.string	""
 280 006b 00        		.string	""
 281 006c 00        		.string	""
 282 006d 00        		.string	""
 283 006e 00        		.string	""
 284 006f 00        		.string	""
 285 0070 D600      		.string	"\326"
 286 0072 00        		.string	""
 287 0073 00        		.string	""
 288 0074 5553 425F 		.string	"USB_Device_ConfigurationNumber"
 288      4465 7669 
 288      6365 5F43 
 288      6F6E 6669 
 288      6775 7261 
 289 0093 00        		.string	""
 290 0094 02        		.ascii	"\002"
 291 0095 00        		.string	""
 292 0096 00        		.string	""
 293 0097 00        		.string	""
 294 0098 00        		.string	""
 295 0099 00        		.string	""
 296 009a 00        		.string	""
 297 009b 00        		.string	""
 298 009c 00        		.string	""
 299 009d 00        		.string	""
 300 009e D800      		.string	"\330"
 301 00a0 00        		.string	""
 302 00a1 00        		.string	""
 303 00a2 5553 425F 		.string	"USB_Device_RemoteWakeupEnabled"
 303      4465 7669 
 303      6365 5F52 
 303      656D 6F74 
 303      6557 616B 
 304 00c1 00        		.string	""
 305 00c2 02        		.ascii	"\002"
 306 00c3 00        		.string	""
 307 00c4 00        		.string	""
 308 00c5 00        		.string	""
 309 00c6 00        		.string	""
 310 00c7 00        		.string	""
 311 00c8 00        		.string	""
 312 00c9 00        		.string	""
 313 00ca 00        		.string	""
 314 00cb 00        		.string	""
 315 00cc DA00      		.string	"\332"
 316 00ce 00        		.string	""
 317 00cf 00        		.string	""
 318 00d0 5553 425F 		.string	"USB_Device_CurrentlySelfPowered"
 318      4465 7669 
 318      6365 5F43 
 318      7572 7265 
 318      6E74 6C79 
 319 00f0 00        		.string	""
 320 00f1 02        		.ascii	"\002"
 321 00f2 00        		.string	""
 322 00f3 00        		.string	""
 323 00f4 00        		.string	""
 324 00f5 00        		.string	""
 325 00f6 00        		.string	""
 326 00f7 00        		.string	""
 327 00f8 00        		.string	""
 328 00f9 00        		.string	""
 329 00fa 00        		.string	""
 330 00fb DC00      		.string	"\334"
 331 00fd 00        		.string	""
 332 00fe 00        		.string	""
 333 00ff 5553 425F 		.string	"USB_IsInitialized"
 333      4973 496E 
 333      6974 6961 
 333      6C69 7A65 
 333      6400 
 334 0111 00        		.string	""
 335 0112 02        		.ascii	"\002"
 336 0113 00        		.string	""
 337 0114 00        		.string	""
 338 0115 00        		.string	""
 339 0116 00        		.string	""
 340 0117 00        		.string	""
 341 0118 00        		.string	""
 342 0119 00        		.string	""
 343 011a 00        		.string	""
 344 011b 00        		.string	""
 345 011c DF00      		.string	"\337"
 346 011e 00        		.string	""
 347 011f 00        		.string	""
 348 0120 456E 6470 		.string	"Endpoint_ConfigureEndpoint_Prv"
 348      6F69 6E74 
 348      5F43 6F6E 
 348      6669 6775 
 348      7265 456E 
 349 013f 00        		.string	""
 350 0140 02        		.ascii	"\002"
 351 0141 00        		.string	""
 352 0142 00        		.string	""
 353 0143 00        		.string	""
 354 0144 00        		.string	""
 355 0145 00        		.string	""
 356 0146 00        		.string	""
 357 0147 00        		.string	""
 358 0148 00        		.string	""
 359 0149 00        		.string	""
 360 014a CF00      		.string	"\317"
 361 014c 00        		.string	""
 362 014d 00        		.string	""
 363 014e 5553 425F 		.string	"USB_INT_ClearAllInterrupts"
 363      494E 545F 
 363      436C 6561 
 363      7241 6C6C 
 363      496E 7465 
 364 0169 00        		.string	""
 365 016a 02        		.ascii	"\002"
 366 016b 00        		.string	""
 367 016c 00        		.string	""
 368 016d 00        		.string	""
 369 016e 00        		.string	""
 370 016f 00        		.string	""
 371 0170 00        		.string	""
 372 0171 00        		.string	""
 373 0172 00        		.string	""
 374 0173 00        		.string	""
 375 0174 D100      		.string	"\321"
 376 0176 00        		.string	""
 377 0177 00        		.string	""
 378 0178 5553 425F 		.string	"USB_INT_DisableAllInterrupts"
 378      494E 545F 
 378      4469 7361 
 378      626C 6541 
 378      6C6C 496E 
 379 0195 00        		.string	""
 380 0196 02        		.ascii	"\002"
 381 0197 00        		.string	""
 382 0198 00        		.string	""
 383 0199 00        		.string	""
 384 019a 00        		.string	""
 385 019b 00        		.string	""
 386 019c 00        		.string	""
 387 019d 00        		.string	""
 388 019e 00        		.string	""
 389 019f 00        		.string	""
 390 01a0 D300      		.string	"\323"
 391 01a2 00        		.string	""
 392 01a3 00        		.string	""
 393               		.text
 394               		.section	.gnu.lto_.opts,"",@progbits
 395 0000 272D 666D 		.ascii	"'-fmath-errno' '-fsigned-zeros' '-ftrapping-m"
 395      6174 682D 
 395      6572 726E 
 395      6F27 2027 
 395      2D66 7369 
 396 002d 6174 6827 		.string	"ath' '-fno-trapv' '-fno-openmp' '-fno-openacc' '-mn-flash=1' '-mno-skip-bug' '-mmcu=avr5'
 396      2027 2D66 
 396      6E6F 2D74 
 396      7261 7076 
 396      2720 272D 
 397               		.text
 398               		.comm	__gnu_lto_v1,1,1
 399               		.comm	__gnu_lto_slim,1,1
 400               		.ident	"GCC: (GNU) 7.4.0"
DEFINED SYMBOLS
                            *ABS*:0000000000000000 USBController_AVR8.c
/var/folders/7d/r_phv7rx6m99qllr_nm2m9c80000gn/T//ccIrqTxB.s:2      *ABS*:000000000000003e __SP_H__
/var/folders/7d/r_phv7rx6m99qllr_nm2m9c80000gn/T//ccIrqTxB.s:3      *ABS*:000000000000003d __SP_L__
/var/folders/7d/r_phv7rx6m99qllr_nm2m9c80000gn/T//ccIrqTxB.s:4      *ABS*:000000000000003f __SREG__
/var/folders/7d/r_phv7rx6m99qllr_nm2m9c80000gn/T//ccIrqTxB.s:5      *ABS*:0000000000000000 __tmp_reg__
/var/folders/7d/r_phv7rx6m99qllr_nm2m9c80000gn/T//ccIrqTxB.s:6      *ABS*:0000000000000001 __zero_reg__
                            *COM*:0000000000000001 __gnu_lto_v1
                            *COM*:0000000000000001 __gnu_lto_slim

NO UNDEFINED SYMBOLS
