   1               		.file	"USBInterrupt_AVR8.c"
   2               	__SP_H__ = 0x3e
   3               	__SP_L__ = 0x3d
   4               	__SREG__ = 0x3f
   5               	__tmp_reg__ = 0
   6               	__zero_reg__ = 1
   7               		.section	.gnu.lto_.profile.dd73ba6f6aa19fa,"",@progbits
   8 0000 789C 6363 		.ascii	"x\234cc```\003bF\206'\2143\030\001\005h\001\214"
   8      6060 6003 
   8      6246 8627 
   8      8C33 1801 
   8      0568 018C 
   9               		.text
  10               		.section	.gnu.lto_.icf.dd73ba6f6aa19fa,"",@progbits
  11 0000 789C 6363 		.string	"x\234cc``\220d@"
  11      6060 9064 
  11      4000 
  12 000a 1686 EDEF 		.string	"\026\206\355\357\226\\ee\274y\372<?\323\225/\247\2561\261\336\370\273g&#\003"
  12      965C 6565 
  12      BC79 FA3C 
  12      3FD3 952F 
  12      A7AE 31B1 
  13 0026 A37B 0C66 		.ascii	"\243{\ff"
  14               		.text
  15               		.section	.gnu.lto_.jmpfuncs.dd73ba6f6aa19fa,"",@progbits
  16 0000 789C 6363 		.string	"x\234cc``(f@"
  16      6060 2866 
  16      4000 
  17 000a 1620 6664 		.string	"\026 fd``\002Rl\214S\230\031\247\265\036:\317\336\315<\207\031(\312\270\231Q\206\201\361"
  17      6060 0252 
  17      6C8C 5398 
  17      19A7 B51E 
  17      3ACF DECD 
  18 002a 2323 0308 		.string	"##\003\b3\200\244\327\277\331\371\223\027$\r\024`\334\202!}\364\377\367\003\374\020i&\306
  18      3380 A4D7 
  18      BFD9 F993 
  18      1724 0D14 
  18      60DC 8221 
  19 0053 6166 1683 		.ascii	"af\026\203"
  20               		.text
  21               		.section	.gnu.lto_.inline.dd73ba6f6aa19fa,"",@progbits
  22 0000 789C 6363 		.string	"x\234cc``\250c@"
  22      6060 A863 
  22      4000 
  23 000a 1606 0676 		.string	"\026\006\006v6F\006&\216\003v\fl\013\344\231@b\214\f\254,@!\226\005\362p!&\206\177\fGA\36
  23      3646 0626 
  23      8E03 760C 
  23      6C0B E499 
  23      4062 8C0C 
  24 004e 00        		.string	""
  25 004f 7895 0BBF 		.ascii	"x\225\013\277"
  26               		.text
  27               		.section	.gnu.lto_.pureconst.dd73ba6f6aa19fa,"",@progbits
  28 0000 789C 6363 		.string	"x\234cc``\340\002b\026\006)F)&)\326]\214"
  28      6060 E002 
  28      6216 0629 
  28      4629 2629 
  28      D65D 8C00 
  29 0014 049B 0126 		.ascii	"\004\233\001&"
  30               		.text
  31               		.section	.gnu.lto_USB_INT_DisableAllInterrupts.dd73ba6f6aa19fa,"",@progbits
  32 0000 789C 7D90 		.string	"x\234}\220;H\003A\020\206\347\337\325S\324t6\242\210\205M\032\257\261\bvQ\021\004+E[Q\211
  32      3B48 0341 
  32      1086 E7DF 
  32      D553 D474 
  32      36A2 8885 
  33 0064 2A30 2B41 		.string	"*0+AA\201 VeT\"\265\364v!\334;&\233\275\031\2533wm\304%\321\006\2732$\340&\226e\216\013\3
  33      4181 2056 
  33      6554 22B5 
  33      F476 21DC 
  33      3B26 9BBD 
  34 011e 5695 225C 		.string	"V\225\"\\\376\022\256\230\360\367K<\005\\s%\213Y\353\265\27283e\313\234\347q\b\"\317\230\
  34      FE12 AE98 
  34      F0F7 4B3C 
  34      055C 7325 
  34      8B59 EBB5 
  35 016d 36A8 8F75 		.ascii	"6\250\217u"
  36               		.text
  37               		.section	.gnu.lto_USB_INT_ClearAllInterrupts.dd73ba6f6aa19fa,"",@progbits
  38 0000 789C 6363 		.string	"x\234cc``Ped`\260\002\322\322@\314\310\314\300\3104\341\034\003C#\007\023##\210\321\300\3
  38      6060 5065 
  38      6460 B002 
  38      D2D2 40CC 
  38      C8CC C0C8 
  39 0075 A581 7634 		.string	"\245\201v4\034`\350df\002\261\232\0170\274b<\364\345\305_#\220&\240A\323Z\017\235g\357f\2
  39      1C60 E864 
  39      6602 B19A 
  39      0F30 BC62 
  39      3CF4 E5C5 
  40 00d0 65C0 16CC 		.string	"e\300\026\314\\\314\006\265\341\312\307\245{\030!F>\004\251?\364~m?;\212\221;\341F\356\00
  40      5CCC 06B5 
  40      E1CA C7A5 
  40      7B18 2146 
  40      3E04 A93F 
  41 013d AE8C 76AA 		.ascii	"\256\214v\252"
  42               		.text
  43               		.section	.gnu.lto___vector_10.dd73ba6f6aa19fa,"",@progbits
  44 0000 789C A55A 		.string	"x\234\245ZkTU\325\026\336k\255\363\200\303KQA\364hVZj&fVff\276\2624\263\306\355\326\337;\
  44      6B54 55D5 
  44      16DE 6BAD 
  44      F380 C34B 
  44      5141 F468 
  45 0038 CACD BCE2 		.ascii	"\312\315\274\342\305g>\361yD\321\362\201\212\250\240&\210\202"
  45      C567 3EF1 
  45      7944 D1F2 
  45      818A A8A0 
  45      2688 82
  46 004b 8888 F806 		.ascii	"\210\210\370\006E\274s\256\265\317>k\237\307\276\t\215\321\354"
  46      45BC 73AE 
  46      B5CF 3E6B 
  46      9FC7 BE09 
  46      8DD1 EC
  47 005e ECBD E75C 		.ascii	"\354\275\347\\k~\337\\k\316\271\026Y\024E\251\357\245(\313\211"
  47      6B7E DF5C 
  47      6BCE B916 
  47      5914 45A9 
  47      EFA5 28CB 
  48 0073 A2FC 08FF 		.ascii	"\242\374\b\377\222g\024B\027\024)\312\254 J\331\234\027\025\207"
  48      9267 1442 
  48      1714 29CA 
  48      AC20 4AD9 
  48      9C17 1587 
  49 0087 CD8C 3294 		.ascii	"\315\2142\224Q\323\225\030|Z3\b\236L\304,\224\314\324\302\225"
  49      51D3 9518 
  49      7C5A 3308 
  49      9E4C C42C 
  49      94CC D4C2 
  50 009c 42B9 9285 		.ascii	"B\271\222\205Z\245'+\rBe[\b\032\206\006\221`a\022L\273o.P\340"
  50      5AA5 272B 
  50      0D42 655B 
  50      081A 8606 
  50      9160 6112 
  51 00b6 BDED 4208 		.ascii	"\275\355B\b\274\357.\336\217\260\221P\361=\304\375#\224\206\361"
  51      BCEF 2EDE 
  51      8FB0 9150 
  51      F13D C4FD 
  51      2394 86F1 
  52 00ca D122 F868 		.ascii	"\321\"\370ha4\234;\020\301\035\b'\021B)\202\266\343"
  52      6134 9C3B 
  52      10C1 1D08 
  52      2711 4229 
  52      82B6 E3
  53 00dd 4A31 5CA9 		.string	"J1\\\251\035m/=\265'\221B)\222v\023Sv\340Sv\023\357Gt\240\035\271v'\256\335\221t\026\332\
  53      1D6D 2F3D 
  53      B527 9142 
  53      2992 7613 
  53      5376 E053 
  54 01de 8A57 500C 		.ascii	"\212WP\fD\361*\212A(^C\361:\2127P\fF\361&\212!(\336B1\024\305"
  54      44F1 2A8A 
  54      4128 5E43 
  54      F13A 8A37 
  54      500C 46F1 
  55 01fb DB28 86A1 		.ascii	"\333(\206\241x\007\305p\024#P\214\004\301F\341\257\321(\336E"
  55      7807 C570 
  55      1423 508C 
  55      04C1 46E1 
  55      AFD1 28DE 
  56 0210 3106 C57B 		.ascii	"1\006\305{(\336G1\026\3058\024\037\240\030\217\342C\024\023P"
  56      28DE 4731 
  56      16C5 3814 
  56      1FA0 188F 
  56      E243 1413 
  57 0225 7C84 E263 		.ascii	"|\204\342c\024\2122\007\030l\350\357p)s\031\205\037\211.\245"
  57      148A 3207 
  57      186C E8EF 
  57      7029 7319 
  57      851F 892E 
  58 023a 1A28 038A 		.ascii	"\032(\003\212\253\017\345\326Z\330[\004\177?XP\365e\257\025\216"
  58      AB0F E5D6 
  58      5AD8 5B04 
  58      7F3F 5850 
  58      F565 AF15 
  59 024f 0509 0E57 		.ascii	"\005\t\016WmL\222\3035\253G\0263\221-\204\001\377\344U;\031`"
  59      6D4C 92C3 
  59      35AB 4716 
  59      3391 2D84 
  59      01FF E455 
  60 0266 17D1 D94A 		.ascii	"\027\321\331Jz\201v\313\365K\327\303\322\030\252\230\3116 \273"
  60      7A81 76CB 
  60      F54B D7C3 
  60      D218 AA98 
  60      C936 20BB 
  61 027a 9614 34A7 		.ascii	"\226\0244\247\226ol(\033\246\205.ID\270\330bA#\036\302\fF\344"
  61      966F 6C28 
  61      1BA6 852E 
  61      4944 B8D8 
  61      6241 231E 
  62 0292 D092 EDC4 		.ascii	"\320\222\355\304B\3621\262 \234,\006>e$\027\034\267\342\300f"
  62      42F2 31B2 
  62      209C 2C06 
  62      3E65 2417 
  62      1CB7 E2C0 
  63 02a7 AE59 726B 		.ascii	"\256Yrk\345.\"\036/\021\\;7\327\246[s\310\262YI\004BNv\022;\331"
  63      E52E 221E 
  63      2F11 5C3B 
  63      37D7 A65B 
  63      73C8 B259 
  64 02c3 01B3 2B64 		.ascii	"\001\263+d\027\311!\340Db\263Eq\262.b\254\223I\033\262\030\032"
  64      17C9 21E0 
  64      4462 B345 
  64      71B2 2E62 
  64      AC93 491B 
  65 02da 1362 22BB 		.ascii	"\023b\"\273A\255\232$\364@7\270?J\025I:\277\277\037>\203\005"
  65      41AD 9A24 
  65      F440 37B8 
  65      3F4A 1549 
  65      3ABF BF1F 
  66 02f1 A8AF AFCB 		.ascii	"\250\257\257\313o\n\023\352\n\331C\004\336\271\214)\333\243\201"
  66      6F0A 13EA 
  66      0AD9 4304 
  66      DEB9 8C29 
  66      DBA3 81
  67 0304 B21A 32AB 		.ascii	"\262\0322\253b\333\274\226\237\230\236+X\300\373\034\216%\016"
  67      62DB BC96 
  67      9F98 9E2B 
  67      58C0 FB1C 
  67      8E25 0E
  68 0317 935F B6BC 		.ascii	"\223_\266\274\270(rF\231\311^\215\013\252\343\302\005~\355C."
  68      B828 7246 
  68      99C9 5E8D 
  68      0BAA E3C2 
  68      057E ED43 
  69 032c 402C 8688 		.ascii	"@,\206\210a\214PY\246\327ut\030~v\262\256`\331\234s\267\301$"
  69      618C 5059 
  69      A6D7 7574 
  69      187E 76B2 
  69      AE60 D99C 
  70 0344 B8A9 446E 		.ascii	"\270\251Dn6,-9\306<\334\024h\334\354\227\271\261\203\261\233"
  70      362C 2D39 
  70      C63C DC14 
  70      68DC EC97 
  70      B9B1 83B1 
  71 0359 8C8A B4D5 		.ascii	"\214\212\264\325\227\2438!{5B\016\230\005#v\211\002\223r\321"
  71      97A3 3821 
  71      7B35 420E 
  71      9805 2376 
  71      8902 9372 
  72 036e AA51 B021 		.ascii	"\252Q\260!\275-\024\\tZ\310\001\215\001\246c\240\020\0349\210"
  72      BD2D 145C 
  72      745A C801 
  72      8D01 A663 
  72      A010 1C39 
  73 0383 0C1C 4406 		.ascii	"\f\034D\006\210`\340\200\236\201\337w\017\305\317N\326\315h5"
  73      8860 E080 
  73      9E81 DF77 
  73      0FC5 CF4E 
  73      D6CD 6835 
  74 0397 1C72 239E 		.ascii	"\034r#\236M\204vwap&\2730#\004)\243\344\021!\277\213aKR\271\222"
  74      4D84 7677 
  74      6170 26BB 
  74      3023 0429 
  74      A3E4 1121 
  75 03b2 D178 7FC0 		.ascii	"\321x\177\300x0\210\340,o\022\247\fQ(u$1gK\030\317N`\237\237"
  75      7830 88E0 
  75      2C6F 12A7 
  75      0C51 2875 
  75      2431 674B 
  76 03cc 5F77 DE3A 		.ascii	"_w\336:\363\261#(\213\0018\023\030\036&3a\017Z9\213f\335\336"
  76      F3B1 2328 
  76      8B01 3813 
  76      181E 2633 
  76      610F 5A39 
  77 03e4 9308 AC5F 		.ascii	"\223\b\254_J\r6\334\021\276\341\264}a\202\305yTZ\021\245>\033"
  77      4A0D 36DC 
  77      11BE E1B4 
  77      7D61 82C5 
  77      7954 5A11 
  78 03fb EE2E 6CB8 		.ascii	"\356.l\270#\0016\3341p\274\b).BV\236\201O\2536\245\246\233\305"
  78      2301 36DC 
  78      3170 BC08 
  78      292E 4256 
  78      9E81 4FAB 
  79 0414 2A3A 87AB 		.ascii	"*:\207\253\350Q\372\261\371&\017\007\3075\016N\310\253\250\207"
  79      E851 FAB1 
  79      F926 0F07 
  79      C735 0E4E 
  79      C8AB A887 
  80 0428 30DE 7CE0 		.ascii	"0\336|\340\320\354 \261e\b9)\357\260#\336;\254\207\264\236,\362"
  80      D0EC 20B1 
  80      6508 3929 
  80      EFB0 23DE 
  80      3BAC 87B4 
  81 043f 962A 6ED3 		.ascii	"\226*n\323\226:\223\331\305L\212\003l\251S\340H\t\242-\301\005"
  81      963A 93D9 
  81      C54C 8A03 
  81      6CA9 53E0 
  81      4809 A22D 
  82 0455 45C5 8202 		.ascii	"E\305\202\002e\231\300\023\207\207\341g'{\026,\327m\271\344\f"
  82      6599 C013 
  82      8787 E167 
  82      277B 162C 
  82      D76D B9E4 
  83 046a 1564 9422 		.ascii	"\025d\224\"\031'\2227\365\364pqZ\343\342\214\314\305s`\353\006"
  83      1927 9237 
  83      F5F4 7071 
  83      5AE3 E28C 
  83      CCC5 7360 
  84 0480 5F91 B663 		.ascii	"_\221\266cE4'\240X#\240D\335Q\317I\fX\225\013!\032\003\347\346"
  84      4534 27A0 
  84      5823 A044 
  84      DD51 CF49 
  84      0C58 950B 
  85 0499 B785 81EA 		.ascii	"\267\205\201\352L\0139\033`G\225\202#eH@\031\022\300\004\001"
  85      4C0B 391B 
  85      6047 9582 
  85      2365 4840 
  85      1912 C004 
  86 04ae 67F5 0434 		.ascii	"g\365\0044\354\030\212\237\235\254\227Q\364\317I;\212k\277 \f"
  86      EC18 8A9F 
  86      9DAC 9751 
  86      F4CF 493B 
  86      8A6B BF20 
  87 04c3 CEA7 9D59 		.ascii	"\316\247\235Y\030&vT\013!\347=;\252\214\357\250\200\343]\340"
  87      1826 7654 
  87      0B21 E73D 
  87      3BAA 8CEF 
  87      A880 E35D 
  88 04d8 3BEA 05C1 		.ascii	";\352\005\301\331.\261\243\020\205\360\352\346\311\322u>\353"
  88      D92E B1A3 
  88      1085 F0EA 
  88      E6C9 D275 
  88      3EEB 
  89 04ea BAD9 6255 		.ascii	"\272\331bUA\232u \377\004\323\213\b\362\"\372\365<|\272s\247"
  89      419A 7520 
  89      FF04 D38B 
  89      08F2 22FA 
  89      F53C 7CBA 
  90 0500 324F 0D63 		.ascii	"2O\rc\031\206\361h\302=\207\305\343E\271\346E\205\034\307\236"
  90      1986 F168 
  90      C23D 87C5 
  90      E345 B9E6 
  90      4585 1CC7 
  91 0515 60CC E3C8 		.ascii	"`\314\343\310\2436H\004\255\247\024\264 \345\006\246A\360\360"
  91      A336 4804 
  91      ADA7 14B4 
  91      20E5 06A6 
  91      41F0 F0
  92 0528 6EE3 FCE4 		.ascii	"n\343\374\344c\205\314\333\303\205V\263\352\241E\347\341%\360"
  92      6385 CCDB 
  92      C385 56B3 
  92      EAA1 45E7 
  92      E125 F0
  93 053b B012 3DAC 		.ascii	"\260\022=\254\344\244lX\261gO\204p\357\017\324[v/co\250\307\275"
  93      E4A4 6C58 
  93      B167 4F84 
  93      70EF 0FD4 
  93      5B76 2F63 
  94 0553 CB9A 7B57 		.ascii	"\313\232{W\300=\370\276\363N\363\021*8nG\252\004\305\340A!x\240"
  94      C03D F8BE 
  94      F34E F311 
  94      2A38 6E47 
  94      AA04 C5E0 
  95 056b 8E18 7084 		.ascii	"\216\030p\204j1\302\242c\273K\231\030!\222\\\345\200\346\262"
  95      6A31 C2A2 
  95      63BB 4B99 
  95      1821 925C 
  95      E580 E6B2 
  96 057f 6065 CD20 		.ascii	"`e\315 \001\2479\365\361\226\357\275\300\374\234\341f\333\252"
  96      01A7 39F5 
  96      F196 EFBD 
  96      C0FC 9CE1 
  96      66DB AA
  97 0592 C352 0358 		.ascii	"\303R\003X\256!\226kH\317\213F\223\327\312\354\366\006e7\273"
  97      AE21 966B 
  97      48CF 8B46 
  97      93D7 CAEC 
  97      F606 6537 
  98 05a7 E7F6 5F20 		.ascii	"\347\366_ \202\336\336\032\275s \275\356\355G\3462\233\207\345"
  98      82DE DE1A 
  98      BD73 20BD 
  98      EEED 47E6 
  98      329B 87E5 
  99 05bb 9AA2 C410 		.ascii	"\232\242\304\020\324\323\247Vs\016\246VxW\177\357\364\2720\234"
  99      D4D3 A756 
  99      730E A656 
  99      7857 7FEF 
  99      F4BA 309C 
 100 05cf D8C1 27BE 		.ascii	"\330\301'\276Nf\252\023\327\t\324[R\216n\264\t\324\204\334\200"
 100      4E66 AA13 
 100      D709 D45B 
 100      528E 6EB4 
 100      09D4 84DC 
 101 05e4 2F98 ADF7 		.ascii	"/\230\255\367\3167\371O\327A`X/\245\353\020\345&\323\242]X\342"
 101      CE37 F94F 
 101      D741 6058 
 101      2FA5 EB10 
 101      E526 D3A2 
 102 05fb 1BED ED56 		.ascii	"\033\355\355V\213\312P\260\216\241\233\300P\0032\324`\034\233"
 102      8BCA 50B0 
 102      8EA1 9BC0 
 102      5003 32D4 
 102      601C 9B
 103 060e 5BC2 4B2D 		.ascii	"[\302K-\263S\310\354\267\325\350\326\\|\032\344w4\344waL>\bB"
 103      B353 C8EC 
 103      B7D5 E8D6 
 103      5C7C 1AE4 
 103      7734 E477 
 104 0627 7D12 08AA 		.ascii	"}\022\b\252\r4\357IPC[W\231\356\363\31247ki\236"
 104      0D34 EF49 
 104      5043 5B57 
 104      99EE F3CA 
 104      3437 6B69 
 105 063c 5A99 C056 		.string	"Z\231\300VJ\254\276\255`\251\325\202F~+S#\260\326\204\2545\341\272\350cT\215\037\312\353\
 105      4AAC BEAD 
 105      60A9 D582 
 105      467E 2B53 
 105      23B0 D684 
 106 073d C1CB 4DC1 		.string	"\301\313M\301\013z\352\256\271\215\345\203\275\301\334\2662\025H\230\016H\032"
 106      0B7A EAAE 
 106      B98D E583 
 106      BDC1 DCB6 
 106      3215 4898 
 107 0755 9987 40E6 		.ascii	"\231\207@\346\241[/\033\264J?h8\370\004\302\240\277\260\271u"
 107      A15B 2F1B 
 107      B44A 3F68 
 107      38F8 04C2 
 107      A0BF B0B9 
 108 076a CC79 395C 		.ascii	"\314y9\\\340\350A\346{p\314\3438\002\215\230\316a\364\347y2w"
 108      E0E8 41E6 
 108      7B70 CCE3 
 108      3802 8D98 
 108      CE61 F4E7 
 109 0781 7588 B7CB 		.ascii	"u\210\267\313\215Z\021\326\247\345\005\340\362\217\350\362\217"
 109      8D5A 11D6 
 109      A7E5 05E0 
 109      F28F E8F2 
 109      8F
 110 0792 D430 2DFF 		.ascii	"\3240-\377D\325\024\312\363pj\225\355\257\347\341\237\251;\017"
 110      44D5 14CA 
 110      F370 6A95 
 110      EDAF E7E1 
 110      9FA9 3B0F 
 111 07a6 2FA4 3CB7 		.ascii	"/\244<\267k\307d\n\307\344ET\244\345\365\3308\373K\313\341`\230"
 111      6BC7 640A 
 111      C7E4 4554 
 111      A4E5 F5D8 
 111      38FB 4BCB 
 112 07bd 413D 6939 		.ascii	"A=i9\242uiy1\355\245[\242\276yx\231\315\202"
 112      A275 6979 
 112      31ED A55B 
 112      A2BE 7978 
 112      99CD 82
 113 07d0 5A7E F3F0 		.ascii	"Z~\363\360\022\240i)\322\264\024\003\365\252Q\036vR)3\r\002e"
 113      12A0 6929 
 113      D2B4 1403 
 113      F5AA 511E 
 113      7652 2933 
 114 07e7 BE16 B53C 		.ascii	"\276\026\265<\2143\350\362\360 ))\265\223\363\360\3556\345\341"
 114      8C33 E8F2 
 114      F020 2929 
 114      B593 F3F0 
 114      ED36 E5E1 
 115 07fb 965C BB99 		.ascii	"\226\\\273\231dR\377y8\013\340d#\234l\314JV\221\2252\365\f\235"
 115      6452 FF79 
 115      380B E064 
 115      239C 6CCC 
 115      4A56 9195 
 116 0813 803C 9C8D 		.ascii	"\200<\234\215h_3\332=\313d\264\257\203\262\033mEZz\241\310\303"
 116      685F 33DA 
 116      3DCB 64B4 
 116      AF83 B21B 
 116      6D45 5A7A 
 117 082a 991A E20B 		.ascii	"\231\032\342\013j\036~]\202\334^\364\374\201\333\307\2556\223"
 117      6A1E 7E5D 
 117      82DC 5EF4 
 117      FC81 DBC7 
 117      AD36 93
 118 083d DFF6 7139 		.ascii	"\337\366q9`\310A\f9\306+\367\337\270r\275\372\303\377c\362\013"
 118      60C8 410C 
 118      39C6 2BF7 
 118      DFB8 72BD 
 118      FAC3 FF63 
 119 0853 9AB8 1BC2 		.ascii	"\232\270\033\302HeA\221\022\270#\\\274\335\326\315oK\270\002"
 119      4865 4191 
 119      12B8 235C 
 119      BCDD D6CD 
 119      6F4B B802 
 120 0867 FCFB 15FD 		.ascii	"\374\373\025\375\373\025I|\303h\276\2252\211\203A\331\323\022"
 120      FB15 497C 
 120      C368 BE95 
 120      3289 8341 
 120      D9D3 12
 121 087a 96A8 2DE1 		.ascii	"\226\250-\341`\251%\354\246l.P\240'\354\240Q\207y\252\246\306"
 121      60A9 25EC 
 121      A66C 2E50 
 121      A027 ECA0 
 121      5187 79AA 
 122 0890 274F EDB1 		.ascii	"'O\355\261\271\363T\204\316\265\377\200k\253\320\265U\350\332"
 122      B9F3 5484 
 122      CEB5 FF80 
 122      6BAB D0B5 
 122      55E8 DA
 123 08a3 3B06 5925 		.ascii	";\006Y%W+:|\002a0\\\330\\/\256t\251\327\006\345\204\254\366$"
 123      572B 3A7C 
 123      0261 305C 
 123      D85C 2FAE 
 123      74A9 D706 
 124 08bc AA55 8689 		.ascii	"\252U\206\211\352\277<Q\r\027kdy\334\323V\236<\257}\274\313\247"
 124      EABF 3C51 
 124      0D17 6B64 
 124      79DC D356 
 124      9E3C AF7D 
 125 08d3 D414 DB18 		.ascii	"\324\024\333\030j\371=\372\255\001\344k\021\371Z\004\362\266"
 125      6AF9 3DFA 
 125      AD01 E46B 
 125      11F9 5A04 
 125      F2B6 
 126 08e5 D13E 5EA7 		.string	"\321>^\247A\347\263\b\213a\302\350\227\303\331\005j\017}\223\220\365\036\350k\251\341\215
 126      41E7 B308 
 126      8B61 C2E8 
 126      97C3 D905 
 126      6A0F 7D93 
 127 09e6 E2B2 1FE3 		.ascii	"\342\262\037\343\262"
 127      B2
 128 09eb 1F59 1E01 		.string	"\037Y\036\001\237\322]\005\205\352-\334e\234\357`\2363\312C\361\001\352\246\270P\204)\341
 128      9FD2 5D05 
 128      85EA 2DDC 
 128      659C EF60 
 128      9E33 CA43 
 129 0aec A5F0 0C20 		.ascii	"\245\360\f >\213\210\317\"b\233@|\332\0131\324\275\263\210\370"
 129      3E8B 88CF 
 129      2262 9B40 
 129      7CDA 0B31 
 129      D4BD B388 
 130 0b01 23A3 7097 		.ascii	"#\243p\227J'S\256\375\2610\310,\277Q\035.6\301\003B\312<\265"
 130      4A27 53AE 
 130      FDB1 30C8 
 130      2CBF 511D 
 130      2E36 C103 
 131 0b19 E2AC 7195 		.ascii	"\342\254q\225<\307\367\322\307\202\263\243\"c\236VOdwk\212\n"
 131      3CC7 F7D2 
 131      C782 B3A3 
 131      2263 9E56 
 131      4F64 776B 
 132 0b2f 23FF FA06 		.ascii	"#\377\372\006=\257m\320\013\"eiGV\nG\326?\271K\tws\217\233}\207"
 132      3DAF 6DD0 
 132      0B22 6569 
 132      4756 0A47 
 132      D63F B94B 
 133 0b4a F49F 722F 		.ascii	"\364\237r/j)\267\034\233\304=\322B~\232\235Y\341U\301|\273\230"
 133      6A29 B71C 
 133      9BC4 3DD2 
 133      427E 9A9D 
 133      59E1 55C1 
 134 0b61 DF42 186A 		.ascii	"\337B\030j\371\r\335%\b]%\206\256\022\331\376\320\210\313\313"
 134      F90D DD25 
 134      085D 2586 
 134      AE12 D9FE 
 134      D088 CBCB 
 135 0b75 52ED 8659 		.ascii	"R\355\206Y\204\305\0040\222o\016*\215\343q\205\307c\202\210G"
 135      84C5 0430 
 135      926F 0E2A 
 135      8DE3 7185 
 135      C763 8288 
 136 0b8a 9988 4745 		.ascii	"\231\210GEkkw\025\365\276\373\360F\276\031\220W\005\350Z\252"
 136      6B6B 7715 
 136      F5BE FBF0 
 136      46BE 1990 
 136      5705 E85A 
 137 0b9f 01F9 5544 		.ascii	"\001\371UD~\025q|`\264\017k$\344x\303\302-\306\203\221\214\374"
 137      7E15 717C 
 137      60B4 0F6B 
 137      24E4 78C3 
 137      C22D C683 
 138 0bb6 AA        		.ascii	"\252"
 139 0bb7 71ED BEC6 		.string	"q\355\276\306\221\217\027\310\317\t\344U\255E^\353\325\271\372v-[\001ym\200\256\345: \257
 139      918F 17C8 
 139      CF09 E455 
 139      AD45 5EEB 
 139      D5B9 FA76 
 140 0cb8 2FCA 8B06 		.ascii	"/\312\213\006\345\357X\340p\314v\360|\326\354\355\210g\315\221"
 140      E5EF 58E0 
 140      70CC 76F0 
 140      7CD6 ECED 
 140      8867 CD91 
 141 0ccc C738 E423 		.ascii	"\3078\344#Xw-\270\356@\340\033\225m^=S\222\252\362m,EL\322\264"
 141      5877 2DB8 
 141      EE40 E01B 
 141      956D 5E3D 
 141      5392 AAF2 
 142 0ce6 AEAE 3C4C 		.ascii	"\256\256<L\205z0\277{\261Z\244B\311\023?L:X/\215\272U\363\273"
 142      857A 30BF 
 142      7BB1 5AA4 
 142      42C9 133F 
 142      4C3A 582F 
 143 0cff A3FD 95C2 		.ascii	"\243\375\225\3023\353m\354\007\325\343\225)_\251\016\367\340"
 143      33EB 6DEC 
 143      07D5 E395 
 143      295F A90E 
 143      F7E0 
 144 0d11 C304 9359 		.ascii	"\303\004\223Y\314\233\262\004\030DM\3009\253\303\321l\317\223"
 144      CC9B B204 
 144      1844 4DC0 
 144      39AB C3D1 
 144      6CCF 93
 145 0d24 A64C CA16 		.ascii	"\246L\312\026\2111\226\270\262\033#\324Az\363A\302H\"\363\365"
 145      8931 96B8 
 145      B21B 23D4 
 145      417A F341 
 145      C248 22F3 
 146 0d39 2589 E9A2 		.ascii	"%\211\351\242\032\006QMf\002#~\363<\310\363m\312\336\3038%\200"
 146      1A06 514D 
 146      6602 237E 
 146      F33C C8F3 
 146      6DCA DEC3 
 147 0d50 44DD 14F8 		.ascii	"D\335\024\370\224\244{J`\374\217\341\263s\362\262\355\234D}\205"
 147      94A4 7B4A 
 147      60FC 8FE1 
 147      B373 F2B2 
 147      ED9C 447D 
 148 0d65 09CF 601D 		.ascii	"\t\317`\035\220_\205\314f3\371\337\257\261\013\220\227/\201\""
 148      905F 85CC 
 148      6633 F9DF 
 148      AFB1 0B90 
 148      972F 8122 
 149 0d79 95C2 EC59 		.ascii	"\225\302\354Yp~\347\033\361O\261\021\033\344\215\210\321\227"
 149      707E E71B 
 149      F14F B111 
 149      1BE4 8D88 
 149      D197 
 150 0d8b 9EEE EB9E 		.ascii	"\236\356\353\236\232tO\tL~J\322==nmZ\233\303\351\253\312\335"
 150      9A74 4F09 
 150      4C7E 4AD2 
 150      3D3D 6E6D 
 150      5A9B C3E9 
 151 0da2 7F59 5DB8 		.ascii	"\177Y]\270\0262\227y\232\314e\276\347sX\271`\3447\313\2452\013"
 151      1632 9779 
 151      9ACC 65BE 
 151      E773 58B9 
 151      60E4 37CB 
 152 0db9 4963 C008 		.ascii	"Ic\300\b\b'{\017WBnM\275E\234\001\032\260\200\237J\311?\027\344"
 152      0827 7B0F 
 152      5742 6E4D 
 152      BD45 9C01 
 152      1AB0 809F 
 153 0dd2 C958 F398 		.ascii	"\311X\363\230v\245\312<Y\017f\025#\274\017\203\360\376K\315z"
 153      76A5 CA3C 
 153      590F 6615 
 153      23BC 0F83 
 153      F0FE 4BCD 
 154 0de7 F0D2 688C 		.ascii	"\360\322h\214\371\f\263\336\373\202\354k\202\3549L\375?\0326"
 154      F90C B3DE 
 154      FB82 EC6B 
 154      82EC 394C 
 154      FD3F 1A36 
 155 0dfb 46FB 6FD6 		.ascii	"F\373o\326;\342\355+\3634\353v\321\254\327\303*\311\373\225\237"
 155      3BE2 ED2B 
 155      F334 EB76 
 155      D1AC D7C3 
 155      2AC9 FB95 
 156 0e10 EED4 C306 		.ascii	"\356\324\303\006\201\017pB\030<e\362\347\261S\276\375rb\354\370"
 156      810F 7042 
 156      183C 65F2 
 156      E7B1 53BE 
 156      FD72 62EC 
 157 0e25 4FC7 8C88 		.ascii	"O\307\214\210\035\035?\371\273\270\370\351\261\237~22v\324\264"
 157      1D1D 3FF9 
 157      BBB8 F8E9 
 157      B19F 7E32 
 157      3276 D4B4 
 158 0e39 F8B8 D811 		.ascii	"\370\270\330\021\237\375m0>\215\235:#.>\376\333of\374\003\337"
 158      9FFD 6D30 
 158      3E8D 9D3A 
 158      232E 3EFE 
 158      DB6F 66FC 
 159 0e4f F49F A404 		.ascii	"\364\237\244\004ko\206\377\225!\372\367\0174\324W\312\330\247"
 159      6B6F 86FF 
 159      9521 FAF7 
 159      0F34 D457 
 159      CAD8 A7
 160 0e62 1940 1A68 		.ascii	"\031@\032h\324\264\2513\342\247M\231\022\027\357\036i\\kFr\377"
 160      D4B4 A933 
 160      E2A7 4D99 
 160      1217 EF1E 
 160      695C 6B46 
 161 0e78 7774 DC77 		.ascii	"wt\334w\223'\305\271\207\262\216\370\342\213\370\270\351\323"
 161      9327 C5B9 
 161      87B2 8EF8 
 161      E28B F8B8 
 161      E9D3 
 162 0e8a 4D7F FFFE 		.ascii	"M\177\377\376\2338\323'\223\377\025g\0369q\352\327\323\307\267"
 162      9B38 D327 
 162      93FF 1567 
 162      1E39 71EA 
 162      D7D3 C7B7 
 163 0e9e 658A 77A7 		.ascii	"e\212w\247~\361\315\264\311S5\344\226\t\337\376\363\363\270x"
 163      7EF1 CDB4 
 163      C953 35E4 
 163      9609 DFFE 
 163      F3F3 B878 
 164 0eb2 F3C8 EF67 		.ascii	"\363\310\357g\304M\267~8q\372\327\237M\234b\033\365U\334\244"
 164      C44D B77E 
 164      3871 FAD7 
 164      9F4D 9C62 
 164      1BF5 55DC 
 165 0ec7 AFF9 ABFF 		.ascii	"\257\371\253\377\001 \311\277\361"
 165      0120 C9BF 
 165      F1
 166               		.text
 167               		.section	.gnu.lto___vector_11.dd73ba6f6aa19fa,"",@progbits
 168 0000 789C 9555 		.string	"x\234\225U]L\\U\020>s\317\275w\027\330\205\206\364A\315>\2641<\264\017\254\211>\220hT\254
 168      5D4C 5C55 
 168      103E 73CF 
 168      BD77 17D8 
 168      8586 F441 
 169 00de 1F70 8C83 		.string	"\037p\214\203\347m\360\234MD\343\346\361\263\213G\255\272\n\347!M&\205\357@g\210\2325\016
 169      E76D F09C 
 169      4D44 E3E6 
 169      F1B3 8B47 
 169      ADBA 0AE7 
 170 018e 9009 1330 		.string	"\220\t\0230':K\347]\3275\351ID'\2469\363\365_\201\024J\313!\005Z0\201\200\376\351Ba\f\360
 170      273A 4BE7 
 170      5DD7 35E9 
 170      4944 27A6 
 170      39F3 F55F 
 171 01ec 403B 6E0B 		.string	"@;n\013AY\260\263\253\365&\310\002\026\334\3238\343\377\327*\3670\350"
 171      4159 B0B3 
 171      ABF5 26C8 
 171      0216 DCD3 
 171      38E3 FFD7 
 172 0205 39FB 0ACE 		.ascii	"9\373\n\316Y\365\326R\232\202\032\231\0026axiN\221\214\223="
 172      59F5 D652 
 172      9A82 1A99 
 172      0236 6178 
 172      694E 918C 
 173 021b DC4A E5E6 		.string	"\334J\345\346\\\275I\322\223\"\332\220,7\202\364m@7\233\200\222\321\312\303\275:MJH\211<\
 173      5CBD 49D2 
 173      9322 DA90 
 173      2C37 82F4 
 173      6D40 379B 
 174 031c 465E 2562 		.string	"F^%bd\360\020:K\221\365\255\235!\313\346s\312q\243\032\233k\242\200\373\rM\327\222T<K`\02
 174      64F0 103A 
 174      4B91 F5AD 
 174      9D21 CBE6 
 174      73CA 71A3 
 175 03b6 8F91 2CD5 		.string	"\217\221,\325\365D7\276,\3449\227\250\"#4\031\344i\376\247O\223\347\235\031n=\322\361\330
 175      F544 37BE 
 175      2CE4 3997 
 175      A822 2334 
 175      19E4 69FE 
 176 0431 A6C1 A6D4 		.string	"\246\301\246\324L\033\013-<\3720\306\323\017\356\202\r\257\266\n\274\227\361\366\300\227\
 176      4C1B 0B2D 
 176      3CFA 30C6 
 176      D30F EE82 
 176      0DAF B60A 
 177 04c5 33E5 3A72 		.ascii	"3\345:r\363\235\0371\265\300\221\315\376\003\220\331,\376"
 177      F39D 1F31 
 177      B5C0 91CD 
 177      FE03 90D9 
 177      2CFE 
 178               		.text
 179               		.section	.gnu.lto_.symbol_nodes.dd73ba6f6aa19fa,"",@progbits
 180 0000 789C 55CB 		.ascii	"x\234U\313;\016\001Q\024\207\361\357\236kf<\327@\324\026\240"
 180      3B0E 0151 
 180      1487 F1EF 
 180      9E6B 663C 
 180      D740 D416 
 181 0015 C3CA CE48 		.ascii	"\303\312\316H\246\323\250\325v\240\243U)D\343\375\226\211Gb\007"
 181      A6D3 A8D5 
 181      76A0 A355 
 181      2944 E3FD 
 181      9689 4762 
 182 002a 1A97 42DC 		.ascii	"\032\227B\334\346|\311/\377\023\002U\343\216\314Q\350N\371d\030"
 182      E67C C92F 
 182      FF13 0255 
 182      E38E CC51 
 182      E84E F964 
 183 003f B79C 2C50 		.ascii	"\267\234,P\343\313\022\225\237\264\235\004\033\250\270\357\340"
 183      E3CB 1295 
 183      9FB4 9D04 
 183      1BA8 B8EF 
 183      E0
 184 0050 80F9 5456 		.ascii	"\200\371TV\250\365\026\346\204f\276\002q\334tpF\003\017\216h"
 184      A8F5 16E6 
 184      8466 BE02 
 184      71DC 7470 
 184      4603 0F8E 
 185 0065 E8C1 1E8D 		.ascii	"\350\301\036\215<\330\241Y\017\266h\316\2035\232\367\340\202"
 185      3CD8 A159 
 185      0FB6 68CE 
 185      8335 9AF7 
 185      E082 
 186 0077 16FE C14A 		.ascii	"\026\376\301J\221\361\344*V\n\364\2277\327<Ion\254\344Hn\367"
 186      91F1 E42A 
 186      560A F497 
 186      37D7 3C49 
 186      6F6E ACE4 
 187 008e 9A95 2CE9 		.ascii	"\232\225,\351k\326\260\022\221\016\036u+!\311\3105(\221v\236"
 187      6BD6 B012 
 187      910E 1E75 
 187      2B21 C9C8 
 187      3528 9176 
 188 00a3 65DE B5F5 		.ascii	"e\336\265\365IR"
 188      4952 
 189               		.text
 190               		.section	.gnu.lto_.refs.dd73ba6f6aa19fa,"",@progbits
 191 0000 789C 6363 		.string	"x\234cc``P\004b\016&Ff\035Ff}F\346\323\f\f,\357\031\030\231?\002\3617 \356ddd\351bd"
 191      6060 5004 
 191      620E 2646 
 191      661D 4666 
 191      7D46 E6D3 
 192 0028 00        		.string	""
 193 0029 553D 0564 		.ascii	"U=\005d"
 194               		.text
 195               		.section	.gnu.lto_.decls.dd73ba6f6aa19fa,"",@progbits
 196 0000 789C A598 		.string	"x\234\245\230kPTG\026\200o\337\036\004fx\270\304$V$\2261\233Z\177d\031\335d\243\311&\265*
 196      6B50 5447 
 196      1680 6FDF 
 196      1E04 6678 
 196      B8C4 2456 
 197 0049 511E 222F 		.string	"Q\036\"/\001E\r\b(\004\361\301CD4\"\240aOw\337{\347\216\343T\022w\312\303\235\356>\347\35
 197      0145 0D08 
 197      2804 F1C1 
 197      4344 3422 
 197      A061 4F77 
 198 00c4 4B36 4FEA 		.ascii	"K6O\352\027>E\177\023\f\214T\315A\364\357H1\021\373>\220\002"
 198      173E 457F 
 198      130C 8C54 
 198      CD41 F4EF 
 198      4831 11FB 
 199 00db 907B 20B9 		.ascii	"\220{ \271 ~ \243@\006@\372A\006A.K\254\347\245\230"
 199      207E 20A3 
 199      4006 40FA 
 199      4106 412E 
 199      4BAC E7A5 
 200 00f0 7960 BA81 		.string	"y`\272\201h\021\213\321\027\236~ \317#\026\367h\304r0\006\236cA^A,/\277\207\347\037\020\3
 200      6811 8BD1 
 200      179E 7E20 
 200      CF23 16F7 
 200      68C4 7230 
 201 01f1 A4F0 1192 		.string	"\244\360\021\222\036\210\nk#\332\204'\323\223\273\220\244\306\311\337%-\326\317\3138\372\
 201      1E88 0A6B 
 201      23DA 8427 
 201      D393 BB90 
 201      A4C6 C9DF 
 202 021c 4697 D4A0 		.ascii	"F\227\324\240\237\352\252\b\214\253\232^\215gs;\f\253\203D\322"
 202      9FEA AA08 
 202      8CAB 9A5E 
 202      8D67 733B 
 202      0CAB 8344 
 203 0231 CA94 57D7 		.ascii	"\312\224W\327\\\304x\r\242k\330\032\223\325\252\033\235@\027"
 203      5CC4 780D 
 203      A26B D81A 
 203      93D5 AA1B 
 203      9D40 17
 204 0244 4614 4722 		.ascii	"F\024G\"\364\331\013R\0369T\200F\303_\263\206\231\205\357\276"
 204      F4D9 0B52 
 204      1E39 5480 
 204      46C3 5FB3 
 204      8699 85EF 
 205 0259 7853 373E 		.ascii	"xS7>ULm\025\013\313\016\274\331\036-\212k\300JC\324\320\t\373"
 205      554C 6D15 
 205      0BCB 0EBC 
 205      D91E 2D8A 
 205      6BC0 4A43 
 206 0271 329E A035 		.ascii	"2\236\2405\200\362Q\013L\177\022\215'3\212\261e>\3702\233\361"
 206      80F2 510B 
 206      4C7F 128D 
 206      2733 8AB1 
 206      653E F832 
 207 0287 564B 9EE8 		.ascii	"VK\236\350#q\352>\021\327\213dZ\3028eg\234R3\n)\243"
 207      2371 EA3E 
 207      11D7 8B64 
 207      5AC2 3865 
 207      679C 5233 
 208 029e 31A6 ABDC 		.string	"1\246\253\334\027\337g\214\204\357\363\263uXde\270\351\332\331\333n\032\236C\305\324\nz\0
 208      17DF 678C 
 208      84EF F3B3 
 208      7558 6465 
 208      B8E9 DAD9 
 209 039f 1BF8 12F2 		.ascii	"\033\370\022\362\004\304\017\240R\017\333w\233\350A{\266\211"
 209      04C4 0FA0 
 209      520F DB77 
 209      9BE8 417B 
 209      B689 
 210 03b1 51A4 5AC8 		.ascii	"Q\244Z\310\327\275\362\261\303\221&\272(\371\3162|\251\250\376"
 210      D7BD F2B1 
 210      C391 26BA 
 210      28F9 CE32 
 210      7CA9 A8FE 
 211 03c5 0737 7555 		.ascii	"\0077uU\023\025\271\254/\323\262\276\200\244\272.\272y\344\264"
 211      1315 B9AC 
 211      2FD3 B2BE 
 211      80A4 BA2E 
 211      BA79 E4B4 
 212 03d9 4ECA 4D49 		.ascii	"N\312MI\367\273;\242\305\265\230\350\240s\366\314\234\2233\323"
 212      F7BB 3BA2 
 212      C5B5 98E8 
 212      A073 F6CC 
 212      9C93 33D3 
 213 03ed 4833 939D 		.ascii	"H3\223\235\277}\203\006\337\246\341\240\254\314\204\323\356\222"
 213      BF7D 8306 
 213      DFA6 E1A0 
 213      ACCC 84D3 
 213      EE92 
 214 03ff FD85 86D7 		.ascii	"\375\205\206\327\253\251=\311l\223\335\276I\266o\246\366\033"
 214      ABA9 3DC9 
 214      6C93 DDBE 
 214      49B6 6FA6 
 214      F61B 
 215 0411 77EE 2BE2 		.ascii	"w\356+\342q\204\206\332\327\034\333\272X2\257\234\033!\026#j"
 215      7184 86DA 
 215      D71C DBBA 
 215      5832 AF9C 
 215      1B21 1623 
 216 0426 7CC5 6E7C 		.ascii	"|\305n|E6\276J\215\013\372\222\217jq23\0267\356\316\361\220\254"
 216      4536 BE4A 
 216      8D0B FA92 
 216      8F6A 7132 
 216      3316 37EE 
 217 043e 07FF A258 		.ascii	"\007\377\242X\267\330\255[d\353Vj\235\227\330\237\350\215\363"
 217      B7D8 AD5B 
 217      64EB 566A 
 217      9D97 D89F 
 217      E88D F3
 218 0451 9875 5571 		.ascii	"\230uUqD\227\034z\347\333\212\365\217v\353\037e\3536j\235\032"
 218      4497 1C7A 
 218      E7DB 8AF5 
 218      8F76 EB1F 
 218      65EB 366A 
 219 0467 FBD3 B037 		.ascii	"\373\323\2607\276\300\254[\253\013\223xy\356O\025\353kv\353k"
 219      BEC0 AC5B 
 219      AB0B 9378 
 219      79EE 4F15 
 219      EB6B 76EB 
 220 047c B275 3BB5 		.ascii	"\262u;\265\336\223Y\220\315\343\273\314\272\267\355Q3\226\323"
 220      DE93 5990 
 220      CDE3 BBCC 
 220      BAB7 ED51 
 220      3396 D3
 221 048f B61F 6F4D 		.ascii	"\266\037oM\013/\234\310*\362\272\035p]\006\334\240\200\360\214"
 221      0B2F 9CC8 
 221      2AF2 BA1D 
 221      705D 06DC 
 221      A080 F08C 
 222 04a3 9C7A 0DBE 		.ascii	"\234z\r\276\352F\001Ck\2533\334\310\371\277\346\327\275/\356"
 222      EA46 0143 
 222      6BAB 33DC 
 222      C8F9 BFE6 
 222      D7BD 2FEE 
 223 04b7 7D5B F633 		.ascii	"}[\3663\377\332nq\017\350\367\027\340\364\322\215\253\305\037"
 223      FFDA 6E71 
 223      0FE8 F717 
 223      E0F4 D28D 
 223      ABC5 1F
 224 04ca 6137 DD82 		.ascii	"a7\335\2022\275\311\246TJ\344&\231\027u\240\327\300\256\255\367"
 224      32BD C9A6 
 224      544A E426 
 224      9917 75A0 
 224      D7C0 AEAD 
 225 04df 6E8E 1BCE 		.ascii	"n\216\033\316\036A']\263\2570\316\013 \251P\263\365\373\361\311"
 225      1E41 275D 
 225      B3AF 30CE 
 225      0B20 A950 
 225      B3F5 FBF1 
 226 04f4 6BD1 0C42 		.ascii	"k\321\fBj\275\363\tH'\205tQH\351p\177\241/\274E\375\264\210\207"
 226      6ABD F309 
 226      4827 8574 
 226      5148 E970 
 226      7FA1 2FBC 
 227 050d 665D EFD9 		.ascii	"f]\357\331\035:h\216\322\242\221\320\354\333\3628I\347\025Mv"
 227      1D3A 688E 
 227      D2A2 91D0 
 227      ECDB F238 
 227      49E7 154D 
 228 0522 C239 5174 		.ascii	"\3029Qt\033M}\272\r\256w#\002\352A^4\t\360\214\307\370D\353\231"
 228      1B4D 7DBA 
 228      0DAE 7723 
 228      02EA 415E 
 228      3409 F08C 
 229 053b 4B5E 48CB 		.ascii	"K^H\313\266O\224T\342\366\3609t\007\301\213\024\365\302\360]"
 229      B64F 9454 
 229      E2F6 F039 
 229      7407 C18B 
 229      14F5 C2F0 
 230 0550 BA75 88CE 		.ascii	"\272u\210\316yD\273i\243\367\257\364;\371C\316\325\333iq^\352"
 230      7944 BB69 
 230      A3F7 AFF4 
 230      3BF9 43CE 
 230      D5DB 6971 
 231 0566 B9C9 12D8 		.ascii	"\271\311\022\330\347\356\223\346\356#s\243\243\373z\223\274\325"
 231      E7EE 93E6 
 231      EE23 73A3 
 231      A3FB 7A93 
 231      BCD5 
 232 0578 CAB9 0E8E 		.ascii	"\312\271\016\216\336\223\224\357Q\345\264\301\241^\fA.\201\233"
 232      DE93 94EF 
 232      51E5 B4C1 
 232      A15E 0C41 
 232      2E81 9B
 233 058b C430 565D 		.ascii	"\3040V]%\226\260\253\304\311MM7\264\270\226&\226/=\022\276\301"
 233      2596 B0AB 
 233      C4C9 4D4D 
 233      37B4 B896 
 233      2696 2F3D 
 234 05a2 1369 2744 		.ascii	"\023i'D)lN\001\243\207\260\242K\244\025\375\t:\357C\247|\227"
 234      296C 4E01 
 234      A387 B0A2 
 234      4BA4 15FD 
 234      093A EF43 
 235 05b9 189F 4EEF 		.ascii	"\030\237N\357\022\375\340\310\003{\341,\321\262\315]\263\243"
 235      12FD E0C8 
 235      037B E12C 
 235      D1B2 CD5D 
 235      B3A3 
 236 05cb 7685 5662 		.ascii	"v\205VbF\375\"\023\r\320\224td\345Vi\325Q^vH\311\240\024\345"
 236      46FD 2213 
 236      0DD0 9474 
 236      64E5 5669 
 236      D551 5E76 
 237 05e4 208D B2E4 		.ascii	" \215\262\344\372\376\006\rn`\345\261?39\333\007w\263FLqI\022"
 237      FAFE 060D 
 237      6E60 E5B1 
 237      3F33 39DB 
 237      0777 B346 
 238 05fc 391E D123 		.ascii	"9\036\321#\371\340\177\332!\032\331\024\276\013\343Afr\370\233"
 238      F9E0 7FDA 
 238      211A D914 
 238      BE0B E341 
 238      6672 F89B 
 239 0610 BAE3 D464 		.ascii	"\272\343\324dX6\211~|\250\345\351'\031\022y\r\207\302yr\230\375"
 239      5836 897E 
 239      7CA8 E5E9 
 239      2719 1279 
 239      0D87 C279 
 240 0627 2C1F 66B5 		.ascii	",\037f\265\033b\033\310\236,\2047\306\235\016<\330Q\265\232\354"
 240      1B62 1BC8 
 240      9E2C 8437 
 240      C69D 0E3C 
 240      D851 B59A 
 241 063c B0A9 E53C 		.ascii	"\260\251\345<\321DC\312[\3431\2745\206\324o\215\325<\331a\017"
 241      D144 43CA 
 241      5BE3 31BC 
 241      3586 D46F 
 241      8DD5 3CD9 
 242 0652 7A36 B7FB 		.ascii	"z6\267\373\340\032w\027\001\f\355\252n\360\224\360ms\"\304\302"
 242      E01A 7717 
 242      010C EDAA 
 242      6EF0 94F0 
 242      6D73 22C4 
 243 0667 7051 DCA9 		.ascii	"pQ\334\251\245\3505\274\214^\313kH\313\216\216\240\350\374\326"
 243      A5E8 35BC 
 243      8C5E CB6B 
 243      48CB 8E8E 
 243      A0E8 FCD6 
 244 067b F8ED 3ADC 		.ascii	"\370\355:\334\352\n\375\264\334<\\\363(\001\273\270\234|C\003"
 244      EA0A FDB4 
 244      DC3C 5CF3 
 244      2801 BBB8 
 244      9C7C 4303 
 245 068f 8FE2 A5C0 		.ascii	"\217\342\245\300\223\033n\264\271K\236\025\277\243x\006Z(R\361"
 245      931B 6EB4 
 245      B94B 9E15 
 245      BFA3 7806 
 245      5A28 52F1 
 246 06a3 6C1D 7816 		.ascii	"l\035x\026\251\366,\232zV\237y\254E\213{\\y\346\274(my\025]\350"
 246      A9F6 2C9A 
 246      7A56 9F79 
 246      AC45 8B7B 
 246      5C79 E6BC 
 247 06bd E98B B281 		.ascii	"\351\213\262\201,J,\257\2768\035?\226\031\351#\271V\033\345\326"
 247      2C4A 2CAF 
 247      BE38 1D3F 
 247      9619 E923 
 247      B956 1BE5 
 248 06d2 1151 A3AC 		.ascii	"\021Q\243\254\t(\242\030\305\275\365\340^\214\332\275\215\324"
 248      0928 A218 
 248      C5BD F5E0 
 248      5E8C DABD 
 248      8DD4 
 249 06e4 BD2B E72B 		.ascii	"\275+\347+o{\340*\017\027\356\025u\035|\250\225\360g.\217\255"
 249      6F7B E02A 
 249      0F17 EE15 
 249      751D 7CA8 
 249      95F0 672E 
 250 06fa 13C5 ADA2 		.ascii	"\023\305\255\242\030\267\207\035\306q\n|\023\300\343\324\360"
 250      18B7 871D 
 250      C671 0A7C 
 250      13C0 E3D4 
 250      F0
 251 070b FF52 784E 		.ascii	"\377RxN\315\205\n\214\177p\005\337{\274'N\256\247\316\177(i%"
 251      CD85 0A8C 
 251      7F70 05DF 
 251      7BBC 274E 
 251      AEA7 CE7F 
 252 0722 7E6F 56D0 		.ascii	"~oV\320\361\200\336\254F\177K\321\315\r\227\273F\340\033\256"
 252      F180 DEAC 
 252      467F 4BD1 
 252      CD0D 97BB 
 252      46E0 1BAE 
 253 0736 D0CD C5E7 		.ascii	"\320\315\305\347\222\345\025\033\\\242\240\211\327\t\nz\013\240"
 253      92E5 151B 
 253      5CA2 A089 
 253      D709 0A7A 
 253      0BA0 
 254 0748 13D4 E8AD 		.ascii	"\023\324\350\255\024\235\330~\350\214\027\356s\205~\020S\220"
 254      149D D87E 
 254      E88C 17EE 
 254      7385 7E10 
 254      5390 
 255 075a E82D A1BB 		.ascii	"\350-\241\273:\360\201\264p1[\024S\337G\264\036\022\025\3726"
 255      3AF0 81B4 
 255      7031 5B14 
 255      53DF 47B4 
 255      1E12 15FA 
 256 076f A027 AAE9 		.ascii	"\240'\252\351\333)\275\251\342Q\227\027^\355\351\202~i\357\372"
 256      DB29 BDA9 
 256      E251 9717 
 256      5EED E982 
 256      7E69 EFFA 
 257 0783 260F B9D4 		.ascii	"&\017\271\324\3068\224Z\222\202\336\001\350$5:\231\242{\3136"
 257      C638 945A 
 257      9282 DE01 
 257      E824 353A 
 257      99A2 7BCB 
 258 0798 F77B E14D 		.ascii	"\367{\341M\256\320\311[N\344\372J\350\252(\267\307\031\212\343"
 258      AED0 C95B 
 258      4EE4 FA4A 
 258      E8AA 28B7 
 258      C719 8AE3 
 259 07ac 242D 290A 		.ascii	"$-)\n=\025\350)j\372NJ\377\276\360`\276\017NuE/{\264\376\210"
 259      3D15 E829 
 259      6AFA 4E4A 
 259      FFBE F060 
 259      BE0F 4E75 
 260 07c6 5C29 8DCB 		.ascii	"\\)\215\313\0352\276KA\357"
 260      1D32 BE4B 
 260      41EF 
 261 07d0 06F4 2E35 		.string	"\006\364.5z\017[L1b\235\026\037t\205n\270z=Q\256\223\252\\\267\212\357\024\307I\251\244)\
 261      7A0F 5B4C 
 261      3162 9D16 
 261      1F74 856E 
 261      B87A 3D51 
 262 0822 EB8C DFD0 		.ascii	"\353\214\337\320X\206]\335\020\277\247\3737S>[J\242\007r\344"
 262      5886 5DDD 
 262      10BF A7FB 
 262      3753 3E5B 
 262      4AA2 0772 
 263 0837 722A E91E 		.ascii	"r*\351\036\227\313~\371\024\217\"z(]\211m\037\304\226\256\216"
 263      97CB 7EF9 
 263      148F 227A 
 263      285D 896D 
 263      1FC4 96AE 
 264 084c 2D8B C656 		.ascii	"-\213\306V\336\333_\206^\335Ig\202#\371TEx\352+p\220\321\337"
 264      DEDB 5F86 
 264      5EDD 4967 
 264      8223 F954 
 264      4578 EA2B 
 265 0864 0AEC 7293 		.ascii	"\n\354r\223\315\277J^U\327\213\006\334$\275\342\367\304t\017"
 265      CDBF 4A5E 
 265      55D7 8B06 
 265      DC24 BDE2 
 265      F7C4 740F 
 266 0878 47A5 8354 		.ascii	"G\245\203Ti\2404\376\256\247\244T\371\201\223\322!\252\264-j"
 266      69A0 34FE 
 266      AEA7 A454 
 266      F981 93D2 
 266      21AA B42D 
 267 088d 7D96 BBA4 		.ascii	"}\226\273\244\324\371\216\223R\016U:s\257\256F')5\316uR:L\225"
 267      D4F9 8E93 
 267      520E 553A 
 267      73AF AE46 
 267      2729 35CE 
 268 08a6 6A33 077B 		.ascii	"j3\007{dR\337\353NJG\250\322\272\256C\237\312.9\203\216R\235"
 268      6452 DFEB 
 268      4E4A 47A8 
 268      D2BA AE43 
 268      9FCA 2E39 
 269 08be 8AAE A126 		.ascii	"\212\256\241&y\266Ng\245cTiw~\306\020/+\275\353\244t\234*\265"
 269      79B6 4E67 
 269      A563 5469 
 269      777E C610 
 269      2F2B BDEB 
 270 08d7 0F65 E6F9 		.ascii	"\017e\346\371\260\233\324\bhv%4\366`-\275\006\261w\265\237\372"
 270      B09B D408 
 270      6876 2534 
 270      F660 2DBD 
 270      06B1 77B5 
 271 08ed 4292 C793 		.ascii	"B\222\307\223\253\220\336\037\345\362\364\016x?:\242\0373cw"
 271      AB90 DE1F 
 271      E5F2 F40E 
 271      783F 3AA2 
 271      1F33 6377 
 272 0901 68A6 DF48 		.string	"h\246\337H\212\365b\327\260)dc?,\030\364\302Y\264\n5-97c\341\347\t\334\261\310UK\365k\243
 272      8AF5 62D7 
 272      B029 6463 
 272      3F2C 18F4 
 272      C259 B40A 
 273 0a02 AF51 C3CF 		.ascii	"\257Q\303\317\361\343\271\311\246\220\245zS\3302\243~\336\242"
 273      F1E3 B9C9 
 273      A690 A57A 
 273      53D8 32A3 
 273      7EDE A2
 274 0a15 59D3 F433 		.ascii	"Y\323\3643,!\253\004\213U\277h\341t}`\250E\320O[\274`\ni\315"
 274      2C21 AB04 
 274      8B55 BF68 
 274      E174 7D60 
 274      A845 D04F 
 275 0a2f 31DB 048B 		.ascii	"1\333\004\213%l\245\315@z\002\202<f\177\270h\\\340\333os\356"
 275      256C A5CD 
 275      407A 0282 
 275      3C66 7FB8 
 275      685C E0DB 
 276 0a46 6121 66DB 		.ascii	"a!f\333\024\203m\262>\314j\321\233B\203\214&}\240`2\031-z\343"
 276      1483 6DB2 
 276      3ECC 6AD1 
 276      9B42 838C 
 276      267D A060 
 277 0a5f 2ACB 1F3F 		.ascii	"*\313\037?\017\n\232:Y?9\340\315\200\211\244\255\0171\007\231"
 277      0F0A 9A3A 
 277      593F 39E0 
 277      CD80 89A4 
 277      AD0F 3107 
 278 0a74 C282 05BD 		.ascii	"\302\202\005\275\325\026\fv\001\3139\177\200\033\346|\370\261"
 278      D516 0C76 
 278      01CB 397F 
 278      801B E67C 
 278      F8B1 
 279 0a86 6146 88D5 		.ascii	"aF\210\325\270\324$L3\231\224\271\254S\236\321;\356%\231\032"
 279      B8D4 244C 
 279      3399 94B9 
 279      AC53 9ED1 
 279      3BEE 2599 
 280 0a9b 6812 8C16 		.ascii	"h\022\214\026\007\246\316`X%\004\331B-\206I\023GXC>7\033M\232"
 280      07A6 CE60 
 280      5825 04D9 
 280      422D 8649 
 280      1347 5843 
 281 0ab4 30AB 10EC 		.ascii	"0\253\020\354'\374\013T\240e\372\312\260*\304\032\002\276\250"
 281      27FC 0B54 
 281      A065 FACA 
 281      B02A C41A 
 281      02BE A8
 282 0ac7 5427 BD30 		.ascii	"T'\2750s\361L\340\021\356\faUH\220`X X\005\333\257\3620 @y\316"
 282      73F1 4CE0 
 282      11EE 0C61 
 282      5548 9060 
 282      5820 5805 
 283 0ae3 5C25 986D 		.ascii	"\\%\230mV\210{\354Ls\360\312P\310\201!0\324\274,\344\3630\213"
 283      5688 7BEC 
 283      4C73 F0CA 
 283      50C8 8121 
 283      30D4 BC2C 
 284 0afb A0F4 CCB7 		.ascii	"\240\364\314\267\254r3L\017\r5\315\373\215t\207\247\202\2439"
 284      AC72 334C 
 284      0F0D 35CD 
 284      FB8D 7487 
 284      A782 A339 
 285 0b0f 59CE BDE8 		.ascii	"Y\316\275\350\024\301'\306/\204E+G;\365/\f\263\256\024\314\301"
 285      14C1 27C6 
 285      2F84 452B 
 285      473B F52F 
 285      0CB3 AE14 
 286 0b25 639C 0660 		.ascii	"c\234\006`\215\202B\315f\310\211\263Q \033x\331\231f3Zl\037-"
 286      8D82 42CD 
 286      66C8 89B3 
 286      5120 1B78 
 286      D999 6633 
 287 0b3d 9B65 31AE 		.ascii	"\233e1\256\020\306\251\372\347[B\203\004\253\025\354l\226P\323"
 287      10C6 A9FA 
 287      E75B 4283 
 287      04AB 15EC 
 287      6C96 50D3 
 288 0b51 02E1 9F61 		.ascii	"\002\341\237a\202\3256\367\031#fL\230\312\034l\264\004\003\f"
 288      82D5 36F7 
 288      1923 664C 
 288      98CA 1C6C 
 288      B404 030C 
 289 0b65 02F6 B54F 		.ascii	"\002\366\265O\006\0036(\255gc\203\302\307F\353\027d\321\034\343"
 289      0603 3628 
 289      AD67 6383 
 289      C2C7 46EB 
 289      1764 D11C 
 290 0b7a A5CB 66B4 		.ascii	"\245\313f\264\205\204\232?\f[\261T\260x\220\2750\351-\203\355"
 290      8584 9A3F 
 290      0C5B B154 
 290      B078 90BD 
 290      30E9 2D83 
 291 0b8f 39B9 FCDE 		.ascii	"9\271\374\3367Z?\n\n\n\263X\204`o\243\351K\343WVC\210\331\024"
 291      375A 3F0A 
 291      0A0A B358 
 291      8460 6FA3 
 291      E94B E357 
 292 0ba8 6216 FCBE 		.ascii	"b\026\374\2764Z\314\20603\251<\203E\260\206\231lS\177\213{\316"
 292      345A CC86 
 292      3033 A93C 
 292      8345 B086 
 292      996C 537F 
 293 0bbf 45BF 9CFB 		.ascii	"E\277\234\373\235<\353\034\353L3\331K\301\336\016\333\300\217"
 293      9D3C EB1C 
 293      EB4C 33D9 
 293      4BC1 DE0E 
 293      DBC0 8F
 294 0bd2 B416 4F5F 		.ascii	"\264\026O_\264\3200[\260\221\214\204Y\347<KJ`TZ4\223`\221'\327"
 294      B4D0 305B 
 294      B091 8C84 
 294      59E7 3C4B 
 294      4A60 545A 
 295 0bec 12F8 FC79 		.ascii	"\022\370\374y\363\f\037\231}\345\257s\254\013\004c\360W:eh\331"
 295      F30C 1F99 
 295      7DE5 AF73 
 295      AC0B 0463 
 295      F057 3A65 
 296 0c02 32DF 27B6 		.ascii	"2\337'\266\273\217\334f\036\323f\340\274\271\206Y\026A\370Z\030"
 296      BB8F DC66 
 296      1ED3 66E0 
 296      BCB9 8659 
 296      1641 F85A 
 297 0c17 2937 1799 		.ascii	")7\027\231\227\321\216\027U\0130\307:-8\030Rg](\330>\370\177"
 297      97D1 8E17 
 297      550B 30C7 
 297      3A2D 3818 
 297      5267 5D28 
 298 0c2f 368A C493 		.ascii	"6\212\304\223\002y\311\365\306\324\004-7Z\306(\343\220\305@\262"
 298      0279 C9F5 
 298      C6D4 042D 
 298      375A C628 
 298      E390 C540 
 299 0c44 B466 9BDC 		.ascii	"\264f\233\334\365\262zL\376>#\304\002\373\002\212\344Eet\241"
 299      F5B2 7A4C 
 299      FE3E 23C4 
 299      02FB 028A 
 299      E445 6574 
 300 0c59 6082 2EB9 		.ascii	"`\202.\271\371\374lS\350R\243\375\210b\251\370\265\345\240\374"
 300      F9FC 6C53 
 300      E852 A3FD 
 300      8862 A9F8 
 300      B5E5 A0FC 
 301 0c6d 0B0C 5DB1 		.ascii	"\013\f]\261\"\324,= \220\377\001\021\037\315\202"
 301      22D4 2C3D 
 301      2090 FF01 
 301      111F CD82 
 302               		.text
 303               		.section	.gnu.lto_.symtab.dd73ba6f6aa19fa,"",@progbits
 304 0000 5553 425F 		.string	"USB_INT_DisableAllInterrupts"
 304      494E 545F 
 304      4469 7361 
 304      626C 6541 
 304      6C6C 496E 
 305 001d 00        		.string	""
 306 001e 00        		.string	""
 307 001f 00        		.string	""
 308 0020 00        		.string	""
 309 0021 00        		.string	""
 310 0022 00        		.string	""
 311 0023 00        		.string	""
 312 0024 00        		.string	""
 313 0025 00        		.string	""
 314 0026 00        		.string	""
 315 0027 00        		.string	""
 316 0028 BE00      		.string	"\276"
 317 002a 00        		.string	""
 318 002b 00        		.string	""
 319 002c 5553 425F 		.string	"USB_INT_ClearAllInterrupts"
 319      494E 545F 
 319      436C 6561 
 319      7241 6C6C 
 319      496E 7465 
 320 0047 00        		.string	""
 321 0048 00        		.string	""
 322 0049 00        		.string	""
 323 004a 00        		.string	""
 324 004b 00        		.string	""
 325 004c 00        		.string	""
 326 004d 00        		.string	""
 327 004e 00        		.string	""
 328 004f 00        		.string	""
 329 0050 00        		.string	""
 330 0051 00        		.string	""
 331 0052 C000      		.string	"\300"
 332 0054 00        		.string	""
 333 0055 00        		.string	""
 334 0056 5F5F 7665 		.string	"__vector_10"
 334      6374 6F72 
 334      5F31 3000 
 335 0062 00        		.string	""
 336 0063 00        		.string	""
 337 0064 00        		.string	""
 338 0065 00        		.string	""
 339 0066 00        		.string	""
 340 0067 00        		.string	""
 341 0068 00        		.string	""
 342 0069 00        		.string	""
 343 006a 00        		.string	""
 344 006b 00        		.string	""
 345 006c 00        		.string	""
 346 006d C800      		.string	"\310"
 347 006f 00        		.string	""
 348 0070 00        		.string	""
 349 0071 5F5F 7665 		.string	"__vector_11"
 349      6374 6F72 
 349      5F31 3100 
 350 007d 00        		.string	""
 351 007e 00        		.string	""
 352 007f 00        		.string	""
 353 0080 00        		.string	""
 354 0081 00        		.string	""
 355 0082 00        		.string	""
 356 0083 00        		.string	""
 357 0084 00        		.string	""
 358 0085 00        		.string	""
 359 0086 00        		.string	""
 360 0087 00        		.string	""
 361 0088 CD00      		.string	"\315"
 362 008a 00        		.string	""
 363 008b 00        		.string	""
 364 008c 5553 425F 		.string	"USB_DeviceState"
 364      4465 7669 
 364      6365 5374 
 364      6174 6500 
 365 009c 00        		.string	""
 366 009d 02        		.ascii	"\002"
 367 009e 00        		.string	""
 368 009f 00        		.string	""
 369 00a0 00        		.string	""
 370 00a1 00        		.string	""
 371 00a2 00        		.string	""
 372 00a3 00        		.string	""
 373 00a4 00        		.string	""
 374 00a5 00        		.string	""
 375 00a6 00        		.string	""
 376 00a7 E900      		.string	"\351"
 377 00a9 00        		.string	""
 378 00aa 00        		.string	""
 379 00ab 5553 425F 		.string	"USB_Device_ConfigurationNumber"
 379      4465 7669 
 379      6365 5F43 
 379      6F6E 6669 
 379      6775 7261 
 380 00ca 00        		.string	""
 381 00cb 02        		.ascii	"\002"
 382 00cc 00        		.string	""
 383 00cd 00        		.string	""
 384 00ce 00        		.string	""
 385 00cf 00        		.string	""
 386 00d0 00        		.string	""
 387 00d1 00        		.string	""
 388 00d2 00        		.string	""
 389 00d3 00        		.string	""
 390 00d4 00        		.string	""
 391 00d5 EB00      		.string	"\353"
 392 00d7 00        		.string	""
 393 00d8 00        		.string	""
 394 00d9 4556 454E 		.string	"EVENT_USB_Device_Reset"
 394      545F 5553 
 394      425F 4465 
 394      7669 6365 
 394      5F52 6573 
 395 00f0 00        		.string	""
 396 00f1 02        		.ascii	"\002"
 397 00f2 00        		.string	""
 398 00f3 00        		.string	""
 399 00f4 00        		.string	""
 400 00f5 00        		.string	""
 401 00f6 00        		.string	""
 402 00f7 00        		.string	""
 403 00f8 00        		.string	""
 404 00f9 00        		.string	""
 405 00fa 00        		.string	""
 406 00fb CF00      		.string	"\317"
 407 00fd 00        		.string	""
 408 00fe 00        		.string	""
 409 00ff 456E 6470 		.string	"Endpoint_ConfigureEndpoint_Prv"
 409      6F69 6E74 
 409      5F43 6F6E 
 409      6669 6775 
 409      7265 456E 
 410 011e 00        		.string	""
 411 011f 02        		.ascii	"\002"
 412 0120 00        		.string	""
 413 0121 00        		.string	""
 414 0122 00        		.string	""
 415 0123 00        		.string	""
 416 0124 00        		.string	""
 417 0125 00        		.string	""
 418 0126 00        		.string	""
 419 0127 00        		.string	""
 420 0128 00        		.string	""
 421 0129 DA00      		.string	"\332"
 422 012b 00        		.string	""
 423 012c 00        		.string	""
 424 012d 4556 454E 		.string	"EVENT_USB_Device_WakeUp"
 424      545F 5553 
 424      425F 4465 
 424      7669 6365 
 424      5F57 616B 
 425 0145 00        		.string	""
 426 0146 02        		.ascii	"\002"
 427 0147 00        		.string	""
 428 0148 00        		.string	""
 429 0149 00        		.string	""
 430 014a 00        		.string	""
 431 014b 00        		.string	""
 432 014c 00        		.string	""
 433 014d 00        		.string	""
 434 014e 00        		.string	""
 435 014f 00        		.string	""
 436 0150 DC00      		.string	"\334"
 437 0152 00        		.string	""
 438 0153 00        		.string	""
 439 0154 4556 454E 		.string	"EVENT_USB_Device_Suspend"
 439      545F 5553 
 439      425F 4465 
 439      7669 6365 
 439      5F53 7573 
 440 016d 00        		.string	""
 441 016e 02        		.ascii	"\002"
 442 016f 00        		.string	""
 443 0170 00        		.string	""
 444 0171 00        		.string	""
 445 0172 00        		.string	""
 446 0173 00        		.string	""
 447 0174 00        		.string	""
 448 0175 00        		.string	""
 449 0176 00        		.string	""
 450 0177 00        		.string	""
 451 0178 DE00      		.string	"\336"
 452 017a 00        		.string	""
 453 017b 00        		.string	""
 454 017c 4556 454E 		.string	"EVENT_USB_Device_Disconnect"
 454      545F 5553 
 454      425F 4465 
 454      7669 6365 
 454      5F44 6973 
 455 0198 00        		.string	""
 456 0199 02        		.ascii	"\002"
 457 019a 00        		.string	""
 458 019b 00        		.string	""
 459 019c 00        		.string	""
 460 019d 00        		.string	""
 461 019e 00        		.string	""
 462 019f 00        		.string	""
 463 01a0 00        		.string	""
 464 01a1 00        		.string	""
 465 01a2 00        		.string	""
 466 01a3 E000      		.string	"\340"
 467 01a5 00        		.string	""
 468 01a6 00        		.string	""
 469 01a7 4556 454E 		.string	"EVENT_USB_Device_Connect"
 469      545F 5553 
 469      425F 4465 
 469      7669 6365 
 469      5F43 6F6E 
 470 01c0 00        		.string	""
 471 01c1 02        		.ascii	"\002"
 472 01c2 00        		.string	""
 473 01c3 00        		.string	""
 474 01c4 00        		.string	""
 475 01c5 00        		.string	""
 476 01c6 00        		.string	""
 477 01c7 00        		.string	""
 478 01c8 00        		.string	""
 479 01c9 00        		.string	""
 480 01ca 00        		.string	""
 481 01cb E200      		.string	"\342"
 482 01cd 00        		.string	""
 483 01ce 00        		.string	""
 484 01cf 4556 454E 		.string	"EVENT_USB_Device_StartOfFrame"
 484      545F 5553 
 484      425F 4465 
 484      7669 6365 
 484      5F53 7461 
 485 01ed 00        		.string	""
 486 01ee 02        		.ascii	"\002"
 487 01ef 00        		.string	""
 488 01f0 00        		.string	""
 489 01f1 00        		.string	""
 490 01f2 00        		.string	""
 491 01f3 00        		.string	""
 492 01f4 00        		.string	""
 493 01f5 00        		.string	""
 494 01f6 00        		.string	""
 495 01f7 00        		.string	""
 496 01f8 E400      		.string	"\344"
 497 01fa 00        		.string	""
 498 01fb 00        		.string	""
 499 01fc 5553 425F 		.string	"USB_Device_ProcessControlRequest"
 499      4465 7669 
 499      6365 5F50 
 499      726F 6365 
 499      7373 436F 
 500 021d 00        		.string	""
 501 021e 02        		.ascii	"\002"
 502 021f 00        		.string	""
 503 0220 00        		.string	""
 504 0221 00        		.string	""
 505 0222 00        		.string	""
 506 0223 00        		.string	""
 507 0224 00        		.string	""
 508 0225 00        		.string	""
 509 0226 00        		.string	""
 510 0227 00        		.string	""
 511 0228 E600      		.string	"\346"
 512 022a 00        		.string	""
 513 022b 00        		.string	""
 514               		.text
 515               		.section	.gnu.lto_.opts,"",@progbits
 516 0000 272D 666D 		.ascii	"'-fmath-errno' '-fsigned-zeros' '-ftrapping-m"
 516      6174 682D 
 516      6572 726E 
 516      6F27 2027 
 516      2D66 7369 
 517 002d 6174 6827 		.string	"ath' '-fno-trapv' '-fno-openmp' '-fno-openacc' '-mn-flash=1' '-mno-skip-bug' '-mmcu=avr5'
 517      2027 2D66 
 517      6E6F 2D74 
 517      7261 7076 
 517      2720 272D 
 518               		.text
 519               		.comm	__gnu_lto_v1,1,1
 520               		.comm	__gnu_lto_slim,1,1
 521               		.ident	"GCC: (GNU) 7.4.0"
DEFINED SYMBOLS
                            *ABS*:0000000000000000 USBInterrupt_AVR8.c
/var/folders/7d/r_phv7rx6m99qllr_nm2m9c80000gn/T//ccbO8Ryj.s:2      *ABS*:000000000000003e __SP_H__
/var/folders/7d/r_phv7rx6m99qllr_nm2m9c80000gn/T//ccbO8Ryj.s:3      *ABS*:000000000000003d __SP_L__
/var/folders/7d/r_phv7rx6m99qllr_nm2m9c80000gn/T//ccbO8Ryj.s:4      *ABS*:000000000000003f __SREG__
/var/folders/7d/r_phv7rx6m99qllr_nm2m9c80000gn/T//ccbO8Ryj.s:5      *ABS*:0000000000000000 __tmp_reg__
/var/folders/7d/r_phv7rx6m99qllr_nm2m9c80000gn/T//ccbO8Ryj.s:6      *ABS*:0000000000000001 __zero_reg__
                            *COM*:0000000000000001 __gnu_lto_v1
                            *COM*:0000000000000001 __gnu_lto_slim

NO UNDEFINED SYMBOLS
