   1               		.file	"ConfigDescriptors.c"
   2               	__SP_H__ = 0x3e
   3               	__SP_L__ = 0x3d
   4               	__SREG__ = 0x3f
   5               	__tmp_reg__ = 0
   6               	__zero_reg__ = 1
   7               		.section	.gnu.lto_.profile.aa8850216ca561cb,"",@progbits
   8 0000 789C 6363 		.string	"x\234cc```\005bF\206&F\027"
   8      6060 6005 
   8      6246 8626 
   8      4617 00
   9 000f 0259 00   		.string	"\002Y"
  10 0012 D4        		.ascii	"\324"
  11               		.text
  12               		.section	.gnu.lto_.icf.aa8850216ca561cb,"",@progbits
  13 0000 789C 6363 		.string	"x\234cc``P`@"
  13      6060 5060 
  13      4000 
  14 000a 5686 F61B 		.string	"V\206\366\033g\2329\0317w\275\371\311\310t\361\326\357)\\\314\227\317o:\312\313\262iY\333
  14      679A 3919 
  14      3777 BDF9 
  14      C9C8 74F1 
  14      D6EF 295C 
  15 002d FE5A 0F2E 		.ascii	"\376Z\017."
  16               		.text
  17               		.section	.gnu.lto_.jmpfuncs.aa8850216ca561cb,"",@progbits
  18 0000 789C 8D8F 		.string	"x\234\215\217\301\r\2000\f\003\355$\224'+\260\nc\365\305\"\f\303f\305\225\020\264}5\222\2
  18      C10D 8030 
  18      0C03 ED24 
  18      9427 2BB0 
  18      0A63 F5C5 
  19 0063 2A35 4284 		.ascii	"*5B\204"
  20               		.text
  21               		.section	.gnu.lto_.inline.aa8850216ca561cb,"",@progbits
  22 0000 789C 6363 		.string	"x\234cc``8\302\200"
  22      6060 38C2 
  22      8000 
  23 000a AC0C 0CBC 		.string	"\254\f\f\274<\214L\214\002\214\f\314\f\f`\222\215\367D*\003\347\r3&\006\306\027\354,\020\
  23      3C8C 4C8C 
  23      028C 0CCC 
  23      0C0C 6092 
  23      8DF7 442A 
  24 0092 A109 1FE6 		.ascii	"\241\t\037\346"
  25               		.text
  26               		.section	.gnu.lto_.pureconst.aa8850216ca561cb,"",@progbits
  27 0000 789C 6363 		.string	"x\234cc``\340\006bV\006)FK&)fI\026)"
  27      6060 E006 
  27      6256 0629 
  27      464B 2629 
  27      6649 1629 
  28 0015 04E9 00   		.string	"\004\351"
  29 0018 C1        		.ascii	"\301"
  30               		.text
  31               		.section	.gnu.lto_USB_GetNextDescriptor.aa8850216ca561cb,"",@progbits
  32 0000 789C 7D52 		.ascii	"x\234}RMHTQ\024\276\347\335\367f\33683(.\302\205\013!Dt\321["
  32      4D48 5451 
  32      14BE E7DD 
  32      F766 DE38 
  32      3328 2EC2 
  33 001b 142D DA44 		.ascii	"\024-\332D*A`\233DZF\311X\003\2261\243Am\274:9\223\243\205Pc"
  33      2A41 609B 
  33      445A 46C9 
  33      5803 9631 
  33      A341 6DBC 
  34 0036 934C 3590 		.ascii	"\223L5\2202\020\230\210\251\371W\257\361\007\214\264\022\261"
  34      3210 9888 
  34      A9F9 57AF 
  34      F107 8CB4 
  34      12B1 
  35 0048 3F08 2D1C 		.ascii	"?\b-\034\250L\302\205\026\224v\316{\017\374\211\272\360\316\273"
  35      A84C C285 
  35      1694 76CE 
  35      7B0F FC89 
  35      BAF0 CEBB 
  36 005c F73B E73B 		.ascii	"\367;\347;\347|\347^\033c\354=g\354\004\376\367\341\007\n\003"
  36      E77C E75E 
  36      1B63 EC3D 
  36      67EC 04FE 
  36      F7E1 070A 
  37 0071 A965 9AB1 		.ascii	"\251e\232\261:U\222x\264\200\2114\371\307n&\\\034d\023\226\001"
  37      3A55 9278 
  37      B480 8934 
  37      F9C7 6E26 
  37      5C1C 6413 
  38 0087 6823 5460 		.ascii	"h#T`\265\022\227\241\026\232\371\r\016\311Pj@\312O\b\\\372\315"
  38      B512 97A1 
  38      169A F90D 
  38      0EC9 506A 
  38      40CA 4F08 
  39 009e BECC 2EF1 		.ascii	"\276\314.\361R\360\030&n\305\217\026\364@>\206\215o\254\351\351"
  39      52F0 1826 
  39      6EC5 8F16 
  39      F440 3E86 
  39      8D6F ACE9 
  40 00b3 4DE8 0190 		.ascii	"M\350\001\220\3608\363\375\371m'\035%\310\300\343B \230\260\361"
  40      F038 F3FD 
  40      F96D 271D 
  40      25C8 C0E3 
  40      4220 98B0 
  41 00c8 FDC0 703F 		.ascii	"\375\300p?\277\320\336\004y\035\242\245^\350K\307\205+\3069\364"
  41      BFD0 DE04 
  41      791D A2A5 
  41      5EE8 4BC7 
  41      852B C639 
  42 00dd 01C7 7CD0 		.ascii	"\001\307|\320\013\331\360\020\262\031B\f\372!\017\243{\202K_"
  42      0BD9 F010 
  42      B219 420C 
  42      FA21 0FA3 
  42      7B82 4B5F 
  43 00f1 157E D060 		.ascii	"\025~\320`6,.\315+\310\024\310LMf\315\t\221\025\303F\037\355"
  43      362C 2ECD 
  43      2BC8 14C8 
  43      4C4D 66CD 
  43      0991 15C3 
  44 0108 24CB 0C06 		.ascii	"$\313\f\006 \217\030\003sk\3414~\324`_\273\033{\355\314\275g"
  44      208F 1803 
  44      736B E134 
  44      7ED4 605F 
  44      BB1B 7BED 
  45 011f B057 27B3 		.ascii	"\260W'\263_\t\021\025r\214+0\270\235O\013\303?v\257G\3346\031"
  45      5F09 1115 
  45      728C 2B30 
  45      B89D 4F0B 
  45      C33F 76AF 
  46 0137 8620 D7D4 		.ascii	"\206 \327\324\n"
  46      0A
  47 013c C360 6380 		.string	"\303`c\200\177\202\272f\024]\254o\204\204\276|\244\27577\003\260\254MBc\347hT\231\214B\30
  47      7F82 BA66 
  47      145D AC6F 
  47      8484 BE7C 
  47      A4BD 3737 
  48 023d ADC0 9F8A 		.ascii	"\255\300\237\212\t\022N\310l\370\255\201\354\230y|\327\266\241"
  48      0912 4EC8 
  48      6CF8 AD81 
  48      EC98 797C 
  48      D7B6 A1
  49 0250 8F61 CBC8 		.ascii	"\217a\313\3101UOE\272\255Z\366\377\352\0347o*\020\rZ\341*2\254"
  49      3155 4F45 
  49      BAAD 5AF6 
  49      FFEA 1C37 
  49      6F2A 100D 
  50 0269 4666 C360 		.ascii	"Ff\303`U\3757\177\302(\252\262e\234E\177\207l\274S\\\253\340"
  50      55FD 377F 
  50      C228 AAB2 
  50      659C 457F 
  50      876C BC53 
  51 0280 C071 49EF 		.ascii	"\300qI\357\022+\350\345|\360\376\f\307G\0064\031\211\261\275"
  51      122B E8E5 
  51      7CF0 FE0C 
  51      C747 0634 
  51      1989 B1BD 
  52 0294 95DE 535A 		.ascii	"\225\336SZeM\305I\255\244\354\360!\255\330\347\275\340\361\371"
  52      654D C549 
  52      ADA4 ECF0 
  52      21AD D8E7 
  52      BDE0 F1F9 
  53 02a8 B5B2 D242 		.ascii	"\265\262\322B\255\250\312\347As\256\302{\272\330\343/\367y\317"
  53      ADA8 CAE7 
  53      4173 AEC2 
  53      7BBA D8E3 
  53      2FF7 79CF 
  54 02bc 5757 F9FC 		.ascii	"WW\371\374{\3160\265\360b\265\307\177\314s\326]T\343\363\231"
  54      7BCE 30B5 
  54      F062 B5C7 
  54      7FCC 73D6 
  54      5D54 E3F3 
  55 02d1 1125 55E5 		.ascii	"\021%U\345\231t\332\214,\365^\362\374\001[\003Z\344"
  55      9974 DA8C 
  55      2CF5 5EF2 
  55      FC01 5B03 
  55      5AE4 
  56               		.text
  57               		.section	.gnu.lto_USB_GetNextDescriptorOfType.aa8850216ca561cb,"",@progbits
  58 0000 789C 6D92 		.ascii	"x\234m\222]H\024Q\024\307\317\177\356\314\354\270\037\346c\301"
  58      5D48 1451 
  58      14C7 CF7F 
  58      EECC ECB8 
  58      1FE6 63C1 
  59 0014 12BD 892F 		.ascii	"\022\275\211/M`\364\032~\320\223=\364a=\227\255\261`)\263\032"
  59      4D60 F41A 
  59      7ED0 933D 
  59      F461 3D97 
  59      ADB1 6029 
  60 002a F8B4 576D 		.ascii	"\370\264Wm\375H\003\037r\305e\213\255\f\237$b\265Z\263\232\326"
  60      FD48 031F 
  60      72C5 658B 
  60      AD0C 9F24 
  60      62B5 5AB3 
  61 0040 0F22 EC03 		.ascii	"\017\"\354\003Q\020\005\311\"\037l\223\336z)"
  61      5110 05C9 
  61      221F 6C93 
  61      DE7A 29
  62 004f EDCC CC42 		.string	"\355\314\314B\022^\230;\347\236{~\347\374\317\275W'\242O\n\321\031\376_\344\017>\2022\370
  62      125E 983B 
  62      E79E 7B7E 
  62      E7FC CFBD 
  62      5727 A24F 
  63 0150 98D1 159E 		.string	"\230\321\025\236|\202'\303\007G\266\001\247\276\037n*\352\345\004\243\001i\263\241\260\32
  63      7C82 27C3 
  63      0747 B601 
  63      A7BE 1F6E 
  63      2AEA E504 
  64 01e7 F230 E91B 		.ascii	"\3620\351\033n\256\316\034/fN\261Rg\364\n\235\nyB\037_\b\277"
  64      6EAE CE1C 
  64      2F66 4EB1 
  64      5267 F40A 
  64      9D0A 7942 
  65 01ff 316E D7D5 		.ascii	"1n\327\325\377#{\305\013\024{%\210\375$\224r\353\230q\365\317"
  65      FF23 7BC5 
  65      0B14 7B25 
  65      88FD 2494 
  65      72EB 9871 
  66 0215 3AFA B9CC 		.ascii	":\372\271\314\332\314,\366\301KA\230s\002y\364\361-\272\347\274"
  66      DACC 2CF6 
  66      C14B 4198 
  66      7302 79F4 
  66      F12D BAE7 
  67 022a 0D85 8A4A 		.ascii	"\r\205\212J\300\036^T6E/\233Mm\215\227\314\272\372SUf\255\025"
  67      C01E 5E54 
  67      3645 2F9B 
  67      4D6D 8D97 
  67      CCBA FA53 
  68 0242 BD11 B162 		.ascii	"\275\021\261bf\375\271j\263\246\331\212\360t\2751z\2656\022k"
  68      66FD B96A 
  68      B3A6 D98A 
  68      F074 BD31 
  68      7AB5 3612 
  69 0257 B0A2 2DAD 		.ascii	"\260\242-\255\315V\354h\003\031\325\355\255\221\330\331\310\265"
  69      CD56 EC68 
  69      0319 D5ED 
  69      AD91 D8D9 
  69      C8B5 
  70 0269 504D 9B65 		.ascii	"PM\233ey\021u\315\r\352\371\366\226\310_\022g\005L"
  70      7911 75CD 
  70      0DEA F9F6 
  70      96C8 5F12 
  70      6705 4C
  71               		.text
  72               		.section	.gnu.lto_USB_GetNextDescriptorOfTypeBefore.aa8850216ca561cb,"",@progbits
  73 0000 789C 6593 		.string	"x\234e\223MHTQ\024\307\357y\367}\315\227E\253\310Y\264\0237M`\270\r?he\033K\332\264)\033c
  73      4D48 5451 
  73      14C7 EF79 
  73      F77D CD97 
  73      45AB C859 
  74 00fb BC04 B708 		.string	"\274\004\267\bLA\031f'{6\277*\364\270 \243\371\305\327\324&s\023\207\3360\206Jdx\374?,\02
  74      4C41 1966 
  74      277B 36BF 
  74      2AF4 B820 
  74      A3F9 C5D7 
  75 0179 32AA 840F 		.string	"2\252\204\017\215\342C\307I\340\205u\340\312\235\300E\270@\024$}Xf\324\305L4$4\272L\322\2
  75      8DE2 43C7 
  75      49E0 8575 
  75      E0CA 9DC0 
  75      45B8 4014 
  76 0252 8117 3C82 		.string	"\201\027<\202\315\326\311N\232@?U\t~\"\326!\333\003KS\027,\021t\357\205\213\352\316\363n\
  76      CDD6 C94E 
  76      9A40 3F55 
  76      097E 22D6 
  76      21DB 034B 
  77 02d9 DE1C 40C1 		.ascii	"\336\034@\301"
  78               		.text
  79               		.section	.gnu.lto_USB_GetNextDescriptorOfTypeAfter.aa8850216ca561cb,"",@progbits
  80 0000 789C 7592 		.string	"x\234u\222MHTQ\024\307\317\377\2357o\236\246\330Rb\212v\"DS\030m\303\017Z\331\306\262M\25
  80      4D48 5451 
  80      14C7 CFFF 
  80      9D37 6F9E 
  80      A6D8 5262 
  81 00d5 4B3D CC22 		.string	"K=\314\"\204\373\b\221l\021\346P#\3313\361\302\247"
  81      84FB 0891 
  81      6C11 E650 
  81      23D9 33F1 
  81      C2A7 00
  82 00e8 9FF0 C9A1 		.string	"\237\360\311\241\265\225\227\\\"\267&\253_)%JL\314\377\t\233\204\254\017g\222\233\0236\23
  82      B595 975C 
  82      22B7 26AB 
  82      5F29 254A 
  82      4CCC FF09 
  83 0161 5AAF 055D 		.ascii	"Z\257\005]\300\206\026@4\"\260LCy4\312\206\366\006<* \236\231"
  83      C086 1640 
  83      3422 B04C 
  83      4379 34CA 
  83      86F6 063C 
  84 0179 4A18 7E49 		.ascii	"J\030~I9'\233-\254\007c?\225\235\346`\222\345\f<A\214Rl\2468"
  84      3927 9B2D 
  84      AC07 633F 
  84      959D E660 
  84      92E5 0C3C 
  85 0193 9062 2BCD 		.ascii	"\220b+\3156m\242\177\373\352\342b\265FR\f\201\222C\271\027A="
  85      366D A27F 
  85      FBEA E262 
  85      B546 520C 
  85      8192 43B9 
  86 01aa 18F6 AFB6 		.ascii	"\030\366\257\266\220{\266lep\263O\246{0\315eB\303\223&\022\236"
  86      907B B66C 
  86      6570 B34F 
  86      A67B 30CD 
  86      6542 C393 
  87 01c1 2203 FA80 		.ascii	"\"\003\372\200\301\365\374\241\177\320e \344t\236\330\250Lk5"
  87      C1F5 FCA1 
  87      7FD0 6520 
  87      E474 9ED8 
  87      A84C 6B35 
  88 01d5 54D2 3793 		.ascii	"T\3227\2230\377\257/\377\233>[\353\323\260Y\272\335\026\3723"
  88      30FF AF2F 
  88      FF9B 3E5B 
  88      EBD3 B059 
  88      BADD 16FA 
  89 01ea 7309 F8B4 		.ascii	"s\t\370\264\266\021A\344\213\374\302u\035\221\013\341\216\236"
  89      B611 41E4 
  89      8BFC C275 
  89      1D91 0BE1 
  89      8E9E 
  90 01fc F6F3 E1E6 		.ascii	"\366\363\341\346\326\223\365\341&7r\305q\243\341\326\323\r\341"
  90      D693 F5E1 
  90      2637 72C5 
  90      71A3 E1D6 
  90      D30D E1
  91 020f C64E D791 		.ascii	"\306N\327\221\307\345\366\310\305&'\332\346F\272\272;\335\350"
  91      C7E5 F6C8 
  91      C526 27DA 
  91      E646 BABA 
  91      3BDD E8
  92 0222 E136 B21B 		.ascii	"\3416\262\033z\273\235h\213s\251\262\261\307u\213\031\315\235"
  92      7ABB 9D68 
  92      8B73 A9B2 
  92      B1C7 758B 
  92      19CD 9D
  93 0235 6DE6 99DE 		.ascii	"m\346\231\336.\247\254\276\275\333q\265\367\013Qy\356("
  93      2EA7 ACBE 
  93      BDDB 71B5 
  93      F70B 5179 
  93      EE28 
  94               		.text
  95               		.section	.gnu.lto_USB_GetNextDescriptorComp.aa8850216ca561cb,"",@progbits
  96 0000 789C 6D54 		.string	"x\234mT]l\024U\024>g\316\314\316\354\316\226bECH#}i\032^\\M\023_\r\024}\302\304`\360\325\
  96      5D6C 1455 
  96      143E 67CE 
  96      CCCE ECCE 
  96      9662 4543 
  97 006e BE37 015A 		.ascii	"\2767\001Z\371\263\236\337\030\0014zg\371\3001\320\016\n2\314"
  97      F9B3 9EDF 
  97      1801 347A 
  97      67F9 C031 
  97      D00E 0A32 
  98 0083 050B 5424 		.ascii	"\005\013T$\374\341\024\200\212\232\2065\265\201\267\316T5\357"
  98      FCE1 1480 
  98      8A9A 8635 
  98      B581 B7CE 
  98      5435 EF
  99 0096 2C74 0254 		.ascii	",t\002T8\200o\266\r\322\270\210#\244\250\203(\307\312Ah1\310"
  99      3880 6FB6 
  99      0DD2 B888 
  99      23A4 A883 
  99      28C7 CA41 
 100 00ad B4C2 B683 		.ascii	"\264\302\266\203-\206\r\371W\017\035\"<x\270\367\2475\233\206"
 100      2D86 0DF9 
 100      570F 1D22 
 100      3C78 B8F7 
 100      A735 9B86 
 101 00c1 946A 53FE 		.ascii	"\224jS\376\221;\366\321\256\353\2122\004\320G"
 101      913B F6D1 
 101      AEEB 8A32 
 101      04D0 47
 102 00d0 80D5 E5F8 		.string	"\200\325\345\370B\271\030\033\306M\f\275\274\374\267_z\200\237\"\032\274\235\373}\372}W\2
 102      42B9 181B 
 102      C64D 0CBD 
 102      BCFC B75F 
 102      7A80 9F22 
 103 01d1 0CB1 288F 		.ascii	"\f\261(\217N\315Y\276z\262\334\251\374\233\033\217\235x\346i"
 103      4ECD 59BE 
 103      7AB2 DCA9 
 103      FC9B 1B8F 
 103      9D78 E669 
 104 01e5 E420 1C83 		.ascii	"\344 \034\203\2270\361\0026\3124\034\020h\030%\334\210\256]A"
 104      9730 F102 
 104      36CA 341C 
 104      1068 1825 
 104      DC88 AE5D 
 105 01fa 94A0 0456 		.ascii	"\224\240\004V\n\242U\246W\200.\356z\320U>\027\006\027\355>t\363"
 105      0AA2 55A6 
 105      5780 2EEE 
 105      7AD0 553E 
 105      1706 17ED 
 106 0211 48F9 FA71 		.ascii	"H\371\372q\365\033\266=~oi\254^<\244)\"\315\245\306\277\261\345"
 106      F51B B63D 
 106      7E6F 69AC 
 106      5E3C A429 
 106      22CD A5C6 
 107 0228 B298 BABF 		.ascii	"\262\230\272\277\253=\303\017\302Y\374\240U)\225]\320V\322\024"
 107      AB3D C30F 
 107      C259 FCA0 
 107      5529 955D 
 107      D056 D214 
 108 023c C64B D214 		.ascii	"\306K\322\024^\306,\302/\330\226\365t\017l\2025\364\301\261u"
 108      5EC6 2CC2 
 108      2FD8 96F5 
 108      740F 6C82 
 108      35F4 C1B1 
 109 0251 FAC4 9713 		.ascii	"\372\304\227\023\003r\230\312~\"9s\273\3741"
 109      0372 98CA 
 109      7E22 3973 
 109      BBFC 31
 110 0260 3292 BB6D 		.string	"2\222\273m\267,)'C\221>\342\326q\022[ M6+g\310\rL\315\334\370\f\003WXd\243b\225\207\257\3
 110      B72C 2927 
 110      4391 3EE2 
 110      D671 125B 
 110      204D 362B 
 111 0361 54EF 4EBC 		.ascii	"T\357N\274\035\333\335\264\2536\266m\307\253\233c[\275Ds\334"
 111      1DDB DDB4 
 111      AB36 B66D 
 111      C7AB 9B63 
 111      5BBD 4473 
 112 0376 6B88 ED78 		.ascii	"k\210\355xcK\254&\351\305y\331\273+\361\316\326xC\235\227\250"
 112      634B AC26 
 112      E9C5 79D9 
 112      BB2B F1CE 
 112      D678 439D 
 113 038c 6F4C 7A0D 		.ascii	"oLz\r\317\327\201\263e_c\274a{|OIM\223\347\005\210m\311\272\247"
 113      CFD7 81B3 
 113      655F 63BC 
 113      617B 7C4F 
 113      494D 93E7 
 114 03a6 6A92 7BEA 		.ascii	"j\222{\352k\275ZFmO65&\366\306\303\257x^\222\001;\343\321\327"
 114      6BBD 5A46 
 114      6D4F 3635 
 114      26F6 C6C3 
 114      AF78 5E92 
 115 03bf BD78 7381 		.ascii	"\275xs\201\346\312F$\231\364\017\025\363\273\177"
 115      E6CA 4624 
 115      99F4 0F15 
 115      F3BB 7F
 116               		.text
 117               		.section	.gnu.lto_.symbol_nodes.aa8850216ca561cb,"",@progbits
 118 0000 789C 6363 		.string	"x\234cc``\350\005b\006\246\353\f\365\f\f\023\3161\200\250\231\r\007\033\330\200b7\030\352
 118      6060 E805 
 118      6206 A6EB 
 118      0CF5 0C0C 
 118      13CE 3180 
 119 0064 00        		.string	""
 120 0065 8982 261B 		.ascii	"\211\202&\033"
 121               		.text
 122               		.section	.gnu.lto_.refs.aa8850216ca561cb,"",@progbits
 123 0000 789C 6363 		.string	"x\234cc```\004b\006"
 123      6060 6004 
 123      6206 00
 124 000b 00        		.string	""
 125 000c 4400      		.string	"D"
 126 000e 08        		.ascii	"\b"
 127               		.text
 128               		.section	.gnu.lto_.decls.aa8850216ca561cb,"",@progbits
 129 0000 789C AD96 		.string	"x\234\255\226mLSW\030\307\357so)\245\0240\276ll\3532f\370\320d\033\305\271L\375\262\250\2
 129      6D4C 5357 
 129      18C7 EF73 
 129      6F29 A514 
 129      30BE 6C6C 
 130 00c4 0FBE 8E3A 		.string	"\017\276\216:\345\276*\3246\216\363/\221r"
 130      E5BE 2AD4 
 130      368E F32F 
 130      9172 00
 131 00d3 7EF1 D23C 		.ascii	"~\361\322<<\345i\371\237\363\364O\220\247\035\373\325\223\344"
 131      3CE5 69F9 
 131      9FF3 F44F 
 131      90A7 1DFB 
 131      D593 E4
 132 00e6 21FE 3EA8 		.ascii	"!\376>\250\351\220<\311A\374\006\244\332\307\037\303\250\365"
 132      E990 3CC9 
 132      41FC 06A4 
 132      DAC7 1FC3 
 132      A8F5 
 133 00f8 E358 0DE3 		.ascii	"\343X\r\343\375j$\0175\260\372\345\265\237\223y\217NP\353\217"
 133      FD6A 240F 
 133      35B0 FAE5 
 133      B59F 9379 
 133      8F4E 50EB 
 134 010d 0254 DA87 		.ascii	"\002T\332\207m\001\233\005\230\256\006\036//\017\326\354\361"
 134      6D01 9B05 
 134      98AE 061E 
 134      2F2F 0FD6 
 134      ECF1 
 135 011f C5CB 996A 		.ascii	"\305\313\231j\230\206\227\277\216\214\016\nx\271J\rv\273\200"
 135      9886 97BF 
 135      8E8C 0E0A 
 135      78B9 4A0D 
 135      76BB 80
 136 0132 0D87 FB4E 		.ascii	"\r\207\373N<\361c\rdtFj\317z\201\247?\353{\312\253\205\220B\221"
 136      3CF1 630D 
 136      6474 466A 
 136      CF7A 81A7 
 136      3FEB 7BCA 
 137 014b 1DAA 751C 		.ascii	"\035\252u\034\024\203\340\310R\226\331\322\255\026> B\276\362"
 137      1483 E0C8 
 137      5296 D9D2 
 137      AD16 3E20 
 137      42BE F2
 138 015e 58E2 0F3E 		.ascii	"X\342\017>\240\326\245\211b\222xI\024\275\0029(\002-\034\005"
 138      A0D6 A589 
 138      6292 7849 
 138      14BD 0239 
 138      2802 2D1C 
 139 0173 2D07 A5A0 		.ascii	"-\007\245\240#\336\307!\204\003+6\036\303\306\003\304\320f\337"
 139      23DE C721 
 139      8403 2B36 
 139      1EC3 C603 
 139      C4D0 66DF 
 140 0187 353B BF55 		.ascii	"5;\277U\024\203\240\004\324p\002\004\252\301\333\261J\315R\244"
 140      1483 A004 
 140      D470 0204 
 140      AAC1 DBB1 
 140      4ACD 52A4 
 141 019b 3555 2582 		.ascii	"5U%\202f\223\323\224\352\034\276\034\234"
 141      6693 D394 
 141      EA1C BE1C 
 141      9C
 142 01a8 048D 544B 		.string	"\004\215TK\321\225\336Ro\2070m\"!\234\002\r\212\355\307\206\222\374\344\256\341\032\231\2
 142      D195 DE52 
 142      6F87 306D 
 142      2221 9C02 
 142      0D8A EDC7 
 143 02a9 A413 D060 		.string	"\244\023\320`\327@/\361\314t\216&\220d\234\343\267\244b\355\274\303\216~\200\223\334\354\
 143      D740 2FF1 
 143      CC74 8E26 
 143      9064 9CE3 
 143      B7A4 62ED 
 144 0352 8D74 555E 		.string	"\215tU^r\254\312\316\3372\253\375g\347\212\266\033\242\255\371\243\024\321\226(\212\271<Q
 144      72AC CACE 
 144      DF32 ABFD 
 144      67E7 8AB6 
 144      1BA2 ADF9 
 145 0393 0351 72B8 		.ascii	"\003Qr\2704G\343\204\323\314\212K\0263\254*'\235\226\t\350\270"
 145      3447 E384 
 145      D3CC 8A4B 
 145      1633 AC2A 
 145      279D 9609 
 146 03a9 0169 9380 		.ascii	"\001i\223\200<\207@;\022\270\316\374v\326g\334\026<\022\270A"
 146      3C87 403B 
 146      12B8 CEFC 
 146      76D6 67DC 
 146      163C 12B8 
 147 03be 0874 5002 		.ascii	"\btP\002\255\016\002\315\315\326R5\022\270\201\004\332\317\353"
 147      AD0E 02CD 
 147      CDD6 5235 
 147      12B8 8104 
 147      DACF EB
 148 03d1 B20A 13C5 		.ascii	"\262\n\023\305#8r!\025B\223\013B\223\034\302M\n\241m[\347~\205"
 148      2338 7221 
 148      1542 930B 
 148      4293 1CC2 
 148      4D0A A16D 
 149 03e9 709A 9F10 		.ascii	"p\232\237\020\302\366\233\311\255Jg['\253/k\377\246\237\005'"
 149      C2F6 9BC9 
 149      AD4A 675B 
 149      27AB 2F6B 
 149      FFA6 9F05 
 150 03fe 992E D678 		.ascii	"\231.\326xu\257(5\0222\335S!s{jd\356\"\231;\314o\317\346\312"
 150      75AF 2835 
 150      1232 DD53 
 150      2173 7B6A 
 150      64EE 2299 
 151 0418 8B6A 8F64 		.ascii	"\213j\217dz\t\231>J\246\307A\246 =/\024\301\344\"\230\221W\331"
 151      7A09 993E 
 151      4AA6 C741 
 151      A620 3D2F 
 151      14C1 E422 
 152 0430 D210 7922 		.ascii	"\322\020y\"\202[.*\267\344T\372)\225\306m\231\303\276B\007\243"
 152      825B 2E2A 
 152      B7E4 54FA 
 152      2995 C66D 
 152      99C3 BE42 
 153 0446 72E8 5A9E 		.ascii	"r\350Z\236U)\271\334|\335\315\345\236\313\345\236\334e\200\272"
 153      5529 B9DC 
 153      7CDD CDE5 
 153      9ECB E59E 
 153      DC65 80BA 
 154 045a 1C2F B95A 		.ascii	"\034/\271Z\020 $\t\324\345n\303\366\035\276t\212\325\316'\355"
 154      1020 2409 
 154      D4E5 6EC3 
 154      F61D BE74 
 154      8AD5 CE27 
 155 046f 404B 769E 		.ascii	"@Kv\236\217\023\343\020\233\341\321\342\332\006\177'\306\373"
 155      8F13 E310 
 155      9BE1 D1E2 
 155      DA06 7F27 
 155      C6FB 
 156 0481 53C1 F870 		.ascii	"S\301\370pj\030\037!\306\177\306\373\275\315\204wJ\213\372U\016"
 156      6A18 1F21 
 156      C67F C6FB 
 156      BDCD 8477 
 156      4A8B FA55 
 157 0496 E163 140E 		.ascii	"\341c\024\0163ay]\212U\341q\177\200'\004\370\b\005\376\300\001"
 157      3361 795D 
 157      8A55 E171 
 157      7F80 2704 
 157      F808 05FE 
 158 04ac FCE9 D19F 		.ascii	"\374\351\321\237\206\025\022\253\261\234\351u\242\270K$/q\224"
 158      8615 12AB 
 158      B19C E975 
 158      A2B8 4B24 
 158      2F71 94
 159 04bf C1A0 0BD6 		.ascii	"\301\240\013\326\240\034\326(\205\325Syb\314W\330\315`\375yv"
 159      A01C D628 
 159      85D5 5379 
 159      62CC 57D8 
 159      CD60 FD79 
 160 04d4 B859 23EC 		.ascii	"\270Y#\354c\027G\262\206\333H\255\360\214\216\302\226\334\035"
 160      6317 47B2 
 160      86DB 48AD 
 160      F08C 8EC2 
 160      96DC 1D
 161 04e7 7777 AA84 		.ascii	"ww\252\204|\332\255\030l\024\207x\230\021\034\254\313$U^\022"
 161      7CDA AD18 
 161      6C14 8778 
 161      9811 1CAC 
 161      CB24 555E 
 162 04fc 1345 F2E6 		.ascii	"\023E\362\346\223v\002\030#U\212\374\f\222\032\222y\035$\361"
 162      9376 0218 
 162      2355 8AFC 
 162      0C92 1A92 
 162      791D 24F1 
 163 0510 C190 C807 		.ascii	"\301\220\310\007\323\027\343~\272}\016\364\207V\225l\025\305"
 163      D317 E37E 
 163      BA7D 0EF4 
 163      8756 956C 
 163      15C5 
 164 0522 5425 9D9D 		.ascii	"T%\235\235\035\353$\003\244\375\224\356\204s\264Nu\363\262\r"
 164      1DEB 2403 
 164      A4FD 94EE 
 164      8473 B44E 
 164      75F3 B20D 
 165 0536 A2AD 9C81 		.ascii	"\242\255\234\201x\352.\325;\245l\017\253\255\n\304\265\002D\302"
 165      78EA 2ED5 
 165      3BA5 6C0F 
 165      ABAD 0AC4 
 165      B502 44C2 
 166 054a 4953 975E 		.ascii	"IS\227^\302\273\037T\234S\n\335t\006|\326Pv\213\nt3\330\240\261"
 166      C2BB 1F54 
 166      9C53 0ADD 
 166      7406 7CD6 
 166      5076 8B0A 
 167 0563 AA99 4964 		.ascii	"\252\231IdP*\372n\340\235\310\210\007\307M4EH\301\231M4K\314"
 167      502A FA6E 
 167      E09D C888 
 167      07C7 4D34 
 167      4548 C199 
 168 057b B7A5 A9D6 		.ascii	"\267\245\251\326\246\221o\335\304\335\265uo\344\331\377\032<"
 168      A691 6FDD 
 168      C4DD B575 
 168      6FE4 D9FF 
 168      1A3C 
 169 058d A3B8 C96A 		.ascii	"\243\270\311j}\020 \0277\272\355\363i\2228\215\212\333S\373\036"
 169      7D10 2017 
 169      37BA EDF3 
 169      6992 388D 
 169      8ADB 53FB 
 170 05a2 B9FD 29E8 		.ascii	"\271\375)\350p\023\247K\342t*\266\026\f\356v\373'V\341\366\267"
 170      7013 A74B 
 170      E274 2AB6 
 170      160C EE76 
 170      FB27 56E1 
 171 05b8 6D93 2426 		.ascii	"m\223$&\347wM\321_\351M\tQ\021\372\217W~\270H\277\304\034\275"
 171      E777 4DD1 
 171      5FE9 4D09 
 171      5111 FA8F 
 171      577E B848 
 172 05d0 DE68 8ED7 		.ascii	"\336h\216\327\257\\\261X\037\026k6\342WLT\364\232%\306x\2039"
 172      AF5C B158 
 172      1F16 6B36 
 172      E257 4C54 
 172      F49A 25C6 
 173 05e7 3ACE 126B 		.ascii	":\316\022k\216\0171\250\226._\031\024\266`\001\247J\210\216\261"
 173      8E0F 31A8 
 173      962E 5F19 
 173      14B6 6001 
 173      A74A 888E 
 174 05fc CC79 3FDC 		.ascii	"\314y?\3342O\237\020o\326\233b\r\021&}\230\321d\2120\353#\326"
 174      324F 9F10 
 174      6FD6 9B62 
 174      0D11 267D 
 174      98D1 648A 
 175 0614 9BDF 5963 		.ascii	"\233\337Yc0,\234\247\237\027\362^H(\271\326G\307\030L\t\221F"
 175      302C 9CA7 
 175      9F17 F25E 
 175      4828 B9D6 
 175      47C7 184C 
 176 062b 7DBC 2512 		.ascii	"}\274%\022\007\206\254\345\274\211\301\374p\313,\226%,v]\\\204"
 176      0786 ACE5 
 176      BC89 C1FC 
 176      70CB 2C96 
 176      252C 765D 
 177 0641 3902 B37C 		.ascii	"9\002\263|j1\207[\346\276pik\271Y\330\033\276\324hYn\374\306"
 177      6A31 875B 
 177      E6BE 7069 
 177      6BB9 59D8 
 177      1BBE D468 
 178 0659 E2EA F18E 		.ascii	"\342\352\361\216\211\215\211I0\231^\363\330\373I\324\347\337"
 178      898D 8949 
 178      3099 5EF3 
 178      D8FB 49D4 
 178      E7DF 
 179 066b C619 5F3C 		.ascii	"\306\031_<\233\201{s\022\277\305\306(\034\0264\211bQ\224\305"
 179      9B81 7B73 
 179      12BF C5C6 
 179      281C 1634 
 179      8962 5194 
 180 0680 687E C5A3 		.ascii	"h~\305\243\200\220P\254\210\376\316\250\214\2130|m\214T\020\375"
 180      8090 50AC 
 180      88FE CEA8 
 180      8C8B 307C 
 180      6D8C 5410 
 181 0695 FCE7 54B8 		.ascii	"\374\347T\270\350\213\317\346\353CB\364+,\221\356P^&9\\M\341"
 181      E88B CFE6 
 181      EB43 42F4 
 181      2B2C 91EE 
 181      505E 2639 
 182 06ac CB8C 1191 		.ascii	"\313\214\021\221F\004\374/\031\341\310~"
 182      4604 FC2F 
 182      19E1 C87E 
 183               		.text
 184               		.section	.gnu.lto_.symtab.aa8850216ca561cb,"",@progbits
 185 0000 5553 425F 		.string	"USB_GetNextDescriptorOfType"
 185      4765 744E 
 185      6578 7444 
 185      6573 6372 
 185      6970 746F 
 186 001c 00        		.string	""
 187 001d 00        		.string	""
 188 001e 00        		.string	""
 189 001f 00        		.string	""
 190 0020 00        		.string	""
 191 0021 00        		.string	""
 192 0022 00        		.string	""
 193 0023 00        		.string	""
 194 0024 00        		.string	""
 195 0025 00        		.string	""
 196 0026 00        		.string	""
 197 0027 E200      		.string	"\342"
 198 0029 00        		.string	""
 199 002a 00        		.string	""
 200 002b 5553 425F 		.string	"USB_GetNextDescriptorOfTypeBefore"
 200      4765 744E 
 200      6578 7444 
 200      6573 6372 
 200      6970 746F 
 201 004d 00        		.string	""
 202 004e 00        		.string	""
 203 004f 00        		.string	""
 204 0050 00        		.string	""
 205 0051 00        		.string	""
 206 0052 00        		.string	""
 207 0053 00        		.string	""
 208 0054 00        		.string	""
 209 0055 00        		.string	""
 210 0056 00        		.string	""
 211 0057 00        		.string	""
 212 0058 ED00      		.string	"\355"
 213 005a 00        		.string	""
 214 005b 00        		.string	""
 215 005c 5553 425F 		.string	"USB_GetNextDescriptorOfTypeAfter"
 215      4765 744E 
 215      6578 7444 
 215      6573 6372 
 215      6970 746F 
 216 007d 00        		.string	""
 217 007e 00        		.string	""
 218 007f 00        		.string	""
 219 0080 00        		.string	""
 220 0081 00        		.string	""
 221 0082 00        		.string	""
 222 0083 00        		.string	""
 223 0084 00        		.string	""
 224 0085 00        		.string	""
 225 0086 00        		.string	""
 226 0087 00        		.string	""
 227 0088 EF00      		.string	"\357"
 228 008a 00        		.string	""
 229 008b 00        		.string	""
 230 008c 5553 425F 		.string	"USB_GetNextDescriptorComp"
 230      4765 744E 
 230      6578 7444 
 230      6573 6372 
 230      6970 746F 
 231 00a6 00        		.string	""
 232 00a7 00        		.string	""
 233 00a8 00        		.string	""
 234 00a9 00        		.string	""
 235 00aa 00        		.string	""
 236 00ab 00        		.string	""
 237 00ac 00        		.string	""
 238 00ad 00        		.string	""
 239 00ae 00        		.string	""
 240 00af 00        		.string	""
 241 00b0 00        		.string	""
 242 00b1 FB00      		.string	"\373"
 243 00b3 00        		.string	""
 244 00b4 00        		.string	""
 245               		.text
 246               		.section	.gnu.lto_.opts,"",@progbits
 247 0000 272D 666D 		.ascii	"'-fmath-errno' '-fsigned-zeros' '-ftrapping-m"
 247      6174 682D 
 247      6572 726E 
 247      6F27 2027 
 247      2D66 7369 
 248 002d 6174 6827 		.string	"ath' '-fno-trapv' '-fno-openmp' '-fno-openacc' '-mn-flash=1' '-mno-skip-bug' '-mmcu=avr5'
 248      2027 2D66 
 248      6E6F 2D74 
 248      7261 7076 
 248      2720 272D 
 249               		.text
 250               		.comm	__gnu_lto_v1,1,1
 251               		.comm	__gnu_lto_slim,1,1
 252               		.ident	"GCC: (GNU) 7.4.0"
DEFINED SYMBOLS
                            *ABS*:0000000000000000 ConfigDescriptors.c
/var/folders/7d/r_phv7rx6m99qllr_nm2m9c80000gn/T//cc2Edz2s.s:2      *ABS*:000000000000003e __SP_H__
/var/folders/7d/r_phv7rx6m99qllr_nm2m9c80000gn/T//cc2Edz2s.s:3      *ABS*:000000000000003d __SP_L__
/var/folders/7d/r_phv7rx6m99qllr_nm2m9c80000gn/T//cc2Edz2s.s:4      *ABS*:000000000000003f __SREG__
/var/folders/7d/r_phv7rx6m99qllr_nm2m9c80000gn/T//cc2Edz2s.s:5      *ABS*:0000000000000000 __tmp_reg__
/var/folders/7d/r_phv7rx6m99qllr_nm2m9c80000gn/T//cc2Edz2s.s:6      *ABS*:0000000000000001 __zero_reg__
                            *COM*:0000000000000001 __gnu_lto_v1
                            *COM*:0000000000000001 __gnu_lto_slim

NO UNDEFINED SYMBOLS
