   1               		.file	"DeviceStandardReq.c"
   2               	__SP_H__ = 0x3e
   3               	__SP_L__ = 0x3d
   4               	__SREG__ = 0x3f
   5               	__tmp_reg__ = 0
   6               	__zero_reg__ = 1
   7               		.section	.gnu.lto_.profile.a5121afef4d8cde,"",@progbits
   8 0000 789C 6363 		.ascii	"x\234cc```\003bF\206\351\314\377\030\001\005\006\001\247"
   8      6060 6003 
   8      6246 86E9 
   8      CCFF 1801 
   8      0506 01A7 
   9               		.text
  10               		.section	.gnu.lto_.icf.a5121afef4d8cde,"",@progbits
  11 0000 789C 6363 		.string	"x\234cc``\360`@"
  11      6060 F060 
  11      4000 
  12 000a 1E86 8EF7 		.string	"\036\206\216\367\327o\2623\276\230\321\275\211\215y\322\366\305w\231Y\300$\353\262\353\20
  12      D76F B233 
  12      BE98 D1BD 
  12      898D 79D2 
  12      F6C5 7799 
  13 0051 FE3B 2323 		.ascii	"\376;##"
  14               		.text
  15               		.section	.gnu.lto_.jmpfuncs.a5121afef4d8cde,"",@progbits
  16 0000 789C 7D90 		.string	"x\234}\2209\n\302P\024E\357\375/\203#n +\310\n\334\235\215\026!m\020\204\364\026\202\215c
  16      390A C250 
  16      1445 EFFD 
  16      2F83 236E 
  16      202B C80A 
  17 0036 86C4 2BDA 		.string	"\206\304+\332 9*\r^\013E$Z\242\003\004"
  17      2039 2A0D 
  17      5E0B 4524 
  17      5AA2 0304 
  17      00
  18 0047 0F24 4455 		.ascii	"\017$DU\031]a\234N\216\3478\267\322$s\305\244F\372\374R\344\003"
  18      195D 619C 
  18      4E8E E738 
  18      B7D2 2473 
  18      C5A4 46FA 
  19 005f AF3B A65C 		.ascii	"\257;\246\\3\251\013S_\f\007\307k\365\f\237;^\236\262:\327\224"
  19      33A9 0B53 
  19      5F0C 07C7 
  19      6BF5 0C9F 
  19      3B5E 9EB2 
  20 0076 BB61 72FB 		.ascii	"\273ar\3734\263r\266\210\037\246q\253\346\377\026\b\264\300N"
  20      34B3 72B6 
  20      881F A671 
  20      ABE6 FF16 
  20      08B4 C04E 
  21 008a BEE8 FEAE 		.ascii	"\276\350\376\256\212\357W\324d6\3741\324\210\275F\b\364\374\261"
  21      8AEF 57D4 
  21      6436 FC31 
  21      D488 BD46 
  21      08F4 FCB1 
  22 009e FAEF BBDD 		.ascii	"\372\357\273\335\001\025\005P>"
  22      0115 0550 
  22      3E
  23               		.text
  24               		.section	.gnu.lto_.inline.a5121afef4d8cde,"",@progbits
  25 0000 789C 6363 		.string	"x\234cc``\220fd\200\003N\006\006\311\333L\214\fL:\017&h1\260-\220g\002\21122(\013\003\305
  25      6060 9066 
  25      6480 034E 
  25      0606 C9DB 
  25      4C8C 0C4C 
  26 0065 6E26 4971 		.string	"n&Iq\240\274\324\244dT\371\t~\023\374X\371\200\034\020\003b\024\017\203(\017P\251BK8\252\
  26      A0BC D4A4 
  26      6454 F909 
  26      7E13 FC58 
  26      F980 1C10 
  27 009b A292 1BFF 		.ascii	"\242\222\033\377"
  28               		.text
  29               		.section	.gnu.lto_.pureconst.a5121afef4d8cde,"",@progbits
  30 0000 789C 6363 		.string	"x\234cc``\020\001bN\206]\214\214R\254RlR\034R\\R\334R<R\274R"
  30      6060 1001 
  30      624E 865D 
  30      8C8C 52AC 
  30      526C 521C 
  31 001e 18C7 01F1 		.ascii	"\030\307\001\361"
  32               		.text
  33               		.section	.gnu.lto_USB_Device_GetSerialString.a5121afef4d8cde,"",@progbits
  34 0000 789C 8D56 		.string	"x\234\215ViLTW\024\276\347\3357o\336{,\203\212\221\030\322@Sbm\214X\373\243\246\211?\024\
  34      694C 5457 
  34      14BE E7DD 
  34      376F DE7B 
  34      2C83 8A91 
  35 00df 8C44 B593 		.ascii	"\214D\265\223\003\235~\327r|\002\240\340\361\374\203\352\202"
  35      039D 7ED7 
  35      727C 02A0 
  35      E0F1 FC83 
  35      EA82 
  36 00f1 103A 2A10 		.ascii	"\020:*\020\201\307\247\253\006\216q>\036\030\356\227\265\366"
  36      81C7 A7AB 
  36      068E 713E 
  36      1E18 EE97 
  36      B5F6 
  37 0103 14E8 23B6 		.ascii	"\024\350#\266Y\271\231\226\377BT\266\345\207|\316\341\020pd\204"
  37      59B9 9996 
  37      FF42 54B6 
  37      E587 7CCE 
  37      E110 7064 
  38 0118 8310 0DC5 		.ascii	"\203\020\r\305\020\315P\304\3400"
  38      10CD 50C4 
  38      E030 
  39 0122 8C20 4057 		.string	"\214 @W\305\372\261\374+\201\255\377uM\2463n\213e!\366^\331\360\343\226\265\316R\363\271\
  39      C5FA B1FC 
  39      2B81 ADFF 
  39      754D A633 
  39      6E8B 6521 
  40 0223 46A1 C018 		.ascii	"F\241\300\030N\013cK0%M\334\362\263\245\\\301\315\"?\273\003"
  40      4E0B 634B 
  40      3025 4DDC 
  40      F2B3 A55C 
  40      C1CD 223F 
  41 0239 0B5B 3BD7 		.ascii	"\013[;\327\324\327)\317=\312\2225[\354\372P\304;\217C\220\267"
  41      D4D7 29CF 
  41      3DCA 9235 
  41      5BEC FA50 
  41      C43B 8F43 
  42 024f 0CAA D0C7 		.ascii	"\f\252\320\307?\320[\2610`U\224\335\035\345\225\327CcO\301Fk"
  42      3FD0 5BB1 
  42      3060 5594 
  42      DD1D E595 
  42      D743 634F 
  43 0266 5D4C 3E37 		.ascii	"]L>7\t\320\261\247\350b\210\252\240\312)\210\305\365OP\331m\250"
  43      09D0 B1A7 
  43      E862 88AA 
  43      A0CA 2988 
  43      C5F5 4F50 
  44 027d 78B6 EC6A 		.ascii	"x\266\354j\335\203\232q\204\366\361(\324\313\313\256\250uR\311"
  44      DD83 9A71 
  44      84F6 F128 
  44      D4CB CBAE 
  44      A875 52C9 
  45 0291 8788 7BD6 		.ascii	"\207\210{\326\225\254\030%OW\351\270\301\267y\273\263\0206,\314"
  45      95AC 1825 
  45      4F57 E9B8 
  45      C1B7 79BB 
  45      B310 362C 
  46 02a6 C272 0F85 		.ascii	"\302r\017\205\277\260\316Oc\2353\250\206B`7 \363\332\362\206"
  46      BFB0 CE4F 
  46      639D 33A8 
  46      8642 6037 
  46      20F3 DAF2 
  47 02bb 1C53 1419 		.ascii	"\034S\024\031\226\035\263\335\271|\351UwV\037r\331\336(/ys\006"
  47      961D B3DD 
  47      B97C E955 
  47      7756 1F72 
  47      D9DE 282F 
  48 02d2 8135 E44D 		.ascii	"\2015\344M\315\273zS+\2749\213\336\320]O\326\264\f\013`\317\276"
  48      CDBB 7A53 
  48      2BBC 398B 
  48      DED0 5D4F 
  48      D6B4 0C0B 
  49 02e9 157B 4E60 		.ascii	"\025{N`\317K\354\346\356\370w\277\265N / R\370\334\274\335)|"
  49      CF4B ECE6 
  49      EEF8 77BF 
  49      B54E 202F 
  49      2052 F8DC 
  50 0301 C6D4 A3DA 		.ascii	"\306\324\243\332\335\372\337vq\n\232\n\341p\021\303\203:\205"
  50      DDFA DF76 
  50      710A 9A0A 
  50      E170 11C3 
  50      833A 85
  51 0314 031B 3EA2 		.ascii	"\003\033>\242\002\247\n\b\216\262\n\f\352)\202X\002\234a\217"
  51      02A7 0A08 
  51      8EB2 0A0C 
  51      EA29 8258 
  51      029C 618F 
  52 0328 C31A B80D 		.ascii	"\303\032\270\r\231\0359\005}"
  52      991D 3905 
  52      7D
  53 0331 ED40 05EC 		.string	"\355@\005\354\343\340\303R\271\003Y\357\323\021\263\317.\222yy+\3636\252\261\367l\363\302
  53      E3E0 C352 
  53      B903 59EF 
  53      D311 B3CF 
  53      2E92 7979 
  54 0432 0988 C03B 		.string	"\t\210\300;\020s.k_\276H\277\023]\373W\246?\346\205\031\021\004\313[|\267\257\330\206\r\3
  54      1073 2E6B 
  54      5FBE 48BF 
  54      135D FB57 
  54      A63F E685 
  55 048b A382 3AB3 		.string	"\243\202:\263\252T\223\030\003nIW\237\202\216\306q\f\331 \265\241\367\226\362\024B\320G^\
  55      AA54 9318 
  55      036E 4957 
  55      9F82 8EC6 
  55      710C D920 
  56 04f2 2C0D 9318 		.ascii	",\r\223\030|\001\006\007\312\202\207\274\006\n\264#\003\352\344"
  56      7C01 0607 
  56      CA82 87BC 
  56      060A B423 
  56      03EA E4
  57 0505 0774 F03B 		.ascii	"\007t\360;\0245%\323\025C\n\235>\036J\222\013\313J\204$\370\r"
  57      1435 25D3 
  57      1543 0A9D 
  57      3E1E 4A92 
  57      0BCB 4A84 
  58 051c 96FD F868 		.ascii	"\226\375\370h\305\231*\215\032#v\267\302=4Q\\\310\005wEe\337"
  58      C599 2A8D 
  58      1A23 76B7 
  58      C23D 3451 
  58      5CC8 0577 
  59 0533 C3E6 8824 		.ascii	"\303\346\210$\322\233\276\336\342p\352\004>>\f\355{\221x\273"
  59      D29B BEDE 
  59      E270 EA04 
  59      3E3E 0CED 
  59      7B91 78BB 
  60 0547 39A0 98E2 		.ascii	"9\240\230\342\036\212\361\322z\372o\241\017C\234\024d\203\341"
  60      1E8A F1D2 
  60      7AFA 6FA1 
  60      0F43 9C14 
  60      6483 E1
  61 055a 3F9E 4021 		.ascii	"?\236@!\b=3\250\020\f\312hme\177\231)\251\251\274s\032w\346\331"
  61      083D 33A8 
  61      100C CA68 
  61      6D65 7F99 
  61      29A9 A9BC 
  62 0573 4530 04EE 		.ascii	"E0\004\356\007\022jPGRJ;o\241E\272\216\002\223\372\217\322\323"
  62      0712 6A50 
  62      4752 4A3B 
  62      6FA1 45BA 
  62      8E02 93FA 
  63 058a 790E 1336 		.ascii	"y\016\0236L/J\307\273L9\213\210\236^\223Umu\006\357\225\343\370"
  63      4C2F 4AC7 
  63      BB4C 398B 
  63      889E 5E93 
  63      556D 7506 
  64 05a2 E4DA 6DB9 		.ascii	"\344\332m\271\006\316c\372\333SU\366^\340\277B\004<xu$\303C2"
  64      06CE 63FA 
  64      DB53 55F6 
  64      5EE0 BF42 
  64      043C 7875 
  65 05ba 2CCA 1E01 		.ascii	",\312\036\001E\365\257\215\200~\027\251\330c\200\2774\006:0\026"
  65      45F5 AF8D 
  65      807E 17A9 
  65      D863 80BF 
  65      3406 3A30 
  66 05cf 8F68 0C3C 		.ascii	"\217h\f<z\327\206\374X4\344"
  66      7AD7 86FC 
  66      5834 E4
  67 05da 2772 A8F9 		.string	"'r\250\371\272\013\262k\266qB\277if=\025i\021\026n>\262\333\361\356\227u\212\313\272\354\
  67      BA0B B26B 
  67      B671 42BF 
  67      6966 3D15 
  67      6911 166E 
  68 06db 2188 9B28 		.ascii	"!\210\233("
  69               		.text
  70               		.section	.gnu.lto_USB_Device_GetStatus.a5121afef4d8cde,"",@progbits
  71 0000 789C 9556 		.string	"x\234\225V]LTG\024\236s\347\356\335eaY\025\265\r!\215Ic\255\306\260mL\032\323\370b\245M\2
  71      5D4C 5447 
  71      149E 73E7 
  71      EEDD 6561 
  71      5915 B50D 
  72 00b7 4B51 B86A 		.ascii	"KQ\270j\322\314\226\020+\244\300v\276\213Ce\246\257BY\\\244\343"
  72      D2CC 9610 
  72      2BA4 C076 
  72      BE8B 4365 
  72      A6AF 4259 
  73 00ce CF9B 9B1D 		.ascii	"\317\233\233\035Q\2407\352<\2373\226\203\177\372\3011X\314\320"
  73      51A0 37EA 
  73      3C9F 3396 
  73      837F FAC1 
  73      3158 CCD0 
  74 00e2 6EF4 EB6F 		.ascii	"n\364\353o\367\001\177\013\250?\270k\377!\276\360\007]O\323\275"
  74      F701 7F0B 
  74      A83F B86B 
  74      FF21 BEF0 
  74      075D 4FD3 
  75 00f7 57EA E69E 		.ascii	"W\352\346\236\321\365=\272\232\317\001J\201\243\037,\213\202"
  75      D1F5 3DBA 
  75      9ACF 014A 
  75      81A3 1F2C 
  75      8B82 
  76 0109 37A2 8437 		.ascii	"7\242\2047\032\267\037\031\333m\323T8\016\013%(\224\201\006\370"
  76      1AB7 1F19 
  76      DB6D D354 
  76      380E 0B25 
  76      2894 8106 
  77 011e E2A7 0BDD 		.ascii	"\342\247\013\335\005a<"
  77      0561 3C
  78 0125 4620 FE9C 		.string	"F \376\234]\356\263\370\021\037\327\277\034@,\237\001\361WD$01y\312\273\263\331\312\327\b
  78      5DEE B3F8 
  78      111F D7BF 
  78      1C40 2C9F 
  78      01F1 5744 
  79 0226 EC80 EC54 		.string	"\354\200\354TT\330s\254X\324\026\313Em\321\274\n_\020\240\257\266\332Jd8\3504\256\031m\35
  79      54D8 73AC 
  79      58D4 16CB 
  79      456D D1BC 
  79      0A5F 10A0 
  80 02a7 A762 462E 		.string	"\247bF.\200\254=7\002\271l\376\f\366\026.\r\312\340\361\314\272#V\231A\200:a\357\346&I\33
  80      80AC 3D37 
  80      02B9 6CFE 
  80      0CF6 162E 
  80      0DCA E0F1 
  81 039b C7A5 A6A6 		.ascii	"\307\245\246\246\343bC\341\nD\301\237\"eWqi\004\210\344\332\266"
  81      E362 43E1 
  81      0A44 C19F 
  81      2265 5771 
  81      6904 88E4 
  82 03b1 3D75 8320 		.ascii	"=u\203 H\007\026\205x\206!j\262\252\314\223\316\264\334'\021"
  82      4807 1685 
  82      7886 216A 
  82      B2AA CC93 
  82      CEB4 DC27 
  83 03c6 4BFD 079A 		.ascii	"K\375\007\2322\341@\273\206\276\327\351@\273N+\262\343\253g\007"
  83      32E1 40BB 
  83      86BE D7E9 
  83      40BB 4E2B 
  83      B2E3 AB67 
  84 03db AAAE D925 		.ascii	"\252\256\331%\217^\342qod{\267=\300\343\3068\217\233T:$\243\306"
  84      8F5E E271 
  84      6F64 7BB7 
  84      3DC0 E3C6 
  84      388F 9B54 
  85 03f3 F2F8 2CE9 		.ascii	"\362\370,\351<x1\257#\\\026\300\002\270%N\035WY\246\240\364\222"
  85      3C78 31AF 
  85      235C 16C0 
  85      02B8 254E 
  85      1D57 59A6 
  86 040a 0C31 1B6D 		.ascii	"\f1\033m\321\260\244\257b\324&\r\031\264\310\343\351af\311P\321"
  86      D1B0 A4AF 
  86      62D4 260D 
  86      19B4 C8E3 
  86      E961 66C9 
  87 0420 12A9 6D18 		.ascii	"\022\251m\030Z\006\344\027"
  87      5A06 E417 
  88 0428 D513 363E 		.string	"\325\0236>\376_\247;\264N<\017\025\fx[\0044\3621Y\253\261\b\225\234^x\001\264!\233;\244\3
  88      FE5F A73B 
  88      B44E 3C0F 
  88      150C 785B 
  88      0434 F231 
  89 0529 8342 00   		.string	"\203B"
  90 052c B311 B511 		.string	"\263\021\265\021\243\372\021\246uyHE\321\"\317\025C4A\313(\007\357\350\333\223\231\227\21
  90      A3FA 11A6 
  90      7579 4845 
  90      D122 CF15 
  90      4334 41CB 
  91 05af 457E 7766 		.string	"E~wf\341"
  91      E100 
  92 05b5 5FE1 68D9 		.ascii	"_\341h\331\372\370\217\035\3537~\032\353X\275\356\275\225\216"
  92      FAF8 8F1D 
  92      EB37 7E1A 
  92      EB58 BDEE 
  92      BD95 8E
  93 05c8 98C4 F84D 		.ascii	"\230\304\370M\316\304$\307\272\265\3578VmHt:b\234\233\342?q\256"
  93      CEC4 24C7 
  93      BAB5 EF38 
  93      566D 4874 
  93      3A62 9C9B 
  94 05e0 4D8E 4D88 		.ascii	"M\216M\210\213M\214[\343\374\"\372\023f[\26511\321\231\220\214"
  94      8B4D 8C5B 
  94      E3FC 22FA 
  94      1366 5BB5 
  94      3131 D199 
  95 05f6 B3C9 1B93 		.ascii	"\263\311\033\223l\357&\304}\276!>!\371\375\2048\347\227\346\225"
  95      6CEF 26C4 
  95      7DBE 213E 
  95      21F9 FD84 
  95      38E7 97E6 
  96 060b 7171 89CE 		.ascii	"qq\211\316\244\244\025\377\202\273\362\3035\313\035\321\321\362"
  96      A4A4 15FF 
  96      82BB F2C3 
  96      35CB 1DD1 
  96      D1F2 
  97 061d 6920 7C44 		.ascii	"i |D\243\350\317\230\032\023\233\034\373\017\345H\261\037"
  97      A3E8 CF98 
  97      1A13 9B1C 
  97      FB0F E548 
  97      B11F 
  98               		.text
  99               		.section	.gnu.lto_USB_Device_ClearSetFeature.a5121afef4d8cde,"",@progbits
 100 0000 789C 9557 		.string	"x\234\225WiLTW\024\276\347\335\331g`\0327\024\201\2224\246\265M\031\215M\343\017\177\324\
 100      694C 5457 
 100      14BE E7DD 
 100      D967 601A 
 100      3714 8192 
 101 00c5 2D54 13B0 		.string	"-T\023\2604\205\353\364\006\243\311l\261\332 \r\326\363\3579T\346t\271\224\331\277\252\37
 101      3485 EBF4 
 101      06A3 C96C 
 101      B1DA 200D 
 101      D6F3 EF39 
 102 0103 78B8 B3AE 		.ascii	"x\270\263\256g\213\215\277\t\244\260\253\340H\227i\3266U\315"
 102      678B 8DBF 
 102      09A4 B0AB 
 102      E048 9769 
 102      D636 55CD 
 103 0117 50DD 373E 		.ascii	"P\3357>\315T\335\351\361\245\034\340\020p4\201y10'F8\364\373"
 103      CD54 DDE9 
 103      F1A5 1CE0 
 103      1070 3481 
 103      7931 3027 
 104 012f 82C3 304B 		.ascii	"\202\3030K\270\n8\314\024@\256^\215dp\004\fE\034\002c\303Q\f"
 104      B80A 38CC 
 104      1440 AE5E 
 104      8D64 7004 
 104      0C45 1C02 
 105 0147 EB42 7D12 		.ascii	"\353B}\022\2000\310Cy\223\336\255\216\215\347\250\356\013\237"
 105      8030 C843 
 105      7993 DEAD 
 105      8E8D E7A8 
 105      EE0B 9F
 106 015a 6C75 BDF1 		.ascii	"lu\275\361\n\260R\256((8\247\225\216\204\036\205\316@gF\332\232"
 106      0AB0 52AE 
 106      2828 38A7 
 106      958E 841E 
 106      85CE 4067 
 107 0171 6865 A695 		.ascii	"he\246\225\205\204\225\204\235\221\263I\264\234Lb\n\211\251$"
 107      8584 9584 
 107      9D91 B349 
 107      B49C 4C62 
 107      0A89 A924 
 108 0185 A691 8822 		.ascii	"\246\221\210\"1\035\205~\006\211h\332\316$\021C\"\226D\034\211"
 108      311D 857E 
 108      0689 68DA 
 108      CE24 1143 
 108      2296 441C 
 109 019a 7812 D805 		.ascii	"x\022\330\005\310\022\262\256\272Y\036nq\345t\263^\3108\326\263"
 109      C812 B2AE 
 109      BA59 1E6E 
 109      71E5 74B3 
 109      5EC8 38D6 
 110 01af 2BDF 4E19 		.ascii	"+\337N\031\227p\242\257(\253\262\301\230\217t\033D\232.W_\207"
 110      9770 A2AF 
 110      28AB B2C1 
 110      988F 741B 
 110      449A 2E57 
 111 01c5 316D 5435 		.ascii	"1mT5\341A\031\227TU8\007\013#\313\340G(\345F8\216E;\0061\342"
 111      E141 1997 
 111      5455 3807 
 111      0B23 CBE0 
 111      4728 E546 
 112 01e0 C1E1 B397 		.ascii	"\301\341\263\227\237\230\034{\211.\301\363\t(\203\215\242f\360"
 112      9F98 1C7B 
 112      892E C1F3 
 112      0928 838D 
 112      A266 F0
 113 01f3 3B38 3098 		.ascii	";80\230s\304\300Jx\274\214\264\341\227}\256\b\212\244\300\213"
 113      73C4 C04A 
 113      78BC 8CB4 
 113      E197 7DAE 
 113      088A A4C0 
 114 0208 7012 5DF4 		.ascii	"p\022]\364@f\231E\"\211\307\347{/\376\324\017\205P\220\216\374"
 114      4066 9945 
 114      2289 C7E7 
 114      7B2F FED4 
 114      0F85 5090 
 115 021e 970D 958B 		.ascii	"\227\r\225\213\016`\305\310>\272\373\003\037\240Jy\237\353\221"
 115      0E60 C5C8 
 115      3EBA FB03 
 115      1FA0 4A79 
 115      9FEB 91
 116 0231 D705 C56F 		.ascii	"\327\005\305o)\334\1772B\2638\364:\032\200\033\375\026S\366\f"
 116      29DC 7F32 
 116      42B3 38F4 
 116      3A1A 801B 
 116      FD16 53F6 
 117 0246 4E49 9BD3 		.ascii	"NI\233\323\343"
 117      E3
 118 024b 436E BBB4 		.string	"Cn\273\264Qp\333\326\323\335\243\323l\266&\220M\245\260\021=U\2056\370\235\207\273\254h\3
 118      5170 DBD6 
 118      D3DD A3D3 
 118      6CB6 2690 
 118      4DA5 B011 
 119 034c 3BB4 A0E7 		.ascii	";\264\240\347.\310\210'\r\032*\250EFE\331w\\\017\024if\30134"
 119      2EC8 8827 
 119      0D1A 2AA8 
 119      4546 45D9 
 119      775C 0F14 
 120 0365 BBE8 AC6E 		.ascii	"\273\350\254n\340\322l\034\340/\264\303\\[\253\252\301\253\205"
 120      E0D2 6C1C 
 120      E02F B4C3 
 120      5C5B ABAA 
 120      C1AB 85
 121 0378 2A63 9EEB 		.ascii	"*c\236\353\236\b\251\242\207K\276\334\215,\323\210\271w\201B"
 121      9E08 A9A2 
 121      874B BEDC 
 121      8D2C D388 
 121      B977 8142 
 122 038c 399C 706F 		.ascii	"9\234poh\266\360E\242\324\225\275M\025:\234\303\0058\207\317"
 122      68B6 F045 
 122      A2D4 95BD 
 122      4D15 3A9C 
 122      C305 3887 
 123 03a1 B447 9F52 		.ascii	"\264G\237R\325M\252\256\224[\2405t\022C\233\206\255\262y]\303"
 123      D54D AAAE 
 123      945B A035 
 123      7412 439B 
 123      86AD B279 
 124 03b7 C181 73F3 		.ascii	"\301\201s\363C\306p\361\201(=)yg\261\0224\213\3331\271\016\232"
 124      43C6 70F1 
 124      8128 3D29 
 124      7967 B112 
 124      348B DB31 
 125 03ce C51D C10D 		.ascii	"\305\035\301\rg\025(.U\324\226)r\333C\223\340\304\206=\3339\322"
 125      6715 282E 
 125      55D4 9629 
 125      72DB 4393 
 125      E0C4 863D 
 126 03e5 9F9E 8905 		.ascii	"\237\236\211\005\260\301\025\210\201\313\242\335\256\212v\263"
 126      B0C1 1588 
 126      81CB A2DD 
 126      AE8A 76B3 
 127 03f5 FB09 A378 		.ascii	"\373\t\243x\004i\004!\3254,\b\205t8j\206\027\016\017\202s\rM"
 127      0469 0421 
 127      D534 2C08 
 127      8574 386A 
 127      8617 0E0F 
 128 040d 3B09 4E27 		.ascii	";\tN'17\t\037\215l\257j\265K\b\036\202p{x}\217\335\017\341\272"
 128      3137 091F 
 128      8D6C AF6A 
 128      B54B 081E 
 128      8270 7B78 
 129 0427 0FC2 0D84 		.ascii	"\017\302\r\204\340\033\230\223\321X\334o\254D\207\257\022\223"
 129      E01B 9893 
 129      D158 DC6F 
 129      AC44 87AF 
 129      1293 
 130 0439 03DA CEC4 		.ascii	"\003\332\316\304*\271\326vWp\234\013\005\353D\332\356f\230+\377"
 130      2AB9 D676 
 130      5770 9C0B 
 130      05EB 44DA 
 130      EE66 982B 
 131 044e B7FF CADF 		.ascii	"\267\377\312\337\302\266\023=_\357\215n\025\027\\F7\263\315 "
 131      C2B6 133D 
 131      5FEF 8D6E 
 131      1517 5C46 
 131      37B3 CD20 
 132 0462 A20B 825A 		.ascii	"\242\013\202ZG\237\252\331\311(\243\227 ]\020A]H\320m\"\3506"
 132      479F AAD9 
 132      C928 A397 
 132      205D 1041 
 132      5D48 D06D 
 133 0479 B99C 128E 		.ascii	"\271\234\022\216\220n/!\303\331\"\202\264\230*\215\006\317\227"
 133      906E 2F21 
 133      C3D9 2282 
 133      B498 2A8D 
 133      06CF 97
 134 048c DC8C 9473 		.ascii	"\334\214\224s0\036K\033#\273\007H'\234\313^Q\346\251\"\005\013"
 134      301E 4B1B 
 134      23BB 0748 
 134      279C CB5E 
 134      51E6 A922 
 135 04a2 DBA9 6829 		.ascii	"\333\251h)\264\214\002\3753/\3413\303Y{|\200\274\3321\322\240"
 135      B48C 02FD 
 135      332F E133 
 135      C359 7B7C 
 135      80BC DA31 
 136 04b8 69A0 7E8B 		.ascii	"i\240~\213U\202y\001\372\374`\\\341\301\334\021`\304%\355\314"
 136      5582 7901 
 136      FAFC 605C 
 136      E1C1 DC11 
 136      60C4 25ED 
 137 04cd F778 04CB 		.ascii	"\367x\004\313\377\357\346\364k7\007\207C\303\301\306\272\265"
 137      FFEF E6F4 
 137      6B37 0787 
 137      43C3 C1C6 
 137      BAB5 
 138 04df A155 688D 		.ascii	"\241Uh\2152\222\222\267\022\372\240J\334\305J\fP%\006(\225\351"
 138      3292 92B7 
 138      12FA A04A 
 138      DCC5 4A0C 
 138      5025 0628 
 139 04f5 DEF1 3090 		.ascii	"\336\3610\220M\216>\222\2073\3405Lq\272\f\340\342\3620\032\317"
 139      4D8E 3E92 
 139      8733 E035 
 139      4C71 BA0C 
 139      E0E2 F230 
 140 050b B50C 07E4 		.ascii	"\265\f\007\344\245+n\331a\220-\336K-\356\351\376\271\325\354"
 140      A52B 6ED9 
 140      6190 2DDE 
 140      4B2D EEE9 
 140      FEB9 D5EC 
 141 051f CF78 D097 		.ascii	"\317x\320\227\361=\221q4Y\337\377\355\270\331k\376\\\365\177"
 141      F13D 9171 
 141      3459 DFFF 
 141      EDB8 D96B 
 141      FE5C F57F 
 142 0533 503D F04E 		.ascii	"P=\360N\333\200\301}\360\022\326'\t\023\351i}\350\316s\032C)"
 142      DB80 C17D 
 142      F012 D627 
 142      0913 E969 
 142      7DE8 CE73 
 143 054a 68F7 35A2 		.ascii	"h\3675\242!(\375\007h\373\220\322\177HIM\013W\250\241\200F\244"
 143      2128 FD07 
 143      68FB 90D2 
 143      7F48 494D 
 143      0B57 A8A1 
 144 0561 10D2 244A 		.ascii	"\020\322$JZ\225\034\277_\253\227\3057\301\260\277\370\017\303"
 144      5A95 1CBF 
 144      5FAB 97C5 
 144      37C1 B0BF 
 144      F80F C3
 145 0574 17FF 91A0 		.ascii	"\027\377\221\240\"Jt\242\225\365\307\372\247h`\375\351U8WU\235"
 145      224A 74A2 
 145      95F5 C7FA 
 145      A768 60FD 
 145      E955 3857 
 146 058a 6F3D BBFE 		.ascii	"o=\273\376\217aV ?\026\344\347\211\206\340\231\223\2640Z!#\361"
 146      8F61 5620 
 146      3F16 E4E7 
 146      8986 E099 
 146      93B4 305A 
 147 05a1 BA1B 3A49 		.ascii	"\272\033:IG\220\220Q\"dT \177\356\250\034C\344\"\214\230\225"
 147      4790 9051 
 147      2264 5420 
 147      7FEE A81C 
 147      43E4 228C 
 148 05b7 F40A FE38 		.ascii	"\364\n\3768\240\004\235w\237\nZ\024\255x\003\032\203\002\216"
 148      A004 9D77 
 148      9F0A 5A14 
 148      AD78 031A 
 148      8302 8E
 149 05ca A3A9 AA60 		.ascii	"\243\251\252`@\024%<\226^\324\266\0274G\312F\352\246\312_\031"
 149      4014 253C 
 149      965E D4B6 
 149      1734 47CA 
 149      46EA A6CA 
 150 05e0 AE3F 10C0 		.ascii	"\256?\020\300^\272\242a\310P\274\2632[D\224\036\342\244\223\037"
 150      5EBA A261 
 150      C850 BCB3 
 150      325B 4494 
 150      1EE2 A493 
 151 05f5 AEDD E98A 		.ascii	"\256\335\351\212\224\3552\004\340T|\025A\245p>3\025\252H\034"
 151      94ED 3204 
 151      E054 7C15 
 151      41A5 703E 
 151      3315 AA48 
 152 060a EB03 6767 		.ascii	"\353\003gg\376\267\037\212_\004\301\3434\242\b\247.\203,%\r_"
 152      FEB7 1F8A 
 152      5F04 C1E3 
 152      34A2 08A7 
 152      2E83 2C25 
 153 0620 AF23 45E9 		.ascii	"\257#E\351l\354;\361V\335\r ^T\373A\221?Xrq\203\217p7oE\362\347"
 153      6CEC 3BF1 
 153      56DD 0D20 
 153      5E54 FB41 
 153      913F 5872 
 154 063d 8E15 DF7C 		.ascii	"\216\025\337|\261\314\361\301\322\367\026:\026\245&\257IJ]\345"
 154      B1CC F1C1 
 154      D2F7 163A 
 154      16A5 26AF 
 154      494A 5DE5 
 155 0651 58BA E46D 		.ascii	"X\272\344m\307;+S\223\034\213\222\326$/OZ\262zYJ\342\262\324"
 155      C73B 2B53 
 155      931C 8B92 
 155      D624 2F4F 
 155      5AB2 7A59 
 156 0669 C4C5 495F 		.ascii	"\304\305I_',g\021\357\246$~\26529e\365\373)\211Ik\215\013\023"
 156      272C 6711 
 156      EFA6 247E 
 156      B532 3965 
 156      F5FB 2989 
 157 0682 1353 9356 		.ascii	"\023S\223V\255Z\360\037\236\026~\274x\276#!A~k\036>\243]\302"
 157      AD5A F01F 
 157      9E16 7EBC 
 157      78BE 2321 
 157      417E 6B1E 
 158 069a 97EC 5F45 		.ascii	"\227\354_E/`\241"
 158      2F60 A1
 159               		.text
 160               		.section	.gnu.lto_USB_Device_SetAddress.a5121afef4d8cde,"",@progbits
 161 0000 789C 9555 		.string	"x\234\225UolSU\024\277\347\335\367\247}];\030\r\032m\"\211\341\003~\3303!1\304\020\223\31
 161      6F6C 5355 
 161      14BF E7DD 
 161      F7A7 7D5D 
 161      3B18 0D1A 
 162 00a2 4D6C 07B0 		.string	"Ml\007\260\220\302\rU\323\001G\226\373\035\342G8\244\3533Ie\303G6\376R\357\3373\216\333Wl
 162      90C2 0D55 
 162      D301 4796 
 162      FB1D E247 
 162      38A4 EB33 
 163 00d7 CDAF CF1D 		.string	"\315\257\317\035?\245\256?i\3335vj\276\325{\336\266\217\332j\214\003$\200\343:\330\350\20
 163      3FA5 AE3F 
 163      69DB 3576 
 163      6ABE D57B 
 163      DEB6 8FDA 
 164 0184 9FF8 D031 		.string	"\237\370\320101\347\260>!\005\327\305\270\003\222\020\207&\241\036t\202E\233\335\251\277\
 164      3031 E7B0 
 164      3E21 05D7 
 164      C5B8 0392 
 164      1087 26A1 
 165 01b7 8005 06E7 		.ascii	"\200\005\006\3470u\006j\326Q\b\t\200a\371w\f\356J\2757f\362r"
 165      3075 066A 
 165      D651 0809 
 165      8061 F977 
 165      0CEE 4ABD 
 166 01cf 0135 3D3D 		.ascii	"\0015==\222\240Z4b-f[\037[\254\205\023\272V\326\002\276\222\211"
 166      92A0 5A34 
 166      622D 665B 
 166      1F5B AC85 
 166      13BA 56D6 
 167 01e7 A621 7DFF 		.ascii	"\246!}\377\340\320\331[\235\317\345\253S+\313\177\330T(HT(\312"
 167      E0D0 D95B 
 167      9DCF E5AB 
 167      532B CB7F 
 167      D854 2848 
 168 01fe 6149 F518 		.ascii	"aI\365\030|\215H\272\251p\335\204\332\265T3SD\276\233J\367i\362"
 168      7C8D 48BA 
 168      A970 DD84 
 168      DAB5 5433 
 168      5344 BE9B 
 169 0216 F567 92B4 		.ascii	"\365g\222\264\277\275e-\312\265\257\026\005S\341<\370 E\202A"
 169      BFBD 652D 
 169      CAB5 AF16 
 169      0553 E13C 
 169      F820 4582 
 170 022b 1AE5 91A2 		.ascii	"\032\345\221\242\b\f2_\021\246\224\272Li\322\343F'f\271\326\235"
 170      080C 325F 
 170      11A6 94BA 
 170      4C69 D2E3 
 170      4627 66B9 
 171 0241 BC63 5256 		.ascii	"\274cRV\r\354\020\364`\006\261\264\331-\243<\222P8[7\345\224"
 171      0DEC 10F4 
 171      6006 B1B4 
 171      D92D A33C 
 171      9250 385B 
 172 0258 9E62 B1D4 		.ascii	"\236b\261\324#\303@\372V\241\233h\217\035\034\344\344)\200\256"
 172      23C3 40FA 
 172      56A1 9B68 
 172      8F1D 1CE4 
 172      E429 80AE 
 173 026c 17D1 E102 		.ascii	"\027\321\341\002R{\262!\262U\024\200$\221\252-\fO\376\266i\245"
 173      527B B221 
 173      B255 1480 
 173      2491 AA2D 
 173      0C4F FEB6 
 174 0282 6A51 53C9 		.ascii	"jQS\311)\246,S\254\017\227\366\223b\375\204\301\211\237\372>"
 174      29A6 2C53 
 174      AC0F 97F6 
 174      9362 FD84 
 174      C189 9FFA 
 175 0297 6C1C F348 		.ascii	"l\034\363H\211n\221D\337g/\236)~\200b \217\342\202\324\b\345"
 175      896E 9144 
 175      DF67 2F9E 
 175      297E 8062 
 175      208F E282 
 176 02ae 103B CA0C 		.ascii	"\020;\312\f\246Lr\354\307_3\"\211\n\177\001\f\nE\220\031PP\241"
 176      A64C 72EC 
 176      C75F 3322 
 176      890A 7F01 
 176      0C0A 4590 
 177 02c6 9CDF 0866 		.ascii	"\234\337\bf&\233\201\360d\303;\202\331\212\243\356\212R\273\300"
 177      269B 81F0 
 177      64C3 3B82 
 177      D98A A3EE 
 177      8A52 BBC0 
 178 02da B710 C2C6 		.ascii	"\267\020\302\306)\302\023\023\301w\274?D\307\b\366\331\351\315"
 178      29C2 1313 
 178      C177 BC3F 
 178      44C7 08F6 
 178      D9E9 CD
 179 02ed 2BD9 9F30 		.ascii	"+\331\2370\037\317\261W\227\261\277\210\354/\021\373K\204}u!"
 179      1FCF B157 
 179      97B1 BF88 
 179      EC2F 11FB 
 179      4B84 7D75 
 180 0302 6497 17D9 		.ascii	"d\227\027\331\352\254\205\227\310\340D\357@\235\203XbC\300\020"
 180      EAAC 8597 
 180      C8E0 44EF 
 180      409D 8358 
 180      6243 C010 
 181 0316 86FD 02B5 		.ascii	"\206\375\002\2657{zA6M\tF\234\236I\376\355\226\021\f\256\200"
 181      377B 7A41 
 181      364D 0946 
 181      9C9E 49FE 
 181      ED96 110C 
 182 032c 3CE3 07B8 		.ascii	"<\343\007\270\301\360~\204\b\242\021\255\236\001\345!\273dxy"
 182      C1F0 7E84 
 182      08A2 11AD 
 182      9E01 E521 
 182      BB64 7879 
 183 0340 979C FB4F 		.ascii	"\227\234\373O\275\317`\227\f\347\273D[\306z\004Y\217\022\353"
 183      BDCF 6097 
 183      0CE7 BB44 
 183      5BC6 7A04 
 183      598F 12EB 
 184 0354 5182 B9A6 		.ascii	"Q\202\271\246\300A\033\313\221\316\326\211M\344\002\257\\\323"
 184      C041 1BCB 
 184      91CE D689 
 184      4DE4 02AF 
 184      5CD3 
 185 0366 9119 EC37 		.ascii	"\221\031\3547%5\033\340\352\203\022\217\026<\273\327D\205\275"
 185      2535 1BE0 
 185      EA83 128F 
 185      163C BBD7 
 185      4485 BD
 186 0379 F2EC 36CB 		.ascii	"\362\3546\313\263K@I\273\361\236\037\332^\312\3358K{\027P\274"
 186      B34B 4049 
 186      BBF1 9E1F 
 186      DA5E CADD 
 186      384B 7B17 
 187 038f EFF2 E269 		.ascii	"\357\362\342i\354c=L\027\245\276xQ\246\243\316\334\245\263\344"
 187      EC63 3D4C 
 187      17A5 BE78 
 187      51A6 A3CE 
 187      DCA5 B3E4 
 188 03a3 A098 71D4 		.ascii	"\240\230q\324\234x\317\376y\365S7A\261\005\224\353x+J(7\004\024"
 188      9C78 CFFE 
 188      79F5 5337 
 188      41B1 0594 
 188      EB78 2B4A 
 189 03bb CE66 A126 		.ascii	"\316f\241&\376\307\021Q5\332\341.\320_N$\326\334n\310\023\314"
 189      FEC7 1151 
 189      35DA E12E 
 189      D05F 4E24 
 189      D6DC 6EC8 
 190 03d1 E126 F8D4 		.ascii	"\341&\370\324{\247\206\351\016\354j=\324fJ\277\002\343\340\323"
 190      7BA7 86E9 
 190      0EEC 6A3D 
 190      D466 4ABF 
 190      02E3 E0D3 
 191 03e5 1484 0488 		.ascii	"\024\204\004\210Dal\343\256\312\327\254]o\277^a\275\270\343\205"
 191      4461 6CE3 
 191      AECA D7AC 
 191      5D6F BF5E 
 191      61BD B8E3 
 192 03fa 32AB 3C58 		.ascii	"2\253<X\2717\020\254\266vl\177\336\332\262;\030\260\312\003{"
 192      B937 10AC 
 192      B676 6C7F 
 192      DEDA B23B 
 192      18B0 CA03 
 193 040f 2B77 06B6 		.ascii	"+w\006\266\357\251\250\362W\004\375\333\002o\225\356dn\351,\363"
 193      EFA9 A8F2 
 193      5704 FDDB 
 193      026F 95EE 
 193      646E E92C 
 194 0424 FB83 81EA 		.ascii	"\373\203\201\352j#7>\373?\231\312^\336\266\311*-\225\243\314"
 194      6A23 373E 
 194      FB3F 99CA 
 194      5EDE B6C9 
 194      2A2D 95A3 
 195 0439 F00A CD4B 		.ascii	"\360\n\315K\337`\233\037f\351\326*\377\233\273+\253\366,.\376"
 195      DF60 9B1F 
 195      66E9 D62A 
 195      FF9B BB2B 
 195      ABF6 2C2E 
 196 044e 1766 A367 		.ascii	"\027f\243gm"
 196      6D
 197               		.text
 198               		.section	.gnu.lto_USB_Device_GetConfiguration.a5121afef4d8cde,"",@progbits
 199 0000 789C 8552 		.string	"x\234\205RKh\023Q\024}w\336d\022\020G\334j\0047]t\223\021\272\021qSMu\343\252\245n%6\021\
 199      4B68 1351 
 199      147D 77DE 
 199      6412 1047 
 199      DC6A 0437 
 200 00f9 7296 4464 		.string	"r\226Dd\366F4\247\232\307Y\300\363\314\257\211\333\233\222p\245\273\007\022\224\302\003\2
 200      F646 34A7 
 200      9AC7 59C0 
 200      F3CC AF89 
 200      DB9B 9270 
 201 0137 0FAA 85F9 		.string	"\017\252\205\371\0201\021\004\243C\261\345\320\217\315\274\2038\205J\226\262`\231J\025\33
 201      1031 1104 
 201      A343 B1E5 
 201      D08F CDBC 
 201      8338 854A 
 202 022a 1FBC 4448 		.ascii	"\037\274DHC\273\367\260\326~\342\210K;\320\272\257Qs\372\275"
 202      43BB F7B0 
 202      D67E E288 
 202      4B3B D0BA 
 202      AF51 73FA 
 203 023f 5D1E 7FA7 		.ascii	"]\036\177\247\326\332\262G\333\333\341\367hNO\227\267\315\323"
 203      D6DA B247 
 203      DBDB E1F7 
 203      684E 4F97 
 203      B7CD D3
 204 0252 1270 F9DC 		.ascii	"\022p\371\334.\277\273\331s\334\321Fv\377'\247\361`\363N\315"
 204      2EBF BBD9 
 204      73DC D146 
 204      76FF 27A7 
 204      F160 F34E 
 205 0267 E130 D726 		.ascii	"\3410\327&\237\373X\207\327\0278\304O\216\243Dv\272\002\256\277"
 205      9FFB 5887 
 205      D717 38C4 
 205      4F8E A344 
 205      76BA 02AE 
 206 027c 21B6 4942 		.ascii	"!\266IB"
 207               		.text
 208               		.section	.gnu.lto_USB_Device_GetInternalSerialDescriptor.a5121afef4d8cde,"",@progbits
 209 0000 789C 9D93 		.string	"x\234\235\223ML\023Q\020\307\337\354+\355R)5z\224\030/D\340\320=\230\230F\275\240\250\027
 209      4D4C 1351 
 209      10C7 DFEC 
 209      2BED 5229 
 209      357A 9418 
 210 0075 E843 1681 		.ascii	"\350C\026\201\271\004pA%\257\346\020,\231\f\b\361M2>\312\325"
 210      B904 7041 
 210      25AF E610 
 210      2C99 0C08 
 210      F14D 323E 
 211 008b 85E8 7A79 		.ascii	"\205\350zyH\346^\316\230\007_z\240\r\342\031\3065\rWW\230+\320"
 211      48E6 5ECE 
 211      9807 5F7A 
 211      A00D E219 
 211      C635 0D57 
 212 00a3 0590 8066 		.ascii	"\005\220\200fguK\255\211L\001\206\004\264\227\345[A\221\037\004"
 212      6775 4BAD 
 212      894C 0186 
 212      04B4 97E5 
 212      5B41 911F 
 213 00b8 0A9D B93B 		.ascii	"\n\235\271;< \306\336\224\025\224\fu\210\371\262\222\277\317"
 213      3C20 C6DE 
 213      9415 940C 
 213      7588 F9B2 
 213      92BF CF
 214 00cb CB39 F881 		.ascii	"\3139\370\201\243*<\201\030x\f1\252:F\217}\250\2574\305\335Q"
 214      A32A 3C81 
 214      1878 0C31 
 214      AA3A 468F 
 214      7DA8 AF34 
 215 00e2 1B98 6DD7 		.ascii	"\033\230m\327\311\262\210\261\353\345\325\220O\017WkLz\035<\203"
 215      C9B2 88B1 
 215      EBE5 D590 
 215      4F0F 576B 
 215      4C7A 1D3C 
 216 00f7 3878 0AB1 		.ascii	"8x\n\261\232\023\002\240g\2003\375j\031\211P\344\325\237%\262"
 216      9A13 02A0 
 216      6780 33FD 
 216      6A19 8950 
 216      E4D5 9F25 
 217 010c 3279 B8F1 		.ascii	"2y\270\361\353^\223\201y\271N\244!"
 217      EB5E 9381 
 217      79B9 4EA4 
 217      21
 218 0119 9206 230D 		.string	"\222\006#\r\214\225b\036\022\220\025V\306\005\372*T\330g(\3706\325\327\263\213\344\260T\2
 218      8C95 621E 
 218      1290 1556 
 218      C605 FA2A 
 218      54D8 6728 
 219 021a BD2A F1E0 		.ascii	"\275*\361\340h9P\320v\232oQ\023E\220_Q\270\342\375\311\277\360"
 219      6839 50D0 
 219      769A 6F51 
 219      1345 905F 
 219      51B8 E2FD 
 220 0231 3379 880E 		.ascii	"3y\210\016\274\323\370\315\365\326\366\3605B\315\202\227G\023"
 220      BCD3 F8CD 
 220      F5D6 F6F0 
 220      3542 CD82 
 220      9747 13
 221 0244 3F8D 501F 		.ascii	"?\215P\037\2706_\0203\356L?\304x\371\316\337\320\026\177\034"
 221      B836 5F10 
 221      33EE 4C3F 
 221      C478 F9CE 
 221      DFD0 167F 
 222 0259 DA0A CDBF 		.ascii	"\332\n\315\277\016M\367\007\264\001\204\026\"\321\020\255\321"
 222      0E4D F707 
 222      B401 8416 
 222      22D1 10AD 
 222      D1
 223 026a B0DD 0A06 		.ascii	"\260\335\n\0067Q\301\nZ\206\250%u\2656\016\0325*K\f\2066\250"
 223      3751 C10A 
 223      5A86 A825 
 223      75B5 360E 
 223      1A35 2A4B 
 224 0282 84B6 A732 		.ascii	"\204\266\2472\254R\021)z\034\250?Z%&\324\205\225+\021V\277\\"
 224      AC52 1129 
 224      7A1C A83F 
 224      5A25 26D4 
 224      8595 2B11 
 225 0299 0A74 3961 		.ascii	"\nt9a\004\254l\026\n\302\025\343\373U\004\364\224\342i\303+\205"
 225      04AC 6C16 
 225      0AC2 15E3 
 225      FB55 04F4 
 225      94E2 69C3 
 226 02af 67F5 40A6 		.ascii	"g\365@\246\375\234\224\231{>M:\225z\"QJr\330\363l\216\034)5\345"
 226      FD9C 9499 
 226      7B3E 4D3A 
 226      957A 2251 
 226      4A72 D8F3 
 227 02c9 A874 2CDB 		.ascii	"\250t,\333a\223\222ly\366t[\2123-+#\315\221\221l\273lIg\273S"
 227      6193 926C 
 227      79F6 745B 
 227      8A33 2D2B 
 227      23CD 9191 
 228 02e4 EC17 B2D2 		.ascii	"\354\027\262\322\234\271\016[\222-'\335a\277\344\314v\034\371"
 228      9CB9 0E5B 
 228      922D 27DD 
 228      61BF E4CC 
 228      761C F9
 229 02f7 874E E2E9 		.ascii	"\207N\342\351d\253d\261h\363\361\254\214K\331\366,\347Y\262,"
 229      64AB 64B1 
 229      68F3 F1AC 
 229      8C4B D9F6 
 229      2CE7 59B2 
 230 030c 17D9 2FFD 		.ascii	"\027\331/\375[\240m"
 230      5BA0 6D
 231               		.text
 232               		.section	.gnu.lto_USB_Device_GetDescriptor.a5121afef4d8cde,"",@progbits
 233 0000 789C 8D54 		.string	"x\234\215TKlLQ\030\376\377{\356\334\031\245w\212\204\220.\272\351B\"\275\213&4\"MPV\026\2
 233      4B6C 4C51 
 233      18FE FF7B 
 233      EEDC 19A5 
 233      778A 8490 
 234 0064 4876 00   		.string	"Hv"
 235 0067 ECA3 EF1A 		.string	"\354\243\357\032z\321\005\250\225?\004\310si\032\013\317\006\036\243\207\223\201Oah\250c]
 235      7AD1 05A8 
 235      953F 04C8 
 235      7369 1A0B 
 235      CF06 1EA3 
 236 00b8 02F4 8A07 		.ascii	"\002\364\212\007\253p\016\220_\343\320w\333\275\223\256\0205"
 236      AB70 0E90 
 236      5FE3 D077 
 236      DBBD 93AE 
 236      1035 
 237 00ca 32DB BEB4 		.ascii	"2\333\276\264\034\231,L\r\343\310|\373\365\324\036\223\315C\341"
 237      1C99 2C4C 
 237      0DE3 C87C 
 237      FBF5 D41E 
 237      93CD 43E1 
 238 00de 59F2 EA75 		.ascii	"Y\362\352uOL\342I\316\363\271\375\264.\376\021\347\007\271\036"
 238      4F4C E249 
 238      CEF3 B9FD 
 238      B42E FE11 
 238      E707 B91E 
 239 00f2 640C 6B   		.ascii	"d\fk"
 240 00f5 9051 56BC 		.string	"\220QV\274\214\361X\215\3612;\271\1778{\263\323\305\226\312\320\312;=\3475\n\265)\2649\26
 240      8CF1 588D 
 240      F132 3BB9 
 240      7F38 7BB3 
 240      D3C5 96CA 
 241 01f6 0A02 0D44 		.ascii	"\n\002\rD\240\033w\204f\250\324\256\361\251'\007HR\300;\204\210"
 241      A01B 7784 
 241      66A8 D4AE 
 241      F1A9 2707 
 241      4852 C03B 
 242 020c B8A9 CA55 		.ascii	"\270\251\312Uy\r-\214\256\351\tuR\251)\262\207\262\241\215\350"
 242      790D 2D8C 
 242      AEE9 0975 
 242      52A9 29B2 
 242      87B2 A18D 
 243 0221 0FB2 58E8 		.ascii	"\017\262X\350\302|\225O4\215rJ\205\226D\013\214\366\202 \340"
 243      C27C 954F 
 243      348D 724A 
 243      8596 440B 
 243      8CF6 8220 
 244 0236 DD51 7D1C 		.ascii	"\335Q}\034p\314-\271\326\017\224\r]~\3659etz\n\325\334_\235\246"
 244      70CC 2DB9 
 244      D60F 940D 
 244      5D7E F539 
 244      6574 7A0A 
 245 024f C9C9 0990 		.ascii	"\311\311\t\220\224\321\311\002l\242JaQ?,*\270\307V0e\267\033"
 245      94D1 C902 
 245      6CA2 4A61 
 245      513F 2C2A 
 245      B8C7 5630 
 246 0266 4F95 B79B 		.ascii	"O\225\267\233\312|+:\364\342G\313%7\t\225WH\370\335\330L\023"
 246      CA7C 2B3A 
 246      F4E2 47CB 
 246      2537 0995 
 246      5748 F8DD 
 247 027d 7B4F C0C0 		.ascii	"{O\300\300\373$\f\001(\030\330!\001\250\204q*\347\341\227\037"
 247      FB24 0C01 
 247      2818 D821 
 247      01A8 8471 
 247      2AE7 E197 
 248 0292 BB64 1237 		.ascii	"\273d\0227~Gl!\177B\332^\206\302i\242\234\017('%\021=\f\364v"
 248      7E47 6C21 
 248      7F42 DA5E 
 248      86C2 69A2 
 248      9C0F 2827 
 249 02ac 9E99 A674 		.ascii	"\236\231\246t`B5R\276(\341\017\203\020\027\240\306\003>\224\262"
 249      6042 3552 
 249      BE28 E10F 
 249      8310 17A0 
 249      C603 3E94 
 250 02c1 3312 2DC8 		.ascii	"3\022-\310\246\216\350\362\243o\301\357\272\364\215\352\342\030"
 250      A68E E8F2 
 250      A36F C1EF 
 250      BAF4 8DEA 
 250      E218 
 251 02d3 A74B 2BE9 		.ascii	"\247K+\351\022\021\272DD\305\330\211@>\032C\234*\250\bS\0055"
 251      1211 BA44 
 251      44C5 D889 
 251      403E 1A43 
 251      9C2A A808 
 252 02ea 541E 6F8D 		.ascii	"T\036o\215Q\304\373\001\333\242\304#\023\023\177,\211\233\302"
 252      51C4 FB01 
 252      DBA2 C423 
 252      1313 7F2C 
 252      899B C2
 253 02fd BB03 E538 		.ascii	"\273\003\3458\020e\n\330\315#\025\223Rjx\t\371\023\312vL\221"
 253      1065 0AD8 
 253      CD23 1593 
 253      526A 7809 
 253      F913 CA76 
 254 0313 ED37 A027 		.ascii	"\3557\240'U\265\277\243\367\304\320\254\277\007<\031\016p\016"
 254      55B5 BFA3 
 254      F7C4 D0AC 
 254      BF07 3C19 
 254      0E70 0E
 255 0326 FFD8 3FA1 		.ascii	"\377\330?\241\246\376\004Kh\236\350\210\254\344\215\336u\326"
 255      A6FE 044B 
 255      689E E888 
 255      ACE4 8DDE 
 255      75D6 
 256 0338 C6AD EB33 		.ascii	"\306\255\3533\254\345\253\226-\262\322|\336m\036\337\026kU\372"
 256      ACE5 AB96 
 256      2DB2 D27C 
 256      DE6D 1EDF 
 256      166B 55FA 
 257 034c 626B 498E 		.ascii	"bkI\216\317c\245y\266y3=\351\271\031\331Y\031\276\254\225\236"
 257      CF63 A579 
 257      B679 333D 
 257      E9B9 19D9 
 257      5919 BEAC 
 258 0362 CD49 9960 		.ascii	"\315I\231`\246y\266d\372\274\233rs|\351\336\355\236\251QsE\216"
 258      A679 B664 
 258      FABC 9B72 
 258      737C E9DE 
 258      ED9E A951 
 259 0379 373B D7E3 		.ascii	"7;\327\343[\370\217\244\213V\257L\261\222\222\324wiv\326&\021"
 259      5BF8 8FA4 
 259      8B56 AF4C 
 259      B192 92D4 
 259      7769 76D6 
 260 038f B656 5849 		.ascii	"\266VXI\033\340\027\t^\3522"
 260      1BE0 1709 
 260      5EEA 32
 261               		.text
 262               		.section	.gnu.lto_USB_Device_SetConfiguration.a5121afef4d8cde,"",@progbits
 263 0000 789C 9554 		.string	"x\234\225T[HTQ\024=\373\236\373\034\315\307\030}\315G\177!\204\027\352'$\210\312\372\352K
 263      5B48 5451 
 263      143D FB9E 
 263      FB1C CDC7 
 263      187D CD47 
 264 009f C8B0 7460 		.string	"\310\260t`\345\022\227\025UCW9\034\340u\034\"\2767!)\375\214\205O\370h\233\343\2045`\361"
 264      E512 9715 
 264      5543 5739 
 264      1CE0 751C 
 264      22BE 3721 
 265 00c1 67CC 8F2F 		.string	"g\314\217/=p\031\322\031\356{qq\272~\221*\013?\\\001\225\001\032\027\006\225\2605\375\313
 265      3D70 19D2 
 265      19EE 7B71 
 265      71BA 7E91 
 265      2A0B 3F5C 
 266 0150 D7E0 1A04 		.string	"\327\340\032\004\241\336\256\017\256\203I`\343>\217\200\222\020\215\275\206\312\221\316\3
 266      A1DE AE0F 
 266      AE83 4960 
 266      E33E 8F80 
 266      9210 8DBD 
 267 0174 4214 149F 		.string	"B\024\024\237j\316\231?\315\31652U\363\351\340t7\217\321T)\350\254K\222l\252\374\034\342)
 267      6ACE 993F 
 267      CDCE 3532 
 267      55F3 E9E0 
 267      7437 8FD1 
 268 01d6 3A70 3F66 		.string	":p?f:T\003\264i\276\230a\214\211A\354\036LV\274\034\323\004\021|!\254\337\234\207\365\310
 268      3A54 03B4 
 268      69BE 9861 
 268      8C89 41EC 
 268      1E4C 56BC 
 269 021f DE60 6B40 		.string	"\336`k@\262\305\372g\204\004?*\215A\017\224\243\004\023\t\330\377\356X\017\210\\\224\205\
 269      B2C5 FA67 
 269      8404 3F2A 
 269      8D41 0F94 
 269      A304 1309 
 270 0283 D55C 8985 		.ascii	"\325\\\211\205\237\252\351h\037i\313\234+\310\346$3*H\376\207"
 270      9FAA E968 
 270      1F69 CB9C 
 270      2BC8 E624 
 270      332A 48FE 
 271 0298 20FB 5090 		.ascii	" \373P\220\375$\310~* \025\227\016\205#]\212P\340K\302\353>\327"
 271      FD24 C87E 
 271      2A20 1597 
 271      0E85 235D 
 271      8A50 E04B 
 272 02b0 B864 562C 		.ascii	"\270dV,\0031\261<\020\002\254\030\327X#w\342Y\242\242\257\363"
 272      0331 B13C 
 272      1002 AC18 
 272      D758 2377 
 272      E259 A2A2 
 273 02c6 9524 B870 		.ascii	"\225$\270p\306s!#\027\203Q.\252\270\312\016\253^\272\363Z,k\277"
 273      C673 2123 
 273      1783 512E 
 273      AAB8 CA0E 
 273      AB5E BAF3 
 274 02de B170 461E 		.ascii	"\261pF\036\306\030\031\262\333\2552\366\025\253@*\024\272\262"
 274      C618 19B2 
 274      DBAD 32F6 
 274      15AB 402A 
 274      14BA B2
 275 02f1 577D BD17 		.ascii	"W}\275\027\035\202\037\200ap\251\022\"\351\342\302\222.&\376"
 275      1D82 1F80 
 275      6170 A912 
 275      22E9 E2C2 
 275      922E 26FE 
 276 0305 A60B FC21 		.ascii	"\246\013\374!\301\243\250.\210S#\372G\032\305\337Z4s \027\316"
 276      C1A3 A82E 
 276      8853 23FA 
 276      471A C5DF 
 276      5A34 7320 
 277 031b 5616 7AB6 		.ascii	"V\026z\266\232\205\273\267\345\231\233r7\2565\263J=e\356\322"
 277      9A85 BBB7 
 277      E599 9B72 
 277      37AE 35B3 
 277      4A3D 65EE 
 278 0330 9D66 6ECE 		.ascii	"\235fn\316:s}q\251\333\314r\227y\362\3359\273\362\212\n\362J"
 278      3A73 7D71 
 278      A9DB CC72 
 278      9779 F2DD 
 278      39BB F28A 
 279 0347 0BB2 DD3B 		.ascii	"\013\262\335;2\362\331\352\177\234Y\2739{\225\231\221!\276\033"
 279      32F2 D9EA 
 279      7F9C 59BB 
 279      397B 9599 
 279      9121 BE1B 
 280 035b 8A0A 4A8A 		.ascii	"\212\nJ\212=E\273\266\320,c;\313\374\237\303\002}\346\350o\343"
 280      3D45 BBB6 
 280      D02C 633B 
 280      CBFC 9FC3 
 280      027D E6E8 
 281 0371 D5EF 0B   		.ascii	"\325\357\013"
 282               		.text
 283               		.section	.gnu.lto_USB_Device_ProcessControlRequest.a5121afef4d8cde,"",@progbits
 284 0000 789C 8D56 		.string	"x\234\215Vkl\024U\024\276g\356\354\354\354\273\257m\2416\221\304\250\321\030\326\0045\374
 284      6B6C 1455 
 284      14BE 67EE 
 284      ECEC ECBB 
 284      AF6D A136 
 285 003e 225A 8A2D 		.string	"\"Z\212-\210KKy\227\362(\017\005\004-\224B_\264T\372\330\266x\316\2753\273\003\264h\323\3
 285      884B 4B79 
 285      97F2 280F 
 285      0504 2D94 
 285      425F B454 
 286 0108 9AB3 2147 		.string	"\232\263!G\232s"
 286      9A73 00
 287 010f E8C1 D081 		.string	"\350\301\320\201\025*\\uhN\335\345\366x}\376@ZzFfV0;\007\n\025\225A\034@O-x\276\254\214\2
 287      152A 5C75 
 287      684E DDE5 
 287      F678 7DFE 
 287      405A 7A46 
 288 01ff 1EB8 86BD 		.string	"\036\270\206\275\314)I\322E\257\266\034w\304\215\321[\013\361\214\262\257}~?\260(w(\264`8
 288      CC29 49D2 
 288      45AF B61C 
 288      77C4 8DD1 
 288      5B0B F18C 
 289 029b 3A6B 926E 		.ascii	":k\222n\247R\201A\203h\202\305\2343\274\304\250\354\032\224D"
 289      A752 8141 
 289      8368 82C5 
 289      9C33 BCC4 
 289      A8EC 1A94 
 290 02b0 4BCF 77BB 		.ascii	"K\317w\273\t\037\341\351\021l\031<T\f2ID@\261hET\335\360\222"
 290      091F E1E9 
 290      116C 193C 
 290      540C 3249 
 290      4440 B168 
 291 02c9 A69A EB4B 		.ascii	"\246\232\353KK\234T\250\b\317\262\307\325E\n\267\372\206\n\344"
 291      4B9C 54A8 
 291      08CF B2C7 
 291      D545 0AB7 
 291      FA86 0AE4 
 292 02dd AE07 70BB 		.ascii	"\256\007p\273\276ac\247\202\352\213\346\243~\027\354\303\006"
 292      BE61 63A7 
 292      82EA 8BE6 
 292      A37E 17EC 
 292      C306 
 293 02ef DC4B DCB0 		.ascii	"\334K\334\260\237\264^\203\342\346%[\372\022\n\261\330c\311\366"
 293      9FB4 5E83 
 293      E2E6 255B 
 293      FA12 0AB1 
 293      D863 C9F6 
 294 0303 D859 D7B8 		.ascii	"\330Y\327\270W#gl\235X\006*']\007\204\373AtG~\022^^\332\270e"
 294      5723 676C 
 294      9D58 062A 
 294      275D 0784 
 294      FB41 7447 
 295 031e 9E14 9E19 		.ascii	"\236\024\236\031\341*\372m[xx\253[\246\np\bl\211\324R\"\231\""
 295      E12A FA6D 
 295      5B78 78AB 
 295      5BA6 0A70 
 295      086C 89D4 
 296 0336 7595 E1CD 		.ascii	"u\225\341\315\025EQ\230\264\253\362Y$\313\331e\230\337T\237%"
 296      1545 5198 
 296      B4AB F259 
 296      24CB D965 
 296      98DF 549F 
 297 034b E352 D003 		.ascii	"\343R\320\003\007+6xeP'\034\226\227\350&p[\325\250\020\355\355"
 297      072B 3678 
 297      6550 271C 
 297      9697 E826 
 297      705B D5A8 
 298 0362 AA55 3B68 		.ascii	"\252U;h\304\273\337K\307\311k/\004o\202J\247\256D.\004P\001\377"
 298      C4BB DF4B 
 298      C7C9 6B2F 
 298      046F 824A 
 298      A7AE 442E 
 299 037a 691E 4A70 		.ascii	"i\036Jp\310\266\350\200\222\330\2722E\364\353\355M\340.\307\326"
 299      C8B6 E880 
 299      92D8 BA32 
 299      45F4 EBED 
 299      4DE0 2EC7 
 300 038f 6170 040B 		.ascii	"ap\004\013\032\345\036\353\374\007:\237\276\343ZU\254\3224\321"
 300      1AE5 1EEB 
 300      FC07 3A9F 
 300      BEE3 5A55 
 300      ACD2 34D1 
 301 03a3 EFE5 28DC 		.ascii	"\357\345(\334~\257\2320\347\243t\257\216R\032A\232%\225+\232"
 301      7EAF 9A30 
 301      E7A3 74AF 
 301      8E52 1A41 
 301      9A25 952B 
 302 03b8 FDB2 406D 		.ascii	"\375\262@mT\240\363\003\207\177\n\244\nt,Y\240\343\262@%\303"
 302      54A0 F303 
 302      877F 0AA4 
 302      0A74 2C59 
 302      A0E3 B240 
 303 03ce 1A8B F06C 		.ascii	"\032\213\360l\351\034\331\321w\320A\316\016\234d'\020\206\207"
 303      E91C D9D1 
 303      77D0 41CE 
 303      0E9C 6427 
 303      1086 87
 304 03e1 74B6 FE31 		.ascii	"t\266\3761bF\f\002\266t\324\f\372$\200A\2639i\026s\215mRE\227"
 304      6246 0C02 
 304      B674 D40C 
 304      FA24 8041 
 304      B339 6916 
 305 03fb 15D7 5E2D 		.ascii	"\025\327^-k\321\350NF\270\373\3774\374I[\303W\357;\227\320C\233"
 305      6BD1 E84E 
 305      46B8 FBFF 
 305      34FC 495B 
 305      C357 EF3B 
 306 0413 29E3 D84D 		.ascii	")\343\330M\205\nq\n5\256\026\303\022NCH4\375lq\341\177\243\032"
 306      850A 710A 
 306      35AE 16C3 
 306      124E 4348 
 306      34FD 6C71 
 307 042b BA25 E1F2 		.ascii	"\272%\341\362u\001I\b\377\207\360\314\330\204b\344\375.\350\200"
 307      7501 4908 
 307      FF87 F0CC 
 307      D884 62E4 
 307      FD2E E880 
 308 043f E8FE 40BA 		.ascii	"\350\376@\272\253\260\326\270\004\251\330\233O|\323\005+aE\021"
 308      ABB0 D6B8 
 308      04A9 D89B 
 308      4F7C D305 
 308      2B61 4511 
 309 0453 1625 B6FE 		.ascii	"\026%\266\376\013\225F9\253\220\370\263\370\002!'Wn\335\345\263"
 309      0B95 4639 
 309      AB90 F8B3 
 309      F802 2127 
 309      576E DDE5 
 310 0468 207F 7911 		.ascii	" \177y\021!N\251\202\312\314\340\234\004U\355\331W\252\313C\244"
 310      214E A982 
 310      CACC E09C 
 310      0455 EDD9 
 310      57AA CB43 
 311 047d EDDE 92E1 		.ascii	"\355\336\222\341c\036\313\347[\037\371\234\027>\242\311\376\224"
 311      631E CBE7 
 311      5B1F F99C 
 311      173E A2C9 
 311      FE94 
 312 048f 3E75 BD3F 		.ascii	">u\275?\256\367J\037j\311\352D\343\016\277\345S)|.\244|.J\237"
 312      AEF7 4A1F 
 312      6AC9 EA44 
 312      E30E BFE5 
 312      5329 7C2E 
 313 04a8 03DF D50E 		.ascii	"\003\337\325\016\233>\016\334~\333\260p\253\323\362\271,|\376"
 313      9B3E 0EDC 
 313      7EDB B070 
 313      ABD3 F2B9 
 313      2C7C FE
 314 04bb 123E 2AF9 		.ascii	"\022>*\371\374-}.%6\327\372\245\017]\330\301\037\253\272\222"
 314      FC2D 7D2E 
 314      2536 D7FA 
 314      A50F 5DD8 
 314      C11F ABBA 
 315 04d0 3E83 C2A7 		.ascii	">\203\302\247E\3708\310\347\222\364)\036X[\222L\240\306O\240"
 315      45F8 38C8 
 315      E792 F429 
 315      1E58 5B92 
 315      4CA0 C64F 
 316 04e5 1302 A411 		.ascii	"\023\002\244\021\350\262\004m\254\256\254\005\031\330\205\333"
 316      E8B2 046D 
 316      ACAE AC05 
 316      19D8 85DB 
 317 04f5 BEC6 DE1E 		.ascii	"\276\306\336\036\267\345\323)|Z\205\217\223|\256\240\217h,"
 317      B7E5 D329 
 317      7C5A 858F 
 317      937C AEA0 
 317      8F68 2C
 318 0508 276B A23B 		.string	"'k\242;\334\006Ex\232T\t:Il\312?\352\217\254}<\325f7*\243\025\272\274\273\006`\337[}\251\
 318      DC06 4578 
 318      9A54 093A 
 318      496C CA3F 
 318      EA8F AC7D 
 319 0609 627A 8C3F 		.ascii	"bz\214?\365\3179\307\236\372=8\001{i\352\367\222\232\234{M\371"
 319      F5CF 39C7 
 319      9EFA 3D38 
 319      017B 69EA 
 319      F792 9A9C 
 320 0620 1BF6 293F 		.ascii	"\033\366)?\001\301w\215\365\t\2669\236\315\316\3109.\024]\354"
 320      01C1 778D 
 320      F509 B639 
 320      9ECD CEC8 
 320      392E 145D 
 321 0635 9E7A A7A2 		.ascii	"\236z\247\242\353Nn*r\337\246\250\017\025\375C\212\376\241\220"
 321      EB4E 6E2A 
 321      72DF A6A8 
 321      0F15 FD43 
 321      8AFE A190 
 322 0649 F7DD 4BD1 		.ascii	"\367\335K\321MKQ\251`\220\036y\322\351\313\013\235\255b\372\270"
 322      4D4B 51A9 
 322      6090 1E79 
 322      D2E9 CB0B 
 322      9DAD 62FA 
 323 065e A01F F03F 		.ascii	"\240\037\360?\217\2444/\001\002\335+\346\200\370\265\220'\205"
 323      8FA4 342F 
 323      0102 DD2B 
 323      E680 F8B5 
 323      9027 85
 324 0671 6F4B C09D 		.ascii	"oK\300\235\262{\223\262=\267\311\036D\331C${\210DL\304W\303\225"
 324      B27B 93B2 
 324      3DB7 C91E 
 324      44D9 4324 
 324      7B88 444C 
 325 0689 F567 02F2 		.ascii	"\365g\002\362\353\263\235\302\\\031(\273j\243L$)\207\3154\006"
 325      EBB3 9DC2 
 325      5C19 28BB 
 325      6AA3 4C24 
 325      2987 CD34 
 326 069e 308D 3323 		.ascii	"0\2153#Se\204\\\031\244\2471\322b\016\321I0\222\312bHd1n\310"
 326      5365 845C 
 326      19A4 A731 
 326      D262 0ED1 
 326      4930 92CA 
 327 06b8 5191 45AE 		.ascii	"Q\221E\256\250D\216\354\221.(\276\2704\361\200\374\251\313\350"
 327      A844 8EEC 
 327      912E 28BE 
 327      B834 F180 
 327      FCA9 CBE8 
 328 06cc 3727 E00B 		.ascii	"7'\340\013\3742\231\362\341\254wC\037~\372\376\214\320+o\274"
 328      FC32 99F2 
 328      E1AC 7743 
 328      1F7E FAFE 
 328      8CD0 2B6F 
 329 06e1 F47C 687A 		.ascii	"\364|hz\376\254y\341\374OBo\2746-\364\302\234\374phzx\336\254"
 329      FEAC 79E1 
 329      FC4F 426F 
 329      BC36 2DF4 
 329      C29C FC70 
 330 06fa F7C2 AF15 		.ascii	"\367\302\257\025\314\230=sF\376\314W\303\037O~\217\371\360\343"
 330      CC98 3D73 
 330      46FE CC57 
 330      C31F 4F7E 
 330      8FF9 F0E3 
 331 070e D3F0 2705 		.ascii	"\323\360'\005/\207g\314\f\347\247\337\266\233\366YA\330\367\356"
 331      2F87 67CC 
 331      0CE7 A7DF 
 331      B69B F659 
 331      41D8 F7EE 
 332 0722 47A6 EDF5 		.ascii	"G\246\355\365\317\346\206\237\376\017\206\347\337|ujh\362d\371"
 332      CFE6 869F 
 332      FE0F 86E7 
 332      DF7C 756A 
 332      68F2 64F9 
 333 0736 F9E2 EC99 		.ascii	"\371\342\354\231s\347\314\232]\360\016\355&\177\300\376\005y"
 333      73E7 CC9A 
 333      5DF0 0EED 
 333      267F C0FE 
 333      0579 
 334 0748 F863 16   		.ascii	"\370c\026"
 335               		.text
 336               		.section	.gnu.lto_.symbol_nodes.a5121afef4d8cde,"",@progbits
 337 0000 789C 5DCC 		.string	"x\234]\314\275N\3030\024\005\340c\337:\204$N\371\031\312\006BBL\274\003<\331\r\025\002\21
 337      BD4E C330 
 337      1405 E063 
 337      DF3A 8424 
 337      4EF9 19CA 
 338 00c5 C8FB 3F8A 		.ascii	"\310\373?\212\202:\212\201d\030 ?\\\241p\032\355\243\236\254"
 338      823A 8A81 
 338      6418 203F 
 338      5CA1 701A 
 338      EDA3 9EAC 
 339 00d9 53D8 B8E8 		.ascii	"S\330\270\350\020ERs\376-9\203\342R\322\316\"\335\222\357V\241"
 339      1045 5273 
 339      FE2D 3983 
 339      E252 D2CE 
 339      22DD 92EF 
 340 00ef B5B3 44D6 		.ascii	"\265\263D\326\240u\265L\326C\363\272A6D\363\246N\326G\276'\021"
 340      A075 B54C 
 340      D643 F3BA 
 340      4136 44F3 
 340      A64E D647 
 341 0106 E12C 6BE0 		.ascii	"\341,k\340\017\216\203y\200"
 341      0F8E 8379 
 341      80
 342               		.text
 343               		.section	.gnu.lto_.refs.a5121afef4d8cde,"",@progbits
 344 0000 789C 1DCA 		.string	"x\234\035\312Q\016\200 \f\003\320\256\214\215\t\304\204\370\247'\363\376\007q\362\3216y\2
 344      510E 8020 
 344      0C03 D0AE 
 344      8C8D 09C4 
 344      84F8 A727 
 345 0026 4FAF 6042 		.ascii	"O\257`Bv\223\037F\032x\323\222\305\037i\be\337\037\265\261\327"
 345      7693 1F46 
 345      1A78 D392 
 345      C51F 6908 
 345      65DF 1FB5 
 346 003c 2502 D1C5 		.ascii	"%\002\321\305\247\370*\223\fp\201\027>g]\002\022"
 346      A7F8 2A93 
 346      0C70 8117 
 346      3E67 5D02 
 346      12
 347               		.text
 348               		.section	.gnu.lto_.decls.a5121afef4d8cde,"",@progbits
 349 0000 789C 9D59 		.string	"x\234\235Y\tTTW\232\256\373nQ@\001\222V\3078\t\235\330\t\231Cz\0341\223>\035\273Of\262\25
 349      0954 5457 
 349      9AAE FB6E 
 349      5140 0192 
 349      56C7 3809 
 350 00a5 1902 7904 		.string	"\031\002y\0042\006\202\220F\343\002\342\006\342\016\002\3464o\300\367L\220Y o\201\274\215
 350      3206 8290 
 350      46E3 02E2 
 350      06E2 0E02 
 350      E634 6FC0 
 351 011a F22A 3CBF 		.ascii	"\362*<\277\f\342\310c\345\003\317~ +A\214 \001\210\305H\307\343"
 351      0CE2 C863 
 351      E503 CF7E 
 351      202B 418C 
 351      2001 88C5 
 352 0131 B11A E46F 		.ascii	"\261\032\344o fUl\324\237k\210\305^\342\347\301\363C\370}\241"
 352      2066 556C 
 352      D49F 6B88 
 352      C55E E2E7 
 352      C1F3 43F8 
 353 0147 E247 B811 		.ascii	"\342G\270\021\216\237\251b\"\361\322r^\277&\276q~\316<\217A"
 353      8E9F A962 
 353      22F1 D272 
 353      5EBF 26BE 
 353      717E CE3C 
 354 015d 8871 FC0E 		.string	"\210q\374\016\344\277@\376\007$\230\363%<\245\274\205\200\204\202\204M\300\361:\311\263\2
 354      E4BF 40FE 
 354      0724 98F3 
 354      253C A5BC 
 354      8580 8482 
 355 025e C904 C91A 		.string	"\311\004\311\032\3073\026\243\262\261\207\305\356\221\030M\326#\001\232\265\275\027R\\\24
 355      C733 16A3 
 355      B2B1 87C5 
 355      EE91 184D 
 355      D623 019A 
 356 0335 0FF2 D68D 		.ascii	"\017\362\326\215Lb\252S\240\331~\244;_\247\017'\334\031\237\311"
 356      4C62 AA53 
 356      A0D9 7EA4 
 356      3B5F A70F 
 356      27DC 199F 
 357 034a 6A2B 2508 		.ascii	"j+%\bh#o\017t\032\232\240\375t\343\360\t\227\311\321D\033\376"
 357      6823 6F0F 
 357      741A 9AA0 
 357      FD74 E3F0 
 357      0997 C9D1 
 358 0361 BC8F 28A9 		.ascii	"\274\217(\251S\240~\222\252\227\242\311\322 \242\335_\331\323"
 358      53A0 7E92 
 358      AA97 A2C9 
 358      D220 A2DD 
 358      5FD9 D3
 359 0374 A0C3 9B10 		.ascii	"\240\303\233\020\265\333Z\2267\352\202cY#g\355\235\375\204\240"
 359      B5DB 5A96 
 359      37EA 8263 
 359      5923 67ED 
 359      9DFD 84A0 
 360 0388 0764 0CA9 		.ascii	"\007d\f\251\022\346\301\022\266\177g\306\0317\234Hu\205\236\314"
 360      12E6 C112 
 360      B67F 67C6 
 360      1937 9C48 
 360      7585 9ECC 
 361 039c E1AD 8EC8 		.ascii	"\341\255\216\310K\317\342\333\377*d\rU\200\331r%\270\036\304"
 361      4BCF E2DB 
 361      FF2A 640D 
 361      5580 D972 
 361      25B8 1EC4 
 362 03b0 204D 5471 		.ascii	" MTq\252\025C\242\336\366@\263!M\347!M\036<M\347\200\345Y\346"
 362      AA15 43A2 
 362      DEF6 40B3 
 362      214D E721 
 362      4D1E 3C4D 
 363 03c9 C5A1 D287 		.ascii	"\305\241\322\207\r\256x\027\243\222\233\370\360\272^+hP%\255"
 363      0DAE 7817 
 363      A392 9BF8 
 363      F0BA 5E2B 
 363      6850 25AD 
 364 03dd 03E8 498D 		.ascii	"\003\350I\215o\337\346\2043\350kmo\235\265O@S<=\275bX\214\202"
 364      6FDF E684 
 364      33E8 6B6D 
 364      6F9D B54F 
 364      4053 3C3D 
 365 03f6 ADF0 420A 		.ascii	"\255\360B\n\021\272\200\264\032T\205\246\020\033\250\006\314"
 365      11BA 80B4 
 365      1A54 85A6 
 365      101B A806 
 365      CC
 366 0407 5523 4F74 		.ascii	"U#Ot\ty\322\212\332M\031\365d\317.\317\207h\255\323Q\332\027"
 366      0979 D28A 
 366      DA4D 19F5 
 366      64CF 2ECF 
 366      8768 ADD3 
 367 041e 8136 19C0 		.ascii	"\2016\031\300)\316&q{\313C\326n\370$\314Z|\032Q\3252[UoY\225"
 367      29CE 2671 
 367      7BCB 43D6 
 367      6EF8 24CC 
 367      5A7C 1A51 
 368 0439 85A2 AA7C 		.ascii	"\205\242\252|z\260\025\330\200\212\206G\202\327N\362\300\231"
 368      7AB0 15D8 
 368      808A 8647 
 368      82D7 4EF2 
 368      C099 
 369 044b 733A DCCC 		.ascii	"s:\334\314\342\227\330\267\275\321"
 369      E297 D8B7 
 369      BDD1 
 370 0455 0979 4D61 		.string	"\tyMa\203F\313\247\206\220A?\003n\255\022A\202\001\263\337\216\213\3502xf\317K\260w\254bd
 370      8346 CBA7 
 370      8690 413F 
 370      036E AD12 
 370      4182 01B3 
 371 0556 2F79 3798 		.ascii	"/y7\230V,L~T\314\261\245%\201/#\252\242\355.\320\222\t\334Dj"
 371      562C 4C7E 
 371      54CC B1A5 
 371      2581 2F23 
 371      AAA2 ED2E 
 372 0570 1630 959A 		.ascii	"\0260\225\232=x~\357\246I\352\205Q\315Q\003~\263\365\356\006"
 372      3D78 7EEF 
 372      A649 EA85 
 372      51CD 5103 
 372      7EB3 F5EE 
 373 0585 5DEF 76D6 		.ascii	"]\357v\326\2066\352\324\312\304\270\242\334\302\225[\250\362"
 373      8636 EAD4 
 373      CAC4 B8A2 
 373      DCC2 955B 
 373      A8F2 
 374 0597 D8D1 BE10 		.ascii	"\330\321\276\0207\265\262\301U\245{\223\353\336\244\272)\315"
 374      37B5 B2C1 
 374      55A5 7B93 
 374      EBDE A4BA 
 374      29CD 
 375 05a9 3177 5C   		.ascii	"1w\\"
 376 05ac 710D DB2B 		.string	"q\r\333+N\307oht\207\245\201\256\266$a\204f\326\343\\=\355\373g\017\312\373ASb\241\003\35
 376      4EC7 6F68 
 376      7487 A581 
 376      AEB6 2461 
 376      8466 D6E3 
 377 06ad 43B9 1851 		.string	"C\271\030Q\366\330\201\243\364\277i\2032\240\240\f\250Q\036P\224\364\354\242\\\001\237e(\
 377      F6D8 81A3 
 377      F4BF 6983 
 377      32A0 A00C 
 377      A851 1E50 
 378 070c C627 1D28 		.ascii	"\306'\035(\304\310\372G\215\230\2265\331\321Y\251\027^\314s\246"
 378      C4C8 FA47 
 378      8D98 9635 
 378      D9D1 59A9 
 378      175E CC73 
 379 0721 5D30 5F46 		.ascii	"]0_F\320\304\325oS\360Ox\301\207\357\032\275`\263\370\221\315"
 379      D0C4 D56F 
 379      53F0 4F78 
 379      C187 EF1A 
 379      BD60 B3F8 
 380 0737 8C55 FC53 		.ascii	"\214U\374SR\361\243\264\342\037K\025_{\350`\203\003\247?V\200"
 380      52F1 A3B4 
 380      E21F 4B15 
 380      5F7B E860 
 380      8303 A73F 
 381 074d 2F46 9E0B 		.ascii	"/F\236\013\261\032\250\026\032V\330\017K\354\307(\373\266C=9"
 381      B11A A816 
 381      1A56 D80F 
 381      4BEC C728 
 381      FBB6 433D 
 382 0762 18EF D651 		.ascii	"\030\357\326Q\366M\361\355\217'q\204\221\024\274\326Z\202\350"
 382      F64D F1ED 
 382      8F27 7184 
 382      9114 BCD6 
 382      5A82 E8
 383 0775 70AB 200F 		.ascii	"p\253 \017\207G6<X \303S\352G\273]\361\0316\2744\275\251\316"
 383      8747 363C 
 383      5820 C353 
 383      EA47 BB5D 
 383      F119 36BC 
 384 078d 817A 7553 		.ascii	"\201zuS\236\347\251\345w\357L\222\003\022*\320\316\241\316\206"
 384      9EE7 A9E5 
 384      77EF 4C92 
 384      0312 2AD0 
 384      CEA1 CE86 
 385 07a1 9B4E 7267 		.ascii	"\233Nrg\030\353\\\327\030\274\033\n\235A\035\331P{BG\342\261"
 385      18EB 5CD7 
 385      18BC 1B0A 
 385      9D41 1DD9 
 385      507B 4247 
 386 07b7 4EE0 A709 		.ascii	"N\340\247\t%d3Y\310.t\035\212w\224B\026.h\321z\206\263\243>"
 386      2564 3359 
 386      C82E 741D 
 386      8A77 9442 
 386      162E 68D1 
 387 07d0 2C4C 5047 		.ascii	",LPG-_\216\332\006\320@\021\002\211\332Z\201G\355\310\243\204"
 387      2D5F 8EDA 
 387      06D0 4011 
 387      0289 DA5A 
 387      8147 EDC8 
 388 07e6 7B7A EE73 		.ascii	"{z\356s]3\336\264\207E\r\264P\210\342v\210\344v$u\273\255\274"
 388      5D33 DEB4 
 388      8745 0DB4 
 388      5088 E276 
 388      88E4 7624 
 389 07fe 2ACE 1DA7 		.ascii	"*\316\035\2479R\256\t\335O\366j\245\262\031\306\233\367\237\245"
 389      3952 AE09 
 389      DD4F F66A 
 389      A5B2 19C6 
 389      9BF7 9FA5 
 390 0812 08A4 6A36 		.ascii	"\b\244j6*\b\033%\204M\024\241i$\"[\207\373\031Bg^\331\026)s\025"
 390      2A08 1B25 
 390      844D 14A1 
 390      6924 225B 
 390      87FB 1942 
 391 082d EFD1 B093 		.ascii	"\357\321\260\223\321Q\312\350(i\364f:zp(:\307\toq\242\243\223"
 391      D151 CAE8 
 391      2869 F466 
 391      3A7A 7028 
 391      3AC7 096F 
 392 0845 0A1E 5438 		.ascii	"\n\036T8\260M\314\t\232\307\2733\217\363M\254\230\274\276\363"
 392      B04D CC09 
 392      9AC7 BB33 
 392      8FF3 4DAC 
 392      98BC BEF3 
 393 0859 383B 9F1F 		.ascii	"8;\237\037Tu\320\254\t\313M\306\254\251\205fZ]J\211\003\336\303"
 393      5475 D0AC 
 393      09CB 4DC6 
 393      ACA9 8566 
 393      5A5D 4A89 
 394 0870 90DA 2E1F 		.ascii	"\220\332.\037\315\327\343,\326\250=\024\333\242\305\207Y\243"
 394      CDD7 E32C 
 394      D6A8 3D14 
 394      DBA2 C587 
 394      59A3 
 395 0882 F2CA B524 		.ascii	"\362\312\265$w\\\350d\347\25070\334q\325\025W\320\327\216C"
 395      775C E864 
 395      E7A8 3730 
 395      DC71 D515 
 395      57D0 D78E 
 396 0897 8351 17DC 		.string	"\203Q\027\334\220\247'\3317=\331i\254.\311\241\276\f\002\333\362%\315F\0348\266CPm\235\26
 396      90A7 27D9 
 396      373D D969 
 396      AC2E C9A1 
 396      BE0C 02DB 
 397 0998 D049 70D2 		.ascii	"\320Ip\322!=I\326p2\243\311\343^\351\346\251!M\264\217\317\017"
 397      213D 49D6 
 397      7032 A3C9 
 397      E35E E9E6 
 397      A921 4DB4 
 398 09af 46FB 7A69 		.ascii	"F\373zi\374"
 398      FC
 399 09b4 2E07 A09D 		.string	".\007\240\235ZBvl\257\270\320`k.xI\024\367r\326\322!r/\345\234E9\347<--\324\341\373\214\3
 399      5A42 766C 
 399      AFB8 D060 
 399      6B2E 7849 
 399      14F7 72D6 
 400 0ab5 EA45 94C5 		.string	"\352E\224\305I(\274B^x\244\007\f\336\256hosW_\331\tv\036\350\235\240\265\177J\230,\371@\0
 400      4928 BC42 
 400      5E78 A407 
 400      0CDE AE68 
 400      6F73 575F 
 401 0b7f 9564 C5BF 		.ascii	"\225d\305\277 \250\257\216\033\352\303b\004~\006\255\252z\211"
 401      20A8 AF8E 
 401      1BEA C362 
 401      047E 06AD 
 401      AA7A 89
 402 0b92 5CF1 20C9 		.ascii	"\\\361 \311\351\210\250\241r\251\346Q\005,\257\345\202\352\b"
 402      E988 A8A1 
 402      72A9 E651 
 402      052C AFE5 
 402      82EA 08
 403 0ba5 7991 EEC5 		.ascii	"y\221\356\305\327\372n\017:\343t{\344\356wl<\255\345\340W\233"
 403      D7FA 6E0F 
 403      3AE3 747B 
 403      E4EE 776C 
 403      3CAD E5E0 
 404 0bbb 5FA9 95C1 		.ascii	"_\251\225\301\311\016_%\203_\002\360*5x5\005??t\361\221\013."
 404      C90E 5F25 
 404      835F 02F0 
 404      2A35 7835 
 404      053F 3F74 
 405 0bd3 B007 BEBD 		.ascii	"\260\007\276\275\371\304\006D\017E\304Av\342\032\316"
 405      F9C4 0644 
 405      0F45 C441 
 405      76E2 1ACE 
 406 0be3 EBFC AB9D 		.string	"\353\374\253\235\033\363\317\324\355\313\322\321\2478\252\253\\>\301\377\205\235\232w\351
 406      1BF3 CFD4 
 406      EDCB D2D1 
 406      A738 AAAB 
 406      5C3E C1FF 
 407 0ce4 199A 64E2 		.string	"\031\232d\342\256\f}\017\240\357\252\241[)tj\324&\330\266b\\\355@Ot\025\253\332SS-\330II\
 407      AE0C 7D0F 
 407      A0EF AAA1 
 407      5B29 746A 
 407      D426 D8B6 
 408 0da0 FE0C A8FD 		.string	"\376\f\250\375\031\244\376t\034\356=\245\303\225\366\340\333aVK\0052\262\310\246\366\206d
 408      19A4 FE74 
 408      1CEE 3DA5 
 408      C395 F6E0 
 408      DB61 564B 
 409 0dbf 3DA4 867E 		.string	"=\244\206~D\241o\264\027\305\270\341f{\320\203\351c&\216\\\361\3376I\030\226\221G"
 409      44A1 6FB4 
 409      17C5 B8E1 
 409      667B D083 
 409      E963 268E 
 410 0ddd 7958 8DFC 		.ascii	"yX\215\374\230\345\267\347\026\224\336#{\310\233rO\356\2256\224"
 410      98E5 B7E7 
 410      1694 DE23 
 410      7BC8 9B72 
 410      4FEE 9536 
 411 0df2 923F C9D0 		.ascii	"\222?\311\320d.?\221\241\237\002\364\0235\364(\205n\037}Z\344"
 411      642E 3F91 
 411      A19F 02F4 
 411      1335 F428 
 411      856E 1F7D 
 412 0e08 8637 BBD9 		.ascii	"\2067\273\331\201n\274\030Q&\205\273?\034\333\320\036\223\261"
 412      816E BC18 
 412      5126 85BB 
 412      3F1C DBD0 
 412      1E93 B1
 413 0e1b AD58 4B5A 		.ascii	"\255XKZ\nv0\2463&\241\271A?\276v:\245t\207`\222\356\203!\007"
 413      0A76 30A6 
 413      3326 A1B9 
 413      413F BE76 
 413      3AA5 7487 
 414 0e35 B305 B976 		.ascii	"\263\005\271v~\327 \327\216\254\027J\365z\366\234r\340j%\377"
 414      7ED7 20D7 
 414      8EAC 174A 
 414      F57A F69C 
 414      72E0 6A25 
 415 0e4a 2995 8EAC 		.ascii	")\225\216\254\023Ftpa\313\331+\256"
 415      1346 7470 
 415      61CB D92B 
 415      AE
 416 0e57 F44C 06FF 		.string	"\364L\006\377\302\371\254S\366\n\270\205cr\264X\207=\320z\354\301\216g\326\032D\273\331Y\
 416      C2F9 AC53 
 416      F60A B885 
 416      6372 B458 
 416      873D D07A 
 417 0f58 E96D 6AD2 		.ascii	"\351mj\322\211\224tJc\364o\3244\310\257?\n\215$N#\211\322h\262"
 417      8994 744A 
 417      63F4 6FD4 
 417      34C8 AF3F 
 417      0A8D 244E 
 418 0f71 AE5D AFC7 		.ascii	"\256]\257\307\211\366h\3247\337M\024\224L\026\312\231$e\262]"
 418      89F6 68D4 
 418      37DF 4D14 
 418      944C 16CA 
 418      9924 65B2 
 419 0f86 2692 0C44 		.ascii	"&\222\fD\266\253\211\244P\"eq\241\203\256\370'{\340\317\356\344"
 419      B6AB 89A4 
 419      5022 6571 
 419      A183 AEF8 
 419      277B E0CF 
 420 0f9c A90F A36A 		.ascii	"\251\017\243j"
 421 0fa0 DC27 FE8D 		.ascii	"\334'\376\2150\025\303N\276\013\253w\362\2035\353\006\335\224"
 421      3015 C34E 
 421      BE0B AB77 
 421      F283 35EB 
 421      06DD 94
 422 0fb3 C5BA F0A7 		.ascii	"\305\272\360\247\373\373ay\r{\223\250\241\0352\271\235@n\207"
 422      FBFB 6179 
 422      0D7B 93A8 
 422      A11D 32B9 
 422      9D40 6E87 
 423 0fc7 9ADC 6E4A 		.ascii	"\232\334nJ.gw\3501'|\332\036\271\313\341\261u\322\f\351\356R"
 423      2E67 77E8 
 423      3127 7CDA 
 423      1EB9 CBE1 
 423      B175 D20C 
 424 0fde 9D74 89E7 		.ascii	"\235t\211\347i2x:\200\247\251\301\367P\360\333\2472c\264\343"
 424      6932 783A 
 424      80A7 A9C1 
 424      F750 F0DB 
 424      A732 63B4 
 425 0ff3 D7A6 2169 		.ascii	"\327\246!i=\331K\327\234\301\341{}"
 425      3DD9 4BD7 
 425      9CC1 E17B 
 425      7D
 426 1000 EEF2 DA34 		.string	"\356\362\3324#1\\Z\233d\275}lm\332\227\022\341,-N/I\213\223\254\224A\225F/G\236t\343J\025
 426      2331 5C5A 
 426      9B64 BD7D 
 426      6C6D DA97 
 426      12E1 2C2D 
 427 1036 551A 3873 		.string	"U\0328s=A\242\325\357\361\214R&U\352\334P\224,\357\265\277~F)\013\277\256\371W\243\377\no
 427      3D41 A2D5 
 427      EFF1 8C52 
 427      2655 EADC 
 427      5094 2CEF 
 428 10d7 DEEC 6F5A 		.string	"\336\354oZ\251\373D4\370\211f\355\022\377\037DG\002=\307\307\242[m\360\375F\364\323.\375~
 428      A9FB 4434 
 428      F889 66ED 
 428      12FF 1F44 
 428      4702 3DC7 
 429 1108 7320 C0BF 		.string	"s \300\277\b\257|\224.\037\206\357c\371'\326O\034\363\371X\264,0YD\263\311`\\\"\232\375\r
 429      08AF 7C94 
 429      2E1F 86EF 
 429      63F9 27D6 
 429      4F1C F3F9 
 430 1184 D374 DB77 		.string	"\323t\333wJ0^\266\205\262\0314C\365\356Ss\200/\330\200\367\026s\200\021\202\022$\006Z\376
 430      4A30 5EB6 
 430      85B2 1934 
 430      43F5 EE53 
 430      7380 2FD8 
 431 11aa 6494 13A4 		.ascii	"d\224\023\244\274\341\357J\361\335\277'\0302\n\017\307\f\271"
 431      BCE1 EF4A 
 431      F1DD BF27 
 431      1832 0A0F 
 431      C70C B9
 432 11bd E373 B3BF 		.ascii	"\343s\263\277\005\274gF} \336\242a\225\317\302\371\037\376\177"
 432      05BC 6746 
 432      7D20 DEA2 
 432      6195 CFC2 
 432      F91F FE7F 
 433 11d1 D0F9 686E 		.ascii	"\320\371hn\3437vl|*\033yi\356\007\013\027~\370\301\334?\371\220"
 433      E337 766C 
 433      7C2A 1B79 
 433      69EE 070B 
 433      177E F8C1 
 434 11e9 30D8 046D 		.ascii	"0\330\004m\362\032\203\331\344\023d\n\n\024\375| \364AF\313\363"
 434      F21A 83D9 
 434      E413 640A 
 434      0A14 FD7C 
 434      20F4 4146 
 435 11ff 8A58 A2C4 		.ascii	"\212X\242\304\302\t\004\336\230\377\331\374EK}\324IV\307~\356"
 435      C209 04DE 
 435      98FF D9FC 
 435      454B 7DD4 
 435      4956 C77E 
 436 1214 D706 D34A 		.ascii	"\327\006\323J\321\317\3539\260\363\277\025M\0262'^\235\bN\225"
 436      D1CF EB39 
 436      B0F3 BF15 
 436      4D16 3227 
 436      5E9D 084E 
 437 1229 AAC9 E48D 		.ascii	"\252\311\344\215m\227n\315\002\223\237\370\235n\315g\006c\220"
 437      6D97 6ECD 
 437      0293 9FF8 
 437      9D6E CD67 
 437      0663 90
 438 123c E8B4 8277 		.ascii	"\350\264\202w\273\255X\305\237\310\344t\\\263P4\255\264|\375"
 438      BBAD 58C5 
 438      9FC8 E474 
 438      5CB3 5034 
 438      ADB4 7CFD 
 439 1250 0B26 A96A 		.ascii	"\013&\251j\224T\323\274K\236\241o>\007\005\036\226\032\002\277"
 439      9454 D3BC 
 439      4B9E A16F 
 439      3E07 051E 
 439      961A 02BF 
 440 1264 21FE A83D 		.ascii	"!\376\250=\t2\233\301M\343\367KD\343W\237\006\254\021\315\242"
 440      0932 9BC1 
 440      4DE3 F74B 
 440      44E3 579F 
 440      06AC 11CD 
 441 1279 9F83 CF87 		.ascii	"\237\203\317\207\001\001\306WTZ\213\305U\001\026\361s\3037b\320"
 441      0101 C657 
 441      545A 8BC5 
 441      5501 16F1 
 441      73C3 3762 
 442 128e EAF9 26C3 		.ascii	"\352\371&\303\n\243\350\347\256\274&\265)\276b/\332\213\202V"
 442      0AA3 E8E7 
 442      AEBC 26B5 
 442      29BE 622F 
 442      DA8B 8256 
 443 12a2 AD10 CD7A 		.ascii	"\255\020\315z\2628A>W\372X\346<\207(d\222\375\233\033\260jU\200"
 443      B238 413E 
 443      57FA 58E6 
 443      3C87 2864 
 443      92FD 9B1B 
 444 12ba 897F 016F 		.ascii	"\211\177\001o\255\357\327\006\3634\250\226\217\215\001+\fF\272"
 444      ADEF D706 
 444      F334 A896 
 444      8F8D 012B 
 444      0C46 BA
 445 12cd 0699 8356 		.ascii	"\006\231\203V[\376\fn\271\031\214k\f\337\007\372\370\233\214"
 445      5BFE 0C6E 
 445      B919 8C6B 
 445      0CDF 07FA 
 445      F89B 8C
 446 12e0 FE26 71DA 		.ascii	"\376&q\3328\215y\376\201\204\364\264%\023\216}Q\256W\b\202\350"
 446      388D 79FE 
 446      8184 F4B4 
 446      2513 8E7D 
 446      51AE 5708 
 447 12f6 6B91 9A93 		.ascii	"k\221\232\223\345\376\005d\346\031\301\353)\343f\345\374\245"
 447      E5FE 0564 
 447      E619 C1EB 
 447      29E3 66E5 
 447      FCA5 
 448 1308 CB3E 9D3A 		.ascii	"\313>\235:\256\334au_8\377\005[\305\005\213\306\217$xj\003<\254"
 448      AEDC 6175 
 448      5F38 FF05 
 448      5BC5 058B 
 448      C68F 2478 
 449 1320 CAB4 A71A 		.ascii	"\312\264\247\032K\315\006S\240\301\227\304q\232\374f\261\030"
 449      4BCD 0653 
 449      A0C1 97C4 
 449      719A FC66 
 449      B118 
 450 1332 28CA 24A7 		.ascii	"(\312$\247\333v\3173X\fK\003V\2564\212\343V\037\366\304\2273"
 450      DB76 CF33 
 450      580C 4B03 
 450      56AE 348A 
 450      E356 1FF6 
 451 1349 B5E1 058B 		.ascii	"\265\341\005\213\026C\005}\257\316\037\343b3\342\205qN\316\371"
 451      1643 057D 
 451      AFCE 1FE3 
 451      6233 E285 
 451      714E CEF9 
 452 135d 95AD 3FFF 		.ascii	"\225\255?\377\261l\351\213*\204\005\201|\034XvW14\370\371\314"
 452      B16C E98B 
 452      2A84 0581 
 452      7C1C 5876 
 452      5731 34F8 
 453 1373 99AE 0E2B 		.ascii	"\231\256\016+\t\340b\321W\204\032\360\373_\230DG\201"
 453      09E0 62D1 
 453      5784 1AF0 
 453      FB5F 9844 
 453      4781 
 454               		.text
 455               		.section	.gnu.lto_.symtab.a5121afef4d8cde,"",@progbits
 456 0000 5553 425F 		.string	"USB_Device_CurrentlySelfPowered"
 456      4465 7669 
 456      6365 5F43 
 456      7572 7265 
 456      6E74 6C79 
 457 0020 00        		.string	""
 458 0021 04        		.ascii	"\004"
 459 0022 00        		.string	""
 460 0023 0100      		.string	"\001"
 461 0025 00        		.string	""
 462 0026 00        		.string	""
 463 0027 00        		.string	""
 464 0028 00        		.string	""
 465 0029 00        		.string	""
 466 002a 00        		.string	""
 467 002b 2C01 00   		.string	",\001"
 468 002e 00        		.string	""
 469 002f 5553 425F 		.string	"USB_Device_RemoteWakeupEnabled"
 469      4465 7669 
 469      6365 5F52 
 469      656D 6F74 
 469      6557 616B 
 470 004e 00        		.string	""
 471 004f 04        		.ascii	"\004"
 472 0050 00        		.string	""
 473 0051 0100      		.string	"\001"
 474 0053 00        		.string	""
 475 0054 00        		.string	""
 476 0055 00        		.string	""
 477 0056 00        		.string	""
 478 0057 00        		.string	""
 479 0058 00        		.string	""
 480 0059 2E01 00   		.string	".\001"
 481 005c 00        		.string	""
 482 005d 5553 425F 		.string	"USB_Device_ConfigurationNumber"
 482      4465 7669 
 482      6365 5F43 
 482      6F6E 6669 
 482      6775 7261 
 483 007c 00        		.string	""
 484 007d 04        		.ascii	"\004"
 485 007e 00        		.string	""
 486 007f 0100      		.string	"\001"
 487 0081 00        		.string	""
 488 0082 00        		.string	""
 489 0083 00        		.string	""
 490 0084 00        		.string	""
 491 0085 00        		.string	""
 492 0086 00        		.string	""
 493 0087 3301 00   		.string	"3\001"
 494 008a 00        		.string	""
 495 008b 5553 425F 		.string	"USB_Device_ProcessControlRequest"
 495      4465 7669 
 495      6365 5F50 
 495      726F 6365 
 495      7373 436F 
 496 00ac 00        		.string	""
 497 00ad 00        		.string	""
 498 00ae 00        		.string	""
 499 00af 00        		.string	""
 500 00b0 00        		.string	""
 501 00b1 00        		.string	""
 502 00b2 00        		.string	""
 503 00b3 00        		.string	""
 504 00b4 00        		.string	""
 505 00b5 00        		.string	""
 506 00b6 00        		.string	""
 507 00b7 F600      		.string	"\366"
 508 00b9 00        		.string	""
 509 00ba 00        		.string	""
 510 00bb 5553 425F 		.string	"USB_ControlRequest"
 510      436F 6E74 
 510      726F 6C52 
 510      6571 7565 
 510      7374 00
 511 00ce 00        		.string	""
 512 00cf 02        		.ascii	"\002"
 513 00d0 00        		.string	""
 514 00d1 00        		.string	""
 515 00d2 00        		.string	""
 516 00d3 00        		.string	""
 517 00d4 00        		.string	""
 518 00d5 00        		.string	""
 519 00d6 00        		.string	""
 520 00d7 00        		.string	""
 521 00d8 00        		.string	""
 522 00d9 2501 00   		.string	"%\001"
 523 00dc 00        		.string	""
 524 00dd 5553 425F 		.string	"USB_DeviceState"
 524      4465 7669 
 524      6365 5374 
 524      6174 6500 
 525 00ed 00        		.string	""
 526 00ee 02        		.ascii	"\002"
 527 00ef 00        		.string	""
 528 00f0 00        		.string	""
 529 00f1 00        		.string	""
 530 00f2 00        		.string	""
 531 00f3 00        		.string	""
 532 00f4 00        		.string	""
 533 00f5 00        		.string	""
 534 00f6 00        		.string	""
 535 00f7 00        		.string	""
 536 00f8 3101 00   		.string	"1\001"
 537 00fb 00        		.string	""
 538 00fc 456E 6470 		.string	"Endpoint_ClearStatusStage"
 538      6F69 6E74 
 538      5F43 6C65 
 538      6172 5374 
 538      6174 7573 
 539 0116 00        		.string	""
 540 0117 02        		.ascii	"\002"
 541 0118 00        		.string	""
 542 0119 00        		.string	""
 543 011a 00        		.string	""
 544 011b 00        		.string	""
 545 011c 00        		.string	""
 546 011d 00        		.string	""
 547 011e 00        		.string	""
 548 011f 00        		.string	""
 549 0120 00        		.string	""
 550 0121 F800      		.string	"\370"
 551 0123 00        		.string	""
 552 0124 00        		.string	""
 553 0125 456E 6470 		.string	"Endpoint_Write_Control_Stream_LE"
 553      6F69 6E74 
 553      5F57 7269 
 553      7465 5F43 
 553      6F6E 7472 
 554 0146 00        		.string	""
 555 0147 02        		.ascii	"\002"
 556 0148 00        		.string	""
 557 0149 00        		.string	""
 558 014a 00        		.string	""
 559 014b 00        		.string	""
 560 014c 00        		.string	""
 561 014d 00        		.string	""
 562 014e 00        		.string	""
 563 014f 00        		.string	""
 564 0150 00        		.string	""
 565 0151 FF00      		.string	"\377"
 566 0153 00        		.string	""
 567 0154 00        		.string	""
 568 0155 456E 6470 		.string	"Endpoint_Write_Control_PStream_LE"
 568      6F69 6E74 
 568      5F57 7269 
 568      7465 5F43 
 568      6F6E 7472 
 569 0177 00        		.string	""
 570 0178 02        		.ascii	"\002"
 571 0179 00        		.string	""
 572 017a 00        		.string	""
 573 017b 00        		.string	""
 574 017c 00        		.string	""
 575 017d 00        		.string	""
 576 017e 00        		.string	""
 577 017f 00        		.string	""
 578 0180 00        		.string	""
 579 0181 00        		.string	""
 580 0182 0101 00   		.string	"\001\001"
 581 0185 00        		.string	""
 582 0186 4341 4C4C 		.string	"CALLBACK_USB_GetDescriptor"
 582      4241 434B 
 582      5F55 5342 
 582      5F47 6574 
 582      4465 7363 
 583 01a1 00        		.string	""
 584 01a2 02        		.ascii	"\002"
 585 01a3 00        		.string	""
 586 01a4 00        		.string	""
 587 01a5 00        		.string	""
 588 01a6 00        		.string	""
 589 01a7 00        		.string	""
 590 01a8 00        		.string	""
 591 01a9 00        		.string	""
 592 01aa 00        		.string	""
 593 01ab 00        		.string	""
 594 01ac 0B01 00   		.string	"\013\001"
 595 01af 00        		.string	""
 596 01b0 4556 454E 		.string	"EVENT_USB_Device_ConfigurationChanged"
 596      545F 5553 
 596      425F 4465 
 596      7669 6365 
 596      5F43 6F6E 
 597 01d6 00        		.string	""
 598 01d7 02        		.ascii	"\002"
 599 01d8 00        		.string	""
 600 01d9 00        		.string	""
 601 01da 00        		.string	""
 602 01db 00        		.string	""
 603 01dc 00        		.string	""
 604 01dd 00        		.string	""
 605 01de 00        		.string	""
 606 01df 00        		.string	""
 607 01e0 00        		.string	""
 608 01e1 0D01 00   		.string	"\r\001"
 609 01e4 00        		.string	""
 610 01e5 4556 454E 		.string	"EVENT_USB_Device_ControlRequest"
 610      545F 5553 
 610      425F 4465 
 610      7669 6365 
 610      5F43 6F6E 
 611 0205 00        		.string	""
 612 0206 02        		.ascii	"\002"
 613 0207 00        		.string	""
 614 0208 00        		.string	""
 615 0209 00        		.string	""
 616 020a 00        		.string	""
 617 020b 00        		.string	""
 618 020c 00        		.string	""
 619 020d 00        		.string	""
 620 020e 00        		.string	""
 621 020f 00        		.string	""
 622 0210 0F01 00   		.string	"\017\001"
 623 0213 00        		.string	""
 624               		.text
 625               		.section	.gnu.lto_.opts,"",@progbits
 626 0000 272D 666D 		.ascii	"'-fmath-errno' '-fsigned-zeros' '-ftrapping-m"
 626      6174 682D 
 626      6572 726E 
 626      6F27 2027 
 626      2D66 7369 
 627 002d 6174 6827 		.string	"ath' '-fno-trapv' '-fno-openmp' '-fno-openacc' '-mn-flash=1' '-mno-skip-bug' '-mmcu=avr5'
 627      2027 2D66 
 627      6E6F 2D74 
 627      7261 7076 
 627      2720 272D 
 628               		.text
 629               		.comm	__gnu_lto_v1,1,1
 630               		.comm	__gnu_lto_slim,1,1
 631               		.ident	"GCC: (GNU) 7.4.0"
DEFINED SYMBOLS
                            *ABS*:0000000000000000 DeviceStandardReq.c
/var/folders/7d/r_phv7rx6m99qllr_nm2m9c80000gn/T//ccReezSx.s:2      *ABS*:000000000000003e __SP_H__
/var/folders/7d/r_phv7rx6m99qllr_nm2m9c80000gn/T//ccReezSx.s:3      *ABS*:000000000000003d __SP_L__
/var/folders/7d/r_phv7rx6m99qllr_nm2m9c80000gn/T//ccReezSx.s:4      *ABS*:000000000000003f __SREG__
/var/folders/7d/r_phv7rx6m99qllr_nm2m9c80000gn/T//ccReezSx.s:5      *ABS*:0000000000000000 __tmp_reg__
/var/folders/7d/r_phv7rx6m99qllr_nm2m9c80000gn/T//ccReezSx.s:6      *ABS*:0000000000000001 __zero_reg__
                            *COM*:0000000000000001 __gnu_lto_v1
                            *COM*:0000000000000001 __gnu_lto_slim

NO UNDEFINED SYMBOLS
