   1               		.file	"Events.c"
   2               	__SP_H__ = 0x3e
   3               	__SP_L__ = 0x3d
   4               	__SREG__ = 0x3f
   5               	__tmp_reg__ = 0
   6               	__zero_reg__ = 1
   7               		.file 1 "lib/lufa/LUFA/Drivers/USB/Core/Events.c"
   8               		.file 2 "/usr/local/Cellar/avr-gcc/9.2.0/avr/include/stdint.h"
   9               		.section	.gnu.debuglto_.debug_info,"e",@progbits
  10               	.Ldebug_info0:
  11               		.hidden	Events.c.94462f59
  12               		.weak	Events.c.94462f59
  13               	Events.c.94462f59:
  14 0000 AC00 0000 		.long	0xac
  15 0004 0200      		.word	0x2
  16 0006 0000 0000 		.long	.Ldebug_abbrev0
  17 000a 04        		.byte	0x4
  18 000b 01        		.uleb128 0x1
  19 000c 0000 0000 		.long	.LASF9
  20 0010 0C        		.byte	0xc
  21 0011 0000 0000 		.long	.LASF10
  22 0015 0000 0000 		.long	.LASF11
  23 0019 0000 0000 		.long	.Ldebug_line0
  24 001d 02        		.uleb128 0x2
  25 001e 01        		.byte	0x1
  26 001f 06        		.byte	0x6
  27 0020 0000 0000 		.long	.LASF0
  28 0024 03        		.uleb128 0x3
  29 0025 0000 0000 		.long	.LASF12
  30 0029 02        		.byte	0x2
  31 002a 7E        		.byte	0x7e
  32 002b 16        		.byte	0x16
  33 002c 3500 0000 		.long	0x35
  34 0030 04        		.uleb128 0x4
  35 0031 2400 0000 		.long	0x24
  36 0035 02        		.uleb128 0x2
  37 0036 01        		.byte	0x1
  38 0037 08        		.byte	0x8
  39 0038 0000 0000 		.long	.LASF1
  40 003c 05        		.uleb128 0x5
  41 003d 02        		.byte	0x2
  42 003e 05        		.byte	0x5
  43 003f 696E 7400 		.string	"int"
  44 0043 02        		.uleb128 0x2
  45 0044 02        		.byte	0x2
  46 0045 07        		.byte	0x7
  47 0046 0000 0000 		.long	.LASF2
  48 004a 02        		.uleb128 0x2
  49 004b 04        		.byte	0x4
  50 004c 05        		.byte	0x5
  51 004d 0000 0000 		.long	.LASF3
  52 0051 02        		.uleb128 0x2
  53 0052 04        		.byte	0x4
  54 0053 07        		.byte	0x7
  55 0054 0000 0000 		.long	.LASF4
  56 0058 02        		.uleb128 0x2
  57 0059 08        		.byte	0x8
  58 005a 05        		.byte	0x5
  59 005b 0000 0000 		.long	.LASF5
  60 005f 02        		.uleb128 0x2
  61 0060 08        		.byte	0x8
  62 0061 07        		.byte	0x7
  63 0062 0000 0000 		.long	.LASF6
  64 0066 06        		.uleb128 0x6
  65 0067 01        		.byte	0x1
  66 0068 0000 0000 		.long	.LASF7
  67 006c 01        		.byte	0x1
  68 006d 2D        		.byte	0x2d
  69 006e 06        		.byte	0x6
  70 006f 01        		.byte	0x1
  71 0070 8B00 0000 		.long	0x8b
  72 0074 07        		.uleb128 0x7
  73 0075 5F31 00   		.string	"_1"
  74 0078 01        		.byte	0x1
  75 0079 2D        		.byte	0x2d
  76 007a 25        		.byte	0x25
  77 007b 3000 0000 		.long	0x30
  78 007f 07        		.uleb128 0x7
  79 0080 5F32 00   		.string	"_2"
  80 0083 01        		.byte	0x1
  81 0084 2D        		.byte	0x2d
  82 0085 37        		.byte	0x37
  83 0086 3000 0000 		.long	0x30
  84 008a 00        		.byte	0
  85 008b 06        		.uleb128 0x6
  86 008c 01        		.byte	0x1
  87 008d 0000 0000 		.long	.LASF8
  88 0091 01        		.byte	0x1
  89 0092 28        		.byte	0x28
  90 0093 06        		.byte	0x6
  91 0094 01        		.byte	0x1
  92 0095 A500 0000 		.long	0xa5
  93 0099 07        		.uleb128 0x7
  94 009a 5F31 00   		.string	"_1"
  95 009d 01        		.byte	0x1
  96 009e 28        		.byte	0x28
  97 009f 25        		.byte	0x25
  98 00a0 3000 0000 		.long	0x30
  99 00a4 00        		.byte	0
 100 00a5 08        		.uleb128 0x8
 101 00a6 01        		.byte	0x1
 102 00a7 0000 0000 		.long	.LASF13
 103 00ab 01        		.byte	0x1
 104 00ac 23        		.byte	0x23
 105 00ad 06        		.byte	0x6
 106 00ae 01        		.byte	0x1
 107 00af 00        		.byte	0
 108               		.section	.gnu.debuglto_.debug_abbrev,"e",@progbits
 109               	.Ldebug_abbrev0:
 110 0000 01        		.uleb128 0x1
 111 0001 11        		.uleb128 0x11
 112 0002 01        		.byte	0x1
 113 0003 25        		.uleb128 0x25
 114 0004 0E        		.uleb128 0xe
 115 0005 13        		.uleb128 0x13
 116 0006 0B        		.uleb128 0xb
 117 0007 03        		.uleb128 0x3
 118 0008 0E        		.uleb128 0xe
 119 0009 1B        		.uleb128 0x1b
 120 000a 0E        		.uleb128 0xe
 121 000b 10        		.uleb128 0x10
 122 000c 06        		.uleb128 0x6
 123 000d 00        		.byte	0
 124 000e 00        		.byte	0
 125 000f 02        		.uleb128 0x2
 126 0010 24        		.uleb128 0x24
 127 0011 00        		.byte	0
 128 0012 0B        		.uleb128 0xb
 129 0013 0B        		.uleb128 0xb
 130 0014 3E        		.uleb128 0x3e
 131 0015 0B        		.uleb128 0xb
 132 0016 03        		.uleb128 0x3
 133 0017 0E        		.uleb128 0xe
 134 0018 00        		.byte	0
 135 0019 00        		.byte	0
 136 001a 03        		.uleb128 0x3
 137 001b 16        		.uleb128 0x16
 138 001c 00        		.byte	0
 139 001d 03        		.uleb128 0x3
 140 001e 0E        		.uleb128 0xe
 141 001f 3A        		.uleb128 0x3a
 142 0020 0B        		.uleb128 0xb
 143 0021 3B        		.uleb128 0x3b
 144 0022 0B        		.uleb128 0xb
 145 0023 39        		.uleb128 0x39
 146 0024 0B        		.uleb128 0xb
 147 0025 49        		.uleb128 0x49
 148 0026 13        		.uleb128 0x13
 149 0027 00        		.byte	0
 150 0028 00        		.byte	0
 151 0029 04        		.uleb128 0x4
 152 002a 26        		.uleb128 0x26
 153 002b 00        		.byte	0
 154 002c 49        		.uleb128 0x49
 155 002d 13        		.uleb128 0x13
 156 002e 00        		.byte	0
 157 002f 00        		.byte	0
 158 0030 05        		.uleb128 0x5
 159 0031 24        		.uleb128 0x24
 160 0032 00        		.byte	0
 161 0033 0B        		.uleb128 0xb
 162 0034 0B        		.uleb128 0xb
 163 0035 3E        		.uleb128 0x3e
 164 0036 0B        		.uleb128 0xb
 165 0037 03        		.uleb128 0x3
 166 0038 08        		.uleb128 0x8
 167 0039 00        		.byte	0
 168 003a 00        		.byte	0
 169 003b 06        		.uleb128 0x6
 170 003c 2E        		.uleb128 0x2e
 171 003d 01        		.byte	0x1
 172 003e 3F        		.uleb128 0x3f
 173 003f 0C        		.uleb128 0xc
 174 0040 03        		.uleb128 0x3
 175 0041 0E        		.uleb128 0xe
 176 0042 3A        		.uleb128 0x3a
 177 0043 0B        		.uleb128 0xb
 178 0044 3B        		.uleb128 0x3b
 179 0045 0B        		.uleb128 0xb
 180 0046 39        		.uleb128 0x39
 181 0047 0B        		.uleb128 0xb
 182 0048 27        		.uleb128 0x27
 183 0049 0C        		.uleb128 0xc
 184 004a 01        		.uleb128 0x1
 185 004b 13        		.uleb128 0x13
 186 004c 00        		.byte	0
 187 004d 00        		.byte	0
 188 004e 07        		.uleb128 0x7
 189 004f 05        		.uleb128 0x5
 190 0050 00        		.byte	0
 191 0051 03        		.uleb128 0x3
 192 0052 08        		.uleb128 0x8
 193 0053 3A        		.uleb128 0x3a
 194 0054 0B        		.uleb128 0xb
 195 0055 3B        		.uleb128 0x3b
 196 0056 0B        		.uleb128 0xb
 197 0057 39        		.uleb128 0x39
 198 0058 0B        		.uleb128 0xb
 199 0059 49        		.uleb128 0x49
 200 005a 13        		.uleb128 0x13
 201 005b 00        		.byte	0
 202 005c 00        		.byte	0
 203 005d 08        		.uleb128 0x8
 204 005e 2E        		.uleb128 0x2e
 205 005f 00        		.byte	0
 206 0060 3F        		.uleb128 0x3f
 207 0061 0C        		.uleb128 0xc
 208 0062 03        		.uleb128 0x3
 209 0063 0E        		.uleb128 0xe
 210 0064 3A        		.uleb128 0x3a
 211 0065 0B        		.uleb128 0xb
 212 0066 3B        		.uleb128 0x3b
 213 0067 0B        		.uleb128 0xb
 214 0068 39        		.uleb128 0x39
 215 0069 0B        		.uleb128 0xb
 216 006a 27        		.uleb128 0x27
 217 006b 0C        		.uleb128 0xc
 218 006c 00        		.byte	0
 219 006d 00        		.byte	0
 220 006e 00        		.byte	0
 221               		.section	.gnu.debuglto_.debug_line,"e",@progbits
 222               	.Ldebug_line0:
 223 0000 7C00 0000 		.long	.LELT0-.LSLT0
 224               	.LSLT0:
 225 0004 0200      		.word	0x2
 226 0006 7600 0000 		.long	.LELTP0-.LASLTP0
 227               	.LASLTP0:
 228 000a 01        		.byte	0x1
 229 000b 01        		.byte	0x1
 230 000c F6        		.byte	0xf6
 231 000d F2        		.byte	0xf2
 232 000e 0D        		.byte	0xd
 233 000f 00        		.byte	0
 234 0010 01        		.byte	0x1
 235 0011 01        		.byte	0x1
 236 0012 01        		.byte	0x1
 237 0013 01        		.byte	0x1
 238 0014 00        		.byte	0
 239 0015 00        		.byte	0
 240 0016 00        		.byte	0
 241 0017 01        		.byte	0x1
 242 0018 00        		.byte	0
 243 0019 00        		.byte	0
 244 001a 01        		.byte	0x1
 245 001b 6C69 622F 		.ascii	"lib/lufa/LUFA/Drivers/USB/Core"
 245      6C75 6661 
 245      2F4C 5546 
 245      412F 4472 
 245      6976 6572 
 246 0039 00        		.byte	0
 247 003a 2F75 7372 		.ascii	"/usr/local/Cellar/avr-gcc/9.2.0/avr/include"
 247      2F6C 6F63 
 247      616C 2F43 
 247      656C 6C61 
 247      722F 6176 
 248 0065 00        		.byte	0
 249 0066 00        		.byte	0
 250 0067 4576 656E 		.string	"Events.c"
 250      7473 2E63 
 250      00
 251 0070 01        		.uleb128 0x1
 252 0071 00        		.uleb128 0
 253 0072 00        		.uleb128 0
 254 0073 7374 6469 		.string	"stdint.h"
 254      6E74 2E68 
 254      00
 255 007c 02        		.uleb128 0x2
 256 007d 00        		.uleb128 0
 257 007e 00        		.uleb128 0
 258 007f 00        		.byte	0
 259               	.LELTP0:
 260               	.LELT0:
 261               		.section	.gnu.debuglto_.debug_str,"eMS",@progbits,1
 262               	.LASF12:
 263 0000 7569 6E74 		.string	"uint8_t"
 263      385F 7400 
 264               	.LASF8:
 265 0008 5553 425F 		.string	"USB_Event_Stub_2"
 265      4576 656E 
 265      745F 5374 
 265      7562 5F32 
 265      00
 266               	.LASF7:
 267 0019 5553 425F 		.string	"USB_Event_Stub_3"
 267      4576 656E 
 267      745F 5374 
 267      7562 5F33 
 267      00
 268               	.LASF1:
 269 002a 756E 7369 		.string	"unsigned char"
 269      676E 6564 
 269      2063 6861 
 269      7200 
 270               	.LASF4:
 271 0038 6C6F 6E67 		.string	"long unsigned int"
 271      2075 6E73 
 271      6967 6E65 
 271      6420 696E 
 271      7400 
 272               	.LASF10:
 273 004a 6C69 622F 		.string	"lib/lufa/LUFA/Drivers/USB/Core/Events.c"
 273      6C75 6661 
 273      2F4C 5546 
 273      412F 4472 
 273      6976 6572 
 274               	.LASF2:
 275 0072 756E 7369 		.string	"unsigned int"
 275      676E 6564 
 275      2069 6E74 
 275      00
 276               	.LASF6:
 277 007f 6C6F 6E67 		.string	"long long unsigned int"
 277      206C 6F6E 
 277      6720 756E 
 277      7369 676E 
 277      6564 2069 
 278               	.LASF9:
 279 0096 474E 5520 		.string	"GNU C99 9.2.0 -mn-flash=1 -mno-skip-bug -mmcu=avr5 -gdwarf-2 -Os -std=gnu99 -funsigned-ch
 279      4339 3920 
 279      392E 322E 
 279      3020 2D6D 
 279      6E2D 666C 
 280               	.LASF13:
 281 017e 5553 425F 		.string	"USB_Event_Stub"
 281      4576 656E 
 281      745F 5374 
 281      7562 00
 282               	.LASF5:
 283 018d 6C6F 6E67 		.string	"long long int"
 283      206C 6F6E 
 283      6720 696E 
 283      7400 
 284               	.LASF11:
 285 019b 2F55 7365 		.string	"/Users/tars/Desktop/keyboards"
 285      7273 2F74 
 285      6172 732F 
 285      4465 736B 
 285      746F 702F 
 286               	.LASF3:
 287 01b9 6C6F 6E67 		.string	"long int"
 287      2069 6E74 
 287      00
 288               	.LASF0:
 289 01c2 7369 676E 		.string	"signed char"
 289      6564 2063 
 289      6861 7200 
 290               		.text
 291               		.section	.gnu.lto_.profile.bca23e8ff88a314a,"e",@progbits
 292 0000 789C E360 		.string	"x\234\343``\004B "
 292      6004 4220 
 292      00
 293 0009 00        		.string	""
 294 000a 00        		.string	""
 295 000b 5D00      		.string	"]"
 296 000d 0B        		.ascii	"\013"
 297               		.text
 298               		.section	.gnu.lto_.icf.bca23e8ff88a314a,"e",@progbits
 299 0000 789C E360 		.string	"x\234\343``d\020a@"
 299      6064 1061 
 299      4000 
 300 000a 6686 3B1F 		.string	"f\206;\037\227\315f\346\234\361\365\370cv\256M\207\347\337`f"
 300      97CD 66E6 
 300      9CF1 F5F8 
 300      6376 AE4D 
 300      87E7 DF60 
 301 0020 00        		.string	""
 302 0021 669A 0972 		.ascii	"f\232\tr"
 303               		.text
 304               		.section	.gnu.lto_.jmpfuncs.bca23e8ff88a314a,"e",@progbits
 305 0000 789C E360 		.string	"x\234\343``d\220b@"
 305      6064 9062 
 305      4000 
 306 000a 6620 E664 		.string	"f \346ddd`\230\317\314\300\305\004e\2001"
 306      6464 6098 
 306      CFCC C0C5 
 306      0465 8031 
 306      00
 307 001b 19C9 0226 		.ascii	"\031\311\002&"
 308               		.text
 309               		.section	.gnu.lto_.inline.bca23e8ff88a314a,"e",@progbits
 310 0000 789C E360 		.string	"x\234\343``d\310f@"
 310      6064 C866 
 310      4000 
 311 000a 6620 6A00 		.string	"f j"
 312 000e 02A6 1446 		.string	"\002\246\024F\006&\006\206F \263\216\201\201\r\"\304\004\022b`\340$\254\204\213\260\022\0
 312      0626 0686 
 312      4620 B38E 
 312      8181 0D22 
 312      C404 1262 
 313 002c 0DE6 169C 		.ascii	"\r\346\026\234"
 314               		.text
 315               		.section	.gnu.lto_.pureconst.bca23e8ff88a314a,"e",@progbits
 316 0000 789C 05C1 		.string	"x\234\005\301\201\021"
 316      8111 00
 317 0007 100C 04C1 		.ascii	"\020\f\004\301\017\217\240\201\033\325\246t\273\251\320\223t"
 317      0F8F A081 
 317      1BD5 A674 
 317      BBA9 D093 
 317      74
 318 0018 550E 1A1D 		.ascii	"U\016\032\0353\230,\222]>\345\017\"\b\002\262"
 318      3398 2C92 
 318      5D3E E50F 
 318      2208 02B2 
 319               		.text
 320               		.section	.gnu.lto_USB_Event_Stub.bca23e8ff88a314a,"e",@progbits
 321 0000 789C E360 		.string	"x\234\343``d\230\312\300\300\240\005\304\262@\314\310\314\300\310\324\320\320\340\300\336
 321      6064 98CA 
 321      C0C0 A005 
 321      C4B2 40CC 
 321      C8CC C0C8 
 322 0079 99C6 C2D8 		.string	"\231\306\302\330p\200\201\241\207\231\t\302i\004r\23616(\201\365\275clR"
 322      7080 81A1 
 322      8799 09C2 
 322      6904 729E 
 322      3136 2881 
 323 0093 3340 A09B 		.string	"3@\240\233\231\021\241\236\201A#'3I?\2474-Q\337'\324\315Q\337\245(\263,\265\250X?4\330I\3
 323      9911 A19E 
 323      8141 2327 
 323      3349 3FA7 
 323      342D 51DF 
 324 00c7 D161 3EE6 		.ascii	"\321a>\346"
 325               		.text
 326               		.section	.gnu.lto_USB_Event_Stub_2.bca23e8ff88a314a,"e",@progbits
 327 0000 789C E360 		.string	"x\234\343``d\270\312\300\300\340"
 327      6064 B8CA 
 327      C0C0 E000 
 328 000c C4B2 40CC 		.ascii	"\304\262@\314\310\314\300"
 328      C8CC C0
 329 0013 C8D4 D0D0 		.string	"\310\324\320\320\340\300\336\310\301\304\310\bf5p02\32431\3263\3663Ogf<\324\376l'\223\346
 329      E0C0 DEC8 
 329      C1C4 C808 
 329      6635 7030 
 329      32D4 3331 
 330 0114 4333 5A19 		.ascii	"C3Z\031"
 331               		.text
 332               		.section	.gnu.lto_USB_Event_Stub_3.bca23e8ff88a314a,"e",@progbits
 333 0000 789C E360 		.string	"x\234\343``d\340gd`pf``\220\005bFf\006F\246\206\206\006\007\366F\016&FF0\253\201\203\221\
 333      6064 E067 
 333      6460 7066 
 333      6060 9005 
 333      6246 6606 
 334 0042 E37C 6606 		.string	"\343|f\006\206\231@\f\001\214\273\0305\201\352v\037\335\326\314\310\254\315\310"
 334      8699 400C 
 334      018C BB18 
 334      3581 EA76 
 334      1FDD D6CC 
 335 005b 647F 7CFA 		.string	"d\177|\372\366:\247\372\322\206\tM\r\007\336\2704\360\314gfd\334\315\310\f\324\303h,\315h
 335      F63A A7FA 
 335      D286 094D 
 335      0D07 DEB8 
 335      34F0 CC67 
 336 007f 14D1 2B61 		.string	"\024\321+a`\334\303\250\016T\376\275\365\345e\026fG\260\326U\357\272\2262B\265\376q\203h\
 336      60DC C3A8 
 336      0E54 FEBD 
 336      F5E5 6516 
 336      6647 B0D6 
 337 0137 58C6 6B27 		.ascii	"X\306k'"
 338               		.text
 339               		.section	.gnu.lto_.symbol_nodes.bca23e8ff88a314a,"e",@progbits
 340 0000 789C 7DD0 		.string	"x\234}\320;\022@0\030E\341\233\bB\345\375jl\205\031\373\272\251U\326c\021\266\3441\023\03
 340      3B12 4030 
 340      1845 E19B 
 340      0842 E5FD 
 340      6A6C 8519 
 341 0030 0476 37E3 		.ascii	"\004v7\343\001\350\214\352\364\215\257\256n\361\232S\013Z0\020"
 341      01E8 8CEA 
 341      F48D AFAE 
 341      6EF1 9A53 
 341      0B5A 3010 
 342 0044 B4A4 11B4 		.ascii	"\264\244\021\264b(h\315H\320\206\261\240-\255\240=\223\237\023"
 342      6228 68CD 
 342      48D0 86B1 
 342      A02D ADA0 
 342      3D93 9F13 
 343 0058 03D3 6FC1 		.ascii	"\003\323o\301\005\350\343q."
 343      05E8 E371 
 343      2E
 344               		.text
 345               		.section	.gnu.lto_.refs.bca23e8ff88a314a,"e",@progbits
 346 0000 789C 15C4 		.string	"x\234\025\304\261\001"
 346      B101 00
 347 0007 2008 C0B0 		.string	" \b\300\260\"*\274\342\377\017J3\244\t\036\020\221\323\262\264m\307\256\225\365\304\007\0
 347      222A BCE2 
 347      FF0F 4A33 
 347      A409 1E10 
 347      91D3 B2B4 
 348 0025 77        		.ascii	"w"
 349               		.text
 350               		.section	.gnu.lto_.decls.bca23e8ff88a314a,"e",@progbits
 351 0000 789C 9D95 		.ascii	"x\234\235\225\177PTU\024\307\357yw\027\360!`L\2513\324\244\316"
 351      7F50 5455 
 351      14C7 EF79 
 351      7717 F021 
 351      604C A933 
 352 0017 34F9 47E3 		.ascii	"4\371G\3436bM\374W\241\366Oc3\0325"
 352      3662 4DFC 
 352      57A1 F64F 
 352      6333 1A35 
 353 0027 D3D4 302B 		.string	"\323\3240+>dGZl\177\330\237]\021VE!\255\030e$\201F3\234\b\372\307I\211X\004\303\374\201\0
 353      3E64 475A 
 353      6C7F D89F 
 353      5D11 5645 
 353      21AD 1865 
 354 0128 8030 E983 		.ascii	"\2000\351\203p\361\251\310\207\036\002="
 354      70F1 A9C8 
 354      871E 023D 
 355 0134 8D18 EF66 		.string	"\215\030\357f\236\234Q\fU\271\006ty\264\2201\244\274\2212)\312=e\n\225\256\301\347\024\37
 355      9E9C 510C 
 355      55B9 0674 
 355      79B4 9031 
 355      A4BC 9132 
 356 0235 C540 BF70 		.ascii	"\305@\277p,\354\302\235\307On\342\362\0270\241\031\365\213X\224"
 356      2CEC C29D 
 356      C74F 6EE2 
 356      F217 30A1 
 356      19F5 8B58 
 357 024a 0814 31CC 		.ascii	"\b\0241\314\276\373\231xG\321\255\305;\177\240\361{8 \376\274"
 357      BEFB 9978 
 357      47D1 ADC5 
 357      3B7F A0F1 
 357      7B38 20FE 
 358 025f 0E3C 0EE7 		.ascii	"\016<\016\347p\315YA\330\002\361\022S|z\356H\336Q\373\342r(a"
 358      70CD 5941 
 358      D802 F112 
 358      537C 7AEE 
 358      48DE 51FB 
 359 0277 FB17 8929 		.ascii	"\373\027\211)\214U\366=\334\027\215\005\"\360;,\026Y\345\265"
 359      8C55 F63D 
 359      DC17 8D05 
 359      22F0 3B2C 
 359      1659 E5B5 
 360 028b ADFB EDF4 		.ascii	"\255\373\355\364\270\254_o\363@\311\\^\277\213\b\324\n6\370\025"
 360      B8AC 5F6F 
 360      F340 C95C 
 360      5EBF 8B08 
 360      D40A 36F8 
 361 02a0 6C3C FE63 		.ascii	"l<\376c\361\256\243*\236Ww\220\005C\225K;\216}\305X\300&\016"
 361      F1AE A32A 
 361      9E57 7790 
 361      0543 954B 
 361      3B8E 7DC5 
 362 02b8 151A 8CE3 		.ascii	"\025\032\214\343\202K\230\314]yM.\213\263\252\031>xL\245}3\035"
 362      824B 98CC 
 362      5D79 4D2E 
 362      8BB3 AA19 
 362      3E78 4CA5 
 363 02cf CFFF 33FE 		.ascii	"\317\3773\376\2413N\301jG\2546\211\265\247\277\354\221\242c\265"
 363      A133 4EC1 
 363      6A47 AC36 
 363      89B5 A7BF 
 363      EC91 A263 
 364 02e4 7F98 CB82 		.ascii	"\177\230\313\202[A ]1\221\376\344HW\f\244\016\201\3241\236W\021"
 364      5B41 205D 
 364      3191 FEE4 
 364      4857 0CA4 
 364      0E81 D431 
 365 02fb 4173 9459 		.ascii	"As\224Y!uY!u#\322_\022\251k\327\356a\252#\365\204!"
 365      2175 5921 
 365      7523 D25F 
 365      12A9 6BD7 
 365      EE61 AA23 
 366 0312 759A 4857 		.string	"u\232HW9R\247\201\324#\220\372O7\025\306\321C\263C\272a\205\324\213H\327%\322\341\346\321
 366      3952 A781 
 366      D423 90FA 
 366      4F37 15C6 
 366      D143 B343 
 367 0413 66A3 5974 		.ascii	"f\243Yt\303l4\230\006[\225\311F\203\357F\243\331\205\215&Wp\267"
 367      C36C 3498 
 367      065B 95C9 
 367      4683 EF46 
 367      A3D9 858D 
 368 042b DDBE F34D 		.ascii	"\335\276\363M$\255\223\334V \373\003-\003\212\031\333\256\210"
 368      24AD 93DC 
 368      5620 FB03 
 368      2D03 8A19 
 368      DBAE 88
 369 043e E0D8 6043 		.ascii	"\340\330`C\357"
 369      EF
 370 0443 4C74 3B39 		.string	"Lt;9\335\016\203\356\310\365\316\035\021:\335\255\024\266\233\361tL\201@\030Y`\222,\235@\
 370      DD0E 83EE 
 370      C8F5 CE1D 
 370      113A DDAD 
 370      14B6 9BF1 
 371 0544 70FE 2B49 		.ascii	"p\376+I"
 372               		.text
 373               		.section	.gnu.lto_.symtab.bca23e8ff88a314a,"e",@progbits
 374 0000 5553 425F 		.string	"USB_Event_Stub"
 374      4576 656E 
 374      745F 5374 
 374      7562 00
 375 000f 00        		.string	""
 376 0010 00        		.string	""
 377 0011 00        		.string	""
 378 0012 00        		.string	""
 379 0013 00        		.string	""
 380 0014 00        		.string	""
 381 0015 00        		.string	""
 382 0016 00        		.string	""
 383 0017 00        		.string	""
 384 0018 00        		.string	""
 385 0019 00        		.string	""
 386 001a C300      		.string	"\303"
 387 001c 00        		.string	""
 388 001d 00        		.string	""
 389 001e 4556 454E 		.string	"EVENT_USB_Device_Connect"
 389      545F 5553 
 389      425F 4465 
 389      7669 6365 
 389      5F43 6F6E 
 390 0037 00        		.string	""
 391 0038 01        		.ascii	"\001"
 392 0039 00        		.string	""
 393 003a 00        		.string	""
 394 003b 00        		.string	""
 395 003c 00        		.string	""
 396 003d 00        		.string	""
 397 003e 00        		.string	""
 398 003f 00        		.string	""
 399 0040 00        		.string	""
 400 0041 00        		.string	""
 401 0042 D600      		.string	"\326"
 402 0044 00        		.string	""
 403 0045 00        		.string	""
 404 0046 4556 454E 		.string	"EVENT_USB_Device_Disconnect"
 404      545F 5553 
 404      425F 4465 
 404      7669 6365 
 404      5F44 6973 
 405 0062 00        		.string	""
 406 0063 01        		.ascii	"\001"
 407 0064 00        		.string	""
 408 0065 00        		.string	""
 409 0066 00        		.string	""
 410 0067 00        		.string	""
 411 0068 00        		.string	""
 412 0069 00        		.string	""
 413 006a 00        		.string	""
 414 006b 00        		.string	""
 415 006c 00        		.string	""
 416 006d DC00      		.string	"\334"
 417 006f 00        		.string	""
 418 0070 00        		.string	""
 419 0071 4556 454E 		.string	"EVENT_USB_Device_ControlRequest"
 419      545F 5553 
 419      425F 4465 
 419      7669 6365 
 419      5F43 6F6E 
 420 0091 00        		.string	""
 421 0092 01        		.ascii	"\001"
 422 0093 00        		.string	""
 423 0094 00        		.string	""
 424 0095 00        		.string	""
 425 0096 00        		.string	""
 426 0097 00        		.string	""
 427 0098 00        		.string	""
 428 0099 00        		.string	""
 429 009a 00        		.string	""
 430 009b 00        		.string	""
 431 009c E200      		.string	"\342"
 432 009e 00        		.string	""
 433 009f 00        		.string	""
 434 00a0 4556 454E 		.string	"EVENT_USB_Device_ConfigurationChanged"
 434      545F 5553 
 434      425F 4465 
 434      7669 6365 
 434      5F43 6F6E 
 435 00c6 00        		.string	""
 436 00c7 01        		.ascii	"\001"
 437 00c8 00        		.string	""
 438 00c9 00        		.string	""
 439 00ca 00        		.string	""
 440 00cb 00        		.string	""
 441 00cc 00        		.string	""
 442 00cd 00        		.string	""
 443 00ce 00        		.string	""
 444 00cf 00        		.string	""
 445 00d0 00        		.string	""
 446 00d1 E800      		.string	"\350"
 447 00d3 00        		.string	""
 448 00d4 00        		.string	""
 449 00d5 4556 454E 		.string	"EVENT_USB_Device_Suspend"
 449      545F 5553 
 449      425F 4465 
 449      7669 6365 
 449      5F53 7573 
 450 00ee 00        		.string	""
 451 00ef 01        		.ascii	"\001"
 452 00f0 00        		.string	""
 453 00f1 00        		.string	""
 454 00f2 00        		.string	""
 455 00f3 00        		.string	""
 456 00f4 00        		.string	""
 457 00f5 00        		.string	""
 458 00f6 00        		.string	""
 459 00f7 00        		.string	""
 460 00f8 00        		.string	""
 461 00f9 EE00      		.string	"\356"
 462 00fb 00        		.string	""
 463 00fc 00        		.string	""
 464 00fd 4556 454E 		.string	"EVENT_USB_Device_WakeUp"
 464      545F 5553 
 464      425F 4465 
 464      7669 6365 
 464      5F57 616B 
 465 0115 00        		.string	""
 466 0116 01        		.ascii	"\001"
 467 0117 00        		.string	""
 468 0118 00        		.string	""
 469 0119 00        		.string	""
 470 011a 00        		.string	""
 471 011b 00        		.string	""
 472 011c 00        		.string	""
 473 011d 00        		.string	""
 474 011e 00        		.string	""
 475 011f 00        		.string	""
 476 0120 F400      		.string	"\364"
 477 0122 00        		.string	""
 478 0123 00        		.string	""
 479 0124 4556 454E 		.string	"EVENT_USB_Device_Reset"
 479      545F 5553 
 479      425F 4465 
 479      7669 6365 
 479      5F52 6573 
 480 013b 00        		.string	""
 481 013c 01        		.ascii	"\001"
 482 013d 00        		.string	""
 483 013e 00        		.string	""
 484 013f 00        		.string	""
 485 0140 00        		.string	""
 486 0141 00        		.string	""
 487 0142 00        		.string	""
 488 0143 00        		.string	""
 489 0144 00        		.string	""
 490 0145 00        		.string	""
 491 0146 FA00      		.string	"\372"
 492 0148 00        		.string	""
 493 0149 00        		.string	""
 494 014a 4556 454E 		.string	"EVENT_USB_Device_StartOfFrame"
 494      545F 5553 
 494      425F 4465 
 494      7669 6365 
 494      5F53 7461 
 495 0168 00        		.string	""
 496 0169 01        		.ascii	"\001"
 497 016a 00        		.string	""
 498 016b 00        		.string	""
 499 016c 00        		.string	""
 500 016d 00        		.string	""
 501 016e 00        		.string	""
 502 016f 00        		.string	""
 503 0170 00        		.string	""
 504 0171 00        		.string	""
 505 0172 00        		.string	""
 506 0173 00        		.string	""
 507 0174 0100      		.string	"\001"
 508 0176 00        		.string	""
 509 0177 5553 425F 		.string	"USB_Event_Stub_2"
 509      4576 656E 
 509      745F 5374 
 509      7562 5F32 
 509      00
 510 0188 00        		.string	""
 511 0189 00        		.string	""
 512 018a 00        		.string	""
 513 018b 00        		.string	""
 514 018c 00        		.string	""
 515 018d 00        		.string	""
 516 018e 00        		.string	""
 517 018f 00        		.string	""
 518 0190 00        		.string	""
 519 0191 00        		.string	""
 520 0192 00        		.string	""
 521 0193 0501 00   		.string	"\005\001"
 522 0196 00        		.string	""
 523 0197 5553 425F 		.string	"USB_Event_Stub_3"
 523      4576 656E 
 523      745F 5374 
 523      7562 5F33 
 523      00
 524 01a8 00        		.string	""
 525 01a9 00        		.string	""
 526 01aa 00        		.string	""
 527 01ab 00        		.string	""
 528 01ac 00        		.string	""
 529 01ad 00        		.string	""
 530 01ae 00        		.string	""
 531 01af 00        		.string	""
 532 01b0 00        		.string	""
 533 01b1 00        		.string	""
 534 01b2 00        		.string	""
 535 01b3 0A01 00   		.string	"\n\001"
 536 01b6 00        		.string	""
 537               		.text
 538               		.section	.gnu.lto_.opts,"e",@progbits
 539 0000 272D 666E 		.string	"'-fno-openmp' '-fno-openacc' '-fno-pie' '-mn-flash=1' '-mno-skip-bug' '-mmcu=avr5' '-Os' 
 539      6F2D 6F70 
 539      656E 6D70 
 539      2720 272D 
 539      666E 6F2D 
 540               		.text
 541               		.comm	__gnu_lto_v1,1,1
 542               		.comm	__gnu_lto_slim,1,1
 543               		.ident	"GCC: (GNU) 9.2.0"
DEFINED SYMBOLS
                            *ABS*:0000000000000000 Events.c
/var/folders/xx/3qcqnrxj7md526g3lvyld9680000gn/T//cc6zYJqt.s:2      *ABS*:000000000000003e __SP_H__
/var/folders/xx/3qcqnrxj7md526g3lvyld9680000gn/T//cc6zYJqt.s:3      *ABS*:000000000000003d __SP_L__
/var/folders/xx/3qcqnrxj7md526g3lvyld9680000gn/T//cc6zYJqt.s:4      *ABS*:000000000000003f __SREG__
/var/folders/xx/3qcqnrxj7md526g3lvyld9680000gn/T//cc6zYJqt.s:5      *ABS*:0000000000000000 __tmp_reg__
/var/folders/xx/3qcqnrxj7md526g3lvyld9680000gn/T//cc6zYJqt.s:6      *ABS*:0000000000000001 __zero_reg__
/var/folders/xx/3qcqnrxj7md526g3lvyld9680000gn/T//cc6zYJqt.s:13     .gnu.debuglto_.debug_info:0000000000000000 Events.c.94462f59
                            *COM*:0000000000000001 __gnu_lto_v1
                            *COM*:0000000000000001 __gnu_lto_slim

NO UNDEFINED SYMBOLS
