   1               		.file	"USBTask.c"
   2               	__SP_H__ = 0x3e
   3               	__SP_L__ = 0x3d
   4               	__SREG__ = 0x3f
   5               	__tmp_reg__ = 0
   6               	__zero_reg__ = 1
   7               		.file 1 "/usr/local/Cellar/avr-gcc/9.2.0/avr/include/stdint.h"
   8               		.file 2 "lib/lufa/LUFA/Drivers/USB/Core/AVR8/../StdRequestType.h"
   9               		.file 3 "lib/lufa/LUFA/Drivers/USB/Core/AVR8/../DeviceStandardReq.h"
  10               		.file 4 "lib/lufa/LUFA/Drivers/USB/Core/USBTask.h"
  11               		.file 5 "lib/lufa/LUFA/Drivers/USB/Core/USBTask.c"
  12               		.file 6 "lib/lufa/LUFA/Drivers/USB/Core/AVR8/../AVR8/Endpoint_AVR8.h"
  13               		.file 7 "lib/lufa/LUFA/Drivers/USB/Core/AVR8/../Device.h"
  14               		.section	.gnu.debuglto_.debug_info,"e",@progbits
  15               	.Ldebug_info0:
  16               		.hidden	USBTask.c.b236cb55
  17               		.weak	USBTask.c.b236cb55
  18               	USBTask.c.b236cb55:
  19 0000 EC01 0000 		.long	0x1ec
  20 0004 0200      		.word	0x2
  21 0006 0000 0000 		.long	.Ldebug_abbrev0
  22 000a 04        		.byte	0x4
  23 000b 01        		.uleb128 0x1
  24 000c 0000 0000 		.long	.LASF33
  25 0010 0C        		.byte	0xc
  26 0011 0000 0000 		.long	.LASF34
  27 0015 0000 0000 		.long	.LASF35
  28 0019 0000 0000 		.long	.Ldebug_line0
  29 001d 02        		.uleb128 0x2
  30 001e 01        		.byte	0x1
  31 001f 06        		.byte	0x6
  32 0020 0000 0000 		.long	.LASF0
  33 0024 03        		.uleb128 0x3
  34 0025 0000 0000 		.long	.LASF2
  35 0029 01        		.byte	0x1
  36 002a 7E        		.byte	0x7e
  37 002b 16        		.byte	0x16
  38 002c 3A00 0000 		.long	0x3a
  39 0030 04        		.uleb128 0x4
  40 0031 2400 0000 		.long	0x24
  41 0035 05        		.uleb128 0x5
  42 0036 2400 0000 		.long	0x24
  43 003a 02        		.uleb128 0x2
  44 003b 01        		.byte	0x1
  45 003c 08        		.byte	0x8
  46 003d 0000 0000 		.long	.LASF1
  47 0041 06        		.uleb128 0x6
  48 0042 02        		.byte	0x2
  49 0043 05        		.byte	0x5
  50 0044 696E 7400 		.string	"int"
  51 0048 03        		.uleb128 0x3
  52 0049 0000 0000 		.long	.LASF3
  53 004d 01        		.byte	0x1
  54 004e 80        		.byte	0x80
  55 004f 16        		.byte	0x16
  56 0050 5400 0000 		.long	0x54
  57 0054 02        		.uleb128 0x2
  58 0055 02        		.byte	0x2
  59 0056 07        		.byte	0x7
  60 0057 0000 0000 		.long	.LASF4
  61 005b 02        		.uleb128 0x2
  62 005c 04        		.byte	0x4
  63 005d 05        		.byte	0x5
  64 005e 0000 0000 		.long	.LASF5
  65 0062 02        		.uleb128 0x2
  66 0063 04        		.byte	0x4
  67 0064 07        		.byte	0x7
  68 0065 0000 0000 		.long	.LASF6
  69 0069 02        		.uleb128 0x2
  70 006a 08        		.byte	0x8
  71 006b 05        		.byte	0x5
  72 006c 0000 0000 		.long	.LASF7
  73 0070 02        		.uleb128 0x2
  74 0071 08        		.byte	0x8
  75 0072 07        		.byte	0x7
  76 0073 0000 0000 		.long	.LASF8
  77 0077 07        		.uleb128 0x7
  78 0078 0000 0000 		.long	.LASF36
  79 007c 07        		.byte	0x7
  80 007d 01        		.byte	0x1
  81 007e 3A00 0000 		.long	0x3a
  82 0082 07        		.byte	0x7
  83 0083 4E        		.byte	0x4e
  84 0084 09        		.byte	0x9
  85 0085 AE00 0000 		.long	0xae
  86 0089 08        		.uleb128 0x8
  87 008a 0000 0000 		.long	.LASF9
  88 008e 00        		.byte	0
  89 008f 08        		.uleb128 0x8
  90 0090 0000 0000 		.long	.LASF10
  91 0094 01        		.byte	0x1
  92 0095 08        		.uleb128 0x8
  93 0096 0000 0000 		.long	.LASF11
  94 009a 02        		.byte	0x2
  95 009b 08        		.uleb128 0x8
  96 009c 0000 0000 		.long	.LASF12
  97 00a0 03        		.byte	0x3
  98 00a1 08        		.uleb128 0x8
  99 00a2 0000 0000 		.long	.LASF13
 100 00a6 04        		.byte	0x4
 101 00a7 08        		.uleb128 0x8
 102 00a8 0000 0000 		.long	.LASF14
 103 00ac 05        		.byte	0x5
 104 00ad 00        		.byte	0
 105 00ae 09        		.uleb128 0x9
 106 00af 08        		.byte	0x8
 107 00b0 02        		.byte	0x2
 108 00b1 A3        		.byte	0xa3
 109 00b2 0C        		.byte	0xc
 110 00b3 0301 0000 		.long	0x103
 111 00b7 0A        		.uleb128 0xa
 112 00b8 0000 0000 		.long	.LASF15
 113 00bc 02        		.byte	0x2
 114 00bd A5        		.byte	0xa5
 115 00be 0E        		.byte	0xe
 116 00bf 2400 0000 		.long	0x24
 117 00c3 02        		.byte	0x2
 118 00c4 23        		.byte	0x23
 119 00c5 00        		.uleb128 0
 120 00c6 0A        		.uleb128 0xa
 121 00c7 0000 0000 		.long	.LASF16
 122 00cb 02        		.byte	0x2
 123 00cc A6        		.byte	0xa6
 124 00cd 0E        		.byte	0xe
 125 00ce 2400 0000 		.long	0x24
 126 00d2 02        		.byte	0x2
 127 00d3 23        		.byte	0x23
 128 00d4 01        		.uleb128 0x1
 129 00d5 0A        		.uleb128 0xa
 130 00d6 0000 0000 		.long	.LASF17
 131 00da 02        		.byte	0x2
 132 00db A7        		.byte	0xa7
 133 00dc 0E        		.byte	0xe
 134 00dd 4800 0000 		.long	0x48
 135 00e1 02        		.byte	0x2
 136 00e2 23        		.byte	0x23
 137 00e3 02        		.uleb128 0x2
 138 00e4 0A        		.uleb128 0xa
 139 00e5 0000 0000 		.long	.LASF18
 140 00e9 02        		.byte	0x2
 141 00ea A8        		.byte	0xa8
 142 00eb 0E        		.byte	0xe
 143 00ec 4800 0000 		.long	0x48
 144 00f0 02        		.byte	0x2
 145 00f1 23        		.byte	0x23
 146 00f2 04        		.uleb128 0x4
 147 00f3 0A        		.uleb128 0xa
 148 00f4 0000 0000 		.long	.LASF19
 149 00f8 02        		.byte	0x2
 150 00f9 A9        		.byte	0xa9
 151 00fa 0E        		.byte	0xe
 152 00fb 4800 0000 		.long	0x48
 153 00ff 02        		.byte	0x2
 154 0100 23        		.byte	0x23
 155 0101 06        		.uleb128 0x6
 156 0102 00        		.byte	0
 157 0103 03        		.uleb128 0x3
 158 0104 0000 0000 		.long	.LASF20
 159 0108 02        		.byte	0x2
 160 0109 AA        		.byte	0xaa
 161 010a 12        		.byte	0x12
 162 010b AE00 0000 		.long	0xae
 163 010f 0B        		.uleb128 0xb
 164 0110 0000 0000 		.long	.LASF21
 165 0114 03        		.byte	0x3
 166 0115 5E        		.byte	0x5e
 167 0116 13        		.byte	0x13
 168 0117 2400 0000 		.long	0x24
 169 011b 01        		.byte	0x1
 170 011c 01        		.byte	0x1
 171 011d 0B        		.uleb128 0xb
 172 011e 0000 0000 		.long	.LASF22
 173 0122 03        		.byte	0x3
 174 0123 6E        		.byte	0x6e
 175 0124 11        		.byte	0x11
 176 0125 2B01 0000 		.long	0x12b
 177 0129 01        		.byte	0x1
 178 012a 01        		.byte	0x1
 179 012b 02        		.uleb128 0x2
 180 012c 01        		.byte	0x1
 181 012d 02        		.byte	0x2
 182 012e 0000 0000 		.long	.LASF23
 183 0132 04        		.uleb128 0x4
 184 0133 2B01 0000 		.long	0x12b
 185 0137 0B        		.uleb128 0xb
 186 0138 0000 0000 		.long	.LASF24
 187 013c 03        		.byte	0x3
 188 013d 78        		.byte	0x78
 189 013e 11        		.byte	0x11
 190 013f 2B01 0000 		.long	0x12b
 191 0143 01        		.byte	0x1
 192 0144 01        		.byte	0x1
 193 0145 0B        		.uleb128 0xb
 194 0146 0000 0000 		.long	.LASF25
 195 014a 04        		.byte	0x4
 196 014b 51        		.byte	0x51
 197 014c 19        		.byte	0x19
 198 014d 3201 0000 		.long	0x132
 199 0151 01        		.byte	0x1
 200 0152 01        		.byte	0x1
 201 0153 0B        		.uleb128 0xb
 202 0154 0000 0000 		.long	.LASF26
 203 0158 04        		.byte	0x4
 204 0159 5B        		.byte	0x5b
 205 015a 21        		.byte	0x21
 206 015b 0301 0000 		.long	0x103
 207 015f 01        		.byte	0x1
 208 0160 01        		.byte	0x1
 209 0161 0B        		.uleb128 0xb
 210 0162 0000 0000 		.long	.LASF27
 211 0166 04        		.byte	0x4
 212 0167 90        		.byte	0x90
 213 0168 1E        		.byte	0x1e
 214 0169 3000 0000 		.long	0x30
 215 016d 01        		.byte	0x1
 216 016e 01        		.byte	0x1
 217 016f 0C        		.uleb128 0xc
 218 0170 4501 0000 		.long	0x145
 219 0174 05        		.byte	0x5
 220 0175 23        		.byte	0x23
 221 0176 16        		.byte	0x16
 222 0177 0C        		.uleb128 0xc
 223 0178 5301 0000 		.long	0x153
 224 017c 05        		.byte	0x5
 225 017d 24        		.byte	0x24
 226 017e 16        		.byte	0x16
 227 017f 0C        		.uleb128 0xc
 228 0180 6101 0000 		.long	0x161
 229 0184 05        		.byte	0x5
 230 0185 2B        		.byte	0x2b
 231 0186 16        		.byte	0x16
 232 0187 0D        		.uleb128 0xd
 233 0188 0000 0000 		.long	.LASF28
 234 018c 05        		.byte	0x5
 235 018d 3D        		.byte	0x3d
 236 018e 0D        		.byte	0xd
 237 018f 01        		.byte	0x1
 238 0190 A101 0000 		.long	0x1a1
 239 0194 0E        		.uleb128 0xe
 240 0195 0000 0000 		.long	.LASF37
 241 0199 05        		.byte	0x5
 242 019a 42        		.byte	0x42
 243 019b 0A        		.byte	0xa
 244 019c 2400 0000 		.long	0x24
 245 01a0 00        		.byte	0
 246 01a1 0F        		.uleb128 0xf
 247 01a2 01        		.byte	0x1
 248 01a3 0000 0000 		.long	.LASF38
 249 01a7 05        		.byte	0x5
 250 01a8 2E        		.byte	0x2e
 251 01a9 06        		.byte	0x6
 252 01aa 01        		.byte	0x1
 253 01ab 10        		.uleb128 0x10
 254 01ac 0000 0000 		.long	.LASF30
 255 01b0 06        		.byte	0x6
 256 01b1 AD01      		.word	0x1ad
 257 01b3 17        		.byte	0x17
 258 01b4 01        		.byte	0x1
 259 01b5 2B01 0000 		.long	0x12b
 260 01b9 11        		.uleb128 0x11
 261 01ba 0000 0000 		.long	.LASF29
 262 01be 06        		.byte	0x6
 263 01bf 0B01      		.word	0x10b
 264 01c1 17        		.byte	0x17
 265 01c2 01        		.byte	0x1
 266 01c3 D501 0000 		.long	0x1d5
 267 01c7 12        		.uleb128 0x12
 268 01c8 0000 0000 		.long	.LASF39
 269 01cc 06        		.byte	0x6
 270 01cd 0B01      		.word	0x10b
 271 01cf 3D        		.byte	0x3d
 272 01d0 3500 0000 		.long	0x35
 273 01d4 00        		.byte	0
 274 01d5 13        		.uleb128 0x13
 275 01d6 0000 0000 		.long	.LASF31
 276 01da 06        		.byte	0x6
 277 01db FA        		.byte	0xfa
 278 01dc 1A        		.byte	0x1a
 279 01dd 01        		.byte	0x1
 280 01de 2400 0000 		.long	0x24
 281 01e2 13        		.uleb128 0x13
 282 01e3 0000 0000 		.long	.LASF32
 283 01e7 06        		.byte	0x6
 284 01e8 EE        		.byte	0xee
 285 01e9 1A        		.byte	0x1a
 286 01ea 01        		.byte	0x1
 287 01eb 2400 0000 		.long	0x24
 288 01ef 00        		.byte	0
 289               		.section	.gnu.debuglto_.debug_abbrev,"e",@progbits
 290               	.Ldebug_abbrev0:
 291 0000 01        		.uleb128 0x1
 292 0001 11        		.uleb128 0x11
 293 0002 01        		.byte	0x1
 294 0003 25        		.uleb128 0x25
 295 0004 0E        		.uleb128 0xe
 296 0005 13        		.uleb128 0x13
 297 0006 0B        		.uleb128 0xb
 298 0007 03        		.uleb128 0x3
 299 0008 0E        		.uleb128 0xe
 300 0009 1B        		.uleb128 0x1b
 301 000a 0E        		.uleb128 0xe
 302 000b 10        		.uleb128 0x10
 303 000c 06        		.uleb128 0x6
 304 000d 00        		.byte	0
 305 000e 00        		.byte	0
 306 000f 02        		.uleb128 0x2
 307 0010 24        		.uleb128 0x24
 308 0011 00        		.byte	0
 309 0012 0B        		.uleb128 0xb
 310 0013 0B        		.uleb128 0xb
 311 0014 3E        		.uleb128 0x3e
 312 0015 0B        		.uleb128 0xb
 313 0016 03        		.uleb128 0x3
 314 0017 0E        		.uleb128 0xe
 315 0018 00        		.byte	0
 316 0019 00        		.byte	0
 317 001a 03        		.uleb128 0x3
 318 001b 16        		.uleb128 0x16
 319 001c 00        		.byte	0
 320 001d 03        		.uleb128 0x3
 321 001e 0E        		.uleb128 0xe
 322 001f 3A        		.uleb128 0x3a
 323 0020 0B        		.uleb128 0xb
 324 0021 3B        		.uleb128 0x3b
 325 0022 0B        		.uleb128 0xb
 326 0023 39        		.uleb128 0x39
 327 0024 0B        		.uleb128 0xb
 328 0025 49        		.uleb128 0x49
 329 0026 13        		.uleb128 0x13
 330 0027 00        		.byte	0
 331 0028 00        		.byte	0
 332 0029 04        		.uleb128 0x4
 333 002a 35        		.uleb128 0x35
 334 002b 00        		.byte	0
 335 002c 49        		.uleb128 0x49
 336 002d 13        		.uleb128 0x13
 337 002e 00        		.byte	0
 338 002f 00        		.byte	0
 339 0030 05        		.uleb128 0x5
 340 0031 26        		.uleb128 0x26
 341 0032 00        		.byte	0
 342 0033 49        		.uleb128 0x49
 343 0034 13        		.uleb128 0x13
 344 0035 00        		.byte	0
 345 0036 00        		.byte	0
 346 0037 06        		.uleb128 0x6
 347 0038 24        		.uleb128 0x24
 348 0039 00        		.byte	0
 349 003a 0B        		.uleb128 0xb
 350 003b 0B        		.uleb128 0xb
 351 003c 3E        		.uleb128 0x3e
 352 003d 0B        		.uleb128 0xb
 353 003e 03        		.uleb128 0x3
 354 003f 08        		.uleb128 0x8
 355 0040 00        		.byte	0
 356 0041 00        		.byte	0
 357 0042 07        		.uleb128 0x7
 358 0043 04        		.uleb128 0x4
 359 0044 01        		.byte	0x1
 360 0045 03        		.uleb128 0x3
 361 0046 0E        		.uleb128 0xe
 362 0047 3E        		.uleb128 0x3e
 363 0048 0B        		.uleb128 0xb
 364 0049 0B        		.uleb128 0xb
 365 004a 0B        		.uleb128 0xb
 366 004b 49        		.uleb128 0x49
 367 004c 13        		.uleb128 0x13
 368 004d 3A        		.uleb128 0x3a
 369 004e 0B        		.uleb128 0xb
 370 004f 3B        		.uleb128 0x3b
 371 0050 0B        		.uleb128 0xb
 372 0051 39        		.uleb128 0x39
 373 0052 0B        		.uleb128 0xb
 374 0053 01        		.uleb128 0x1
 375 0054 13        		.uleb128 0x13
 376 0055 00        		.byte	0
 377 0056 00        		.byte	0
 378 0057 08        		.uleb128 0x8
 379 0058 28        		.uleb128 0x28
 380 0059 00        		.byte	0
 381 005a 03        		.uleb128 0x3
 382 005b 0E        		.uleb128 0xe
 383 005c 1C        		.uleb128 0x1c
 384 005d 0B        		.uleb128 0xb
 385 005e 00        		.byte	0
 386 005f 00        		.byte	0
 387 0060 09        		.uleb128 0x9
 388 0061 13        		.uleb128 0x13
 389 0062 01        		.byte	0x1
 390 0063 0B        		.uleb128 0xb
 391 0064 0B        		.uleb128 0xb
 392 0065 3A        		.uleb128 0x3a
 393 0066 0B        		.uleb128 0xb
 394 0067 3B        		.uleb128 0x3b
 395 0068 0B        		.uleb128 0xb
 396 0069 39        		.uleb128 0x39
 397 006a 0B        		.uleb128 0xb
 398 006b 01        		.uleb128 0x1
 399 006c 13        		.uleb128 0x13
 400 006d 00        		.byte	0
 401 006e 00        		.byte	0
 402 006f 0A        		.uleb128 0xa
 403 0070 0D        		.uleb128 0xd
 404 0071 00        		.byte	0
 405 0072 03        		.uleb128 0x3
 406 0073 0E        		.uleb128 0xe
 407 0074 3A        		.uleb128 0x3a
 408 0075 0B        		.uleb128 0xb
 409 0076 3B        		.uleb128 0x3b
 410 0077 0B        		.uleb128 0xb
 411 0078 39        		.uleb128 0x39
 412 0079 0B        		.uleb128 0xb
 413 007a 49        		.uleb128 0x49
 414 007b 13        		.uleb128 0x13
 415 007c 38        		.uleb128 0x38
 416 007d 0A        		.uleb128 0xa
 417 007e 00        		.byte	0
 418 007f 00        		.byte	0
 419 0080 0B        		.uleb128 0xb
 420 0081 34        		.uleb128 0x34
 421 0082 00        		.byte	0
 422 0083 03        		.uleb128 0x3
 423 0084 0E        		.uleb128 0xe
 424 0085 3A        		.uleb128 0x3a
 425 0086 0B        		.uleb128 0xb
 426 0087 3B        		.uleb128 0x3b
 427 0088 0B        		.uleb128 0xb
 428 0089 39        		.uleb128 0x39
 429 008a 0B        		.uleb128 0xb
 430 008b 49        		.uleb128 0x49
 431 008c 13        		.uleb128 0x13
 432 008d 3F        		.uleb128 0x3f
 433 008e 0C        		.uleb128 0xc
 434 008f 3C        		.uleb128 0x3c
 435 0090 0C        		.uleb128 0xc
 436 0091 00        		.byte	0
 437 0092 00        		.byte	0
 438 0093 0C        		.uleb128 0xc
 439 0094 34        		.uleb128 0x34
 440 0095 00        		.byte	0
 441 0096 47        		.uleb128 0x47
 442 0097 13        		.uleb128 0x13
 443 0098 3A        		.uleb128 0x3a
 444 0099 0B        		.uleb128 0xb
 445 009a 3B        		.uleb128 0x3b
 446 009b 0B        		.uleb128 0xb
 447 009c 39        		.uleb128 0x39
 448 009d 0B        		.uleb128 0xb
 449 009e 00        		.byte	0
 450 009f 00        		.byte	0
 451 00a0 0D        		.uleb128 0xd
 452 00a1 2E        		.uleb128 0x2e
 453 00a2 01        		.byte	0x1
 454 00a3 03        		.uleb128 0x3
 455 00a4 0E        		.uleb128 0xe
 456 00a5 3A        		.uleb128 0x3a
 457 00a6 0B        		.uleb128 0xb
 458 00a7 3B        		.uleb128 0x3b
 459 00a8 0B        		.uleb128 0xb
 460 00a9 39        		.uleb128 0x39
 461 00aa 0B        		.uleb128 0xb
 462 00ab 27        		.uleb128 0x27
 463 00ac 0C        		.uleb128 0xc
 464 00ad 01        		.uleb128 0x1
 465 00ae 13        		.uleb128 0x13
 466 00af 00        		.byte	0
 467 00b0 00        		.byte	0
 468 00b1 0E        		.uleb128 0xe
 469 00b2 34        		.uleb128 0x34
 470 00b3 00        		.byte	0
 471 00b4 03        		.uleb128 0x3
 472 00b5 0E        		.uleb128 0xe
 473 00b6 3A        		.uleb128 0x3a
 474 00b7 0B        		.uleb128 0xb
 475 00b8 3B        		.uleb128 0x3b
 476 00b9 0B        		.uleb128 0xb
 477 00ba 39        		.uleb128 0x39
 478 00bb 0B        		.uleb128 0xb
 479 00bc 49        		.uleb128 0x49
 480 00bd 13        		.uleb128 0x13
 481 00be 00        		.byte	0
 482 00bf 00        		.byte	0
 483 00c0 0F        		.uleb128 0xf
 484 00c1 2E        		.uleb128 0x2e
 485 00c2 00        		.byte	0
 486 00c3 3F        		.uleb128 0x3f
 487 00c4 0C        		.uleb128 0xc
 488 00c5 03        		.uleb128 0x3
 489 00c6 0E        		.uleb128 0xe
 490 00c7 3A        		.uleb128 0x3a
 491 00c8 0B        		.uleb128 0xb
 492 00c9 3B        		.uleb128 0x3b
 493 00ca 0B        		.uleb128 0xb
 494 00cb 39        		.uleb128 0x39
 495 00cc 0B        		.uleb128 0xb
 496 00cd 27        		.uleb128 0x27
 497 00ce 0C        		.uleb128 0xc
 498 00cf 00        		.byte	0
 499 00d0 00        		.byte	0
 500 00d1 10        		.uleb128 0x10
 501 00d2 2E        		.uleb128 0x2e
 502 00d3 00        		.byte	0
 503 00d4 03        		.uleb128 0x3
 504 00d5 0E        		.uleb128 0xe
 505 00d6 3A        		.uleb128 0x3a
 506 00d7 0B        		.uleb128 0xb
 507 00d8 3B        		.uleb128 0x3b
 508 00d9 05        		.uleb128 0x5
 509 00da 39        		.uleb128 0x39
 510 00db 0B        		.uleb128 0xb
 511 00dc 27        		.uleb128 0x27
 512 00dd 0C        		.uleb128 0xc
 513 00de 49        		.uleb128 0x49
 514 00df 13        		.uleb128 0x13
 515 00e0 00        		.byte	0
 516 00e1 00        		.byte	0
 517 00e2 11        		.uleb128 0x11
 518 00e3 2E        		.uleb128 0x2e
 519 00e4 01        		.byte	0x1
 520 00e5 03        		.uleb128 0x3
 521 00e6 0E        		.uleb128 0xe
 522 00e7 3A        		.uleb128 0x3a
 523 00e8 0B        		.uleb128 0xb
 524 00e9 3B        		.uleb128 0x3b
 525 00ea 05        		.uleb128 0x5
 526 00eb 39        		.uleb128 0x39
 527 00ec 0B        		.uleb128 0xb
 528 00ed 27        		.uleb128 0x27
 529 00ee 0C        		.uleb128 0xc
 530 00ef 01        		.uleb128 0x1
 531 00f0 13        		.uleb128 0x13
 532 00f1 00        		.byte	0
 533 00f2 00        		.byte	0
 534 00f3 12        		.uleb128 0x12
 535 00f4 05        		.uleb128 0x5
 536 00f5 00        		.byte	0
 537 00f6 03        		.uleb128 0x3
 538 00f7 0E        		.uleb128 0xe
 539 00f8 3A        		.uleb128 0x3a
 540 00f9 0B        		.uleb128 0xb
 541 00fa 3B        		.uleb128 0x3b
 542 00fb 05        		.uleb128 0x5
 543 00fc 39        		.uleb128 0x39
 544 00fd 0B        		.uleb128 0xb
 545 00fe 49        		.uleb128 0x49
 546 00ff 13        		.uleb128 0x13
 547 0100 00        		.byte	0
 548 0101 00        		.byte	0
 549 0102 13        		.uleb128 0x13
 550 0103 2E        		.uleb128 0x2e
 551 0104 00        		.byte	0
 552 0105 03        		.uleb128 0x3
 553 0106 0E        		.uleb128 0xe
 554 0107 3A        		.uleb128 0x3a
 555 0108 0B        		.uleb128 0xb
 556 0109 3B        		.uleb128 0x3b
 557 010a 0B        		.uleb128 0xb
 558 010b 39        		.uleb128 0x39
 559 010c 0B        		.uleb128 0xb
 560 010d 27        		.uleb128 0x27
 561 010e 0C        		.uleb128 0xc
 562 010f 49        		.uleb128 0x49
 563 0110 13        		.uleb128 0x13
 564 0111 00        		.byte	0
 565 0112 00        		.byte	0
 566 0113 00        		.byte	0
 567               		.section	.gnu.debuglto_.debug_line,"e",@progbits
 568               	.Ldebug_line0:
 569 0000 2701 0000 		.long	.LELT0-.LSLT0
 570               	.LSLT0:
 571 0004 0200      		.word	0x2
 572 0006 2101 0000 		.long	.LELTP0-.LASLTP0
 573               	.LASLTP0:
 574 000a 01        		.byte	0x1
 575 000b 01        		.byte	0x1
 576 000c F6        		.byte	0xf6
 577 000d F2        		.byte	0xf2
 578 000e 0D        		.byte	0xd
 579 000f 00        		.byte	0
 580 0010 01        		.byte	0x1
 581 0011 01        		.byte	0x1
 582 0012 01        		.byte	0x1
 583 0013 01        		.byte	0x1
 584 0014 00        		.byte	0
 585 0015 00        		.byte	0
 586 0016 00        		.byte	0
 587 0017 01        		.byte	0x1
 588 0018 00        		.byte	0
 589 0019 00        		.byte	0
 590 001a 01        		.byte	0x1
 591 001b 6C69 622F 		.ascii	"lib/lufa/LUFA/Drivers/USB/Core/AVR8/../AVR8"
 591      6C75 6661 
 591      2F4C 5546 
 591      412F 4472 
 591      6976 6572 
 592 0046 00        		.byte	0
 593 0047 6C69 622F 		.ascii	"lib/lufa/LUFA/Drivers/USB/Core/AVR8/.."
 593      6C75 6661 
 593      2F4C 5546 
 593      412F 4472 
 593      6976 6572 
 594 006d 00        		.byte	0
 595 006e 6C69 622F 		.ascii	"lib/lufa/LUFA/Drivers/USB/Core"
 595      6C75 6661 
 595      2F4C 5546 
 595      412F 4472 
 595      6976 6572 
 596 008c 00        		.byte	0
 597 008d 2F75 7372 		.ascii	"/usr/local/Cellar/avr-gcc/9.2.0/avr/include"
 597      2F6C 6F63 
 597      616C 2F43 
 597      656C 6C61 
 597      722F 6176 
 598 00b8 00        		.byte	0
 599 00b9 00        		.byte	0
 600 00ba 7374 6469 		.string	"stdint.h"
 600      6E74 2E68 
 600      00
 601 00c3 04        		.uleb128 0x4
 602 00c4 00        		.uleb128 0
 603 00c5 00        		.uleb128 0
 604 00c6 5374 6452 		.string	"StdRequestType.h"
 604      6571 7565 
 604      7374 5479 
 604      7065 2E68 
 604      00
 605 00d7 02        		.uleb128 0x2
 606 00d8 00        		.uleb128 0
 607 00d9 00        		.uleb128 0
 608 00da 4465 7669 		.string	"DeviceStandardReq.h"
 608      6365 5374 
 608      616E 6461 
 608      7264 5265 
 608      712E 6800 
 609 00ee 02        		.uleb128 0x2
 610 00ef 00        		.uleb128 0
 611 00f0 00        		.uleb128 0
 612 00f1 5553 4254 		.string	"USBTask.h"
 612      6173 6B2E 
 612      6800 
 613 00fb 03        		.uleb128 0x3
 614 00fc 00        		.uleb128 0
 615 00fd 00        		.uleb128 0
 616 00fe 5553 4254 		.string	"USBTask.c"
 616      6173 6B2E 
 616      6300 
 617 0108 03        		.uleb128 0x3
 618 0109 00        		.uleb128 0
 619 010a 00        		.uleb128 0
 620 010b 456E 6470 		.string	"Endpoint_AVR8.h"
 620      6F69 6E74 
 620      5F41 5652 
 620      382E 6800 
 621 011b 01        		.uleb128 0x1
 622 011c 00        		.uleb128 0
 623 011d 00        		.uleb128 0
 624 011e 4465 7669 		.string	"Device.h"
 624      6365 2E68 
 624      00
 625 0127 02        		.uleb128 0x2
 626 0128 00        		.uleb128 0
 627 0129 00        		.uleb128 0
 628 012a 00        		.byte	0
 629               	.LELTP0:
 630               	.LELT0:
 631               		.section	.gnu.debuglto_.debug_str,"eMS",@progbits,1
 632               	.LASF38:
 633 0000 5553 425F 		.string	"USB_USBTask"
 633      5553 4254 
 633      6173 6B00 
 634               	.LASF9:
 635 000c 4445 5649 		.string	"DEVICE_STATE_Unattached"
 635      4345 5F53 
 635      5441 5445 
 635      5F55 6E61 
 635      7474 6163 
 636               	.LASF32:
 637 0024 456E 6470 		.string	"Endpoint_GetEndpointDirection"
 637      6F69 6E74 
 637      5F47 6574 
 637      456E 6470 
 637      6F69 6E74 
 638               	.LASF26:
 639 0042 5553 425F 		.string	"USB_ControlRequest"
 639      436F 6E74 
 639      726F 6C52 
 639      6571 7565 
 639      7374 00
 640               	.LASF2:
 641 0055 7569 6E74 		.string	"uint8_t"
 641      385F 7400 
 642               	.LASF27:
 643 005d 5553 425F 		.string	"USB_DeviceState"
 643      4465 7669 
 643      6365 5374 
 643      6174 6500 
 644               	.LASF36:
 645 006d 5553 425F 		.string	"USB_Device_States_t"
 645      4465 7669 
 645      6365 5F53 
 645      7461 7465 
 645      735F 7400 
 646               	.LASF16:
 647 0081 6252 6571 		.string	"bRequest"
 647      7565 7374 
 647      00
 648               	.LASF12:
 649 008a 4445 5649 		.string	"DEVICE_STATE_Addressed"
 649      4345 5F53 
 649      5441 5445 
 649      5F41 6464 
 649      7265 7373 
 650               	.LASF28:
 651 00a1 5553 425F 		.string	"USB_DeviceTask"
 651      4465 7669 
 651      6365 5461 
 651      736B 00
 652               	.LASF17:
 653 00b0 7756 616C 		.string	"wValue"
 653      7565 00
 654               	.LASF1:
 655 00b7 756E 7369 		.string	"unsigned char"
 655      676E 6564 
 655      2063 6861 
 655      7200 
 656               	.LASF24:
 657 00c5 5553 425F 		.string	"USB_Device_CurrentlySelfPowered"
 657      4465 7669 
 657      6365 5F43 
 657      7572 7265 
 657      6E74 6C79 
 658               	.LASF39:
 659 00e5 4164 6472 		.string	"Address"
 659      6573 7300 
 660               	.LASF6:
 661 00ed 6C6F 6E67 		.string	"long unsigned int"
 661      2075 6E73 
 661      6967 6E65 
 661      6420 696E 
 661      7400 
 662               	.LASF20:
 663 00ff 5553 425F 		.string	"USB_Request_Header_t"
 663      5265 7175 
 663      6573 745F 
 663      4865 6164 
 663      6572 5F74 
 664               	.LASF14:
 665 0114 4445 5649 		.string	"DEVICE_STATE_Suspended"
 665      4345 5F53 
 665      5441 5445 
 665      5F53 7573 
 665      7065 6E64 
 666               	.LASF25:
 667 012b 5553 425F 		.string	"USB_IsInitialized"
 667      4973 496E 
 667      6974 6961 
 667      6C69 7A65 
 667      6400 
 668               	.LASF19:
 669 013d 774C 656E 		.string	"wLength"
 669      6774 6800 
 670               	.LASF13:
 671 0145 4445 5649 		.string	"DEVICE_STATE_Configured"
 671      4345 5F53 
 671      5441 5445 
 671      5F43 6F6E 
 671      6669 6775 
 672               	.LASF4:
 673 015d 756E 7369 		.string	"unsigned int"
 673      676E 6564 
 673      2069 6E74 
 673      00
 674               	.LASF8:
 675 016a 6C6F 6E67 		.string	"long long unsigned int"
 675      206C 6F6E 
 675      6720 756E 
 675      7369 676E 
 675      6564 2069 
 676               	.LASF33:
 677 0181 474E 5520 		.string	"GNU C99 9.2.0 -mn-flash=1 -mno-skip-bug -mmcu=avr5 -gdwarf-2 -Os -std=gnu99 -funsigned-ch
 677      4339 3920 
 677      392E 322E 
 677      3020 2D6D 
 677      6E2D 666C 
 678               	.LASF30:
 679 0269 456E 6470 		.string	"Endpoint_IsSETUPReceived"
 679      6F69 6E74 
 679      5F49 7353 
 679      4554 5550 
 679      5265 6365 
 680               	.LASF37:
 681 0282 5072 6576 		.string	"PrevEndpoint"
 681      456E 6470 
 681      6F69 6E74 
 681      00
 682               	.LASF34:
 683 028f 6C69 622F 		.string	"lib/lufa/LUFA/Drivers/USB/Core/USBTask.c"
 683      6C75 6661 
 683      2F4C 5546 
 683      412F 4472 
 683      6976 6572 
 684               	.LASF29:
 685 02b8 456E 6470 		.string	"Endpoint_SelectEndpoint"
 685      6F69 6E74 
 685      5F53 656C 
 685      6563 7445 
 685      6E64 706F 
 686               	.LASF7:
 687 02d0 6C6F 6E67 		.string	"long long int"
 687      206C 6F6E 
 687      6720 696E 
 687      7400 
 688               	.LASF15:
 689 02de 626D 5265 		.string	"bmRequestType"
 689      7175 6573 
 689      7454 7970 
 689      6500 
 690               	.LASF11:
 691 02ec 4445 5649 		.string	"DEVICE_STATE_Default"
 691      4345 5F53 
 691      5441 5445 
 691      5F44 6566 
 691      6175 6C74 
 692               	.LASF18:
 693 0301 7749 6E64 		.string	"wIndex"
 693      6578 00
 694               	.LASF3:
 695 0308 7569 6E74 		.string	"uint16_t"
 695      3136 5F74 
 695      00
 696               	.LASF35:
 697 0311 2F55 7365 		.string	"/Users/tars/Desktop/keyboards"
 697      7273 2F74 
 697      6172 732F 
 697      4465 736B 
 697      746F 702F 
 698               	.LASF5:
 699 032f 6C6F 6E67 		.string	"long int"
 699      2069 6E74 
 699      00
 700               	.LASF21:
 701 0338 5553 425F 		.string	"USB_Device_ConfigurationNumber"
 701      4465 7669 
 701      6365 5F43 
 701      6F6E 6669 
 701      6775 7261 
 702               	.LASF0:
 703 0357 7369 676E 		.string	"signed char"
 703      6564 2063 
 703      6861 7200 
 704               	.LASF31:
 705 0363 456E 6470 		.string	"Endpoint_GetCurrentEndpoint"
 705      6F69 6E74 
 705      5F47 6574 
 705      4375 7272 
 705      656E 7445 
 706               	.LASF23:
 707 037f 5F42 6F6F 		.string	"_Bool"
 707      6C00 
 708               	.LASF22:
 709 0385 5553 425F 		.string	"USB_Device_RemoteWakeupEnabled"
 709      4465 7669 
 709      6365 5F52 
 709      656D 6F74 
 709      6557 616B 
 710               	.LASF10:
 711 03a4 4445 5649 		.string	"DEVICE_STATE_Powered"
 711      4345 5F53 
 711      5441 5445 
 711      5F50 6F77 
 711      6572 6564 
 712               		.text
 713               		.section	.gnu.lto_.profile.f5d6459f803eba6c,"e",@progbits
 714 0000 789C E360 		.string	"x\234\343``\004B "
 714      6004 4220 
 714      00
 715 0009 00        		.string	""
 716 000a 00        		.string	""
 717 000b 5D00      		.string	"]"
 718 000d 0B        		.ascii	"\013"
 719               		.text
 720               		.section	.gnu.lto_.icf.f5d6459f803eba6c,"e",@progbits
 721 0000 789C E360 		.string	"x\234\343``d\020a@"
 721      6064 1061 
 721      4000 
 722 000a 6686 2F4B 		.string	"f\206/K\357-de\352{\264\362,/s\377\337\367\317y\031"
 722      EF2D 6465 
 722      EA7B B4F2 
 722      2C2F 73FF 
 722      DFF7 CF79 
 723 0020 656E 09A5 		.ascii	"en\t\245"
 724               		.text
 725               		.section	.gnu.lto_.jmpfuncs.f5d6459f803eba6c,"e",@progbits
 726 0000 789C E360 		.string	"x\234\343``d\340b@"
 726      6064 E062 
 726      4000 
 727 000a 2638 0100 		.string	"&8\001"
 728 000e 01FC 00   		.string	"\001\374"
 729 0011 18        		.ascii	"\030"
 730               		.text
 731               		.section	.gnu.lto_.inline.f5d6459f803eba6c,"e",@progbits
 732 0000 789C E360 		.string	"x\234\343``d\ba@"
 732      6064 0861 
 732      4000 
 733 000a 2606 06D1 		.string	"&\006\006\321\231\0357\332\230\322\031\031\230\224&\264^ogNc``k"
 733      991D 37DA 
 733      98D2 1919 
 733      9894 26B4 
 733      5E6F 674E 
 734 0023 02A6 1426 		.string	"\002\246\024&\2204\003\003#\027D%\013H\2249\215\021$\332\bd\326aW\310"
 734      9034 0303 
 734      2317 4425 
 734      0B48 9439 
 734      8D11 24DA 
 735 003e 00        		.string	""
 736 003f 32F2 1045 		.ascii	"2\362\020E"
 737               		.text
 738               		.section	.gnu.lto_.pureconst.f5d6459f803eba6c,"e",@progbits
 739 0000 789C E360 		.string	"x\234\343``d`g```b\230\305\3024\203\005"
 739      6064 6067 
 739      6060 6062 
 739      98C5 C234 
 739      8305 00
 740 0013 053B 014F 		.ascii	"\005;\001O"
 741               		.text
 742               		.section	.gnu.lto_USB_DeviceTask.f5d6459f803eba6c,"e",@progbits
 743 0000 789C 8555 		.string	"x\234\205U]L\\U\020>s\317\375cY\240M\2535!&}!\r\206\200\261\301\210\361A\254\372\344\203Q
 743      5D4C 5C55 
 743      103E 73CF 
 743      FD63 59A0 
 743      4DAB 3521 
 744 0035 4504 3675 		.string	"E\0046u\331\312\206\324\304\324\332\240M\332\",\240\245\024j\001\221\212\264\374,J\013\30
 744      D9CA 86D4 
 744      C4D4 DAA0 
 744      4DDA 222C 
 744      A0A5 146A 
 745 00c2 D5BC 8143 		.string	"\325\274\201CW\371\314)-\363(>\027\341\206\345\334R\361\321cA\316\230\037\277\352\003\247
 745      57F9 CC29 
 745      2DF3 283E 
 745      17E1 86E5 
 745      DC52 F1D1 
 746 0196 2F40 3B20 		.string	"/@; N\bC\013\260\337\301;\321\235u\237\220\0060\350\004Y\017\314\207\267L\3753\250\305\36
 746      4E08 430B 
 746      B0DF C13B 
 746      D19D 759F 
 746      9006 30E8 
 747 0217 1565 F5E5 		.string	"\025e\365\345\243\206\322\270P\211!B\242\257\321\244\220\034\322\240\007\2351\327\320\277
 747      A386 D2B8 
 747      5089 2142 
 747      A2AF D1A4 
 747      901C D2A0 
 748 027d B880 66D8 		.string	"\270\200f\330\320k\335\267M\025\336\215\026=\013\177\f\203\262`\360\243\323\321J\256_\277
 748      D06B DDB7 
 748      4D15 DE8D 
 748      163D 0B7F 
 748      0C83 B260 
 749 02fb B6A0 32AF 		.string	"\266\2402\257G\316f\327\334\3207:\3162\371\340\006\210\316\262\343\303\342|\344\334\016BF
 749      47CE 66D7 
 749      DCD0 373A 
 749      CE32 F9E0 
 749      0688 CEB2 
 750 0394 BFC6 00   		.string	"\277\306"
 751 0397 8CC5 D3D3 		.string	"\214\305\323\323R\316\035+\365\035\272\"\237\r\227\243\364l\370\354\254\246V\216\025e\344
 751      52CE 1D2B 
 751      F51D BA22 
 751      9F0D 97A3 
 751      F46C F8EC 
 752 043d 76FC 7F0D 		.ascii	"v\374\177\rR\317\257\250G9\262\033\2401ga\2002\363\204\351\232"
 752      52CF AFA8 
 752      4739 B21B 
 752      A031 6761 
 752      8032 F384 
 753 0453 B9A7 A820 		.ascii	"\271\247\250 g\317\007\273w\344\274\262\375\345\374\234\027\213"
 753      67CF 07BB 
 753      77E4 BCB2 
 753      FDE5 FC9C 
 753      178B 
 754 0465 8BF6 1716 		.ascii	"\213\366\027\026\227\344l\177\375\205\234m\373\212\013IxcG\311"
 754      97E4 6C7F 
 754      FD85 9C6D 
 754      FB8A 0B49 
 754      7863 47C9 
 755 0479 BBD9 3B99 		.ascii	"\273\331;\231\373\325\342\302\375/\355\335\365\336\276\242\275"
 755      FBD5 E2C2 
 755      FD2F EDDD 
 755      F5DE BEA2 
 755      BD
 756 048a EF6F 88E9 		.ascii	"\357o\210\351\263\013\236\332\372\364\316\202\334\\\366\334\377"
 756      B30B 9EDA 
 756      FAF4 CE82 
 756      DC5C F6DC 
 756      FF
 757 049b 84CA 7FF3 		.ascii	"\204\312\177\363\265gr\262\263\325o4\320\333t\313~\207Y\371\273"
 757      B567 72B2 
 757      B3D5 6F34 
 757      D0DB 74CB 
 757      7E87 59F9 
 758 04b0 7615 1796 		.ascii	"v\025\027\226\224\374\007}\331\252!"
 758      94FC 077D 
 758      D9AA 21
 759               		.text
 760               		.section	.gnu.lto_USB_USBTask.f5d6459f803eba6c,"e",@progbits
 761 0000 789C E360 		.string	"x\234\343``d8\310\300\300\240\r\304\262@\314\310\314\300\310\324\320\320\340\300\336\310\
 761      6064 38C8 
 761      C0C0 A00D 
 761      C4B2 40CC 
 761      C8CC C0C8 
 762 0094 6600      		.string	"f"
 763 0096 0D9E BBE2 		.string	"\r\236\273\342\314\177\316\026\306\246F\216\371\314\2143\231\201\2062\356alad\230\317\314
 763      CC7F CE16 
 763      C6A6 468E 
 763      F9CC 8C33 
 763      9981 8632 
 764 00ed 00        		.string	""
 765 00ee FB40 4D19 		.ascii	"\373@M\031"
 766               		.text
 767               		.section	.gnu.lto_.symbol_nodes.f5d6459f803eba6c,"e",@progbits
 768 0000 789C E360 		.string	"x\234\343``dha"
 768      6064 6861 
 768      00
 769 0009 02A6 9B0C 		.string	"\002\246\233\f\365\f\r@\300\3028\341\034\003\220\315\260\263\341`\003\033P\032\bX\25730\2
 769      F50C 0D40 
 769      C0C2 38E1 
 769      1C03 90CD 
 769      B0B3 E160 
 770 0065 00        		.string	""
 771 0066 806D 261C 		.ascii	"\200m&\034"
 772               		.text
 773               		.section	.gnu.lto_.refs.f5d6459f803eba6c,"e",@progbits
 774 0000 789C E360 		.string	"x\234\343``d`c`"
 774      6064 6063 
 774      6000 
 775 000a 920C 8C4C 		.string	"\222\f\214L\f"
 775      0C00 
 776 0010 00        		.string	""
 777 0011 D300      		.string	"\323"
 778 0013 14        		.ascii	"\024"
 779               		.text
 780               		.section	.gnu.lto_.decls.f5d6459f803eba6c,"e",@progbits
 781 0000 789C 9555 		.string	"x\234\225Ukl\024U\024\276g\356\262\335\035\266\024\201\bI\3214\244&\230`\027D\bD\215bA%1\
 781      6B6C 1455 
 781      14BE 67EE 
 781      B2DD 1DB6 
 781      1481 0849 
 782 0031 F58F D307 		.string	"\365\217\323\007\264\212\220\022Ai\005,\024\b\n\205\246\202b\213t\351\203Wi\351\223\226\"
 782      B48A 9012 
 782      4169 052C 
 782      1408 0A85 
 782      A682 628B 
 783 006e 1927 13A2 		.string	"\031'\023\242J\204\324\022B\006\360\242\370\254#\241\213\351\245(\207Q\3125\3758\312%\224
 783      4A84 D412 
 783      4206 F0A2 
 783      F8AC 23A1 
 783      8BE9 A528 
 784 00d7 E022 74E0 		.ascii	"\340\"t\340*>%\361\320L\240"
 784      2A3E 25F1 
 784      D04C A0
 785 00e2 8511 FD3D 		.string	"\205\021\375=\030'<\222\216*\326\200\006\2172\240_\002^\017\t\2012M\032\304J\303`>\211\33
 785      1827 3C92 
 785      8E2A D680 
 785      068F 32A0 
 785      5F02 5E0F 
 786 01e3 30C8 EE1B 		.ascii	"0\310\356\033\215 t\346\376\351\307\235\025\221\364\201\210\335"
 786      8D20 74E6 
 786      FEE9 C79D 
 786      1591 F481 
 786      88DD 
 787 01f5 D3D2 7ADB 		.ascii	"\323\322z\333(g\251j\272\032\310S\3518\242\265\n\216\002_\200"
 787      2867 A96A 
 787      BA1A C853 
 787      E938 A2B5 
 787      0A8E 025F 
 788 020a F9E0 0844 		.ascii	"\371\340\bDC%D\263\360\272\033\255\037\276\224\257v\224\263\216"
 788      4325 44B3 
 788      F0BA 1BAD 
 788      1FBE 94AF 
 788      7694 B38E 
 789 021e 4DBA B482 		.ascii	"M\272\264\202u\f\340\030\310P!\310\005;\215:\211\037\220\b\034"
 789      750C E018 
 789      C850 21C8 
 789      053B 8D3A 
 789      891F 9008 
 790 0233 8797 70E1 		.ascii	"\207\227p\341\275\373\331{M4M\354f"
 790      BDFB D97B 
 790      4D34 4DEC 
 790      66
 791 0240 E9C0 77A5 		.string	"\351\300w\245\006$4J\006\023\252\353\177>\334oAu\214\f\001\346\376\355T\316\367F\3416\242
 791      0624 344A 
 791      0613 AAEB 
 791      7F3E DC6F 
 791      4175 8C0C 
 792 0341 AE09 02AF 		.string	"\256\t\002\257e\223\227\215\243\307\306\373$\006T\241\234\005\003\341+X\355\027!\026\332P
 792      6593 978D 
 792      A3C7 C6FB 
 792      2406 54A1 
 792      9C05 03E1 
 793 0363 B1EC 5B16 		.ascii	"\261\354[\026iN\274\022J\363\347\023i\252\037\343\337\025\306"
 793      694E BC12 
 793      4AF3 E713 
 793      69AA 1FE3 
 793      DF15 C6
 794 0376 FFCC 63FC 		.ascii	"\377\314c\374\255z(\366ms\325\231\207\022]Ey[\037u\354\330)\217"
 794      AD7A 28F6 
 794      6D73 D599 
 794      8712 5D45 
 794      795B 1F75 
 795 038e 1E8A 27FC 		.ascii	"\036\212'\374\245\341<\205*\202T>\332\220Aq\026\332\003l\026"
 795      A5E1 3C85 
 795      2A82 543E 
 795      DA90 4171 
 795      16DA 036C 
 796 03a3 2677 6C57 		.ascii	"&wlW\371,t\340\302\023\332,h\240\310\342\004\233\206^\334\310"
 796      F92C 74E0 
 796      C213 DA2C 
 796      68A0 C8E2 
 796      049B 865E 
 797 03b9 4B7C 1AF6 		.ascii	"K|\032\366l;\220&\323<\301\246\272\262aC\004-\342\n\255>\227"
 797      6C3B 9026 
 797      D33C C1A6 
 797      BAB2 6143 
 797      042D E20A 
 798 03d0 513D 02CC 		.ascii	"Q=\002\314\321\200K!\223\227\250f\217\204\340\027t\031\241\257"
 798      D180 4B21 
 798      9397 A866 
 798      8F84 E017 
 798      7419 A1AF 
 799 03e4 8099 C055 		.ascii	"\200\231\300U\f\350B\354\034\325\304\r9j\026\373\331\261W\304"
 799      0CE8 42EC 
 799      1CD5 C40D 
 799      396A 16FB 
 799      D9B1 57C4 
 800 03f8 FC36 BBAB 		.ascii	"\3746\273\253\306l\316\344c\375\364\365\030\234\325\263;\315"
 800      C66C CEE4 
 800      63FD F4F5 
 800      189C D5B3 
 800      3BCD 
 801 040a A24D 75EB 		.ascii	"\242Mu\353l\365\233\030\270\006f\350|l\240;Y\t\335X\302uV\002"
 801      6CF5 9B18 
 801      B806 66E8 
 801      7C6C A03B 
 801      5909 DD58 
 802 0422 AD3E 5958 		.ascii	"\255>YX`\006Y\020\315\322~\266\241O\235\300\r\220\t\334Do7g\311"
 802      6006 5910 
 802      CDD2 7EB6 
 802      A14F 9DC0 
 802      0D90 09DC 
 803 043b 42EA 805B 		.ascii	"B\352\200[\271r\353-\021\2017\266#]\347\367\r\267|\035\034>\376"
 803      B972 EB2D 
 803      1181 37B6 
 803      235D E7F7 
 803      0DB7 7C1D 
 804 0452 4B09 EDFA 		.ascii	"K\t\355\372-\260\020\361\300\330\342\313kz\215\372te<}\272\340"
 804      2DB0 10F1 
 804      C0D8 E2CB 
 804      6B7A 8DFA 
 804      7465 3C7D 
 805 0468 3687 DF54 		.ascii	"6\207\337T|\241\302\024\016\317~\247!\370\036\001\337\303\341"
 805      7CA1 C214 
 805      0ECF 7EA7 
 805      21F8 1E01 
 805      DFC3 E1
 806 047b F36E D51F 		.ascii	"\363n\325\037\211\242\007\304\336\374\\\260\271p\004m\024\312"
 806      89A2 07C4 
 806      DEFC 5CB0 
 806      B970 046D 
 806      14CA 
 807 048d AAB2 F28D 		.ascii	"\252\262\362\215F6\215w\365i\\y6u+\245\027\205{\337W\365\007"
 807      4636 8D77 
 807      F569 5C79 
 807      3675 2BA5 
 807      1785 7BDF 
 808 04a4 B8FB BEEE 		.ascii	"\270\373\276\356\316\335}\367\321\240\223\210}\245\234,\364\262"
 808      CEDD 7DF7 
 808      D1A0 9388 
 808      7DA5 9C2C 
 808      F4B2 
 809 04b6 79F8 3BFC 		.ascii	"y\370;\3744\252\331~:`\320N\243\356\177&\226\336ec\254\252\031"
 809      34AA D97E 
 809      3A60 D04E 
 809      A3EE 7F26 
 809      96DE 6563 
 810 04cd 3086 C5C1 		.ascii	"0\206\305\301\035\375\347\017\367\360\023\355\203\t\314\242\237"
 810      1DFD E70F 
 810      F7F0 13ED 
 810      8309 CCA2 
 810      9F
 811 04de 254D 7896 		.ascii	"%Mx\226\364\361\203`\373\3525G#i\221a\b\302\351\005\307\277\032"
 811      F4F1 8360 
 811      FBEA 3547 
 811      2369 9161 
 811      08C2 E905 
 812 04f5 AE25 E979 		.ascii	"\256%\351yS\034S[d\236\340A0\301CL\320\217\t\036\204\022\\\304"
 812      531C 535B 
 812      649E E041 
 812      30C1 434C 
 812      D08F 091E 
 813 050d 04FD 3C41 		.ascii	"\004\375<A\345\315\246kFZ;T\202\377\371\353\2539\266\346h\004"
 813      E5CD A66B 
 813      465A 3B54 
 813      82FF F9EB 
 813      AB39 B6E6 
 814 0523 0210 3CA9 		.ascii	"\002\020<\251d\326\n\264\265\034\b\364\030\2078\277S%\354\230"
 814      64D6 0AB4 
 814      B51C 08F4 
 814      1887 38BF 
 814      5325 EC98 
 815 0537 2A69 2DBB 		.ascii	"*i-\273R\335v*J\253\246\355\370\213\365\252\272\001'z\033\260"
 815      52DD 762A 
 815      4AAB A6ED 
 815      F88B F5AA 
 815      BA01 277A 
 816 054d 3078 14AC 		.ascii	"0x\024\254\347\037\254'M\232\300,z=\277c=hB\214\275[\323\177"
 816      E71F AC27 
 816      4D9A C02C 
 816      7A3D BF63 
 816      3D68 428C 
 817 0565 35D1 2B43 		.ascii	"5\321+C\325\363\344\246\366\225dn\036D\017\307I\333\324\025H"
 817      D5F3 E4A6 
 817      F695 646E 
 817      1E44 0FC7 
 817      49DB D415 
 818 057a 0C56 4A61 		.ascii	"\fVJa\233Z\221\273\367\007Yc\330\265$\330o\214\201tI\347\227"
 818      9B5A 91BB 
 818      F707 5963 
 818      D8B5 24D8 
 818      6F8C 8174 
 819 0591 2119 2013 		.ascii	"!\031 \023\371\241E\347\267\013\371\241\211\214X\220\360\216"
 819      F9A1 45E7 
 819      B70B F9A1 
 819      898C 5890 
 819      F08E 
 820 05a3 6DB6 B2CC 		.ascii	"m\266\262\314\231\244\314\267{\027Ot9\023\255.\377\307v\353\007"
 820      99A4 CCB7 
 820      7B17 4F74 
 820      3913 AD2E 
 820      FFC7 76EB 
 821 05b8 0BDE 9D65 		.ascii	"\013\336\235e\235\355q.S<^+\006Y\343S<\n{aaqI\246\367>\\\020"
 821      9DED 712E 
 821      533C 5E2B 
 821      0659 E353 
 821      3C0A 7B61 
 822 05d4 133F 7326 		.ascii	"\023?s&\031\0354\305%\276:uzR\342\264i\344\345gE!\303YzM\215"
 822      191D 34C5 
 822      25BE 3A75 
 822      7A52 E2B4 
 822      69E4 E567 
 823 05ef 0951 B17D 		.ascii	"\tQ\261}\344IIR\274\336\370\024\267\317\223\342\232\247|\352"
 823      E449 4952 
 823      BCDE F814 
 823      B7CF 93E2 
 823      9AA7 7CEA 
 824 0603 57BC BED7 		.ascii	"W\274\276\327\377\003v\326\302y3\254qqV\201\221\340\263\273\035"
 824      FF03 76D6 
 824      C279 33AC 
 824      7171 5681 
 824      91E0 B3BB 
 825 0618 768F 0317 		.ascii	"v\217\003\027\307%\223\250\0208:|J\204\337\351\366\315\260\371"
 825      C725 93A8 
 825      1038 3A7C 
 825      4A84 DFE9 
 825      F6CD B0F9 
 826 062c 4631 FBE0 		.ascii	"F1\373\3404\306\345s\335\016\3453\023\213\2302\335\206\372B\273"
 826      34C6 E573 
 826      DD0E E533 
 826      138B 9832 
 826      DD86 FA42 
 827 0641 CBAF 9812 		.ascii	"\313\257\230\0225\177d\342\022\355m\376\347K\025\343R{\322b\305"
 827      357F 64E2 
 827      12ED 6DFE 
 827      E74B 15E3 
 827      527B D262 
 828 0656 11B1 FC03 		.ascii	"\021\261\374\003\305\375\211/y\3063rL\3609\302@\220\340\030F"
 828      C5FD 892F 
 828      79C6 3372 
 828      4CF0 39C2 
 828      4090 E018 
 829 066b 4433 D9DE 		.ascii	"D3\331\336W\354\016\305c\363=\307\214s\275s\335N\237\323\356"
 829      57EC 0EC5 
 829      63F3 3DC7 
 829      8C73 BD73 
 829      DD4E 9FD3 
 830 0680 727E A138 		.ascii	"r~\2418\206\331\336IIqE\317q;\226\246 ?\333{\212/\336\357\361"
 830      86D9 DE49 
 830      4971 45CF 
 830      713B 96A6 
 830      203F DB7B 
 831 0699 286E 9F6E 		.ascii	"(n\237n\212\264\273\226\333?\367\332\234n\227\323\255\214Zn\367"
 831      8AB4 BB96 
 831      DB3F F7DA 
 831      9C6E 97D3 
 831      AD8C 5A6E 
 832 06ae B86D 7EB7 		.ascii	"\270m~\267\337\2538l\036\305\353w\371\336xF\212\374\031L\304"
 832      DFAB 386C 
 832      1EC5 EB77 
 832      F9DE 7846 
 832      8AFC 194C 
 833 06c3 34A4 F942 		.ascii	"4\244\371Bxf\375}\266\323\243$\371\234)\356\261Ao\202\342B\223"
 833      7866 FD7D 
 833      B6D3 A324 
 833      F99C 29EE 
 833      B141 6F82 
 834 06da AE8E 0BDA 		.ascii	"\256\216\013\332\347z\023\346\314_\360\321<%I\301\264\216\177"
 834      E77A 13E6 
 834      CC5F F0D1 
 834      3C25 49C1 
 834      B48E 7F
 835 06ed 0187 DAC7 		.ascii	"\001\207\332\307\366"
 835      F6
 836               		.text
 837               		.section	.gnu.lto_.symtab.f5d6459f803eba6c,"e",@progbits
 838 0000 5553 425F 		.string	"USB_DeviceState"
 838      4465 7669 
 838      6365 5374 
 838      6174 6500 
 839 0010 00        		.string	""
 840 0011 04        		.ascii	"\004"
 841 0012 00        		.string	""
 842 0013 0100      		.string	"\001"
 843 0015 00        		.string	""
 844 0016 00        		.string	""
 845 0017 00        		.string	""
 846 0018 00        		.string	""
 847 0019 00        		.string	""
 848 001a 00        		.string	""
 849 001b C900      		.string	"\311"
 850 001d 00        		.string	""
 851 001e 00        		.string	""
 852 001f 5553 425F 		.string	"USB_USBTask"
 852      5553 4254 
 852      6173 6B00 
 853 002b 00        		.string	""
 854 002c 00        		.string	""
 855 002d 00        		.string	""
 856 002e 00        		.string	""
 857 002f 00        		.string	""
 858 0030 00        		.string	""
 859 0031 00        		.string	""
 860 0032 00        		.string	""
 861 0033 00        		.string	""
 862 0034 00        		.string	""
 863 0035 00        		.string	""
 864 0036 C100      		.string	"\301"
 865 0038 00        		.string	""
 866 0039 00        		.string	""
 867 003a 5553 425F 		.string	"USB_ControlRequest"
 867      436F 6E74 
 867      726F 6C52 
 867      6571 7565 
 867      7374 00
 868 004d 00        		.string	""
 869 004e 04        		.ascii	"\004"
 870 004f 00        		.string	""
 871 0050 0800      		.string	"\b"
 872 0052 00        		.string	""
 873 0053 00        		.string	""
 874 0054 00        		.string	""
 875 0055 00        		.string	""
 876 0056 00        		.string	""
 877 0057 00        		.string	""
 878 0058 E500      		.string	"\345"
 879 005a 00        		.string	""
 880 005b 00        		.string	""
 881 005c 5553 425F 		.string	"USB_IsInitialized"
 881      4973 496E 
 881      6974 6961 
 881      6C69 7A65 
 881      6400 
 882 006e 00        		.string	""
 883 006f 04        		.ascii	"\004"
 884 0070 00        		.string	""
 885 0071 0100      		.string	"\001"
 886 0073 00        		.string	""
 887 0074 00        		.string	""
 888 0075 00        		.string	""
 889 0076 00        		.string	""
 890 0077 00        		.string	""
 891 0078 00        		.string	""
 892 0079 EC00      		.string	"\354"
 893 007b 00        		.string	""
 894 007c 00        		.string	""
 895 007d 5553 425F 		.string	"USB_Device_ProcessControlRequest"
 895      4465 7669 
 895      6365 5F50 
 895      726F 6365 
 895      7373 436F 
 896 009e 00        		.string	""
 897 009f 02        		.ascii	"\002"
 898 00a0 00        		.string	""
 899 00a1 00        		.string	""
 900 00a2 00        		.string	""
 901 00a3 00        		.string	""
 902 00a4 00        		.string	""
 903 00a5 00        		.string	""
 904 00a6 00        		.string	""
 905 00a7 00        		.string	""
 906 00a8 00        		.string	""
 907 00a9 C300      		.string	"\303"
 908 00ab 00        		.string	""
 909 00ac 00        		.string	""
 910               		.text
 911               		.section	.gnu.lto_.opts,"e",@progbits
 912 0000 272D 666E 		.string	"'-fno-openmp' '-fno-openacc' '-fno-pie' '-mn-flash=1' '-mno-skip-bug' '-mmcu=avr5' '-Os' 
 912      6F2D 6F70 
 912      656E 6D70 
 912      2720 272D 
 912      666E 6F2D 
 913               		.text
 914               		.comm	__gnu_lto_v1,1,1
 915               		.comm	__gnu_lto_slim,1,1
 916               		.ident	"GCC: (GNU) 9.2.0"
DEFINED SYMBOLS
                            *ABS*:0000000000000000 USBTask.c
/var/folders/xx/3qcqnrxj7md526g3lvyld9680000gn/T//cctfRYxa.s:2      *ABS*:000000000000003e __SP_H__
/var/folders/xx/3qcqnrxj7md526g3lvyld9680000gn/T//cctfRYxa.s:3      *ABS*:000000000000003d __SP_L__
/var/folders/xx/3qcqnrxj7md526g3lvyld9680000gn/T//cctfRYxa.s:4      *ABS*:000000000000003f __SREG__
/var/folders/xx/3qcqnrxj7md526g3lvyld9680000gn/T//cctfRYxa.s:5      *ABS*:0000000000000000 __tmp_reg__
/var/folders/xx/3qcqnrxj7md526g3lvyld9680000gn/T//cctfRYxa.s:6      *ABS*:0000000000000001 __zero_reg__
/var/folders/xx/3qcqnrxj7md526g3lvyld9680000gn/T//cctfRYxa.s:18     .gnu.debuglto_.debug_info:0000000000000000 USBTask.c.b236cb55
                            *COM*:0000000000000001 __gnu_lto_v1
                            *COM*:0000000000000001 __gnu_lto_slim

NO UNDEFINED SYMBOLS
