   1               		.file	"HIDParser.c"
   2               	__SP_H__ = 0x3e
   3               	__SP_L__ = 0x3d
   4               	__SREG__ = 0x3f
   5               	__tmp_reg__ = 0
   6               	__zero_reg__ = 1
   7               		.section	.gnu.lto_.profile.76c22b720b9090,"",@progbits
   8 0000 789C 6363 		.string	"x\234cc```\003bF\206\273L'\231"
   8      6060 6003 
   8      6246 86BB 
   8      4C27 9900 
   9 0010 05B2 01B8 		.ascii	"\005\262\001\270"
  10               		.text
  11               		.section	.gnu.lto_.icf.76c22b720b9090,"",@progbits
  12 0000 789C 6363 		.string	"x\234cc``\220d@"
  12      6060 9064 
  12      4000 
  13 000a 1686 556F 		.string	"\026\206Uo\276\2133\036m\231|\204\205\351\372\221\356\315,\314\267n\315\350de"
  13      BE8B 331E 
  13      6D99 7C84 
  13      85E9 FA91 
  13      EECD 2CCC 
  14 0025 00        		.string	""
  15 0026 963D 0B29 		.ascii	"\226=\013)"
  16               		.text
  17               		.section	.gnu.lto_.jmpfuncs.76c22b720b9090,"",@progbits
  18 0000 789C 7D51 		.string	"x\234}Q\253\016\302@\020\334\271-=P\374\300}A%\216OCQSCmC\020\365|"
  18      AB0E C240 
  18      10DC B92D 
  18      3D50 FCC0 
  18      7D41 258E 
  19 001f AF22 4808 		.ascii	"\257\"H\b\016E\300\365\013P8\022d\331\343\216&\345\321KFlvfn"
  19      0E45 C0F5 
  19      0B50 3812 
  19      64D9 E38E 
  19      26E5 D14B 
  20 0038 261B 12D1 		.ascii	"&\033\022\321\021T\277\200\030\200\036\347L\002\b\224\"\302\036"
  20      1154 BF80 
  20      1880 1EE7 
  20      4C02 0894 
  20      22C2 1E
  21 004b 2041 5531 		.ascii	" AU1T\306\230&\207\223N9g\006a\001c\021\266\320\002\241-\205"
  21      54C6 9826 
  21      8793 4E39 
  21      6706 6101 
  21      6311 B6D0 
  22 0063 6681 C8D4 		.ascii	"f\201\310\324D\221\b\355>I\036li\035h\254\340\326\372\265n\232"
  22      4491 08ED 
  22      3E49 1E6C 
  22      691D 68AC 
  22      E0D6 FAB5 
  23 0079 5273 B2DA 		.ascii	"Rs\262\332\3719K\373N\033a\355\265\221\323r<\374\314\376/E\353"
  23      F939 4BFB 
  23      4E1B 61ED 
  23      B591 D372 
  23      3CFC CCFE 
  24 0090 B7CD 2EA1 		.ascii	"\267\315.\241t\331\210\303\346g\227bw\033\2708\006\205\3674\316"
  24      74D9 88C3 
  24      E667 9762 
  24      771B B838 
  24      0685 F734 
  25 00a5 538D 149A 		.ascii	"S\215\024\232\371\277\345\227k<\203\323\227\032[oP\272T\022\037"
  25      F9BF E597 
  25      6B3C 83D3 
  25      971A 5B6F 
  25      50BA 5412 
  26 00ba EC2F A395 		.ascii	"\354/\243\225\037\272v\340\367\321\224\240gAO\246qb\t"
  26      1FBA 76E0 
  26      F7D1 94A0 
  26      6741 4FA6 
  26      7162 09
  27               		.text
  28               		.section	.gnu.lto_.inline.76c22b720b9090,"",@progbits
  29 0000 789C A552 		.string	"x\234\245R\241N\003A\024\234y\273w]h\013\007\002uIKBH\r?@\020\375\202Z<\262\375\001\344\0
  29      A14E 0341 
  29      149C 79BB 
  29      775D 680B 
  29      0702 7549 
  30 002c 4343 D0A4 		.string	"CC\320\244A\0210(\322`\360\204\324\326\360^\367\016\b\212\204\025;\363\336$\373fv7\205.\3
  30      4111 3028 
  30      D260 F084 
  30      D4D6 F05E 
  30      F70E 088A 
  31 006a 3551 EADB 		.ascii	"5Q\352\333\250[J\200\357\006\261\273\317&\263\341\330\361\374"
  31      A85B 4A80 
  31      EF06 B1BB 
  31      CF26 B3E1 
  31      D8F1 FC
  32 007d E4EE A971 		.ascii	"\344\356\251q\352.\\\203\3405s0\033E\f\243\237\362\252\312\023"
  32      EA2E 5C83 
  32      E035 7330 
  32      1B45 0CA3 
  32      9FF2 AACA 
  33 0092 E6AE C730 		.ascii	"\346\256\3070\254\210\331a\320q}\243.\362\036l\007\226b\327\274"
  33      AC88 D961 
  33      D071 7DA3 
  33      2EF2 1E6C 
  33      0796 62D7 
  34 00a7 C886 CE4E 		.ascii	"\310\206\316N\313\216\332-;}p\226\024\fR\341\022\244*%\226^\313"
  34      CB8E DA2D 
  34      3B7D 7096 
  34      140C 52E1 
  34      12A4 2A25 
  35 00be E421 5704 		.ascii	"\344!W\004\337\245\b\231\311\221\300\3376\213\226\242\214\245"
  35      DFA5 0899 
  35      C991 C0DF 
  35      368B 96A2 
  35      8CA5 
  36 00d0 C80C 3F1A 		.ascii	"\310\f?\032EW\365\210\b\223\003-v\346WI\200\235n7\271}\017\256"
  36      4557 F588 
  36      0893 032D 
  36      76E6 5749 
  36      809D 6E37 
  37 00e8 68D8 DFE9 		.ascii	"h\330\337\351\376\030\307\332k\377JP\3717\267\252Y\212tvh6_\337"
  37      FE18 C7DA 
  37      6BFF 4A50 
  37      F937 B7AA 
  37      598A 7476 
  38 0100 D2DA A6C3 		.ascii	"\322\332\246\303\372\236\276p\260\027\336\272\234z\204\351q\374"
  38      FA9E BE70 
  38      B017 DEBA 
  38      9C7A 84E9 
  38      71FC 
  39 0112 049F BB6D 		.ascii	"\004\237\273mO\201"
  39      4F81 
  40               		.text
  41               		.section	.gnu.lto_.pureconst.76c22b720b9090,"",@progbits
  42 0000 789C 6363 		.string	"x\234cc``\340\004b\026\006)F)&)f\006"
  42      6060 E004 
  42      6216 0629 
  42      4629 2629 
  42      6606 00
  43 0013 02AA 00   		.string	"\002\252"
  44 0016 68        		.ascii	"h"
  45               		.text
  46               		.section	.gnu.lto_USB_ProcessHIDReport.76c22b720b9090,"",@progbits
  47 0000 789C A57B 		.ascii	"x\234\245{\007XU\307\266\377\236\275\317\201C\227\003\n**\306"
  47      0758 55C7 
  47      B6FF 9EBD 
  47      CF81 4397 
  47      030A 2A2A 
  48 0015 5EB1 B798 		.ascii	"^\261\267\230jKn4/\357&y\367\276\3344B\f\361b\3115\311{\357\377"
  48      6A4B 6E34 
  48      2FEF 2679 
  48      F7BE DC34 
  48      420C F162 
  49 002f FEDF 8DD8 		.ascii	"\376\337\215\330@Q\020Q@O0b\357"
  49      4051 1051 
  49      404F 3062 
  49      EF
  50 003c 628B 0505 		.string	"b\213\005\005\001+\330K\024\033**\212\005\025\021\025A\337*\263\3679Tc\256\337\347\260g\3
  50      012B D84B 
  50      141B 2A2A 
  50      8A05 1511 
  50      1541 DF2A 
  51 013d 461F 209A 		.string	"F\037 \2320u\023]jS\331\241\031wh\246\267\007\352\017\315\365\207W\324\026i-\240g\313\023
  51      3075 135D 
  51      6A53 D9A1 
  51      1977 68A6 
  51      B707 EA0F 
  52 0213 49CD 52C4 		.string	"I\315R\304"
  52      00
  53 0218 EEB7 4B4E 		.ascii	"\356\267KN\323L\313nE\355\306\366\034D\366\334\243\250\203\211"
  53      D34C CB6E 
  53      45ED C6F6 
  53      1C44 F6DC 
  53      A3A8 8389 
  54 022c 6408 91EC 		.ascii	"d\b\221\354U\304\020&\331\247\360b|k\277\242jd\024\327w\321B"
  54      55C4 1026 
  54      D9A7 F062 
  54      7C6B BFA2 
  54      6A64 14D7 
  55 0243 EED9 8AFA 		.ascii	"\356\331\212\372^\222?T\377T\322\023\2529\212\016\346\200\"\004"
  55      5E92 3F54 
  55      FF54 D213 
  55      AA39 8A0E 
  55      E680 2204 
  56 0257 3E85 5B84 		.ascii	">\205[\2042N\325Lf'\347\203\212\305\305\325\315\335\303\323\253"
  56      324E D54C 
  56      6627 E783 
  56      8AC5 C5D5 
  56      CDDD C3D3 
  57 026c 9EB7 D5C7 		.ascii	"\236\267\325\307\267\376!\245\201\237\177\303F\215\003\2324m"
  57      B7FE 21A5 
  57      819F 7FC3 
  57      468D 039A 
  57      346D 
  58 027e 16D8 FC95 		.ascii	"\026\330\374\225\026-[\265n\323\266]\373\016\035;u\016\352\322"
  58      162D 5BB5 
  58      6ED3 B65D 
  58      FB0E 1D3B 
  58      750E EAD2 
  59 0292 B55B F71E 		.ascii	"\265[\367\036={\365\356\323\267\337\253\375_{\375\215\f%S\311"
  59      3D7B F5EE 
  59      D3B7 DFAB 
  59      FD5F 7BFD 
  59      8D0C 2553 
  60 02a7 5276 29BB 		.ascii	"Rv)\273\225=\312^e\237\262_\311Vr\024\0202\316\031\360\313\177"
  60      953D CA5E 
  60      659F B25F 
  60      C956 7214 
  60      1032 CE19 
  61 02be 6D14 9121 		.ascii	"m\024\221!D\\\266\376\207\376u\244\2323\025\324\320P\357\276"
  61      445C B6FE 
  61      87FE 75A4 
  61      9A33 15D4 
  61      D050 EFBE 
  62 02d2 DB20 EC59 		.ascii	"\333 \354Y\265\317tm\266&f\305\307^\364l\267,<|BxFbB\253\314"
  62      B5CF 746D 
  62      B626 66C5 
  62      C75E F46C 
  62      B72C 3C7C 
  63 02ed F0C9 FE49 		.ascii	"\360\311\376I\232\242$h\212\350\036 \272\004@?\261Q\264\203\236"
  63      9AA2 2468 
  63      8AE8 1E20 
  63      BA04 403F 
  63      B151 B483 
  64 0302 7B9E 3FCA 		.ascii	"{\236?\312\360\232\246%iB\250P=~\357\340<7\254\252\242\036T#"
  64      F09A A625 
  64      6942 A850 
  64      3D7E EFE0 
  64      3C37 ACAA 
  65 031a 579E 2A72 		.ascii	"W\236*r\323z\t\005\236WD\347&{\265YB<o\177\034\356\236\244ib"
  65      D37A 0905 
  65      9E57 44E7 
  65      267B B559 
  65      423C 6F7F 
  66 0334 B3D0 90E7 		.ascii	"\263\320\220\347\257\"@l\022\001\n4)b\213h\003\275\237'\2368"
  66      AF22 406C 
  66      1201 0A34 
  66      2962 8B68 
  66      03BD 9F27 
  67 034a EFAA BD45 		.ascii	"\357\252\275E\224\013\346\037*\020\222\262\240\304erx\206H\322"
  67      940B E61F 
  67      2A10 92B2 
  67      A0C4 6572 
  67      7886 48D2 
  68 035e 4C62 6B55 		.ascii	"LbkUb\223\"\266\021\361/\013\027\017\327\206\022\355\374\344"
  68      6293 22B6 
  68      11F1 2F0B 
  68      170F D786 
  68      12ED FCE4 
  69 0372 ADB3 CD40 		.ascii	"\255\263\315@\033\013\264EW=\230\326,R\253\322\232\025\261]\264"
  69      1B0B B445 
  69      573D 98D6 
  69      2C52 ABD2 
  69      9A15 B15D 
  70 0387 410A DBF6 		.ascii	"A\n\333\366\222\0343kd\201\352\226\242U[<X"
  70      921C 336B 
  70      6481 EA96 
  70      A255 5B3C 
  70      58
  71 0398 A30C 7C5D 		.string	"\243\f|]:a\335$\017\355/\304<bg\262\326jQ8\374\313(\232\354<><c|`\222\346$\322\231y\0320\
  71      3A61 DD24 
  71      0FED 2FC4 
  71      3C62 67B2 
  71      D66A 5138 
  72 0499 FCCF 86FF 		.ascii	"\374\317\206\377\373\340\377\036\370\237\t\377w\212V8\337a\242"
  72      FBE0 FF1E 
  72      F89F 09FF 
  72      778A 5638 
  72      DF61 A2
  73 04ac 1F15      		.ascii	"\037\025"
  74 04ae 4E0A C468 		.string	"N\n\304h\257\332\272\002\263{\363W\317r\327\2661\212\204\374\244\303\026\251\335\263\275\
  74      AFDA BA02 
  74      B37B F357 
  74      CF72 D7B6 
  74      318A 84FC 
  75 05af 2293 3366 		.string	"\"\2233f\202\205<E~\345\001\021\227E\0202\276R#c\301\214g]?7\335K\233\242\022\343\314+i\3
  75      8285 3C45 
  75      7EE5 0111 
  75      9745 1032 
  75      BE52 2363 
  76 06ad F61E 884F 		.string	"\366\036\210O\203\260\313`|1\004\253\357`\361.\266\375\t\237\336\303b(V\207a\227\367\261\
  76      83B0 CB60 
  76      7C31 04AB 
  76      EF60 F12E 
  76      B6FD 099F 
  77 072e 1CE5 9F88 		.string	"\034\345\237\210\351',\306\t\f\230\341\2028F\b\201"
  77      E927 2CC6 
  77      090C 98E1 
  77      8238 4608 
  77      8100 
  78 0740 23E1 0F60 		.ascii	"#\341\017`\233\"\260\303TA\016.J\020\366i\202`O\027$#\232k1\374"
  78      9B22 B0C3 
  78      5441 0E2E 
  78      4A10 F669 
  78      8260 4F17 
  79 075a 6E06 37C6 		.ascii	"n\0067\306r\343Ln\214\343\306Y\3348\233\033\343\005\315\277\004"
  79      72E3 4C6E 
  79      8CE3 C659 
  79      DC38 9B1B 
  79      E305 CDBF 
  80 076f 41FA 250A 		.ascii	"A\372%\nR\177\016\377\261qc\022\377\231\307\177\026\n\322l\261"
  80      527F 0EFF 
  80      B171 6312 
  80      FF99 C77F 
  80      160A D26C 
  81 0784 2075 9609 		.ascii	" u\226\t\322m9\203^\311\1776q\227\315\202\264\314\024\244r\016"
  81      D26D 3983 
  81      5EC9 7F36 
  81      7197 CD82 
  81      B4CC 14A4 
  82 079a 371E 64B1 		.ascii	"7\036d\261\2122\005\326\377#Sx\2062US\341ab\206R &$_\311\322"
  82      8A32 05D6 
  82      FF23 5378 
  82      8632 5553 
  82      E161 6286 
  83 07b5 303A A074 		.ascii	"0:\240tX\264;\347\355\314s\353\232\202\36179\037<\227/\005\214"
  83      58B4 3BE7 
  83      EDCC 73EB 
  83      9A82 F137 
  83      391F 3C97 
  84 07cc F601 D273 		.ascii	"\366\001\322s"
  85 07d0 9444 5C6D 		.string	"\224D\\m=\256\202\336\226R\274\273.\272\302\352\275!\306\021\257\353\222W6\361J\230\234u\
  85      3DAE 82DE 
  85      9652 BCBB 
  85      2EBA C2EA 
  85      BD21 C611 
  86 0867 C21E 0FB9 		.string	"\302\036\017\271\007\373\304\224\333\333\236\220\267\367\204\036\367\270G \275\207\321\24
  86      07FB C494 
  86      DBDB 9E90 
  86      B7F7 841E 
  86      F7B8 4720 
  87 08b8 872A A378 		.string	"\207*\243x%\313\371\305\303XB\266x(\244\354\255iw\272\261\350"
  87      25CB F9C5 
  87      C358 42B6 
  87      7828 A4EC 
  87      AD69 77BA 
  88 08cf 516A 97BC 		.string	"Qj\227\274\314\247v\311\217\b{\270`\006%Q\223\037i\314\301Y<f\0160\372%7n\305\221\235\253
  88      CCA7 76C9 
  88      8F08 7BB8 
  88      6006 2551 
  88      931F 69CC 
  89 093d 82C6 7D2C 		.string	"\202\306},2@\236\310\004\244ML\212X\223\342\314\\\243\004\022t\221\303\217\375`\361a3\366
  89      3240 9EC8 
  89      04A4 4D4C 
  89      8A58 93E2 
  89      CC5C A304 
  90 0a1c 322F 6DB8 		.ascii	"2/m\270\357\306C\2079\347\331\371I\345f9t\201r\334\246\2508n"
  90      EFC6 4387 
  90      39E7 D9F9 
  90      49E5 6639 
  90      7481 72DC 
  91 0a34 53D5 64B4 		.ascii	"S\325d\264\342\204\342\310\271r\2204\340\200v\275\0271\327\203"
  91      E284 E2C8 
  91      B972 9034 
  91      E080 76BD 
  91      1731 D783 
  92 0a48 5B4C D008 		.ascii	"[L\320\bL\212&]\273D<\255\302_D\251\001,\367Iw\356\344\344h}"
  92      4C8A 265D 
  92      BB44 3CAD 
  92      C25F 44A9 
  92      012C F749 
  93 0a62 8D34 7A54 		.ascii	"\2154zT\024\375\330\275\212\324i$u\272!u\233\034sg\340\300R\267"
  93      14FD D8BD 
  93      8AD4 6924 
  93      75BA 2175 
  93      9B1C 7367 
  94 0a7a F5E4 160B 		.ascii	"\365\344\026\0134:n\220\254\242\236\210&\251\023\037GL\225d."
  94      343A 6E90 
  94      ACA2 9E88 
  94      26A9 131F 
  94      474C 9564 
  95 0a8f 84CE C250 		.ascii	"\204\316\302P\346\255O\326\270\331\r\247\353\374\351+\\\031\f"
  95      E6AD 4FD6 
  95      B8D9 0DA7 
  95      EBFC E92B 
  95      5C19 0C
  96 0aa2 5A64 FBC3 		.ascii	"Zd\373\303\333\037W\301\022CXf\030X\262\245\005\334\201\001c"
  96      DB1F 57C1 
  96      1243 5866 
  96      1858 B2A5 
  96      05DC 8101 
  97 0ab7 C996 16F0 		.ascii	"\311\226\026\360\200F\307\255\243UXD,[\240\030\202\"\365\361"
  97      8046 C7AD 
  97      A355 5844 
  97      2C5B A018 
  97      8222 F5F1 
  98 0acb 846E 0C2E 		.ascii	"\204n\f.z\375\rI\347E\b=ux;\334\271\271\236\343\"\325h\226\335"
  98      7AFD 0D49 
  98      E745 083D 
  98      7578 3BDC 
  98      B9B9 9EE3 
  99 0ae4 8DD9 9A56 		.ascii	"\215\331\232V\325V3\t_\234\201O\n\362\006\006\272\240M\262m\272"
  99      D556 3309 
  99      5F9C 814F 
  99      0AF2 0606 
  99      BAA0 4DB2 
 100 0afa 2061 DEF6 		.ascii	" a\336\366\025r\nW\340t\271\262\326\254_';F\313\265u\261h\356"
 100      1572 0A57 
 100      E074 B9B2 
 100      D6AC 5F27 
 100      3B46 CBB5 
 101 0b12 2917 5E5C 		.ascii	")\027^\\Oaq\315R\253"
 101      4F61 71CD 
 101      52AB 
 102 0b1c 2EAE 68C1 		.string	".\256h\3011\351\327\256L\030\203(\263\027\247\226\323\224\r\020f\234V\277=;\354\t\240\205
 102      31E9 D7AE 
 102      4C18 8328 
 102      B317 A796 
 102      D394 0D10 
 103 0c1d 5AE6 077F 		.ascii	"Z\346\007\177\036\277\302\311\301\024\363\245)fN>\226\344\314"
 103      1EBF C2C9 
 103      C114 F3A5 
 103      2966 4E3E 
 103      96E4 CC
 104 0c30 A648 6653 		.ascii	"\246HfS,\250f\212\331l\ng\031)o\300.\013#C\201P\025\306>\222"
 104      2CA8 668A 
 104      D96C 0A67 
 104      1929 6FC0 
 104      2E0B 2343 
 105 0c4a 9F09 CCA7 		.ascii	"\237\t\314\247\374L\204\237\030q\350'\031\207JV\257\213t\341"
 105      FC4C 849F 
 105      1871 E827 
 105      1987 4A56 
 105      AF8B 74E1 
 106 0c5e 3854 2EC4 		.ascii	"8T.\304B\nDk\303KN\313\231\367S\325Hte\251\036\211L\350\355\027"
 106      420A 446B 
 106      C34B 4ECB 
 106      99F7 53D5 
 106      4874 65A9 
 107 0c78 7184 304E 		.ascii	"q\2040N\016\274\310\213/:\263t\221\021!\356xb\204XL\021\302\214"
 107      0EBC C88B 
 107      2F3A B374 
 107      9111 21EE 
 107      7862 8458 
 108 0c90 344B 98C6 		.ascii	"4K\230\306\360Q^t\2745\341\361\334\211F\364Z\342\2074K\211\306"
 108      F051 5E74 
 108      BC35 E1F1 
 108      DC89 46F4 
 108      5AE2 8734 
 109 0ca7 0969 9631 		.ascii	"\ti\2261\315\375\362y[\\\230\306\027\252\261\205\273\217:\351"
 109      CDFD F279 
 109      5B5C 98C6 
 109      17AA B185 
 109      BB8F 3AE9 
 110 0cbb 342B BC90 		.ascii	"4+\274\220f9\321\340\t\242X\3014F4\360\022\376P\235ra\317:\213"
 110      6639 D1E0 
 110      09A2 58C1 
 110      3446 34F0 
 110      12FE 509D 
 111 0cd4 4E73 99E4 		.ascii	"Ns\231\344\254$\032\013\322\254b\232\307;\216-T\231\246%n\363"
 111      AC24 1A0B 
 111      D2AC 629A 
 111      C73B 8E2D 
 111      5499 A625 
 112 0cea D7C4 4E57 		.ascii	"\327\304NW\215(IrV\023\215\013\322\254a\232\237\037\\(\224\330"
 112      8D28 4972 
 112      5613 8D0B 
 112      D2AC 619A 
 112      9F1F 5C28 
 113 0d00 DA42 352D 		.ascii	"\332B5-\371Y\222!\347>\311YK4\256H\223\3024\247\217\346\277\303"
 113      F959 9221 
 113      E73E C959 
 113      4B34 AE48 
 113      93C2 34A7 
 114 0d18 243D 70B1 		.ascii	"$=p\261l8\034o\004\343B\022\263\216H\334\220d=\223$]\314\312"
 114      6C38 1C6F 
 114      04E3 4212 
 114      B38E 48DC 
 114      9064 3D93 
 115 0d30 9362 76E3 		.ascii	"\223bv\343|IL\215\337c\326\211\236\020\321\006\"r\247\263Q&\332"
 115      7C49 4C8D 
 115      DF63 D689 
 115      9E10 D106 
 115      2272 A7B3 
 116 0d47 9F12 9727 		.ascii	"\237\022\227'#\370I$\272\375\374\3521g\303p\276H\264\211\210"
 116      23F8 4924 
 116      BAFD FCEA 
 116      3167 C370 
 116      BE48 B489 
 117 0d5c 3C90 E857 		.ascii	"<\220\350W&\312YT\232%\007\350*\235`\036\235Wf\020m#\242\315"
 117      26CA 5954 
 117      9A25 07E8 
 117      2A9D 601E 
 117      9D57 6610 
 118 0d74 44E4 8944 		.ascii	"D\344\211D[\230\350x\322\204\033\322r%Ht3?\272\3000C!\021m%\""
 118      5B98 E878 
 118      D284 1BD2 
 118      7225 4874 
 118      333F BAC0 
 119 0d8f 2F24 DAC6 		.ascii	"/$\332\306D\306a\242\027\037&\356\177\222w\307C'Z\320\f\211R"
 119      44C6 61A2 
 119      171F 26EE 
 119      7F92 77C7 
 119      4327 5AD0 
 120 0da6 89A8 1E12 		.ascii	"\211\250\036\022mg\242\350\305\033gHx\223\260~\347\371\317c\r"
 120      6D67 A2E8 
 120      C51B 6748 
 120      7893 B07E 
 120      E7F9 CF63 
 121 0dbb 95EA 23CD 		.ascii	"\225\352#\315\016\242\361F\2324\246y\260{\371\003\231\375\304"
 121      0EA2 F146 
 121      9A34 A679 
 121      B07B F903 
 121      99FD C4
 122 0dce 623D 2D6D 		.ascii	"b=-m\331,\315\230t$(\335.h'\023\335\334\031qU\022\321B\2369~"
 122      D92C CD98 
 122      7424 28DD 
 122      2E68 2713 
 122      DDDC 1971 
 123 0de9 BF97 6170 		.ascii	"\277\227ap\322(\203h\254H\223\3114\025\027cc\235\231&\231\352"
 123      D228 8368 
 123      AC48 93C9 
 123      3415 1763 
 123      639D 9926 
 124 0dff 2BA6 9D75 		.ascii	"+\246\235u54\n@\242,\"\362A\242]L4m\303\203%R\243\305D\264o\332"
 124      3534 0A40 
 124      A22C 22F2 
 124      41A2 5D4C 
 124      346D C383 
 125 0e1b 5643 D235 		.ascii	"VC\3225\017$\332MD\276H\264\207\211N.H\324\247\367:\254\237Z"
 125      0F24 DA4D 
 125      44BE 48B4 
 125      8789 4E2E 
 125      48D4 A7F7 
 126 0e33 77E9 A6BB 		.ascii	"w\351\246\273a\007Ri\257]\245}\022^\371\346_\244J\233\260\376"
 126      6107 5269 
 126      AF5D A57D 
 126      125E F9E6 
 126      5FA4 4A9B 
 127 0e49 F0CC F803 		.ascii	"\360\314\370\003\306$ZO\013v?\021\325G\242l&Z\267c\322\035O&"
 127      C624 5A4F 
 127      0B76 3F11 
 127      D547 A26C 
 127      265A B763 
 128 0e61 CAA0 185B 		.ascii	"\312\240\030[pm\267At\255)\022\345\020Q\003$:@y`\251\370\004"
 128      706D B741 
 128      74AD 2912 
 128      E510 5103 
 128      243A 4079 
 129 0e79 23A8 A92C 		.ascii	"#\250\251,\377\222\212.\334\274\362\033t_N7C1\233\326\316\346"
 129      FF92 8A2E 
 129      DCBC F21B 
 129      745F 4E37 
 129      4331 9BD6 
 130 0e8f 7996 8A4F 		.ascii	"y\226\212O1\206\233\316R\217Xa\216\372\006\035\250SN(\346\315"
 130      3186 9BCE 
 130      528F 5861 
 130      8EFA 061D 
 130      A853 4E28 
 131 0ea5 5A19 F618 		.ascii	"Z\031\366\030\211\t\202\311\226\177C\305\be\276\031\202\336\331"
 131      8909 82C9 
 131      967F 43C5 
 131      0865 BE19 
 131      82DE D9
 132 0eb8 6965 A863 		.ascii	"ie\250c\352\357\016\033\266\203j\200v\363\357\340\031\207*\023"
 132      EAEF 0E1B 
 132      B683 6A80 
 132      76F3 EFE0 
 132      1987 2A13 
 133 0ecc 4D82 DD62 		.ascii	"M\202\335b=r\225\026h\220Q\343z\264\214\032\276\31251\351\354"
 133      3D72 9516 
 133      6890 51E3 
 133      7AB4 8C1A 
 133      BECA 3531 
 134 0ee2 AE53 3F77 		.ascii	"\256S?w\301z\225\035W\252\252o\270:\324\260\341*\022\270\341"
 134      C17A 951D 
 134      57AA AA6F 
 134      B83A D4B0 
 134      E12A 12B8 
 135 0ef7 3AA4 E286 		.ascii	":\244\342\206\353\260:\316\246}A'vS\301!<\321h\357\002\273\211"
 135      EBB0 3ACE 
 135      A67D 4127 
 135      7653 C121 
 135      3CD1 68EF 
 136 0f0e 0B5B EEC9 		.ascii	"\013[\356\311\300\321\030:8\354\310\004\354\310\216\250\274\225"
 136      C0D1 183A 
 136      38EC C804 
 136      ECC8 8EA8 
 136      BC95 
 137 0f20 6C80 3DAA 		.ascii	"l\200=\252\354\306\232$`\372-\216\252\270\033\223\264\306\251"
 137      ECC6 9A24 
 137      60FA 2D8E 
 137      AAB8 1B93 
 137      B4C6 A9
 138 0f33 643D D15E 		.ascii	"d=\321^\034Sa\0065\245]\314\262\230\016\024\027\360\334\001\375"
 138      1C53 6106 
 138      35A5 5DCC 
 138      B298 0E14 
 138      17F0 DC01 
 139 0f48 3260 70B5 		.ascii	"2`p\265\353\2721F\352Z\237u-J\252[\327\2326\227\254\353q\322"
 139      EBBA 3146 
 139      EA5A 9F75 
 139      2D4A AA5B 
 139      D79A 3697 
 140 0f60 F584 A3AE 		.ascii	"\365\204\243\256n\016\272Fo_-u\235#\030\360\257\367\036\337\360"
 140      6E0E BA46 
 140      6F5F 2D75 
 140      9D23 18F0 
 140      AFF7 1EDF 
 141 0f75 606D AF42 		.ascii	"`m\257B\220<\351\030$\t\354\034\016b\356:ZA\361\201\302r\305"
 141      903C E918 
 141      2409 EC1C 
 141      0E62 EE3A 
 141      5A41 F181 
 142 0f8c F6C5 323F 		.ascii	"\366\3052?\016\300X\006m'\243\204\004n\f\270k\365\275\336"
 142      0EC0 5806 
 142      6D27 A384 
 142      046E 0CB8 
 142      6BF5 BDDE 
 143 0fa0 5ADC EB41 		.ascii	"Z\334\353AR\365\205\370M\255i\013\332L\234Rq\013jb%\327\336\231"
 143      52F5 85F8 
 143      4DAD 690B 
 143      DA4C 9C52 
 143      710B 6A62 
 144 0fb8 70D8 C42F 		.ascii	"p\330\304/\223\237\201\226\201\342\264\032\024OA\n\336f\254["
 144      939F 8196 
 144      81E2 B41A 
 144      144F 410A 
 144      DE66 AC5B 
 145 0fcc 53EE 22DF 		.ascii	"S\356\"\337nV1\330\347\342[\nGg\324 \300F\370=\354\326^5CZ\333"
 145      6E56 31D8 
 145      E7E2 5B0A 
 145      4767 D420 
 145      C046 F83D 
 146 0fe7 1921 2714 		.ascii	"\031!'\024\336Z\324H\202~I\224g\353B\351$\316!\016\347\352(\323"
 146      DE5A D448 
 146      827E 4994 
 146      67EB 42E9 
 146      24CE 210E 
 147 0fff E9        		.ascii	"\351"
 148 1000 10FE 3CBE 		.string	"\020\376<\276\245m\342\005D9\222Pz\332Qn\327Q\2720\312\273\177\024e^\335(/\326\211\362\02
 148      A56D E205 
 148      4439 9250 
 148      7ADA 516E 
 148      D751 BA30 
 149 10c3 9151 9A57 		.string	"\221Q\232W\202\310\232\0222_\207\331\251#\263J\267j k\366\257!S\304CBF\331b)\312nF\262\35
 149      82C8 9A12 
 149      325F 87D9 
 149      A923 B34A 
 149      B76A 206B 
 150 11ad 6D37 8936 		.string	"m7\2116\353hF\256\213C\306a\021\0235\3148&i|\264_@8\370h\1779%\226\335@\325\006ek\237\230
 150      EB68 46AE 
 150      8B43 C661 
 150      1113 35CC 
 150      3826 697C 
 151 122d 4523 9850 		.string	"E#\230P:\nR\363k\231\237\256\356\306\223\361k\307\311h\201\311\030I)\b0\373\032m\342\227\
 151      3A0A 52F3 
 151      6B99 9FAE 
 151      EEC6 93F1 
 151      6BC7 C968 
 152 127a 5731 8579 		.string	"W1\205yB\367"
 152      42F7 00
 153 1281 A587 6EC7 		.ascii	"\245\207n\307\2123\253\345AR\033 !C\326\276\200\237\275\340\312"
 153      8A33 ABE5 
 153      4152 1B20 
 153      2143 D6BE 
 153      809F BDE0 
 154 1296 4781 5563 		.ascii	"G\201Uc\030(\n\347@\033y\302*\317S\333\202\f\236~S\3459\331\312"
 154      1828 0AE7 
 154      401B 79C2 
 154      2ACF 53DB 
 154      820C 9E7E 
 155 12af 6A93 6FF3 		.ascii	"j\223o\363\013'\337\264\332"
 155      0B27 DFB4 
 155      DA
 156 12b8 26DF 069A 		.string	"&\337\006\232|\323Qp\333\032&\337M\232|\3214\371b4\343^\251\\\277WZ)(o\277\222\340\\C\346
 156      7CD3 5170 
 156      DB1A 26DF 
 156      4D9A 7CD1 
 156      34F9 6234 
 157 13b9 5CE1 B33A 		.string	"\\\341\263:\354\334\334\336\371\201\336\331\225:?\222\235\013\354\235_\261w^\224$;\373\26
 157      ECDC DCDE 
 157      F981 DED9 
 157      953A 3F92 
 157      9D0B EC9D 
 158 1496 7BB1 A6E3 		.string	"{\261\246\343\376m\315\264\353&\211{)}Q\267\214p/\007\334z\362\300\270l\332\227r\246\265V
 158      FE6D CDB4 
 158      EB26 897B 
 158      297D 51B7 
 158      8C70 2F07 
 159 1552 2822 8500 		.string	"(\"\205"
 160 1556 D0D1 E33A 		.ascii	"\320\321\343:\004\320\231\r\234\262/\204\005\004Ue\271A{\321"
 160      04D0 990D 
 160      9CB2 2F84 
 160      0504 5565 
 160      B941 7BD1 
 161 156a 5665 BD56 		.ascii	"Ve\275V\313Ve\241;\036\254l\320j>XIuG\377\271Q\323\017V6\351"
 161      CB56 65A1 
 161      3B1E AC6C 
 161      D06A 3E58 
 161      4975 47FF 
 162 1585 7126 BBC6 		.ascii	"q&\273\3068\363\"\325\002\305\257\204\303\267:\2162\372Tw\263"
 162      38F3 22D5 
 162      02C5 AF84 
 162      C3B7 3A8E 
 162      32FA 5477 
 163 159a 2169 0B2A 		.ascii	"!i\013*.'\303\341\355zT\241\257Bh\370\203\321)\265(\313\307\341"
 163      2E27 C3E1 
 163      ED7A 54A1 
 163      AF42 68F8 
 163      83D1 29B5 
 164 15b2 6FD5 1607 		.ascii	"o\325\026\007\246\2752^\216}z\341\366e2\246v\301\205r\340\362"
 164      A6BD 325E 
 164      8E7D 7AE1 
 164      F665 32A6 
 164      76C1 8572 
 165 15c8 730B 2FA4 		.ascii	"s\013/\244@\031\016\244\027\024[a\305\220>\2055\352\223\377B"
 165      4019 0EA4 
 165      1714 5B61 
 165      C590 3E85 
 165      35EA 93FF 
 166 15dd 7DB6 D5A6 		.ascii	"}\266\325\246\3173\322'\025\365\241C\332\355\250O\027\216\030"
 166      CF33 D227 
 166      15F5 A143 
 166      DAED A84F 
 166      178E 18
 167 15f0 F33A 38F8 		.ascii	"\363:8\370\3003\366m\310\016XiP5>\265\350\240\\0\353\233\227"
 167      C033 F66D 
 167      C80E 5869 
 167      5035 3EB5 
 167      E8A0 5C30 
 168 1607 3B8F 607A 		.ascii	";\217`z\355\300%\001\001l4G\317l3\267t\207F\321\211\322\211\364"
 168      EDC0 2501 
 168      016C 3447 
 168      CF6C 33B7 
 168      7487 46D1 
 169 161f ECA1 DCD6 		.ascii	"\354\241\334\326\243r \f4\342`WR<MW|\2563\366\257\0225\227\n"
 169      A372 200C 
 169      34E2 6057 
 169      523C 4D57 
 169      7CAE 33F6 
 170 1638 A37B 77EA 		.ascii	"\243{w\352\236\216R{\310\230\375\350\261D\262\030\374\306h{\314"
 170      9E8E 527B 
 170      C898 FDE8 
 170      B144 B218 
 170      FCC6 687B 
 171 164d 96F0 B19D 		.ascii	"\226\360\261\235\340wT\362\234\364\225B\355\243\365d\233\250"
 171      E077 54F2 
 171      9CF4 9542 
 171      EDA3 F564 
 171      9BA8 
 172 165f C3B0 81C6 		.ascii	"\303\260\201\306\222x\264\307d{\261\350p\334\017H;\351c\211w"
 172      9278 B4C7 
 172      647B B1E8 
 172      70DC 0F48 
 172      3BE9 6389 
 173 1674 9D4F F4B3 		.ascii	"\235O\364\263\313\205\202\023\213\023\023w\037\3218\261x.\304"
 173      CB85 8213 
 173      8B13 1377 
 173      1FD1 38B1 
 173      782E C4
 174 1687 4EAD 6ACE 		.ascii	"N\255j\316\260\220\345wV\236\n\316\250\217\354:\265\243\037\363"
 174      B090 E577 
 174      569E 0ACE 
 174      A88F EC3A 
 174      B5A3 1FF3 
 175 169b 8074 DB2A 		.ascii	"\200t\333*\235a\220R\241\350B\016=\271-\367\277\375\240\217c"
 175      9D61 9052 
 175      A1E8 420E 
 175      3DB9 2DF7 
 175      BFFD A08F 
 176 16b0 AEE6 0EB9 		.ascii	"\256\346\016\271Z\206\243\b\312\n\372\361\250\024\312$\344U\033"
 176      5A86 A308 
 176      CA0A FAF1 
 176      A814 CA24 
 176      E455 1B
 177 16c3 9F8D D6B2 		.ascii	"\237\215\326\262\344_<\2172\353\236GY\306<\332\205\363\350U\302"
 177      E45F 3C8F 
 177      32EB 9E47 
 177      59C6 3CDA 
 177      85F3 E855 
 178 16d8 DFC5 E1D0 		.ascii	"\337\305\341\320\374\027\231f4\220yXZ\riFW=\361\002_r!\322\223"
 178      FC17 9966 
 178      3490 7958 
 178      5A0D 6946 
 178      573D F102 
 179 16f1 3B24 548B 		.ascii	";$T\213\256\024\246Z\030\24458\310\335v\007\271\007\254\350\220"
 179      AE14 A65A 
 179      18A4 3538 
 179      C8DD 7607 
 179      B907 ACE8 
 180 1706 8293 434C 		.ascii	"\202\223CL`\363wS\2567\324\277\023\252\250\360w\230\362\347\214"
 180      60F3 7753 
 180      AE37 D4BF 
 180      13AA A8F0 
 180      7798 F2E7 
 181 171b 290F 8DBB 		.ascii	")\017\215\273\037\224\024{h\3539\205H\234\222\027\255\312\024"
 181      1F94 147B 
 181      68EB 3985 
 181      489C 9217 
 181      ADCA 14
 182 172e A228 3B20 		.ascii	"\242(; \323\370\372v\237V\375\223w\235\335EX2\3731\223\330\213"
 182      D3F8 FA76 
 182      9F56 FD93 
 182      779D DD45 
 182      5832 FB31 
 183 1745 AE43 64D3 		.ascii	"\256Cd\323t6\222\317\226t}\271\351\361\344\337\350\006\273\025"
 183      7436 92CF 
 183      9674 7DB9 
 183      E9F1 E4DF 
 183      E806 BB15 
 184 1759 7627 F2B4 		.ascii	"v'\362\264g\361\217,|\303\333L\034\200\250\234\203\241E\034\324"
 184      67F1 8F2C 
 184      7CC3 DB4C 
 184      1C80 A89C 
 184      83A1 451C 
 185 176e 922B 7DB3 		.ascii	"\222+}\263\324\262\32296vF?{\210\372\036\326\364\233\352\264"
 185      D4B2 D239 
 185      3676 463F 
 185      7B88 FA1E 
 185      D6F4 9BEA 
 186 1783 E7AB 5594 		.ascii	"\347\253U\224l\323^s\360\376\f\345\366\322]\033=\345p\256\245"
 186      6CD3 5E73 
 186      F0FE 0CE5 
 186      F6D2 5D1B 
 186      3DE5 70AE 
 187 1798 E1BC 88DF 		.ascii	"\341\274\210\337\363\3225\314\021\034\316\3278`\225_\267\326"
 187      F3D2 35CC 
 187      111C CED7 
 187      3860 955F 
 187      B7D6 
 188 17aa 42E1 C214 		.ascii	"B\341\302\024~Hq\224C\022\215b\305\365F,\364\365\227\334:\034"
 188      7E48 7194 
 188      4312 8D62 
 188      C5F5 462C 
 188      F4F5 97DC 
 189 17c0 B36F 1D8E 		.ascii	"\263o\035\216\353.}\233K-\322\025\226\356\217\275"
 189      EB2E 7D9B 
 189      4B2D D215 
 189      96EE 8FBD 
 190 17d0 4FA0 F4D7 		.ascii	"O\240\364\327\331-?\333\331\215\245\217\320\3352\214zw\343\300"
 190      D92D 3FDB 
 190      D98D A58F 
 190      D0DD 328C 
 190      7A77 E3C0 
 191 17e4 25BD 706A 		.ascii	"%\275pjac\356\360F\335^\370\244\356\214\262\335j\200\260\201"
 191      6163 EEF0 
 191      46DD 5EF8 
 191      A4EE 8CB2 
 191      DD6A 80B0 
 192 17f9 0688 2034 		.ascii	"\006\210 4\344\201\177~:s\216\247\303\372\b\024\2779\304\257"
 192      E481 7F7E 
 192      3A73 8EA7 
 192      C3FA 0814 
 192      BF39 C4AF 
 193 180d D46D F117 		.ascii	"\324m\361\027\364\203\025\276\0308e\254\236\323\b\377\r\232\261"
 193      F483 15BE 
 193      1838 65AC 
 193      9ED3 08FF 
 193      0D9A B1
 194 1820 298B 3B3A 		.ascii	")\213;:\314\241K8%\263i\376\344\202\033\273\344\340\205{(\347"
 194      CCA1 4B38 
 194      25B3 69FE 
 194      E482 1BBB 
 194      E4E0 857B 
 195 1836 BAEA 5EF8 		.ascii	"\272\352^\370\320\314_U\354`\323\336\264i\337\261\3538c\346\226"
 195      D0CC 5F55 
 195      EC60 D3DE 
 195      B469 DFB1 
 195      EB38 63E6 
 196 184b B7A0 D1F0 		.ascii	"\267\240\321\360\302\303\270\355\355\332\274\360\233\244\370"
 196      C2C3 B8ED 
 196      EDDA BCF0 
 196      9BA4 F8
 197 185a 195D F115 		.ascii	"\031]\361\025\316\330\277\212\027^i\367\302oQ\367\263\350\205"
 197      CED8 BF8A 
 197      175E 69F7 
 197      C26F 51F7 
 197      B3E8 85
 198 186d DF66 A969 		.ascii	"\337f\251i3+$\222\315\340\025\277\263{a\t\037\333\t~O%\275\237"
 198      332B 2492 
 198      CDE0 15BF 
 198      B37B 6109 
 198      1FDB 097E 
 199 1885 EE85 A9FD 		.ascii	"\356\205\251\375;\366\302\375\231z\0046\220\027&\036\335\343"
 199      3BF6 C2FD 
 199      997A 0436 
 199      9017 261E 
 199      DDE3 
 200 1897 DC90 B247 		.ascii	"\334\220\262G1z\341^\372X\342g\0263\327\013\036\314M\002G\334"
 200      317A E15E 
 200      FA58 E267 
 200      1633 D70B 
 200      1ECC 4D02 
 201 18ad F0BA D0C6 		.ascii	"\360\272\320\306^w\023\313\353\255L\362f\257{f\327\336\354\376"
 201      5E77 13CB 
 201      EBAD 4CF2 
 201      66AF 7B66 
 201      D7DE ECFE 
 202 18c1 4C63 B569 		.ascii	"Lc\265i\375\345\004\351\243d\031L\327\314Z\342\316\035\006@\007"
 202      FDE5 04E9 
 202      A364 194C 
 202      D7CC 5AE2 
 202      CE1D 0640 
 203 18d6 BB9B      		.ascii	"\273\233"
 204 18d8 459E E466 		.string	"E\236\344f\007\310\017\252\334\270\327@dS\353\332\372=\023\345\\\235\023\345\2741Q.\340D\
 204      07C8 0FAA 
 204      DCB8 D740 
 204      6453 EBDA 
 204      FA3D 13E5 
 205 19d9 27CD 605A 		.string	"'\315`Z\252\327\215\304\322\271\356(@?\221\273\201\204C\330in-l\306\370\336\251\356\323k"
 205      AAD7 8DC4 
 205      D2B9 EE28 
 205      403F 91BB 
 205      8184 43D8 
 206 19f9 D709 7115 		.string	"\327\tq\025V\307\025\204\022n\332\001\335b@\251\331;\244\372\357VS\337\343E\233\210\333\2
 206      56C7 1584 
 206      126E DA01 
 206      DD62 40A9 
 206      D93B A4FA 
 207 1a84 A081 A13C 		.ascii	"\240\201\241<\030t\253\301\310\311\013_p\245a\022\217\355\374"
 207      1874 ABC1 
 207      C8C9 0B5F 
 207      70A5 6112 
 207      8FED FC
 208 1a97 9F20 E80F 		.ascii	"\237 \350\017\330\250;\246J\227\374\357/y\372^F\374\360.L<\325"
 208      D8A8 3BA6 
 208      4A97 FCEF 
 208      2F79 FA5E 
 208      46FC F02E 
 209 1aae 6F39 0E0A 		.ascii	"o9\016\n;\257\305K\237\334Uy\375\373\212r\303\031\275\241<\346"
 209      3BAF C54B 
 209      9FDC 5579 
 209      FDFB 8A72 
 209      C319 BDA1 
 210 1ac4 0D41 D6F9 		.ascii	"\rA\326\371\3024^S\362\007[s/e\304\231\373l\016\237\002k\312"
 210      C234 5E53 
 210      F207 5B73 
 210      2F65 C499 
 210      FB6C 0E9F 
 211 1adb 4311 1510 		.ascii	"C\021\025\020`\220\340M\345\256\237\036\265+\022\027\310I\377"
 211      6090 E04D 
 211      E5AE 9F1E 
 211      B52B 1217 
 211      C849 FF
 212 1aee 6710 C219 		.ascii	"g\020\302\031\351\210*\346\020\022\367\241\352\303\t\311m\222"
 212      E988 2AE6 
 212      1012 F7A1 
 212      EAC3 09C9 
 212      6D92 
 213 1b00 D646 3C23 		.ascii	"\326F<#\344\315\252/~\214\035\036\3429Z\347\3174\244\341\246"
 213      E4CD AA2F 
 213      7E8C 1D1E 
 213      E239 5AE7 
 213      CF34 A4E1 
 214 1b15 AE46 CAC9 		.ascii	"\256F\312\311\3473\213\2266qL=g\346\315+\361`\241\036b\274IJ"
 214      E733 8B96 
 214      3671 4C3D 
 214      67E6 CD2B 
 214      F160 A11E 
 215 1b2d 1513 4CC9 		.ascii	"\025\023L\311\374%z\304\232\271w\244M>\202t\222\002c%K}\204\337"
 215      FC25 7AC4 
 215      9AB9 77A4 
 215      4D3E 8274 
 215      9202 6325 
 216 1b45 D248 D3BC 		.ascii	"\322H\323\274\245\334s\006Mo\213I\311+\245\232\037W>\366n\233"
 216      A5DC 7306 
 216      4D6F 8B49 
 216      C92B A59A 
 216      1F57 3EF6 
 217 1b5b 80A7 F962 		.ascii	"\200\247\371b\242\211~\270\340\200+P\202\242\314GL2\215K\322"
 217      A289 7EB8 
 217      E080 2B50 
 217      82A2 CC47 
 217      4C32 8D4B 
 218 1b70 DA71 6E57 		.ascii	"\332qnWn\226\234\214+\265\251\220y<6\366\017\007\262]\271\303"
 218      6E96 9C8C 
 218      2BB5 A990 
 218      793C 36F6 
 218      0F07 B25D 
 219 1b86 7FBC ECED 		.ascii	"\177\274\354\355\213\311\030\377\bS\220\334\307\312\271\377\027"
 219      8BC9 18FF 
 219      0853 90DC 
 219      C7CA B9FF 
 219      17
 220 1b97 60E7 787B 		.ascii	"`\347x{Q\303\204]\371\202\t\253\210H\273\200)&\030\222\277\020"
 220      51C3 845D 
 220      F982 09AB 
 220      8848 BB80 
 220      2926 1892 
 221 1bad F601 FA74 		.ascii	"\366\001\372t\310:/j\237<SM}dvUQ\356\201\333\t\233\226\t\331"
 221      C83A 2F6A 
 221      9F3C 534D 
 221      7D64 7655 
 221      51EE 81DB 
 222 1bc6 CE18 7B76 		.ascii	"\316\030{v\265\027\277\357\300\300\237\311\331\316@\245\270\261"
 222      B517 BFEF 
 222      C0C0 9FC9 
 222      D9CE 40A5 
 222      B8B1 
 223 1bd8 F179 8C9F 		.ascii	"\361y\214\237C\222\320\237\237\251\357\030\207\204a\004{\341"
 223      4392 D09F 
 223      9FA9 EF18 
 223      8784 6104 
 223      7BE1 
 224 1bea 691A B3FF 		.ascii	"i\032\263\377\353K&\356Q&\343bw\232I^^u\224\254P\020\245\025"
 224      EB4B 26EE 
 224      5126 E362 
 224      779A 495E 
 224      5E75 94AC 
 225 1c02 90D3 850D 		.ascii	"\220\323\205\r\205\314\341\333\001P\031\203\031\300\320\343\256"
 225      85CC E1DB 
 225      0150 1983 
 225      19C0 D0E3 
 225      AE
 226 1c13 0879 40F1 		.ascii	"\by@\361\230R\321\037\366\252\370\366\303\001\250\300 en\266"
 226      9852 D11F 
 226      F6AA F8F6 
 226      C301 A8C0 
 226      2065 6EB6 
 227 1c27 FD23 5513 		.ascii	"\375#U\023#\245\263lW\007m\204\203\006\177w\270!\371\306\341"
 227      23A5 B36C 
 227      5707 6D84 
 227      8306 7F77 
 227      B821 F9C6 
 228 1c3c 1CEC 2B7E 		.ascii	"\034\354+~\246\217\207>7>d\235\"\344\227\254\023w\235Y/S w1\335"
 228      A68F 873E 
 228      373E 649D 
 228      22E4 97AC 
 228      1377 9D59 
 229 1c56 2427 74C1 		.ascii	"$'t\301!\371)\373\024\354c\374\274\307K(\"\332$\263\244\317m"
 229      21F9 29FB 
 229      14EC 63FC 
 229      BCC7 4B28 
 229      22DA 24B3 
 230 1c6d 5A63 97D4 		.ascii	"Zc\227\324\342\\\025?Jr\213\372/\260\217;p\376\302\003\013O,"
 230      E25C 153F 
 230      4A72 8BFA 
 230      2FB0 8F3B 
 230      70FE C203 
 231 1c84 BCB0 A887 		.ascii	"\274\260\250\207\2057\026V,|\260\360\305\242\t\026\315\260\b"
 231      8537 1656 
 231      2C7C B0F0 
 231      C5A2 0916 
 231      CDB0 08
 232 1c97 C4A2 3916 		.ascii	"\304\2429\026\235\261\350\212\305@,\234\261\350\204E\020\b\374"
 232      9DB1 E88A 
 232      C540 2C9C 
 232      B1E8 8445 
 232      1008 FC
 233 1caa 0A36 582E 		.ascii	"\n6X.P\tq\303\002e\205\240\254\020\224\025\202\262BPV\b\312\n"
 233      5009 71C3 
 233      0265 85A0 
 233      AC10 9415 
 233      82B2 4250 
 234 1cc2 4159 2128 		.ascii	"AY!(+\004e\205\240\254\020\224\025\202\262BPV0\312J\020]S\037"
 234      2B04 6585 
 234      A0AC 1094 
 234      1582 B242 
 234      5056 30CA 
 235 1cdb 656A D084 		.ascii	"ej\320\204\362BP^0\312\013Fy\337@\034Ay\241(/\024\345\205\242"
 235      F242 505E 
 235      30CA 0B46 
 235      79DF 401C 
 235      4179 A128 
 236 1cf4 BC50 9417 		.ascii	"\274P\224\027\212\362BQ^(\312\013Ey\241(/\024\345\rGy\241(/\024"
 236      8AF2 4251 
 236      5E28 CA0B 
 236      4579 A128 
 236      2F14 E50D 
 237 1d0e E585 A2BC 		.ascii	"\345\205\242\274P\224\027\212\272\205\242\254P\224\025\212\262"
 237      5094 178A 
 237      BA85 A2AC 
 237      5094 158A 
 237      B2
 238 1d1f 4251 D6DF 		.ascii	"BQ\326\337an\240\2540\224\025\206\262\302PV\030\312\nCYa(+\f"
 238      616E A0AC 
 238      3094 1586 
 238      B2C2 5056 
 238      18CA 0A43 
 239 1d38 6585 A1AC 		.ascii	"e\205\241\2540\224\025\206\262\302PV\216h\226\272\3752\350\021"
 239      3094 1586 
 239      B2C2 5056 
 239      8E68 96BA 
 239      FD32 E811 
 240 1d4c 86F2 C29A 		.ascii	"\206\362\302\232S\312\212\002\303P"
 240      53CA 8A02 
 240      C350 
 241 1d56 E008 1418 		.string	"\340\b\024\030\206\002\027\212N\266\3423\224\326\242T\230\004f\224jF\251f\224jF\251f\224j
 241      8602 178A 
 241      4EB6 E233 
 241      94D6 A254 
 241      9804 6694 
 242 1e57 AC0E 0EC0 		.string	"\254\016\016\300\354\340"
 242      ECE0 00
 243 1e5e C21C 1C40 		.string	"\302\034\034@\250\203\003\bqp"
 243      A883 0308 
 243      7170 00
 244 1e69 5F38 7CE1 		.string	"_8|\341\376\231\303\027\356\177\343\360R\024\241\361/\024?s<j1\301\252\217\321W\375\337l\
 244      FE99 C317 
 244      EE7F E3F0 
 244      5214 A1F1 
 244      2F14 3F73 
 245 1e8f E252 F199 		.ascii	"\342R\361\231M\353\205\265H\252}a\323\022\341\345\354?\3603\274"
 245      4DEB 85B5 
 245      48AA 7D61 
 245      D312 E1E5 
 245      EC3F F033 
 246 1ea4 1926 BC24 		.ascii	"\031&\274$\2115\215S\343<KE\210M\353;\204~9\251\256lP*BmZ\037"
 246      8935 8D53 
 246      E33C 4B45 
 246      884D EB3B 
 246      847E 39A9 
 247 1ec0 9412 2ED4 		.ascii	"\224\022.\324\034\250\206\331\264\336C\310\202j\224_\2510\333"
 247      1CA8 86D9 
 247      B4DE 43C8 
 247      826A 945F 
 247      A930 DB
 248 1ed3 B446 43E8 		.ascii	"\264FC\350w\207\352J\250\302\2466^\310:\332\357]e\277\320\343"
 248      7787 EA4A 
 248      A8C2 A636 
 248      5EC8 3ADA 
 248      EF5D 65BF 
 249 1ee9 E36D 888F 		.ascii	"\343m\210\217\244\340\177\276d|\234i\017_q&\231\037u\224\254"
 249      A4E0 7FBE 
 249      647C 9C69 
 249      0F5F 7126 
 249      991F 7594 
 250 1efe 8C63 9629 		.ascii	"\214c\226)\2209G\241\254\251\220\344\3367\031\201\r\177\by\244"
 250      9039 47A1 
 250      ACA9 90E4 
 250      DE37 1981 
 250      0D7F 0879 
 251 1f13 5A60 7353 		.ascii	"Z`sS\304,\nlz\227=\325\2728+b6t)\002\343\332\264\177\220\375"
 251      C42C 0A6C 
 251      7A97 3DD5 
 251      BA38 2B62 
 251      3674 2902 
 252 1f2d FF81 41CF 		.ascii	"\377\201A\317RVtO\3406\3145\347{ \311\316I\\\356\316>\334Y\304"
 252      5256 744F 
 252      E036 CC35 
 252      E77B 20C9 
 252      CE49 5CEE 
 253 1f46 9B02 1AA7 		.ascii	"\233\002\032\247n\314\304Oj\256-\337uEn\332\234D\202)\240iY\352"
 253      6ECC C44F 
 253      6AAE 2DDF 
 253      7545 6EDA 
 253      9C44 8229 
 254 1f5e 7DF4 E7CF 		.ascii	"}\364\347\317n]\276\345\301\355f\221h\nhu\366zf\245_\225)\302"
 254      6E5D BEE5 
 254      C1ED 6691 
 254      680A 6875 
 254      F67A 66A5 
 255 1f76 24E6 9802 		.ascii	"$\346\230\002\272\224\225\336\027\3703\2737RS\312\004\336\025"
 255      BA94 95DE 
 255      17F8 33BB 
 255      3752 53CA 
 255      04DE 15
 256 1f89 BF9B BAFD 		.ascii	"\277\233\272\375\254@}\377T\266=G\200\302\002\364T\025\245\373"
 256      AC40 7DFF 
 256      54B6 3D47 
 256      80C2 02F4 
 256      5415 A5FB 
 257 1f9d C811 5F   		.ascii	"\310\021_"
 258 1fa0 058D FCF1 		.ascii	"\005\215\374\361\233\340\240\241\037\017~+h\340\330\021\3775"
 258      9BE0 A0A1 
 258      1F0F 7E2B 
 258      68E0 D811 
 258      FF35 
 259 1fb2 7CEC F741 		.ascii	"|\354\367A\037\177\370v\320\200\221\301\337\177\0374`\314\250"
 259      1F7F F876 
 259      D080 91C1 
 259      DF7F 1F34 
 259      60CC A8
 260 1fc5 5163 4607 		.ascii	"QcF\007\275\363\356\300\017\202\307~?|l\347\020\305\365\317\303"
 260      BDF3 EEC0 
 260      0F82 C77E 
 260      3F7C 6CE7 
 260      10C5 F5CF 
 261 1fda BF1B 33F6 		.ascii	"\277\0333\366\207\201\301?\004\313\307\017G\374\357pW~\217\255"
 261      8781 C13F 
 261      04CB C70F 
 261      47FC EF70 
 261      577E 8FAD 
 262 1fee 6E1F 7F1F 		.ascii	"n\037\177\037\034:|\330\210\321\303\202\377\307\203\236\207\216"
 262      1C3A 7CD8 
 262      88D1 C382 
 262      FFC7 839E 
 262      878E 
 263 2000 F89E 3AB9 		.ascii	"\370\236:\271\030\265z\003~\034;\226\251\337\035\370\356\350"
 263      18B5 7A03 
 263      7E1C 3B96 
 263      A9DF 1DF8 
 263      EEE8 
 264 2012 6FC6 58B1 		.ascii	"o\306X\261a\300\230\221#\207\207\3740b\314\350\017\202\177\370"
 264      61C0 9891 
 264      2387 87FC 
 264      3062 CCE8 
 264      0F82 7FF8 
 265 2026 D613 9B3E 		.ascii	"\326\023\233>\374!\370\207\341\037\005\1775r\270\253\375\321"
 265      FC21 F887 
 265      E11F 057F 
 265      3572 B8AB 
 265      FDD1 
 266 2038 03F0 48E2 		.ascii	"\003\360H\342\037\206\217\362\264?\242x1\302\303\336\360\376"
 266      1F86 8FF2 
 266      B43F A278 
 266      31C2 C3DE 
 266      F0FE 
 267 204a 8FA3 3CDE 		.ascii	"\217\243<\336\037\376\337\366\006\037\007p-\341\317\210Q?Vi\013"
 267      1FFE DFF6 
 267      061F 0770 
 267      2DE1 CF88 
 267      513F 5669 
 268 205f FE1F 6CF3 		.ascii	"\376\037l\363\005}\206\217\376\2412\"7\344\360\321\377\373\016"
 268      057D 868F 
 268      FEA1 3222 
 268      37E4 F0D1 
 268      FFFB 0E
 269 2072 5084 FE1F 		.ascii	"P\204\376\037o\351$\247"
 269      6FE9 24A7 
 270               		.text
 271               		.section	.gnu.lto_USB_GetHIDReportItemInfo.76c22b720b9090,"",@progbits
 272 0000 789C 9D56 		.ascii	"x\234\235V\177LUU\034?\337{\356\275\357\276{\337\343\2015R|\261"
 272      7F4C 5555 
 272      1C3F DF7B 
 272      EEBD EFBE 
 272      7BDF E381 
 273 0018 479B 6396 		.ascii	"G\233c\226\366\334l\265\376TY\313\315V\263\330\372\257Q{m\026"
 273      F6DC 6CB5 
 273      FE54 59CB 
 273      CD56 B3D8 
 273      FAAF 517B 
 274 002e 3FDA 03DB 		.ascii	"?\332\003\333\372\313+((\317\232\253\200|=\030\366c\005\033%"
 274      FACB 2B28 
 274      28CF 9AAB 
 274      807C 3D18 
 274      F663 051B 
 275 0043 29A9 A4F1 		.ascii	")\251\244\361D\245@\201$\305\027\"\026NRQRGTL\245\357\367\234"
 275      44A5 4081 
 275      24C5 1722 
 275      164E 5251 
 275      5247 544C 
 276 005b 0B3C 9973 		.ascii	"\013<\231s\031\203s\317\371\236\357\347\363\375\236\317\367{"
 276      1983 73CF 
 276      F99E EFE7 
 276      F3FD 9ECF 
 276      F77B 
 277 006d CF45 678C 		.ascii	"\317Eg\214]5\030{\003\237\237\341\037x\030(\333{\030\333h(\212"
 277      5D35 187B 
 277      039F 9FE1 
 277      1F78 1828 
 277      DB7B 18DB 
 278 0084 75E3 4166 		.ascii	"u\343Af\233\274\356if{\270\242n\311\306\225N\243GU\254\3042\\"
 278      9BBC EE69 
 278      667B B8A2 
 278      6EC9 C695 
 278      4EA3 4755 
 279 009c 69FB 1EC6 		.ascii	"i\373\036\306\225\006\272\204\350`\312\211K1\204\267[x\033\340"
 279      9506 BA84 
 279      E860 CA89 
 279      4B31 84B7 
 279      5B78 1BE0 
 280 00b0 9666 B7DC 		.ascii	"\226f\267\334?d\230\212kO;C\007k\320B\007\013\200\354\266\001"
 280      3F64 988A 
 280      6B4F 3B43 
 280      076B D042 
 280      070B 80EC 
 281 00c6 6C83 C255 		.ascii	"l\203\302UMw\031n\323\202\r\212\311 \01605\305\235\007\243\237"
 281      4D77 196E 
 281      D382 0D8A 
 281      C920 0E30 
 281      35C5 9D07 
 282 00dc 6DFC 430E 		.ascii	"m\374C\016\037Tm?\227\262\370\013\333.\265\3435\343\017t\330"
 282      1F54 6D3F 
 282      97B2 F80B 
 282      DB2E B5E3 
 282      35E3 0F74 
 283 00f1 9BE7 C770 		.ascii	"\233\347\307p\273\2323X\356\207e~:\313nX\214\236G\247\376\212"
 283      BB9A 3358 
 283      EE87 657E 
 283      3ACB 6E58 
 283      8C9E 47A7 
 284 0107 FB22 3CC6 		.ascii	"\373\"<\306\001\024\\\366];^k\321R\201T\\V4\366\217Y\374I`8o"
 284      0114 5CF6 
 284      5D3B 5E6B 
 284      D152 8154 
 284      5C56 34F6 
 285 0122 7837 51EF 		.ascii	"x7Q\357\313\376\\p\216\347\332\236\030\347\360-p\342l\001?\354"
 285      CBFE 5C70 
 285      8EE7 DA9E 
 285      18E7 F02D 
 285      70E2 6C01 
 286 0138 013F 4313 		.ascii	"\001?C\023\203\275\220\215\336\325;\307\337\327\370\n\201L\364"
 286      83BD 908D 
 286      DED5 3BC7 
 286      DFD7 F80A 
 286      814C F4
 287 014b F636 9988 		.ascii	"\3666\231\210\334\216\310\241\336\314~\333\306lT\3307\027\254"
 287      DC8E C8A1 
 287      DECC 7EDB 
 287      C66C 54D8 
 287      3717 AC
 288 015e 32D8 0FD9 		.ascii	"2\330\017\331\2048\261iW\214\313\254T\\^\357\216\236O\221Y\005"
 288      8438 B169 
 288      578C CBAC 
 288      545C 5EEF 
 288      8E9E 4F91 
 289 0174 70B9 63A0 		.ascii	"p\271c\240\346\n\347k\004\367\261\212\333\267\\\213>\025Y\365"
 289      E60A E76B 
 289      04F7 B18A 
 289      DBB7 5C8B 
 289      3E15 59F5 
 290 0188 27D2 AFDB 		.ascii	"'\322\257\333\366G\266\032\343\032\034\220\354\337!{+\370\205"
 290      F647 B61A 
 290      E31A 1C90 
 290      ECDF 217B 
 290      2BF8 85
 291 019b 34E8 DEF6 		.ascii	"4\350\336\366G\225\311_\022\310\213M\235\225\272\203\354zy\263"
 291      4795 C95F 
 291      12C8 8B4D 
 291      9D95 BA83 
 291      EC7A 79B3 
 292 01af 1DDF 1888 		.ascii	"\035\337\030\210q\035\276\2773+\007\027\2712\2727\205\277\"\200"
 292      711D BEBF 
 292      332B 0717 
 292      B932 BA37 
 292      85BF 2280 
 293 01c3 FFB4 F6D4 		.ascii	"\377\264\366\324\371\034`\373,0~W\340p\363\355*\257\256\302!"
 293      F91C 60FB 
 293      2C30 7E57 
 293      E070 F3ED 
 293      2AAF AEC2 
 294 01d8 5804 6DF8 		.ascii	"X\004m\370w\020\026Q\031P\377v\320\0310\306\223\267\276\356\323"
 294      7710 1651 
 294      1950 FF76 
 294      D019 30C6 
 294      93B7 BEEE 
 295 01ed E2F6 EDA9 		.ascii	"\342\366\355\251\n;>"
 295      0A3B 3E
 296 01f4 F2FC CE0B 		.string	"\362\374\316\013K\037\001T\305\245\320\300iPq04\034\334:i\355\"\233\201\203\351&\233I3\21
 296      4B1F 0154 
 296      C5A5 D0C0 
 296      6950 7130 
 296      341C DC3A 
 297 02f5 E844 56A1 		.string	"\350DV\241\310\266\210\243\2402'\205\300=\343{\241K\304\027\ru\f\343c9\316\034^2K5S\f/\02
 297      C8B6 88A3 
 297      A032 2785 
 297      C03D E37B 
 297      A14B C417 
 298 035c 7436 6821 		.ascii	"t6h!`\004\024&\315)R\226X$]\202\325\373\222E\203^!\213J\262\374"
 298      6004 1426 
 298      CD29 5296 
 298      5824 5D82 
 298      D5FB 9245 
 299 0377 24FB E064 		.ascii	"$\373\340de\247\213\270\346\2268|\357\nkpBPiD\325\007AL\205\330"
 299      65A7 8BB8 
 299      E696 387C 
 299      EF0A 6B70 
 299      4250 6944 
 300 0391 C62F D646 		.ascii	"\306/\326F\254\377E\367\363lf'!\230\254\270\206%:E\250\t \235"
 300      ACFF 45F7 
 300      F36C 6627 
 300      2198 ACB8 
 300      8625 3A45 
 301 03a9 3943 75B4 		.ascii	"9Cu\264\326\221\313\200\002\271\030~\021\244\244\273\312k[\376"
 301      D691 CB80 
 301      02B9 187E 
 301      11A4 A4BB 
 301      CA6B 5BFE 
 302 03bd 742A A645 		.ascii	"t*\246E9]\323\225\223\247\3373\210B\007\003\372EO\241\362;4\351"
 302      395D D395 
 302      93A7 DF33 
 302      8842 0703 
 302      FA45 4FA1 
 303 03d5 84BF C8A7 		.ascii	"\204\277\310\247\311j;@\327]k\253;\265=M\265\025\357\216\343"
 303      C96A 3B40 
 303      D75D 6BAB 
 303      3BB5 3D4D 
 303      B515 EF8E 
 304 03ea 6E20 8248 		.ascii	"n \202Ho\226_\362J\213[F\356\354\252\371\322##\273 !#\337(\177"
 304      6F96 5FF2 
 304      4A8B 5B46 
 304      EEEC AAF9 
 304      D223 23BB 
 305 0404 47FA 9802 		.ascii	"G\372\230\002\350\226@\207\t\2651\3411\377\035\235c\301\243\323"
 305      E896 4087 
 305      09B5 31E1 
 305      31FF 1D9D 
 305      63C1 A3D3 
 306 0418 8D69 B068 		.ascii	"\215i\260h\326\364-\3218\352\274\226\236\377T\374\245\244\340"
 306      D6F4 2DD1 
 306      38EA BC96 
 306      9EFF 54FC 
 306      A5A4 E0
 307 042b 2FB3 EA0E 		.ascii	"/\263\352\016\210\272\227\375=\035\331\213DQ\236&{\001\356R\273"
 307      88BA 97FD 
 307      3D1D D98B 
 307      4451 9E26 
 307      7B01 EE52 
 308 0440 7BD0 9E99 		.ascii	"{\320\236\231\245\035\244\036\360\212d\335\263E\251.\357nq\372"
 308      A51D A41E 
 308      F08A 64DD 
 308      B345 A92E 
 308      EF6E 71FA 
 309 0454 3C20 9599 		.ascii	"< \225\231y\317u|\317\317BR\337\213\233!@\250k\345g[\n$*\013"
 309      79CF 757C 
 309      CFCF 4252 
 309      DF8B 9B21 
 309      40A8 6BE5 
 310 046e 5323 5D66 		.ascii	"S#]f\274\016\222W\226\210c2\374\376O\277\036\302\236&\347\202"
 310      BC0E 9257 
 310      9688 6332 
 310      FCFE 4FBF 
 310      1EC2 9E26 
 311 0484 2955 CEC5 		.ascii	")U\316\305}\346\223\271\334\332\335\354\034:\023m\230Lk\342\324"
 311      7DE6 93B9 
 311      DCDA DDEC 
 311      1C3A 136D 
 311      984C 6BE2 
 312 0499 5332 17FA 		.ascii	"S2\027\372oa(9\033\201\313\224\3658\342\240|\311m\251c[\236\223"
 312      6F61 2839 
 312      1B81 CB94 
 312      F538 E2A0 
 312      7CC9 6DA9 
 313 04b1 37C7 04F8 		.ascii	"7\307\004\370\360\316\324\243\303\003\200\030\367\344\357\303"
 313      F0CE D4A3 
 313      C303 8018 
 313      F7E4 EFC3 
 314 04c1 CA04 A4E2 		.ascii	"\312\004\244\3425\247\267\nS\300\035\035\275\f\023\220F\027\233"
 314      35A7 B70A 
 314      53C0 1D1D 
 314      BD0C 1390 
 314      4617 9B
 315 04d4 3E20 6C59 		.ascii	"> lY\356\306Q\005\017a\311\357\305\030\346\032\345\363\004\331"
 315      EEC6 5105 
 315      0F61 C9EF 
 315      C518 E61A 
 315      E5F3 04D9 
 316 04e8 BCE4 30F8 		.ascii	"\274\3440\370-\204_\301\257t\265)\364T'\317\017C\262\214\fe\374"
 316      2D84 5FC1 
 316      AF74 B529 
 316      F454 27CF 
 316      0F43 B28C 
 317 04ff 0DFC 6674 		.ascii	"\r\374ft\254\013\360;\004H\207\267\356\362\374u\257\006\363\327"
 317      AC0B F03B 
 317      0448 87B7 
 317      EEF2 FC75 
 317      AF06 F3D7 
 318 0513 BF9E 175C 		.ascii	"\277\236\027\\\223\373\314\212`Nx\335\333\241pq0\367\305\225"
 318      93FB CC8A 
 318      604E 78DD 
 318      DBA1 7071 
 318      30F7 C595 
 319 0527 C155 F979 		.ascii	"\301U\371y\305\305\301UE\005\005E\205\301gW\347\274\220\027."
 319      C5C5 C155 
 319      4505 0545 
 319      85C1 6757 
 319      E7BC 9017 
 320 053c 0E85 1F7F 		.ascii	"\016\205\037\177\215\231kCo\025\205Kr\362J\362\234\351\352\222"
 320      8D99 6B43 
 320      6F15 854B 
 320      72F2 4AF2 
 320      9CE9 EA92 
 321 0550 5081 6BE5 		.ascii	"P\201k\345\272\222\347\362\212\3374W\255\017\207C\205%\270\264"
 321      BA92 E7F2 
 321      8ADF 3457 
 321      AD0F 8743 
 321      8525 B8B4 
 322 0564 C805 9FC5 		.ascii	"\310\005\237\305kC\005\377\002\003\005\366\314"
 322      6B43 05FF 
 322      0203 05F6 
 322      CC
 323               		.text
 324               		.section	.gnu.lto_USB_SetHIDReportItemInfo.76c22b720b9090,"",@progbits
 325 0000 789C 9556 		.string	"x\234\225V{L[U\030?\337=\367\325\333\322Bb\b\020\302\313\020\262hvM4\032\377\334 \306%31s
 325      7B4C 5B55 
 325      183F DF3D 
 325      F7D5 DBD2 
 325      4262 0810 
 326 00b4 4C6E E940 		.ascii	"Ln\351@\016JTVTMw\030pPr\020\210\001\254"
 326      0E4A 5456 
 326      544D 7718 
 326      7050 7210 
 326      8801 AC
 327 00c7 AD51 FB8B 		.string	"\255Q\373\213\260\347=\372!\205\301\320B\257\264\3433\013\237X{\"=h5dDP\335&L\b|\013;\320
 327      B0E7 3DFA 
 327      2185 C1D0 
 327      42AF B4E3 
 327      330B 9F58 
 328 01c8 7EFA A150 		.string	"~\372\241P\264"
 328      B400 
 329 01ce 0641 2540 		.string	"\006A%@\bMV}=\245\304\254\325\265\220\025[z\365X\217\3718`U4\211-\024\027]f\213\302\026\2
 329      084D 567D 
 329      3DA5 C4AC 
 329      D5B5 9015 
 329      5B7A F558 
 330 02ab 7579 ECC8 		.string	"uy\354\310\022D\021\347sb\324),2\267KG\205\0378\035\211\005\374\021\003\"|g%\307\037`\370
 330      1244 11E7 
 330      7362 D429 
 330      2C32 B74B 
 330      4785 1F38 
 331 02df 1841 545E 		.string	"\030AT^\221\361\026\273\202\322\003\024\362\036\031\337\r\243<>\037\250\213\030\037\33317
 331      91F1 16BB 
 331      82D2 0314 
 331      F21E 19DF 
 331      0DA3 3C3E 
 332 0341 0B20 1121 		.ascii	"\013 \021!v\213\324\347Z\322\2053\335V\352\nL\362\324e\226\372"
 332      768B D4E7 
 332      5AD2 8533 
 332      DD56 EA0A 
 332      4CF2 D465 
 333 0357 4FA2 D7D3 		.ascii	"O\242\327\323\315#\232\235\312\026\356\376GwQ\201K\034JaPS`\206"
 333      CD23 9A9D 
 333      CA16 EEFE 
 333      4777 5181 
 333      4B1C 4A61 
 334 036f 593D 13C0 		.ascii	"Y=\023\300\262\245\004\351\313\341\304\"`\006*\301\033y}\206"
 334      B2A5 04E9 
 334      CBE1 C422 
 334      6006 2AC1 
 334      1B79 7D86 
 335 0383 7FFD D2EE 		.ascii	"\177\375\322\356\230\274M\332?o\322\236\346\264\353\357\005\217"
 335      98BC 4DDA 
 335      3F6F D29E 
 335      E6B4 EBEF 
 335      058F 
 336 0395 6A02 4B41 		.ascii	"j\002KA\2700M\023m|\306\226%7F\3016^\336h\243F\302\371\234O\375"
 336      B830 4D13 
 336      6D7C C696 
 336      2537 46C1 
 336      365E DE68 
 337 03b0 C9E0 E1FE 		.ascii	"\311\340\341\376[v\023r\303\224\335\335\315+W\336\327\231\217"
 337      5B76 1372 
 337      C394 DDDD 
 337      CD2B 57DE 
 337      D799 8F
 338 03c3 0A3A CCF0 		.ascii	"\n:\314\360A\303V59\204\021\376a~\271,\227{\315\266\243\366\377"
 338      41C3 5635 
 338      3984 11FE 
 338      617E B92C 
 338      977B CDB6 
 339 03da 4CD0 46B5 		.ascii	"L\320F\265;~\005y\213\027\3126\327\321C\320\277\232\"$\016\021"
 339      3B7E 0579 
 339      8B17 CA36 
 339      D7D1 43D0 
 339      BF9A 2224 
 340 03f0 7964 B4FD 		.ascii	"yd\264\375s\227\210\254\301\254\210|;x\303\216l\300\0238&\016"
 340      7397 88AC 
 340      C1AC 887C 
 340      3B78 C38E 
 340      6CC0 1338 
 341 0406 01B5 4EC7 		.ascii	"\001\265N\307\211rf\366O\320\006wq|\347\226\200)(\026m\206\207"
 341      8972 66F6 
 341      4FD0 0677 
 341      717C E796 
 341      8029 2816 
 342 041d 7479 2BDB 		.ascii	"ty+\333\253|>Sx\231\364\215\276\325\267\005\273\372k\004Z\276"
 342      AB7C 3E53 
 342      7899 F48D 
 342      BED5 B705 
 342      BBFA 6B04 
 343 0433 20BB F13E 		.ascii	" \273\361>\252\370>\306!iv\371\033\234/\310\367\367W\b\257\002"
 343      AAF8 3EC6 
 343      2169 76F9 
 343      1B9C 2FC8 
 343      F7F7 5708 
 344 0449 6C0F 26B0 		.ascii	"l\017&\260i\325\317\254\nx\034\007\301\237\350\365\021\347\362"
 344      69D5 CFAC 
 344      0A78 1C07 
 344      C19F E8F5 
 344      11E7 F2
 345 045c 34B1 E748 		.ascii	"4\261\347H\251b\317\357\035\217\340\362K_\267\235Z\016\312\220"
 345      A962 CFEF 
 345      1D8F E0F2 
 345      4B5F B79D 
 345      5A0E CA90 
 346 0470 4C74 F6F2 		.ascii	"Lt\366\362s\202\013\373E\237Kf\303\375r\304d\f\333^\236\344\321"
 346      7382 0BFB 
 346      459F 4B66 
 346      C3FD 72C4 
 346      640C DB5E 
 347 0487 5071 34E6 		.ascii	"Pq4\346\305h$\300\203w\233\022]\216c\rr\364\350\335\353R\002"
 347      C568 24C0 
 347      8377 9B12 
 347      5D8E 630D 
 347      72F4 E8DD 
 348 049e 52F1 3A52 		.ascii	"R\361:R\342\\\224\257\307W\026!\001i\354\002RV\270\254@_\\\221"
 348      E25C 94AF 
 348      C757 1621 
 348      0169 EC02 
 348      5256 B8AC 
 349 04b6 3009 43DC 		.ascii	"0\tC\334\353K \211\377\023\032\361.\260R\361\360ty\331\033fy"
 349      EB4B 2089 
 349      FF13 1AF1 
 349      2EB0 52F1 
 349      F074 79D9 
 350 04cd CD5B 5E73 		.ascii	"\315[^so\351\013\273\314\022\177\331\001\237?`\226\276\262\333"
 350      6FE9 0BBB 
 350      CC12 7FD9 
 350      019F 3F60 
 350      96BE B2DB 
 351 04e1 2C2E F706 		.ascii	",.\367\006\002fqUEEU\245\371\342\236\222\227\275\376\200\317"
 351      0266 7155 
 351      4545 55A5 
 351      F9E2 9E92 
 351      97BD FE80 
 352 04f6 BFF3 4D62 		.ascii	"\277\363Mb\354\363\275[\345\257.\361V{\355\355\236j_\205\266"
 352      ECF3 BD5B 
 352      E5AF 2EF1 
 352      567B EDED 
 352      9E6A 5F85 
 353 050b BBAC FA25 		.ascii	"\273\254\372%o\340\035\243\270\306\357\367UV\343\321\311L\360"
 353      6FE0 1DA3 
 353      B8C6 EFF7 
 353      5556 E3D1 
 353      C94C F0
 354 051e 3BB0 CF57 		.ascii	";\260\317W\361\037W\372\305\227"
 354      F11F 57FA 
 354      C597 
 355               		.text
 356               		.section	.gnu.lto_USB_GetHIDReportSize.76c22b720b9090,"",@progbits
 357 0000 789C 8554 		.string	"x\234\205T]lTE\024\2363s\377\366\366v[\215\t\304l\204\3044\r>\2706\020\337\201\306\210\36
 357      5D6C 5445 
 357      149E 3373 
 357      FFF6 F676 
 357      5B8D 09C4 
 358 00ad A07B E900 		.string	"\240{\351"
 359 00b1 6BE2 C230 		.string	"k\342\3020-\333\t@\023w\030\344"
 359      2DDB 0940 
 359      1377 18E4 
 359      00
 360 00be 5CB5 30FA 		.ascii	"\\\2650\372\275*\016\n\030X\276\236\253\330+R\002\355\340q\362"
 360      BD2A 0E0A 
 360      1858 BE9E 
 360      ABD8 2B52 
 360      02ED E071 
 361 00d3 DAE8 1B65 		.ascii	"\332\350\033et\004\250\304\343\207\327\217_4\326\275'e\263\314"
 361      7404 A8C4 
 361      E387 D78F 
 361      5F34 D6BD 
 361      2765 B3CC 
 362 00e7 1D9A 5DE5 		.ascii	"\035\232]\345\357\271 1\306Y;\302?\205\020\034\207\020\345r\002"
 362      EFB9 2031 
 362      C659 3BC2 
 362      3F85 101C 
 362      8710 E572 
 363 00fc D621 F848 		.ascii	"\326!\370H\346\235\250x\020\030n\337L\237<hVw\310\003\310\273"
 363      E69D A878 
 363      1018 6EDF 
 363      4C9F 3C68 
 363      5677 C803 
 364 0112 F9A4 F452 		.ascii	"\371\244\364RB\300g Jix\305\240\033\252\021]\030\275\224\r\212"
 364      42C0 6720 
 364      4A69 78C5 
 364      A01B AA11 
 364      5D18 BD94 
 365 0128 8D8A 3933 		.ascii	"\215\21293\365\372\367\274\310\034\234\273{@\312\325)a\300IM"
 365      F5FA F7BC 
 365      C81C 9CBB 
 365      7B40 CAD5 
 365      2961 C049 
 366 013d 5E1F 8207 		.ascii	"^\037\202\007\210j08\245\250\331\326\367{\202\342\021E=z\306"
 366      886A 3038 
 366      A5A8 D9D6 
 366      F77B 82E2 
 366      1145 3D7A 
 367 0152 1FAF 2852 		.ascii	"\037\257(R\207\267\355\2229 f\366?\314\317\241\232\340\013]\267"
 367      87B7 ED92 
 367      3920 66F6 
 367      3FCC CFA1 
 367      9AE0 0B5D 
 368 0167 DACA 2D83 		.ascii	"\332\312-\203r\301\024N\203\305\2001\252A\307H\2417(\352\224"
 368      72C1 144E 
 368      83C5 8031 
 368      AA41 C748 
 368      A137 28EA 
 369 017c E6F4 DEFD 		.ascii	"\346\364\336\375\322\254z[\025`v\356\236\274\224\207\245\221"
 369      D2AC 7A5B 
 369      1560 76EE 
 369      9EBC 9487 
 369      A591 
 370 018e 1226 F494 		.ascii	"\022&\364\224\312\322\017z\241\n\tW&\346g\\\361\224\"w\377|q"
 370      CAD2 0F7A 
 370      A10A 0957 
 370      26E6 675C 
 370      F194 2277 
 371 01a5 DA2B 9217 		.ascii	"\332+\222\027\347VO\024\311\034\372\376Y\nE\317AU\347\244\231"
 371      E756 4F14 
 371      C91C FAFE 
 371      590A 45CF 
 371      4155 E7A4 
 372 01ba 93B7 965B 		.ascii	"\223\267\226[d\356\313moum\270\003\320\257\305i\021*n\340\326"
 372      64EE CB6D 
 372      6F75 6DB8 
 372      03D0 AFC5 
 372      6911 2A6E 
 373 01d0 3671 712C 		.ascii	"6qq,Zl\365L\007\267<@\213\013\224\232\007T\325rE\b\002\225\251"
 373      5A6C F54C 
 373      07B7 3C40 
 373      8B0B 949A 
 373      0754 D572 
 374 01e9 42E1 2A09 		.ascii	"B\341*\t\302\330+\230m\267's\254\025O\335^2\307.Cs\372j\347\232"
 374      C2D8 2B98 
 374      6DB7 2773 
 374      AC15 4FDD 
 374      5E32 C72E 
 375 0203 BF2B 4268 		.ascii	"\277+Bh]\020\006y\260\212\211\265\277\334?n\323d\230\300\240"
 375      5D10 0679 
 375      B08A 89B5 
 375      BFDC 3F6E 
 375      D364 98C0 
 376 0218 5FB9 6EC5 		.ascii	"_\271n\305\026\342\340\241\306\025h^j\371\266o\336+Q\311\221"
 376      16E2 E0A1 
 376      C615 685E 
 376      6AF9 B66F 
 376      DE2B 51C9 
 377 022d 4A5E A914 		.ascii	"J^\251\024\300\362\005\370\302\326@\320\027\334\027.]\364\016"
 377      C0F2 05F8 
 377      C2D6 40D0 
 377      17DC 172E 
 377      5DF4 0E
 378 0240 85F4 4579 		.ascii	"\205\364Ey\351c\204*\341\351\376\261A+\r"
 378      E963 842A 
 378      E1E9 FEB1 
 378      412B 0D
 379 024f 4776 4A29 		.string	"GvJ)\323\275T\213\200/<8C\317\307\360\027-\323\263e\341\2170(\327\246\204\013\003\220\206
 379      D3BD 548B 
 379      802F 3C38 
 379      43CF C7F0 
 379      172D D3B3 
 380 0350 2620 647C 		.ascii	"& d|\262\206dM\216\0026\373:\317V\024z\372\376\3404p\276\250"
 380      B286 644D 
 380      8E02 36FB 
 380      3ACF 5614 
 380      7AFA FEE0 
 381 0368 C051 2B65 		.ascii	"\300Q+e\232\310\234D'\330\263\265+#\215(U\022\207\341\307R\275"
 381      9AC8 9C44 
 381      27D8 B3B5 
 381      2B23 8D28 
 381      5512 87E1 
 382 037f 069C E97B 		.ascii	"\006\234\351{\233r\032/\334\245\265H\250}\354\265\254\245\205"
 382      9B72 1A2F 
 382      DCA5 B548 
 382      A87D ECB5 
 382      ACA5 85
 383 0392 0230 B592 		.ascii	"\0020\265\222\222M\257\001_\262Q\311^Z\205R\001\375B-\242\222"
 383      924D AF01 
 383      5FB2 51C9 
 383      5E5A 8552 
 383      01FD 422D 
 384 03a8 8FBA 8471 		.ascii	"\217\272\204q0\035\313\317\214\030d\331\271\221\031\241\374\001"
 384      301D CBCF 
 384      8C18 64D9 
 384      B991 19A1 
 384      FC01 
 385 03ba 71D8 A9F5 		.ascii	"q\330\251\365\365\261\247\303\365\317?\033\t?Z\367\320\306pm"
 385      F5B1 A7C3 
 385      F5CF 3F1B 
 385      093F 5AF7 
 385      D0C6 706D 
 386 03ce 3CF6 4234 		.ascii	"<\366B4\236\b\327m\335\024\336\\\037I$\302\233\033\266oox.\374"
 386      9E08 D76D 
 386      DD14 DE5C 
 386      1F49 24C2 
 386      9B1B B66F 
 387 03e6 F096 DAC7 		.ascii	"\360\226\332\307\"\361D4~\3773\314\325\273\332Hc\304y<\272\243"
 387      22F1 4434 
 387      7EFF 33CC 
 387      D5BB DA48 
 387      63C4 793C 
 388 03fc 21DE B8A5 		.ascii	"!\336\270\245\326\325\233'^\334\021\205XP\037\266\306^\212n\212"
 388      D6D5 9B27 
 388      5EDC 1185 
 388      5850 1FB6 
 388      C65E 8A6E 
 389 0411 3526 FE04 		.ascii	"5&\376\004\f\203\344\r"
 389      0C83 E40D 
 390               		.text
 391               		.section	.gnu.lto_.symbol_nodes.76c22b720b9090,"",@progbits
 392 0000 789C 6363 		.string	"x\234cc``X\001\304\fL\002\365\f\f\023\31610"
 392      6060 5801 
 392      C40C 4C02 
 392      F50C 0C13 
 392      CE31 3000 
 393 0014 A959 0D8E 		.string	"\251Y\r\216@\001\301zFT\001\241z&T\001\341zf\024\001F\261z\026\260"
 393      4001 C17A 
 393      4654 01A1 
 393      7A26 5401 
 393      E17A 6614 
 394 002f 0343 4383 		.string	"\003CC\203\003\220/R\317\212\302\027\255gC\34633\2602\264\264\275\221\007\321K\240\364\02
 394      0390 2F52 
 394      CF8A C217 
 394      AD67 43E6 
 394      3333 B032 
 395 0068 AF58 2942 		.ascii	"\257X)B"
 396               		.text
 397               		.section	.gnu.lto_.refs.76c22b720b9090,"",@progbits
 398 0000 789C 6363 		.string	"x\234cc```\004b\006"
 398      6060 6004 
 398      6206 00
 399 000b 00        		.string	""
 400 000c 4400      		.string	"D"
 401 000e 08        		.ascii	"\b"
 402               		.text
 403               		.section	.gnu.lto_.decls.76c22b720b9090,"",@progbits
 404 0000 789C 9559 		.string	"x\234\225YyTTW\232\257\373n-P\024\340 \235\361L\350\211i=\221\330\0311IOk\322\246\323\321
 404      7954 5457 
 404      9AAF FB6E 
 404      2D50 14E0 
 404      209D F14C 
 405 009a E5C3 384F 		.string	"\345\3038O\301\3764@\377\204\271\357\200\266"
 405      C1FE 3440 
 405      FF84 B9EF 
 405      80B6 00
 406 00a9 ED02 8A04 		.string	"\355\002\212\004J"
 406      4A00 
 407 00af 4A43 0ABB 		.string	"JC\n\273\277\036A\241\230\313\327\273\001\271\333\310\374\031P\006\227;\0171\271Y@*\240\3
 407      BF1E 41A1 
 407      98CB D7BB 
 407      01B9 DBC8 
 407      FC19 5006 
 408 00d0 E7A1 603A 		.string	"\347\241`:-\205\361j\270\016"
 408      2D85 F16A 
 408      B80E 00
 409 00db AD83 EF7F 		.string	"\255\203\357\177\005j\206\357\215@\331\360=\236\353\372\005\2207P\016\214S\201\336"
 409      056A 86EF 
 409      8D40 D9F0 
 409      3D9E EBFA 
 409      0590 3750 
 410 00f5 EA82 F14C 		.string	"\352\202\361L\270\016\303u\b\350\"\267\267\006\276/\201k!\320\036\240\2310\3767\270N\003\
 410      B80E C375 
 410      08E8 22B7 
 410      B706 BE2F 
 410      816B 21D0 
 411 011b 3D80 7BB3 		.string	"=\200{\263\340:\033\350u\240\227\201~\016\364\032\220/\220\036\350O@\265\200\3733\\{\340\
 411      E03A 1BE8 
 411      75A0 9781 
 411      7E0E F41A 
 411      902F 901E 
 412 0144 F41E D042 		.string	"\364\036\320B\240\367\201\352`~\021\\W"
 412      A0F7 81EA 
 412      607E 115C 
 412      5700 
 413 0152 2D07 FA14 		.string	"-\007\372\024H\311},\372\224\370w\006\361\031\\\315@\227\200.\003\025\003\225"
 413      48C9 7D2C 
 413      FA94 F877 
 413      06F1 195C 
 413      CD40 9780 
 414 016c 5D01 2A05 		.string	"]\001*\005\272\nT\006T\016T\001T\tt\r\350:P\025\320\r\240jb3\321\221\310\006\252\007j"
 414      BA0A 5406 
 414      540E 5401 
 414      5409 740D 
 414      E83A 5015 
 415 018e BA69 13BB 		.string	"\272i\023\273\247\0207W\356si\334\376\316cS\304\3432\207\307\206\304e1\3675\2115\211\203Z
 415      A710 3757 
 415      EE73 69DC 
 415      FECE 6353 
 415      C4E3 3287 
 416 0202 C3EA DE8A 		.string	"\303\352\336\212\030'\030\272k\3214\030\246m\271\237\344"
 416      1827 18BA 
 416      6BD1 3418 
 416      A66D B99F 
 416      E400 
 417 0214 430F 2D9A 		.string	"C\017-\232@d\374}\316\2103\033\223\305q\241\233uX\240_K.\355\210\307\363N\233\330\237\303
 417      4064 FC7D 
 417      CE88 331B 
 417      93C5 71A1 
 417      9B75 58A0 
 418 0243 859E E491 		.string	"\205\236\344\221H\r\362\324\236 \270\302\241\250wc[L\246\231(\017iQ\016\302(\033\315#\n{h
 418      480D F2D4 
 418      9E20 B8C2 
 418      A1A8 7763 
 418      5B4C A699 
 419 02e0 93CC 0D66 		.ascii	"\223\314\rfO\360\031*\002%\n\255>XE|@&A\306\255\247g\357\253"
 419      4FF0 192A 
 419      0225 0AAD 
 419      3E58 457C 
 419      4026 41C6 
 420 02f9 5998 6E6A 		.ascii	"Y\230nj`\334\227\372\254^`\343z26\037\251-t\302[\021Uh\377\223"
 420      60DC 97FA 
 420      AC5E 60E3 
 420      7A32 361F 
 420      A92D 74C2 
 421 0313 C71B 75EC 		.ascii	"\307\033u\354f\004\271\331\326\221qO\303\306%\344~n|\351#W\026"
 421      6604 B9D9 
 421      D691 714F 
 421      C3C6 25E4 
 421      7E6E 7CE9 
 422 032a E474 258C 		.ascii	"\344t%\214O\227\245g:\341\030\2668"
 422      4F97 A567 
 422      3AE1 18B6 
 422      38
 423 0337 F97C 422E 		.string	"\371|B.b`G\030\216\235\254\256S\023\317\232\270\247\334\244\216*G\240#\362\362@e\314\257\
 423      6260 4718 
 423      8E9D ACAE 
 423      5313 CF9A 
 423      B8A7 DCA4 
 424 0438 DDB4 E61E 		.string	"\335\264\346\036\021Jee\005\327\257\226:\223\340J\201\373\025jA3uf9w&\0328\271\373\036\01
 424      114A 6565 
 424      05D7 AF96 
 424      3A93 E04A 
 424      81FB 156A 
 425 0513 D469 8DE6 		.ascii	"\324i\215\346C1\232q\373\273\0168\340\022\346\271\236\203\375"
 425      4331 9A71 
 425      FBBB 0E38 
 425      E012 E6B9 
 425      9E83 FD
 426 0526 0EB8 9C7D 		.ascii	"\016\270\234}?\3638l\267\016\267\322\201:%b\370\204\222\324\304"
 426      3FF3 386C 
 426      B70E B7D2 
 426      813A 2562 
 426      F884 92D4 
 427 053b 6C4F 1DF3 		.ascii	"lO\035\363LI\316\264Z\352\307\001\244C\335\300\270O\352\2326"
 427      4C49 CEB4 
 427      5AEA C701 
 427      A443 DDC0 
 427      B84F EA9A 
 428 0550 64E3 C8FE 		.ascii	"d\343\310\376\205\233\251#I\005}\317\321v\0254y\302>\346pb\342"
 428      859B A923 
 428      4905 7DCF 
 428      D176 1534 
 428      79C2 3EE6 
 429 0567 13        		.ascii	"\023"
 430 0568 30B1 174C 		.string	"0\261\027L\354\007\352\341f\262\272\033]\270\225\n v\336\343+,^\232o\023\250\366\354\2276
 430      EC07 EAE1 
 430      66B2 BA1B 
 430      5DB8 950A 
 430      2076 DEE3 
 431 0669 C38E 8EA3 		.string	"\303\216\216\243{yo\371\017\242cdQ\214\2329\252\212\234inV\235\351r\302\373\230\001g\332\
 431      7B79 6FF9 
 431      0FA2 6364 
 431      518C 9A39 
 431      AA8A 9C69 
 432 071b EDB5 4696 		.ascii	"\355\265F\226\b\245\262\016=\271\325\351\310\374\354\t\303\232"
 432      08A5 B20E 
 432      3DB9 D5E9 
 432      C8FC EC09 
 432      C39A 
 433 072d E1AB 57B4 		.ascii	"\341\253W\264\270\230\2712+\2676\314\001\2271_6\356L.\022\020"
 433      B898 B932 
 433      2BB7 36CC 
 433      0197 315F 
 433      36EE 4C2E 
 434 0743 34A6 D932 		.ascii	"4\246\3312M\016\200&\254\013Es5\016\203\0321\240\306!\301\322"
 434      4D0E 8026 
 434      AC0B 4573 
 434      350E 831A 
 434      31A0 C621 
 435 0759 37C0 93F5 		.ascii	"7\300\223\365\251\036E\264\217\221\316t\020\024!p\336\231\356"
 435      A91E 45B4 
 435      8F91 CE74 
 435      1014 2170 
 435      DE99 EE
 436 076c D836 F867 		.ascii	"\3306\370g)\3145\321r\3270N\327R=\372('\022\024\322\343\242'"
 436      29CC 35D1 
 436      72D7 304E 
 436      D752 3DFA 
 436      2827 1214 
 437 0784 0F0A 18D0 		.ascii	"\017\n\030\320}\251h\217\n\3270G\3066\336\216r\261t\221\326T"
 437      7DA9 688F 
 437      0AD7 3047 
 437      C636 DE8E 
 437      72B1 7491 
 438 079a EA96 3858 		.ascii	"\352\2268X{\304\352\226h\301\256\213\210\006\242X\260k*\033A"
 438      7BC4 EA96 
 438      68C1 AE8B 
 438      8806 A258 
 438      B06B 2A1B 
 439 07af 5665 5F49 		.ascii	"Ve_I\236\026\2672\317\265&\227\346hq;\035h\032\017\226\016hi"
 439      9E16 B732 
 439      CFB5 2697 
 439      E668 713B 
 439      1D68 1A0F 
 440 07c7 5307 E7B1 		.ascii	"S\007\347\261.\332\235\353\276"
 440      2EDA 9DEB 
 440      BE
 441 07d0 87DA 40C2 		.string	"\207\332@\302\262\003\344'\300\325\022\324\355\202\315a\247\377]v\330!\350c\266\3500a\362
 441      B203 E427 
 441      C0D5 12D4 
 441      ED82 CD61 
 441      A7FF 5D76 
 442 07fb AD4F 0225 		.string	"\255O\002%\001\035\007\212\227E\251\354]\353\366q\224\013\232\342"
 442      011D 078A 
 442      9745 A9EC 
 442      5DEB F671 
 442      940B 9AE2 
 443 0810 D6F4 AE7C 		.string	"\326\364\256|#H\020\236\263\021<\313a\001M\260\013(\331%Dg\220`Dq\251\026\267K\2668r\346\
 443      2348 109E 
 443      B311 3CCB 
 443      6101 4DB0 
 443      0B28 D925 
 444 090d 6501 6503 		.string	"e\001e\003\345"
 444      E500 
 445 0913 E5C9 92B8 		.ascii	"\345\311\222\270\372=\253\320s\266B\237\331\265\370\337X\217"
 445      FA3D ABD0 
 445      73B6 429F 
 445      D9B5 F8DF 
 445      588F 
 446 0925 9E67 6DCD 		.ascii	"\236gm\315\267=\247V/\262\326\007y@\311\265\326G\233m\023\353"
 446      B73D A756 
 446      2FB2 D607 
 446      7940 C9B5 
 446      D647 9B6D 
 447 093b CE63 399F 		.ascii	"\316c9\237;Y\023+\311w\273li\207g\004\031\247\fY\306\237)\203"
 447      3B59 132B 
 447      C977 BB6C 
 447      6987 6704 
 447      19A7 0C59 
 448 0953 1656 4CE3 		.ascii	"\026VL\343-$\177\377\027k\003+\240\351n\206u\205\326t\317\265"
 448      2D24 7FFF 
 448      176B 032B 
 448      A0E9 6E86 
 448      7585 D674 
 449 0969 4F77 D19D 		.ascii	"Ow\321\235\250\b\274\370\242\036\005\005\n*"
 449      A808 BCF8 
 449      A21E 0505 
 449      0A2A 
 450 0977 DB6E 3B4A 		.string	"\333n;J\217FD\344(xh\204\352yIp\023O.\004\335r\372\360\240\016\327\263T\256\3560E\361'\33
 450      8F46 44E4 
 450      2878 6884 
 450      EA79 4970 
 450      134F 2E04 
 451 0a78 AA04 AA01 		.ascii	"\252\004\252\001\272&?\022]d%Skw$\032\352\2154;\342qV\006\203"
 451      BA26 3F12 
 451      5D64 2553 
 451      6B77 241A 
 451      EA8D 343B 
 452 0a91 BD21 DD1A 		.ascii	"\275!\335\032\333#\221(\027\335\004q/.\272\375*-\247\006XXo-"
 452      DB23 9128 
 452      17DD 0471 
 452      2F2E BAFD 
 452      2A2D A706 
 453 0aa9 A75A F198 		.ascii	"\247Z\361\230\324~o\"[\326\362\033\004i\313o\264\264\374\272"
 453      D47E 6F22 
 453      5BD6 F21B 
 453      0469 CB6F 
 453      B4B4 FCBA 
 454 0abd FDE1 3B2D 		.ascii	"\375\341;-\357\267B\247\002\242&\201\274\337z\364$+\323U\312"
 454      EFB7 42A7 
 454      02A2 2681 
 454      BCDF 7AF4 
 454      242B D355 
 455 0ad2 D52C 0337 		.ascii	"\325,\0037sp3\005\237N\332Y\250\224\202\033e\273N\013\007\267"
 455      7370 3305 
 455      9F4E DA59 
 455      A894 821B 
 455      65BB 4E0B 
 456 0ae8 5070 62B1 		.ascii	"Ppb\2619\213W\336\313\344=T\372\231\315\216x\207\212\026Zv\301"
 456      398B 57DE 
 456      CBE4 3D54 
 456      FA99 CD8E 
 456      7887 8A16 
 457 0aff E3B7 D82D 		.ascii	"\343\267\330-\017\362J\352V_!\177\357\330\006\207rU\367Dg\227"
 457      0FF2 4AEA 
 457      565F 217F 
 457      EFD8 0687 
 457      7255 F744 
 458 0b15 13A2 67   		.ascii	"\023\242g"
 459 0b18 1599 7FDB 		.string	"\025\231\177\333\300\277\267i\\\357p\347\336\007\347\336\005G\336\003z H\037\022\007\233\
 459      C0BF B769 
 459      5CEF 70E7 
 459      DE07 E7DE 
 459      0547 DE03 
 460 0c19 257D C977 		.string	"%}\311w9\356\227t\212\364\275n\201\316=\353\0325\353\350d\001\322\241\0366\231zz,]K'\177\
 460      39EE 9774 
 460      8AF4 BD6E 
 460      81CE 3DEB 
 460      1A35 EBE8 
 461 0c77 0834 28CC 		.string	"\b4(\314"
 461      00
 462 0c7c 1EBD 842B 		.string	"\036\275\204+\201O\304d\337R\377\"\316\024\327f*\234\310\306\345g\241\374\324J\202B\217\2
 462      814F C464 
 462      DF52 FF22 
 462      CE14 D766 
 462      2A9C C8C6 
 463 0d38 2834 6135 		.string	"(4a5aBj\302\026LL\210\030\035q\302)\314\202\224\215c\305\016\330\314\315imI$y\207\266b\31
 463      6142 6AC2 
 463      164C 4C88 
 463      181D 71C2 
 463      29CC 8294 
 464 0de4 4460 760E 		.string	"D`v\016D\221T\203\264\254\374\035*\334\3034\250L\353\fW\343A6H?\324^F\324A\373D\357\247\0
 464      4491 5483 
 464      B4AC FC1D 
 464      2ADC C334 
 464      A84C EB0C 
 465 0e88 F5C5 3E39 		.ascii	"\365\305>9AR\013\035\0055\342x~$\037\210\257\322\360\244Q\240"
 465      4152 0B1D 
 465      0535 E278 
 465      7E24 1F88 
 465      AFD2 F0A4 
 466 0e9e 638C F1A9 		.ascii	"c\214\361\251\376`\2554L \222\245\314q\2222\3614PG\304@\2456"
 466      FE60 AD34 
 466      4C20 92A5 
 466      CC71 9232 
 466      F134 5047 
 467 0eb6 5467 9186 		.ascii	"Tg\221\206\325\026g*\354\030\2375v\351\312F\323\035\350Y&\323"
 467      D516 672A 
 467      EC18 9F35 
 467      76E9 CA46 
 467      D31D E859 
 468 0ecc 9B04 0A07 		.ascii	"\233\004\n\007\0211m\242 m\366\212\001K\240\001\213\212\271\013"
 468      1131 6DA2 
 468      206D F68A 
 468      014B A001 
 468      8B8A B90B 
 469 0ee0 67B4 C30E 		.ascii	"g\264\303\016S\304H\036\226\223L\273\347\273\314G\207\222&q\331"
 469      53C4 481E 
 469      9693 4CBB 
 469      E7BB CC47 
 469      8792 2671 
 470 0ef5 2936 F713 		.ascii	")6\367\023|p\372G|\220B|\220J}\220,\372`\363\361\362Q-\367A\331"
 470      7C70 FA47 
 470      7C90 427C 
 470      904A 7D90 
 470      2CFA 60F3 
 471 0f10 2B5B 4CE6 		.ascii	"+[L\346`\223.\004\023\024:a1?\021\314?!\232\237\306\362\265}"
 471      6093 2E04 
 471      1314 3A61 
 471      313F 11CC 
 471      3F21 9A9F 
 472 0f28 AC47 37E5 		.ascii	"\254G7\345;\344t\314\337!_g\357\220\305\337\225\335\330\357\312"
 472      3BE4 74CC 
 472      DF21 5F67 
 472      EF90 C5DF 
 472      95DD D8EF 
 473 0f3d E7DB AF96 		.ascii	"\347\333\257\226h\331q\317D\336\301\236\212L\217\306\266\277"
 473      68D9 71CF 
 473      44DE C19E 
 473      8A4C 8FC6 
 473      B6BF 
 474 0f4f D99D C51E 		.ascii	"\331\235\305\036\350\f&\3342\260\233\310\223\016\310\212{\271"
 474      E80C 26DC 
 474      32B0 9BC8 
 474      930E C88A 
 474      7BB9 
 475 0f61 9553 8BCF 		.ascii	"\225S\213\317\024\305\317\247\322\305\037\027\335\330\217\213"
 475      14C5 CFA7 
 475      D2C5 1F17 
 475      DDD8 8F8B 
 476 0f71 FDC7 D362 		.ascii	"\375\307\323b\305W\345\344\215\310\326\332\362\213*\251tr.:\017"
 476      C557 E5E4 
 476      8DC8 D6DA 
 476      F28B 2AA9 
 476      7472 2E3A 
 477 0f86 D2CF 51E9 		.ascii	"\322\317Q\351YTz&\223\236E\245'\247\216e\312NR$[\254\342\263"
 477      5954 7A26 
 477      939E 45A5 
 477      27A7 8E65 
 477      CA4E 5224 
 478 0f9e 313B      		.ascii	"1;"
 479 0fa0 EFC0 7532 		.ascii	"\357\300u2p\252\f\234\303\3019\024\\7\\0\252\303\3614\253\224"
 479      70AA 0C9C 
 479      C3C1 3914 
 479      5C37 5C30 
 479      AAC3 F134 
 480 0fb6 B733 3A76 		.ascii	"\2673:v\302\203'<|j\201$\317\221\005\220=\271\330\362\034I\037"
 480      C283 273C 
 480      7C6A 8124 
 480      CF91 0590 
 480      3DB9 D8F2 
 481 0fcd 367B FF8F 		.ascii	"6{\377\217LO\366\243y\036\324x\001\365\310\0050*\037\263\247"
 481      4C4F F6A3 
 481      791E D478 
 481      01F5 C805 
 481      302A 1FB3 
 482 0fe2 5432 43BA 		.ascii	"T2C\272v\234\331L\237)\216q\355\bo\253v\027\271v\027\251vC\255"
 482      769C D94C 
 482      9F29 8E71 
 482      ED08 6FAB 
 482      7617 B976 
 483 0ffb 0D82 D492 		.ascii	"\r\202\324\222="
 483      3D
 484 1000 324B 0A39 		.ascii	"2K\n9\266\220bS\037\266\307)g\035e:'\202\322_\274D\367{\226D"
 484      B690 6253 
 484      1FB6 C729 
 484      671D 653A 
 484      2782 D25F 
 485 101a 4578 1660 		.ascii	"Ex\026`\366\035:\020\256b\030rb8\274)8\356U9\316Lq\215\307\007"
 485      F61D 3A10 
 485      AE62 1872 
 485      6238 BC29 
 485      38EE 5539 
 486 1034 9F22 8EEB 		.ascii	"\237\"\216\353\237\001\334\344\240K\024\324\273\375j\245\300"
 486      9F01 DCE4 
 486      A04B 14D4 
 486      BBFD 6AA5 
 486      C0
 487 1045 41A3 5B4D 		.ascii	"A\243[M"
 488 1049 68B1 1C74 		.string	"h\261\034t\231\202\232Cn\237p\230R\253b\212\271\226\277/\337eJL\t\305\354?\265\255C\024V6
 488      9982 9A43 
 488      6E9F 7098 
 488      52AB 628A 
 488      B996 BF2F 
 489 114a 0E61 B40D 		.string	"\016a\264\r4A\033h\246m\200`n :\315\232\310\373\364;\375x\313\337\357K/\377\rk|\274\226\2
 489      3441 1B68 
 489      A66D 8060 
 489      6E20 3ACD 
 489      9AC8 FBF4 
 490 11a5 E342 6FE3 		.string	"\343Bo\343\002\257\r\206 /\377@_\037\177\257%z\177\177\237 /\237o\202\376k\255\257\357\35
 490      02AF 0D86 
 490      202F FF40 
 490      5F1F 7FAF 
 490      257A 7F7F 
 491 1259 A3BB FD1D 		.ascii	"\243\273\375\035o\243\0237\307\250_oP\375\305\307\177\203\236"
 491      6FA3 1337 
 491      C7A8 5F6F 
 491      50FD C5C7 
 491      7F83 9E
 492 126c 7AE3 EDB7 		.ascii	"z\343\355\267\274\215\332\017\214\306 \277/7\030\365\006\315"
 492      BC8D DA0F 
 492      8CC6 20BF 
 492      2F37 18F5 
 492      06CD 
 493 127e B2C0 B57E 		.ascii	"\262\300\265~\340V\315'~\001~\3537\254\327|\342\363-\271\352"
 493      E056 CD27 
 493      7E01 7EEB 
 493      37AC D77C 
 493      E2F3 2DB9 
 494 1293 084B 9883 		.ascii	"\bK\230\203!\210_\031\340gt\370\375\267_\007\006\2004-U\ff\274"
 494      2188 5F19 
 494      E067 74F8 
 494      FDB7 5F07 
 494      0680 342D 
 495 12ab 8D1A F00F 		.ascii	"\215\032\360\017\261\317a\371\272\177\031\b\233\227\255v\023"
 495      B1CF 61F9 
 495      BA7F 1908 
 495      9B97 AD76 
 495      13
 496 12bc C1DE 5641 		.ascii	"\301\336VA\336F\027\271\206\216\004\360\221\277\317Z\203\003"
 496      DE46 17B9 
 496      868E 04F0 
 496      91BF CF5A 
 496      8303 
 497 12ce F946 2C74 		.ascii	"\371F,t\004v\237\256Yc\320\033\235\227\007\201\233\0027\030\250"
 497      0476 9FAE 
 497      5963 D01B 
 497      9D97 0781 
 497      9B02 3718 
 498 12e3 E2D3 6CB8 		.ascii	"\342\323l\270\032\247QOJ\ftYi\360\013X+\006\320\240\362^\034"
 498      1AA7 514F 
 498      4A0C 7459 
 498      69F0 0B58 
 498      2B06 D0A0 
 499 12fa 18E8 2F5D 		.ascii	"\030\350/]F\003\300]\262$pC\200\221\336\\a\3641\352?\363\371"
 499      4603 C05D 
 499      B224 7043 
 499      8091 DE5C 
 499      61F4 31EA 
 500 1311 D21F 7CEC 		.ascii	"\322\037|\354\016\001\365^\036\024\350\2537\030\340\036\203j"
 500      0E01 F55E 
 500      1E14 E8AB 
 500      3718 E01E 
 500      836A 
 501 1323 0202 0302 		.ascii	"\002\002\003\0026\370\373\277x\016\370*f\020\206\177\320\033"
 501      36F8 FBBF 
 501      780E F82A 
 501      6610 867F 
 501      D01B 
 502 1335 2DCC 88A6 		.ascii	"-\314\210\246D\021zc\305$7\334mW\020\337\252|\003\003\f\306\327"
 502      4411 7A63 
 502      C524 37DC 
 502      6D57 10DF 
 502      AA7C 0303 
 503 134c 967C B06C 		.ascii	"\226|\260l\331\342\017\226\374\321\333\"\302\373#?\177\243>H"
 503      D9E2 0F96 
 503      FCD1 DB22 
 503      C2FB 233F 
 503      7FA3 3E48 
 504 1360 C645 BD1E 		.ascii	"\306E\275\036\234\2417*\375\365>k@w\343\272\240\300\177\252\r"
 504      9CA1 372A 
 504      FDF5 3E6B 
 504      4077 E3BA 
 504      A0C0 7FAA 
 505 1375 C0C5 DBF8 		.ascii	"\300\305\333\370\351\217\327\0201\222\317y-\360\"\237\244\252"
 505      E98F D710 
 505      3192 CF79 
 505      2DF0 229F 
 505      A4AA 
 506 1387 D83D 496D 		.ascii	"\330=Im}\245_\003)\216\336\324\254\t\230i\370Z\357\373\302\325"
 506      7DA5 5F03 
 506      298E DED4 
 506      AC09 9869 
 506      F85A EFFB 
 507 139d 1904 B102 		.ascii	"\031\004\261\002\016\032Pv}\3407z\245\357:\237\240\377\007\325"
 507      0E1A 5076 
 507      7DE0 377A 
 507      A5EF 3A9F 
 507      A0FF 07D5 
 508 13b1 31C7 A3   		.ascii	"1\307\243"
 509               		.text
 510               		.section	.gnu.lto_.symtab.76c22b720b9090,"",@progbits
 511 0000 5553 425F 		.string	"USB_ProcessHIDReport"
 511      5072 6F63 
 511      6573 7348 
 511      4944 5265 
 511      706F 7274 
 512 0015 00        		.string	""
 513 0016 00        		.string	""
 514 0017 00        		.string	""
 515 0018 00        		.string	""
 516 0019 00        		.string	""
 517 001a 00        		.string	""
 518 001b 00        		.string	""
 519 001c 00        		.string	""
 520 001d 00        		.string	""
 521 001e 00        		.string	""
 522 001f 00        		.string	""
 523 0020 7701 00   		.string	"w\001"
 524 0023 00        		.string	""
 525 0024 5553 425F 		.string	"USB_GetHIDReportItemInfo"
 525      4765 7448 
 525      4944 5265 
 525      706F 7274 
 525      4974 656D 
 526 003d 00        		.string	""
 527 003e 00        		.string	""
 528 003f 00        		.string	""
 529 0040 00        		.string	""
 530 0041 00        		.string	""
 531 0042 00        		.string	""
 532 0043 00        		.string	""
 533 0044 00        		.string	""
 534 0045 00        		.string	""
 535 0046 00        		.string	""
 536 0047 00        		.string	""
 537 0048 7E01 00   		.string	"~\001"
 538 004b 00        		.string	""
 539 004c 5553 425F 		.string	"USB_SetHIDReportItemInfo"
 539      5365 7448 
 539      4944 5265 
 539      706F 7274 
 539      4974 656D 
 540 0065 00        		.string	""
 541 0066 00        		.string	""
 542 0067 00        		.string	""
 543 0068 00        		.string	""
 544 0069 00        		.string	""
 545 006a 00        		.string	""
 546 006b 00        		.string	""
 547 006c 00        		.string	""
 548 006d 00        		.string	""
 549 006e 00        		.string	""
 550 006f 00        		.string	""
 551 0070 8501 00   		.string	"\205\001"
 552 0073 00        		.string	""
 553 0074 5553 425F 		.string	"USB_GetHIDReportSize"
 553      4765 7448 
 553      4944 5265 
 553      706F 7274 
 553      5369 7A65 
 554 0089 00        		.string	""
 555 008a 00        		.string	""
 556 008b 00        		.string	""
 557 008c 00        		.string	""
 558 008d 00        		.string	""
 559 008e 00        		.string	""
 560 008f 00        		.string	""
 561 0090 00        		.string	""
 562 0091 00        		.string	""
 563 0092 00        		.string	""
 564 0093 00        		.string	""
 565 0094 8F01 00   		.string	"\217\001"
 566 0097 00        		.string	""
 567 0098 4341 4C4C 		.string	"CALLBACK_HIDParser_FilterHIDReportItem"
 567      4241 434B 
 567      5F48 4944 
 567      5061 7273 
 567      6572 5F46 
 568 00bf 00        		.string	""
 569 00c0 02        		.ascii	"\002"
 570 00c1 00        		.string	""
 571 00c2 00        		.string	""
 572 00c3 00        		.string	""
 573 00c4 00        		.string	""
 574 00c5 00        		.string	""
 575 00c6 00        		.string	""
 576 00c7 00        		.string	""
 577 00c8 00        		.string	""
 578 00c9 00        		.string	""
 579 00ca 9301 00   		.string	"\223\001"
 580 00cd 00        		.string	""
 581               		.text
 582               		.section	.gnu.lto_.opts,"",@progbits
 583 0000 272D 666D 		.ascii	"'-fmath-errno' '-fsigned-zeros' '-ftrapping-m"
 583      6174 682D 
 583      6572 726E 
 583      6F27 2027 
 583      2D66 7369 
 584 002d 6174 6827 		.string	"ath' '-fno-trapv' '-fno-openmp' '-fno-openacc' '-mn-flash=1' '-mno-skip-bug' '-mmcu=avr5'
 584      2027 2D66 
 584      6E6F 2D74 
 584      7261 7076 
 584      2720 272D 
 585               		.text
 586               		.comm	__gnu_lto_v1,1,1
 587               		.comm	__gnu_lto_slim,1,1
 588               		.ident	"GCC: (GNU) 7.4.0"
DEFINED SYMBOLS
                            *ABS*:0000000000000000 HIDParser.c
/var/folders/7d/r_phv7rx6m99qllr_nm2m9c80000gn/T//cceds1Dv.s:2      *ABS*:000000000000003e __SP_H__
/var/folders/7d/r_phv7rx6m99qllr_nm2m9c80000gn/T//cceds1Dv.s:3      *ABS*:000000000000003d __SP_L__
/var/folders/7d/r_phv7rx6m99qllr_nm2m9c80000gn/T//cceds1Dv.s:4      *ABS*:000000000000003f __SREG__
/var/folders/7d/r_phv7rx6m99qllr_nm2m9c80000gn/T//cceds1Dv.s:5      *ABS*:0000000000000000 __tmp_reg__
/var/folders/7d/r_phv7rx6m99qllr_nm2m9c80000gn/T//cceds1Dv.s:6      *ABS*:0000000000000001 __zero_reg__
                            *COM*:0000000000000001 __gnu_lto_v1
                            *COM*:0000000000000001 __gnu_lto_slim

NO UNDEFINED SYMBOLS
