   1               		.file	"bootloader.c"
   2               	__SP_H__ = 0x3e
   3               	__SP_L__ = 0x3d
   4               	__SREG__ = 0x3f
   5               	__tmp_reg__ = 0
   6               	__zero_reg__ = 1
   7               		.file 1 "/usr/local/Cellar/avr-gcc/9.2.0/avr/include/stdint.h"
   8               		.file 2 "lib/lufa/LUFA/Drivers/USB/Core/AVR8/../StdRequestType.h"
   9               		.file 3 "lib/lufa/LUFA/Drivers/USB/Core/AVR8/../DeviceStandardReq.h"
  10               		.file 4 "lib/lufa/LUFA/Drivers/USB/Core/USBTask.h"
  11               		.file 5 "lib/lufa/LUFA/Drivers/USB/Core/HostStandardReq.h"
  12               		.file 6 "/usr/local/Cellar/avr-gcc/9.2.0/avr/include/stdio.h"
  13               		.file 7 "tmk_core/common/avr/bootloader.c"
  14               		.file 8 "/usr/local/Cellar/avr-gcc/9.2.0/avr/include/util/delay.h"
  15               		.file 9 "/usr/local/Cellar/avr-gcc/9.2.0/avr/include/avr/wdt.h"
  16               		.section	.gnu.debuglto_.debug_info,"e",@progbits
  17               	.Ldebug_info0:
  18               		.hidden	bootloader.c.43ca85d9
  19               		.weak	bootloader.c.43ca85d9
  20               	bootloader.c.43ca85d9:
  21 0000 EE02 0000 		.long	0x2ee
  22 0004 0200      		.word	0x2
  23 0006 0000 0000 		.long	.Ldebug_abbrev0
  24 000a 04        		.byte	0x4
  25 000b 01        		.uleb128 0x1
  26 000c 0000 0000 		.long	.LASF40
  27 0010 0C        		.byte	0xc
  28 0011 0000 0000 		.long	.LASF41
  29 0015 0000 0000 		.long	.LASF42
  30 0019 0000 0000 		.long	.Ldebug_line0
  31 001d 02        		.uleb128 0x2
  32 001e 01        		.byte	0x1
  33 001f 06        		.byte	0x6
  34 0020 0000 0000 		.long	.LASF0
  35 0024 03        		.uleb128 0x3
  36 0025 0000 0000 		.long	.LASF2
  37 0029 01        		.byte	0x1
  38 002a 7E        		.byte	0x7e
  39 002b 16        		.byte	0x16
  40 002c 3A00 0000 		.long	0x3a
  41 0030 04        		.uleb128 0x4
  42 0031 2400 0000 		.long	0x24
  43 0035 05        		.uleb128 0x5
  44 0036 2400 0000 		.long	0x24
  45 003a 02        		.uleb128 0x2
  46 003b 01        		.byte	0x1
  47 003c 08        		.byte	0x8
  48 003d 0000 0000 		.long	.LASF1
  49 0041 06        		.uleb128 0x6
  50 0042 02        		.byte	0x2
  51 0043 05        		.byte	0x5
  52 0044 696E 7400 		.string	"int"
  53 0048 03        		.uleb128 0x3
  54 0049 0000 0000 		.long	.LASF3
  55 004d 01        		.byte	0x1
  56 004e 80        		.byte	0x80
  57 004f 16        		.byte	0x16
  58 0050 5400 0000 		.long	0x54
  59 0054 02        		.uleb128 0x2
  60 0055 02        		.byte	0x2
  61 0056 07        		.byte	0x7
  62 0057 0000 0000 		.long	.LASF4
  63 005b 02        		.uleb128 0x2
  64 005c 04        		.byte	0x4
  65 005d 05        		.byte	0x5
  66 005e 0000 0000 		.long	.LASF5
  67 0062 03        		.uleb128 0x3
  68 0063 0000 0000 		.long	.LASF6
  69 0067 01        		.byte	0x1
  70 0068 82        		.byte	0x82
  71 0069 16        		.byte	0x16
  72 006a 6E00 0000 		.long	0x6e
  73 006e 02        		.uleb128 0x2
  74 006f 04        		.byte	0x4
  75 0070 07        		.byte	0x7
  76 0071 0000 0000 		.long	.LASF7
  77 0075 02        		.uleb128 0x2
  78 0076 08        		.byte	0x8
  79 0077 05        		.byte	0x5
  80 0078 0000 0000 		.long	.LASF8
  81 007c 02        		.uleb128 0x2
  82 007d 08        		.byte	0x8
  83 007e 07        		.byte	0x7
  84 007f 0000 0000 		.long	.LASF9
  85 0083 07        		.uleb128 0x7
  86 0084 08        		.byte	0x8
  87 0085 02        		.byte	0x2
  88 0086 A3        		.byte	0xa3
  89 0087 0C        		.byte	0xc
  90 0088 D800 0000 		.long	0xd8
  91 008c 08        		.uleb128 0x8
  92 008d 0000 0000 		.long	.LASF10
  93 0091 02        		.byte	0x2
  94 0092 A5        		.byte	0xa5
  95 0093 0E        		.byte	0xe
  96 0094 2400 0000 		.long	0x24
  97 0098 02        		.byte	0x2
  98 0099 23        		.byte	0x23
  99 009a 00        		.uleb128 0
 100 009b 08        		.uleb128 0x8
 101 009c 0000 0000 		.long	.LASF11
 102 00a0 02        		.byte	0x2
 103 00a1 A6        		.byte	0xa6
 104 00a2 0E        		.byte	0xe
 105 00a3 2400 0000 		.long	0x24
 106 00a7 02        		.byte	0x2
 107 00a8 23        		.byte	0x23
 108 00a9 01        		.uleb128 0x1
 109 00aa 08        		.uleb128 0x8
 110 00ab 0000 0000 		.long	.LASF12
 111 00af 02        		.byte	0x2
 112 00b0 A7        		.byte	0xa7
 113 00b1 0E        		.byte	0xe
 114 00b2 4800 0000 		.long	0x48
 115 00b6 02        		.byte	0x2
 116 00b7 23        		.byte	0x23
 117 00b8 02        		.uleb128 0x2
 118 00b9 08        		.uleb128 0x8
 119 00ba 0000 0000 		.long	.LASF13
 120 00be 02        		.byte	0x2
 121 00bf A8        		.byte	0xa8
 122 00c0 0E        		.byte	0xe
 123 00c1 4800 0000 		.long	0x48
 124 00c5 02        		.byte	0x2
 125 00c6 23        		.byte	0x23
 126 00c7 04        		.uleb128 0x4
 127 00c8 08        		.uleb128 0x8
 128 00c9 0000 0000 		.long	.LASF14
 129 00cd 02        		.byte	0x2
 130 00ce A9        		.byte	0xa9
 131 00cf 0E        		.byte	0xe
 132 00d0 4800 0000 		.long	0x48
 133 00d4 02        		.byte	0x2
 134 00d5 23        		.byte	0x23
 135 00d6 06        		.uleb128 0x6
 136 00d7 00        		.byte	0
 137 00d8 03        		.uleb128 0x3
 138 00d9 0000 0000 		.long	.LASF15
 139 00dd 02        		.byte	0x2
 140 00de AA        		.byte	0xaa
 141 00df 12        		.byte	0x12
 142 00e0 8300 0000 		.long	0x83
 143 00e4 09        		.uleb128 0x9
 144 00e5 0000 0000 		.long	.LASF16
 145 00e9 03        		.byte	0x3
 146 00ea 5E        		.byte	0x5e
 147 00eb 13        		.byte	0x13
 148 00ec 2400 0000 		.long	0x24
 149 00f0 01        		.byte	0x1
 150 00f1 01        		.byte	0x1
 151 00f2 09        		.uleb128 0x9
 152 00f3 0000 0000 		.long	.LASF17
 153 00f7 03        		.byte	0x3
 154 00f8 6E        		.byte	0x6e
 155 00f9 11        		.byte	0x11
 156 00fa 0001 0000 		.long	0x100
 157 00fe 01        		.byte	0x1
 158 00ff 01        		.byte	0x1
 159 0100 02        		.uleb128 0x2
 160 0101 01        		.byte	0x1
 161 0102 02        		.byte	0x2
 162 0103 0000 0000 		.long	.LASF18
 163 0107 04        		.uleb128 0x4
 164 0108 0001 0000 		.long	0x100
 165 010c 09        		.uleb128 0x9
 166 010d 0000 0000 		.long	.LASF19
 167 0111 03        		.byte	0x3
 168 0112 78        		.byte	0x78
 169 0113 11        		.byte	0x11
 170 0114 0001 0000 		.long	0x100
 171 0118 01        		.byte	0x1
 172 0119 01        		.byte	0x1
 173 011a 09        		.uleb128 0x9
 174 011b 0000 0000 		.long	.LASF20
 175 011f 04        		.byte	0x4
 176 0120 51        		.byte	0x51
 177 0121 19        		.byte	0x19
 178 0122 0701 0000 		.long	0x107
 179 0126 01        		.byte	0x1
 180 0127 01        		.byte	0x1
 181 0128 09        		.uleb128 0x9
 182 0129 0000 0000 		.long	.LASF21
 183 012d 04        		.byte	0x4
 184 012e 5B        		.byte	0x5b
 185 012f 21        		.byte	0x21
 186 0130 D800 0000 		.long	0xd8
 187 0134 01        		.byte	0x1
 188 0135 01        		.byte	0x1
 189 0136 09        		.uleb128 0x9
 190 0137 0000 0000 		.long	.LASF22
 191 013b 04        		.byte	0x4
 192 013c 90        		.byte	0x90
 193 013d 1E        		.byte	0x1e
 194 013e 3000 0000 		.long	0x30
 195 0142 01        		.byte	0x1
 196 0143 01        		.byte	0x1
 197 0144 09        		.uleb128 0x9
 198 0145 0000 0000 		.long	.LASF23
 199 0149 05        		.byte	0x5
 200 014a 67        		.byte	0x67
 201 014b 13        		.byte	0x13
 202 014c 2400 0000 		.long	0x24
 203 0150 01        		.byte	0x1
 204 0151 01        		.byte	0x1
 205 0152 0A        		.uleb128 0xa
 206 0153 02        		.byte	0x2
 207 0154 0B        		.uleb128 0xb
 208 0155 0000 0000 		.long	.LASF43
 209 0159 0E        		.byte	0xe
 210 015a 06        		.byte	0x6
 211 015b F4        		.byte	0xf4
 212 015c 08        		.byte	0x8
 213 015d DF01 0000 		.long	0x1df
 214 0161 0C        		.uleb128 0xc
 215 0162 6275 6600 		.string	"buf"
 216 0166 06        		.byte	0x6
 217 0167 F5        		.byte	0xf5
 218 0168 08        		.byte	0x8
 219 0169 DF01 0000 		.long	0x1df
 220 016d 02        		.byte	0x2
 221 016e 23        		.byte	0x23
 222 016f 00        		.uleb128 0
 223 0170 08        		.uleb128 0x8
 224 0171 0000 0000 		.long	.LASF24
 225 0175 06        		.byte	0x6
 226 0176 F6        		.byte	0xf6
 227 0177 10        		.byte	0x10
 228 0178 3A00 0000 		.long	0x3a
 229 017c 02        		.byte	0x2
 230 017d 23        		.byte	0x23
 231 017e 02        		.uleb128 0x2
 232 017f 08        		.uleb128 0x8
 233 0180 0000 0000 		.long	.LASF25
 234 0184 06        		.byte	0x6
 235 0185 F7        		.byte	0xf7
 236 0186 0A        		.byte	0xa
 237 0187 2400 0000 		.long	0x24
 238 018b 02        		.byte	0x2
 239 018c 23        		.byte	0x23
 240 018d 03        		.uleb128 0x3
 241 018e 0D        		.uleb128 0xd
 242 018f 0000 0000 		.long	.LASF26
 243 0193 06        		.byte	0x6
 244 0194 0701      		.word	0x107
 245 0196 06        		.byte	0x6
 246 0197 4100 0000 		.long	0x41
 247 019b 02        		.byte	0x2
 248 019c 23        		.byte	0x23
 249 019d 04        		.uleb128 0x4
 250 019e 0E        		.uleb128 0xe
 251 019f 6C65 6E00 		.string	"len"
 252 01a3 06        		.byte	0x6
 253 01a4 0801      		.word	0x108
 254 01a6 06        		.byte	0x6
 255 01a7 4100 0000 		.long	0x41
 256 01ab 02        		.byte	0x2
 257 01ac 23        		.byte	0x23
 258 01ad 06        		.uleb128 0x6
 259 01ae 0E        		.uleb128 0xe
 260 01af 7075 7400 		.string	"put"
 261 01b3 06        		.byte	0x6
 262 01b4 0901      		.word	0x109
 263 01b6 08        		.byte	0x8
 264 01b7 0702 0000 		.long	0x207
 265 01bb 02        		.byte	0x2
 266 01bc 23        		.byte	0x23
 267 01bd 08        		.uleb128 0x8
 268 01be 0E        		.uleb128 0xe
 269 01bf 6765 7400 		.string	"get"
 270 01c3 06        		.byte	0x6
 271 01c4 0A01      		.word	0x10a
 272 01c6 08        		.byte	0x8
 273 01c7 1D02 0000 		.long	0x21d
 274 01cb 02        		.byte	0x2
 275 01cc 23        		.byte	0x23
 276 01cd 0A        		.uleb128 0xa
 277 01ce 0D        		.uleb128 0xd
 278 01cf 0000 0000 		.long	.LASF27
 279 01d3 06        		.byte	0x6
 280 01d4 0B01      		.word	0x10b
 281 01d6 08        		.byte	0x8
 282 01d7 5201 0000 		.long	0x152
 283 01db 02        		.byte	0x2
 284 01dc 23        		.byte	0x23
 285 01dd 0C        		.uleb128 0xc
 286 01de 00        		.byte	0
 287 01df 0F        		.uleb128 0xf
 288 01e0 02        		.byte	0x2
 289 01e1 E501 0000 		.long	0x1e5
 290 01e5 02        		.uleb128 0x2
 291 01e6 01        		.byte	0x1
 292 01e7 08        		.byte	0x8
 293 01e8 0000 0000 		.long	.LASF28
 294 01ec 10        		.uleb128 0x10
 295 01ed 01        		.byte	0x1
 296 01ee 4100 0000 		.long	0x41
 297 01f2 0102 0000 		.long	0x201
 298 01f6 11        		.uleb128 0x11
 299 01f7 E501 0000 		.long	0x1e5
 300 01fb 11        		.uleb128 0x11
 301 01fc 0102 0000 		.long	0x201
 302 0200 00        		.byte	0
 303 0201 0F        		.uleb128 0xf
 304 0202 02        		.byte	0x2
 305 0203 5401 0000 		.long	0x154
 306 0207 0F        		.uleb128 0xf
 307 0208 02        		.byte	0x2
 308 0209 EC01 0000 		.long	0x1ec
 309 020d 10        		.uleb128 0x10
 310 020e 01        		.byte	0x1
 311 020f 4100 0000 		.long	0x41
 312 0213 1D02 0000 		.long	0x21d
 313 0217 11        		.uleb128 0x11
 314 0218 0102 0000 		.long	0x201
 315 021c 00        		.byte	0
 316 021d 0F        		.uleb128 0xf
 317 021e 02        		.byte	0x2
 318 021f 0D02 0000 		.long	0x20d
 319 0223 12        		.uleb128 0x12
 320 0224 0102 0000 		.long	0x201
 321 0228 2E02 0000 		.long	0x22e
 322 022c 13        		.uleb128 0x13
 323 022d 00        		.byte	0
 324 022e 14        		.uleb128 0x14
 325 022f 0000 0000 		.long	.LASF29
 326 0233 06        		.byte	0x6
 327 0234 9701      		.word	0x197
 328 0236 17        		.byte	0x17
 329 0237 2302 0000 		.long	0x223
 330 023b 01        		.byte	0x1
 331 023c 01        		.byte	0x1
 332 023d 15        		.uleb128 0x15
 333 023e 0000 0000 		.long	.LASF44
 334 0242 07        		.byte	0x7
 335 0243 50        		.byte	0x50
 336 0244 0A        		.byte	0xa
 337 0245 6200 0000 		.long	0x62
 338 0249 01        		.byte	0x1
 339 024a 16        		.uleb128 0x16
 340 024b 01        		.byte	0x1
 341 024c 0000 0000 		.long	.LASF30
 342 0250 07        		.byte	0x7
 343 0251 D9        		.byte	0xd9
 344 0252 06        		.byte	0x6
 345 0253 01        		.byte	0x1
 346 0254 16        		.uleb128 0x16
 347 0255 01        		.byte	0x1
 348 0256 0000 0000 		.long	.LASF31
 349 025a 07        		.byte	0x7
 350 025b 56        		.byte	0x56
 351 025c 06        		.byte	0x6
 352 025d 01        		.byte	0x1
 353 025e 17        		.uleb128 0x17
 354 025f 0000 0000 		.long	.LASF35
 355 0263 08        		.byte	0x8
 356 0264 A6        		.byte	0xa6
 357 0265 01        		.byte	0x1
 358 0266 01        		.byte	0x1
 359 0267 A102 0000 		.long	0x2a1
 360 026b 18        		.uleb128 0x18
 361 026c 0000 0000 		.long	.LASF38
 362 0270 08        		.byte	0x8
 363 0271 A6        		.byte	0xa6
 364 0272 12        		.byte	0x12
 365 0273 A102 0000 		.long	0x2a1
 366 0277 19        		.uleb128 0x19
 367 0278 0000 0000 		.long	.LASF32
 368 027c 08        		.byte	0x8
 369 027d A8        		.byte	0xa8
 370 027e 09        		.byte	0x9
 371 027f A102 0000 		.long	0x2a1
 372 0283 19        		.uleb128 0x19
 373 0284 0000 0000 		.long	.LASF33
 374 0288 08        		.byte	0x8
 375 0289 AC        		.byte	0xac
 376 028a 0B        		.byte	0xb
 377 028b 6200 0000 		.long	0x62
 378 028f 1A        		.uleb128 0x1a
 379 0290 01        		.byte	0x1
 380 0291 0000 0000 		.long	.LASF45
 381 0295 08        		.byte	0x8
 382 0296 AD        		.byte	0xad
 383 0297 0E        		.byte	0xe
 384 0298 01        		.byte	0x1
 385 0299 01        		.byte	0x1
 386 029a 11        		.uleb128 0x11
 387 029b 6E00 0000 		.long	0x6e
 388 029f 00        		.byte	0
 389 02a0 00        		.byte	0
 390 02a1 02        		.uleb128 0x2
 391 02a2 04        		.byte	0x4
 392 02a3 04        		.byte	0x4
 393 02a4 0000 0000 		.long	.LASF34
 394 02a8 1B        		.uleb128 0x1b
 395 02a9 0000 0000 		.long	.LASF36
 396 02ad 09        		.byte	0x9
 397 02ae BF01      		.word	0x1bf
 398 02b0 06        		.byte	0x6
 399 02b1 01        		.byte	0x1
 400 02b2 D902 0000 		.long	0x2d9
 401 02b6 1C        		.uleb128 0x1c
 402 02b7 C902 0000 		.long	0x2c9
 403 02bb 1D        		.uleb128 0x1d
 404 02bc 0000 0000 		.long	.LASF37
 405 02c0 09        		.byte	0x9
 406 02c1 C301      		.word	0x1c3
 407 02c3 1A        		.byte	0x1a
 408 02c4 2400 0000 		.long	0x24
 409 02c8 00        		.byte	0
 410 02c9 1E        		.uleb128 0x1e
 411 02ca 1D        		.uleb128 0x1d
 412 02cb 0000 0000 		.long	.LASF37
 413 02cf 09        		.byte	0x9
 414 02d0 D501      		.word	0x1d5
 415 02d2 1A        		.byte	0x1a
 416 02d3 2400 0000 		.long	0x24
 417 02d7 00        		.byte	0
 418 02d8 00        		.byte	0
 419 02d9 1F        		.uleb128 0x1f
 420 02da 0000 0000 		.long	.LASF46
 421 02de 09        		.byte	0x9
 422 02df 9701      		.word	0x197
 423 02e1 06        		.byte	0x6
 424 02e2 01        		.byte	0x1
 425 02e3 20        		.uleb128 0x20
 426 02e4 0000 0000 		.long	.LASF39
 427 02e8 09        		.byte	0x9
 428 02e9 9701      		.word	0x197
 429 02eb 20        		.byte	0x20
 430 02ec 3500 0000 		.long	0x35
 431 02f0 00        		.byte	0
 432 02f1 00        		.byte	0
 433               		.section	.gnu.debuglto_.debug_abbrev,"e",@progbits
 434               	.Ldebug_abbrev0:
 435 0000 01        		.uleb128 0x1
 436 0001 11        		.uleb128 0x11
 437 0002 01        		.byte	0x1
 438 0003 25        		.uleb128 0x25
 439 0004 0E        		.uleb128 0xe
 440 0005 13        		.uleb128 0x13
 441 0006 0B        		.uleb128 0xb
 442 0007 03        		.uleb128 0x3
 443 0008 0E        		.uleb128 0xe
 444 0009 1B        		.uleb128 0x1b
 445 000a 0E        		.uleb128 0xe
 446 000b 10        		.uleb128 0x10
 447 000c 06        		.uleb128 0x6
 448 000d 00        		.byte	0
 449 000e 00        		.byte	0
 450 000f 02        		.uleb128 0x2
 451 0010 24        		.uleb128 0x24
 452 0011 00        		.byte	0
 453 0012 0B        		.uleb128 0xb
 454 0013 0B        		.uleb128 0xb
 455 0014 3E        		.uleb128 0x3e
 456 0015 0B        		.uleb128 0xb
 457 0016 03        		.uleb128 0x3
 458 0017 0E        		.uleb128 0xe
 459 0018 00        		.byte	0
 460 0019 00        		.byte	0
 461 001a 03        		.uleb128 0x3
 462 001b 16        		.uleb128 0x16
 463 001c 00        		.byte	0
 464 001d 03        		.uleb128 0x3
 465 001e 0E        		.uleb128 0xe
 466 001f 3A        		.uleb128 0x3a
 467 0020 0B        		.uleb128 0xb
 468 0021 3B        		.uleb128 0x3b
 469 0022 0B        		.uleb128 0xb
 470 0023 39        		.uleb128 0x39
 471 0024 0B        		.uleb128 0xb
 472 0025 49        		.uleb128 0x49
 473 0026 13        		.uleb128 0x13
 474 0027 00        		.byte	0
 475 0028 00        		.byte	0
 476 0029 04        		.uleb128 0x4
 477 002a 35        		.uleb128 0x35
 478 002b 00        		.byte	0
 479 002c 49        		.uleb128 0x49
 480 002d 13        		.uleb128 0x13
 481 002e 00        		.byte	0
 482 002f 00        		.byte	0
 483 0030 05        		.uleb128 0x5
 484 0031 26        		.uleb128 0x26
 485 0032 00        		.byte	0
 486 0033 49        		.uleb128 0x49
 487 0034 13        		.uleb128 0x13
 488 0035 00        		.byte	0
 489 0036 00        		.byte	0
 490 0037 06        		.uleb128 0x6
 491 0038 24        		.uleb128 0x24
 492 0039 00        		.byte	0
 493 003a 0B        		.uleb128 0xb
 494 003b 0B        		.uleb128 0xb
 495 003c 3E        		.uleb128 0x3e
 496 003d 0B        		.uleb128 0xb
 497 003e 03        		.uleb128 0x3
 498 003f 08        		.uleb128 0x8
 499 0040 00        		.byte	0
 500 0041 00        		.byte	0
 501 0042 07        		.uleb128 0x7
 502 0043 13        		.uleb128 0x13
 503 0044 01        		.byte	0x1
 504 0045 0B        		.uleb128 0xb
 505 0046 0B        		.uleb128 0xb
 506 0047 3A        		.uleb128 0x3a
 507 0048 0B        		.uleb128 0xb
 508 0049 3B        		.uleb128 0x3b
 509 004a 0B        		.uleb128 0xb
 510 004b 39        		.uleb128 0x39
 511 004c 0B        		.uleb128 0xb
 512 004d 01        		.uleb128 0x1
 513 004e 13        		.uleb128 0x13
 514 004f 00        		.byte	0
 515 0050 00        		.byte	0
 516 0051 08        		.uleb128 0x8
 517 0052 0D        		.uleb128 0xd
 518 0053 00        		.byte	0
 519 0054 03        		.uleb128 0x3
 520 0055 0E        		.uleb128 0xe
 521 0056 3A        		.uleb128 0x3a
 522 0057 0B        		.uleb128 0xb
 523 0058 3B        		.uleb128 0x3b
 524 0059 0B        		.uleb128 0xb
 525 005a 39        		.uleb128 0x39
 526 005b 0B        		.uleb128 0xb
 527 005c 49        		.uleb128 0x49
 528 005d 13        		.uleb128 0x13
 529 005e 38        		.uleb128 0x38
 530 005f 0A        		.uleb128 0xa
 531 0060 00        		.byte	0
 532 0061 00        		.byte	0
 533 0062 09        		.uleb128 0x9
 534 0063 34        		.uleb128 0x34
 535 0064 00        		.byte	0
 536 0065 03        		.uleb128 0x3
 537 0066 0E        		.uleb128 0xe
 538 0067 3A        		.uleb128 0x3a
 539 0068 0B        		.uleb128 0xb
 540 0069 3B        		.uleb128 0x3b
 541 006a 0B        		.uleb128 0xb
 542 006b 39        		.uleb128 0x39
 543 006c 0B        		.uleb128 0xb
 544 006d 49        		.uleb128 0x49
 545 006e 13        		.uleb128 0x13
 546 006f 3F        		.uleb128 0x3f
 547 0070 0C        		.uleb128 0xc
 548 0071 3C        		.uleb128 0x3c
 549 0072 0C        		.uleb128 0xc
 550 0073 00        		.byte	0
 551 0074 00        		.byte	0
 552 0075 0A        		.uleb128 0xa
 553 0076 0F        		.uleb128 0xf
 554 0077 00        		.byte	0
 555 0078 0B        		.uleb128 0xb
 556 0079 0B        		.uleb128 0xb
 557 007a 00        		.byte	0
 558 007b 00        		.byte	0
 559 007c 0B        		.uleb128 0xb
 560 007d 13        		.uleb128 0x13
 561 007e 01        		.byte	0x1
 562 007f 03        		.uleb128 0x3
 563 0080 0E        		.uleb128 0xe
 564 0081 0B        		.uleb128 0xb
 565 0082 0B        		.uleb128 0xb
 566 0083 3A        		.uleb128 0x3a
 567 0084 0B        		.uleb128 0xb
 568 0085 3B        		.uleb128 0x3b
 569 0086 0B        		.uleb128 0xb
 570 0087 39        		.uleb128 0x39
 571 0088 0B        		.uleb128 0xb
 572 0089 01        		.uleb128 0x1
 573 008a 13        		.uleb128 0x13
 574 008b 00        		.byte	0
 575 008c 00        		.byte	0
 576 008d 0C        		.uleb128 0xc
 577 008e 0D        		.uleb128 0xd
 578 008f 00        		.byte	0
 579 0090 03        		.uleb128 0x3
 580 0091 08        		.uleb128 0x8
 581 0092 3A        		.uleb128 0x3a
 582 0093 0B        		.uleb128 0xb
 583 0094 3B        		.uleb128 0x3b
 584 0095 0B        		.uleb128 0xb
 585 0096 39        		.uleb128 0x39
 586 0097 0B        		.uleb128 0xb
 587 0098 49        		.uleb128 0x49
 588 0099 13        		.uleb128 0x13
 589 009a 38        		.uleb128 0x38
 590 009b 0A        		.uleb128 0xa
 591 009c 00        		.byte	0
 592 009d 00        		.byte	0
 593 009e 0D        		.uleb128 0xd
 594 009f 0D        		.uleb128 0xd
 595 00a0 00        		.byte	0
 596 00a1 03        		.uleb128 0x3
 597 00a2 0E        		.uleb128 0xe
 598 00a3 3A        		.uleb128 0x3a
 599 00a4 0B        		.uleb128 0xb
 600 00a5 3B        		.uleb128 0x3b
 601 00a6 05        		.uleb128 0x5
 602 00a7 39        		.uleb128 0x39
 603 00a8 0B        		.uleb128 0xb
 604 00a9 49        		.uleb128 0x49
 605 00aa 13        		.uleb128 0x13
 606 00ab 38        		.uleb128 0x38
 607 00ac 0A        		.uleb128 0xa
 608 00ad 00        		.byte	0
 609 00ae 00        		.byte	0
 610 00af 0E        		.uleb128 0xe
 611 00b0 0D        		.uleb128 0xd
 612 00b1 00        		.byte	0
 613 00b2 03        		.uleb128 0x3
 614 00b3 08        		.uleb128 0x8
 615 00b4 3A        		.uleb128 0x3a
 616 00b5 0B        		.uleb128 0xb
 617 00b6 3B        		.uleb128 0x3b
 618 00b7 05        		.uleb128 0x5
 619 00b8 39        		.uleb128 0x39
 620 00b9 0B        		.uleb128 0xb
 621 00ba 49        		.uleb128 0x49
 622 00bb 13        		.uleb128 0x13
 623 00bc 38        		.uleb128 0x38
 624 00bd 0A        		.uleb128 0xa
 625 00be 00        		.byte	0
 626 00bf 00        		.byte	0
 627 00c0 0F        		.uleb128 0xf
 628 00c1 0F        		.uleb128 0xf
 629 00c2 00        		.byte	0
 630 00c3 0B        		.uleb128 0xb
 631 00c4 0B        		.uleb128 0xb
 632 00c5 49        		.uleb128 0x49
 633 00c6 13        		.uleb128 0x13
 634 00c7 00        		.byte	0
 635 00c8 00        		.byte	0
 636 00c9 10        		.uleb128 0x10
 637 00ca 15        		.uleb128 0x15
 638 00cb 01        		.byte	0x1
 639 00cc 27        		.uleb128 0x27
 640 00cd 0C        		.uleb128 0xc
 641 00ce 49        		.uleb128 0x49
 642 00cf 13        		.uleb128 0x13
 643 00d0 01        		.uleb128 0x1
 644 00d1 13        		.uleb128 0x13
 645 00d2 00        		.byte	0
 646 00d3 00        		.byte	0
 647 00d4 11        		.uleb128 0x11
 648 00d5 05        		.uleb128 0x5
 649 00d6 00        		.byte	0
 650 00d7 49        		.uleb128 0x49
 651 00d8 13        		.uleb128 0x13
 652 00d9 00        		.byte	0
 653 00da 00        		.byte	0
 654 00db 12        		.uleb128 0x12
 655 00dc 01        		.uleb128 0x1
 656 00dd 01        		.byte	0x1
 657 00de 49        		.uleb128 0x49
 658 00df 13        		.uleb128 0x13
 659 00e0 01        		.uleb128 0x1
 660 00e1 13        		.uleb128 0x13
 661 00e2 00        		.byte	0
 662 00e3 00        		.byte	0
 663 00e4 13        		.uleb128 0x13
 664 00e5 21        		.uleb128 0x21
 665 00e6 00        		.byte	0
 666 00e7 00        		.byte	0
 667 00e8 00        		.byte	0
 668 00e9 14        		.uleb128 0x14
 669 00ea 34        		.uleb128 0x34
 670 00eb 00        		.byte	0
 671 00ec 03        		.uleb128 0x3
 672 00ed 0E        		.uleb128 0xe
 673 00ee 3A        		.uleb128 0x3a
 674 00ef 0B        		.uleb128 0xb
 675 00f0 3B        		.uleb128 0x3b
 676 00f1 05        		.uleb128 0x5
 677 00f2 39        		.uleb128 0x39
 678 00f3 0B        		.uleb128 0xb
 679 00f4 49        		.uleb128 0x49
 680 00f5 13        		.uleb128 0x13
 681 00f6 3F        		.uleb128 0x3f
 682 00f7 0C        		.uleb128 0xc
 683 00f8 3C        		.uleb128 0x3c
 684 00f9 0C        		.uleb128 0xc
 685 00fa 00        		.byte	0
 686 00fb 00        		.byte	0
 687 00fc 15        		.uleb128 0x15
 688 00fd 34        		.uleb128 0x34
 689 00fe 00        		.byte	0
 690 00ff 03        		.uleb128 0x3
 691 0100 0E        		.uleb128 0xe
 692 0101 3A        		.uleb128 0x3a
 693 0102 0B        		.uleb128 0xb
 694 0103 3B        		.uleb128 0x3b
 695 0104 0B        		.uleb128 0xb
 696 0105 39        		.uleb128 0x39
 697 0106 0B        		.uleb128 0xb
 698 0107 49        		.uleb128 0x49
 699 0108 13        		.uleb128 0x13
 700 0109 3F        		.uleb128 0x3f
 701 010a 0C        		.uleb128 0xc
 702 010b 00        		.byte	0
 703 010c 00        		.byte	0
 704 010d 16        		.uleb128 0x16
 705 010e 2E        		.uleb128 0x2e
 706 010f 00        		.byte	0
 707 0110 3F        		.uleb128 0x3f
 708 0111 0C        		.uleb128 0xc
 709 0112 03        		.uleb128 0x3
 710 0113 0E        		.uleb128 0xe
 711 0114 3A        		.uleb128 0x3a
 712 0115 0B        		.uleb128 0xb
 713 0116 3B        		.uleb128 0x3b
 714 0117 0B        		.uleb128 0xb
 715 0118 39        		.uleb128 0x39
 716 0119 0B        		.uleb128 0xb
 717 011a 27        		.uleb128 0x27
 718 011b 0C        		.uleb128 0xc
 719 011c 00        		.byte	0
 720 011d 00        		.byte	0
 721 011e 17        		.uleb128 0x17
 722 011f 2E        		.uleb128 0x2e
 723 0120 01        		.byte	0x1
 724 0121 03        		.uleb128 0x3
 725 0122 0E        		.uleb128 0xe
 726 0123 3A        		.uleb128 0x3a
 727 0124 0B        		.uleb128 0xb
 728 0125 3B        		.uleb128 0x3b
 729 0126 0B        		.uleb128 0xb
 730 0127 39        		.uleb128 0x39
 731 0128 0B        		.uleb128 0xb
 732 0129 27        		.uleb128 0x27
 733 012a 0C        		.uleb128 0xc
 734 012b 01        		.uleb128 0x1
 735 012c 13        		.uleb128 0x13
 736 012d 00        		.byte	0
 737 012e 00        		.byte	0
 738 012f 18        		.uleb128 0x18
 739 0130 05        		.uleb128 0x5
 740 0131 00        		.byte	0
 741 0132 03        		.uleb128 0x3
 742 0133 0E        		.uleb128 0xe
 743 0134 3A        		.uleb128 0x3a
 744 0135 0B        		.uleb128 0xb
 745 0136 3B        		.uleb128 0x3b
 746 0137 0B        		.uleb128 0xb
 747 0138 39        		.uleb128 0x39
 748 0139 0B        		.uleb128 0xb
 749 013a 49        		.uleb128 0x49
 750 013b 13        		.uleb128 0x13
 751 013c 00        		.byte	0
 752 013d 00        		.byte	0
 753 013e 19        		.uleb128 0x19
 754 013f 34        		.uleb128 0x34
 755 0140 00        		.byte	0
 756 0141 03        		.uleb128 0x3
 757 0142 0E        		.uleb128 0xe
 758 0143 3A        		.uleb128 0x3a
 759 0144 0B        		.uleb128 0xb
 760 0145 3B        		.uleb128 0x3b
 761 0146 0B        		.uleb128 0xb
 762 0147 39        		.uleb128 0x39
 763 0148 0B        		.uleb128 0xb
 764 0149 49        		.uleb128 0x49
 765 014a 13        		.uleb128 0x13
 766 014b 00        		.byte	0
 767 014c 00        		.byte	0
 768 014d 1A        		.uleb128 0x1a
 769 014e 2E        		.uleb128 0x2e
 770 014f 01        		.byte	0x1
 771 0150 3F        		.uleb128 0x3f
 772 0151 0C        		.uleb128 0xc
 773 0152 03        		.uleb128 0x3
 774 0153 0E        		.uleb128 0xe
 775 0154 3A        		.uleb128 0x3a
 776 0155 0B        		.uleb128 0xb
 777 0156 3B        		.uleb128 0x3b
 778 0157 0B        		.uleb128 0xb
 779 0158 39        		.uleb128 0x39
 780 0159 0B        		.uleb128 0xb
 781 015a 27        		.uleb128 0x27
 782 015b 0C        		.uleb128 0xc
 783 015c 3C        		.uleb128 0x3c
 784 015d 0C        		.uleb128 0xc
 785 015e 00        		.byte	0
 786 015f 00        		.byte	0
 787 0160 1B        		.uleb128 0x1b
 788 0161 2E        		.uleb128 0x2e
 789 0162 01        		.byte	0x1
 790 0163 03        		.uleb128 0x3
 791 0164 0E        		.uleb128 0xe
 792 0165 3A        		.uleb128 0x3a
 793 0166 0B        		.uleb128 0xb
 794 0167 3B        		.uleb128 0x3b
 795 0168 05        		.uleb128 0x5
 796 0169 39        		.uleb128 0x39
 797 016a 0B        		.uleb128 0xb
 798 016b 27        		.uleb128 0x27
 799 016c 0C        		.uleb128 0xc
 800 016d 01        		.uleb128 0x1
 801 016e 13        		.uleb128 0x13
 802 016f 00        		.byte	0
 803 0170 00        		.byte	0
 804 0171 1C        		.uleb128 0x1c
 805 0172 0B        		.uleb128 0xb
 806 0173 01        		.byte	0x1
 807 0174 01        		.uleb128 0x1
 808 0175 13        		.uleb128 0x13
 809 0176 00        		.byte	0
 810 0177 00        		.byte	0
 811 0178 1D        		.uleb128 0x1d
 812 0179 34        		.uleb128 0x34
 813 017a 00        		.byte	0
 814 017b 03        		.uleb128 0x3
 815 017c 0E        		.uleb128 0xe
 816 017d 3A        		.uleb128 0x3a
 817 017e 0B        		.uleb128 0xb
 818 017f 3B        		.uleb128 0x3b
 819 0180 05        		.uleb128 0x5
 820 0181 39        		.uleb128 0x39
 821 0182 0B        		.uleb128 0xb
 822 0183 49        		.uleb128 0x49
 823 0184 13        		.uleb128 0x13
 824 0185 00        		.byte	0
 825 0186 00        		.byte	0
 826 0187 1E        		.uleb128 0x1e
 827 0188 0B        		.uleb128 0xb
 828 0189 01        		.byte	0x1
 829 018a 00        		.byte	0
 830 018b 00        		.byte	0
 831 018c 1F        		.uleb128 0x1f
 832 018d 2E        		.uleb128 0x2e
 833 018e 01        		.byte	0x1
 834 018f 03        		.uleb128 0x3
 835 0190 0E        		.uleb128 0xe
 836 0191 3A        		.uleb128 0x3a
 837 0192 0B        		.uleb128 0xb
 838 0193 3B        		.uleb128 0x3b
 839 0194 05        		.uleb128 0x5
 840 0195 39        		.uleb128 0x39
 841 0196 0B        		.uleb128 0xb
 842 0197 27        		.uleb128 0x27
 843 0198 0C        		.uleb128 0xc
 844 0199 00        		.byte	0
 845 019a 00        		.byte	0
 846 019b 20        		.uleb128 0x20
 847 019c 05        		.uleb128 0x5
 848 019d 00        		.byte	0
 849 019e 03        		.uleb128 0x3
 850 019f 0E        		.uleb128 0xe
 851 01a0 3A        		.uleb128 0x3a
 852 01a1 0B        		.uleb128 0xb
 853 01a2 3B        		.uleb128 0x3b
 854 01a3 05        		.uleb128 0x5
 855 01a4 39        		.uleb128 0x39
 856 01a5 0B        		.uleb128 0xb
 857 01a6 49        		.uleb128 0x49
 858 01a7 13        		.uleb128 0x13
 859 01a8 00        		.byte	0
 860 01a9 00        		.byte	0
 861 01aa 00        		.byte	0
 862               		.section	.gnu.debuglto_.debug_line,"e",@progbits
 863               	.Ldebug_line0:
 864 0000 8801 0000 		.long	.LELT0-.LSLT0
 865               	.LSLT0:
 866 0004 0200      		.word	0x2
 867 0006 8201 0000 		.long	.LELTP0-.LASLTP0
 868               	.LASLTP0:
 869 000a 01        		.byte	0x1
 870 000b 01        		.byte	0x1
 871 000c F6        		.byte	0xf6
 872 000d F2        		.byte	0xf2
 873 000e 0D        		.byte	0xd
 874 000f 00        		.byte	0
 875 0010 01        		.byte	0x1
 876 0011 01        		.byte	0x1
 877 0012 01        		.byte	0x1
 878 0013 01        		.byte	0x1
 879 0014 00        		.byte	0
 880 0015 00        		.byte	0
 881 0016 00        		.byte	0
 882 0017 01        		.byte	0x1
 883 0018 00        		.byte	0
 884 0019 00        		.byte	0
 885 001a 01        		.byte	0x1
 886 001b 6C69 622F 		.ascii	"lib/lufa/LUFA/Drivers/USB/Core/AVR8/.."
 886      6C75 6661 
 886      2F4C 5546 
 886      412F 4472 
 886      6976 6572 
 887 0041 00        		.byte	0
 888 0042 6C69 622F 		.ascii	"lib/lufa/LUFA/Drivers/USB/Core"
 888      6C75 6661 
 888      2F4C 5546 
 888      412F 4472 
 888      6976 6572 
 889 0060 00        		.byte	0
 890 0061 746D 6B5F 		.ascii	"tmk_core/common/avr"
 890      636F 7265 
 890      2F63 6F6D 
 890      6D6F 6E2F 
 890      6176 72
 891 0074 00        		.byte	0
 892 0075 2F75 7372 		.ascii	"/usr/local/Cellar/avr-gcc/9.2.0/avr/include/avr"
 892      2F6C 6F63 
 892      616C 2F43 
 892      656C 6C61 
 892      722F 6176 
 893 00a4 00        		.byte	0
 894 00a5 2F75 7372 		.ascii	"/usr/local/Cellar/avr-gcc/9.2.0/avr/include/util"
 894      2F6C 6F63 
 894      616C 2F43 
 894      656C 6C61 
 894      722F 6176 
 895 00d5 00        		.byte	0
 896 00d6 2F75 7372 		.ascii	"/usr/local/Cellar/avr-gcc/9.2.0/avr/include"
 896      2F6C 6F63 
 896      616C 2F43 
 896      656C 6C61 
 896      722F 6176 
 897 0101 00        		.byte	0
 898 0102 00        		.byte	0
 899 0103 7374 6469 		.string	"stdint.h"
 899      6E74 2E68 
 899      00
 900 010c 06        		.uleb128 0x6
 901 010d 00        		.uleb128 0
 902 010e 00        		.uleb128 0
 903 010f 5374 6452 		.string	"StdRequestType.h"
 903      6571 7565 
 903      7374 5479 
 903      7065 2E68 
 903      00
 904 0120 01        		.uleb128 0x1
 905 0121 00        		.uleb128 0
 906 0122 00        		.uleb128 0
 907 0123 4465 7669 		.string	"DeviceStandardReq.h"
 907      6365 5374 
 907      616E 6461 
 907      7264 5265 
 907      712E 6800 
 908 0137 01        		.uleb128 0x1
 909 0138 00        		.uleb128 0
 910 0139 00        		.uleb128 0
 911 013a 5553 4254 		.string	"USBTask.h"
 911      6173 6B2E 
 911      6800 
 912 0144 02        		.uleb128 0x2
 913 0145 00        		.uleb128 0
 914 0146 00        		.uleb128 0
 915 0147 486F 7374 		.string	"HostStandardReq.h"
 915      5374 616E 
 915      6461 7264 
 915      5265 712E 
 915      6800 
 916 0159 02        		.uleb128 0x2
 917 015a 00        		.uleb128 0
 918 015b 00        		.uleb128 0
 919 015c 7374 6469 		.string	"stdio.h"
 919      6F2E 6800 
 920 0164 06        		.uleb128 0x6
 921 0165 00        		.uleb128 0
 922 0166 00        		.uleb128 0
 923 0167 626F 6F74 		.string	"bootloader.c"
 923      6C6F 6164 
 923      6572 2E63 
 923      00
 924 0174 03        		.uleb128 0x3
 925 0175 00        		.uleb128 0
 926 0176 00        		.uleb128 0
 927 0177 6465 6C61 		.string	"delay.h"
 927      792E 6800 
 928 017f 05        		.uleb128 0x5
 929 0180 00        		.uleb128 0
 930 0181 00        		.uleb128 0
 931 0182 7764 742E 		.string	"wdt.h"
 931      6800 
 932 0188 04        		.uleb128 0x4
 933 0189 00        		.uleb128 0
 934 018a 00        		.uleb128 0
 935 018b 00        		.byte	0
 936               	.LELTP0:
 937               	.LELT0:
 938               		.section	.gnu.debuglto_.debug_str,"eMS",@progbits,1
 939               	.LASF8:
 940 0000 6C6F 6E67 		.string	"long long int"
 940      206C 6F6E 
 940      6720 696E 
 940      7400 
 941               	.LASF37:
 942 000e 7465 6D70 		.string	"temp_reg"
 942      5F72 6567 
 942      00
 943               	.LASF36:
 944 0017 7764 745F 		.string	"wdt_disable"
 944      6469 7361 
 944      626C 6500 
 945               	.LASF39:
 946 0023 7661 6C75 		.string	"value"
 946      6500 
 947               	.LASF23:
 948 0029 5553 425F 		.string	"USB_Host_ConfigurationNumber"
 948      486F 7374 
 948      5F43 6F6E 
 948      6669 6775 
 948      7261 7469 
 949               	.LASF21:
 950 0046 5553 425F 		.string	"USB_ControlRequest"
 950      436F 6E74 
 950      726F 6C52 
 950      6571 7565 
 950      7374 00
 951               	.LASF43:
 952 0059 5F5F 6669 		.string	"__file"
 952      6C65 00
 953               	.LASF2:
 954 0060 7569 6E74 		.string	"uint8_t"
 954      385F 7400 
 955               	.LASF22:
 956 0068 5553 425F 		.string	"USB_DeviceState"
 956      4465 7669 
 956      6365 5374 
 956      6174 6500 
 957               	.LASF34:
 958 0078 646F 7562 		.string	"double"
 958      6C65 00
 959               	.LASF17:
 960 007f 5553 425F 		.string	"USB_Device_RemoteWakeupEnabled"
 960      4465 7669 
 960      6365 5F52 
 960      656D 6F74 
 960      6557 616B 
 961               	.LASF45:
 962 009e 5F5F 6275 		.string	"__builtin_avr_delay_cycles"
 962      696C 7469 
 962      6E5F 6176 
 962      725F 6465 
 962      6C61 795F 
 963               	.LASF12:
 964 00b9 7756 616C 		.string	"wValue"
 964      7565 00
 965               	.LASF46:
 966 00c0 7764 745F 		.string	"wdt_enable"
 966      656E 6162 
 966      6C65 00
 967               	.LASF19:
 968 00cb 5553 425F 		.string	"USB_Device_CurrentlySelfPowered"
 968      4465 7669 
 968      6365 5F43 
 968      7572 7265 
 968      6E74 6C79 
 969               	.LASF35:
 970 00eb 5F64 656C 		.string	"_delay_ms"
 970      6179 5F6D 
 970      7300 
 971               	.LASF15:
 972 00f5 5553 425F 		.string	"USB_Request_Header_t"
 972      5265 7175 
 972      6573 745F 
 972      4865 6164 
 972      6572 5F74 
 973               	.LASF20:
 974 010a 5553 425F 		.string	"USB_IsInitialized"
 974      4973 496E 
 974      6974 6961 
 974      6C69 7A65 
 974      6400 
 975               	.LASF14:
 976 011c 774C 656E 		.string	"wLength"
 976      6774 6800 
 977               	.LASF7:
 978 0124 6C6F 6E67 		.string	"long unsigned int"
 978      2075 6E73 
 978      6967 6E65 
 978      6420 696E 
 978      7400 
 979               	.LASF32:
 980 0136 5F5F 746D 		.string	"__tmp"
 980      7000 
 981               	.LASF30:
 982 013c 626F 6F74 		.string	"bootloader_jump_after_watchdog_reset"
 982      6C6F 6164 
 982      6572 5F6A 
 982      756D 705F 
 982      6166 7465 
 983               	.LASF40:
 984 0161 474E 5520 		.string	"GNU C99 9.2.0 -mn-flash=1 -mno-skip-bug -mmcu=avr5 -gdwarf-2 -Os -std=gnu99 -funsigned-ch
 984      4339 3920 
 984      392E 322E 
 984      3020 2D6D 
 984      6E2D 666C 
 985               	.LASF27:
 986 0249 7564 6174 		.string	"udata"
 986      6100 
 987               	.LASF1:
 988 024f 756E 7369 		.string	"unsigned char"
 988      676E 6564 
 988      2063 6861 
 988      7200 
 989               	.LASF4:
 990 025d 756E 7369 		.string	"unsigned int"
 990      676E 6564 
 990      2069 6E74 
 990      00
 991               	.LASF25:
 992 026a 666C 6167 		.string	"flags"
 992      7300 
 993               	.LASF9:
 994 0270 6C6F 6E67 		.string	"long long unsigned int"
 994      206C 6F6E 
 994      6720 756E 
 994      7369 676E 
 994      6564 2069 
 995               	.LASF24:
 996 0287 756E 6765 		.string	"unget"
 996      7400 
 997               	.LASF31:
 998 028d 626F 6F74 		.string	"bootloader_jump"
 998      6C6F 6164 
 998      6572 5F6A 
 998      756D 7000 
 999               	.LASF44:
 1000 029d 7265 7365 		.string	"reset_key"
 1000      745F 6B65 
 1000      7900 
 1001               	.LASF28:
 1002 02a7 6368 6172 		.string	"char"
 1002      00
 1003               	.LASF11:
 1004 02ac 6252 6571 		.string	"bRequest"
 1004      7565 7374 
 1004      00
 1005               	.LASF33:
 1006 02b5 5F5F 7469 		.string	"__ticks_dc"
 1006      636B 735F 
 1006      6463 00
 1007               	.LASF3:
 1008 02c0 7569 6E74 		.string	"uint16_t"
 1008      3136 5F74 
 1008      00
 1009               	.LASF10:
 1010 02c9 626D 5265 		.string	"bmRequestType"
 1010      7175 6573 
 1010      7454 7970 
 1010      6500 
 1011               	.LASF13:
 1012 02d7 7749 6E64 		.string	"wIndex"
 1012      6578 00
 1013               	.LASF42:
 1014 02de 2F55 7365 		.string	"/Users/tars/Desktop/keyboards"
 1014      7273 2F74 
 1014      6172 732F 
 1014      4465 736B 
 1014      746F 702F 
 1015               	.LASF6:
 1016 02fc 7569 6E74 		.string	"uint32_t"
 1016      3332 5F74 
 1016      00
 1017               	.LASF5:
 1018 0305 6C6F 6E67 		.string	"long int"
 1018      2069 6E74 
 1018      00
 1019               	.LASF16:
 1020 030e 5553 425F 		.string	"USB_Device_ConfigurationNumber"
 1020      4465 7669 
 1020      6365 5F43 
 1020      6F6E 6669 
 1020      6775 7261 
 1021               	.LASF41:
 1022 032d 746D 6B5F 		.string	"tmk_core/common/avr/bootloader.c"
 1022      636F 7265 
 1022      2F63 6F6D 
 1022      6D6F 6E2F 
 1022      6176 722F 
 1023               	.LASF0:
 1024 034e 7369 676E 		.string	"signed char"
 1024      6564 2063 
 1024      6861 7200 
 1025               	.LASF26:
 1026 035a 7369 7A65 		.string	"size"
 1026      00
 1027               	.LASF18:
 1028 035f 5F42 6F6F 		.string	"_Bool"
 1028      6C00 
 1029               	.LASF29:
 1030 0365 5F5F 696F 		.string	"__iob"
 1030      6200 
 1031               	.LASF38:
 1032 036b 5F5F 6D73 		.string	"__ms"
 1032      00
 1033               		.text
 1034               		.section	.gnu.lto_.profile.a239db13b9d12cf0,"e",@progbits
 1035 0000 789C E360 		.string	"x\234\343``\004B "
 1035      6004 4220 
 1035      00
 1036 0009 00        		.string	""
 1037 000a 00        		.string	""
 1038 000b 5D00      		.string	"]"
 1039 000d 0B        		.ascii	"\013"
 1040               		.text
 1041               		.section	.gnu.lto_.icf.a239db13b9d12cf0,"e",@progbits
 1042 0000 789C E360 		.string	"x\234\343``d\020a@"
 1042      6064 1061 
 1042      4000 
 1043 000a 6686 2B97 		.string	"f\206+\227\256\177df\334\373\360];+\323\305\216\335\273\031\031"
 1043      AE7F 6466 
 1043      DCFB F05D 
 1043      3B2B D3C5 
 1043      8EDD BB19 
 1044 0020 6A37 097D 		.ascii	"j7\t}"
 1045               		.text
 1046               		.section	.gnu.lto_.jmpfuncs.a239db13b9d12cf0,"e",@progbits
 1047 0000 789C E360 		.string	"x\234\343``d\320g@"
 1047      6064 D067 
 1047      4000 
 1048 000a 2610 669A 		.string	"&\020f\232\316\314\370n\323\233\255\374}\314\363\231\031\030\033>\2620\356b\224f`<\300\bb
 1048      CECC F86E 
 1048      D39B ADFC 
 1048      7DCC F399 
 1048      1918 1B3E 
 1049 0031 2D7D 0B45 		.ascii	"-}\013E"
 1050               		.text
 1051               		.section	.gnu.lto_.inline.a239db13b9d12cf0,"e",@progbits
 1052 0000 789C E360 		.string	"x\234\343``d\be@"
 1052      6064 0865 
 1052      4000 
 1053 000a 2606 06FE 		.string	"&\006\006\376\206\206\206\005\314i\214\fL\022@V\003s\032\003\003\013C#\220U\307\004\222f`
 1053      8686 8605 
 1053      CC69 8C0C 
 1053      4C12 4056 
 1053      0373 1A03 
 1054 004c 43B9 118F 		.ascii	"C\271\021\217"
 1055               		.text
 1056               		.section	.gnu.lto_.pureconst.a239db13b9d12cf0,"e",@progbits
 1057 0000 789C E360 		.string	"x\234\343``d`g```b\330\312\312\264\213\025"
 1057      6064 6067 
 1057      6060 6062 
 1057      D8CA CAB4 
 1057      8B15 00
 1058 0013 060B 018E 		.ascii	"\006\013\001\216"
 1059               		.text
 1060               		.section	.gnu.lto_bootloader_jump.a239db13b9d12cf0,"e",@progbits
 1061 0000 789C 9555 		.string	"x\234\225UmlSU\030>\357=\267\237\003\246\376  .\351\214\013Y\234\353\0045\362C\2431\306\1
 1061      6D6C 5355 
 1061      183E EF3D 
 1061      B79F 03A6 
 1061      FE20 202E 
 1062 00fa BCCC C10B 		.string	"\274\314\301\013\267O\345h\313A\300\365\375\3247u\264\025b\301P\220\265\254 \021*\301O\26
 1062      B74F E568 
 1062      CB41 C0F5 
 1062      FDD4 3775 
 1062      B415 62C1 
 1063 0119 F6C3 0214 		.ascii	"\366\303\002\024\3613\264\362\234\256/o\306m\034#\001\300\001"
 1063      F133 B4F2 
 1063      9CAE 2F6F 
 1063      C66D 1C23 
 1063      01C0 01
 1064 012c FC87 17DB 		.ascii	"\374\207\027\333\361\314\303ZEz\255\256\272\316\275\240\221_"
 1064      F1CC C35A 
 1064      457A ADAE 
 1064      BACE BDA0 
 1064      915F 
 1065 013e E1C0 D5F5 		.ascii	"\341\300\325\365\241\006\230N\2360\310\2735\362C\327\257\325"
 1065      A106 984E 
 1065      9E30 C8BB 
 1065      35F2 43D7 
 1065      AFD5 
 1066 0150 CCD2 C81D 		.ascii	"\314\322\310\035\320\243\223w>\202\274\355\312\304q\263F~\214"
 1066      D0A3 9377 
 1066      3E82 BCED 
 1066      CAC4 71B3 
 1066      467E 8C
 1067 0163 0327 369E 		.ascii	"\003'6\236K\311\323\311\017\032\344\2074r\343\360\022\0208\254"
 1067      4BC9 D3C9 
 1067      0F1A E487 
 1067      3472 E3F0 
 1067      1210 38AC 
 1068 0177 93EF D1C8 		.ascii	"\223\357\321\310G\241\312\241S\247\252\232\357\t\r\330Z\\~{|"
 1068      47A1 CAA1 
 1068      53A7 AA9A 
 1068      EF09 0DD8 
 1068      5A5C 7E7B 
 1069 018c D731 3B5F 		.ascii	"\3271;_\312\340\300\345\306\241\330\207\3649q{\303ww'\315\013"
 1069      CAE0 C0E5 
 1069      C6A1 D887 
 1069      F439 717B 
 1069      C377 7727 
 1070 01a2 5B45 3BCF 		.ascii	"[E;\317\\\\\034\255\t\263\222\b5\301Q\240\215\250\353\b\326O"
 1070      5C5C 1CAD 
 1070      09B3 9208 
 1070      35C1 51A0 
 1070      8DA8 EB08 
 1071 01b8 6215 14B8 		.ascii	"b\025\024\270\020\267\325\0332\007\375\270!\025\247\005\261\214"
 1071      10B7 D51B 
 1071      3207 FDB8 
 1071      2115 A705 
 1071      B18C 
 1072 01ca 0792 D56C 		.ascii	"\007\222\325l\003\223\r\024\231\206\022\275?\016\005\b;\320x"
 1072      0393 0D14 
 1072      9986 12BD 
 1072      3F0E 0508 
 1072      3BD0 78
 1073 01dd B337 37AF 		.ascii	"\26377\257\211\255f\354\t\364\004\323\237\026@(\201\023\220\307"
 1073      89AD 66EC 
 1073      09F4 04D3 
 1073      9F16 4028 
 1073      8113 90C7 
 1074 01f1 0F93 1E1B 		.ascii	"\017\223\036\033\277*\033\356\t\361\204\301\332zK\036\347\020"
 1074      BF2A 1BEE 
 1074      09F1 84C1 
 1074      DA7A 4B1E 
 1074      E710 
 1075 0203 2642 59C8 		.ascii	"&BY\310xR\234\227\r\215}\325g\305\354\023\333jk-t\2258R\367\311"
 1075      7852 9C97 
 1075      0D8D 7DD5 
 1075      67C5 EC13 
 1075      DB6A 6B2D 
 1076 021d CEBF 72B9 		.ascii	"\316\277r\271\272*\226\030\355\230{\233i\352\314pj\306\231N#"
 1076      BA2A 9618 
 1076      ED98 7B9B 
 1076      69EA CC70 
 1076      6AC6 994E 
 1077 0232 2351 AB4D 		.ascii	"#Q\253M\0344\320\335\374\203\211\326h\226\352\271v\350O\273~"
 1077      1C34 D0DD 
 1077      FC83 89D6 
 1077      6896 EAB9 
 1077      76E8 4FBB 
 1078 0247 BE64 C753 		.ascii	"\276d\307S\335\306\371\316\314`8+\030\376\226\263\354\316\367"
 1078      DDC6 F9CE 
 1078      CC60 382B 
 1078      18FE 96B3 
 1078      ECCE F7
 1079 025a 0433 4F3C 		.ascii	"\0043O<\207*\037/\211\314\220D\036\257\201\314\320\220=p\320"
 1079      872A 1F2F 
 1079      89CC 9044 
 1079      1EAF 81CC 
 1079      D090 3D70 
 1080 026f 8B0A CEF3 		.ascii	"\213\n\316\363\333\302K\322$\300\005\355\272\242w\276\223\214"
 1080      DBC2 4BD2 
 1080      24C0 05ED 
 1080      BAA2 77BE 
 1080      938C 
 1081 0281 F8EE 5C23 		.ascii	"\370\356\\#\374'\023V\265,\345\021\247@\302\177G\216L\315\326"
 1081      FC27 1356 
 1081      B52C E511 
 1081      A740 C27F 
 1081      478E 4CCD 
 1082 0296 1BF6 A4D1 		.ascii	"\033\366\244\321\260\226MZ\303.j\r\213\24613\203^%\320\347\005"
 1082      B096 4D5A 
 1082      C32E 6A0D 
 1082      8BA6 3133 
 1082      835E 25D0 
 1083 02ac 7A72 E744 		.ascii	"zr\347Dg.7\035\216\366m\031.\351f\275\325\240I\230\200\220C\004"
 1083      672E 371D 
 1083      8EF6 6D19 
 1083      2EE9 66BD 
 1083      D5A0 4998 
 1084 02c4 98DA BCE5 		.ascii	"\230\332\274\345\344\003[\b\252\202\326\b\2654\242\267y{\341"
 1084      E403 5B08 
 1084      AA82 D608 
 1084      B534 A2B7 
 1084      797B E1
 1085 02d7 3284 D0E4 		.ascii	"2\204\320\344\210\213P+gG\037\264[\270\005\204\027\f\273\213"
 1085      888B 502B 
 1085      6747 1FB4 
 1085      5BB8 0584 
 1085      170C BB8B 
 1086 02eb B33E 5CF5 		.ascii	"\263>\\\365j+\026\2155\317\327g\256\352\021/\017\033\314,l\213"
 1086      6A2B 168D 
 1086      35CF D767 
 1086      AEEA 112F 
 1086      0F1B CC2C 
 1087 0301 51ED 1E2F 		.ascii	"Q\355\036/\365%\317\362!\007.\375*\212\300\331\347#xM\033\301"
 1087      F525 CFF2 
 1087      2107 2EFD 
 1087      2A8A C0D9 
 1087      E723 784D 
 1088 0317 DD71 1614 		.ascii	"\335q\026\024/\034;\204\007\277g9\320\247\237\254]/\2305\207"
 1088      2F1C 3B84 
 1088      07BF 6739 
 1088      D0A7 9FAC 
 1088      5D2F 9835 
 1089 032c 63FB C317 		.ascii	"c\373\303\027\200\326j\266\272\237\212\006sp\326\326\242\013"
 1089      80D6 6AB6 
 1089      BA9F 8A06 
 1089      7370 D6D6 
 1089      A20B 
 1090 033e CE6C 7D7D 		.ascii	"\316l}}|\355:\306\314\021\232\003\375\274\245\024\026/\200\022"
 1090      7CED 3AC6 
 1090      CC11 9A03 
 1090      FDBC A514 
 1090      162F 8012 
 1091 0352 6CE8 2F7C 		.ascii	"l\350/|\324r\324\264\360\345\345][\273\314h\003\216\341\243\246"
 1091      D472 D4B4 
 1091      F0E5 E55D 
 1091      5BBB CC68 
 1091      038E E1A3 
 1092 0367 3B47 C790 		.ascii	";G\307\220,\214"
 1092      2C8C 
 1093 036d 18B4 94B8 		.string	"\030\264\224\270\371\266\221u\rs\270\302\034\220a@S\227n]?\360\364\314\271\212[\346s\210>
 1093      F9B6 9175 
 1093      0D73 B8C2 
 1093      1C90 6140 
 1093      5397 6E5D 
 1094 046e 0C81 5878 		.ascii	"\f\201Xx\373\363\003e\313\025\325\347\3678U_Y\231\257\334\351"
 1094      FBF3 0365 
 1094      CB15 D5E7 
 1094      F738 555F 
 1094      5999 AFDC 
 1095 0483 5AE1 772E 		.ascii	"Z\341w.\365\371\002^\237\313\355\361\027\253DV\224\262\212%\316"
 1095      F5F9 025E 
 1095      9FCB EDF1 
 1095      17AB 4456 
 1095      94B2 8A25 
 1096 0498 CA0A BFD3 		.ascii	"\312\n\277\323\353S]^\347[\036\257\327\345\347\211/,SU\347\222"
 1096      EB53 5D5E 
 1096      E75B 1EAF 
 1096      D7E5 E789 
 1096      2F2C 5355 
 1097 04ae E245 C525 		.ascii	"\342E\305%\002VZ\256z+\335\036ge\240\324\353t{\274\256O\212?"
 1097      0256 5AAE 
 1097      7A2B DD1E 
 1097      6765 A0D4 
 1097      EB74 7BBC 
 1098 04c6 2273 B3C9 		.ascii	"\"s\263\311\212_Z\254\272^}\331\275\204\330\025%P\252.\257P\334"
 1098      8A5F 5AAC 
 1098      BA5E 7DD9 
 1098      BD84 D815 
 1098      2550 AA2E 
 1099 04dd AA09 C3B2 		.ascii	"\252\t\303\262\217M+\\\336J\317+\377\247\016\217W\272\003X\344"
 1099      8F4D 2B5C 
 1099      DE4A CF2B 
 1099      FFA7 0E8F 
 1099      57BA 0358 
 1100 04f2 83D2 7287 		.ascii	"\203\322r\207`Q\374\236e\212R\244(\357\277\367\366;\212b\267"
 1100      6051 FC9E 
 1100      658A 52A4 
 1100      28EF BFF7 
 1100      F63B 8A62 
 1101 0507 A9DE 52BB 		.ascii	"\251\336R\273m\245\333o\267U\004*\034\005%E\216\202\027\3556"
 1101      6DA5 DB6F 
 1101      B755 042A 
 1101      1C05 2545 
 1101      8E82 17ED 
 1102 051c 5F65 C091 		.ascii	"_e\300\221\311)\312\002fe-\262;lD*'\222\237P\177\t\371\017\r"
 1102      C929 CA02 
 1102      6665 2DB2 
 1102      3B6C 442A 
 1102      2792 9F50 
 1103 0535 B6D8 D9   		.ascii	"\266\330\331"
 1104               		.text
 1105               		.section	.gnu.lto_bootloader_jump_after_watchdog_reset.a239db13b9d12cf0,"e",@progbits
 1106 0000 789C 8D94 		.ascii	"x\234\215\224aL[U\024\307\357y\367\275\366\365\301Xb\324\214"
 1106      614C 5B55 
 1106      14C7 EF79 
 1106      F7BD F6F5 
 1106      C158 62D4 
 1107 0015 9099 D6D8 		.ascii	"\220\231\326\330\0178\244lS\343>,1\031\304O\032\243K\370\370"
 1107      0F38 A46C 
 1107      53E3 3E2C 
 1107      3119 C44F 
 1107      1AA3 4BF8 
 1108 002a 826D 3389 		.ascii	"\202m3\211\205\232R\266D?\354\265\224\325I\003\211(\333\324\266"
 1108      859A 52B6 
 1108      443F ECB5 
 1108      94D5 4903 
 1108      8928 DBD4 
 1109 003f 846E 612C 		.ascii	"\204na,\301i\234\232\201\214\n\216\321\255*\"lS\030t\2000\347"
 1109      C169 9C9A 
 1109      818C 0A8E 
 1109      D1AD 2A22 
 1109      6C53 1874 
 1110 0056 3610 3424 		.ascii	"6\0204$\323\200\347\336WJ!\213\261I\337;\367\334s\177\367\177"
 1110      D380 E7DE 
 1110      574A 218B 
 1110      B149 DF3B 
 1110      F7DC 737F 
 1111 006c CFB9 E7C9 		.ascii	"\317\271\347\311\004HR\"\344! \344%B\b\030\b\b\232\246=o\364"
 1111      0448 5222 
 1111      E421 20E4 
 1111      2542 0818 
 1111      0808 9AA6 
 1112 0083 C982 40D1 		.ascii	"\311\202@\3212\213\232\"\351\357\\*\210wb7\037a\236\367\307#"
 1112      328B 9A22 
 1112      E9EF 5C2A 
 1112      8877 6237 
 1112      1F61 9EF7 
 1113 0099 4FA2 4704 		.ascii	"O\242G\004)\035-\001pK\223\201\034\026\250(\301ah\242\307(\364"
 1113      291D 2D01 
 1113      704B 9381 
 1113      1C16 A828 
 1113      C161 68A2 
 1114 00b0 0567 CF0B 		.ascii	"\005g\317\013\205\3558\251\305\217-\346\035\321\352\267E)!'\360"
 1114      85ED 38A9 
 1114      C58F 2DE6 
 1114      1DD1 EAB7 
 1114      4529 2127 
 1115 00c5 AFFF A00B 		.ascii	"\257\377\240\013\n\t\301\310\251\317V>\330b\020\323S\320\315"
 1115      0A09 C1C8 
 1115      A9CF 563E 
 1115      D862 10D3 
 1115      53D0 CD
 1116 00d8 C4E0 1B67 		.ascii	"\304\340\033g\206\317\234;)\323'\200Eu\236M\205r\2551M\363k\361"
 1116      86CF 9C3B 
 1116      29D3 2780 
 1116      4575 9E4D 
 1116      8572 AD31 
 1117 00f0 F92F 76B4 		.ascii	"\371/v\264\007}\332\247q9J\001\276\006z\002_\273\013\240\244"
 1117      077D DAA7 
 1117      7139 4A01 
 1117      BE06 7A02 
 1117      5FBB 0BA0 
 1118 0105 8040 0F58 		.ascii	"\200@\017X\tq\\\2266\2571\037o\0253\321dC4nv\001\254g\207\245"
 1118      0971 5C96 
 1118      36AF 311F 
 1118      6F15 33D1 
 1118      6443 346E 
 1119 011f B8B6 B21A 		.ascii	"\270\266\262\032D\271\017w\367\335\337\273\005H\224\n\002{P|"
 1119      44B9 0F77 
 1119      F7DD DFBB 
 1119      0548 940A 
 1119      027B 507C 
 1120 0133 5091 5912 		.ascii	"P\221Y\022{\344\362xB\032(a\307\023A\213\023\022\242\202>\250"
 1120      7BE4 F278 
 1120      421A 2861 
 1120      C713 418B 
 1120      1312 A282 
 1121 0149 C3C1 2C68 		.ascii	"\303\301,hmK\341|~\226\333\320\327\322\360\033ev\230\n\250\252"
 1121      6D4B E17C 
 1121      7E96 DBD0 
 1121      D7D2 F01B 
 1121      6576 980A 
 1122 015f B16E 7E42 		.ascii	"\261n~Bn\244Q*\362\203\205\032\377\016\210\372p\204\215\227\337"
 1122      6EA4 512A 
 1122      F283 851A 
 1122      FF0E 88FA 
 1122      7084 8D97 
 1123 0174 B911 134F 		.ascii	"\271\021\023OA\314\027\360i\346(\225 \016\005\320\013\005\250"
 1123      41CC 17F0 
 1123      69E6 2895 
 1123      200E 05D0 
 1123      0B05 A8
 1124 0187 F21B 3805 		.ascii	"\362\0338\005\310\253k1\2220\005\235\326\273\332\322\313\227"
 1124      C8AB 6B31 
 1124      9230 059D 
 1124      D6BB DAD2 
 1124      CB97 
 1125 0199 0B20 431F 		.ascii	"\013 C\037\206\375\n\201[\3753\240\357\307\262xi\376\356\b\350"
 1125      86FD 0A81 
 1125      5BFD 33A0 
 1125      EFC7 B278 
 1125      69FE EE08 
 1126 01ae 1104 FA19 		.ascii	"\021\004\372\031\2100\271\324\207r\005&\027n"
 1126      8830 B9D4 
 1126      8772 0526 
 1126      176E 
 1127 01bc 83BF 25A1 		.string	"\203\277%\241\352+h\266B\003W\030>\235\\5\005\300\357\303t\033b\254J\350\274:60\204rb\020
 1127      EA2B 68B6 
 1127      4203 5718 
 1127      3E9D 5C35 
 1127      05C0 EFC3 
 1128 02bd E46D 5C36 		.ascii	"\344m\\6s72&X\026 \252\035\307\023\311\214to\340\343\244b\371"
 1128      7337 3226 
 1128      5816 20AA 
 1128      1DC7 13C9 
 1128      8C74 6FE0 
 1129 02d5 135D 32DF 		.ascii	"\023]2\337\364\326t\362\234A\024\b\214\202\005F\300\302\235="
 1129      F4D6 74F2 
 1129      9C41 1408 
 1129      8C82 0546 
 1129      C0C2 9D3D 
 1130 02e9 7323 0960 		.ascii	"s#\t`\316\253 \206i.\356t\rX\006\273F\257\264\361+f\202\024\213"
 1130      CEAB 2086 
 1130      692E EE74 
 1130      0D58 06BB 
 1130      46AF B4F1 
 1131 0302 EB78 CF37 		.ascii	"\353x\3177\256X\376I\363\025\346\032\235\\\032\025,\253\031\376"
 1131      AE58 FE49 
 1131      F315 E61A 
 1131      9D5C 1A15 
 1131      2CAB 19FE 
 1132 0316 4CCB D49C 		.ascii	"L\313\324\234\211\241~A\376\317i~\363\374\320\321\034\346\034"
 1132      89A1 7E41 
 1132      FECF 697E 
 1132      F3FC D0D1 
 1132      1CE6 1C
 1133 0329 0311 AEF3 		.ascii	"\003\021\256\363\024\217\363\r:\277\f}d\324\373h\333\203\371"
 1133      148F F30D 
 1133      3ABF 0C7D 
 1133      64D4 FB68 
 1133      DB83 F9
 1134 033c F589 8EE9 		.ascii	"\365\211\216\351<\313\021a\215\037\277p:\300\371\223\310\237"
 1134      3CCB 1161 
 1134      8D1F BF70 
 1134      3AC0 F993 
 1134      C89F 
 1135 034e 48F3 971A 		.ascii	"H\363\227\032\232;d\346L!\377\006\347\337\344\374\223\263\361"
 1135      9A3B 64E6 
 1135      4C21 FF06 
 1135      E7DF E4FC 
 1135      93B3 F1
 1136 0361 EB5B 2D4D 		.ascii	"\353[-MBVBV.\016\004\215\030K`\212\255\206i\0201\247~,d\273\221"
 1136      4256 4256 
 1136      2E0E 048D 
 1136      184B 608A 
 1136      AD86 6910 
 1137 037c D551 FF0E 		.ascii	"\325Q\377\016\261,\317E\ny\345\357@\235\231\033L\360\231\277"
 1137      B12C CF45 
 1137      0A79 E5EF 
 1137      409D 991B 
 1137      4CF0 99BF 
 1138 0390 9AF9 9DCD 		.ascii	"\232\371\235\315\001m\201\300\f\356\025e\t\303\246\223\326\277"
 1138      016D 81C0 
 1138      0CEE 1565 
 1138      09C3 A693 
 1138      D6BF 
 1139 03a2 55F7 C0DF 		.ascii	"U\367\300\337\272\032\341\027\215wd\003\005}\322\037gC\213\267"
 1139      BA1A E117 
 1139      8D77 6403 
 1139      057D D21F 
 1139      6743 8BB7 
 1140 03b6 EA0D D5EE 		.ascii	"\352\r\325\356\3668mvwU\225\273\332Vq\320c{\315\355\366\272\334"
 1140      F638 6D76 
 1140      7755 95BB 
 1140      DA56 71D0 
 1140      637B CDED 
 1141 03cd 150E A7A7 		.ascii	"\025\016\247\247\330Nd\257\263\352M\325\343<\360\254\255\266"
 1141      D84E 64AF 
 1141      B3EA 4DD5 
 1141      E33C F0AC 
 1141      ADB6 
 1142 03df C663 73B9 		.ascii	"\306cs\271\355\025.\333>\247\313U\341a\301O\035\260\333m{\212"
 1142      ED15 2EDB 
 1142      3EA7 CB55 
 1142      E161 C14F 
 1142      1DB0 DB6D 
 1143 03f5 7715 97F0 		.ascii	"w\025\227\360\245\225\325vW\255\303\311\355C\016o\361\353\344"
 1143      A595 D576 
 1143      57AD C3C9 
 1143      ED43 0E6F 
 1143      F1EB E4
 1144 0408 D16C 5AF1 		.ascii	"\321lZ\361\323\273\355\025\317=\343\330C\274\225\325fU\365\352"
 1144      D3BB ED15 
 1144      CF3D E3D8 
 1144      43BC 95D5 
 1144      6655 F5EA 
 1145 041c 6855 2D52 		.ascii	"hU-R\325W_){AU\025\223\335U\251\230\0169<\212\311\345\2501[K"
 1145      D557 5F29 
 1145      7B41 5515 
 1145      93DD 55A9 
 1145      980E 393C 
 1146 0437 8AAC 3B15 		.ascii	"\212\254;\025\223\333S\311\315]\212\251\306\213\336\235E\326"
 1146      93DB 53C9 
 1146      CD5D 8AA9 
 1146      C68B DE9D 
 1146      45D6 
 1147 0449 928C A9AA 		.ascii	"\222\214\251\252o9=n\035\204\241\265^\363\032\255(k\013\305D"
 1147      6F39 3D6E 
 1147      1D84 A1B5 
 1147      5EF3 1AAD 
 1147      286B 0BC5 
 1148 045e E85E 0731 		.ascii	"\350^\0071\356/{\361e\234\024\252\211\241\274t?Zry\351\2762\265"
 1148      EE2F 7BF1 
 1148      659C 14AA 
 1148      89A1 BC74 
 1148      3F5A 7279 
 1149 0476 BCB4 8C7A 		.ascii	"\274\264\214zJ\310\277\376\0204)"
 1149      4AC8 BFFE 
 1149      1034 29
 1150               		.text
 1151               		.section	.gnu.lto_.symbol_nodes.a239db13b9d12cf0,"e",@progbits
 1152 0000 789C E360 		.string	"x\234\343``d\350`"
 1152      6064 E860 
 1152      00
 1153 0009 02A6 E70C 		.string	"\002\246\347\f\365\f\357\216\2611N8\307"
 1153      F50C EF8E 
 1153      B131 4E38 
 1153      C700 
 1154 0017 6431 EC6A 		.string	"d1\354jP\004J\001\001\3533\006\206F%\006\275\274\374\314\274\314\022\035\245\304r%\035\20
 1154      5004 4A01 
 1154      01EB 3306 
 1154      8646 2506 
 1154      BDBC FCCC 
 1155 0077 0927 2AB8 		.ascii	"\t'*\270"
 1156               		.text
 1157               		.section	.gnu.lto_.refs.a239db13b9d12cf0,"e",@progbits
 1158 0000 789C E360 		.string	"x\234\343``d\340c`"
 1158      6064 E063 
 1158      6000 
 1159 000a 928C 8CE2 		.string	"\222\214\214\342LL\f\214\254\214\214\034\f"
 1159      4C4C 0C8C 
 1159      AC8C 8C1C 
 1159      0C00 
 1160 0018 0339 00   		.string	"\0039"
 1161 001b 46        		.ascii	"F"
 1162               		.text
 1163               		.section	.gnu.lto_.decls.a239db13b9d12cf0,"e",@progbits
 1164 0000 789C 9555 		.string	"x\234\225UkL\024W\024\2363\263\354cx\031b\321\024\177 ic\232P\326H\333HM\032\023\177\264I
 1164      6B4C 1457 
 1164      149E 33B3 
 1164      EC63 7819 
 1164      62D1 147F 
 1165 0051 C507 88A0 		.string	"\305\007\210\240 Ez\356\2753\354b\245\255\223\234\2359\347~\347q\317\371\356]\275"
 1165      2045 7AEE 
 1165      BD33 EC62 
 1165      A5AD 939C 
 1165      9D39 E77E 
 1166 006d C21B B220 		.string	"\302\033\262 \034\005A\210B\031\303G\022\004\341\002\n\252B\225\300\037j;\203\322\211rCY\
 1166      1C05 4188 
 1166      4219 C347 
 1166      1204 E102 
 1166      0AAA 4295 
 1167 00a7 6516 CA20 		.string	"e\026\312 \312g(OPf\240\214(\2614J>"
 1167      CA67 284F 
 1167      5066 A08C 
 1167      28B1 344A 
 1167      3E00 
 1168 00b9 9E4F 072F 		.string	"\236O\007/\316Y\211\306h%\247\036x\214Ya\371\007\224\274#ay\f\210\253Q\374EeOQ\223\304\31
 1168      CE59 89C6 
 1168      6825 A71E 
 1168      788C 5961 
 1168      F907 94BC 
 1169 0103 E18F FE43 		.string	"\341\217\376C\001N\201\304B%G\322\365\222}\233\367j\245\005\f\333\221\275k(\n\303\304\311
 1169      014E 81C4 
 1169      4225 47D2 
 1169      F592 7D9B 
 1169      F76A A505 
 1170 013e 7E48 804A 		.string	"~H\200JH\020\240\002X\356r0\302I\264\235\240\266*\220\321i\177\327\311\007b\020:AT6\304\0
 1170      4810 A002 
 1170      58EE 7230 
 1170      C249 B49D 
 1170      A0B6 2A90 
 1171 0194 D555 8D30 		.string	"\325U\2150a1\024y\3745^\225\272u\354\310\361\201\316\356(\351#\326\360;\371\367\002\342\2
 1171      6131 1479 
 1171      FC35 5E95 
 1171      BA75 ECC8 
 1171      F181 CEEE 
 1172 01ba A4C7 436A 		.string	"\244\307Cj\002\314N@\207\032\230&\200W\303\235\016]\312\177\242I*$\201 \361w\357\230\273\
 1172      02CC 4E40 
 1172      871A 9826 
 1172      8057 C39D 
 1172      0E5D CA7F 
 1173 01f3 6720 09DD 		.string	"g \t\335s\006\213\211,}\303r\226\336\276Q\030#\025\001S\226\267w\371\"4\242"
 1173      7306 8B89 
 1173      2C7D C372 
 1173      96DE BE51 
 1173      1823 1501 
 1174 0210 758C 14D4 		.ascii	"u\214\024\324\262?\320\034!\375\314\227\333\357\236\315\025\351"
 1174      B23F D01C 
 1174      21FD CC97 
 1174      DBEF 9ECD 
 1174      15E9 
 1175 0222 F259 5C86 		.ascii	"\362Y\\\206z\320P\243\257:\277!R*\343\210k\305}_Q\300\357\024"
 1175      7AD0 50A3 
 1175      AF3A BF21 
 1175      522A E388 
 1175      6BC5 7D5F 
 1176 023a D0C0 0147 		.ascii	"\320\300\001G\317\347\347i9\215\264\250\256:\223s2\232\253\""
 1176      CFE7 E769 
 1176      398D B4A8 
 1176      AE3A 9373 
 1176      329A AB22 
 1177 024e AA7B 5A9B 		.ascii	"\252{Z\233\263\201\263j\n\252\233\372{\313c)\253\bi&$b:\205\235"
 1177      B381 B36A 
 1177      0AAA 9BFA 
 1177      7BCB 6329 
 1177      AB08 6926 
 1178 0267 470E 3501 		.ascii	"G\0165\001mB3\310\002\030\023\340\034j\b\016\344\357\333\252"
 1178      6D42 33C8 
 1178      0218 13E0 
 1178      1C6A 080E 
 1178      E4EF DBAA 
 1179 027b 44D6 A17A 		.ascii	"D\326\241z\341\207\266N\003\0175\027\325\326\241\362\247Q\322"
 1179      E187 B64E 
 1179      030F 3517 
 1179      D5D6 A1F2 
 1179      A751 D2
 1180 028e 7156 9854 		.ascii	"qV\230T~\255\373Y\f\310\t\200\261\200\221\326_H$$-\357/\\\302"
 1180      7EAD FB59 
 1180      0CC8 0980 
 1180      B180 91D6 
 1180      5F48 2424 
 1181 02a7 9EB5 D0E8 		.ascii	"\236\265\320\350\255\b\370\003\303\347\023=3\344\023D\367}\313"
 1181      AD08 F803 
 1181      C3E7 133D 
 1181      33E4 1344 
 1181      F77D CB
 1182 02ba BE31 E8DA 		.ascii	"\2761\350\332\362K\347tq9\264>\374\231\017\324\016\027\321\347"
 1182      F24B E774 
 1182      7139 B43E 
 1182      FC99 0FD4 
 1182      0E17 D1E7 
 1183 02ce 022B F04F 		.ascii	"\002+\360O\210\343U\262\346e\337\335\356\236Y\001\005d[\"[AS"
 1183      88E3 55B2 
 1183      E665 DFDD 
 1183      EE9E 5901 
 1183      0564 5B22 
 1184 02e5 5BDE 9135 		.ascii	"[\336\22151\330!\001.\303L\006\272\225U\233\027-\325\362\376"
 1184      31D8 2101 
 1184      2EC3 4C06 
 1184      BA95 559B 
 1184      172D D5F2 
 1185 02fa FDB2 B939 		.ascii	"\375\262\2719(\321\006\266a=W@\003\215\274\207c;K\372d\251\211"
 1185      28D1 06B6 
 1185      613D 5740 
 1185      038D BC87 
 1185      633B 4BFA 
 1186 0311 8356 747C 		.ascii	"\203Vt|\237\023KA\355\352\224~\335\276\267C\377\"\342\3005\364"
 1186      9F13 4B41 
 1186      EDEA 947E 
 1186      DDBE B743 
 1186      FF22 E2C0 
 1187 0327 878E 70EE 		.ascii	"\207\216p\356\334:\320\337\256\243\334\t\020\177\303\274\225"
 1187      DC3A D0DF 
 1187      AEA3 DC09 
 1187      107F C3BC 
 1187      95
 1188 0338 A42A 0B7D 		.ascii	"\244*\013}D\212\201Z\2258p\225\272\325\206\270\323\200j'\343"
 1188      448A 815A 
 1188      9538 7095 
 1188      BAD5 86B8 
 1188      D380 6A27 
 1189 034d 0E19 BEB7 		.ascii	"\016\031\276\267C\226Zx%\007}#\2452\333\r\036w/\253t\335\301"
 1189      4396 5A78 
 1189      2507 7D23 
 1189      A532 DB0D 
 1189      1E77 2FAB 
 1190 0364 C15D 8649 		.ascii	"\301]\206I8|\235\326\021\004\245\220\333\307\257\334\212\241"
 1190      387C 9DD6 
 1190      1104 A590 
 1190      DBC7 AFDC 
 1190      8AA1 
 1191 0376 8520 72AC 		.ascii	"\205 r\254\374\335\372S\271d\315*\222H\f\024\007\2010\022\007"
 1191      FCDD FA53 
 1191      B964 CD2A 
 1191      9248 0C14 
 1191      0781 3012 
 1192 038b 942B 0A6E 		.ascii	"\224+\nn\260\022|\335m\237H%\374>\033\016V\367Ep\n\274\202jO"
 1192      B012 7CDD 
 1192      6D9F 4825 
 1192      FC3E 1B0E 
 1192      56F7 4570 
 1193 03a4 51D1 D0E4 		.ascii	"Q\321\320\344\364\351R\350s\213\323g\344\302\376]\n}\342Q\335"
 1193      F4E9 52E8 
 1193      738B D367 
 1193      E4C2 FE5D 
 1193      0A7D E251 
 1194 03b9 72F0 D8EE 		.ascii	"r\360\330\356(N\237R\240=_\0368\374\217Q\337\306`\335,\330\035"
 1194      284E 9F52 
 1194      A03D 5F1E 
 1194      38FC 8F51 
 1194      DFC6 60DD 
 1195 03d0 3AEA 2E75 		.ascii	":\352.u\324\225\243\353\233\f3\017\213l\326w\370\254\363\212"
 1195      D495 A3EB 
 1195      9B0C 330F 
 1195      8B6C D677 
 1195      F8AC F38A 
 1196 03e4 731E C7B2 		.ascii	"s\036\307\262\356\364(\263\356\"\303\025\221\352x\357\322F\240"
 1196      EEF4 28B3 
 1196      EE22 C315 
 1196      91EA 78EF 
 1196      D246 A0
 1197 03f7 F170 6199 		.ascii	"\361pa\231/\366\365\"\022\250\246\2079q{\331NB\264\364\276\204"
 1197      2FF6 F522 
 1197      12A8 A687 
 1197      3971 7BD9 
 1197      4E42 B4F4 
 1198 040d 9BBC 07EA 		.ascii	"\233\274\007\352\305\n\367\350T\320($\227\343\307}x\035\275\375"
 1198      C50A F7E8 
 1198      54D0 2824 
 1198      97E3 C77D 
 1198      781D BDFD 
 1199 0421 818D C312 		.ascii	"\201\215\303\022V=\003\257\177\b"
 1199      563D 03AF 
 1199      7F08 
 1200 042b BBFB 67F0 		.string	"\273\373g\360\273\277\244\240\270&Zj\340\315:x\271\355\241\226vg\371s\354\357\003\346@s\3
 1200      BBBF A4A0 
 1200      B826 5A6A 
 1200      E0CD 3A78 
 1200      B9ED A196 
 1201 052c 1407 7F8D 		.ascii	"\024\007\177\215\337\022\317\360\202\312\022\223\250E\275(:\220"
 1201      DF12 CFF0 
 1201      82CA 1293 
 1201      A845 BD28 
 1201      3A90 
 1202 053e 9868 A2C7 		.ascii	"\230h\242\307i\347\371\337tR\317d\005\216=\330\262\307 \277\340"
 1202      69E7 F9DF 
 1202      7452 CF64 
 1202      058E 3DD8 
 1202      B2C7 20BF 
 1203 0553 267E 3117 		.ascii	"&~1\027\233\3527\325\351\330~V\210\352Us\371\230\277_;\311\206"
 1203      9BEA 37D5 
 1203      E9D8 7E56 
 1203      88EA 5573 
 1203      F998 BF5F 
 1204 056a 56D1 0DAD 		.ascii	"V\321\r\255\024\225\r\3255\337\3711F\331Po\307{=\276\361\r!\016"
 1204      1495 0DD5 
 1204      35DF F931 
 1204      46D9 506F 
 1204      C77B 3DBE 
 1205 0582 B245 7543 		.ascii	"\262EuC\313E\r\254\306\r\241E\335\320\225\b\201\232^\262bX#R"
 1205      CB45 0DAC 
 1205      C60D A145 
 1205      DDD0 9508 
 1205      819A 5EB2 
 1206 059a 2AEE 3A11 		.ascii	"*\356:\021\254\321\2073\275f\302\251X+2\246\343\013\261\333\306"
 1206      ACD1 8733 
 1206      BD66 C2A9 
 1206      582B 32A6 
 1206      E30B B1DB 
 1207 05af 1E76 8892 		.ascii	"\036v\210\222O\232\244_-%]\301He\013O]+\211?\213\220=2\013\270"
 1207      4F9A A45F 
 1207      2D25 5DC1 
 1207      4865 0B4F 
 1207      5D2B 893F 
 1208 05c9 6EBC FEF5 		.ascii	"n\274\376\365X\377\006\254\177]\250\376b\254\037MB\242'c\211"
 1208      58FF 06AC 
 1208      7F5D A8FE 
 1208      62AC 1F4D 
 1208      42A2 2763 
 1209 05de C9E2 CAB4 		.ascii	"\311\342\312\264\031-\256\214\f\227\323h\376:\323\270\310\345"
 1209      192D AE8C 
 1209      0C97 D368 
 1209      FE3A D3B8 
 1209      C8E5 
 1210 05f0 F238 5C66 		.ascii	"\3628\\f\253-3\305\242\177\377\343O\023\027\244\245\t\361\341"
 1210      AB2D 33C5 
 1210      A27F FFE3 
 1210      4F13 17A4 
 1210      A509 F1E1 
 1211 0604 D694 B752 		.ascii	"\326\224\267R-\346\271o[\323\004\275\327\356\364\244\3161ybC"
 1211      2DE6 B96F 
 1211      5BD3 04BD 
 1211      D7EE F4A4 
 1211      CE31 7962 
 1212 0619 EBA6 2FBC 		.ascii	"\353\246/\274\031_\316\374\257\310\302k\317y\230\314\237{\360"
 1212      195F CEFC 
 1212      AFC8 C26B 
 1212      CF79 98CC 
 1212      9F7B F0
 1213 062c 73A9 D963 		.ascii	"s\251\331cI\267\272\026\2332mn\233G\347tY\034.\247M\357t\331"
 1213      49B7 BA16 
 1213      9B32 6D6E 
 1213      9B47 E774 
 1213      591C 2EA7 
 1214 0644 9D0E BBD3 		.ascii	"\235\016\273\323\246\361\272mV\215%\335\234\251K\261;\355\236"
 1214      A6F1 BA6D 
 1214      568D 25DD 
 1214      9CA9 4BB1 
 1214      3BED 9E
 1215 0657 5441 E7B6 		.ascii	"TA\347\266Y<v\2273\302i^b\263\276j2-\362\332\035\036\273\323"
 1215      593C 7697 
 1215      33C2 695E 
 1215      62B3 BE6A 
 1215      322D F2DA 
 1216 066f 8419 4D56 		.ascii	"\204\031MV\233\303\274\314dYfq\330\334iF\257;\323\350pY\314\016"
 1216      9BC3 BCCC 
 1216      6459 6671 
 1216      D8DC 6946 
 1216      AF3B D3E8 
 1217 0687 E302 9BC3 		.ascii	"\343\002\233\303a\316\244E\275\271\330b1\246\245\314I\231\315"
 1217      61CE A445 
 1217      BDB9 D862 
 1217      31A6 A5CC 
 1217      4999 CD
 1218 069a 4AB4 3B2D 		.ascii	"J\264;-\016\257\325f\364z\354\016#\363NI\027\f\254\026\323\022"
 1218      0EAF D566 
 1218      F47A EC0E 
 1218      23F3 4E49 
 1218      170C AC16 
 1219 06b0 DBB2 F814 		.ascii	"\333\262\370\024Z\210\335\223\234d^\232\224<\337\351Zd\367\270"
 1219      5A88 DD93 
 1219      9C64 5E9A 
 1219      943C DFE9 
 1219      5A64 F7B8 
 1220 06c4 E709 3ADA 		.ascii	"\347\t:\332\206\271&\217AI\230\341\2166;\226\232\227\271M\274"
 1220      86B9 268F 
 1220      4149 98E1 
 1220      8E36 3B96 
 1220      9A97 B94D 
 1221 06d9 6A79 A9D5 		.ascii	"jy\251\325c\2629\315\213\034\266w^\246\n\372\215\256XB$\215`"
 1221      63B2 39CD 
 1221      8B1C B677 
 1221      5EA6 0AFA 
 1221      8DAE 5842 
 1222 06f0 B5BB 6988 		.ascii	"\265\273i\210\277\001t\201\212j"
 1222      BF01 7481 
 1222      8A6A 
 1223               		.text
 1224               		.section	.gnu.lto_.symtab.a239db13b9d12cf0,"e",@progbits
 1225 0000 626F 6F74 		.string	"bootloader_jump"
 1225      6C6F 6164 
 1225      6572 5F6A 
 1225      756D 7000 
 1226 0010 00        		.string	""
 1227 0011 00        		.string	""
 1228 0012 00        		.string	""
 1229 0013 00        		.string	""
 1230 0014 00        		.string	""
 1231 0015 00        		.string	""
 1232 0016 00        		.string	""
 1233 0017 00        		.string	""
 1234 0018 00        		.string	""
 1235 0019 00        		.string	""
 1236 001a 00        		.string	""
 1237 001b C500      		.string	"\305"
 1238 001d 00        		.string	""
 1239 001e 00        		.string	""
 1240 001f 7265 7365 		.string	"reset_key"
 1240      745F 6B65 
 1240      7900 
 1241 0029 00        		.string	""
 1242 002a 00        		.string	""
 1243 002b 00        		.string	""
 1244 002c 00        		.string	""
 1245 002d 00        		.string	""
 1246 002e 00        		.string	""
 1247 002f 00        		.string	""
 1248 0030 00        		.string	""
 1249 0031 00        		.string	""
 1250 0032 00        		.string	""
 1251 0033 00        		.string	""
 1252 0034 ED00      		.string	"\355"
 1253 0036 00        		.string	""
 1254 0037 00        		.string	""
 1255 0038 626F 6F74 		.string	"bootloader_jump_after_watchdog_reset"
 1255      6C6F 6164 
 1255      6572 5F6A 
 1255      756D 705F 
 1255      6166 7465 
 1256 005d 00        		.string	""
 1257 005e 00        		.string	""
 1258 005f 00        		.string	""
 1259 0060 00        		.string	""
 1260 0061 00        		.string	""
 1261 0062 00        		.string	""
 1262 0063 00        		.string	""
 1263 0064 00        		.string	""
 1264 0065 00        		.string	""
 1265 0066 00        		.string	""
 1266 0067 00        		.string	""
 1267 0068 DF00      		.string	"\337"
 1268 006a 00        		.string	""
 1269 006b 00        		.string	""
 1270               		.text
 1271               		.section	.gnu.lto_.opts,"e",@progbits
 1272 0000 272D 666E 		.string	"'-fno-openmp' '-fno-openacc' '-fno-pie' '-mn-flash=1' '-mno-skip-bug' '-mmcu=avr5' '-Os' 
 1272      6F2D 6F70 
 1272      656E 6D70 
 1272      2720 272D 
 1272      666E 6F2D 
 1273               		.text
 1274               		.comm	__gnu_lto_v1,1,1
 1275               		.comm	__gnu_lto_slim,1,1
 1276               		.ident	"GCC: (GNU) 9.2.0"
DEFINED SYMBOLS
                            *ABS*:0000000000000000 bootloader.c
/var/folders/xx/3qcqnrxj7md526g3lvyld9680000gn/T//cc4ggoOQ.s:2      *ABS*:000000000000003e __SP_H__
/var/folders/xx/3qcqnrxj7md526g3lvyld9680000gn/T//cc4ggoOQ.s:3      *ABS*:000000000000003d __SP_L__
/var/folders/xx/3qcqnrxj7md526g3lvyld9680000gn/T//cc4ggoOQ.s:4      *ABS*:000000000000003f __SREG__
/var/folders/xx/3qcqnrxj7md526g3lvyld9680000gn/T//cc4ggoOQ.s:5      *ABS*:0000000000000000 __tmp_reg__
/var/folders/xx/3qcqnrxj7md526g3lvyld9680000gn/T//cc4ggoOQ.s:6      *ABS*:0000000000000001 __zero_reg__
/var/folders/xx/3qcqnrxj7md526g3lvyld9680000gn/T//cc4ggoOQ.s:20     .gnu.debuglto_.debug_info:0000000000000000 bootloader.c.43ca85d9
                            *COM*:0000000000000001 __gnu_lto_v1
                            *COM*:0000000000000001 __gnu_lto_slim

NO UNDEFINED SYMBOLS
