   1               		.file	"suspend.c"
   2               	__SP_H__ = 0x3e
   3               	__SP_L__ = 0x3d
   4               	__SREG__ = 0x3f
   5               	__tmp_reg__ = 0
   6               	__zero_reg__ = 1
   7               		.section	.gnu.lto_.profile.aabb3ba836a37792,"",@progbits
   8 0000 789C 6363 		.string	"x\234cc```\005bF\206\215L\305"
   8      6060 6005 
   8      6246 868D 
   8      4CC5 00
   9 000f 0317 0133 		.ascii	"\003\027\0013"
  10               		.text
  11               		.section	.gnu.lto_.icf.aabb3ba836a37792,"",@progbits
  12 0000 789C 6363 		.string	"x\234cc``\210a@"
  12      6060 8861 
  12      4000 
  13 000a 7E86 BB3F 		.string	"~\206\273?\316\234\343bly:g\0137S\347\256\317\2779\231\317nXz\236\231u\315\337\033\327\33
  13      CE9C E362 
  13      6C79 3A67 
  13      0B37 53E7 
  13      AECF BF39 
  14 005c 8E75 2EE1 		.ascii	"\216u.\341"
  15               		.text
  16               		.section	.gnu.lto_.jmpfuncs.aabb3ba836a37792,"",@progbits
  17 0000 789C 6363 		.string	"x\234cc``\330\302\200"
  17      6060 D8C2 
  17      8000 
  18 000a 3C0C 8C8C 		.string	"<\f\214\214\f\fs\230\031\200$\023\220\317\314\310\310X\017\344\002\001\023\343\024f\306i\
  18      0C0C 7398 
  18      1980 2413 
  18      90CF CCC8 
  18      C858 0FE4 
  19 0036 D400      		.string	"\324"
  20 0038 C240 7934 		.string	"\302@y4\001N,b\f\\\f\f\334 k@\246\303\204\331\031\301\312\200\306\377{\375\3605/\304xV\30
  20      014E 2C62 
  20      0C5C 0C0C 
  20      DC20 6B40 
  20      A6C3 84D9 
  21 0071 3100      		.string	"1"
  22 0073 680C 19BE 		.ascii	"h\f\031\276"
  23               		.text
  24               		.section	.gnu.lto_.inline.aabb3ba836a37792,"",@progbits
  25 0000 789C 6363 		.string	"x\234cc``\210bd\200\003\036\006\006\001~F\006&\251\t\247\031\031\330\026\3103\201\004\031
  25      6060 8862 
  25      6480 031E 
  25      0606 017E 
  25      4606 26A9 
  26 003b 9AC8 ECF7 		.string	"\232\310\354\367g>3D\232k\231\031\013\\\r\202`\342\006\031\r!9\031\330\304\321\254"
  26      673E 3344 
  26      9A6B 9919 
  26      0B5C 0D82 
  26      60E2 0619 
  27 0058 8B83 1572 		.string	"\213\203\025ra\330\317\215!\302\303\300w\037d\032\327\276uLpAf\240#\031'\370\241\331\313\
  27      61D8 CF8D 
  27      21C2 C3C0 
  27      771F 641A 
  27      D7BE 754C 
  28 009d 00        		.string	""
  29 009e 10EA 1805 		.ascii	"\020\352\030\005"
  30               		.text
  31               		.section	.gnu.lto_.pureconst.aabb3ba836a37792,"",@progbits
  32 0000 789C 6363 		.string	"x\234cc``\220\006b\036\206]\214\214\022L\022\314\273\0309%\270$\270%x$x%\370$\370%\004\24
  32      6060 9006 
  32      621E 865D 
  32      8C8C 124C 
  32      12CC BB18 
  33 0025 3281 0300 		.string	"2\201\003"
  34               		.text
  35               		.section	.gnu.lto_suspend_idle.aabb3ba836a37792,"",@progbits
  36 0000 789C 9552 		.ascii	"x\234\225R\317k\023A\024~\337\316\3546\266\r=\213A\314\305R\n"
  36      CF6B 1341 
  36      147E DFCE 
  36      EC36 B60D 
  36      3D8B 41CC 
  37 0017 46E8 45F0 		.ascii	"F\350E\360\"\370\207\210\304=\004\273MI\242\340\251\223V[\233"
  37      22F8 8788 
  37      C43D 04BB 
  37      4D49 A2E0 
  37      A993 565B 
  38 002c 7AE8 A156 		.ascii	"z\350\241V\221`C\261\330\213\212\032\255\325\032\3074\342AQ\361"
  38      9160 43B1 
  38      D88B 8A1A 
  38      ADD5 1AC7 
  38      34E2 4151 
  39 0041 1782 5E14 		.ascii	"\027\202^\024\342A\241bQ\024)\251ov\222\213\207H\007\346\315"
  39      E241 A162 
  39      5114 29A9 
  39      6F76 928B 
  39      8748 07E6 
  40 0056 9BE5 7DDF 		.ascii	"\233\345}\337\373\336\267\343\021\221\024D\007\370\334\301\033"
  40      FBDE B7E3 
  40      1191 1444 
  40      07F8 DCC1 
  40      1B
  41 0067 82E0 4C3F 		.ascii	"\202\340L?#\312G\034\300$*\002\032q0\2023bF\240:\361y\331\351"
  41      23CA 471C 
  41      C024 2A02 
  41      1A71 3082 
  41      3362 46A0 
  42 0080 BBAC 78E9 		.ascii	"\273\254x\351s\357\266\253E\215\"\303gy\233\205\233\350\343\252"
  42      73EF B6AB 
  42      458D 22C3 
  42      6779 9B85 
  42      9BE8 E3AA 
  43 0094 495D A875 		.ascii	"I]\250u\2128\210\363\362Je\256\247wA\251Q\245?\034T\335E\001"
  43      8A38 88F3 
  43      F24A 65AE 
  43      A777 41A9 
  43      51A5 3F1C 
  44 00ac 9421 1881 		.ascii	"\224!\030\201\201\030\366\306\210?\020n\241\327\024\177\272\336"
  44      8118 F6C6 
  44      883F 106E 
  44      A1D7 147F 
  44      BADE 
  45 00be 381B F5A4 		.ascii	"8\033\365\244\345\303mx\004N\256\275t\265jlN(\375\364\022~\271"
  45      E5C3 6D78 
  45      044E AEBD 
  45      74B5 6A6C 
  45      4E28 FDF4 
  46 00d5 5130 C671 		.ascii	"Q0\306qL\020&H\023\\\023<\023\210N3\232\245+M\223|\345lL\323"
  46      4C10 2648 
  46      135C 133C 
  46      1388 4E33 
  46      9AA5 2B4D 
  47 00ef 57E4 E797 		.ascii	"W\344\347\227\372CJ\346\334\315\275\026+\253\365\356x\377\234"
  47      FA43 4AE6 
  47      DCCD BD16 
  47      2BAB F5EE 
  47      78FF 9C
  48 0102 3ABF      		.ascii	":\277"
  49 0104 AB28 84E9 		.string	"\253(\204\351\276~\365\306\233.\311\004XB\234\343\035H\372\202\352F\241\0365\300\013\002\
  49      BE7E F5C6 
  49      9B2E C904 
  49      5842 9CE3 
  49      1D48 FA82 
  50 0205 D600      		.string	"\326"
  51 0207 EB        		.ascii	"\353"
  52               		.text
  53               		.section	.gnu.lto_suspend_power_down_user.aabb3ba836a37792,"",@progbits
  54 0000 789C 6363 		.string	"x\234cc``\250\001b\005 \226\006bFf\006F\246\t\347\030\030\0329\230\030\031A\214\006\016F\
  54      6060 A801 
  54      6205 2096 
  54      0662 4666 
  54      0646 A609 
  55 0035 0407 A6CF 		.string	"\004\007\246\317bkkh\225\230\303\314\3000\r\210A\200q3\243&\003P\331\243\215\377\246\362\
  55      626B 6B68 
  55      9598 C3CC 
  55      C030 0D88 
  55      4180 7133 
  56 00ae 78B8 34E9 		.ascii	"x\2704\351"
  57               		.text
  58               		.section	.gnu.lto_suspend_power_down_kb.aabb3ba836a37792,"",@progbits
  59 0000 789C 6363 		.string	"x\234cc``X\005\304\n@,\r\304\214\314\f\214L\023\316104r012\202\030\r\034\214\f\365L\214\3
  59      6060 5805 
  59      C40A 402C 
  59      0DC4 8CCC 
  59      0C8C 4C13 
  60 0047 E366 464D 		.string	"\343fFM\006\240\262G\033\377M\345ec\201\2103nadc`\0042\326_b=\320\360\357\177{\303\201+K\
  60      06A0 B247 
  60      1BFF 4DE5 
  60      6563 8188 
  60      336E 6164 
  61 0080 C31B C6E6 		.string	"\303\033\306\346\005\237{\230\301\272\200F\355\334\371\3466{\375\337\006\2169\314\214\323
  61      059F 7B98 
  61      C1BA 8046 
  61      EDDC F9E6 
  61      367B FDDF 
  62 00b2 CA02 8D60 		.string	"\312\002\215`b`\220+\311\315\216O\316/J\325O\316\317\315\315\317\323O,+\322/.-.H\315K\321
  62      6260 902B 
  62      C9CD 8E4F 
  62      CE2F 4AD5 
  62      4FCE CFCD 
  63 00d8 00        		.string	""
  64 00d9 B6C6 45DA 		.ascii	"\266\306E\332"
  65               		.text
  66               		.section	.gnu.lto_power_down.aabb3ba836a37792,"",@progbits
  67 0000 789C 9556 		.string	"x\234\225V}PTU\024\277\347\335\267\357\275},_\245i#\323\270\0259M\304R9\332L\323L3\311\36
  67      7D50 5455 
  67      14BF E7DD 
  67      B7EF BD7D 
  67      2C5F A569 
  68 00f0 E5C0 5103 		.ascii	"\345\300Q\003\236K\200\224\004\206\f\006\207a\006\t\367\224\336"
  68      9E4B 8094 
  68      0486 0C06 
  68      8761 0609 
  68      F794 DE
  69 0103 0E6A FC09 		.ascii	"\016j\374\t\241\270\245ju\223\232\270E(\266n|\350\230a\2547d"
  69      A1B8 A56A 
  69      7593 9AB8 
  69      4528 B66E 
  69      7CE8 9861 
  70 011a D2FE 2252 		.ascii	"\322\376\"R\233~(\334u`dm\264\"\303\227\220h:\003_\201\3020A"
  70      9B7E 28DC 
  70      7560 646D 
  70      B422 C397 
  70      9068 3A03 
  71 0133 809B A776 		.string	"\200\233\247v\227o\325\270K\240\226\355\357\\\355\260P\353\277|jGQ\236\361yH#\330\212\361
  71      976F D5B8 
  71      4BA0 96ED 
  71      EF5C EDB0 
  71      50EB BF7C 
  72 0234 0134 A846 		.string	"\0014\250FIt\257\275\346\227\r\212\351\340\024\024\331?Pq3\232D$l\233\032\313\301\345X\20
  72      4974 AFBD 
  72      E697 0D8A 
  72      E9E0 1414 
  72      D93F 5071 
  73 02ee BBA7 F60F 		.string	"\273\247\366\017\226vG\351\221b\241}\0020f\033\356\374(\224\267^\b\235\215u6Z\312Q$:R[W\2
  73      9676 47E9 
  73      9162 A17D 
  73      0230 661B 
  73      EEFC 2894 
  74 0360 8FA5 1A96 		.string	"\217\245\032\226\364\255\352\261\2528\246s\343\306wn\\\220\314\214\355\\\031\316`\347\266
  74      F4AD EAB1 
  74      AA38 A673 
  74      E3C6 776E 
  74      5C90 CC8C 
  75 03cf FC22 3A3B 		.string	"\374\":;\377H\337\007=\017\232.\253\221.\307\217\317@|\220\2227\326\306\003\320\2116\316\
  75      FF48 DF07 
  75      3D0F 9A2E 
  75      AB91 2EC7 
  75      8FCF 407C 
  76 03fa B6C6 83F0 		.ascii	"\266\306\203\360+Z]\313\255Q|\353L\301R)\274)C\027\270\326R'"
  76      2B5A 5DCB 
  76      AD51 7CEB 
  76      4CC1 5229 
  76      BC29 4317 
  77 0412 30E8 0617 		.ascii	"0\350\006\0279\322\274\262\3176ad\362?#;\037\216\254GL\fU\324"
  77      39D2 BCB2 
  77      CF36 6164 
  77      F23F 233B 
  77      1F8E AC47 
  78 042a BCB2 D836 		.ascii	"\274\262\3306q\321\021\001.XE\247\261\245\232\303\200tz\213'"
  78      71D1 1101 
  78      2E58 45A7 
  78      B1A5 9AC3 
  78      8074 7A8B 
  79 043f 6A2A D4A1 		.ascii	"j*\324\241\216\357\r7J\365\355\225\033Z&\231i\322\350<~?\374"
  79      8EEF 0D37 
  79      4AF5 ED95 
  79      1B5A 2699 
  79      69D2 E83C 
  80 0456 8239 5F4F 		.ascii	"\2029_O\223\352\232\262\252&\211\206ia\036E\247\300EH"
  80      93EA 9AB2 
  80      AA26 8986 
  80      6961 1E45 
  80      A7C0 4548 
  81 046a B0C6 691F 		.string	"\260\306i\0375F\344\264\260#\302\230\261\243#\0171\332\352V\335\261\233\245\177\007\372\3
  81      3546 E4B4 
  81      B023 C298 
  81      B1A3 230F 
  81      31DA EA56 
  82 056b 316F D2F4 		.ascii	"1o\322\364~\f]\273%\246\367\256O\362:tg\257\0241\372[\316]i\221"
  82      7E0C 5DBB 
  82      25A6 F7AE 
  82      4FF2 3A74 
  82      67AF 1431 
  83 0585 9CFD 61BC 		.ascii	"\234\375a\274\363%]\275vR\275\215x\177Zx\203\265\255}6b\336\t"
  83      F325 5DBD 
  83      7652 BD8D 
  83      787F 5A78 
  83      83B5 AD7D 
  84 059d 5F4C 2363 		.ascii	"_L#c/&I\\L\023\340/m\330\325\035\343\034\n\343\207\252v\026\n"
  84      2F26 495C 
  84      4C13 E02F 
  84      6DD8 D51D 
  84      E31C 0AE3 
  85 05b6 FC3C C909 		.ascii	"\374<\311\t\206d\342\267\235Z\226'.\276|I\206\277\004~\201t\337"
  85      8664 E2B7 
  85      9D5A 9627 
  85      2EBE 7C49 
  85      86BF 047E 
  86 05cd EBA6 90B4 		.ascii	"\353\246\220\264a\251$\323\235\321I\t\247\344Q:E\314x\3225\353"
  86      61A9 24D3 
  86      9DD1 4909 
  86      A7E4 513A 
  86      45CC 78D2 
  87 05e3 8934 0812 		.ascii	"\2114\b\022\263\236\004@,\374z$'\363mw\232\317\357q\245\3712"
  87      B39E 0440 
  87      2CFC 7A24 
  87      27F3 6D77 
  87      9ACF EF71 
  88 05fa 337D 59AE 		.ascii	"3}Y\256\371\357\372]\331\213\263\027y\262\322\223\323\230\274"
  88      F9EF FA5D 
  88      D98B B317 
  88      79B2 D293 
  88      D398 BC
  89 060d 243D C7A7 		.ascii	"$=\307\247y=\351\331n\337\202\005Z\216's\221\333\357Y\370\274"
  89      793D E9D9 
  89      6EDF 8205 
  89      5A8E 2773 
  89      91DB EF59 
  90 0623 6B71 B6DF 		.ascii	"kq\266\337\345\365\245\315\367\272^\366x\275\363\375\244\367"
  90      E5F5 A5CD 
  90      F7BA 5EF6 
  90      78BD F3FD 
  90      A4F7 
  91 0635 F4C2 B4B4 		.ascii	"\364\302\264\264\227f\273f'\317LN\0218\031Yi\336\305\351\036"
  91      9766 BB66 
  91      27CF 4C4E 
  91      1138 1959 
  91      69DE C5E9 
  92 064a B146 A0E4 		.ascii	"\261F\240\344\267\330\334\214\254\351nw\216\211\342v'\271\335"
  92      B7D8 DC8C 
  92      ACE9 6E77 
  92      8E89 E276 
  92      27B9 DD
  93 065d 6FBC 9EFA 		.ascii	"o\274\236\372\212\333\255\333\323\274\031\272}I\272_\267g\347"
  93      8ADB ADDB 
  93      D3BC 19BA 
  93      7D49 BA5F 
  93      B767 E7
  94 0670 644F 4F4C 		.ascii	"dOOLIJ|F\267\373\026\347L\037\025I\212\320\273+\364\254ng\322"
  94      494A 7C46 
  94      B7FB 16E7 
  94      4C1F 1549 
  94      8AD0 BB2B 
  95 0689 AB4C F233 		.ascii	"\253L\3623\356Oar\266'\203\251\231\236L\237\377=\246e{=\236E"
  95      EE4F 6172 
  95      B627 83A9 
  95      999E 4C9F 
  95      FF3D A665 
  96 06a1 B89F F31F 		.ascii	"\270\237\363\037\214z\323\357\032\365g\214B\013+\317$%\246\204"
  96      8C7A D3EF 
  96      1AF5 678C 
  96      420B 2BCF 
  96      2425 A684 
  97 06b5 976E F7FB 		.ascii	"\227n\367\373\036\277o\324\213\177\367\217\361\027\323\231:7"
  97      1EBF 6FD4 
  97      8B7F F78F 
  97      F117 D399 
  97      3A37 
  98 06c7 F5D5 D770 		.ascii	"\365\325\327pS\312b\312\2749sq\245\315\233\363r\252{\336\234"
  98      53CA 62CA 
  98      BC39 7371 
  98      A5CD 9BF3 
  98      72AA 7BDE 
  99 06dc D4BF 0113 		.ascii	"\324\277\001\023\016\316\354"
  99      0ECE EC
 100               		.text
 101               		.section	.gnu.lto_suspend_power_down.aabb3ba836a37792,"",@progbits
 102 0000 789C 6D4D 		.ascii	"x\234mM=K\303P\024\275\347\335$\r\210\273\240H\327.\346\207\370"
 102      3D4B C350 
 102      14BD E7DD 
 102      240D 88BB 
 102      A048 D72E 
 103 0017 2344 6227 		.ascii	"#Db'I#\255u\315\323Z[\321\241\203>\227'\004\034:\212\324\017"
 103      4923 AD75 
 103      CDD3 5A5B 
 103      D1A1 833E 
 103      9727 041C 
 104 002f 82CB A33F 		.ascii	"\202\313\243?@\301\325\315\241S\360\027h\365\246\256\0368p\270"
 104      40C1 D5CD 
 104      A153 F017 
 104      68F5 A6AE 
 104      1E38 70B8 
 105 0043 E7E3 0644 		.ascii	"\347\343\006D4\023\326\205\253B0A\215^\210\016C\005TB\207\240"
 105      3413 D685 
 105      AB42 3041 
 105      8D5E 880E 
 105      4305 5442 
 106 0059 4C21 C339 		.ascii	"L!\3039_0\246\203Y\241\032c-pW\243\245\023\335_\261Ld\204\025"
 106      5F30 A683 
 106      59A1 1A63 
 106      2D70 57A3 
 106      A513 DD5F 
 107 0072 3041 8324 		.ascii	"0A\203$\366q7\277\\\016\274\277;\356\021\020D\334\276\371N\317"
 107      F671 37BF 
 107      5C0E BCBF 
 107      3BEE 1110 
 107      44DC BEF9 
 108 0088 7F06 DA7D 		.ascii	"\177\006\332}\335\340z\323#\032\212/O\264\243SV\225\3529*\321"
 108      DDE0 7AD3 
 108      231A 8A2F 
 108      4FB4 A353 
 108      5695 EA39 
 109 009e CBC7 462D 		.ascii	"\313\307F-Z2U\024\345{-\373\326\241e\030\226\031< #+\361\022"
 109      5A32 5514 
 109      E57B 2DFB 
 109      D6A1 6518 
 109      9619 3C20 
 110 00b6 C7F9 C4F8 		.ascii	"\307\371\304\370\377\004\331\210Mx\224\240\030\246?}\255\235"
 110      FF04 D988 
 110      4D78 94A0 
 110      18A6 3F7D 
 110      AD9D 
 111 00c8 B165 0F84 		.ascii	"\261e\017\204'\254Y\366\351\023G\371\263\301\242[a(\313\362^"
 111      27AC 59F6 
 111      E913 47F9 
 111      B3C1 A25B 
 111      6128 CBF2 
 112 00dd 5AEB FBC9 		.ascii	"Z\353\373\311\356V\234\266\233Q\234&I\332\212\266\017\332Q\247"
 112      EE56 9CB6 
 112      9B51 9C26 
 112      49DA 8AB6 
 112      0FDA 51A7 
 113 00f1 DBD9 6BB6 		.ascii	"\333\331k\266v6b\372\005\216JW\360"
 113      7636 62FA 
 113      058E 4A57 
 113      F0
 114               		.text
 115               		.section	.gnu.lto_matrix_power_up.aabb3ba836a37792,"",@progbits
 116 0000 789C 6363 		.string	"x\234cc``\250\005b\005 \226\006bFf\006F\246\t\347\030\030\0329\230\030\031A\214\006\016F\
 116      6060 A805 
 116      6205 2096 
 116      0662 4666 
 116      0646 A609 
 117 0035 0407 A66F 		.string	"\004\007\246o\340\336\333p\241\201y\0163\003\3034 \006\001\306\315\214\232\f@u\2176\376\2
 117      E0DE DB70 
 117      A181 790E 
 117      3303 C334 
 117      2006 01C6 
 118 00af 00        		.string	""
 119 00b0 10DC 35E4 		.ascii	"\020\3345\344"
 120               		.text
 121               		.section	.gnu.lto_matrix_power_down.aabb3ba836a37792,"",@progbits
 122 0000 789C 6363 		.string	"x\234cc``\250\005b\005 \226\006bFf\006F\246\t\347\030\030\0329\230\030\031A\214\006\016F\
 122      6060 A805 
 122      6205 2096 
 122      0662 4666 
 122      0646 A609 
 123 0035 0407 A66F 		.string	"\004\007\246o\342\336\333p\241\201y\0163\003\3034 \006\001\306\315\214\232\f@u\2176\376\2
 123      E2DE DB70 
 123      A181 790E 
 123      3303 C334 
 123      2006 01C6 
 124 00af 00        		.string	""
 125 00b0 16F2 35F6 		.ascii	"\026\3625\366"
 126               		.text
 127               		.section	.gnu.lto_suspend_wakeup_condition.aabb3ba836a37792,"",@progbits
 128 0000 789C 6D92 		.ascii	"x\234m\222\315k\023Q\024\305\357yof\022\223FP\244\270\210\242"
 128      CD6B 1351 
 128      14C5 EF79 
 128      6F66 1293 
 128      4650 A4B8 
 129 0016 4217 1535 		.ascii	"B\027\0255\202[\377\027\225\330\225\244\221T\335\346\331\264"
 129      825B FF17 
 129      95D8 95A4 
 129      9154 DDE6 
 129      D9B4 
 130 0028 D6A0 4241 		.ascii	"\326\240BA;J\311\"\350B\\H\251\246\326\304\257\244\225\"\242"
 130      3B4A C922 
 130      E842 5C48 
 130      A9A6 D6C4 
 130      AFA4 9522 
 131 003d 160A BAC9 		.ascii	"\026\n\272\311B\021-(\261R\261\005\025S\317\233\361#B\007f\336"
 131      4211 2D28 
 131      B152 B105 
 131      1553 CF9B 
 131      F123 4207 
 132 0053 E3CE B9BF 		.ascii	"\343\316\271\277w\356\275\317\023\221\t%\262\213\353a\276\210"
 132      77EE BDCF 
 132      1391 0925 
 132      B28B EB61 
 132      BE88 
 133 0065 08D4 E80B 		.ascii	"\b\324\350\013\221\323Q\0057\334h\345-\271bb\316\325'\"\246\313"
 133      91D3 5105 
 133      37DC 68E5 
 133      2DB9 6262 
 133      CED5 2722 
 134 007b 09E3 8DA8 		.ascii	"\t\343\215\250\253\364\205\006#1\257\220`\334\003l\334D!y\245"
 134      ABF4 8506 
 134      2331 AF90 
 134      60DC 036C 
 134      DC44 2179 
 135 0090 1DD7 435E 		.ascii	"\035\327C^\271\202:\340\006\037\261\317y}I\343\342\330\350\353"
 135      B982 3AE0 
 135      061F B1CF 
 135      797D 49E3 
 135      E2D8 E8EB 
 136 00a4 8DBD D78D 		.ascii	"\215\275\327\215\0314\365\313\225\370\234\031\336Z\322\"\276"
 136      1934 F5CB 
 136      95F8 9C19 
 136      DE5A D222 
 136      BE
 137 00b5 161C 4862 		.ascii	"\026\034Hb\177\322\372\270\215^\241\364\355d{,\3419\366\037\203"
 137      7FD2 FAB8 
 137      8D5E A1F4 
 137      ED64 7B2C 
 137      E139 F61F 
 138 00ca 1578 60F0 		.ascii	"\025x`\360e\345\351\034\364NX\201\177\343q;\321s-`\255\336\334"
 138      65E5 E91C 
 138      F44E 5881 
 138      7FE3 713B 
 138      D173 2D60 
 139 00e1 3263 CC15 		.ascii	"2c\314\025\343\22440\005\335\t\224\016\032\356\240'\200\0219"
 139      E394 3430 
 139      05DD 0994 
 139      0E1A EEA0 
 139      2780 1139 
 140 00f5 4D24 171B 		.ascii	"M$\027\033\232Xp\353\246\2756b\352\257\366>\257\254l\356\202"
 140      9A58 70EB 
 140      A6BD 3662 
 140      EAAF F63E 
 140      AFAC 6CEE 
 141 010a 94B4 5262 		.ascii	"\224\264Rb\377in%\036lE\316\322\314\327M\246.E\255\270)\324\245"
 141      FF69 6E25 
 141      1E6C 45CE 
 141      D2CC D74D 
 141      A62E 45AD 
 142 0122 8542 F9B3 		.ascii	"\205B\371\263\357\006L\236S\255\266\232\221\374O\023-i\232\260"
 142      EF06 4C9E 
 142      53AD B69A 
 142      91FC 4F13 
 142      2D69 9AB0 
 143 0136 FCBB C893 		.ascii	"\374\273\310\223\340\004\302\345\356ut\256O\226\240\032\350\274"
 143      E004 C2E5 
 143      EE75 74AE 
 143      4F96 A01A 
 143      E8BC 
 144 0148 40B7 B29E 		.ascii	"@\267\262\236\216<\236\216\332o\336\"\006\313?\374\335A\031\364"
 144      8E3C 9E8E 
 144      DA6F DE22 
 144      06CB 3FFC 
 144      DD41 19F4 
 145 015c 661B 323C 		.ascii	"f\0332<3\0379\247m\013\004\367`k/2\205\223\n|\016\225\327\374"
 145      331F 39A7 
 145      6D0B 04F7 
 145      606B 2F32 
 145      8593 0A7C 
 146 0174 6D56 3EAE 		.ascii	"mV>\256\361?9\342\223'\270O\362\270V%\035\225\367\030j\316\276"
 146      F13F 39E2 
 146      9327 B84F 
 146      F2B8 5625 
 146      1D95 F718 
 147 018b C33F F55F 		.ascii	"\303?\365_\366\006\262\037 \354k\221i\245\203\204\177D\301?\363"
 147      F606 B21F 
 147      20EC 6B91 
 147      69A5 8384 
 147      7F44 C13F 
 148 01a0 A9D9 5261 		.ascii	"\251\331RaB\234\024\346L\215<\233\214\205~\200\207\314\241\345"
 148      429C 14E6 
 148      4C8D 3C9B 
 148      8C85 7E80 
 148      87CC A1E5 
 149 01b4 1D7F FC52 		.ascii	"\035\177\374R\025\020\\\341\325!b\021a\273\231jO\237\237\335"
 149      1510 5CE1 
 149      D521 6211 
 149      61BB 996A 
 149      4F9F 9FDD 
 150 01c8 13B2 2CA8 		.ascii	"\023\262,\250\361\346\326r<\0049x\024\036\276\nekT\0131\222\234"
 150      F1E6 D672 
 150      3C04 3978 
 150      141E BE0A 
 150      656B 540B 
 151 01df 2FDD 4479 		.ascii	"/\335Dy\341D\226H\032\267\255\242Fw\332\340\254y\035\223\372"
 151      E144 9648 
 151      1AB7 ADA2 
 151      4677 DAE0 
 151      AC79 1D93 
 152 01f4 FBF4 37A7 		.ascii	"\373\3647\247\263$aI\r$\335Z\355\0038a\020\303\201l?\2219v(\235"
 152      B324 6149 
 152      0D24 DD5A 
 152      ED03 3861 
 152      10C3 816C 
 153 020e CDF5 A5D2 		.ascii	"\315\365\245\322\331L&\333\237:r*\227\03289p\274\257\377\350"
 153      D94C 26DB 
 153      9F3A 722A 
 153      971A 3839 
 153      70BC AFFF 
 154 0223 BEB4 20F7 		.ascii	"\276\264 \367\013\344\364\351L"
 154      0BE4 F4E9 
 154      4C
 155               		.text
 156               		.section	.gnu.lto_suspend_wakeup_init_user.aabb3ba836a37792,"",@progbits
 157 0000 789C 6363 		.string	"x\234cc``\250\001b\005 \226\006bFf\006F\246\t\347\030\030\0329\230\030\031A\214\006\016F\
 157      6060 A801 
 157      6205 2096 
 157      0662 4666 
 157      0646 A609 
 158 0035 0407 A67F 		.string	"\004\007\246\177\342nkh\225\230\303\314\3000\r\210A\200q3\243&\003P\331\243\215\377\246\3
 158      E26E 6B68 
 158      9598 C3CC 
 158      C030 0D88 
 158      4180 7133 
 159 00ae AAD5 3546 		.ascii	"\252\3255F"
 160               		.text
 161               		.section	.gnu.lto_suspend_wakeup_init_kb.aabb3ba836a37792,"",@progbits
 162 0000 789C 6363 		.string	"x\234cc``X\005\304\n@,\r\304\214\314\f\214L\023\316104r012\202\030\r\034\214\f\365L\214\3
 162      6060 5805 
 162      C40A 402C 
 162      0DC4 8CCC 
 162      0C8C 4C13 
 163 0047 E366 464D 		.string	"\343fFM\006\240\262G\033\377M\345ec\201\2103nadc`\0042\326_b=\320\360\357\177{\303\201;K\
 163      06A0 B247 
 163      1BFF 4DE5 
 163      6563 8188 
 163      336E 6164 
 164 0080 C31B C6E6 		.string	"\303\033\306\346\005\313\3470\203u\001\215\332\271\363\315m\366\372\277\r\034@\241i\314@c
 164      05CB E730 
 164      8375 018D 
 164      DAB9 F3CD 
 164      6DF6 FABF 
 165 00b1 CA02 8D60 		.string	"\312\002\215`b`\220+\311\315\216O\316/J\325O\316\317\315\315\317\323O,+\322/.-.H\315K\321
 165      6260 902B 
 165      C9CD 8E4F 
 165      CE2F 4AD5 
 165      4FCE CFCD 
 166 00d7 00        		.string	""
 167 00d8 7418 452E 		.ascii	"t\030E."
 168               		.text
 169               		.section	.gnu.lto_suspend_wakeup_init.aabb3ba836a37792,"",@progbits
 170 0000 789C 7591 		.ascii	"x\234u\221AK\033A\030\206\277wfw\023\245z\356!\210W/\rB~G\377"
 170      414B 1B41 
 170      1886 BF77 
 170      6677 13A5 
 170      7AEE 2188 
 171 001b 4291 E8A9 		.ascii	"B\221\350\251\304\210\261\205\23625\332D\364 EW\220\215\335C"
 171      C488 B185 
 171      9E32 35DA 
 171      44F4 2045 
 171      5790 8DDD 
 172 0030 416F 22A6 		.ascii	"Ao\"\246\265\321\266nm\317*^s\023l\264\265-\202\340I\355\273"
 172      B5D1 B66E 
 172      6DCF 2A5E 
 172      7313 6CB4 
 172      B52D 82E0 
 173 0047 9B20 51E3 		.ascii	"\233 Q\343\300\354\316\316>\35733\3378\"\362J\211\364\362\235"
 173      C0EC CECE 
 173      3EEF 3333 
 173      DF38 22F2 
 173      4A89 F4F2 
 174 005c 6287 2D50 		.ascii	"b\207-P\263\273\"\257\343J\351\375\204\230N+\350\027\363H\303"
 174      B3BB 22AF 
 174      E34A E9FD 
 174      8498 4E2B 
 174      E817 F348 
 175 0071 6A4C 5B40 		.ascii	"jL[@80qH^i\013y\314\3509\215\235\342\317\252\352[6l\301\302R"
 175      3830 7148 
 175      5E69 0B79 
 175      CCE8 398D 
 175      9DE2 CFAA 
 176 008c F71B 33F9 		.ascii	"\367\0333\371\330\323\".{\330\260\216>!v\270v5\337\345X\215y"
 176      D8D3 222E 
 176      7BD8 B08E 
 176      3E21 76B8 
 176      7635 DFE5 
 177 00a3 54E0 0838 		.ascii	"T\340\b8X=\260\003su]4\301\217\367\270x\332\005\3614\024\037"
 177      583D B003 
 177      7375 5D34 
 177      C18F F7B8 
 177      78DA 05F1 
 178 00ba DC59 8924 		.ascii	"\334Y\211$\0274\201L\361\223\243B \247(\370u\317\216\362\224"
 178      1734 814C 
 178      F193 A342 
 178      20A7 28F8 
 178      75CF 8EF2 
 179 00cf 56AB A7B5 		.ascii	"V\253\247\265X\376\322\304=\255]M!> \317\264\025\201\177\022"
 179      58FE D2C4 
 179      3DAD 5D4D 
 179      213E 20CF 
 179      B415 817F 
 180 00e4 ED39 BAF1 		.ascii	"\3559\272\361\261\205\273\360T\b.j\334FmWs\013\330\210P\207\350"
 180      B185 BBF0 
 180      5408 2E6A 
 180      DC46 6D57 
 180      730B D888 
 181 00fb 446F 1B61 		.ascii	"Do\033a\314\245F\360\211\024\r\236\216\313/\214\237\037\277+"
 181      CCA5 46F0 
 181      8914 0D9E 
 181      8ECB 2F8C 
 181      9F1F BF2B 
 182 010f 7686 3059 		.ascii	"v\2060Ywrg/6\255=\335\201;\321\016?,\006\347*\205\263\267\335"
 182      7772 672F 
 182      36AD 3DDD 
 182      813B D10E 
 182      3F2C 06E7 
 183 0128 3E96 1857 		.ascii	">\226\030W\330de\253H\320\271\005\037\255\002\005\301g\376\341"
 183      D864 65AB 
 183      48D0 B905 
 183      1FAD 0205 
 183      C167 FEE1 
 184 013c 02EE C94A 		.ascii	"\002\356\311J\035\215]\253{R\334\227~\271\221~\245T\2160Q\373"
 184      1D8D 5DAB 
 184      7B52 DC97 
 184      7EB9 917E 
 184      A554 8E30 
 185 0152 9E6A E623 		.ascii	"\236j\346#g\330\246x\336\375D\263\314\353\345\007\312lS\262\335"
 185      67D8 A678 
 185      DEFD 44B3 
 185      CCEB E507 
 185      CA6C 53B2 
 186 0167 2C5F 98B1 		.ascii	",_\230\261Z\356f\273\254\333\207\034\206\202\226\232\377~\310"
 186      5AEE 66BB 
 186      ACDB 871C 
 186      8682 969A 
 186      FF7E C8
 187 017a 1E23 F8AD 		.ascii	"\036#\370\255\t\376\305\270\377\257\034\0353\332_\211'\343Z\274"
 187      09FE C5B8 
 187      FFAF 1C1D 
 187      33DA 5F89 
 187      27E3 5ABC 
 188 018e BF9E B1CC 		.ascii	"\277\236\261\314\363g\351\354\350P2\235\315d\262\303\311\201"
 188      F367 E9EC 
 188      E850 329D 
 188      CD64 B2C3 
 188      C981 
 189 01a0 97A3 C9DC 		.ascii	"\227\243\311\334\213\334\310\320\360\340\223\264\374\007\205"
 189      8BDC C8D0 
 189      F0E0 93B4 
 189      FC07 85
 190 01af ADDA 8D   		.ascii	"\255\332\215"
 191               		.text
 192               		.section	.gnu.lto___vector_12.aabb3ba836a37792,"",@progbits
 193 0000 789C 8D52 		.ascii	"x\234\215RMkSA\024\275g\346\345c\223\200;\005)\005W\355\302l"
 193      4D6B 5341 
 193      14BD 67E6 
 193      E563 9380 
 193      3B05 2905 
 194 0018 FC1F FE04 		.ascii	"\374\037\376\004\221\330\225\244\221V\335f^cm\252.J\320\227R"
 194      91D8 95A4 
 194      9156 DD66 
 194      5E63 6DAA 
 194      2E4A D097 
 195 002d 42FA 5C05 		.ascii	"B\372\\\005\027Z\202\325\372\374\250\217lD\004\0055+\301\205"
 195      175A 82D5 
 195      FAFC A88F 
 195      6C44 0405 
 195      352B C185 
 196 0041 8298 5002 		.ascii	"\202\230P\002.\004\005\215\236\373^\375\300\225\0033s\337\235"
 196      2E04 058D 
 196      9EFB 5EFD 
 196      C095 0333 
 196      73DF 9D
 197 0054 73CF B967 		.ascii	"s\317\271g\346eE\244dD\246\271\037\343DF`\326\236\213\370yc\274"
 197      E665 45A4 
 197      6444 A6B9 
 197      1FE3 4446 
 197      60D6 9E8B 
 198 006c 2F47 C4E5 		.ascii	"/G\304\345\355\372\254\256\360\322\264\007h\340\362\220\232\261"
 198      EDFA ACAE 
 198      F0D2 B407 
 198      68E0 F290 
 198      9AB1 
 199 007e 1E6A B862 		.ascii	"\036j\270b\257Z\364W>Df\246\3538\342\326\244\350\273\345\203"
 199      AF5A F457 
 199      3E44 66A6 
 199      EB38 E2D6 
 199      A4E8 BBE5 
 200 0093 6D2B 1270 		.ascii	"m+\022p\352\300m\314\ba\357z\223k\205\254\227\346\261\215\254"
 200      EAC0 6DCC 
 200      0861 EF7A 
 200      936B 85AC 
 200      97E6 B18D 
 201 00a8 80C1 D6CB 		.ascii	"\200\301\326\313L\354&?V\\\374\355:z\307s\220\266\205\341b\254"
 201      4CEC 263F 
 201      565C FCED 
 201      3A7A C773 
 201      90B6 85E1 
 202 00be 2E22 0DC2 		.ascii	".\"\r\302\251\352bY\345'\243z,#,\005\303\247](\313\206\005\311"
 202      A9EA 6259 
 202      E527 A37A 
 202      2C23 2C05 
 202      C3A7 5D28 
 203 00d6 83E5 FE8B 		.ascii	"\203\345\376\213\334e\333\266\026\252\025E{or\265\357.\317D\250"
 203      DC65 DBB6 
 203      16AA 1545 
 203      7B6F 72B5 
 203      EF2E CF44 
 204 00eb 7ACC 6DD7 		.ascii	"z\314m\327?5\213!:h\263\365\273l\376\016\016\263\221\035\204"
 204      3F35 8B21 
 204      3A68 B3F5 
 204      BB6C FE0E 
 204      0EB3 911D 
 205 0100 9021 EAD3 		.ascii	"\220!\352\323\177\310n\276\332\034\243\2115\377\202s\341N\347"
 205      7FC8 6EBE 
 205      DA1C A389 
 205      35FF 8273 
 205      E14E E7
 206 0113 90BA 9196 		.ascii	"\220\272\221\226\325vq\217\007\204l\355E_\013\252\207Do\320\354"
 206      D576 718F 
 206      0784 6CED 
 206      455F 0BAA 
 206      8744 6FD0 
 207 0128 ED16 7E55 		.ascii	"\355\026~U\334\230b\001\"\262\267\324\200\340>k\270\257Z+\353"
 207      DC98 6201 
 207      22B2 B7D4 
 207      80E0 3E6B 
 207      B8AF 5A2B 
 208 013d B36C FF23 		.ascii	"\263l\377#\374DM\217G\350\007\303g\335b\252n\376\266\222\371"
 208      FC44 4D8F 
 208      47E8 07C3 
 208      67DD 62AA 
 208      6EFE B692 
 209 0152 D74A 2624 		.ascii	"\327J&$\203\346\306\237\007\267\n\264\342;\232\311\342!\315<"
 209      83E6 C69F 
 209      07B7 0AB4 
 209      E23B 9AC9 
 209      E221 CD3C 
 210 0166 48CC 3C52 		.ascii	"H\314<R3#\324\203\213\373wcS\316\306\223\267\003(\247\301\001"
 210      3323 D483 
 210      8BFB 7763 
 210      53CE C693 
 210      B703 28A7 
 211 017c EC12 4AD9 		.ascii	"\354\022J\331\327\227\022\314\377I<\376-\021SbCA\364\343\355"
 211      D797 12CC 
 211      FF49 3CFE 
 211      2D11 5362 
 211      4341 F4E3 
 212 0191 BF07 0DE9 		.ascii	"\277\007\r\351=\245\236 c,\205\357;\t{\362\0074\230#\220w1u\266"
 212      3DA5 9E20 
 212      632C 85EF 
 212      3B09 7BF2 
 212      0734 9823 
 213 01aa 72FA 44B9 		.ascii	"r\372D\271\2720W*W+\225\352|\351\344\371\205\322\342\271\305"
 213      BA30 572A 
 213      572B 95EA 
 213      7CE9 E4F9 
 213      85D2 E2B9 
 214 01bf 3373 F3A7 		.ascii	"3s\363\247\216\226\345'W\316\302\034"
 214      8E96 E527 
 214      57CE C21C 
 215               		.text
 216               		.section	.gnu.lto_.symbol_nodes.aabb3ba836a37792,"",@progbits
 217 0000 789C 55CE 		.string	"x\234U\316KN\002A\020\306\361\257\272h\220\347(\f\250h\242\361$z\035/Q\215\216\350\3223\2
 217      4B4E 0241 
 217      10C6 F1AF 
 217      BA68 90E7 
 217      280C A868 
 218 0024 DD49 4858 		.string	"\335IHX\220x\0065\304\025\212o|\2423=\321X\233\376w\377\252\323\351<\200m\223,\346\026\00
 218      9078 0635 
 218      C415 8A6F 
 218      7CA2 333D 
 218      D158 9BFE 
 219 0120 FF91 A137 		.ascii	"\377\221\2417"
 220               		.text
 221               		.section	.gnu.lto_.refs.aabb3ba836a37792,"",@progbits
 222 0000 789C 0DC3 		.ascii	"x\234\r\303\311\021\300 \020\004\261\036\226\035\370q\230 \310"
 222      C911 C020 
 222      1004 B11E 
 222      961D F871 
 222      9820 C8
 223 0013 3F42 A32A 		.ascii	"?B\243*\031\270\257\203*e\340)o\332\247~\312\220\223\356\230"
 223      19B8 AF83 
 223      2A65 E029 
 223      6FDA A77E 
 223      CA90 93EE 
 224 0028 A458 55CB 		.ascii	"\244XU\313\374\0325\001\035"
 224      FC1A 3501 
 224      1D
 225               		.text
 226               		.section	.gnu.lto_.decls.aabb3ba836a37792,"",@progbits
 227 0000 789C 9558 		.string	"x\234\225XyP\024W\032\357\327o\206c\206\303+\206\244\330\255l4\245\251M\304\230T4\273\251
 227      7950 1457 
 227      1AEF D76F 
 227      8663 86C3 
 227      2B86 A4D8 
 228 002f 139D 7298 		.ascii	"\023\235r\230qg\006M\376\330\332\006\201\340-\036x\241\002\236"
 228      7167 064D 
 228      FED8 DA06 
 228      81E0 2D1E 
 228      78A1 029E 
 229 0043 0828 413C 		.ascii	"\b(A<\020A\004\221C\221KA\345T\024E\001\301\023Qa\277w\364t\317"
 229      1041 0491 
 229      4391 4B41 
 229      E554 1445 
 229      01C1 1351 
 230 005d 64C8 EE76 		.ascii	"d\310\356v\3711\375^\377\276\337w\274\357}\375Z\037A\020>\237"
 230      F931 FD5E 
 230      FFBE DF77 
 230      BCEF 7DFD 
 230      5A1F 4110 
 231 0073 2808 6F6B 		.ascii	"(\bok\004\241\007\013\302\b\\\2010w\n\004\201\344\013\354z\021"
 231      04A1 070B 
 231      C208 5C81 
 231      3077 0A04 
 231      81E4 0BEC 
 232 0089 A408 A414 		.ascii	"\244\b\244\024\344\fH\005H\025H5H-\310%\220f\2206\220\016\220"
 232      E40C 4805 
 232      4815 4835 
 232      482D C825 
 232      9066 9036 
 233 00a0 5B20 B741 		.ascii	"[ \267Az@\372@\372A\206\t'\220b\020-\210/\210?\210\036\304\007"
 233      7A40 FA40 
 233      FA41 8609 
 233      2790 6210 
 233      2D88 2F88 
 234 00b9 9E05 C1EF 		.ascii	"\236\005\301\357"
 235 00bd 5890 F120 		.string	"X\220\361 \357\203\374\n\344#$\270]\377\342\330\271\334\267P\220?\300\334\247 \201\034\21
 235      EF83 FC0A 
 235      E423 24B8 
 235      5DFF E2D8 
 235      B9DC B750 
 236 01be D983 B0AD 		.ascii	"\331\203\260\255i-\030A\302\275\354\247\365\030\035\214\277\236"
 236      692D 1841 
 236      C2BD ECA7 
 236      F518 1D8C 
 236      BF9E 
 237 01d0 E1B7 1CA3 		.ascii	"\341\267\034\243P\035\032Ad\334\223\377$\220\215\351\343\374"
 237      501D 1A41 
 237      64DC 93FF 
 237      2490 8DE9 
 237      E3FC 
 238 01e2 CA46 8445 		.ascii	"\312F\204Ez\337\031_\264S;-Kb\227\337\357\004t\030a\231'c\307"
 238      7ADF 195F 
 238      B453 3B2D 
 238      4B62 97DF 
 238      EF04 7418 
 239 01fb BED3 81F8 		.ascii	"\276\323\201\370u\002\024\357f>Y\347\213\246\352\366\020\\qM"
 239      7502 14EF 
 239      663E 59E7 
 239      8BA6 EAF6 
 239      105C 714D 
 240 020f E307 57E3 		.ascii	"\343\007W\343%ID\371H\207\216\"\214\216\240i\304\307P\222"
 240      2549 44F9 
 240      4887 8E22 
 240      8C8E A069 
 240      C4C7 5092 
 241 0223 B944 498A 		.string	"\271DI\212\225\212S%\034\"\240\267C\321\364P\001\035CS\211u\202By(\024\035B0\t\272`\344H\
 241      958A 5325 
 241      1C22 A0B7 
 241      43D1 F450 
 241      011D 4353 
 242 0324 089D 94BD 		.string	"\b\235\224\275A\247\220\206\214\024\207J\251C\215\215\353\22358w4'\216T\0245k9\365\225\22
 242      41A7 9086 
 242      8C14 874A 
 242      A943 8D8D 
 242      EB93 3538 
 243 038a E290 243B 		.string	"\342\220$;T\251\320T\252i\252(\315\322\363\255\261Z\3345Z\240}\267\316>\n\340\201\236\311
 243      54A9 D054 
 243      AA69 AA28 
 243      CDD2 F3AD 
 243      B15A DC35 
 244 040e 908B D00E 		.ascii	"\220\213\320\016\266H~tf\213\224H*\212\334\356\221\333\222@\206"
 244      B648 7E74 
 244      668B 9448 
 244      2A8A DCEE 
 244      91DB 9240 
 245 0423 A89E 7726 		.ascii	"\250\236w&\346\370\351\242\222\277\251+\220 \344\022lr+\3015"
 245      E6F8 E9A2 
 245      92BF A92B 
 245      9020 E412 
 245      6C72 2BC1 
 246 0438 B70E ADD4 		.ascii	"\267\016\255\324\361ui\314V\326\005P\250NY\227:u\200\227h\200"
 246      F175 69CC 
 246      56D6 0550 
 246      A84E 5997 
 246      3A75 8097 
 247 044e EB2E 94A7 		.ascii	"\353.\224\247\007\342\275\342(\271\333r\273sC\220\234\2730\267"
 247      07E2 BDE2 
 247      28B9 DB72 
 247      BB73 4390 
 247      9CBB 30B7 
 248 0462 DC5D 76E5 		.ascii	"\334]v\345\356\n\344\356\262\232\272\231\025`Z\177\231\006\027"
 248      EE0A E4EE 
 248      B29A BA99 
 248      1560 5A7F 
 248      9906 17
 249 0475 8F46 BDB5 		.ascii	"\217F\275\265\275N\n\346\324%\263\334\250[\\\324\255@\335\242"
 249      BD4E 0AE6 
 249      D425 B3DC 
 249      A85B 5CD4 
 249      AD40 DDA2 
 250 0489 A66E A3D4 		.ascii	"\246n\243\324K:\237\347a\334\304\250[\366\267\324\310E94\313"
 250      4B3A 9FE7 
 250      61DC C4A8 
 250      5BF6 B7D4 
 250      C845 3934 
 251 049e AD26 DB95 		.ascii	"\255&\333\225\330\333\325,\035\224\245\346\310\311b?|\207\261"
 251      D8DB D52C 
 251      1D94 A5E6 
 251      C8C9 623F 
 251      7C87 B1
 252 04b1 241F 28C8 		.ascii	"$\037(\310\321\343\307l\220\324y\256WK\274\275&{\233U\262\271"
 252      D1E3 C76C 
 252      90D4 79AE 
 252      574B BCBD 
 252      267B 9B55 
 253 04c7 4A8F 87D9 		.ascii	"J\217\207\331\343\366\376\336/\311\323\353\360\024u\"\332\300"
 253      E3F6 FEDE 
 253      2FC9 D3EB 
 253      F014 7522 
 253      DAC0 
 254 04d9 967F 9F59 		.ascii	"\226\177\237Y(\342%\230\002.lJ>\206\b\242\213 n0"
 254      28E2 2598 
 254      022E 6C4A 
 254      3E86 08A2 
 254      8B20 6E30 
 255 04ed C4F1 4365 		.string	"\304\361Cee\262\237\303\005b\274t*\006\026\2269z\325\025\361M\210\370\252\332\327[\324\32
 255      65B2 9FC3 
 255      0562 BC74 
 255      2A06 1696 
 255      397A D515 
 256 05ee 93F7 6192 		.ascii	"\223\367a\222\037\027\222_\275F\217\013\203\340\324C%\2229:V"
 256      1F17 925F 
 256      BD46 8F0B 
 256      83E0 D443 
 256      2592 393A 
 257 0603 3F65 F5DD 		.ascii	"?e\365\335\217E\\H=\020\2636U\344\210\243\331x6\252\215\246\315"
 257      8F45 5C48 
 257      3D10 B336 
 257      55E4 88A3 
 257      D978 36AA 
 258 061a B8E0 0AE9 		.ascii	"\270\340\n\351\212O\301\306\220b\003L2#q\261\027\272\264\352"
 258      8A4F C1C6 
 258      9062 034C 
 258      3223 71B1 
 258      17BA B4EA 
 259 062e 8E41 8072 		.ascii	"\216A\200r\307xN;\306=\371-\232{=\241D\303\227\241qSh\035YE\200"
 259      C778 4E3B 
 259      C63D F92D 
 259      9A7B 3DA1 
 259      44C3 97A1 
 260 0649 A001 8577 		.ascii	"\240\001\205w@^\205a\272\n\351\227\356\224\004\342\353,\211\025"
 260      405E 8561 
 260      BA0A E997 
 260      EE94 04E2 
 260      EB2C 8915 
 261 065d 6529 1541 		.ascii	"e)\025AjS\371*S\222\250nNwo\364\036@\334R\327FL\253\r\020pps"
 261      6A53 F92A 
 261      5392 A86E 
 261      4E77 6FF4 
 261      1E40 DC52 
 262 067a 591A 912D 		.ascii	"Y\032\221-\305\210\304\322\212\344\273;\374q?\263T\235\322\372"
 262      C588 C4D2 
 262      8AE4 BB3B 
 262      FC71 3FB3 
 262      549D D2FA 
 263 068e 4829 F6F7 		.ascii	"H)\366\367+\224b\217\025]\004p\313\b\226P\202\003\313\266\034"
 263      2B94 628F 
 263      155D 0470 
 263      CB08 9650 
 263      8203 CBB6 
 264 06a3 1571 8296 		.ascii	"\025q\202\226\022\244\255*\310\0209\301\275_\270"
 264      12A4 AD2A 
 264      C810 39C1 
 264      BD5F B8
 265 06b2 8A3D 4ED1 		.string	"\212=N\321\216\223\265\343\251\366\355\334\246\203Ax\007\323\276Q;xD\336*M\007ps\356z)\32
 265      8E93 B5E3 
 265      A9F6 EDDC 
 265      A683 4178 
 265      07D3 BE51 
 266 07b3 B6FB B5E4 		.ascii	"\266\373\265\344-t\277\265\333\237\355\376\2510\254\213\313I"
 266      2D74 BFB5 
 266      DB9F EDFE 
 266      A930 AC8B 
 266      CB49 
 267 07c5 C1EC A906 		.ascii	"\301\354\251\006\206\003\325[:\203\330"
 267      8603 D55B 
 267      3A83 D8
 268 07d0 D357 6018 		.string	"\323W`\030\177\252g\277\210o0\242\326\212\214L\002\235\242\243G\345`U\327\231\302\302\317
 268      7FAA 67BF 
 268      886F 30A2 
 268      D68A 8C4C 
 268      029D A2A3 
 269 083a FAFA 8A9C 		.string	"\372\372\212\234\016\277qk\b\032\376|\210\310\342'\003\331\006\221\240S\305q\262\016\0017
 269      0EBF 716B 
 269      081A FE7C 
 269      88C8 E227 
 269      03D9 0691 
 270 089e BBEC BB4A 		.string	"\273\354\273J\352W\216Q\002\235\027\320>\360r\277\030\312\316N\375\037\320Yr\020\270R\177
 270      EA57 8E51 
 270      029D 17D0 
 270      3EF0 72BF 
 270      18CA CE4E 
 271 0986 7C        		.ascii	"|"
 272 0987 0D84 D09D 		.string	"\r\204\320\235\262\031\364\217\211\023\224]\241\254 \363\344|\34688\375!\002\362p\205\274
 272      B219 F48F 
 272      8913 945D 
 272      A1AC 20F3 
 272      E47C E638 
 273 0a88 7C89 86A4 		.ascii	"|\211\206\244i?ts\025|\307\361~\244\372,\253\004\027\317\210"
 273      693F 7473 
 273      157C C7F1 
 273      7EA4 FA2C 
 273      AB04 17CF 
 274 0a9d AECF 32D6 		.ascii	"\256\3172\326\177\376M\246\275\375/P9\204_I\275\250\202p*D\366"
 274      7FFE 4DA6 
 274      BDFD 2F50 
 274      3984 5F49 
 274      BDA8 8270 
 275 0ab4 D157 C99A 		.ascii	"\321W\311\232Ug\325\355\356`u\367%\334e\200;M\303>K\333/\215"
 275      5567 D5ED 
 275      EE60 75F7 
 275      25DC 6580 
 275      3B4D C33E 
 276 0acc 810E 48D6 		.ascii	"\201\016H\3267>O\321\007,s\035\023\351\033X\211\367\234\030@"
 276      373E 4FD1 
 276      072C 731D 
 276      13E9 1B58 
 276      89F7 9C18 
 277 0ae1 5FF9 F00B 		.ascii	"_\371\360\013\340+\275\273\327\004\250\301\344\204\240\200\253"
 277      E02B BDBB 
 277      D704 A8C1 
 277      E484 A080 
 277      AB
 278 0af2 39B8 9A80 		.ascii	"9\270\232\200\361\211\2163\027\003h\254\360/\221\037\343\224"
 278      F189 8E33 
 278      1703 68AC 
 278      F02F 911F 
 278      E394 
 279 0b04 4004 749E 		.ascii	"@\004t\236FQ\003\336\325\312mW\252CtZ\356\301\344\236\374!\377"
 279      4651 03DE 
 279      D5CA 6D57 
 279      AA43 745A 
 279      EEC1 E49E 
 280 0b1b 5191 D19F 		.ascii	"Q\221\321\237\022\250\266M\266\265b\273\216\333\256\243\216\356"
 280      12A8 B64D 
 280      B6B5 62BB 
 280      8EDB AEA3 
 280      8EEE 
 281 0b2d EF3C 5E1D 		.ascii	"\357<^\0350\352\"\326\313\2138\235\256\341\212\207=\2734,i\265"
 281      30EA 22D6 
 281      CB8B 389D 
 281      AEE1 8A87 
 281      3DBB 342C 
 282 0b43 AEA4 29E8 		.ascii	"\256\244)\350\006\232\264z\226\264\006\232\264\324\221\252\335"
 282      069A B47A 
 282      96B4 069A 
 282      B4D4 91AA 
 282      DD
 283 0b54 A3D7 C805 		.ascii	"\243\327\310\005\231\376\021;\353\364\305\335\350\340\307\377"
 283      99FE 113B 
 283      EBF4 C5DD 
 283      E8E0 C7FF 
 284 0b64 10F2 D2BB 		.ascii	"\020\362\322\27390\223Y\353pY\273\bIH\247K\324H\255]`\326\032"
 284      3930 9359 
 284      EB70 59BB 
 284      0849 48A7 
 284      4BD4 48AD 
 285 0b7c A9B5 DEF4 		.ascii	"\251\265\336\364\336~\254\216\274\320-\353M<\362&\032\371\252"
 285      DE7E AC8E 
 285      BCD0 2DEB 
 285      4D3C F226 
 285      1AF9 AA
 286 0b8f FA07 97DD 		.ascii	"\372\007\227\335\322D\266\235\002\276\304\301\227(\370\330\376"
 286      D244 B69D 
 286      02BE C4C1 
 286      9728 F8D8 
 286      FE
 287 0ba0 CDE7 B46A 		.ascii	"\315\347\264j0\331\346\n\3702\007_\246\340M#\003m\"ne\373\363"
 287      30D9 E60A 
 287      F832 075F 
 287      A6E0 4D23 
 287      036D 226E 
 288 0bb7 F0E0 BE76 		.ascii	"\360\340\276v\r\356f\203\354\312\207\331\001\344[\264Y\344\337"
 288      0DEE 6683 
 288      ECCA 87D9 
 288      01E4 5BB4 
 288      59E4 DF
 289 0bca B267 62F3 		.ascii	"\262gb\363k\344\377\fj\037\2314R\275A\222\022$)\016M\240%sEn"
 289      6BE4 FF0C 
 289      6A1F 9934 
 289      52BD 4192 
 289      1224 290E 
 290 0be4 55A8 45D4 		.ascii	"U\250E\324\220\221\362-\332J\317\226\267j\222\016\272\025\032"
 290      9091 F22D 
 290      DA4A CF96 
 290      B76A 920E 
 290      BA15 1A
 291 0bf7 390C 2B8E 		.ascii	"9\f+\216\265q\307\332\250c\027:\006c\335\362\363\334-?\355\034"
 291      B571 C7DA 
 291      A863 173A 
 291      0663 DDF2 
 291      F3DC 2D3F 
 292 0c0d DC4E C1DB 		.ascii	"\334N\301\333\017g<Bjp\261\333bwpp\007\005\267\365>\234=)\215"
 292      0F67 3C42 
 292      6A70 B1DB 
 292      6277 7070 
 292      0705 B7F5 
 293 0c26 96EE E3ED 		.ascii	"\226\356\343\355\357\234\310\225R\177\206\346N\244\037\314\354"
 293      EF9C C895 
 293      527F 86E6 
 293      4EA4 1FCC 
 293      EC
 294 0c37 247C 559C 		.ascii	"$|U\234D>t\2264f\370q\\\375\373\322>?w\3205q\222\360\023g\324"
 294      443E 7496 
 294      3466 F871 
 294      5CFD FBD2 
 294      3E3F 77D0 
 295 0c52 0243 84CD 		.ascii	"\002C\204\315n\n\213\260EE\331\254a\306E\3660G\264c\241\311\032"
 295      6E0A 8BB0 
 295      4545 D9AC 
 295      61C6 45F6 
 295      3047 B463 
 296 0c69 392D C2EF 		.ascii	"9-\302\357\267\237}\361\312'\357\275'\370F\233"
 296      B79F 7DF1 
 296      CA27 EFBD 
 296      27F8 469B 
 297 0c79 ADCE 5906 		.string	"\255\316Y\006\347\314\260h\207=\314b\2130Z\302>1Y,F;Qxs^D\304\2073\303fN{g\332tJ`\266FX\2
 297      E7CC B068 
 297      873D CC62 
 297      8B30 5AC2 
 297      3E31 592C 
 298 0d7a 857A 825C 		.string	"\205z\202\\O\001\032\304\3235\317\3444\330m\213\375H)\274\365\256\301\031\300\347a\316\34
 298      4F01 1AC4 
 298      D335 CFE4 
 298      34D8 6D8B 
 298      FD48 29BC 
 299 0e05 15F6 09D1 		.ascii	"\025\366\t\321\207\233?\033\035\013H\\\213#Y\030\266hg\200\331"
 299      879B 3F1B 
 299      1D0B 485C 
 299      8B23 5918 
 299      B668 6780 
 300 0e1a 61E0 6B6E 		.ascii	"a\340kn\212\fv\205\003e\364\265y\036\266\033Y\322\336\236apj"
 300      8A0C 7685 
 300      0365 F4B5 
 300      791E B61B 
 300      59D2 DE9E 
 301 0e31 0164 8AC4 		.ascii	"\001d\212\304\213\214\026\3540:\361\374h\223&\312\026i\362a\221"
 301      8B8C 16EC 
 301      303A F1FC 
 301      6893 26CA 
 301      1669 F261 
 302 0e46 8FF5 5035 		.ascii	"\217\365P58\307x\344&R\3172\027a\213\266:C<\303\242\317\3007"
 302      38C7 78E4 
 302      2652 CF32 
 302      1761 8BB6 
 302      3A43 3CC3 
 303 0e5e 4DC4 7CA3 		.ascii	"M\304|\243\235:\310\253a\254\301`\264,6~\353\200\354X\314V\223"
 303      9D3A C8AB 
 303      61AC C160 
 303      B42C 367E 
 303      EB80 EC58 
 304 0e75 C130 EBFF 		.ascii	"\3010\353\377\333\311\344\036\370\200\373?\006\243I5"
 304      DBC9 E41E 
 304      F880 FB3F 
 304      06A3 4935 
 305               		.text
 306               		.section	.gnu.lto_.symtab.aabb3ba836a37792,"",@progbits
 307 0000 7375 7370 		.string	"suspend_idle"
 307      656E 645F 
 307      6964 6C65 
 307      00
 308 000d 00        		.string	""
 309 000e 00        		.string	""
 310 000f 00        		.string	""
 311 0010 00        		.string	""
 312 0011 00        		.string	""
 313 0012 00        		.string	""
 314 0013 00        		.string	""
 315 0014 00        		.string	""
 316 0015 00        		.string	""
 317 0016 00        		.string	""
 318 0017 00        		.string	""
 319 0018 BE00      		.string	"\276"
 320 001a 00        		.string	""
 321 001b 00        		.string	""
 322 001c 7375 7370 		.string	"suspend_power_down_user"
 322      656E 645F 
 322      706F 7765 
 322      725F 646F 
 322      776E 5F75 
 323 0034 00        		.string	""
 324 0035 01        		.ascii	"\001"
 325 0036 00        		.string	""
 326 0037 00        		.string	""
 327 0038 00        		.string	""
 328 0039 00        		.string	""
 329 003a 00        		.string	""
 330 003b 00        		.string	""
 331 003c 00        		.string	""
 332 003d 00        		.string	""
 333 003e 00        		.string	""
 334 003f C300      		.string	"\303"
 335 0041 00        		.string	""
 336 0042 00        		.string	""
 337 0043 7375 7370 		.string	"suspend_power_down_kb"
 337      656E 645F 
 337      706F 7765 
 337      725F 646F 
 337      776E 5F6B 
 338 0059 00        		.string	""
 339 005a 01        		.ascii	"\001"
 340 005b 00        		.string	""
 341 005c 00        		.string	""
 342 005d 00        		.string	""
 343 005e 00        		.string	""
 344 005f 00        		.string	""
 345 0060 00        		.string	""
 346 0061 00        		.string	""
 347 0062 00        		.string	""
 348 0063 00        		.string	""
 349 0064 C600      		.string	"\306"
 350 0066 00        		.string	""
 351 0067 00        		.string	""
 352 0068 7375 7370 		.string	"suspend_power_down"
 352      656E 645F 
 352      706F 7765 
 352      725F 646F 
 352      776E 00
 353 007b 00        		.string	""
 354 007c 00        		.string	""
 355 007d 00        		.string	""
 356 007e 00        		.string	""
 357 007f 00        		.string	""
 358 0080 00        		.string	""
 359 0081 00        		.string	""
 360 0082 00        		.string	""
 361 0083 00        		.string	""
 362 0084 00        		.string	""
 363 0085 00        		.string	""
 364 0086 CA00      		.string	"\312"
 365 0088 00        		.string	""
 366 0089 00        		.string	""
 367 008a 6D61 7472 		.string	"matrix_power_up"
 367      6978 5F70 
 367      6F77 6572 
 367      5F75 7000 
 368 009a 00        		.string	""
 369 009b 01        		.ascii	"\001"
 370 009c 00        		.string	""
 371 009d 00        		.string	""
 372 009e 00        		.string	""
 373 009f 00        		.string	""
 374 00a0 00        		.string	""
 375 00a1 00        		.string	""
 376 00a2 00        		.string	""
 377 00a3 00        		.string	""
 378 00a4 00        		.string	""
 379 00a5 CD00      		.string	"\315"
 380 00a7 00        		.string	""
 381 00a8 00        		.string	""
 382 00a9 6D61 7472 		.string	"matrix_power_down"
 382      6978 5F70 
 382      6F77 6572 
 382      5F64 6F77 
 382      6E00 
 383 00bb 00        		.string	""
 384 00bc 01        		.ascii	"\001"
 385 00bd 00        		.string	""
 386 00be 00        		.string	""
 387 00bf 00        		.string	""
 388 00c0 00        		.string	""
 389 00c1 00        		.string	""
 390 00c2 00        		.string	""
 391 00c3 00        		.string	""
 392 00c4 00        		.string	""
 393 00c5 00        		.string	""
 394 00c6 D000      		.string	"\320"
 395 00c8 00        		.string	""
 396 00c9 00        		.string	""
 397 00ca 7375 7370 		.string	"suspend_wakeup_condition"
 397      656E 645F 
 397      7761 6B65 
 397      7570 5F63 
 397      6F6E 6469 
 398 00e3 00        		.string	""
 399 00e4 00        		.string	""
 400 00e5 00        		.string	""
 401 00e6 00        		.string	""
 402 00e7 00        		.string	""
 403 00e8 00        		.string	""
 404 00e9 00        		.string	""
 405 00ea 00        		.string	""
 406 00eb 00        		.string	""
 407 00ec 00        		.string	""
 408 00ed 00        		.string	""
 409 00ee D800      		.string	"\330"
 410 00f0 00        		.string	""
 411 00f1 00        		.string	""
 412 00f2 7375 7370 		.string	"suspend_wakeup_init_user"
 412      656E 645F 
 412      7761 6B65 
 412      7570 5F69 
 412      6E69 745F 
 413 010b 00        		.string	""
 414 010c 01        		.ascii	"\001"
 415 010d 00        		.string	""
 416 010e 00        		.string	""
 417 010f 00        		.string	""
 418 0110 00        		.string	""
 419 0111 00        		.string	""
 420 0112 00        		.string	""
 421 0113 00        		.string	""
 422 0114 00        		.string	""
 423 0115 00        		.string	""
 424 0116 DB00      		.string	"\333"
 425 0118 00        		.string	""
 426 0119 00        		.string	""
 427 011a 7375 7370 		.string	"suspend_wakeup_init_kb"
 427      656E 645F 
 427      7761 6B65 
 427      7570 5F69 
 427      6E69 745F 
 428 0131 00        		.string	""
 429 0132 01        		.ascii	"\001"
 430 0133 00        		.string	""
 431 0134 00        		.string	""
 432 0135 00        		.string	""
 433 0136 00        		.string	""
 434 0137 00        		.string	""
 435 0138 00        		.string	""
 436 0139 00        		.string	""
 437 013a 00        		.string	""
 438 013b 00        		.string	""
 439 013c DE00      		.string	"\336"
 440 013e 00        		.string	""
 441 013f 00        		.string	""
 442 0140 7375 7370 		.string	"suspend_wakeup_init"
 442      656E 645F 
 442      7761 6B65 
 442      7570 5F69 
 442      6E69 7400 
 443 0154 00        		.string	""
 444 0155 00        		.string	""
 445 0156 00        		.string	""
 446 0157 00        		.string	""
 447 0158 00        		.string	""
 448 0159 00        		.string	""
 449 015a 00        		.string	""
 450 015b 00        		.string	""
 451 015c 00        		.string	""
 452 015d 00        		.string	""
 453 015e 00        		.string	""
 454 015f E000      		.string	"\340"
 455 0161 00        		.string	""
 456 0162 00        		.string	""
 457 0163 5F5F 7665 		.string	"__vector_12"
 457      6374 6F72 
 457      5F31 3200 
 458 016f 00        		.string	""
 459 0170 00        		.string	""
 460 0171 00        		.string	""
 461 0172 00        		.string	""
 462 0173 00        		.string	""
 463 0174 00        		.string	""
 464 0175 00        		.string	""
 465 0176 00        		.string	""
 466 0177 00        		.string	""
 467 0178 00        		.string	""
 468 0179 00        		.string	""
 469 017a E800      		.string	"\350"
 470 017c 00        		.string	""
 471 017d 00        		.string	""
 472 017e 5553 425F 		.string	"USB_DeviceState"
 472      4465 7669 
 472      6365 5374 
 472      6174 6500 
 473 018e 00        		.string	""
 474 018f 02        		.ascii	"\002"
 475 0190 00        		.string	""
 476 0191 00        		.string	""
 477 0192 00        		.string	""
 478 0193 00        		.string	""
 479 0194 00        		.string	""
 480 0195 00        		.string	""
 481 0196 00        		.string	""
 482 0197 00        		.string	""
 483 0198 00        		.string	""
 484 0199 0E01 00   		.string	"\016\001"
 485 019c 00        		.string	""
 486 019d 7267 626C 		.string	"rgblight_config"
 486      6967 6874 
 486      5F63 6F6E 
 486      6669 6700 
 487 01ad 00        		.string	""
 488 01ae 02        		.ascii	"\002"
 489 01af 00        		.string	""
 490 01b0 00        		.string	""
 491 01b1 00        		.string	""
 492 01b2 00        		.string	""
 493 01b3 00        		.string	""
 494 01b4 00        		.string	""
 495 01b5 00        		.string	""
 496 01b6 00        		.string	""
 497 01b7 00        		.string	""
 498 01b8 3C01 00   		.string	"<\001"
 499 01bb 00        		.string	""
 500 01bc 7469 6D65 		.string	"timer_count"
 500      725F 636F 
 500      756E 7400 
 501 01c8 00        		.string	""
 502 01c9 02        		.ascii	"\002"
 503 01ca 00        		.string	""
 504 01cb 00        		.string	""
 505 01cc 00        		.string	""
 506 01cd 00        		.string	""
 507 01ce 00        		.string	""
 508 01cf 00        		.string	""
 509 01d0 00        		.string	""
 510 01d1 00        		.string	""
 511 01d2 00        		.string	""
 512 01d3 4101 00   		.string	"A\001"
 513 01d6 00        		.string	""
 514 01d7 7267 626C 		.string	"rgblight_disable_noeeprom"
 514      6967 6874 
 514      5F64 6973 
 514      6162 6C65 
 514      5F6E 6F65 
 515 01f1 00        		.string	""
 516 01f2 02        		.ascii	"\002"
 517 01f3 00        		.string	""
 518 01f4 00        		.string	""
 519 01f5 00        		.string	""
 520 01f6 00        		.string	""
 521 01f7 00        		.string	""
 522 01f8 00        		.string	""
 523 01f9 00        		.string	""
 524 01fa 00        		.string	""
 525 01fb 00        		.string	""
 526 01fc EA00      		.string	"\352"
 527 01fe 00        		.string	""
 528 01ff 00        		.string	""
 529 0200 7267 626C 		.string	"rgblight_timer_disable"
 529      6967 6874 
 529      5F74 696D 
 529      6572 5F64 
 529      6973 6162 
 530 0217 00        		.string	""
 531 0218 02        		.ascii	"\002"
 532 0219 00        		.string	""
 533 021a 00        		.string	""
 534 021b 00        		.string	""
 535 021c 00        		.string	""
 536 021d 00        		.string	""
 537 021e 00        		.string	""
 538 021f 00        		.string	""
 539 0220 00        		.string	""
 540 0221 00        		.string	""
 541 0222 EC00      		.string	"\354"
 542 0224 00        		.string	""
 543 0225 00        		.string	""
 544 0226 6C65 645F 		.string	"led_set"
 544      7365 7400 
 545 022e 00        		.string	""
 546 022f 02        		.ascii	"\002"
 547 0230 00        		.string	""
 548 0231 00        		.string	""
 549 0232 00        		.string	""
 550 0233 00        		.string	""
 551 0234 00        		.string	""
 552 0235 00        		.string	""
 553 0236 00        		.string	""
 554 0237 00        		.string	""
 555 0238 00        		.string	""
 556 0239 EE00      		.string	"\356"
 557 023b 00        		.string	""
 558 023c 00        		.string	""
 559 023d 6261 636B 		.string	"backlight_set"
 559      6C69 6768 
 559      745F 7365 
 559      7400 
 560 024b 00        		.string	""
 561 024c 02        		.ascii	"\002"
 562 024d 00        		.string	""
 563 024e 00        		.string	""
 564 024f 00        		.string	""
 565 0250 00        		.string	""
 566 0251 00        		.string	""
 567 0252 00        		.string	""
 568 0253 00        		.string	""
 569 0254 00        		.string	""
 570 0255 00        		.string	""
 571 0256 F000      		.string	"\360"
 572 0258 00        		.string	""
 573 0259 00        		.string	""
 574 025a 6D61 7472 		.string	"matrix_get_row"
 574      6978 5F67 
 574      6574 5F72 
 574      6F77 00
 575 0269 00        		.string	""
 576 026a 02        		.ascii	"\002"
 577 026b 00        		.string	""
 578 026c 00        		.string	""
 579 026d 00        		.string	""
 580 026e 00        		.string	""
 581 026f 00        		.string	""
 582 0270 00        		.string	""
 583 0271 00        		.string	""
 584 0272 00        		.string	""
 585 0273 00        		.string	""
 586 0274 FE00      		.string	"\376"
 587 0276 00        		.string	""
 588 0277 00        		.string	""
 589 0278 6D61 7472 		.string	"matrix_scan"
 589      6978 5F73 
 589      6361 6E00 
 590 0284 00        		.string	""
 591 0285 02        		.ascii	"\002"
 592 0286 00        		.string	""
 593 0287 00        		.string	""
 594 0288 00        		.string	""
 595 0289 00        		.string	""
 596 028a 00        		.string	""
 597 028b 00        		.string	""
 598 028c 00        		.string	""
 599 028d 00        		.string	""
 600 028e 00        		.string	""
 601 028f 0101 00   		.string	"\001\001"
 602 0292 00        		.string	""
 603 0293 7267 626C 		.string	"rgblight_timer_enable"
 603      6967 6874 
 603      5F74 696D 
 603      6572 5F65 
 603      6E61 626C 
 604 02a9 00        		.string	""
 605 02aa 02        		.ascii	"\002"
 606 02ab 00        		.string	""
 607 02ac 00        		.string	""
 608 02ad 00        		.string	""
 609 02ae 00        		.string	""
 610 02af 00        		.string	""
 611 02b0 00        		.string	""
 612 02b1 00        		.string	""
 613 02b2 00        		.string	""
 614 02b3 00        		.string	""
 615 02b4 0301 00   		.string	"\003\001"
 616 02b7 00        		.string	""
 617 02b8 7267 626C 		.string	"rgblight_enable_noeeprom"
 617      6967 6874 
 617      5F65 6E61 
 617      626C 655F 
 617      6E6F 6565 
 618 02d1 00        		.string	""
 619 02d2 02        		.ascii	"\002"
 620 02d3 00        		.string	""
 621 02d4 00        		.string	""
 622 02d5 00        		.string	""
 623 02d6 00        		.string	""
 624 02d7 00        		.string	""
 625 02d8 00        		.string	""
 626 02d9 00        		.string	""
 627 02da 00        		.string	""
 628 02db 00        		.string	""
 629 02dc 0501 00   		.string	"\005\001"
 630 02df 00        		.string	""
 631 02e0 686F 7374 		.string	"host_keyboard_leds"
 631      5F6B 6579 
 631      626F 6172 
 631      645F 6C65 
 631      6473 00
 632 02f3 00        		.string	""
 633 02f4 02        		.ascii	"\002"
 634 02f5 00        		.string	""
 635 02f6 00        		.string	""
 636 02f7 00        		.string	""
 637 02f8 00        		.string	""
 638 02f9 00        		.string	""
 639 02fa 00        		.string	""
 640 02fb 00        		.string	""
 641 02fc 00        		.string	""
 642 02fd 00        		.string	""
 643 02fe 0701 00   		.string	"\007\001"
 644 0301 00        		.string	""
 645 0302 6261 636B 		.string	"backlight_init"
 645      6C69 6768 
 645      745F 696E 
 645      6974 00
 646 0311 00        		.string	""
 647 0312 02        		.ascii	"\002"
 648 0313 00        		.string	""
 649 0314 00        		.string	""
 650 0315 00        		.string	""
 651 0316 00        		.string	""
 652 0317 00        		.string	""
 653 0318 00        		.string	""
 654 0319 00        		.string	""
 655 031a 00        		.string	""
 656 031b 00        		.string	""
 657 031c 0901 00   		.string	"\t\001"
 658 031f 00        		.string	""
 659 0320 636C 6561 		.string	"clear_keyboard"
 659      725F 6B65 
 659      7962 6F61 
 659      7264 00
 660 032f 00        		.string	""
 661 0330 02        		.ascii	"\002"
 662 0331 00        		.string	""
 663 0332 00        		.string	""
 664 0333 00        		.string	""
 665 0334 00        		.string	""
 666 0335 00        		.string	""
 667 0336 00        		.string	""
 668 0337 00        		.string	""
 669 0338 00        		.string	""
 670 0339 00        		.string	""
 671 033a 0B01 00   		.string	"\013\001"
 672 033d 00        		.string	""
 673               		.text
 674               		.section	.gnu.lto_.opts,"",@progbits
 675 0000 272D 666D 		.ascii	"'-fmath-errno' '-fsigned-zeros' '-ftrapping-m"
 675      6174 682D 
 675      6572 726E 
 675      6F27 2027 
 675      2D66 7369 
 676 002d 6174 6827 		.string	"ath' '-fno-trapv' '-fno-openmp' '-fno-openacc' '-mn-flash=1' '-mno-skip-bug' '-mmcu=avr5'
 676      2027 2D66 
 676      6E6F 2D74 
 676      7261 7076 
 676      2720 272D 
 677               		.text
 678               		.comm	__gnu_lto_v1,1,1
 679               		.comm	__gnu_lto_slim,1,1
 680               		.ident	"GCC: (GNU) 7.4.0"
DEFINED SYMBOLS
                            *ABS*:0000000000000000 suspend.c
/var/folders/7d/r_phv7rx6m99qllr_nm2m9c80000gn/T//ccZ4lGVe.s:2      *ABS*:000000000000003e __SP_H__
/var/folders/7d/r_phv7rx6m99qllr_nm2m9c80000gn/T//ccZ4lGVe.s:3      *ABS*:000000000000003d __SP_L__
/var/folders/7d/r_phv7rx6m99qllr_nm2m9c80000gn/T//ccZ4lGVe.s:4      *ABS*:000000000000003f __SREG__
/var/folders/7d/r_phv7rx6m99qllr_nm2m9c80000gn/T//ccZ4lGVe.s:5      *ABS*:0000000000000000 __tmp_reg__
/var/folders/7d/r_phv7rx6m99qllr_nm2m9c80000gn/T//ccZ4lGVe.s:6      *ABS*:0000000000000001 __zero_reg__
                            *COM*:0000000000000001 __gnu_lto_v1
                            *COM*:0000000000000001 __gnu_lto_slim

NO UNDEFINED SYMBOLS
