   1               		.file	"timer.c"
   2               	__SP_H__ = 0x3e
   3               	__SP_L__ = 0x3d
   4               	__SREG__ = 0x3f
   5               	__tmp_reg__ = 0
   6               	__zero_reg__ = 1
   7               		.file 1 "/usr/local/Cellar/avr-gcc/9.2.0/avr/include/stdint.h"
   8               		.file 2 "tmk_core/common/avr/timer.c"
   9               		.file 3 "tmk_core/common/timer.h"
  10               		.file 4 "/usr/local/Cellar/avr-gcc/9.2.0/avr/include/util/atomic.h"
  11               		.section	.gnu.debuglto_.debug_info,"e",@progbits
  12               	.Ldebug_info0:
  13               		.hidden	timer.c.bafd935f
  14               		.weak	timer.c.bafd935f
  15               	timer.c.bafd935f:
  16 0000 0502 0000 		.long	0x205
  17 0004 0200      		.word	0x2
  18 0006 0000 0000 		.long	.Ldebug_abbrev0
  19 000a 04        		.byte	0x4
  20 000b 01        		.uleb128 0x1
  21 000c 0000 0000 		.long	.LASF20
  22 0010 0C        		.byte	0xc
  23 0011 0000 0000 		.long	.LASF21
  24 0015 0000 0000 		.long	.LASF22
  25 0019 0000 0000 		.long	.Ldebug_line0
  26 001d 02        		.uleb128 0x2
  27 001e 01        		.byte	0x1
  28 001f 06        		.byte	0x6
  29 0020 0000 0000 		.long	.LASF0
  30 0024 03        		.uleb128 0x3
  31 0025 0000 0000 		.long	.LASF2
  32 0029 01        		.byte	0x1
  33 002a 7E        		.byte	0x7e
  34 002b 16        		.byte	0x16
  35 002c 3500 0000 		.long	0x35
  36 0030 04        		.uleb128 0x4
  37 0031 2400 0000 		.long	0x24
  38 0035 02        		.uleb128 0x2
  39 0036 01        		.byte	0x1
  40 0037 08        		.byte	0x8
  41 0038 0000 0000 		.long	.LASF1
  42 003c 05        		.uleb128 0x5
  43 003d 02        		.byte	0x2
  44 003e 05        		.byte	0x5
  45 003f 696E 7400 		.string	"int"
  46 0043 03        		.uleb128 0x3
  47 0044 0000 0000 		.long	.LASF3
  48 0048 01        		.byte	0x1
  49 0049 80        		.byte	0x80
  50 004a 16        		.byte	0x16
  51 004b 4F00 0000 		.long	0x4f
  52 004f 02        		.uleb128 0x2
  53 0050 02        		.byte	0x2
  54 0051 07        		.byte	0x7
  55 0052 0000 0000 		.long	.LASF4
  56 0056 02        		.uleb128 0x2
  57 0057 04        		.byte	0x4
  58 0058 05        		.byte	0x5
  59 0059 0000 0000 		.long	.LASF5
  60 005d 03        		.uleb128 0x3
  61 005e 0000 0000 		.long	.LASF6
  62 0062 01        		.byte	0x1
  63 0063 82        		.byte	0x82
  64 0064 16        		.byte	0x16
  65 0065 6E00 0000 		.long	0x6e
  66 0069 06        		.uleb128 0x6
  67 006a 5D00 0000 		.long	0x5d
  68 006e 02        		.uleb128 0x2
  69 006f 04        		.byte	0x4
  70 0070 07        		.byte	0x7
  71 0071 0000 0000 		.long	.LASF7
  72 0075 02        		.uleb128 0x2
  73 0076 08        		.byte	0x8
  74 0077 05        		.byte	0x5
  75 0078 0000 0000 		.long	.LASF8
  76 007c 02        		.uleb128 0x2
  77 007d 08        		.byte	0x8
  78 007e 07        		.byte	0x7
  79 007f 0000 0000 		.long	.LASF9
  80 0083 07        		.uleb128 0x7
  81 0084 0000 0000 		.long	.LASF23
  82 0088 03        		.byte	0x3
  83 0089 27        		.byte	0x27
  84 008a 1A        		.byte	0x1a
  85 008b 6900 0000 		.long	0x69
  86 008f 01        		.byte	0x1
  87 0090 01        		.byte	0x1
  88 0091 08        		.uleb128 0x8
  89 0092 8300 0000 		.long	0x83
  90 0096 02        		.byte	0x2
  91 0097 1C        		.byte	0x1c
  92 0098 13        		.byte	0x13
  93 0099 09        		.uleb128 0x9
  94 009a 01        		.byte	0x1
  95 009b 0000 0000 		.long	.LASF24
  96 009f 02        		.byte	0x2
  97 00a0 95        		.byte	0x95
  98 00a1 01        		.byte	0x1
  99 00a2 01        		.byte	0x1
 100 00a3 0A        		.uleb128 0xa
 101 00a4 01        		.byte	0x1
 102 00a5 0000 0000 		.long	.LASF12
 103 00a9 02        		.byte	0x2
 104 00aa 84        		.byte	0x84
 105 00ab 0A        		.byte	0xa
 106 00ac 01        		.byte	0x1
 107 00ad 5D00 0000 		.long	0x5d
 108 00b1 E600 0000 		.long	0xe6
 109 00b5 0B        		.uleb128 0xb
 110 00b6 0000 0000 		.long	.LASF14
 111 00ba 02        		.byte	0x2
 112 00bb 84        		.byte	0x84
 113 00bc 23        		.byte	0x23
 114 00bd 5D00 0000 		.long	0x5d
 115 00c1 0C        		.uleb128 0xc
 116 00c2 7400      		.string	"t"
 117 00c4 02        		.byte	0x2
 118 00c5 86        		.byte	0x86
 119 00c6 0E        		.byte	0xe
 120 00c7 5D00 0000 		.long	0x5d
 121 00cb 0D        		.uleb128 0xd
 122 00cc 0E        		.uleb128 0xe
 123 00cd 0000 0000 		.long	.LASF10
 124 00d1 02        		.byte	0x2
 125 00d2 88        		.byte	0x88
 126 00d3 05        		.byte	0x5
 127 00d4 2400 0000 		.long	0x24
 128 00d8 0E        		.uleb128 0xe
 129 00d9 0000 0000 		.long	.LASF11
 130 00dd 02        		.byte	0x2
 131 00de 88        		.byte	0x88
 132 00df 05        		.byte	0x5
 133 00e0 2400 0000 		.long	0x24
 134 00e4 00        		.byte	0
 135 00e5 00        		.byte	0
 136 00e6 0A        		.uleb128 0xa
 137 00e7 01        		.byte	0x1
 138 00e8 0000 0000 		.long	.LASF13
 139 00ec 02        		.byte	0x2
 140 00ed 74        		.byte	0x74
 141 00ee 0A        		.byte	0xa
 142 00ef 01        		.byte	0x1
 143 00f0 4300 0000 		.long	0x43
 144 00f4 2901 0000 		.long	0x129
 145 00f8 0B        		.uleb128 0xb
 146 00f9 0000 0000 		.long	.LASF14
 147 00fd 02        		.byte	0x2
 148 00fe 74        		.byte	0x74
 149 00ff 21        		.byte	0x21
 150 0100 4300 0000 		.long	0x43
 151 0104 0C        		.uleb128 0xc
 152 0105 7400      		.string	"t"
 153 0107 02        		.byte	0x2
 154 0108 76        		.byte	0x76
 155 0109 0E        		.byte	0xe
 156 010a 5D00 0000 		.long	0x5d
 157 010e 0D        		.uleb128 0xd
 158 010f 0E        		.uleb128 0xe
 159 0110 0000 0000 		.long	.LASF10
 160 0114 02        		.byte	0x2
 161 0115 78        		.byte	0x78
 162 0116 05        		.byte	0x5
 163 0117 2400 0000 		.long	0x24
 164 011b 0E        		.uleb128 0xe
 165 011c 0000 0000 		.long	.LASF11
 166 0120 02        		.byte	0x2
 167 0121 78        		.byte	0x78
 168 0122 05        		.byte	0x5
 169 0123 2400 0000 		.long	0x24
 170 0127 00        		.byte	0
 171 0128 00        		.byte	0
 172 0129 0A        		.uleb128 0xa
 173 012a 01        		.byte	0x1
 174 012b 0000 0000 		.long	.LASF15
 175 012f 02        		.byte	0x2
 176 0130 64        		.byte	0x64
 177 0131 0A        		.byte	0xa
 178 0132 01        		.byte	0x1
 179 0133 5D00 0000 		.long	0x5d
 180 0137 6001 0000 		.long	0x160
 181 013b 0C        		.uleb128 0xc
 182 013c 7400      		.string	"t"
 183 013e 02        		.byte	0x2
 184 013f 66        		.byte	0x66
 185 0140 0E        		.byte	0xe
 186 0141 5D00 0000 		.long	0x5d
 187 0145 0D        		.uleb128 0xd
 188 0146 0E        		.uleb128 0xe
 189 0147 0000 0000 		.long	.LASF10
 190 014b 02        		.byte	0x2
 191 014c 68        		.byte	0x68
 192 014d 05        		.byte	0x5
 193 014e 2400 0000 		.long	0x24
 194 0152 0E        		.uleb128 0xe
 195 0153 0000 0000 		.long	.LASF11
 196 0157 02        		.byte	0x2
 197 0158 68        		.byte	0x68
 198 0159 05        		.byte	0x5
 199 015a 2400 0000 		.long	0x24
 200 015e 00        		.byte	0
 201 015f 00        		.byte	0
 202 0160 0A        		.uleb128 0xa
 203 0161 01        		.byte	0x1
 204 0162 0000 0000 		.long	.LASF16
 205 0166 02        		.byte	0x2
 206 0167 54        		.byte	0x54
 207 0168 0A        		.byte	0xa
 208 0169 01        		.byte	0x1
 209 016a 4300 0000 		.long	0x43
 210 016e 9701 0000 		.long	0x197
 211 0172 0C        		.uleb128 0xc
 212 0173 7400      		.string	"t"
 213 0175 02        		.byte	0x2
 214 0176 56        		.byte	0x56
 215 0177 0E        		.byte	0xe
 216 0178 5D00 0000 		.long	0x5d
 217 017c 0D        		.uleb128 0xd
 218 017d 0E        		.uleb128 0xe
 219 017e 0000 0000 		.long	.LASF10
 220 0182 02        		.byte	0x2
 221 0183 58        		.byte	0x58
 222 0184 05        		.byte	0x5
 223 0185 2400 0000 		.long	0x24
 224 0189 0E        		.uleb128 0xe
 225 018a 0000 0000 		.long	.LASF11
 226 018e 02        		.byte	0x2
 227 018f 58        		.byte	0x58
 228 0190 05        		.byte	0x5
 229 0191 2400 0000 		.long	0x24
 230 0195 00        		.byte	0
 231 0196 00        		.byte	0
 232 0197 0F        		.uleb128 0xf
 233 0198 01        		.byte	0x1
 234 0199 0000 0000 		.long	.LASF17
 235 019d 02        		.byte	0x2
 236 019e 48        		.byte	0x48
 237 019f 06        		.byte	0x6
 238 01a0 01        		.byte	0x1
 239 01a1 C001 0000 		.long	0x1c0
 240 01a5 0D        		.uleb128 0xd
 241 01a6 0E        		.uleb128 0xe
 242 01a7 0000 0000 		.long	.LASF10
 243 01ab 02        		.byte	0x2
 244 01ac 4A        		.byte	0x4a
 245 01ad 03        		.byte	0x3
 246 01ae 2400 0000 		.long	0x24
 247 01b2 0E        		.uleb128 0xe
 248 01b3 0000 0000 		.long	.LASF11
 249 01b7 02        		.byte	0x2
 250 01b8 4A        		.byte	0x4a
 251 01b9 03        		.byte	0x3
 252 01ba 2400 0000 		.long	0x24
 253 01be 00        		.byte	0
 254 01bf 00        		.byte	0
 255 01c0 0F        		.uleb128 0xf
 256 01c1 01        		.byte	0x1
 257 01c2 0000 0000 		.long	.LASF18
 258 01c6 02        		.byte	0x2
 259 01c7 22        		.byte	0x22
 260 01c8 06        		.byte	0x6
 261 01c9 01        		.byte	0x1
 262 01ca DB01 0000 		.long	0x1db
 263 01ce 0E        		.uleb128 0xe
 264 01cf 0000 0000 		.long	.LASF19
 265 01d3 02        		.byte	0x2
 266 01d4 29        		.byte	0x29
 267 01d5 0D        		.byte	0xd
 268 01d6 2400 0000 		.long	0x24
 269 01da 00        		.byte	0
 270 01db 10        		.uleb128 0x10
 271 01dc 0000 0000 		.long	.LASF25
 272 01e0 04        		.byte	0x4
 273 01e1 44        		.byte	0x44
 274 01e2 18        		.byte	0x18
 275 01e3 01        		.byte	0x1
 276 01e4 F501 0000 		.long	0x1f5
 277 01e8 11        		.uleb128 0x11
 278 01e9 5F5F 7300 		.string	"__s"
 279 01ed 04        		.byte	0x4
 280 01ee 44        		.byte	0x44
 281 01ef 33        		.byte	0x33
 282 01f0 F501 0000 		.long	0x1f5
 283 01f4 00        		.byte	0
 284 01f5 12        		.uleb128 0x12
 285 01f6 02        		.byte	0x2
 286 01f7 3000 0000 		.long	0x30
 287 01fb 13        		.uleb128 0x13
 288 01fc 0000 0000 		.long	.LASF26
 289 0200 04        		.byte	0x4
 290 0201 30        		.byte	0x30
 291 0202 1B        		.byte	0x1b
 292 0203 01        		.byte	0x1
 293 0204 2400 0000 		.long	0x24
 294 0208 00        		.byte	0
 295               		.section	.gnu.debuglto_.debug_abbrev,"e",@progbits
 296               	.Ldebug_abbrev0:
 297 0000 01        		.uleb128 0x1
 298 0001 11        		.uleb128 0x11
 299 0002 01        		.byte	0x1
 300 0003 25        		.uleb128 0x25
 301 0004 0E        		.uleb128 0xe
 302 0005 13        		.uleb128 0x13
 303 0006 0B        		.uleb128 0xb
 304 0007 03        		.uleb128 0x3
 305 0008 0E        		.uleb128 0xe
 306 0009 1B        		.uleb128 0x1b
 307 000a 0E        		.uleb128 0xe
 308 000b 10        		.uleb128 0x10
 309 000c 06        		.uleb128 0x6
 310 000d 00        		.byte	0
 311 000e 00        		.byte	0
 312 000f 02        		.uleb128 0x2
 313 0010 24        		.uleb128 0x24
 314 0011 00        		.byte	0
 315 0012 0B        		.uleb128 0xb
 316 0013 0B        		.uleb128 0xb
 317 0014 3E        		.uleb128 0x3e
 318 0015 0B        		.uleb128 0xb
 319 0016 03        		.uleb128 0x3
 320 0017 0E        		.uleb128 0xe
 321 0018 00        		.byte	0
 322 0019 00        		.byte	0
 323 001a 03        		.uleb128 0x3
 324 001b 16        		.uleb128 0x16
 325 001c 00        		.byte	0
 326 001d 03        		.uleb128 0x3
 327 001e 0E        		.uleb128 0xe
 328 001f 3A        		.uleb128 0x3a
 329 0020 0B        		.uleb128 0xb
 330 0021 3B        		.uleb128 0x3b
 331 0022 0B        		.uleb128 0xb
 332 0023 39        		.uleb128 0x39
 333 0024 0B        		.uleb128 0xb
 334 0025 49        		.uleb128 0x49
 335 0026 13        		.uleb128 0x13
 336 0027 00        		.byte	0
 337 0028 00        		.byte	0
 338 0029 04        		.uleb128 0x4
 339 002a 26        		.uleb128 0x26
 340 002b 00        		.byte	0
 341 002c 49        		.uleb128 0x49
 342 002d 13        		.uleb128 0x13
 343 002e 00        		.byte	0
 344 002f 00        		.byte	0
 345 0030 05        		.uleb128 0x5
 346 0031 24        		.uleb128 0x24
 347 0032 00        		.byte	0
 348 0033 0B        		.uleb128 0xb
 349 0034 0B        		.uleb128 0xb
 350 0035 3E        		.uleb128 0x3e
 351 0036 0B        		.uleb128 0xb
 352 0037 03        		.uleb128 0x3
 353 0038 08        		.uleb128 0x8
 354 0039 00        		.byte	0
 355 003a 00        		.byte	0
 356 003b 06        		.uleb128 0x6
 357 003c 35        		.uleb128 0x35
 358 003d 00        		.byte	0
 359 003e 49        		.uleb128 0x49
 360 003f 13        		.uleb128 0x13
 361 0040 00        		.byte	0
 362 0041 00        		.byte	0
 363 0042 07        		.uleb128 0x7
 364 0043 34        		.uleb128 0x34
 365 0044 00        		.byte	0
 366 0045 03        		.uleb128 0x3
 367 0046 0E        		.uleb128 0xe
 368 0047 3A        		.uleb128 0x3a
 369 0048 0B        		.uleb128 0xb
 370 0049 3B        		.uleb128 0x3b
 371 004a 0B        		.uleb128 0xb
 372 004b 39        		.uleb128 0x39
 373 004c 0B        		.uleb128 0xb
 374 004d 49        		.uleb128 0x49
 375 004e 13        		.uleb128 0x13
 376 004f 3F        		.uleb128 0x3f
 377 0050 0C        		.uleb128 0xc
 378 0051 3C        		.uleb128 0x3c
 379 0052 0C        		.uleb128 0xc
 380 0053 00        		.byte	0
 381 0054 00        		.byte	0
 382 0055 08        		.uleb128 0x8
 383 0056 34        		.uleb128 0x34
 384 0057 00        		.byte	0
 385 0058 47        		.uleb128 0x47
 386 0059 13        		.uleb128 0x13
 387 005a 3A        		.uleb128 0x3a
 388 005b 0B        		.uleb128 0xb
 389 005c 3B        		.uleb128 0x3b
 390 005d 0B        		.uleb128 0xb
 391 005e 39        		.uleb128 0x39
 392 005f 0B        		.uleb128 0xb
 393 0060 00        		.byte	0
 394 0061 00        		.byte	0
 395 0062 09        		.uleb128 0x9
 396 0063 2E        		.uleb128 0x2e
 397 0064 00        		.byte	0
 398 0065 3F        		.uleb128 0x3f
 399 0066 0C        		.uleb128 0xc
 400 0067 03        		.uleb128 0x3
 401 0068 0E        		.uleb128 0xe
 402 0069 3A        		.uleb128 0x3a
 403 006a 0B        		.uleb128 0xb
 404 006b 3B        		.uleb128 0x3b
 405 006c 0B        		.uleb128 0xb
 406 006d 39        		.uleb128 0x39
 407 006e 0B        		.uleb128 0xb
 408 006f 27        		.uleb128 0x27
 409 0070 0C        		.uleb128 0xc
 410 0071 00        		.byte	0
 411 0072 00        		.byte	0
 412 0073 0A        		.uleb128 0xa
 413 0074 2E        		.uleb128 0x2e
 414 0075 01        		.byte	0x1
 415 0076 3F        		.uleb128 0x3f
 416 0077 0C        		.uleb128 0xc
 417 0078 03        		.uleb128 0x3
 418 0079 0E        		.uleb128 0xe
 419 007a 3A        		.uleb128 0x3a
 420 007b 0B        		.uleb128 0xb
 421 007c 3B        		.uleb128 0x3b
 422 007d 0B        		.uleb128 0xb
 423 007e 39        		.uleb128 0x39
 424 007f 0B        		.uleb128 0xb
 425 0080 27        		.uleb128 0x27
 426 0081 0C        		.uleb128 0xc
 427 0082 49        		.uleb128 0x49
 428 0083 13        		.uleb128 0x13
 429 0084 01        		.uleb128 0x1
 430 0085 13        		.uleb128 0x13
 431 0086 00        		.byte	0
 432 0087 00        		.byte	0
 433 0088 0B        		.uleb128 0xb
 434 0089 05        		.uleb128 0x5
 435 008a 00        		.byte	0
 436 008b 03        		.uleb128 0x3
 437 008c 0E        		.uleb128 0xe
 438 008d 3A        		.uleb128 0x3a
 439 008e 0B        		.uleb128 0xb
 440 008f 3B        		.uleb128 0x3b
 441 0090 0B        		.uleb128 0xb
 442 0091 39        		.uleb128 0x39
 443 0092 0B        		.uleb128 0xb
 444 0093 49        		.uleb128 0x49
 445 0094 13        		.uleb128 0x13
 446 0095 00        		.byte	0
 447 0096 00        		.byte	0
 448 0097 0C        		.uleb128 0xc
 449 0098 34        		.uleb128 0x34
 450 0099 00        		.byte	0
 451 009a 03        		.uleb128 0x3
 452 009b 08        		.uleb128 0x8
 453 009c 3A        		.uleb128 0x3a
 454 009d 0B        		.uleb128 0xb
 455 009e 3B        		.uleb128 0x3b
 456 009f 0B        		.uleb128 0xb
 457 00a0 39        		.uleb128 0x39
 458 00a1 0B        		.uleb128 0xb
 459 00a2 49        		.uleb128 0x49
 460 00a3 13        		.uleb128 0x13
 461 00a4 00        		.byte	0
 462 00a5 00        		.byte	0
 463 00a6 0D        		.uleb128 0xd
 464 00a7 0B        		.uleb128 0xb
 465 00a8 01        		.byte	0x1
 466 00a9 00        		.byte	0
 467 00aa 00        		.byte	0
 468 00ab 0E        		.uleb128 0xe
 469 00ac 34        		.uleb128 0x34
 470 00ad 00        		.byte	0
 471 00ae 03        		.uleb128 0x3
 472 00af 0E        		.uleb128 0xe
 473 00b0 3A        		.uleb128 0x3a
 474 00b1 0B        		.uleb128 0xb
 475 00b2 3B        		.uleb128 0x3b
 476 00b3 0B        		.uleb128 0xb
 477 00b4 39        		.uleb128 0x39
 478 00b5 0B        		.uleb128 0xb
 479 00b6 49        		.uleb128 0x49
 480 00b7 13        		.uleb128 0x13
 481 00b8 00        		.byte	0
 482 00b9 00        		.byte	0
 483 00ba 0F        		.uleb128 0xf
 484 00bb 2E        		.uleb128 0x2e
 485 00bc 01        		.byte	0x1
 486 00bd 3F        		.uleb128 0x3f
 487 00be 0C        		.uleb128 0xc
 488 00bf 03        		.uleb128 0x3
 489 00c0 0E        		.uleb128 0xe
 490 00c1 3A        		.uleb128 0x3a
 491 00c2 0B        		.uleb128 0xb
 492 00c3 3B        		.uleb128 0x3b
 493 00c4 0B        		.uleb128 0xb
 494 00c5 39        		.uleb128 0x39
 495 00c6 0B        		.uleb128 0xb
 496 00c7 27        		.uleb128 0x27
 497 00c8 0C        		.uleb128 0xc
 498 00c9 01        		.uleb128 0x1
 499 00ca 13        		.uleb128 0x13
 500 00cb 00        		.byte	0
 501 00cc 00        		.byte	0
 502 00cd 10        		.uleb128 0x10
 503 00ce 2E        		.uleb128 0x2e
 504 00cf 01        		.byte	0x1
 505 00d0 03        		.uleb128 0x3
 506 00d1 0E        		.uleb128 0xe
 507 00d2 3A        		.uleb128 0x3a
 508 00d3 0B        		.uleb128 0xb
 509 00d4 3B        		.uleb128 0x3b
 510 00d5 0B        		.uleb128 0xb
 511 00d6 39        		.uleb128 0x39
 512 00d7 0B        		.uleb128 0xb
 513 00d8 27        		.uleb128 0x27
 514 00d9 0C        		.uleb128 0xc
 515 00da 01        		.uleb128 0x1
 516 00db 13        		.uleb128 0x13
 517 00dc 00        		.byte	0
 518 00dd 00        		.byte	0
 519 00de 11        		.uleb128 0x11
 520 00df 05        		.uleb128 0x5
 521 00e0 00        		.byte	0
 522 00e1 03        		.uleb128 0x3
 523 00e2 08        		.uleb128 0x8
 524 00e3 3A        		.uleb128 0x3a
 525 00e4 0B        		.uleb128 0xb
 526 00e5 3B        		.uleb128 0x3b
 527 00e6 0B        		.uleb128 0xb
 528 00e7 39        		.uleb128 0x39
 529 00e8 0B        		.uleb128 0xb
 530 00e9 49        		.uleb128 0x49
 531 00ea 13        		.uleb128 0x13
 532 00eb 00        		.byte	0
 533 00ec 00        		.byte	0
 534 00ed 12        		.uleb128 0x12
 535 00ee 0F        		.uleb128 0xf
 536 00ef 00        		.byte	0
 537 00f0 0B        		.uleb128 0xb
 538 00f1 0B        		.uleb128 0xb
 539 00f2 49        		.uleb128 0x49
 540 00f3 13        		.uleb128 0x13
 541 00f4 00        		.byte	0
 542 00f5 00        		.byte	0
 543 00f6 13        		.uleb128 0x13
 544 00f7 2E        		.uleb128 0x2e
 545 00f8 00        		.byte	0
 546 00f9 03        		.uleb128 0x3
 547 00fa 0E        		.uleb128 0xe
 548 00fb 3A        		.uleb128 0x3a
 549 00fc 0B        		.uleb128 0xb
 550 00fd 3B        		.uleb128 0x3b
 551 00fe 0B        		.uleb128 0xb
 552 00ff 39        		.uleb128 0x39
 553 0100 0B        		.uleb128 0xb
 554 0101 27        		.uleb128 0x27
 555 0102 0C        		.uleb128 0xc
 556 0103 49        		.uleb128 0x49
 557 0104 13        		.uleb128 0x13
 558 0105 00        		.byte	0
 559 0106 00        		.byte	0
 560 0107 00        		.byte	0
 561               		.section	.gnu.debuglto_.debug_line,"e",@progbits
 562               	.Ldebug_line0:
 563 0000 C800 0000 		.long	.LELT0-.LSLT0
 564               	.LSLT0:
 565 0004 0200      		.word	0x2
 566 0006 C200 0000 		.long	.LELTP0-.LASLTP0
 567               	.LASLTP0:
 568 000a 01        		.byte	0x1
 569 000b 01        		.byte	0x1
 570 000c F6        		.byte	0xf6
 571 000d F2        		.byte	0xf2
 572 000e 0D        		.byte	0xd
 573 000f 00        		.byte	0
 574 0010 01        		.byte	0x1
 575 0011 01        		.byte	0x1
 576 0012 01        		.byte	0x1
 577 0013 01        		.byte	0x1
 578 0014 00        		.byte	0
 579 0015 00        		.byte	0
 580 0016 00        		.byte	0
 581 0017 01        		.byte	0x1
 582 0018 00        		.byte	0
 583 0019 00        		.byte	0
 584 001a 01        		.byte	0x1
 585 001b 746D 6B5F 		.ascii	"tmk_core/common/avr"
 585      636F 7265 
 585      2F63 6F6D 
 585      6D6F 6E2F 
 585      6176 72
 586 002e 00        		.byte	0
 587 002f 746D 6B5F 		.ascii	"tmk_core/common"
 587      636F 7265 
 587      2F63 6F6D 
 587      6D6F 6E
 588 003e 00        		.byte	0
 589 003f 2F75 7372 		.ascii	"/usr/local/Cellar/avr-gcc/9.2.0/avr/include/util"
 589      2F6C 6F63 
 589      616C 2F43 
 589      656C 6C61 
 589      722F 6176 
 590 006f 00        		.byte	0
 591 0070 2F75 7372 		.ascii	"/usr/local/Cellar/avr-gcc/9.2.0/avr/include"
 591      2F6C 6F63 
 591      616C 2F43 
 591      656C 6C61 
 591      722F 6176 
 592 009b 00        		.byte	0
 593 009c 00        		.byte	0
 594 009d 7374 6469 		.string	"stdint.h"
 594      6E74 2E68 
 594      00
 595 00a6 04        		.uleb128 0x4
 596 00a7 00        		.uleb128 0
 597 00a8 00        		.uleb128 0
 598 00a9 7469 6D65 		.string	"timer.c"
 598      722E 6300 
 599 00b1 01        		.uleb128 0x1
 600 00b2 00        		.uleb128 0
 601 00b3 00        		.uleb128 0
 602 00b4 7469 6D65 		.string	"timer.h"
 602      722E 6800 
 603 00bc 02        		.uleb128 0x2
 604 00bd 00        		.uleb128 0
 605 00be 00        		.uleb128 0
 606 00bf 6174 6F6D 		.string	"atomic.h"
 606      6963 2E68 
 606      00
 607 00c8 03        		.uleb128 0x3
 608 00c9 00        		.uleb128 0
 609 00ca 00        		.uleb128 0
 610 00cb 00        		.byte	0
 611               	.LELTP0:
 612               	.LELT0:
 613               		.section	.gnu.debuglto_.debug_str,"eMS",@progbits,1
 614               	.LASF2:
 615 0000 7569 6E74 		.string	"uint8_t"
 615      385F 7400 
 616               	.LASF21:
 617 0008 746D 6B5F 		.string	"tmk_core/common/avr/timer.c"
 617      636F 7265 
 617      2F63 6F6D 
 617      6D6F 6E2F 
 617      6176 722F 
 618               	.LASF19:
 619 0024 7072 6573 		.string	"prescaler"
 619      6361 6C65 
 619      7200 
 620               	.LASF18:
 621 002e 7469 6D65 		.string	"timer_init"
 621      725F 696E 
 621      6974 00
 622               	.LASF1:
 623 0039 756E 7369 		.string	"unsigned char"
 623      676E 6564 
 623      2063 6861 
 623      7200 
 624               	.LASF17:
 625 0047 7469 6D65 		.string	"timer_clear"
 625      725F 636C 
 625      6561 7200 
 626               	.LASF7:
 627 0053 6C6F 6E67 		.string	"long unsigned int"
 627      2075 6E73 
 627      6967 6E65 
 627      6420 696E 
 627      7400 
 628               	.LASF11:
 629 0065 5F5F 546F 		.string	"__ToDo"
 629      446F 00
 630               	.LASF23:
 631 006c 7469 6D65 		.string	"timer_count"
 631      725F 636F 
 631      756E 7400 
 632               	.LASF26:
 633 0078 5F5F 6943 		.string	"__iCliRetVal"
 633      6C69 5265 
 633      7456 616C 
 633      00
 634               	.LASF10:
 635 0085 7372 6567 		.string	"sreg_save"
 635      5F73 6176 
 635      6500 
 636               	.LASF4:
 637 008f 756E 7369 		.string	"unsigned int"
 637      676E 6564 
 637      2069 6E74 
 637      00
 638               	.LASF25:
 639 009c 5F5F 6952 		.string	"__iRestore"
 639      6573 746F 
 639      7265 00
 640               	.LASF9:
 641 00a7 6C6F 6E67 		.string	"long long unsigned int"
 641      206C 6F6E 
 641      6720 756E 
 641      7369 676E 
 641      6564 2069 
 642               	.LASF20:
 643 00be 474E 5520 		.string	"GNU C99 9.2.0 -mn-flash=1 -mno-skip-bug -mmcu=avr5 -gdwarf-2 -Os -std=gnu99 -funsigned-ch
 643      4339 3920 
 643      392E 322E 
 643      3020 2D6D 
 643      6E2D 666C 
 644               	.LASF8:
 645 01a6 6C6F 6E67 		.string	"long long int"
 645      206C 6F6E 
 645      6720 696E 
 645      7400 
 646               	.LASF16:
 647 01b4 7469 6D65 		.string	"timer_read"
 647      725F 7265 
 647      6164 00
 648               	.LASF24:
 649 01bf 5F5F 7665 		.string	"__vector_21"
 649      6374 6F72 
 649      5F32 3100 
 650               	.LASF3:
 651 01cb 7569 6E74 		.string	"uint16_t"
 651      3136 5F74 
 651      00
 652               	.LASF12:
 653 01d4 7469 6D65 		.string	"timer_elapsed32"
 653      725F 656C 
 653      6170 7365 
 653      6433 3200 
 654               	.LASF13:
 655 01e4 7469 6D65 		.string	"timer_elapsed"
 655      725F 656C 
 655      6170 7365 
 655      6400 
 656               	.LASF22:
 657 01f2 2F55 7365 		.string	"/Users/tars/Desktop/keyboards"
 657      7273 2F74 
 657      6172 732F 
 657      4465 736B 
 657      746F 702F 
 658               	.LASF6:
 659 0210 7569 6E74 		.string	"uint32_t"
 659      3332 5F74 
 659      00
 660               	.LASF5:
 661 0219 6C6F 6E67 		.string	"long int"
 661      2069 6E74 
 661      00
 662               	.LASF0:
 663 0222 7369 676E 		.string	"signed char"
 663      6564 2063 
 663      6861 7200 
 664               	.LASF15:
 665 022e 7469 6D65 		.string	"timer_read32"
 665      725F 7265 
 665      6164 3332 
 665      00
 666               	.LASF14:
 667 023b 6C61 7374 		.string	"last"
 667      00
 668               		.text
 669               		.section	.gnu.lto_.profile.12104cb6a83494af,"e",@progbits
 670 0000 789C E360 		.string	"x\234\343``\004B "
 670      6004 4220 
 670      00
 671 0009 00        		.string	""
 672 000a 00        		.string	""
 673 000b 5D00      		.string	"]"
 674 000d 0B        		.ascii	"\013"
 675               		.text
 676               		.section	.gnu.lto_.icf.12104cb6a83494af,"e",@progbits
 677 0000 789C E360 		.string	"x\234\343``d\320a@"
 677      6064 D061 
 677      4000 
 678 000a 7686 9B17 		.string	"v\206\233\027\366\036ed\274\370\362\365\0056\346\013\317\327\275\344`\371\361xy;7\353\271
 678      F61E 6564 
 678      BCF8 F2F5 
 678      0536 E60B 
 678      CFD7 BDE4 
 679 003a 07BB 162E 		.ascii	"\007\273\026."
 680               		.text
 681               		.section	.gnu.lto_.jmpfuncs.12104cb6a83494af,"e",@progbits
 682 0000 789C E360 		.string	"x\234\343``dPd@"
 682      6064 5064 
 682      4000 
 683 000a 7620 6664 		.string	"v fd``f``a``edd\254\237\317\314\300\306\310\004\242\031A\222"
 683      6060 6660 
 683      6061 6060 
 683      6564 64AC 
 683      9FCF CCC0 
 684 0026 245C 0296 		.ascii	"$\\\002\226"
 685               		.text
 686               		.section	.gnu.lto_.inline.12104cb6a83494af,"e",@progbits
 687 0000 789C 858F 		.string	"x\234\205\217\261\r\2000\f\004\337\016$\001!\240B\fH2\007#0\n#0\002\2430"
 687      B10D 8030 
 687      0C04 DF0E 
 687      2401 21A0 
 687      420C 4832 
 688 001e 0576 2890 		.string	"\005v(\220\222\002\313\305\237t\262\365\036\204\033\3378\331U\306\004\002{M\034"
 688      9202 CBC5 
 688      9F74 B2F5 
 688      1E84 1BDF 
 688      38D9 55C6 
 689 0038 9BC2 C260 		.ascii	"\233\302\302`u\bM\342(J\367\312\271b\376\225\352_\2511\bn&\022"
 689      7508 4DE2 
 689      284A F7CA 
 689      B962 FE95 
 689      EA5F A931 
 690 0050 6124 8067 		.ascii	"a$\200g\301\223c\356Y\364\202W:5I\332K\305A\313\034\372\203["
 690      C193 63EE 
 690      59F4 8257 
 690      3A35 49DA 
 690      4BC5 41CB 
 691 0068 4D65 2D3C 		.ascii	"Me-<}#67"
 691      7D23 3637 
 692               		.text
 693               		.section	.gnu.lto_.pureconst.12104cb6a83494af,"e",@progbits
 694 0000 789C 05C1 		.string	"x\234\005\301\201\021"
 694      8111 00
 695 0007 2008 03B1 		.ascii	" \b\003\261r\366\205\t\034\236Q:\235\311\250\364$\265\326\025"
 695      72F6 8509 
 695      1C9E 513A 
 695      9DC9 A8F4 
 695      24B5 D615 
 696 001b 4E70 20DC 		.ascii	"Np \334\320\353\017;Q\0058"
 696      D0EB 0F3B 
 696      5105 38
 697               		.text
 698               		.section	.gnu.lto_timer_init.12104cb6a83494af,"e",@progbits
 699 0000 789C 6591 		.ascii	"x\234e\221\321KSQ\034\307\177\337\363[k\013\206\004\021\3045"
 699      D14B 5351 
 699      1CC7 7FDF 
 699      F35B 6B0B 
 699      8604 11C4 
 700 0015 EAC5 8715 		.ascii	"\352\305\207\025\270@z\250'\377\220 \346\232\020\265\0267\361"
 700      B840 7AA8 
 700      27FF 9020 
 700      E69A 10B5 
 700      1637 F1
 701 0028 D573 9DE0 		.ascii	"\325s\235\340\303\306\354!\023A\234:\326b\020!\2754\227u\232"
 701      C3C6 EC21 
 701      1341 9C3A 
 701      D662 1021 
 701      BD34 9775 
 702 003d 33F5 411F 		.ascii	"3\365A\037\302z\210P\023\\P`Q\320C\204u\316\275\327\311\350\300"
 702      C27A 8850 
 702      135C 5060 
 702      51D0 4384 
 702      75CE BDD7 
 703 0054 81DF EFDE 		.ascii	"\201\337\357\336\357\357\363\375\236sB\004\272&\210\256\022\321"
 703      EFEF F3FD 
 703      9E73 4204 
 703      BA26 88AE 
 703      12D1 
 704 0066 59BD C104 		.ascii	"Y\275\301\004!\245\354=\356\204\004\340V2\004\032\022\030\302"
 704      21A5 EC3D 
 704      EE84 04E0 
 704      5632 041A 
 704      1218 C2
 705 0079 184F 30EA 		.ascii	"\030O0\352\243\315\252\210\226\365\037\251&\036\234\221\217\025"
 705      A3CD AA88 
 705      96F5 1FA9 
 705      261E 9C91 
 705      8F15 
 706 008b 0A4C 34A9 		.ascii	"\nL4\251\267\267\260\200(\221V\276o\024+\202\317\301\324;S\217"
 706      B7B7 B080 
 706      2891 56BE 
 706      6F14 2B82 
 706      CFC1 D43B 
 707 00a1 A6C3 5D45 		.ascii	"\246\303]E)\207\245\332x\307#R9\347\013\f\324\300z\022=\026."
 707      2987 A5DA 
 707      78C7 2352 
 707      39E7 0B0C 
 707      D4C0 7A12 
 708 00b8 5966 38BA 		.ascii	"Yf8\272\301F\276;\1770\036\t\006\360\002]>\031\213\b\352\254"
 708      C146 BE3B 
 708      7F30 1E09 
 708      06F0 025D 
 708      3E19 8B08 
 709 00ce 444F DF1E 		.ascii	"DO\337\036S\362\340\357\250T[\247*}A\242,\223\t\023\200TD9\026"
 709      53F2 E0EF 
 709      A854 5BA7 
 709      2A7D 41A2 
 709      2C93 0913 
 710 00e7 5EE3 E8A6 		.ascii	"^\343\350\246\t9\367\371\202;\331\304\360\314\240\251\fR\033"
 710      0939 F7F9 
 710      823B D9C4 
 710      F0CC A0A9 
 710      0C52 1B
 711 00fa 38D9 CA6C 		.ascii	"8\331\312l$\317&\002\343%,W\373\354\242\253\375\202\372\217\325"
 711      24CF 2602 
 711      E325 2C57 
 711      FBEC A2AB 
 711      FD82 FA8F 
 712 010f 4E53 6A61 		.ascii	"NSja>\363m+d\204\302=\307\317\351\361\305\200\3276L\277\371!"
 712      3EF3 6D2B 
 712      6484 C23D 
 712      C7CF E9F1 
 712      C580 D736 
 713 0127 5F8E 9450 		.ascii	"_\216\224PtF\0349s\272\300\f\005\013\2574\220\360\032%hI);Ws"
 713      7446 1C39 
 713      73BA C00C 
 713      050B AF34 
 713      90F0 1A25 
 714 0141 AD18 0275 		.ascii	"\255\030\002u\337\252\312\207V\017\327\016\255\276f\252\037O"
 714      DFAA CA87 
 714      560F D70E 
 714      ADBE 66AA 
 714      1F4F 
 715 0153 78EC 65C3 		.ascii	"x\354e\303\376\263\275;\313m\354\245\026\273\241\331\255\334"
 715      FEB3 BD3B 
 715      CB6D ECA5 
 715      16BB A1D9 
 715      ADDC 
 716 0165 9FF8 28B7 		.ascii	"\237\370(\267\345\303~e\346s\035\036l\305\300\3666k;\355A\227"
 716      E5C3 7E65 
 716      E673 1D1E 
 716      6CC5 C0F6 
 716      366B 3BED 
 717 017b 5BB0 375E 		.ascii	"[\2607^\320\245\365\373\315\260\027\3647\260\342\303\367\370"
 717      D0A5 F5FB 
 717      CDB0 17F4 
 717      37B0 E2C3 
 717      F7F8 
 718 018d FF4B F9BE 		.ascii	"\377K\371\276\240\326\375[\3307\360'\223\317\267;\332\340\253"
 718      A0D6 FD5B 
 718      D837 F027 
 718      93CF B73B 
 718      DAE0 AB
 719 01a0 2DF8 9A49 		.ascii	"-\370\232Ij\216\275\257\237\240\234\203K3+\3138z7\242\316\201"
 719      6A8E BDAF 
 719      9FA0 9C83 
 719      4B33 2BCB 
 719      387A 37A2 
 720 01b6 D4AD EB89 		.ascii	"\324\255\353\211\264\235\214%\322\251T\372N,>h\307\006n\246\222"
 720      B49D 8C25 
 720      D2A9 54FA 
 720      4E2C 3E68 
 720      C706 6EA6 
 721 01cb 7677 82C2 		.ascii	"vw\202\302w\355\344\275D\374v\322>\351\177\352\356\213\367\337"
 721      77ED E4BD 
 721      44FC 76D2 
 721      3EE9 7FEA 
 721      EE8B F7DF 
 722 01df B8D2 73B9 		.ascii	"\270\322s\271\237\376\001r\343\333b"
 722      9FFE 0172 
 722      E3DB 62
 723               		.text
 724               		.section	.gnu.lto_timer_clear.12104cb6a83494af,"e",@progbits
 725 0000 789C 8554 		.string	"x\234\205TkL[e\030\376\236\363\225\336"
 725      6B4C 5B65 
 725      18FE 9EF3 
 725      95DE 00
 726 000f 2F3F 4C34 		.ascii	"/?L4,\312H`a\211\355\262\305D\374e2\377\371\317\313\357\246\236"
 726      2CCA 4860 
 726      6189 EDB2 
 726      C544 FC65 
 726      32FF F9CF 
 727 0027 75B3 B1A5 		.ascii	"u\263\261\245\246-K\374\305\327\256t\303\262\211\311fa\212-\020"
 727      A62D 4BFC 
 727      C5D7 AE74 
 727      C3B2 89C9 
 727      6661 8A2D 
 728 003c 9405 BCED 		.ascii	"\224\005\274\355\307\314\304m-\227\3116vc\026\347.\035\333\""
 728      C7CC C46D 
 728      2D97 C936 
 728      7663 16E7 
 728      2E1D DB22 
 729 0050 1808 DB52 		.ascii	"\030\b\333R\267\304\304\004|\277\357\034H\233\230x\222s\362\276"
 729      B7C4 C404 
 729      7CBF EF1C 
 729      489B 9878 
 729      9273 F2BE 
 730 0064 EFF7 BCB7 		.ascii	"\357\367\274\267\347}\277cg`z\025c\003\214\261\027\351\005g\320"
 730      E77D BF63 
 730      6760 7A15 
 730      6303 8CB1 
 730      17E9 0567 
 731 0079 8410 AFDB 		.ascii	"\204\020\257\333bv\rP\222\260\203\265kh\327\332?\341i\216\361"
 731      6276 0D50 
 731      92B0 83B5 
 731      6B68 D7DA 
 731      3FE1 698E 
 732 008e FD0B 27B5 		.ascii	"\375\013'\265\346\257\351H\344\322\337[\223\242\343\371\fg\254"
 732      E6AF E948 
 732      E4D2 DF5B 
 732      93A2 E3F9 
 732      0C67 AC
 733 00a1 975E E3C1 		.ascii	"\227^\343\301Ohf\214\220\367~X=Rk\265\230G\030\203\025\025V\340"
 733      4F68 668C 
 733      90F7 7E58 
 733      3D52 6BB5 
 733      9847 1883 
 734 00b9 6758 1572 		.ascii	"gX\025ru\2663Y\313_\202\224?\215\337\036{\272qP\210\270\310\315"
 734      75B6 3359 
 734      CB5F 8294 
 734      3F8D DF1E 
 734      7BBA 7150 
 735 00d1 F55A 1322 		.ascii	"\365Z\023\"\027\253\317\020\366\0248\005\302\216:l\253\223\361"
 735      17AB CF10 
 735      F614 3805 
 735      C28E 3A6C 
 735      AB93 F1
 736 00e4 9A8E 7309 		.ascii	"\232\216s\t\317\244\037<\266\360W\225\353\205\322\201\265\247"
 736      CFA4 1F3C 
 736      B6F0 5795 
 736      EB85 D281 
 736      B5A7 
 737 00f6 2C1A E53A 		.ascii	",\032\345:C\215HK\307\344\315|5\337\251N\017\257\225\376\256"
 737      438D 484B 
 737      C7E4 CD7C 
 737      35DF A94E 
 737      0FAF 95FE 
 738 010b A253 E4C1 		.ascii	"\242S\344\301\221\203E\001\306\323\331\2136\376\246\002\\\317"
 738      9183 4501 
 738      C6D3 D98B 
 738      36FE A602 
 738      5CCF 
 739 011d F7DD 5ACF 		.ascii	"\367\335Z\317\\\337#,2\353DYV\214K'\326\364\025/\353\016\223"
 739      5CDF 232C 
 739      32EB 4459 
 739      568C 4B27 
 739      D6F4 152F 
 740 0134 68C4 6934 		.ascii	"h\304i4\252\376X\323\220:KNu\217\325\036\342\031\256A#\265\277"
 740      AAFE 58D3 
 740      903A 4B4E 
 740      758F D51E 
 740      E219 AE41 
 741 014b 7025 0EA9 		.ascii	"p%\016\251r<C\352\362\324?)\215\277\253r>\312\336]rl\031R9/\177"
 741      723C 43EA 
 741      F2D4 3F29 
 741      8DBF AB72 
 741      3ECA DE5D 
 742 0166 BEBD 67EE 		.ascii	"\276\275g\356\210\020\326\f\267`Z&\006~A\035\316\242\216\341"
 742      8810 D60C 
 742      B760 5A26 
 742      067E 411D 
 742      CEA2 8EE1 
 743 017a 1CB6 90B9 		.ascii	"\034\266\220\271\351O\025?1\272t\242\326\254t\362m\321%\264\r"
 743      E94F 153F 
 743      31BA 74A2 
 743      D6AC 74F2 
 743      6DD1 25B4 
 744 018f 1756 E122 		.ascii	"\027V\341\"\211\332\2505!g6\237:Je\234\227\005O\301J)*F\205\013"
 744      89DA A835 
 744      2167 369F 
 744      3A4A 659C 
 744      9705 4FC1 
 745 01a9 3424 3515 		.ascii	"4$5\025\314\220D\336\337\315V\345\304\352\332~\221\273\364B\377"
 745      CC90 44DE 
 745      DFCD 56E5 
 745      C4EA DA7E 
 745      91BB F442 
 746 01be 931A 1B58 		.ascii	"\223\032\033X\206\323\302\2448\223\321,\0209\306\272\270f(\373"
 746      86D3 C2A4 
 746      3893 D12C 
 746      1039 C6BA 
 746      B866 28FB 
 747 01d2 4859 8018 		.ascii	"HY\200\030X\356\342\212\016\222\033d\032\266\204\361\317R\220"
 747      58EE E28A 
 747      0E92 1B64 
 747      1AB6 84F1 
 747      CF52 90
 748 01e5 621F 974B 		.ascii	"b\037\227Kph\337\303\242]2bU,\\+\3368\311\r\365\216\324\273\363"
 748      7068 DFC3 
 748      A25D 3262 
 748      552C 5C2B 
 748      DE38 C90D 
 749 01fe 8915 0C61 		.ascii	"\211\025\fa0\226\210\t\032\276\r\227\250\247\213\324\023\303"
 749      3096 8809 
 749      1ABE 0D97 
 749      A8A7 8BD4 
 749      13C3 
 750 0210 65B2 53DC 		.ascii	"e\262S\334x\275\f&\311\247\2002\317\375\305\203WW\360\037\275"
 750      78BD 0C26 
 750      C9A7 8032 
 750      CFFD C583 
 750      5757 F01F 
 751 0225 9A7D CAAD 		.ascii	"\232}\312\255\270b\224to\361`\341\271\212M\324p\325\334\304\r"
 751      B862 9474 
 751      6FF1 60E1 
 751      B98A 4DD4 
 751      70D5 DCC4 
 752 023a 2208 6B18 		.ascii	"\"\bk\0301K\337e\304\032\224@\367\345\260\3142|z\342\217\232"
 752      314B DF65 
 752      C41A 9440 
 752      F7E5 B0CC 
 752      327C 7AE2 
 753 0250 CDBD C888 		.ascii	"\315\275\310\210\036*\320.]K\337\036/T\253\355\273\206\315\364"
 753      1E2A D02E 
 753      5D4B DF1E 
 753      2F54 ABED 
 753      BB86 CDF4 
 754 0264 FD95 B645 		.ascii	"\375\225\266E\222\361\rW\236\013\240\325\243E!\344\211\316\225"
 754      92F1 0D57 
 754      9E0B A0D5 
 754      A345 21E4 
 754      89CE 95
 755 0277 630E D92E 		.ascii	"c\016\331.\350)P[\262\250\324Q]Q%]\036vU\255\323V\232n\226b9"
 755      E829 505B 
 755      B2A8 D451 
 755      5D51 255D 
 755      1E76 55AD 
 756 0292 670E C559 		.ascii	"g\016\305Y\337\360\314\232#\201x\314N\226An\fz~\242\373K\233"
 756      DFF0 CC9A 
 756      2381 78CC 
 756      4E96 416E 
 756      0C7A 7EA2 
 757 02a9 244E 20C3 		.ascii	"$N \303\235\370\r\t`N\361v\235x+\017\342\004\303\357Fj5\256\251"
 757      9DF8 0D09 
 757      604E F176 
 757      9D78 2B0F 
 757      E204 C3EF 
 758 02c2 CA12 3770 		.ascii	"\312\0227p \334\r\003\327`\202\f\356\t4\362x\272\340\334:\254"
 758      20DC 0D03 
 758      D760 820C 
 758      EE09 34F2 
 758      78BA E0DC 
 759 02d8 7E05 6747 		.ascii	"~\005gG\264\216,\225ba\003r\247\324\215\277\211\255\204\372\""
 759      B48E 2C95 
 759      6261 0372 
 759      A7D4 8DBF 
 759      89AD 84FA 
 760 02ed FB57 D229 		.ascii	"\373W\322)\013%X\226Rex\265\27242\030nQ\205\346\370z\223\233"
 760      0B25 5896 
 760      5265 78B5 
 760      BA34 3218 
 760      6E51 85E6 
 761 0305 E4FA 1955 		.ascii	"\344\372\031U\320\202JwU\336\030\2611c\260Q\374\370\030\227r"
 761      D082 4A77 
 761      55DE 18B1 
 761      3163 B051 
 761      FCF8 1897 
 762 031a C58E A072 		.ascii	"\305\216\240rCn\223\325\\\212\2013\246\253\232\337\2141\277\376"
 762      436E 93D5 
 762      5C8A 8133 
 762      A6AB 9ADF 
 762      8C31 BFFE 
 763 032e FF9D 5F51 		.ascii	"\377\235_Q\315\357\216\232\237f\366:::\322\251\231\275\246\037"
 763      CDEF 8E9A 
 763      9F66 F63A 
 763      3A3A D2A9 
 763      99BD A61F 
 764 0342 39F3 42A6 		.ascii	"9\363B\246EY\263\363\252\331\305\322\375bu\313\217\342\200:\305"
 764      4559 B3F3 
 764      AAD9 C5D2 
 764      FD62 75CB 
 764      8FE2 803A 
 765 0357 5DB4 ACC7 		.ascii	"]\264\254\307P=\023\210=@<\373\244F\335\017\371\2448\214\313"
 765      503D 1388 
 765      3D40 3CFB 
 765      A446 DD0F 
 765      F9A4 388C 
 766 036c 13CF 4975 		.ascii	"\023\317IuS4\370\201G\017\205}n=\024\f\206Z\335\336\275aw\324"
 766      5334 F881 
 766      470F 857D 
 766      6E3D 140C 
 766      865A DDDE 
 767 0384 1FF4 855D 		.ascii	"\037\364\205]:\263z<\357\204\336\b=k\352\256\367\274\273w\265"
 767      3AB3 7A3C 
 767      EF84 DE08 
 767      3D6B EAAE 
 767      F7BC BB77 
 768 0399 EC78 6537 		.ascii	"\354xe7sz<\376\267|\221(\371\331\364\200\317\333\332\366\241"
 768      737A 3CFE 
 768      B77C 9128 
 768      F9D9 F480 
 768      CFDB DAF6 
 769 03ae 2312 F6ED 		.ascii	"#\022\366\355\361D\274{}\334\343\211\274\346n\213\204\335\201"
 769      F144 BC7B 
 769      7DDC E389 
 769      BCE6 6E8B 
 769      84DD 81
 770 03c1 90EE 0DB8 		.ascii	"\220\356\r\270w\372\002\001oX\006~y\217\256\273[\\\333]\333T"
 770      77FA 0201 
 770      6F58 067E 
 770      798F AEBB 
 770      5B5C DB5D 
 771 03d7 1A7F AB1E 		.ascii	"\032\177\253\036h\333\345s\267E\375\001\2677\032\n\372u\327\373"
 771      68DB E573 
 771      B745 FD01 
 771      B737 1A0A 
 771      FA75 D7FB 
 772 03eb CCA2 07FC 		.ascii	"\314\242\007\374\314\026\364\005C\341\217\210\276\177\001\273"
 772      CC16 F405 
 772      43E1 8F88 
 772      BE7F 01BB 
 773 03fb 85E3 74   		.ascii	"\205\343t"
 774               		.text
 775               		.section	.gnu.lto_timer_read.12104cb6a83494af,"e",@progbits
 776 0000 789C 8554 		.string	"x\234\205Tkl\223e\024~\317\367~\275n\365\362S\267hK\262\020Hl\t\213?\306/\023\365\247\177
 776      6B6C 9365 
 776      147E CFF7 
 776      7EBD 6EF5 
 776      F253 B768 
 777 0080 A425 CCC0 		.string	"\244%\314\300\352\025\250W\352?\342)\016\r\303-}\266}<M\221\350\036\311M\304\201\\\200g\3
 777      EA15 A857 
 777      EA3F E229 
 777      0E0D C32D 
 777      7DB6 7D3C 
 778 0116 0360 949D 		.ascii	"\003`\224\235,O&\033l\274Zb}\034\277\321\367\264\2165\322fM\210"
 778      2C4F 261B 
 778      6CBC 5A62 
 778      7D1C BFD1 
 778      F7B4 8E35 
 779 012e 6CCC 9EE6 		.ascii	"l\314\236\346*\fjP\325\025\260I\003Jr\nO\247\026\037\250|\213"
 779      2A0C 6A50 
 779      D515 B049 
 779      034A 720A 
 779      4FA7 161F 
 780 0145 4C1D 5FDA 		.ascii	"L\035_\332\263\362\224\252 \3260\262I'\273\206\256\365\227\361"
 780      B3F2 94AA 
 780      20D6 30B2 
 780      4927 BB86 
 780      AEF5 97F1 
 781 0159 D7E5 EDFE 		.ascii	"\327\345\355\376\225\245\207\006\274\205\037\201\303\b\2502`"
 781      95A5 8706 
 781      BC85 1F81 
 781      C308 A832 
 781      60
 782 016a 2095      		.ascii	" \225"
 783 016c 396F E26F 		.string	"9o\342o\310\200\251\376\366\353\253\310v9\240\n\243kP\341,%1\307?%\023\216A\025\f\341\224
 783      C880 A9FE 
 783      F6EB ABC8 
 783      7639 A00A 
 783      A36B 50E1 
 784 026d FFC1 85CE 		.string	"\377\301\205\316\003\351\342'\255\245\271\205\346\\\251\026\025\310\351Z,\022\205\261\332
 784      03E9 E227 
 784      ADA5 B985 
 784      E65C A916 
 784      15C8 E95A 
 785 02c5 FC82 63C9 		.string	"\374\202c\311\273,\315\302e\203\311\023\\\322F\351\267\233ME\nG\237\323(4\254\245\320*)l\
 785      BB2C CDC2 
 785      6583 C913 
 785      5CD2 46E9 
 785      B79B 4D45 
 786 0301 AE4A 1AAF 		.ascii	"\256J\032\257\227\320(\241\r\022\256\200[\034/m\267\210\244\002"
 786      97D0 28A1 
 786      0D12 AE80 
 786      5B1C 2F6D 
 786      B788 A402 
 787 0315 831B 25ED 		.ascii	"\203\033%\355\032\236\254x\265\030&t?8\233\263n\354\242\025d"
 787      1A9E AC78 
 787      B518 2674 
 787      3F38 9BB3 
 787      6EEC A215 
 788 032a 47BA 955D 		.ascii	"G\272\225]\031\354\311\300:H\213\362\277 \017\0331\352\223\314"
 788      19EC C9C0 
 788      3A48 8BF2 
 788      BF20 0F1B 
 788      31EA 93CC 
 789 033e FD06 2B75 		.ascii	"\375\006+u\214a\031\204M\363r\371:Q1\230\306V\365\265\036j\250"
 789      8C61 1984 
 789      4DF3 72F9 
 789      3A51 3198 
 789      C656 F5B5 
 790 0355 24D9 6AA8 		.ascii	"$\331j\250(lJ\327\004\327d \025\0233\371\275\3078\331%\332\201"
 790      286C 4AD7 
 790      04D7 6420 
 790      1513 33F9 
 790      BDC7 38D9 
 791 036c 52E5 CCE0 		.ascii	"R\345\314\340\251.\226\2163z\252\334\353\204\266\327\316\377"
 791      A92E 968E 
 791      337A AADC 
 791      EB84 B6D7 
 791      CEFF 
 792 037e DDEB ACDC 		.ascii	"\335\353\254\334\353\234\334\253\242\317\332\323\323\235T\364"
 792      EB9C DCAB 
 792      A2CF DAD3 
 792      D39D 54F4 
 793 038e 5953 F7AC 		.ascii	"YS\367\254\375\202`\3255\303\026\344\260\267\227\n\371\262\232"
 793      FD82 60D5 
 793      35C3 16E4 
 793      B0B7 970A 
 793      F9B2 9A
 794 03a1 EFC5 1E79 		.ascii	"\357\305\036y\013\277B\315j\r9sA\037\351\276\376\016\315C\374"
 794      0BBF 42CD 
 794      6A0D 3973 
 794      411F E9BE 
 794      FE0E CD43 
 795 03b6 F1EE BF38 		.ascii	"\361\356\2778\331\355\\%\236\027\211^\315\245\262\215\034\264"
 795      D9ED 5C25 
 795      9E17 895E 
 795      CDA5 B28D 
 795      1CB4 
 796 03c8 B72F 9E25 		.ascii	"\267/\236%\2672\032|\337\355\r\205}.o(\030\f\325\272<;\302\256"
 796      B732 1A7C 
 796      DFED 0D85 
 796      7D2E 6F28 
 796      180C D5BA 
 797 03e0 A83F E80B 		.ascii	"\250?\350\013;\275\f\242\317\352\246\363]\317\266\2555\325/o"
 797      3BBD 0CA2 
 797      CFEA A6F3 
 797      5DCF B6AD 
 797      35D5 2F6F 
 798 03f4 6346 B7FB 		.ascii	"cF\267\373\355\320k!\253\333\355\177\323\027\211b\246\311\033"
 798      EDD0 6B21 
 798      ABDB ED7F 
 798      D317 8962 
 798      A6C9 1B
 799 0407 F079 6AEB 		.ascii	"\360yj\353>\260D\302\276\355\356\210g\207\217\273\335\221-\256"
 799      3EB0 44C2 
 799      BEED EE88 
 799      6787 8FBB 
 799      DD91 2DAE 
 800 041b BA48 D815 		.ascii	"\272H\330\025\by=\001\327\253\276@\300\023\246\322/m\367z]5\316"
 800      0879 3D01 
 800      D7AB BE40 
 800      C013 A6D2 
 800      2F6D F77A 
 801 0432 CDCE 4D12 		.ascii	"\315\316M\022\310_\353\r\324m\365\271\352\242\376\200\313\023"
 801      C85F EB0D 
 801      D46D F5B9 
 801      EAA2 FE80 
 801      CB13 
 802 0444 0D05 FD5E 		.ascii	"\r\005\375^\347{L\365\006\374\314\024\364\005C\341\017\221\336"
 802      E77B 4CF5 
 802      06FC CC14 
 802      F405 43E1 
 802      0F91 DE
 803 0457 7F01 B230 		.ascii	"\177\001\2620\033\260"
 803      1BB0 
 804               		.text
 805               		.section	.gnu.lto_timer_read32.12104cb6a83494af,"e",@progbits
 806 0000 789C 8554 		.ascii	"x\234\205TmL\233U\024\276\347\275o?\0318\177\032\210\322%d\331"
 806      6D4C 9B55 
 806      14BE E7BD 
 806      6F3F 1938 
 806      7F1A 88D2 
 807 0017 12DB 65C4 		.ascii	"\022\333e\304\037\354\227\211\372\323?j\342\317\246v\335ll\251"
 807      1FEC 9789 
 807      FAD3 3F6A 
 807      E2CF A676 
 807      DD6C 6CA9 
 808 002b 2965 89BF 		.ascii	")e\211\277\270\355:\034\302*&\333\312\334j;p\312\002jf\314\f"
 808      B8ED 3A1C 
 808      C22A 26DB 
 808      CADC 6A3B 
 808      70CA 026A 
 809 0042 76B2 1628 		.ascii	"v\262\026(\016\366!+v\342>\312Gu3,\260\311\246Y\262\b\236s\337"
 809      0EF6 212B 
 809      76E2 3ECA 
 809      4775 332C 
 809      B0C9 A659 
 810 005b 978E 1A13 		.ascii	"\227\216\032\023\233\264\234s\3579\3479\3479\317\305\314\200"
 810      9BB4 9C73 
 810      EF39 E739 
 810      E739 CFC5 
 810      CC80 
 811 006d 598D 8C7D 		.ascii	"Y\215\214}\312\030{\026\277\300\031(B\210\027Ma\263\002 -a\006"
 811      CA18 7B16 
 811      BFC0 1928 
 811      4288 174D 
 811      61B3 0220 
 812 0084 D6A6 409B 		.ascii	"\326\246@\233\322\366!\217s(F\022\2176\305x\022#Ut\017O~3a%\027"
 812      D2F6 218F 
 812      7328 4612 
 812      8F36 C578 
 812      1223 5574 
 813 009f A01E DD33 		.ascii	"\240\036\3353\323\371\277-\333>\027\""
 813      D3F9 BF2D 
 813      DB3E 1722 
 814 00ab 2232 F11E 		.string	"\"2\361\036\323\307\261)\201w\n;\206\341i\250\205\357\240\226\321\007\316\3016\3060\341\3
 814      D3C7 B129 
 814      8177 0A3B 
 814      86E1 69A8 
 814      85EF A096 
 815 01ac 1791 D949 		.ascii	"\027\221\331Id\026.\303V<\266\375\316)+:\270x\266Z\357t\354u"
 815      6416 2EC3 
 815      563C B6FD 
 815      CE29 2B3A 
 815      B878 B65A 
 816 01c4 D125 9472 		.ascii	"\321%\224r\n\253H!\242\312\275FQ5b\256s\206\033\340\n5<\001F"
 816      0AAB 4821 
 816      A2CA BD46 
 816      5135 62AE 
 816      7386 1BE0 
 817 01dd 84D8 10A0 		.ascii	"\204\330\020\2402\370\021\227$\267\002Sh\341\037\332\340WyCF"
 817      32F8 1197 
 817      24B7 0253 
 817      68E1 1FDA 
 817      E057 7943 
 818 01f2 ACAE BD2F 		.ascii	"\254\256\275/2\313u'"
 818      32CB 7527 
 819 01fa FFAC 41D9 		.string	"\377\254A\331%\271\201\313+L\241\025\263N\316\250\272\n\"\303X\027W4g?:\267A\364\246c\006
 819      25B9 81CB 
 819      2B4C A115 
 819      B34E CEA8 
 819      BA0A 22C3 
 820 02fb D725 8D37 		.ascii	"\327%\2157+h\224\320Z\267%\334\342De\273e$d\032nU\264\253>Y\361"
 820      2B68 94D0 
 820      5AB7 25DC 
 820      E244 65BB 
 820      6524 641A 
 821 0316 7A31 4C18 		.ascii	"z1L\030xx\241`\335\336O+\310\214\017(\007R\330\223\312zI\206"
 821      7878 A160 
 821      DDDE 4F2B 
 821      C88C 0F28 
 821      0752 D893 
 822 032e F29F 4411 		.ascii	"\362\237D\021\266c\324\211\324\203v+u\214a)\204M\362*\371\316"
 822      B663 D489 
 822      D483 762B 
 822      758C 6129 
 822      844D F22A 
 823 0344 A818 CC62 		.ascii	"\250\030\314b\253\372Z\217\265\327\221b5T\3244\245k\202\3532"
 823      ABFA 5A8F 
 823      B5D7 9162 
 823      3554 D434 
 823      A56B 82EB 
 824 0359 9080 8999 		.ascii	"\220\200\211\231\342\007\2479\331\025\332\201J\345\314\341\251"
 824      E207 A739 
 824      D915 DA81 
 824      4AE5 CCE1 
 824      A9
 825 036a 2E96 DEF3 		.ascii	".\226\336\363z\252\334\353\224\266\327\276\377\335\353\274\334"
 825      7AAA DCEB 
 825      94B6 D7BE 
 825      FFDD EBBC 
 825      DC
 826 037b EB82 DCAB 		.ascii	"\353\202\334\253\242\317:88\320\241\350\263\306\357[\263\202"
 826      A2CF 3A38 
 826      38D0 A1E8 
 826      B3C6 EF5B 
 826      B382 
 827 038d 60F9 8661 		.ascii	"`\371\206aKr\330;+\245bU\323\267\342\240\274\205_\241i\275\206"
 827      4B72 D83B 
 827      2BA5 6255 
 827      D3B7 E2A0 
 827      BC85 5FA1 
 828 03a4 9CB9 A48F 		.ascii	"\234\271\244\217\364@\177C\313\020I\005\311\"\212\031\275<\320"
 828      F440 7F43 
 828      CB10 4905 
 828      C922 8A19 
 828      BD3C D0
 829 03b7 1E5B 2443 		.ascii	"\036[$Cn]\310\377\216\323\035\bz\034\356\200\337\037hv\270\366"
 829      6E5D C8FF 
 829      8ED3 1D08 
 829      7A1C EE80 
 829      DF1F 6876 
 830 03cd 051D 21AF 		.ascii	"\005\035!\257\337\023\264\273\031\204\236\326M\373[\256=\273"
 830      DF13 B4BB 
 830      1984 9ED6 
 830      4DFB 5BAE 
 830      3DBB 
 831 03df 9B1A 5FD8 		.ascii	"\233\032_\330\303\214N\347\033\201\227\003V\247\323\373\232\247"
 831      C38C 4EE7 
 831      1B81 9703 
 831      56A7 D3FB 
 831      9AA7 
 832 03f1 2584 9926 		.ascii	"%\204\231&\267\317\343jn}\327\322\022\364\354u\266\270\366y\270"
 832      B7CF E36A 
 832      6E7D D7D2 
 832      12F4 EC75 
 832      B6B8 F679 
 833 0406 D3D9 B2CB 		.ascii	"\323\331\262\313\321\332\022t\370\002n\227\317\361\222\307\347"
 833      D1DA 1274 
 833      F802 6E97 
 833      CFF1 92C7 
 833      E7
 834 0417 7305 A9F4 		.ascii	"s\005\251\364\363{\335nG\223}\247}\207\004\3626\273}\255\273"
 834      F37B DD6E 
 834      4793 7DA7 
 834      7D87 04F2 
 834      36BB 7DAD 
 835 042c 3D8E D690 		.ascii	"=\216\326\220\327\347p\205\002~\257\333\3766S\335>/3\371=\376"
 835      D7E7 7085 
 835      027E AFDB 
 835      FE36 53DD 
 835      3E2F 33F9 
 836 0442 40F0 3D64 		.ascii	"@\360=d\363\037\030\013\025T"
 836      F31F 180B 
 836      1554 
 837               		.text
 838               		.section	.gnu.lto_timer_elapsed.12104cb6a83494af,"e",@progbits
 839 0000 789C 8555 		.string	"x\234\205UmL\233U\024\276\347\275o?i\301\3754\020e\013\204l\211t\331\324\210\1774\231\211
 839      6D4C 9B55 
 839      14BE E7BD 
 839      6F3F 69C1 
 839      FD34 1065 
 840 0035 26DB 600E 		.string	"&\333`\016(\037\331\204\200\032\02733\231[\371\334`\240\fd\342>\312\227\260\205\005\234l.
 840      281F D984 
 840      801A 1733 
 840      3399 5BF9 
 840      DC60 A00C 
 841 0091 C89D 3003 		.string	"\310\2350\003+S\270j\2002\245\254\2167p\250\030\252\357\265\327\362(\307\220xl\233\236\b\
 841      2B53 B86A 
 841      8032 A5AC 
 841      8E37 70A8 
 841      18AA EFB5 
 842 00f2 4F41 A22D 		.string	"OA\242-g\003\030\\\201<F\230x\270y\303\246\221Q\361xr\364\333\021\253F&\033\217\317.\r\t3
 842      6703 185C 
 842      813C 4698 
 842      78B8 79C3 
 842      A691 51F1 
 843 0147 4678 7E83 		.string	"Fx~\203V\200A\354-yoNVU\330\371\0332\327g\341{\275\031z\256\341\2505\"b\241\354(WaHK\265?
 843      5680 41EC 
 843      2D79 6F4E 
 843      5655 D8F9 
 843      1B32 D767 
 844 019c 87EB A04A 		.string	"\207\353\240J\207\376\206\326q\023?(\035f\372\232\357ng\316\226\005\252p#)+\214\022\210\3
 844      87FE 86D6 
 844      7113 3F28 
 844      1D66 FA9A 
 844      EF6E 67CE 
 845 0236 148B 51C1 		.string	"\024\213Q\301\305\304iQq1\033h1\322b\")Y$\320\n$\24742\330h\26139rV\315\031qQA\304\030\25
 845      C5C4 6951 
 845      7131 1B68 
 845      31D2 6222 
 845      2959 24D0 
 846 030f B883 65C9 		.string	"\270\203e\311\273~\252\305\"\tVmp\3316\202\337\2573%Z8\362\242\326B{r\013m\262\205\315\23
 846      BB7E AAC5 
 846      2209 566D 
 846      70D9 3682 
 846      DFAF 3325 
 847 034b DC95 6D8C 		.ascii	"\334\225m\214\247\264Q\246\266\313t\2138\305\361T\272\211L*\276"
 847      A7B4 51A6 
 847      B6CB 748B 
 847      38C5 F154 
 847      BA89 4C2A 
 848 0360 6766 53E8 		.ascii	"gfS\350\332\237\217x;\030\002\272\237\\\237\266\356\351\244\021"
 848      DA9F 8F78 
 848      3B18 02BA 
 848      9F5C 9FB6 
 848      EEE9 A411 
 849 0374 C486 BB95 		.ascii	"\304\206\273\225c\255\310\311\300\332I\264\362\2451\007{\320"
 849      63AD C8C9 
 849      C0DA 49B4 
 849      F2A5 3107 
 849      7BD0 
 850 0386 ABA9 F571 		.ascii	"\253\251\365q\205\225\030\243[+\246\215\362t\371\334Q0\230G\252"
 850      8595 18A3 
 850      5B2B A68D 
 850      F274 F9DC 
 850      5130 9847 
 851 039b FA58 CF54 		.ascii	"\372X\317Td\221\276\265\254\370\004\020\\\023\\\215\201\344N"
 851      6491 BEB5 
 851      ACF8 0410 
 851      5C13 5C8D 
 851      81E4 4E
 852 03ae 9D89 9FE8 		.ascii	"\235\211\237\350\342\264O\321\016\244*g\001\255\272X\332\257"
 852      E2B4 4FD1 
 852      0EA4 2A67 
 852      01AD BA58 
 852      DAAF 
 853 03c0 EA50 39D7 		.ascii	"\352P9\327Im\256\235\377;\327E9\327\337\344\\\025\275\326\236"
 853      496D AE9D 
 853      FF3B D745 
 853      39D7 DFE4 
 853      5C15 BDD6 
 854 03d5 9EEE 2A45 		.ascii	"\236\356*E\257\265\341\221\265OPZ5\251\330%Y\354\375\365\305"
 854      AFB5 E191 
 854      B54F 505A 
 854      35A9 D825 
 854      59EC FDF5 
 855 03ea 785A C177 		.ascii	"xZ\301w\342\270\274\205e(\330\216!k^\322Kz\254?C+P~\272r\204"
 855      E2B8 BC85 
 855      6528 D88E 
 855      216B 5ED2 
 855      4B7A AC3F 
 856 0405 D3BE 992B 		.ascii	"\323\276\231+\332\300\347\317\257\274JS\300O\312\026\006\304"
 856      DAC0 E7CF 
 856      AFBC 4A53 
 856      C04F CA16 
 856      06C4 
 857 0417 9A56 20FC 		.ascii	"\232V \374w%hN\274\231[\331\022D\342\007\022 \371\206\306\347"
 857      7725 684E 
 857      BC99 5BD9 
 857      1244 E207 
 857      1220 F986 
 858 042d 9453 8715 		.ascii	"\224S\207\025zN!\031\241\322\3700QK\205n\260I\233Ub\324\004F"
 858      7A4E 2119 
 858      A1D2 F830 
 858      514B 856E 
 858      B049 9B55 
 859 0445 49C6 18FE 		.ascii	"I\306\030\376\215\321lV\2625m\333\322\320\234\304W\221|\037\310"
 859      8DD1 6C56 
 859      B235 6DDB 
 859      D2D0 9CC4 
 859      5791 7C1F 
 860 045a 2F49 0D37 		.ascii	"/I\r7$^\032\352\032)F\"\360\303\314\236\202\t)\020ojv5\007\315"
 860      245E 1AEA 
 860      1A29 4622 
 860      F0C3 CC9E 
 860      8209 2910 
 861 0474 311C A322 		.ascii	"1\034\243\"\262\202\276\217\235n\177\300\343p\373}>\177\261\303"
 861      B282 BE8F 
 861      9D6E 7FC0 
 861      E370 FB7D 
 861      3E7F B1C3 
 862 0488 7534 E008 		.ascii	"u4\340\b\026\371<\201|7S\275\256\222\340\016\375\224\377\241"
 862      16F9 3C81 
 862      7C37 53BD 
 862      AE92 E00E 
 862      FD94 FFA1 
 863 049c EBC8 E182 		.ascii	"\353\310\341\202\375\257\035a\0204:\235\207\374\357\370\255N"
 863      FDAF 1D61 
 863      1034 3A9D 
 863      87FC EFF8 
 863      AD4E 
 864 04ae 67D1 414F 		.ascii	"g\321AOI\020\341&\267\327\343*.\375\304R\022\360\024:K\\G=\334"
 864      4910 E126 
 864      B7D7 E32A 
 864      2EFD C452 
 864      12F0 143A 
 865 04c7 E92C 79D3 		.ascii	"\351,y\323QZ\022px\375n\227\327q\300\343\365\272\002\024\377"
 865      515A 1270 
 865      78FD 6E97 
 865      D771 C0E3 
 865      F5BA 0214 
 866 04dc 9542 B7DB 		.ascii	"\225B\267\333Q\220\277/\177\257\314VT\354\366\226\036\3668J\203"
 866      5190 BF2F 
 866      7FAF CC56 
 866      54EC F696 
 866      1EF6 384A 
 867 04f1 455E 872B 		.ascii	"E^\207+\350\367\025\271\363?b\252\333[\304L>\217\317\037\370"
 867      E8F7 15B9 
 867      F33F 62AA 
 867      DB5B C44C 
 867      3E8F CF1F 
 868 0506 1435 F40F 		.ascii	"\0245\364\017\354\006\177\017"
 868      EC06 7F0F 
 869               		.text
 870               		.section	.gnu.lto_timer_elapsed32.12104cb6a83494af,"e",@progbits
 871 0000 789C 8554 		.string	"x\234\205TmL[e\024~\317}\357\355\027\3404\331\037\003\211l\201\340\226H\227-\032\361\217&
 871      6D4C 5B65 
 871      147E CF7D 
 871      EFED 17E0 
 871      34D9 1F03 
 872 0094 AB50 B8AA 		.ascii	"\253P\270\252A\205R\3611o\344\220\f7?\314\256\3431\316@\305c"
 872      4185 52F1 
 872      316F E490 
 872      0C37 3FCC 
 872      AEE3 31CE 
 873 00ab C3E8 7723 		.ascii	"\303\350w#6:\002\344\343\361\334\324\344c\353\236/\205\b\213"
 873      363A 02E4 
 873      E3F1 DCD4 
 873      E463 EB9E 
 873      2F85 088B 
 874 00bf 4463 D4F6 		.ascii	"Dc\324\366Y\335\204\300;\205\235Fx7\344\302\217\220\313\350\003"
 874      59DD 84C0 
 874      3B85 9D46 
 874      7837 E4C2 
 874      8F90 CBE8 
 875 00d4 3DB0 07E1 		.ascii	"=\260\007\341\241\246\251E\205?\007\f\355\205\232\223\335\274"
 875      A1A6 A945 
 875      853F 070C 
 875      ED85 9A93 
 875      DDBC 
 876 00e6 E8AC 0C9D 		.ascii	"\350\254\f\235\r\212l\f\203\237\200gD\242\257\340{`\320\013E"
 876      0D8A 6C0C 
 876      839F 8067 
 876      44A2 AFE0 
 876      7B60 D00B 
 877 00fb 8C62 1E5D 		.ascii	"\214b\036]\030\022\026\376\222\214\377b\364B\217\251\260M\306"
 877      1812 16FE 
 877      928C FF62 
 877      F442 8FA9 
 877      B04D C6
 878 010e 3F68 CFFB 		.ascii	"?h\317\373K\210\250P)\311\305\177%a\254\240O\257xn\363T\216I"
 878      4B88 A850 
 878      29C9 C57F 
 878      2561 ACA0 
 878      4FAF 786E 
 879 0126 8504 1452 		.ascii	"\205\004\024R\203\324V\037\230\340\311\rz\001\372\221=BoNVW\345"
 879      83D4 561F 
 879      98E0 C90D 
 879      7A01 FA91 
 879      3D42 6F4E 
 880 013d F097 65E4 		.ascii	"\360\227e\344'\341\233\335;\214Z\303\035\266\210H\204\362c\234"
 880      27E1 9BDD 
 880      3B8C 5AC3 
 880      1DB6 8848 
 880      84F2 639C 
 881 0151 C380 5EEA 		.ascii	"\303\200^\352@.\354\323\013\315Hx\254q\375\276\312_\225\366\330"
 881      402E ECD3 
 881      0BCD 4878 
 881      AC71 FDBE 
 881      CA5F 95F6 
 882 0166 C689 ADA7 		.ascii	"\306\211\255\247T\005k\r\001\227\211\217\017\336\350\313\342"
 882      5405 6B0D 
 882      0197 898F 
 882      0FDE E8CB 
 882      E2
 883 0177 6FC9 DB86 		.ascii	"o\311\333\206\255\215\207\032\336\302%\3400\f\252\004\3647\306"
 883      AD8D 871A 
 883      DEC2 25E0 
 883      300C AA04 
 883      F437 C6
 884 018a AF98 F941 		.ascii	"\257\230\371A\t\230\351k\236MU\316\227\003r\030\331V\025.S\020"
 884      0998 E96B 
 884      9E4D 55CE 
 884      9703 7218 
 884      D956 152E 
 885 01a0 2B18 CF98 		.ascii	"+\030\317\230p\024\na\020\247\244\371X\301\230\274\253\032\252"
 885      7014 0A61 
 885      10A7 A4F9 
 885      58C1 98BC 
 885      AB1A AA
 886 01b3 EFCE D117 		.ascii	"\357\316\321\027\251\340\261ez\"\f\372\"\237\306\343\235\241"
 886      A9E0 B165 
 886      7A22 0CFA 
 886      229F C6E3 
 886      9DA1 
 887 01c5 4735 0A7F 		.ascii	"G5\n\177W\"\357\306\347W\255\306f.5\355\217^;%\204)\306U\370"
 887      5722 EFC6 
 887      E757 ADC6 
 887      662E 35ED 
 887      8F5E 3B25 
 888 01de 990A 035C 		.ascii	"\231\n\003\\Af\307\221Y\370\005\212\320]\360\007\247\250H\327"
 888      4166 C791 
 888      59F8 058A 
 888      D05D F007 
 888      A7A8 48D7 
 889 01f2 EAF9 1CA3 		.ascii	"\352\371\034\243\323\301\267E\255P\322!,#\204\210J\367\032A\331"
 889      D3C1 B745 
 889      AD50 D221 
 889      2C23 8488 
 889      4AF7 1A41 
 890 0207 89B9 9AA8 		.ascii	"\211\271\232\250\246\301\0045<\006&,\261\r\2402\270\212K\222"
 890      A6C1 0435 
 890      3C06 262C 
 890      B10D A032 
 890      B88A 4B92 
 891 021b 5B81 49B4 		.ascii	"[\201I\264\360\2076\370\315\244\226\020\233[\037\211\304\372"
 891      F087 36F8 
 891      CDA4 9610 
 891      9B5B 1F89 
 891      C4FA 
 892 022d F32D 7FEF 		.ascii	"\363-\177\357\314\001\024\213\246\340\303\304I6\232\004"
 892      CC01 148B 
 892      A6E0 C3C4 
 892      4936 9A04 
 893 023d 9980 A463 		.string	"\231\200\244c&\207\205\036V&\227\317j8\243\272*\210\004c\265\\\321\017\225xX\006\321\332\
 893      2687 851E 
 893      5626 97CF 
 893      6A38 A3BA 
 893      2A88 0463 
 894 033e CC4A 1A93 		.string	"\314J\032\223\0314\312\322VYn\261!U:\335n\272\0222\r\2672\332\265>Yq*\031\006t\336\277<m\
 894      1934 CAD2 
 894      5659 6EB1 
 894      2155 3ADD 
 894      6EBA 1232 
 895 043d C7A2 94D3 		.ascii	"\307\242\224\323\214\304\324p\320\201\341\004u\231\027\364\035"
 895      8CC4 D470 
 895      D081 E104 
 895      7599 17F4 
 895      1D
 896 044e 75B8 FC01 		.ascii	"u\270\374\001\267\335\345\367\371\374\245v\347\261\200=\350\361"
 896      B7DD E5F7 
 896      F9FC A576 
 896      E7B1 803D 
 896      E8F1 
 897 0460 B903 C52E 		.ascii	"\271\003\305.\246z\235e\301g\214S\361{\316\303\207J\016\274x"
 897      A67A 9D65 
 897      C167 8C53 
 897      F17B CEC3 
 897      874A 0EBC 
 898 0475 9841 D0E4 		.ascii	"\230A\320\344p\274\343\177\303os8<\007\335eA\f7\273\274ngi\371"
 898      70BC E37F 
 898      C36F 7338 
 898      3C07 DD65 
 898      410C 37BB 
 899 048e 07D6 B280 		.ascii	"\007\326\262\200\373\210\243\314y\314\315\035\216\262W\354\345"
 899      FB88 A3CC 
 899      79CC CD1D 
 899      8EB2 57EC 
 899      E5
 900 049f 6501 BBD7 		.ascii	"e\001\273\327\357rz\355\257\273\275^g\200\362\277p\304\345\262"
 900      EF72 7AED 
 900      AFBB BD5E 
 900      6780 F2BF 
 900      70C4 E5B2 
 901 04b3 9714 EF2F 		.ascii	"\227\024\357/\336'\253yJ]\336\362Cn{y\320\343\265;\203~\237\307"
 901      DE27 AB79 
 901      4A5D DEF2 
 901      436E 7B79 
 901      D0E3 B53B 
 902 04cb 55FC 3E53 		.ascii	"U\374>S]^\0173\373\334>\177\340C\334\367?W\030c]"
 902      5D5E 0F33 
 902      FBDC 3E7F 
 902      E043 DCF7 
 902      3F57 1863 
 903               		.text
 904               		.section	.gnu.lto___vector_21.12104cb6a83494af,"e",@progbits
 905 0000 789C 8D90 		.ascii	"x\234\215\220=K\003A\020\206\347\335\311\307E\260\027\374\250"
 905      3D4B 0341 
 905      1086 E7DD 
 905      C9C7 45B0 
 905      17FC A8
 906 0013 8D85 F717 		.string	"\215\205\367\027\374'\022\216\024\"g \004\333\354%\321`\"\321&\006\301xb\bj\243\330\b~\34
 906      FC27 128E 
 906      1422 6720 
 906      04DB EC25 
 906      D160 22D1 
 907 0114 127C 5695 		.ascii	"\022|V\2251z0\321T\316^^\2642\331\264iel;\263b\246V\263fn\311"
 907      317A 30D1 
 907      54CE 5E5E 
 907      B432 D9B4 
 907      6965 6C3B 
 908 0130 4E67 E72D 		.ascii	"Ng\347-\372\005\356\336y\351"
 908      FA05 EEDE 
 908      79E9 
 909               		.text
 910               		.section	.gnu.lto_.symbol_nodes.12104cb6a83494af,"e",@progbits
 911 0000 789C E360 		.string	"x\234\343``d8\300"
 911      6064 38C0 
 911      00
 912 0009 044C 6CF5 		.string	"\004Ll\365\f\r@\300\3028\341\034\003C=\003\303\256\006G\240\034H\206\275\236\021\273\f++C
 912      0C0D 40C0 
 912      C238 E11C 
 912      0343 3D03 
 912      C3AE 0647 
 913 004b 00        		.string	""
 914 004c ACDA 2AE9 		.ascii	"\254\332*\351"
 915               		.text
 916               		.section	.gnu.lto_.refs.12104cb6a83494af,"e",@progbits
 917 0000 789C 15C4 		.string	"x\234\025\304\271\021"
 917      B911 00
 918 0007 2000      		.string	" "
 919 0009 C330 3BBC 		.string	"\3030;\274\005\307\020\354?$\240B\0239\200\232e!\333\372k\277\376\312 1\225\013\017?"
 919      05C7 10EC 
 919      3F24 A042 
 919      1339 809A 
 919      6521 DBFA 
 920 0028 A7        		.ascii	"\247"
 921               		.text
 922               		.section	.gnu.lto_.decls.12104cb6a83494af,"e",@progbits
 923 0000 789C 9556 		.ascii	"x\234\225VmLSg\024\276\347\336\322\322\002\342\210\231[ \213"
 923      6D4C 5367 
 923      14BE E7DE 
 923      D2D2 02E2 
 923      8899 5B20 
 924 0015 2133 F867 		.ascii	"!3\370gT![d?\226e\376\330\217%\373\261\304"
 924      5421 5B64 
 924      3F96 65FE 
 924      D88F 25FB 
 924      B1C4 
 925 0027 2DFE 6A6A 		.string	"-\376jj\251\322\254\200)\255\331~y\005\005\206\021\301\017\240n\213 n~M\247Q\007\n\305\34
 925      A9D2 AC80 
 925      29AD D97E 
 925      7905 0586 
 925      11C1 0FA0 
 926 0128 5B20 FB7F 		.string	"[ \373\177\2657\357U\t<}\276\321{\313\013\372#\"\273\"\277\340\240\036\004\n\224\024E\366
 926      B537 EF55 
 926      093C 7DBE 
 926      D17B CB0B 
 926      FA23 22BB 
 927 01ab 15BA 3BAF 		.string	"\025\272;\257\234l\3261\001\213\320\375{k\315\240\206\t\030\026E-\n\270\204d\027\t\331\00
 927      9C6C D631 
 927      018B D0FD 
 927      7B6B CDA0 
 927      8609 1816 
 928 01e6 801A F381 		.ascii	"\200\032\363\201\272x\347\331MZ\002)\214\223\237\203ql\207\227"
 928      BA78 E7D9 
 928      4D5A 0229 
 928      8C93 9F83 
 928      716C 8797 
 929 01fa 5159 0E48 		.ascii	"QY\016H\360h\001\371b\360rH\b\224x|\230*\t\203\354\361\344C\001"
 929      F068 01F9 
 929      62F0 7248 
 929      0894 787C 
 929      982A 0983 
 930 0213 0172 AA8C 		.ascii	"\001r\252\214\020\266\031B\016\336\202\252\344\322\261#y~\337"
 930      10B6 1942 
 930      0EDE 82AA 
 930      E4D2 B123 
 930      797E DF
 931 0226 9846 F886 		.ascii	"\230F\370\2066\274\327\331\357\343\027\356\"G\303-\212\363\001"
 931      36BC D7D9 
 931      EFE3 17EE 
 931      2247 C32D 
 931      8AF3 01
 932 0239 32DE 87D4 		.ascii	"2\336\207\324xX\032\217\tW`!\007\016\025K\332^\177\314\023\223"
 932      7858 1A8F 
 932      0957 6021 
 932      070E 154B 
 932      DA5E 7FCC 
 933 024f 5829 FA7C 		.ascii	"X)\372|\242{l\367\222\256\"Q\314\303$\025\211\202f\354>\266\236"
 933      A27B 6CF7 
 933      92AE 2251 
 933      CCC3 2415 
 933      8982 66EC 
 934 0266 7235 93D3 		.ascii	"r5\223\323\005\227\341\021$\271\005\016Z \021\263\013\267\355"
 934      0597 E111 
 934      24B9 050E 
 934      5A20 11B3 
 934      0BB7 ED
 935 0279 7F16 23E4 		.ascii	"\177\026#\344P\312\373\375\275g\"$\244s\037n\026\335\033E\261"
 935      50CA FBFD 
 935      BD67 2224 
 935      A473 1F6E 
 935      16DD 1B45 
 936 028e 92A7 3857 		.ascii	"\222\2478W\0258WC8\345\210\323Jq\366un\317\327\n\033(\316\330"
 936      1538 5743 
 936      38E5 88D3 
 936      4A71 F675 
 936      6ECF D70A 
 937 02a6 6FC5 3BE6 		.ascii	"o\305;\346)\245\343\201\013j\277\256\324>\365\374E\227Jb\364"
 937      29A5 E381 
 937      0B6A BFAE 
 937      D43E F5FC 
 937      4597 4A62 
 938 02bb EF5E E011 		.ascii	"\357^\340\021\305\nL\372\230\004\3015\005\345\265\020\245\217"
 938      C50A 4CFA 
 938      9804 C135 
 938      05E5 B510 
 938      A58F 
 939 02cd E7A0 8D52 		.ascii	"\347\240\215R\026m?\271\215\027\212\200rVzG\"\225\224M\n\312"
 939      166D 3FB9 
 939      8D17 8A80 
 939      7256 7A47 
 939      2295 944D 
 940 02e3 1B4A CAE9 		.ascii	"\033J\312\351\216\251j\271\310\307\t\301\"1\006<\nFO\210\361"
 940      8EA9 6AB9 
 940      C8C7 09C1 
 940      2231 063C 
 940      0A46 4F88 
 941 02f8 2032 B653 		.ascii	" 2\266S\306\232\202\263\003j\241\2341>}\321\345U\251\360\200"
 941      C69A 82B3 
 941      036A A19C 
 941      313E 7DD1 
 941      E555 A9F0 
 942 030d D0F2 101E 		.ascii	"\320\362\020\036\327\232\033]\256\230\231*\277Ed\334\004I\207"
 942      D79A 1B5D 
 942      AE98 992A 
 942      BF45 64DC 
 942      0449 87
 943 0320 D79D BB4B 		.ascii	"\327\235\273K#\353\370(\250\003\203\240C\241\243#\244\303\217"
 943      23EB F828 
 943      A803 83A0 
 943      43A1 A323 
 943      A4C3 8F
 944 0333 67E7 36D5 		.ascii	"g\3476\325Q\326[\177\\+\374\301t\\\2368b\2412\232\2022\352J\032"
 944      51D6 5B7F 
 944      5C2B FCC1 
 944      745C 9E38 
 944      62A1 329A 
 945 034c 4EAB 67EA 		.ascii	"N\253g\352\306=\"\343\256,\343\314\336\335\217\203\355X\022\224"
 945      C63D 22E3 
 945      AE2C E3CC 
 945      DEDD 8F83 
 945      ED58 1294 
 946 0360 8141 7047 		.ascii	"\201ApG!\343NHF5\312\360R\031\256\306\033]\032\341\024\223Qv"
 946      21E3 4E48 
 946      4635 CAF0 
 946      5219 AEC6 
 946      1B5D 1AE1 
 947 0378 B4EE 5894 		.ascii	"\264\356X\224\320\310\234\322'W\007\"P\024<\240\023\215\f\276"
 947      D0C8 9CD2 
 947      2757 0722 
 947      5014 3CA0 
 947      138D 0CBE 
 948 038c 73CE 2B51 		.ascii	"s\316+Q\302e\266\3359<\360\003\331\355\304]x\bT\363\226\343\207"
 948      C265 B6DD 
 948      393C F003 
 948      D9ED C45D 
 948      7808 54F3 
 949 03a3 5DBC D0CA 		.ascii	"]\274\320\312\002:*\312j\201D<\"\021>\026\361\300\357\354\320"
 949      023A 2ACA 
 949      6A81 443C 
 949      2211 3E16 
 949      F1C0 EFEC 
 950 03b8 0A3E 1671 		.ascii	"\n>\026qbKI\213\226D<!\021\217YD\321\245\361Cj\251\230\301C\374"
 950      624B 498B 
 950      9644 3C21 
 950      118F 5944 
 950      D1A5 F143 
 951 03d2 66B1 7123 		.ascii	"f\261q#6\200\235\340\373r5\320\205\301\304\225\013rbA\335\264"
 951      3680 9DE0 
 951      FB72 35D0 
 951      85C1 C495 
 951      0B72 6241 
 952 03e8 A091 D385 		.ascii	"\240\221\323\205\276(\241\2171\024W\354\254\211$3-o.3\215\314"
 952      BE28 A18F 
 952      3114 57EC 
 952      AC89 2433 
 952      2D6F 2E33 
 953 03fe F3B2 AD5B 		.ascii	"\363\262\255[\346-\256\026\273\316\343a>\021Q\200\275TA\017v"
 953      E62D AE16 
 953      BBCE E361 
 953      3E11 5180 
 953      BD54 410F 
 954 0413 DECF A883 		.ascii	"\336\317\250\203\371\034Y\341\222J\221\367),\306L\267o\353\270"
 954      F91C 59E1 
 954      924A 91F7 
 954      292C C64C 
 954      B76F EBB8 
 955 0427 80D3 3401 		.ascii	"\200\3234\001G1(\346p\2024\207\367\034\270\020#\274d\262\002"
 955      4731 28E6 
 955      7082 3487 
 955      F71C B810 
 955      23BC 64B2 
 956 043c 83BB AAB4 		.ascii	"\203\273\252\264l\324\272+E\001e\261/\026\236\001M D}H\324K\204"
 956      6CD4 BA2B 
 956      4501 65B1 
 956      2F16 9E01 
 956      4D20 447D 
 957 0454 F6D3 417B 		.ascii	"\366\323A{\364\316\275\347jV\311\254)\030\376\272\257\363dTt"
 957      F4CE BDE7 
 957      6A56 C9AC 
 957      2918 FEBA 
 957      AFF3 6454 
 958 0469 51F0 6D02 		.ascii	"Q\360m\002\003X\203\374B\341`\020\310\377\nr#\307\247\247xL-"
 958      0358 83FC 
 958      42E1 6010 
 958      C8FF 0A72 
 958      23C7 A7A7 
 959 0480 ABD9 342B 		.ascii	"\253\3314+\364T\355\321\316X%\364P\030\3640\203\036\246\3205"
 959      F454 EDD1 
 959      CE58 25F4 
 959      5018 F430 
 959      831E A6D0 
 960 0495 D79D E56A 		.ascii	"\327\235\345j\366\306Q\223\257cd\310E\337q\242\224\032\247\314"
 960      F6C6 5193 
 960      AF63 64C8 
 960      45DF 71A2 
 960      941A A7CC 
 961 04a9 1C01 1D07 		.ascii	"\034\001\035\007\372xx\316x|\316}eR\256\006]\317\216{\235Z\366"
 961      FA78 78CE 
 961      787C CE7D 
 961      6552 AE06 
 961      5DCF 8E7B 
 962 04c0 B65A 8EEE 		.ascii	"\266Z\216\356\315W\256\211ha\232\366Sp=\350\231\236\007\272x"
 962      CD57 AE89 
 962      6861 9AF6 
 962      5370 3DE8 
 962      999E 07BA 
 963 04d5 402C 784B 		.ascii	"@,xK[_`!/\t\372\030\006\274Bx\247\030I\027\234\"F\017o\240\317"
 963      5B5F 6021 
 963      2F09 FA18 
 963      06BC 4278 
 963      A718 4917 
 964 04f0 08FA 8BAB 		.ascii	"\b\372\213\253\275U\023WB\364\341\307\227@\326a\024s\376\245"
 964      BD55 1357 
 964      42F4 E1C7 
 964      9740 D661 
 964      1473 FEA5 
 965 0504 02C7 218E 		.ascii	"\002\307!\216\251d\317\230p\370\264{T\247\354EOX/&X/&h/j\257"
 965      A964 CF98 
 965      70F8 B47B 
 965      54A7 EC45 
 965      4F58 2F26 
 966 051f 9FB8 CB2B 		.ascii	"\237\270\313+c\373\303b'Y\354$\215\335S>8\252\022\362\330\177"
 966      63FB C362 
 966      2759 EC24 
 966      8DDD 533E 
 966      38AA 12F2 
 967 0535 8CD1 925C 		.ascii	"\214\321\222\\QG\247\0036U\232\016\007\n\n\367\353fx\263L\223"
 967      5147 A703 
 967      3655 9A0E 
 967      070A 0AF7 
 967      EB66 78B3 
 968 054b E1F0 5A1E 		.ascii	"\341\360Z\036\016\325\265\335c\344\367\344&\257\226\346\224\212"
 968      0ED5 B5DD 
 968      63E4 F7E4 
 968      26AF 96E6 
 968      948A 
 969 055d E19D A298 		.ascii	"\341\235\242\230/\212\233@E\002a*8 \360\330&\022W\376Iy\005\272"
 969      2F8A 9B40 
 969      4502 612A 
 969      3820 F0D8 
 969      2612 57FE 
 970 0575 8410 47EA 		.ascii	"\204\020G\352Z[Ahfj\372\232\374\335aS\272_1\2276\362\212)\355"
 970      5A5B 4168 
 970      666A FA9A 
 970      FCDD 6153 
 970      BA5F 3197 
 971 058e A9F6 15C8 		.ascii	"\251\366\025\310\314\227\376\321\260\271T\305\223 \020\371 m"
 971      CC97 FED1 
 971      B0B9 54C5 
 971      9320 10F9 
 971      206D 
 972 05a0 2E9F 485C 		.ascii	".\237H\\\231vR\240K\\\274=\363G\203)\333f\326\233\26233\263\263"
 972      9976 52A0 
 972      4B5C BC3D 
 972      F347 8329 
 972      DB66 D69B 
 973 05b9 F4C6 F536 		.ascii	"\364\306\3656\275\335\222i\266%\233\"\277\376v\345\242\025ii"
 973      BDDD 9269 
 973      B625 9B22 
 973      BFFE 76E5 
 973      A215 6969 
 974 05cd DC7B D242 		.ascii	"\334{\322B\362j\343\232\364\264\324O\327p\221\016K\226}\331g"
 974      F26A E39A 
 974      F4B4 D44F 
 974      D770 910E 
 974      4B96 7DD9 
 975 05e2 063B 7D48 		.ascii	"\006;}HM1\330u4\306`\311\262\330\023\376\007\223\213bq&\253\331"
 975      4D31 D875 
 975      34C6 60C9 
 975      B2D8 13FE 
 975      0793 8B62 
 976 05fa 6893 726C 		.ascii	"h\223rlfczt\35015%\2069f\253q]\2169=6\314KM\2112\030\326\233"
 976      6663 7A74 
 976      E831 3525 
 976      8639 66AB 
 976      715D 8E39 
 977 0618 4DF6 6C9B 		.ascii	"M\366l\233!e\231:\307\2626\313hU9p'\316\374\223\335lC\317\372"
 977      2165 993A 
 977      C7B2 36CB 
 977      6855 3970 
 977      27CE FC93 
 978 0631 B361 BD25 		.ascii	"\263a\275%\307\262\332j\326\2428\263\315\346Xg\227i\263\035Y"
 978      C7B2 DA6A 
 978      D6A2 38B3 
 978      CDE6 5867 
 978      9769 B31D 
 979 0646 760D D1BC 		.ascii	"v\r\321\274\334`W\2312P\203\301`\371\316\234\203p\346\317\365"
 979      DC60 5799 
 979      3250 83C1 
 979      60F9 CE9C 
 979      8370 E6CF 
 980 065b 8E1C 9BDE 		.ascii	"\216\034\233\336\232m2Z\365+\314V\253\321F\224\177\262\326d\322"
 980      9A6D 325A 
 980      F52B CC56 
 980      ABD1 4694 
 980      7FB2 D664 
 981 0670 A725 A724 		.ascii	"\247%\247$/\245uX\262LVG\272Y\357\260[\254z\243=;\323bJ\316\340"
 981      2FA5 7558 
 981      B24C 5647 
 981      BA59 EFB0 
 981      5BAC 7AA3 
 982 068b A211 6585 		.ascii	"\242\021e\205\025\201\354\337\033\255\377\001U\352\201\212"
 982      1581 ECDF 
 982      1BAD FF01 
 982      55EA 818A 
 983               		.text
 984               		.section	.gnu.lto_.symtab.12104cb6a83494af,"e",@progbits
 985 0000 7469 6D65 		.string	"timer_init"
 985      725F 696E 
 985      6974 00
 986 000b 00        		.string	""
 987 000c 00        		.string	""
 988 000d 00        		.string	""
 989 000e 00        		.string	""
 990 000f 00        		.string	""
 991 0010 00        		.string	""
 992 0011 00        		.string	""
 993 0012 00        		.string	""
 994 0013 00        		.string	""
 995 0014 00        		.string	""
 996 0015 00        		.string	""
 997 0016 CB00      		.string	"\313"
 998 0018 00        		.string	""
 999 0019 00        		.string	""
 1000 001a 7469 6D65 		.string	"timer_clear"
 1000      725F 636C 
 1000      6561 7200 
 1001 0026 00        		.string	""
 1002 0027 00        		.string	""
 1003 0028 00        		.string	""
 1004 0029 00        		.string	""
 1005 002a 00        		.string	""
 1006 002b 00        		.string	""
 1007 002c 00        		.string	""
 1008 002d 00        		.string	""
 1009 002e 00        		.string	""
 1010 002f 00        		.string	""
 1011 0030 00        		.string	""
 1012 0031 CD00      		.string	"\315"
 1013 0033 00        		.string	""
 1014 0034 00        		.string	""
 1015 0035 7469 6D65 		.string	"timer_count"
 1015      725F 636F 
 1015      756E 7400 
 1016 0041 00        		.string	""
 1017 0042 04        		.ascii	"\004"
 1018 0043 00        		.string	""
 1019 0044 0400      		.string	"\004"
 1020 0046 00        		.string	""
 1021 0047 00        		.string	""
 1022 0048 00        		.string	""
 1023 0049 00        		.string	""
 1024 004a 00        		.string	""
 1025 004b 00        		.string	""
 1026 004c E800      		.string	"\350"
 1027 004e 00        		.string	""
 1028 004f 00        		.string	""
 1029 0050 7469 6D65 		.string	"timer_read"
 1029      725F 7265 
 1029      6164 00
 1030 005b 00        		.string	""
 1031 005c 00        		.string	""
 1032 005d 00        		.string	""
 1033 005e 00        		.string	""
 1034 005f 00        		.string	""
 1035 0060 00        		.string	""
 1036 0061 00        		.string	""
 1037 0062 00        		.string	""
 1038 0063 00        		.string	""
 1039 0064 00        		.string	""
 1040 0065 00        		.string	""
 1041 0066 D000      		.string	"\320"
 1042 0068 00        		.string	""
 1043 0069 00        		.string	""
 1044 006a 7469 6D65 		.string	"timer_read32"
 1044      725F 7265 
 1044      6164 3332 
 1044      00
 1045 0077 00        		.string	""
 1046 0078 00        		.string	""
 1047 0079 00        		.string	""
 1048 007a 00        		.string	""
 1049 007b 00        		.string	""
 1050 007c 00        		.string	""
 1051 007d 00        		.string	""
 1052 007e 00        		.string	""
 1053 007f 00        		.string	""
 1054 0080 00        		.string	""
 1055 0081 00        		.string	""
 1056 0082 D300      		.string	"\323"
 1057 0084 00        		.string	""
 1058 0085 00        		.string	""
 1059 0086 7469 6D65 		.string	"timer_elapsed"
 1059      725F 656C 
 1059      6170 7365 
 1059      6400 
 1060 0094 00        		.string	""
 1061 0095 00        		.string	""
 1062 0096 00        		.string	""
 1063 0097 00        		.string	""
 1064 0098 00        		.string	""
 1065 0099 00        		.string	""
 1066 009a 00        		.string	""
 1067 009b 00        		.string	""
 1068 009c 00        		.string	""
 1069 009d 00        		.string	""
 1070 009e 00        		.string	""
 1071 009f D700      		.string	"\327"
 1072 00a1 00        		.string	""
 1073 00a2 00        		.string	""
 1074 00a3 7469 6D65 		.string	"timer_elapsed32"
 1074      725F 656C 
 1074      6170 7365 
 1074      6433 3200 
 1075 00b3 00        		.string	""
 1076 00b4 00        		.string	""
 1077 00b5 00        		.string	""
 1078 00b6 00        		.string	""
 1079 00b7 00        		.string	""
 1080 00b8 00        		.string	""
 1081 00b9 00        		.string	""
 1082 00ba 00        		.string	""
 1083 00bb 00        		.string	""
 1084 00bc 00        		.string	""
 1085 00bd 00        		.string	""
 1086 00be DB00      		.string	"\333"
 1087 00c0 00        		.string	""
 1088 00c1 00        		.string	""
 1089 00c2 5F5F 7665 		.string	"__vector_21"
 1089      6374 6F72 
 1089      5F32 3100 
 1090 00ce 00        		.string	""
 1091 00cf 00        		.string	""
 1092 00d0 00        		.string	""
 1093 00d1 00        		.string	""
 1094 00d2 00        		.string	""
 1095 00d3 00        		.string	""
 1096 00d4 00        		.string	""
 1097 00d5 00        		.string	""
 1098 00d6 00        		.string	""
 1099 00d7 00        		.string	""
 1100 00d8 00        		.string	""
 1101 00d9 E500      		.string	"\345"
 1102 00db 00        		.string	""
 1103 00dc 00        		.string	""
 1104               		.text
 1105               		.section	.gnu.lto_.opts,"e",@progbits
 1106 0000 272D 666E 		.string	"'-fno-openmp' '-fno-openacc' '-fno-pie' '-mn-flash=1' '-mno-skip-bug' '-mmcu=avr5' '-Os' 
 1106      6F2D 6F70 
 1106      656E 6D70 
 1106      2720 272D 
 1106      666E 6F2D 
 1107               		.text
 1108               		.comm	__gnu_lto_v1,1,1
 1109               		.comm	__gnu_lto_slim,1,1
 1110               		.ident	"GCC: (GNU) 9.2.0"
DEFINED SYMBOLS
                            *ABS*:0000000000000000 timer.c
/var/folders/xx/3qcqnrxj7md526g3lvyld9680000gn/T//ccLUYALK.s:2      *ABS*:000000000000003e __SP_H__
/var/folders/xx/3qcqnrxj7md526g3lvyld9680000gn/T//ccLUYALK.s:3      *ABS*:000000000000003d __SP_L__
/var/folders/xx/3qcqnrxj7md526g3lvyld9680000gn/T//ccLUYALK.s:4      *ABS*:000000000000003f __SREG__
/var/folders/xx/3qcqnrxj7md526g3lvyld9680000gn/T//ccLUYALK.s:5      *ABS*:0000000000000000 __tmp_reg__
/var/folders/xx/3qcqnrxj7md526g3lvyld9680000gn/T//ccLUYALK.s:6      *ABS*:0000000000000001 __zero_reg__
/var/folders/xx/3qcqnrxj7md526g3lvyld9680000gn/T//ccLUYALK.s:15     .gnu.debuglto_.debug_info:0000000000000000 timer.c.bafd935f
                            *COM*:0000000000000001 __gnu_lto_v1
                            *COM*:0000000000000001 __gnu_lto_slim

NO UNDEFINED SYMBOLS
