   1               		.file	"color.c"
   2               	__SP_H__ = 0x3e
   3               	__SP_L__ = 0x3d
   4               	__SREG__ = 0x3f
   5               	__tmp_reg__ = 0
   6               	__zero_reg__ = 1
   7               		.section	.gnu.lto_.profile.dcb961e31b530f78,"",@progbits
   8 0000 789C 6363 		.string	"x\234cc```\001bF\006]3"
   8      6060 6001 
   8      6246 065D 
   8      3300 
   9 000e 0108 00   		.string	"\001\b"
  10 0011 6F        		.ascii	"o"
  11               		.text
  12               		.section	.gnu.lto_.icf.dcb961e31b530f78,"",@progbits
  13 0000 789C 6363 		.string	"x\234cc``\340`@"
  13      6060 E060 
  13      4000 
  14 000a 4686 4BA7 		.string	"F\206K\247\356]`g"
  14      EE5D 6067 
  14      00
  15 0013 00        		.string	""
  16 0014 1024 0361 		.ascii	"\020$\003a"
  17               		.text
  18               		.section	.gnu.lto_.jmpfuncs.dcb961e31b530f78,"",@progbits
  19 0000 789C 6363 		.string	"x\234cc``\340b@"
  19      6060 E062 
  19      4000 
  20 000a 4606 4626 		.string	"F\006F&\306\3729\314\f\f"
  20      C6FA 39CC 
  20      0C0C 00
  21 0015 06AC 0134 		.ascii	"\006\254\0014"
  22               		.text
  23               		.section	.gnu.lto_.inline.dcb961e31b530f78,"",@progbits
  24 0000 789C 6363 		.string	"x\234cc``hg@"
  24      6060 6867 
  24      4000 
  25 000a 4606 060B 		.string	"F\006\006\013iFV\006\216\254)\314\214\323Z\017\235g\357f\236\303\314\310\310\300\270\231Q
  25      6946 5606 
  25      8EAC 29CC 
  25      8CD3 5A0F 
  25      9D67 EF66 
  26 002f 0A41 4801 		.string	"\nAH\0010\311\300\013\324\315\266@\236\211\201\351\002\277"
  26      30C9 C00B 
  26      D4CD B640 
  26      9E89 81E9 
  26      02BF 00
  27 0042 9854 6062 		.string	"\230T`b`Y /\300\300\264\215\303\201\203\211A\353R\214\003\007\210#\300\301\300\362F\300\2
  27      6059 202F 
  27      C0C0 B48D 
  27      C381 8389 
  27      41EB 528C 
  28 0067 D08C 1B8A 		.string	"\320\214\033\212\005\034\fB?\2749\030\270~(\263\200\235\001"
  28      051C 0C42 
  28      3FBC 3918 
  28      B87E 28B3 
  28      809D 0100 
  29 007b BA9A 15E1 		.ascii	"\272\232\025\341"
  30               		.text
  31               		.section	.gnu.lto_.pureconst.dcb961e31b530f78,"",@progbits
  32 0000 789C 6363 		.string	"x\234cc```\001bF\206]\214"
  32      6060 6001 
  32      6246 865D 
  32      8C00 
  33 000e 01ED 00   		.string	"\001\355"
  34 0011 C7        		.ascii	"\307"
  35               		.text
  36               		.section	.gnu.lto_hsv_to_rgb.dcb961e31b530f78,"",@progbits
  37 0000 789C AD58 		.string	"x\234\255XiP\025W\026\276\247\273\337\376"
  37      6950 1557 
  37      16BE A7BB 
  37      DFFE 00
  38 000f D744 A346 		.string	"\327D\243F\\\210\023T@Qc~L\325$\231?3\277fj\252\346\307\324T\245\342\022M\312\304\004c\25
  38      5C88 1354 
  38      4051 637E 
  38      4CD5 2499 
  38      3F33 BF66 
  39 00de 23F0 31BD 		.ascii	"#\3601\275\354\370\275\210\0277\353\370\347\317\2710,u\213\037"
  39      ECF8 BD88 
  39      1737 EBF8 
  39      E7CF B930 
  39      2C75 8B1F 
  40 00f2 F255 4564 		.ascii	"\362UEd\243\366N\030\r\3450\232\302\333\005/\242n\301\225\344"
  40      A3F6 4E18 
  40      0DE5 309A 
  40      C2DB 052F 
  40      A26E C195 
  41 0107 2650 8782 		.ascii	"&P\207\202\300\373#=\017\253l\22361\256m\216\356\315WU\330\r"
  41      C0FB 233D 
  41      0FAB 6C93 
  41      3631 AE6D 
  41      8EEE CD57 
  42 011e 6A30 0E45 		.ascii	"j0\016E\002*`\022\251\037\356\371\331\037!\235P\360\361\344O"
  42      022A 6012 
  42      A91F EEF9 
  42      D91F 219D 
  42      50F0 F1E4 
  43 0133 C73E 339C 		.ascii	"\307>3\234\030\204\217\251\205\265\035a\352\263L\374S\305\312"
  43      1884 8FA9 
  43      85B5 1D61 
  43      EAB3 4CFC 
  43      53C5 CA
  44 0146 6D8E A842 		.ascii	"m\216\250B]O\322\375g\327\331\226\353\376\304\310|U\203*I^\211"
  44      5D4F D2FD 
  44      67D7 D996 
  44      EBFE C4C8 
  44      7C55 832A 
  45 015d E47B D829 		.ascii	"\344{\330)A\3325u\033J\035\352HF~^\276\242\313f \333\377\254"
  45      41DA 3575 
  45      1B4A 1DEA 
  45      4846 7E5E 
  45      BEA2 CB66 
  46 0175 A7EB 0AE1 		.ascii	"\247\353\n\341\366\206\3045\334K\313\362\250\243\030\267\247"
  46      F686 C435 
  46      DC4B CBF2 
  46      A8A3 18B7 
  46      A7
  47 0186 E4C6 2613 		.string	"\344\306&\023w!\200\333\037\022\327YyXw\252c\030w\346\334\272;\246\247\r\345\256\024\351\
  47      7721 80DB 
  47      1F12 D759 
  47      7958 77AA 
  47      6318 77E6 
  48 0287 7B1F EB79 		.string	"{\037\353y\303\016\352:S\2056\377\353M\236B\223'-\223\247\373\232\254\031\365\304x\177\27
  48      C30E EA3A 
  48      5385 36FF 
  48      EB4D 9E42 
  48      9327 2D93 
  49 0312 B1E4 D1F7 		.ascii	"\261\344\321\367!YA\262\026\370\327~\351V\377\304\2545\235\017"
  49      2159 41B2 
  49      16F8 D77E 
  49      E956 FFC4 
  49      AC35 9D0F 
  50 0326 7BDC 06AB 		.ascii	"{\334\006\253OWr\2234\342\374\241\027\347E\311y\21197\326f\036"
  50      4F57 7293 
  50      34E2 FCA1 
  50      17E7 45C9 
  50      7989 3937 
  51 033d B149 4E7C 		.ascii	"\261IN|g\2620\035\314YU\223\373\263[\375+s\326~\177\247\211;"
  51      67B2 301D 
  51      CC59 5593 
  51      FBB3 5BFD 
  51      2B73 D67E 
  52 0355 4436 BD80 		.ascii	"D6\275\200\001G\257\364\"\275,I\233C\222\252\222t\313\332\035"
  52      0147 AFF4 
  52      22BD 2C49 
  52      9B43 92AA 
  52      9274 CBDA 
  53 036a 4561 EADF 		.ascii	"Ea\352\337\231\264\351\362:\277\307 \265\034\275\326\213\363"
  53      99B4 E9F2 
  53      3ABF C720 
  53      B51C BDD6 
  53      8BF3 
  54 037c AAE4 BC1E 		.ascii	"\252\344\274\036\222S\223\234\327\033\213\332\024u\016s\226U"
  54      9253 939C 
  54      D71B 8BDA 
  54      1475 0E73 
  54      9655 
  55 038e 955C 73F7 		.ascii	"\225\\s\367\343l\351\305yCr\266BT\351I\233_\357\356Y\201\257"
  55      E36C E9C5 
  55      7943 72B6 
  55      4254 E949 
  55      9B5F EFEE 
  56 03a5 D990 92C5 		.ascii	"\331\220\222\305\257\001\356+\016\005\007\247\212\203]\303\301"
  56      AF01 EE2B 
  56      0E05 07A7 
  56      8A83 5DC3 
  56      C1
  57 03b6 65A3 C14E 		.ascii	"e\243\301N\203\203f\2354\270\350\321M\203\207\364\274t\027FC"
  57      8383 669D 
  57      34B8 E8D1 
  57      4D83 87F4 
  57      BC74 1746 
  58 03cb 380D 1134 		.ascii	"8\r\0214\f\242a0\rCh\030J\3030\032\206\023\30134<K\217#h\030"
  58      0CA2 6130 
  58      0D43 6818 
  58      4AC3 301A 
  58      8613 C133 
  59 03e6 49C3 7334 		.ascii	"I\303s4\214\242\201\2667\327\030v\360y\016},'5\222\304\343\270"
  59      8CA2 81B6 
  59      37D7 1876 
  59      F079 0E7D 
  59      2C27 3592 
  60 03fd 10C6 137E 		.ascii	"\020\306\023~\0029:\221\356\242\350\356\005\272\233Dw\321\202"
  60      0239 3A91 
  60      EEA2 E8EE 
  60      05BA 9B44 
  60      77D1 82
  61 0410 4A75 B2A0 		.ascii	"Ju\262\240b\235\"\250\\\247\n*\346\030A\345\034+\250\240\343"
  61      629D 22A8 
  61      5CA7 0A2A 
  61      E618 41E5 
  61      1C2B A8A0 
  62 0425 0495 F434 		.ascii	"\004\225\3644A\005<]P\t\307s9\314\020T\3123\005\025\363,A\345"
  62      4105 3C5D 
  62      5009 C773 
  62      39CC 1054 
  62      CA33 0515 
  63 043d FC92 A082 		.ascii	"\374\222\240\202\236-\250\344_\026T\364\277\003r\347\025 \327"
  63      9E2D A8E4 
  63      5F16 54F4 
  63      BF03 72E7 
  63      1520 D7
  64 0450 5E05 7253 		.ascii	"^\005rS\210\225\270\276\2374\b\335/\322\260~\360.\331/Z!\351"
  64      8895 B8BE 
  64      9F34 08DD 
  64      2FD2 B07E 
  64      F02E D92F 
  65 0467 17B7 C853 		.ascii	"\027\267\310S\307\341\272\354Zq\254\314M\273\262\033\200^\376"
  65      C7E1 BAEC 
  65      5A71 ACCC 
  65      4DBB B21B 
  65      805E FE
  66 047a 8A75 CBB5 		.ascii	"\212u\313\265e\377\312W=\274\213\323\312\335J\312[\243\370`#"
  66      65FF CA57 
  66      3DBC 8BD3 
  66      CADD 4ACA 
  66      5BA3 F860 
  67 048f D0F2 B6E1 		.ascii	"\320\362\266\341\t\343&\275\213p\013| \256\201\302q#W\2005\036"
  67      09E3 26BD 
  67      8B70 0B7C 
  67      20AE 81C2 
  67      7123 5780 
  68 04a5 317B 0BD2 		.ascii	"1{\013\322\213\rV%4k\342\256\354/\003\254?\"\353mf\375)\300z"
  68      8B0D 5625 
  68      346B E2AE 
  68      EC2F 03AC 
  68      3F22 EB6D 
  69 04be 8958 E3C5 		.ascii	"\211X\343\305UH9_{\355/\3240\244\303\331\313k\032\035Dm\003\001"
  69      5548 395F 
  69      7BED 2FD4 
  69      30A4 C3D9 
  69      CB6B 1A1D 
  70 04d6 778C B690 		.ascii	"w\214\266\220\206e\374p\202\f\355\356\212\256\353\341\324\257"
  70      8665 FC70 
  70      820C EDEE 
  70      8AAE EBE1 
  70      D4AF 
  71 04e8 F354 2006 		.ascii	"\363T \006\024=Z\001R\240\004\023x\2710\223\037\035\270\027\276"
  71      143D 5A01 
  71      52A0 0413 
  71      78B9 3093 
  71      1F1D B817 
  72 04fd AC4B 1F81 		.ascii	"\254K\037\201\002\237\3612t\234\270\265\322\203\316%\016\312"
  72      029F F132 
  72      749C B8B5 
  72      D283 CE25 
  72      0ECA 
  73 050f 57C3 E01E 		.ascii	"W\303\340\036zw\227\f\341LeFvF\304\264RlS:\276h\341\320\216\376"
  73      7A77 970C 
  73      E14C 6546 
  73      7646 C4B4 
  73      526C 533A 
  74 0529 E6F1 CB4E 		.ascii	"\346\361\313N\263\351Y\225\305\nr\311Y'\334\207i\030\323\003"
  74      B3E9 5995 
  74      C50A 72C9 
  74      5927 DC87 
  74      6918 D303 
  75 053d 5826 FD32 		.ascii	"X&\3752\234\230\215~`\214I\221\364H\253\207\"q\023\222\306\363"
  75      9C98 8D7E 
  75      608C 4991 
  75      F448 AB87 
  75      2271 1392 
  76 0553 3372 2D24 		.ascii	"3r-$/?\316.\320\306--\320s\221)\202\310\273./\277\342\322\260"
  76      2F3F CE2E 
  76      D0C6 2D2D 
  76      D073 9129 
  76      82C8 BB2E 
  77 056c 07C0 CF30 		.ascii	"\007\300\3170\216\315\325].\257\262\243\004\036\202\226\247\276"
  77      8ECD D55D 
  77      2EAF B2A3 
  77      041E 8296 
  77      A7BE 
  78 057e 8C33 1D40 		.ascii	"\2143\035@\373ey[G\227g\334?$v\020\357\232\337\027Wh\214}d`;"
  78      FB65 795B 
  78      4797 67DC 
  78      3F24 7610 
  78      EF9A DF17 
  79 0599 1B7B 9A3C 		.ascii	"\033{\232<\204\355$\354l\234\371\0054\313\253\006\362\352ez\366"
  79      84ED 24EC 
  79      6C9C F905 
  79      34CB AB06 
  79      F2EA 657A 
  80 05ae 5D03 4A3E 		.ascii	"]\003J>U\223))\222\222fK\362&\013\256K\001\306\232\335r|\006"
  80      5593 2929 
  80      9292 664B 
  80      F226 0BAE 
  80      4B01 C69A 
  81 05c6 8982 D33D 		.ascii	"\211\202\323=X\366\226\335\305_y\251\024\206P+\227Y\363m\274"
  81      58F6 96DD 
  81      C55F 79A9 
  81      1486 502B 
  81      9759 F36D 
  82 05db EEA5 6CEB 		.ascii	"\356\245l\353\2346\033tc\302\273\260\351\323&\001=\234a\311\352"
  82      9C36 1B74 
  82      63C2 BBB0 
  82      E9D3 2601 
  82      3D9C 61C9 
  83 05f0 3238 0345 		.ascii	"28\003E;\230\2136\004g\373\325\224r[0g\242\262\ft\305\340LR\372"
  83      3B98 8B36 
  83      0467 FBD5 
  83      9472 5B30 
  83      67A2 B20C 
  84 060a 7306 4A76 		.ascii	"s\006Jv0\227l\b\316\232\235]EZ0g\nr&\233\234\313\rN*FM\344D\313"
  84      3097 6C08 
  84      CE9A 9D5D 
  84      455A 3067 
  84      0A72 269B 
  85 0628 62AC 6AF9 		.ascii	"b\254j\371n\272\254]5\260Il\327M\002\336)l\324\363R\225XY#\177"
  85      6EBA AC5D 
  85      35B0 496C 
  85      D74D 02DE 
  85      296C D4F3 
  86 0642 90DA D108 		.ascii	"\220\332\321\b\220\253A\211=@\211\215\226\nY\036\2511\231\336"
  86      90AB 4189 
  86      3D40 898D 
  86      960A 591E 
  86      A931 99DE 
  87 0656 B980 C63E 		.ascii	"\271\200\306>\322\230,56\031\032S\250\372\003\032\325\2441\005"
  87      D298 2C35 
  87      3619 1A53 
  87      A8FA 031A 
  87      D5A4 3105 
  88 066a 3592 F352 		.ascii	"5\222\363R\217ouH\025\\\372h\364\353\352\226\332+\034\273\206"
  88      8F6F 7548 
  88      155C FA68 
  88      F4EB EA96 
  88      DA2B 1CBB 
  89 067f 8A2B 94D1 		.ascii	"\212+\224\321\244\265#u\275M*\331P\017\225N%\037jT\245R\017\300"
  89      A4B5 2375 
  89      BD4D 2AD9 
  89      500F 954E 
  89      251F 6A54 
  90 0697 4AD4 B256 		.ascii	"J\324\262V\376(o\003\327oV/\372\250\303\214\016\20123i\312G\322"
  90      FE28 6F03 
  90      D76F 562F 
  90      FAA8 C38C 
  90      0E81 3233 
  91 06af 6CD3 56B7 		.ascii	"l\323V\267d\264K\263\201\224k\240\300*6\233t\232ZH$be,-\206\243"
  91      64B4 4BB3 
  91      8194 6BA0 
  91      C02A 369B 
  91      749A 5A48 
  92 06ca 0E14 4A12 		.ascii	"\016\024J\022\220\002'\312\220\342\322\246u\237\272\210\302\001"
  92      9002 27CA 
  92      90E2 D2A6 
  92      759F BA88 
  92      C201 
  93 06dc 6704 AC96 		.ascii	"g\004\254\226\034\364\246\261\222\013\365\b\225\233z\316\210"
  93      1CF4 A6B1 
  93      920B F508 
  93      959B 7ACE 
  93      88
  94 06ed C5CD C65D 		.ascii	"\305\315\306]R\353\250*\205\036\224\367\"\237\2122$O\313_\277"
  94      52EB A82A 
  94      851E 94F7 
  94      229F 8A32 
  94      244F CB5F 
  95 0702 D568 3558 		.ascii	"\325h5X\2452`\231\314\257)\231S%u\327j#*/%E\256\002R\2557\310"
  95      A532 6099 
  95      CCAF 2999 
  95      5325 75D7 
  95      6A23 2A2F 
  96 071e C370 C248 		.ascii	"\303p\302H\374\335\324\026\303\215p\224\243\201\274\352\366z"
  96      FCDD D416 
  96      C38D 7094 
  96      A381 BCEA 
  96      F67A 
  97 0730 9BF4 DE09 		.ascii	"\233\364\336\tkL\347\215\022\210A5\313\342a\262\030#\025\326"
  97      6B4C E78D 
  97      1288 4135 
  97      CBE2 61B2 
  97      1823 15D6 
  98 0744 1C37 5638 		.ascii	"\0347V8\302p\"\340\370 \226M\226\306*]R8\030\345\006;\272\233"
  98      C270 22E0 
  98      F820 964D 
  98      96C6 2A5D 
  98      5238 18E5 
  99 075c 66B8 3044 		.ascii	"f\2700Dz;\270\267\267Cq\"\340m\245af\030\312\373\271\027\213"
  99      7A3B B8B7 
  99      B743 7122 
  99      E06D A561 
  99      6618 CAFB 
 100 0773 72CB BD5A 		.ascii	"r\313\275Zr\317(\341\317\266GH\225\341\201\034\031\356=\2031"
 100      72CF 28E1 
 100      CFB6 4748 
 100      95E1 811C 
 100      19EE 3D83 
 101 0788 972E 6F2E 		.ascii	"\227.o.v\312\230\261\214>&\037\206\367Z\264gQO:efk\004\013'\367"
 101      76CA 98B1 
 101      8C3E 261F 
 101      86F7 5AB4 
 101      6751 4F3A 
 102 07a3 766A 24CA 		.ascii	"vj$\312\373G\365\234\214jd\357\250F\341\204\025U\230\024\242"
 102      FB47 F59C 
 102      8C6A 64EF 
 102      A846 E184 
 102      1555 9814 
 103 07b8 DAA8 7E51 		.ascii	"\332\250~Q\305\241\334\212\352 E\025'Z Wo\337\245H\215H\214a"
 103      C5A1 DC8A 
 103      EA20 4515 
 103      275A 2057 
 103      6FDF A548 
 104 07d0 FBA9 82DB 		.string	"\373\251\202\333\220\t\031\211)\272\356\353I\307`\206\n\221\303\333"
 104      9009 1989 
 104      29BA EEEB 
 104      49C7 6086 
 104      0A91 C3DB 
 105 07e5 7CA2 6452 		.string	"|\242dRO*m\253\354\b\2430]\362\2731\263l\177\230\211\250$"
 105      4F2A 6DAB 
 105      EC08 A330 
 105      5DF2 BB31 
 105      B36C 7F98 
 106 07fd 64A0 E91C 		.ascii	"d\240\351\034>\323\301Z\211\331y\350\353T\247\304\320c]\362/"
 106      3ED3 C15A 
 106      89D9 79E8 
 106      EB54 A7C4 
 106      D063 5DF2 
 107 0812 273C 26E6 		.ascii	"'<&\346\026c2\031\303\337F\353$&\360\221\355\342\266u\256\345"
 107      1663 3219 
 107      C3DF 46EB 
 107      2426 F091 
 107      EDE2 B675 
 108 0828 468B 6662 		.ascii	"F\213fb>\367\022\346S\306\320\221\f\262$&\360\353\200\213\177"
 108      3EF7 12E6 
 108      53C6 D091 
 108      0CB2 2426 
 108      F0EB 808B 
 109 083d 1DD8 DD79 		.ascii	"\035\330\335y\274:\334\304\354bL6c\2703\345H\314\211\224\035"
 109      BC3A DCC4 
 109      EC62 4C36 
 109      63B8 33E5 
 109      48CC 8994 
 110 0852 F9AA C450 		.ascii	"\371\252\304P3(<WT\030\300\2640&\2271v\302\254\227\230\346\316"
 110      3328 3C57 
 110      5418 C0B4 
 110      3026 9731 
 110      76C2 AC97 
 111 0869 ED55 E112 		.ascii	"\355U\341\022C\035\266c\307\316\333\216\200\035\216'\317\312"
 111      431D B663 
 111      C7CE DB8E 
 111      801D 8E27 
 111      CFCA 
 112 087b C106 C470 		.ascii	"\301\006\304p\363\264\211\024\0076\317\033\220\210AS\316sd+\364"
 112      F3B4 8914 
 112      0736 CF1B 
 112      9088 4153 
 112      CE73 642B 
 113 0890 DD3B 05D6 		.ascii	"\335;\005\3266\023\313\242\373\252\265\023q\257\363u\250\326"
 113      3613 CBA2 
 113      FBAA B513 
 113      71AF F375 
 113      A8D6 
 114 08a2 6E15 C37C 		.ascii	"n\025\303|v\213\2570\335 \344\235\316\2679\3759\2130\206E\305"
 114      768B AF30 
 114      DD20 E49D 
 114      CEB7 39FD 
 114      398B 3086 
 115 08b8 DEBE 84DB 		.ascii	"\336\276\204\333\275\026a\034\023:,\302\n\223\320\306\272\325"
 115      BD16 611C 
 115      133A 2CC2 
 115      0A93 D0C6 
 115      BAD5 
 116 08ca FD09 F705 		.ascii	"\375\t\367\005\021J\237/\005\021\3063\241\323\"\274i\022\332"
 116      114A 9F2F 
 116      0511 C633 
 116      A1D3 22BC 
 116      6912 DA
 117 08dd 59F7 C760 		.ascii	"Y\367\307`\3028\026\335\t\"\224&\356\367#tY\204=&!\260n\341\232"
 117      C238 16DD 
 117      0922 9426 
 117      EEF7 2374 
 117      5984 3D26 
 118 08f6 2042 19E0 		.ascii	" B\031\340\246\260\276\204\305a\026a,\023\272En4\023\002/\027"
 118      A6B0 BE84 
 118      C561 1661 
 118      2C13 BA45 
 118      6E34 1302 
 119 090c 1FD0 787A 		.ascii	"\037\320xz\214\274g\272\347\345=\023\215\225o\325\375\231\364"
 119      8CBC 67BA 
 119      E7E5 3D13 
 119      8D95 6FD5 
 119      FD99 F4
 120 091f 159B A78E 		.ascii	"\025\233\247\216\247Y\343 \306\202\t\003:y\345+\217?y}\306\373"
 120      A759 E320 
 120      C682 0903 
 120      3A79 E52B 
 120      8F3F 797D 
 121 0935 EDF8 C79C 		.ascii	"\355\370\307\234\2746*t\362*P\002'/\266:\r\r\313\267\033\037"
 121      BC36 2A74 
 121      F22A 5002 
 121      272F B63A 
 121      0D0D CBB7 
 122 094b E984 8D22 		.ascii	"\351\204\215\"y\362:=\260\223\227O\351s\362\372\\\301"
 122      79F2 3A3D 
 122      B093 974F 
 122      E973 F2FA 
 122      5CC1 
 123 095d 2D74 3ACE 		.string	"-t:\316|\241<\355\344U\250\3649y}IXrs\223\242Y^\235$\257\246\363:\314\261\226j\272\321\37
 123      7CA1 3CED 
 123      E455 A8F4 
 123      3979 7D49 
 123      5872 7393 
 124 0a5e 9360 D21E 		.string	"\223`\322\036\300X\354\273Z\336F<\305\305\333J\360!\336^?\007\273\242\243u.vK\347\252\005
 124      C058 ECBB 
 124      5ADE 463C 
 124      C5C5 DB4A 
 124      F021 DE5E 
 125 0a84 CFE3 94D6 		.string	"\317\343\224\326\212\007\215X\333*T\213\261\227\240Z\214\243\036\325\342\234\255o\342\254
 125      8A07 8D58 
 125      DB2A 548B 
 125      B197 A05A 
 125      8CA3 1ED5 
 126 0b62 6FDE 9837 		.ascii	"o\336\2307/a\332,\033\302&.\341\361C\033jL\\\300c\002\217s\274"
 126      2F61 DA2C 
 126      1BC2 262E 
 126      E1F1 431B 
 126      6A4C 5CC0 
 127 0b7b 8BDE 7B27 		.ascii	"\213\336{'2*nJ\344\337\334.\241\3766A(\377\024\377\003w\351\225"
 127      322A 6E4A 
 127      E4DF DC2E 
 127      A1FE 3641 
 127      28FF 14FF 
 128 0b93 5B        		.ascii	"["
 129               		.text
 130               		.section	.gnu.lto_.symbol_nodes.dcb961e31b530f78,"",@progbits
 131 0000 789C 6363 		.string	"x\234cc``\220\002b\006&\306z\006\206\t\347\030\030\200\324\256\006G\006\006V&\006\005\220
 131      6060 9002 
 131      6206 26C6 
 131      7A06 8609 
 131      E718 1880 
 132 0021 453A 0422 		.ascii	"E:\004\""
 133               		.text
 134               		.section	.gnu.lto_.refs.dcb961e31b530f78,"",@progbits
 135 0000 789C 6363 		.string	"x\234cc``\020\002b\026\006&Fv&\306\233@\352\001\020?g`"
 135      6060 1002 
 135      6216 0626 
 135      4676 26C6 
 135      9B40 EA01 
 136 0019 00        		.string	""
 137 001a 1591 02D0 		.ascii	"\025\221\002\320"
 138               		.text
 139               		.section	.gnu.lto_.decls.dcb961e31b530f78,"",@progbits
 140 0000 789C 8D56 		.string	"x\234\215VmLSW\030\276oO\371\360R\246\001\267\260\244K\026\305\204\037\033\205\270\rMLf$\
 140      6D4C 5357 
 140      18BE 6F4F 
 140      F9F0 52A6 
 140      01B7 B0A4 
 141 008e 818F CDF2 		.string	"\201\217\315\362\336'\362~=\342\023\204\023\021\205\350A\364\"\372\020\217\020\355\210\02
 141      DE27 F27E 
 141      3DE2 1384 
 141      1311 85E8 
 141      41F4 22FA 
 142 00e5 BD75 61E7 		.ascii	"\275ua\347\343\323\276xK/\202\013\350\274\347\352\204?\237\323"
 142      E3D3 BE78 
 142      4B2F 820B 
 142      E8BC E7EA 
 142      843F 9FD3 
 143 00f9 DB59 D9DF 		.ascii	"\333Y\331\337uk\210\226\375\236\312,N\025C\317I\374\362}K\200"
 143      756B 8896 
 143      FD9E CA2C 
 143      4E15 43CF 
 143      49FC F27D 
 144 010f DF81 2826 		.ascii	"\337\201(&N\377\234_\341O\336\240DM\377\331\211\357} D<Iy\266"
 144      4EFF 9C5F 
 144      E14F DEA0 
 144      444D FFD9 
 144      89EF 7D20 
 145 0128 FEBB EF3F 		.ascii	"\376\273\357?\334)I\032(\002\021\256\002\201+\020JC\321c\r\204"
 145      DC29 491A 
 145      2802 11AE 
 145      0281 2B10 
 145      4A43 D163 
 146 013e DD92 B45D 		.ascii	"\335\222\264]\262\345H$H\200\345z\b\323\013p\rB\250u\312\202"
 146      B2E5 4824 
 146      4880 E57A 
 146      08D3 0B70 
 146      0D42 A875 
 147 0154 CBA0 8742 		.ascii	"\313\240\207B\320S\003u\303\337d\371\221O\231'\375?92\026\022"
 147      D053 0375 
 147      C3DF 64F9 
 147      914F 9927 
 147      FD3F 3932 
 148 016a 23FB 9D93 		.ascii	"#\373\235\223^\265\327G\253\021\240\2309C\303\033*8\245\343\321"
 148      5EB5 D747 
 148      AB11 A098 
 148      3943 C31B 
 148      2A38 A5E3 
 149 017f 129C F6A5 		.ascii	"\022\234\366\245v\264\371\341t\261\bA8M;~}\302\237|F\367z\035"
 149      76B4 F9E1 
 149      74B1 0841 
 149      384D 3B7E 
 149      7DC2 9F7C 
 150 0197 1BBB 97E9 		.ascii	"\033\273\227\351\013\301\201\301\301!\307\230#]GW\235\332\221"
 150      0BC1 81C1 
 150      C121 C798 
 150      235D 4757 
 150      9DDA 91
 151 01aa 2215 8431 		.ascii	"\"\025\2041g/\241\263\327!Pq\f!@8-\353~\032X\233\224\"\001\b"
 151      672F A1B3 
 151      D721 5071 
 151      0C21 4038 
 151      2DEB 7E1A 
 152 01c4 6043 1F4B 		.ascii	"`C\037K\021%\240\025\030\035=\207\033\030D\005\004C9\242\022"
 152      1125 A015 
 152      181D 3D87 
 152      1B18 4405 
 152      0443 39A2 
 153 01d9 8259 96B8 		.ascii	"\202Y\226\270\211\241uR\206\216\311\377\241\2267\314\310sbyP"
 153      89A1 7552 
 153      868E C9FF 
 153      A196 37CC 
 153      C873 6279 
 154 01ee AA64 2B03 		.ascii	"\252d+\003F-SS/\302\f\227\347\270\363\020\301\212P\212 \247W"
 154      462D 5353 
 154      2FC2 0C97 
 154      E7B8 F310 
 154      C18A 508A 
 155 0205 2E4B 5367 		.ascii	".KSgk\236H\276bei\032)\270\340\013!\201|K\335ao\272\245\nUo\272"
 155      6B9E 48BE 
 155      6265 691A 
 155      29B8 E00B 
 155      2181 7C4B 
 156 0222 8B42 15E6 		.ascii	"\213B\025\346\217\017\376\304\260^\026\"\225C\253\227\253'G\375"
 156      8F0F FEC4 
 156      B05E 1622 
 156      9543 AB97 
 156      AB27 47FD 
 157 0236 1C70 1FB0 		.ascii	"\034p\037\260\307@>I \017\300\300\347\300\2468r\236\262\0042"
 157      C740 3E49 
 157      200F C0C0 
 157      E7C0 A638 
 157      729E B204 
 158 024b 4D50 7ECB 		.ascii	"MP~\313,\276\256Q\344\330\007\004Y\315\245\\\\Y\246\270\345\350"
 158      2CBE AE51 
 158      E4D8 0704 
 158      59CD A55C 
 158      5C59 A6B8 
 159 0261 9A46 3913 		.ascii	"\232F9\023\\]\246\341:\343z(p]\017\363\236\362\334\266\352\266"
 159      5C5D A6E1 
 159      3AE3 7A28 
 159      705D 0FF3 
 159      9EF2 DCB6 
 160 0277 6790 20A7 		.ascii	"g\220 \247\276\271\251>\227\220\024`]\2329lK\363\306.e\031\202"
 160      BEB9 A93E 
 160      9790 1460 
 160      5D9A 396C 
 160      4BF3 C62E 
 161 028e 042D 5D6B 		.ascii	"\004-]k\270T}\003H\006'\\\317\277\327\340M\366\302<=\235\235"
 161      B854 7D03 
 161      4806 275C 
 161      CFBF D7E0 
 161      4DF6 C23C 
 162 02a5 76A6 8390 		.ascii	"v\246\203\220}\354\266\327\264s\352\374\002\317\266\035\315#"
 162      7DEC B6D7 
 162      B473 EAFC 
 162      02CF B61D 
 162      CD23 
 163 02b7 EE5E A9C7 		.ascii	"\356^\251\307j\332\347\354\2259\313\372\027m[\273\\\323\006\254"
 163      6ADA E7EC 
 163      9539 CBFA 
 163      176D 5BBB 
 163      5CD3 06AC 
 164 02cb E91D ACE7 		.ascii	"\351\035\254\347]"
 164      5D
 165 02d0 C46D 55DB 		.string	"\304mU\333\266\257U\332\266N\255?\273m\273g\210\267\324\304\260Y=\333\230\305z\326\376B\3
 165      B6AF 55DA 
 165      B64E AD3F 
 165      BB6D BB67 
 165      88B7 D4C4 
 166 03d1 B3FE 0802 		.ascii	"\263\376\b\002\340\201\022\036\264\321>}@\235\205\307\260\fw"
 166      E081 121E 
 166      B4D1 3E7D 
 166      409D 85C7 
 166      B00C 77
 167 03e4 E54D 3E1B 		.ascii	"\345M>\033 \370\\\217\3027\227\213x\274\272\242\370\253\253d"
 167      20F8 5C8F 
 167      C237 978B 
 167      78BC BAA2 
 167      F8AB AB64 
 168 03f8 7F4B A748 		.ascii	"\177K\247HZ\345\330\007j\217\312/\201EX\343\312\302\224=\013"
 168      5AE5 D807 
 168      6A8F CA2F 
 168      8145 58E3 
 168      CAC2 943D 
 169 040d 400C 6181 		.ascii	"@\fa\201\324K\222\027\006\362\017zM\017\013tc(Qr(\235\270\330"
 169      D44B 9217 
 169      06F2 0F7A 
 169      4D0F 0B74 
 169      6328 5172 
 170 0425 818B BCA6 		.ascii	"\201\213\274\246\316\003K\266K\350\331\023\354\356.w\342\243"
 170      CE03 4BB6 
 170      4BE8 D913 
 170      ECEE 2E77 
 170      E2A3 
 171 0437 6848 7411 		.ascii	"hHt\021\r\355>R\340\364\325\245\317\350\322\200g\244\005p\202"
 171      0DED 3E52 
 171      E0F4 D5A5 
 171      CFE8 D280 
 171      67A4 0570 
 172 044c 8E85 8F23 		.ascii	"\216\205\217#\222O\036\250x\356\347I\246\317V7\271G&\3670rQ\341"
 172      924F 1EA8 
 172      78EE E749 
 172      A6CF 5637 
 172      B947 26F7 
 173 0464 60FE 024F 		.ascii	"`\376\002Or\225\212\334+\223{\031\371\260\253\353\270\326\223"
 173      7295 8ADC 
 173      2B93 7B19 
 173      F9B0 ABEB 
 173      B8D6 93
 174 0477 4C93 E926 		.ascii	"L\223\351&\367\311\344>F\316qU\347\021ZTI&\007x\272\334O+\206"
 174      F7C9 E43E 
 174      46CE 7155 
 174      E711 5A54 
 174      4926 0778 
 175 0490 C79C 4DE9 		.ascii	"\307\234M\351ck\274xRG:X^\265\216\213]\370\314\n\321\003\210"
 175      636B BC78 
 175      5247 3A58 
 175      5EB5 8E8B 
 175      5DF8 CC0A 
 176 04a7 8893 CA7F 		.ascii	"\210\223\312\177\003\001\2061\354\001\371\357\001^G$\224\037"
 176      0301 8631 
 176      EC01 F9EF 
 176      015E 4724 
 176      941F 
 177 04b9 F89A 2ECF 		.ascii	"\370\232.\317\365\316\037\304\224\0173;O\321\356\020\032:\202"
 177      F5CE 1FC4 
 177      940F 333B 
 177      4FD1 EE10 
 177      1A3A 82
 178 04cc 6787 AEA0 		.ascii	"g\207\256\240\301;]\203\021\274\205\332X\013Qi\371<\342\206\021"
 178      C13B 5D83 
 178      11BC 85DA 
 178      580B 5169 
 178      F93C E286 
 179 04e1 DA48 DC49 		.ascii	"\332H\334I6\301\rg\036]\273\245\2337\236Q%\2360\026N\306H\317"
 179      36C1 0D67 
 179      1E5D BBA5 
 179      9B37 9E51 
 179      259E 3016 
 180 04f9 092D 97AF 		.ascii	"\t-\227\257\237\221w\263\307\230\374(\227\037c\362%\355-7U\205"
 180      9F91 77B3 
 180      C798 FC28 
 180      971F 63F2 
 180      25ED 2D37 
 181 050f B0AB 0A31 		.ascii	"\260\253\n1.\347v\234\345\366\327\302\322FoOr\263\212<!\223'"
 181      2EE7 769C 
 181      E5F6 D7C2 
 181      D246 6F4F 
 181      72B3 8A3C 
 182 0526 1879 7CB0 		.ascii	"\030y|\260\261\313ki.\3535\307\331U?\244I\351\032\330\364\032"
 182      B1CB 6B69 
 182      2EEB 35C7 
 182      D955 3FA4 
 182      49E9 1AD8 
 183 053c 3BCD FC05 		.ascii	";\315\374\0053\tKi\2477\344n\3404I\312\307d\253(\317\030%{\262"
 183      3309 4B69 
 183      A737 E46E 
 183      E034 49CA 
 183      C764 AB28 
 184 0555 B646 916A 		.ascii	"\266F\221j\336%\301\0325\3519#\025\356\035\252\365\227I\345A"
 184      DE25 C11A 
 184      35E9 3923 
 184      15EE 1DAA 
 184      F597 49E5 
 185 056a 28A5 264D 		.ascii	"(\245&M1RZY\355/D&u\277H\232f\244\226T{\252b\316\376\372\013"
 185      3152 5A59 
 185      ED2F 4426 
 185      75BF 489A 
 185      66A4 9654 
 186 0585 2417 2C15 		.ascii	"$\027,\025 i\341\227\311\321\t\326\344x\203)\321\234h\t5\371"
 186      2069 E197 
 186      C9D1 09D6 
 186      E478 8329 
 186      D19C 6809 
 187 059b AEFB 68C3 		.ascii	"\256\373h\303\233\221+W\n>\311[\023\254+\214\326\bCr\222\305"
 187      9B91 2B57 
 187      0A3E C95B 
 187      13AC 2B8C 
 187      D608 4372 
 188 05b1 604E 3445 		.ascii	"`N4E\233\r\2211fs\264\305\020\275\315\362v\254\311\264:\302\020"
 188      9B0D 9131 
 188      6673 B4C5 
 188      10BD CDF2 
 188      76AC C9B4 
 189 05c8 11FA 4E68 		.ascii	"\021\372Nh\030\235\033\266&\230\314\311[b\fI\326-\270/4N\200"
 189      189D 1BB6 
 189      2698 CCC9 
 189      5B62 0C49 
 189      D62D B82F 
 190 05df 38D1 68FC 		.ascii	"8\321h\374\"\332\364y\314\026\243\021\266-R\333\211\023\310\007"
 190      22DA F479 
 190      CC16 A311 
 190      B62D 52DB 
 190      8913 C807 
 191 05f3 1F6F 14E3 		.ascii	"\037o\024\343\222\266\031\255\211FK\354f\260@,l\326\232\326\257"
 191      92B6 19AD 
 191      8946 4BEC 
 191      66B0 402C 
 191      6CD6 9AD6 
 192 0608 5B43 10B3 		.ascii	"[C\020\263\350&\301?\362\303\265\341+\227\207\033#7\254\337\270"
 192      E826 C13F 
 192      F2C3 B5E1 
 192      2B97 871B 
 192      2337 ACDF 
 193 061d D60F A52D 		.ascii	"\326\017\245-\211\261\3611\361F\343\253\n\325\214\226\254\321"
 193      89B1 F131 
 193      F146 E3AB 
 193      0AD5 8C96 
 193      ACD1 
 194 062f 9BCD 3149 		.ascii	"\233\3151I(\357K\335\017\177\317h\325\232\342\242-\377\0028\326"
 194      28EF 4BDD 
 194      0F7F CF68 
 194      D59A E2A2 
 194      2DFF 0238 
 195 0644 4634      		.ascii	"F4"
 196               		.text
 197               		.section	.gnu.lto_.symtab.dcb961e31b530f78,"",@progbits
 198 0000 6873 765F 		.string	"hsv_to_rgb"
 198      746F 5F72 
 198      6762 00
 199 000b 00        		.string	""
 200 000c 00        		.string	""
 201 000d 00        		.string	""
 202 000e 00        		.string	""
 203 000f 00        		.string	""
 204 0010 00        		.string	""
 205 0011 00        		.string	""
 206 0012 00        		.string	""
 207 0013 00        		.string	""
 208 0014 00        		.string	""
 209 0015 00        		.string	""
 210 0016 DD00      		.string	"\335"
 211 0018 00        		.string	""
 212 0019 00        		.string	""
 213 001a 4349 4531 		.string	"CIE1931_CURVE"
 213      3933 315F 
 213      4355 5256 
 213      4500 
 214 0028 00        		.string	""
 215 0029 02        		.ascii	"\002"
 216 002a 00        		.string	""
 217 002b 00        		.string	""
 218 002c 00        		.string	""
 219 002d 00        		.string	""
 220 002e 00        		.string	""
 221 002f 00        		.string	""
 222 0030 00        		.string	""
 223 0031 00        		.string	""
 224 0032 00        		.string	""
 225 0033 E400      		.string	"\344"
 226 0035 00        		.string	""
 227 0036 00        		.string	""
 228               		.text
 229               		.section	.gnu.lto_.opts,"",@progbits
 230 0000 272D 666D 		.ascii	"'-fmath-errno' '-fsigned-zeros' '-ftrapping-m"
 230      6174 682D 
 230      6572 726E 
 230      6F27 2027 
 230      2D66 7369 
 231 002d 6174 6827 		.string	"ath' '-fno-trapv' '-fno-openmp' '-fno-openacc' '-mn-flash=1' '-mno-skip-bug' '-mmcu=avr5'
 231      2027 2D66 
 231      6E6F 2D74 
 231      7261 7076 
 231      2720 272D 
 232               		.text
 233               		.comm	__gnu_lto_v1,1,1
 234               		.comm	__gnu_lto_slim,1,1
 235               		.ident	"GCC: (GNU) 7.4.0"
DEFINED SYMBOLS
                            *ABS*:0000000000000000 color.c
/var/folders/7d/r_phv7rx6m99qllr_nm2m9c80000gn/T//cc7Ylnw8.s:2      *ABS*:000000000000003e __SP_H__
/var/folders/7d/r_phv7rx6m99qllr_nm2m9c80000gn/T//cc7Ylnw8.s:3      *ABS*:000000000000003d __SP_L__
/var/folders/7d/r_phv7rx6m99qllr_nm2m9c80000gn/T//cc7Ylnw8.s:4      *ABS*:000000000000003f __SREG__
/var/folders/7d/r_phv7rx6m99qllr_nm2m9c80000gn/T//cc7Ylnw8.s:5      *ABS*:0000000000000000 __tmp_reg__
/var/folders/7d/r_phv7rx6m99qllr_nm2m9c80000gn/T//cc7Ylnw8.s:6      *ABS*:0000000000000001 __zero_reg__
                            *COM*:0000000000000001 __gnu_lto_v1
                            *COM*:0000000000000001 __gnu_lto_slim

NO UNDEFINED SYMBOLS
