   1               		.file	"keycode_config.c"
   2               	__SP_H__ = 0x3e
   3               	__SP_L__ = 0x3d
   4               	__SREG__ = 0x3f
   5               	__tmp_reg__ = 0
   6               	__zero_reg__ = 1
   7               		.section	.gnu.lto_.profile.eb41316963be01f5,"",@progbits
   8 0000 789C 6363 		.string	"x\234cc```\001bF\206\330\\"
   8      6060 6001 
   8      6246 86D8 
   8      5C00 
   9 000e 019F 00   		.string	"\001\237"
  10 0011 D6        		.ascii	"\326"
  11               		.text
  12               		.section	.gnu.lto_.icf.eb41316963be01f5,"",@progbits
  13 0000 789C 6363 		.string	"x\234cc``\340c@"
  13      6060 E063 
  13      4000 
  14 000a 2686 D76D 		.string	"&\206\327m\247vr0}\373\375\372\021\027\003"
  14      A776 7230 
  14      7DFB FDFA 
  14      1117 0300 
  15 001a 32E4 06DD 		.ascii	"2\344\006\335"
  16               		.text
  17               		.section	.gnu.lto_.jmpfuncs.eb41316963be01f5,"",@progbits
  18 0000 789C 6363 		.string	"x\234cc``\020b@"
  18      6060 1062 
  18      4000 
  19 000a 2606 4646 		.string	"&\006FF\306\3729\314\fL\020\232\221\001"
  19      C6FA 39CC 
  19      0C4C 109A 
  19      9101 00
  20 0019 165C 0260 		.ascii	"\026\\\002`"
  21               		.text
  22               		.section	.gnu.lto_.inline.eb41316963be01f5,"",@progbits
  23 0000 789C 6363 		.string	"x\234cc``(gd\200\003&\006\206\363\f<\214<\f\002YS\230\031\327L=\306\322\315<\207\231\201Q
  23      6060 2867 
  23      6480 0326 
  23      0686 F30C 
  23      3C8C 3C0C 
  24 00c2 4C72 8049 		.string	"Lr\200I\026\006\216\013\254\rL \362"
  24      1606 8E0B 
  24      AC0D 4C20 
  24      F200 
  25 00d0 2388 5400 		.string	"#\210T"
  26 00d4 1102 2082 		.string	"\021\002 \202\003D\260@\302UI\230\021(\0134\224Yk\313\025F\006\266\005@cE\356\350\203e\03
  26      0344 B040 
  26      C255 4998 
  26      1128 0B34 
  26      9459 6BCB 
  27 00f6 00        		.string	""
  28 00f7 AE5B 71   		.ascii	"\256[q"
  29               		.text
  30               		.section	.gnu.lto_.pureconst.eb41316963be01f5,"",@progbits
  31 0000 789C 6363 		.string	"x\234cc```\005b&\006\026&\026"
  31      6060 6005 
  31      6226 0616 
  31      2616 00
  32 000f 00        		.string	""
  33 0010 A600      		.string	"\246"
  34 0012 18        		.ascii	"\030"
  35               		.text
  36               		.section	.gnu.lto_keycode_config.eb41316963be01f5,"",@progbits
  37 0000 789C 8D57 		.ascii	"x\234\215WKS\024W\024\276\247\273g\246\347=\f\3030\257\262\254"
  37      4B53 1457 
  37      14BE A7BB 
  37      67A6 E73D 
  37      0CC3 30AF 
  38 0016 CAC2 9845 		.ascii	"\312\302\230E\324\205\213\374\201\354\223\312\"\273TbL*\225\212"
  38      D485 8BFC 
  38      81EC 93CA 
  38      22BB 5462 
  38      4C2A 958A 
  39 002a 56AA E222 		.ascii	"V\252\342\"+\033A\004\205`\241B9\"\2222\306X\004\361\201\022"
  39      2B1B 4104 
  39      8560 A142 
  39      3922 9232 
  39      C658 04F1 
  40 0040 50E3 880F 		.ascii	"P\343\210\017TD\203\242&\003\032\004\025\021\304\027\210<\304"
  40      5444 83A2 
  40      2603 1A04 
  40      1511 C417 
  40      883C C4
  41 0053 9C73 6FF7 		.ascii	"\234so\367Lg\250\232\032\026\337\364=\367|\347\236\357\353{\207"
  41      4C67 A89A 
  41      1A16 DFF4 
  41      3DF7 7CE7 
  41      9EEF EB7B 
  42 0068 3B56 C658 		.ascii	";V\306X\330\303\330;\370Y\003\214A\214\201\264\365*cE\252\344"
  42      D8C3 D83B 
  42      F859 038C 
  42      418C 81B4 
  42      F52A 6345 
  43 007e 8C56 DA98 		.ascii	"\214V\332\230\246\026p\fs,\344\230\317Q\346h\341h\343\350\340"
  43      A616 700C 
  43      732C E498 
  43      CF51 E668 
  43      E168 E3E8 
  44 0093 E8E6 E813 		.ascii	"\350\346\350\0239R\264.\3044\2072\261\222i.\005\242\242\264E"
  44      3952 B42E 
  44      C434 8732 
  44      B192 692E 
  44      05A2 A2B4 
  45 00a8 8A96 2DC1 		.ascii	"\212\226-\301\260\225\320e5\3026I\245<\007\347\270T)\312Gv>\262"
  45      B095 D065 
  45      35C2 3649 
  45      A53C 07E7 
  45      B854 29CA 
  46 00c0 1B49 0EBD 		.ascii	"\033I\016\275\244\223\227t\352I.\236\3442\222\334\222\307T\311"
  46      A493 9774 
  46      EA49 2E9E 
  46      E432 92DC 
  46      92C7 54C9 
  47 00d4 A327 79F9 		.ascii	"\243'y\371\310"
  47      C8
  48 00d9 6B24 F9F4 		.string	"k$\371\364Jy\274R\236\236\344\347I~#)_o5\300[\r\030\341\002=\034\344\341\240\021.\324\303
  48      4A79 BC52 
  48      9E9E E4E7 
  48      497E 2329 
  48      5F6F 35C0 
  49 01da 6F96 9561 		.string	"o\226\225a\213h\257\226`\345\330\013>\025'\330\b\354\326&j-\324x\\\216\240\236\246\033{\3
  49      8B68 AF96 
  49      60E5 D80B 
  49      3E15 27D8 
  49      08EC D626 
  50 0229 2704 A5E4 		.ascii	"'\004\245\344`W\271Wp\336\303\341\231]O\357:\r\316\0017qNr\216"
  50      6057 B957 
  50      70DE C3E1 
  50      995D 4FEF 
  50      3A0D CE01 
  51 0242 449C 5382 		.ascii	"D\234S\202\263\267b\266\303)8+h\235\227m\323V\2033\311\327\371"
  51      B3B7 62B6 
  51      C329 382B 
  51      689D 976D 
  51      D356 8333 
  52 0259 9373 B8F1 		.ascii	"\223s\270\361\247\005Gk\035\374HPV\342h\364\264\366\251\301h"
  52      A705 476B 
  52      1DFC 4850 
  52      56E2 68F4 
  52      B4F6 A9C1 
  53 026e E28C 0467 		.ascii	"\342\214\004g(\3048\243\257\262\255\273\312-(\037\340p\374\325"
  53      28C4 38A3 
  53      AFB2 ADBB 
  53      CA2D 281F 
  53      E070 FCD5 
  54 0282 C811 35A5 		.ascii	"\310\0215\245\006\210\323\3019\026\342\234\025\234\253\2753]"
  54      0688 D3C1 
  54      3916 E29C 
  54      159C ABBD 
  54      335D 
  55 0294 BA9A 0D34 		.ascii	"\272\232\r4N\026\335.\363\032\244\007\234t.M:/"
  55      4E16 DD2E 
  55      F31A A407 
  55      9C74 2E4D 
  55      3A2F 
  56 02a6 48B7 7A4F 		.string	"H\267zO\375\f\2024@\343\372\213\003\2779\f\3224']\340$+\221:\005i\256a\342\231\356\365 \2
  56      FD0C 8234 
  56      40E3 FA8B 
  56      03BF 390C 
  56      D234 275D 
  57 03a7 257D 67CF 		.ascii	"%}g\317Iz\022f4\217\265M\273E\006\203[\374\033\205\216\231\302"
  57      497A 1266 
  57      348F B54D 
  57      BB45 0683 
  57      5BFC 1B85 
  58 03be 5E2A C574 		.ascii	"^*\305t\312,i\241\263\227t\245V\241\364\364\307\242\214\234\213"
  58      CA2C 69A1 
  58      B397 74A5 
  58      56A1 F4F4 
  58      C7A2 8C9C 
  59 03d3 94DB 2629 		.ascii	"\224\333&)\307;\373g\325eM$\245a\006gm\3607\212\331\301O(N\037"
  59      C73B FB67 
  59      D565 4D24 
  59      A561 0667 
  59      6DF0 378A 
  60 03ed 3976 B84A 		.ascii	"9v\270J\022J\033~\005\352\354\037X\226\226\232\314\220\252\210"
  60      124A 1B7E 
  60      05EA EC1F 
  60      5896 969A 
  60      CC90 AA88 
  61 0401 0E5A CE75 		.ascii	"\016Z\316u\226\252B\b@_\246T\305\244\315\312:e\256\315\226\326"
  61      96AA 4208 
  61      405F A654 
  61      C5A4 CDCA 
  61      3A65 AECD 
  62 0417 D67C 59D7 		.ascii	"\326|Y\327f\023\332\256\350\332,\271h\353\317\252\355Nvmw\315"
  62      6613 DAAE 
  62      E8DA 2CB9 
  62      68EB CFAA 
  62      ED4E 766D 
  63 042d DAFE CDD0 		.ascii	"\332\376\315\320\246w\320Sr\250N\026\332\024<z\031\332\254)m"
  63      A677 D053 
  63      72A8 4E16 
  63      DA14 3C7A 
  63      19DA AC29 
  64 0442 E578 1EF8 		.ascii	"\345x\036\370{\3435\356\034p\212\004\233\250\222\372\357\"\203"
  64      7BE3 35EE 
  64      1C70 8A04 
  64      9BA8 92FA 
  64      EF22 83
  65 0455 0FEE 1955 		.ascii	"\017\356\031U\356\353Ul&\207\354\254\003\270C\216\264CO\r\207"
  65      EEEB 556C 
  65      2687 ECAC 
  65      03B8 438E 
  65      B443 4F0D 
  66 046a 54E1 50BF 		.ascii	"T\341P\277\356\220\232\213C\203Y\035\032\312\356\320}\263C\017"
  66      EE90 9A8B 
  66      4383 591D 
  66      1ACA EED0 
  66      7DB3 430F 
  67 047e 321C B263 		.ascii	"2\034\262c\007\013-\261\233,q\232,y\323\350\020\t\016\242\335"
  67      070B 2DB1 
  67      9B2C 719A 
  67      2C79 D3E8 
  67      1009 0EA2 
  68 0493 CBA4 394C 		.ascii	"\313\2449L\036\270\f\017\334\246]\322\245{`\027\036\214\351\036"
  68      1EB8 0C0F 
  68      DCA6 5DD2 
  68      A57B 6017 
  68      1E8C E91E 
  69 04a7 3873 F1E0 		.ascii	"8s\361\340aV\017\206\263{\360\310\354\301H\206\007.\321A\352"
  69      6156 0F86 
  69      B37B F0C8 
  69      ECC1 4886 
  69      072E D141 
  70 04bc CB46 0615 		.ascii	"\313F\006\025\036gjs\231,\361\230wI\223\276K\334Xe\341\266p\233"
  70      1E67 6A73 
  70      992C F198 
  70      7749 93BE 
  70      4BDC 5865 
  71 04d4 2CF1 1A96 		.ascii	",\361\032\226\370L\333\302\260\304!,\231\323-\361\344b\311hV"
  71      F84C DBC2 
  71      B0C4 212C 
  71      99D3 2DF1 
  71      E462 C968 
  72 04e9 4BC6 B25B 		.ascii	"K\306\262[\362\304l\311x\206%^\354`\241\007^\223\007y\346m\321"
  72      F2C4 6CC9 
  72      7886 255E 
  72      EC60 A107 
  72      5E93 0779 
  73 0500 AC6F 0B1F 		.ascii	"\254o\013\037\321\026l\013\237\311\003\277\341A\276i[T\204\205"
  73      D116 6C0B 
  73      9FC9 03BF 
  73      E141 BE69 
  73      5B54 8485 
  74 0514 078A F0A0 		.ascii	"\007\212\360\240b\257^./\027\023\236f5\341Yv\023\236\233Mx\221"
  74      62AF 5E2E 
  74      2F17 139E 
  74      6635 E159 
  74      7613 9E9B 
  75 052b 6182 5F74 		.ascii	"a\202_t\360\274;>\344\021\373b1\274\314\024\3477\211\013\030"
  75      F0BC 3B3E 
  75      E411 FB62 
  75      31BC CC14 
  75      E737 890B 
  76 0540 DF8C 0569 		.ascii	"\337\214\005iqC\2068\020\342v\032\342\362s\0217\221U\334dvq\257"
  76      7143 8638 
  76      10E2 761A 
  76      E2F2 7311 
  76      3791 55DC 
  77 0558 CCE2 A632 		.ascii	"\314\342\2462\304\005\260\203\205j\002&5ACMaZ\315\224\241F\026"
  77      C405 B083 
  77      856A 0226 
  77      3541 434D 
  77      615A CD94 
  78 056f 6AEA 0D35 		.ascii	"j\352\r5\005\271\250y\235U\315tv53f5\263\031j\202\242\203\326"
  78      05B9 A879 
  78      9D55 CD74 
  78      7635 3366 
  78      35B3 196A 
  79 0587 F1C6 56FD 		.ascii	"\361\306V\375\277q\202\301\\\246\272\240I]\310P\027N\253k\254"
  79      BF71 82C1 
  79      5CA6 BAA0 
  79      495D C850 
  79      174E AB6B 
  80 059c D4D5 4942 		.ascii	"\324\325IB]\243\241\2560\027uo\262\252\233\317\256\356\255Y\235"
  80      5DA3 A1AE 
  80      3017 756F 
  80      B2AA 9BCF 
  80      AEEE AD59 
  81 05b1 26FD 5F5D 		.ascii	"&\375_]\b;X\250&dR\0231\324DY\025\277\325?\002\340w\366q\220"
  81      083B 58A8 
  81      2664 5213 
  81      31D4 4459 
  81      15BF D53F 
  82 05cb 581C 3532 		.ascii	"X\03452\366\n\302t\275\224g~\212\341=_i\257\n\322\275\326\022"
  82      F60A C274 
  82      BD94 677E 
  82      8AE1 3D5F 
  82      69AF 0AD2 
  83 05e2 AF8E 51D8 		.ascii	"\257\216Q\330\232\254\016\232oX\022^g\212\244\230\232\334\266"
  83      9AAC 0E9A 
  83      6F58 125E 
  83      678A A498 
  83      9ADC B6
  84 05f5 88AE 8AF6 		.ascii	"\210\256\212\366xM\214\356\231\266dM\220>\035\355\2651\232wn"
  84      784D 8CEE 
  84      99B6 644D 
  84      903E 1DED 
  84      B531 9A77 
  85 060a 8ED0 B42B 		.ascii	"\216\320\264+\031\017\322\320\223\334\265\210\356{\336x}\214"
  85      190F D2D0 
  85      93DC B588 
  85      EE7B DE78 
  85      7D8C 
  86 061c 2E8B EE64 		.ascii	".\213\356d}\220>}\355{xz\336\346/h\332\237\034\034\220\3507B"
  86      7D90 3E7D 
  86      ED7B 787A 
  86      DEE6 2F68 
  86      DA9F 1C1C 
  87 0634 7EFB 5042 		.ascii	"~\373PB\246+y`f\b#\370P\220|\210\021\234\n\306\2071\202\277\t"
  87      A62B 7960 
  87      6608 23F8 
  87      5090 7C88 
  87      119C 0AC6 
  88 064d 0A67 8631 		.ascii	"\ng\2061\202\027\375P\373c\214\340C8>\212\021\234\212$G\007\360"
  88      8217 FD50 
  88      FB63 8CE0 
  88      4338 3E8A 
  88      119C 8A24 
  89 0664 A616 9136 		.ascii	"\246\026\2216\257A\017\200\244\343\317\207\360\367\353>_\363"
  89      AF41 0F80 
  89      A4E3 CF87 
  89      F0F7 EB3E 
  89      5FF3 
  90 0676 C3BA EF96 		.ascii	"\303\272\357\226}\273\372\307Uk\277\\\375\331\252\265k\276\372"
  90      7DBB FAC7 
  90      556B BF5C 
  90      FDD9 AAB5 
  90      6BBE FA
  91 0689 E6EB F757 		.ascii	"\346\353\367W1\233\036\371\017\275t\3026"
  91      319B 1EF9 
  91      0FBD 74C2 
  91      36
  92               		.text
  93               		.section	.gnu.lto_mod_config.eb41316963be01f5,"",@progbits
  94 0000 789C 6554 		.string	"x\234eT]oTe\020~\347\274\347\373k\373\261\255`\326H\342E\003&\266\206\033\214\361\312\013
  94      5D6F 5465 
  94      107E E7BC 
  94      E7FB 6BFB 
  94      B1AD 60D6 
  95 00b9 A603 0839 		.string	"\246\003\b9\035\002\250\213\310\006\321\241I\3350-\333q=?\b\241\003^\227oIx3\273\347r\270
  95      1D02 A88B 
  95      C806 D1A1 
  95      49DD 302D 
  95      DB71 3D3F 
  96 0134 A69F B807 		.string	"\246\237\270\007\020\003\232\nR\005]\005\2038L\212\026E\007Tt\351\332\243\350S\f(\206\024
  96      1003 9A0A 
  96      5205 5D05 
  96      8338 4C8A 
  96      1645 0754 
  97 01f2 3A8C 61A3 		.string	":\214a\243\253\320==>\221\024a\305\221\271\322\355\200+\004|\246\244\340g\267\224\242\267
  97      ABD0 3D3D 
  97      3E91 1461 
  97      C591 B9D2 
  97      ED80 2B04 
  98 0233 3694 97F9 		.ascii	"6\224\227\371t1\020\304|=w\207\007b\001>\323\036\270|c6d\332"
  98      7431 10C4 
  98      7C3D 7787 
  98      0762 013E 
  98      D31E B87C 
  99 024b BF01 BE40 		.ascii	"\277\001\276@\320,t\256S%\312\036,S\270\205\236\235\2170*\300"
  99      D02C 74AE 
  99      5325 CA1E 
  99      2C53 B885 
  99      9E9D 8F30 
 100 0261 0C0D 5359 		.ascii	"\f\rSY\025P#C\\Y\273Jx\232;\f\274{\3737\215;\244\341d\"\374L"
 100      1550 2343 
 100      5C59 BB4A 
 100      789A 3B0C 
 100      BC7B FB37 
 101 027d FE49 664C 		.ascii	"\376IfL\023\035+5\305\214\235(=\\J\224\272\314s\2560\331\357"
 101      131D 2B35 
 101      C58C 9D28 
 101      3D5C 4A94 
 101      BACC 73AE 
 102 0294 31CF 1D80 		.ascii	"1\317\035\200\361*\r.+\035\214\225z\230\241%TVy\324\310\212\037"
 102      F12A 0D2E 
 102      2B1D 8C95 
 102      7A98 A125 
 102      5456 79D4 
 103 02ab AA59 7CBA 		.ascii	"\252Y|\2729op\327\033\2456\206K4\221\340\025\256\311\304\246"
 103      396F 70D7 
 103      1BA5 3686 
 103      4B34 91E0 
 103      15AE C9C4 
 104 02c0 7930 5095 		.ascii	"y0P\225\206S\006z"
 104      8653 067A 
 105 02c8 EE8F 29B4 		.string	"\356\217)\264\3341\360\340\231\327_@z\273\322\301\006\244_\261l)\037[\326\200C\335\354\27
 105      DC31 F0E0 
 105      99D7 5F40 
 105      7ABB D2C1 
 105      06A4 5FB1 
 106 03c9 5F8D A070 		.ascii	"_\215\240p\232\020k\237\337\361\364\366\027wlk~n\313\313\255"
 106      9A10 6B9F 
 106      DFF1 F4F6 
 106      1777 6C6B 
 106      7E6E CBCB 
 107 03de ED6D 5B9E 		.ascii	"\355m[\236jm\337\276\365\331g\036j\025r[{\333\177\315^\364\254"
 107      6A6D DFBE 
 107      F5D9 671E 
 107      6A15 725B 
 107      7BDB 7FCD 
 108               		.text
 109               		.section	.gnu.lto_.symbol_nodes.eb41316963be01f5,"",@progbits
 110 0000 789C 6363 		.string	"x\234cc``\320\006b\006&\206z\006\206\t\347\030@\324\256\006G\006\006V&\006\005\2208c=#\21
 110      6060 D006 
 110      6206 2686 
 110      7A06 8609 
 110      E718 40D4 
 111 0026 B3F5 080D 		.ascii	"\263\365\b\r"
 112               		.text
 113               		.section	.gnu.lto_.refs.eb41316963be01f5,"",@progbits
 114 0000 789C 0DC3 		.string	"x\234\r\303\261\n"
 114      B10A 00
 115 0007 1000      		.string	"\020"
 116 0009 40C1 F728 		.ascii	"@\301\367(\212\311d2)\006\203\377\377;\256.\001\353/`\304\214"
 116      8AC9 6432 
 116      2906 83FF 
 116      FF3B AE2E 
 116      01EB 2F60 
 117 001f 151B 761C 		.ascii	"\025\033v\0348q\343\301k@y\031E\001D"
 117      3871 E3C1 
 117      6B40 7919 
 117      4501 44
 118               		.text
 119               		.section	.gnu.lto_.decls.eb41316963be01f5,"",@progbits
 120 0000 789C 7595 		.ascii	"x\234u\225_PTU\030\300\357w\317\002\313\272\200\203\324`\263"
 120      5F50 5455 
 120      18C0 EF77 
 120      CF02 CBBA 
 120      8083 D460 
 121 0015 538D E20C 		.ascii	"S\215\342\f\017\305\252\231\346\324\203i3\275\365R=\370\322\272"
 121      0FC5 AA99 
 121      E6D4 8369 
 121      33BD F552 
 121      3DF8 D2BA 
 122 0029 2D1B 322C 		.ascii	"-\0332,\254-\213\326\333\305\330pp4\025rH+PQ\261D1\220\200\002"
 122      AC2D 8BD6 
 122      DBC5 D870 
 122      7034 1572 
 122      482B 5051 
 123 0043 1702 42FC 		.ascii	"\027\002B\374\207\210\241\200\242H\213\031\270\202\310\177\242"
 123      8788 A180 
 123      A248 8B19 
 123      B882 C87F 
 123      A2
 124 0054 EFFC B9EC 		.ascii	"\357\374\271\354\356\254{g\277{\357w\316\357|\177\316\371\356"
 124      EEAC 7B67 
 124      BF7B EF77 
 124      CEEF 7C7F 
 124      CEF9 EE
 125 0067 B7E1 9224 		.ascii	"\267\341\222$\335\216\224\244O@\222\306\360}\036/\202\317\006"
 125      DD8E 94A4 
 125      4F40 92C6 
 125      F07D 1E2F 
 125      82CF 06
 126 007a 1419 A516 		.ascii	"\024\031\245\026\305-\361\213\352\315(\027Q\020\227F\244\300"
 126      C52D F18B 
 126      EACD 2817 
 126      5110 9746 
 126      A4C0 
 127 008c 6B37 0E6A 		.ascii	"k7\016j\361\031\213\022'\326\032P\266\240\214\242xQ\006\304\332"
 127      F119 8B12 
 127      27D6 1A50 
 127      B6A0 8CA2 
 127      7851 06C4 
 128 00a1 21F1 A4F6 		.ascii	"!\361\244\366\364(O%\356"
 128      F428 4F25 
 128      EE
 129 00aa FF19 CA38 		.string	"\377\031\3128\312\004\312$\312\024\3124\312\f\312,\312\334s\374\346\243\241p\021\247A\370
 129      CA04 CA24 
 129      CA14 CA34 
 129      CA0C CA2C 
 129      CADC 73FC 
 130 01ab EE18 F04D 		.ascii	"\356\030\360M\006\020\017`\302u`*>9\247\016\201\300$\365]P|\\"
 130      0610 0F60 
 130      C275 602A 
 130      3E39 A70E 
 130      81C0 24F5 
 131 01c3 56CD B11F 		.ascii	"V\315\261\037H\302\332\274zq\313\002\361\231\243c\262z\344\334"
 131      48C2 DABC 
 131      7A71 CB02 
 131      F199 A363 
 131      B27A E4DC 
 132 01d7 BAC0 709C 		.ascii	"\272\300p\234\261~\026\270]?\367\376\346\271\357\200i\377$A\224"
 132      B17E 16B8 
 132      5D3F F7FE 
 132      E6B9 EF80 
 132      69FF 2441 
 133 01ec 4241 D389 		.ascii	"BA\323\211\022-Ig[>\235;\331C42?!\310\320\320\261K\317j{\264"
 133      122D 4967 
 133      5B3E 9D3B 
 133      D943 3432 
 133      3F21 C8D0 
 134 0207 F107 D9C6 		.ascii	"\361\007\331\306+\312b`S|o%h\202x\274\377\001\032nk\362J\335"
 134      2BCA 6260 
 134      537C 6F25 
 134      6882 78BC 
 134      FF01 1A6E 
 135 021f 6CE4 B262 		.ascii	"l\344\262b\245\370\236\342\036,Zs\364X\266R\216\3536\310\024"
 135      A5F8 9EE2 
 135      1E2C 5A73 
 135      F458 B652 
 135      8EEB 36C8 
 136 0234 8446 DF61 		.ascii	"\204F\337a5\262R\204\006\350\303\240\232a\031\256\255\031\256"
 136      35B2 5284 
 136      06E8 C3A0 
 136      9A61 19AE 
 136      AD19 AE
 137 0247 7A97 1C04 		.ascii	"z\227\034\004\026\307`\331\315\216(\026\207{!\216\374\246^\342"
 137      16C7 60D9 
 137      CD8E 2816 
 137      877B 218E 
 137      FCA6 5EE2 
 138 025b 1F86 DB2F 		.ascii	"\037\206\333/\214"
 138      8C
 139 0260 5616 C69F 		.string	"V\026\306\237j\030\367\317U\266\352E\030\236\303\261\327\025\245\020\227\025\313\224\203\
 139      6A18 F7CF 
 139      55B6 EA45 
 139      189E C3B1 
 139      D715 A510 
 140 0361 4BD4 2D32 		.ascii	"K\324-2\322\203\\E\233\343Q\266\177\236\001\222\243\344\305\260"
 140      D283 5C45 
 140      9BE3 51B6 
 140      7F9E 0192 
 140      A3E4 C5B0 
 141 0375 ADF8 0BCF 		.ascii	"\255\370\013\317\214\242\253U\224\215\366A\002\334\004\337\212"
 141      8CA2 AB55 
 141      948D F641 
 141      02DC 04DF 
 141      8A
 142 0386 EEF7 DABF 		.ascii	"\356\367\332\277"
 143 038a 6013 B742 		.string	"`\023\267B\342]~x\243\212\337\t\211\257\366\321m*\335\033\222\356a\306\367\363\022\315V`\
 143      E25D 7E78 
 143      A38A DF09 
 143      89AF F6D1 
 143      6D2A DD1B 
 144 048b 23B0 0217 		.ascii	"#\260\002\027\376X\327\352\001}\336\302\3373[\342CGA\317Z>>\021"
 144      FE58 D7EA 
 144      017D DEC2 
 144      DF33 5BE2 
 144      4347 41CF 
 145 04a3 2EA9 6FAD 		.ascii	".\251o\255\326.?\302\373L)6\232-/\262\376\313\377\026\236\302"
 145      D62E 3FC2 
 145      FB4C 2936 
 145      9A2D 2FB2 
 145      FECB FF16 
 146 04b9 7264 F2CA 		.ascii	"rd\362\312:\274z\316\270[\276\213\315V\\\020\210\2151\254\271"
 146      3ABC 7ACE 
 146      B85B BE8B 
 146      CD56 5C10 
 146      888D 31AC 
 147 04ce AEC8 230B 		.ascii	"\256\310#\013\254\343%4\026\b=c\320\231\356\246\275\302\237\373"
 147      ACE3 2534 
 147      1608 3D63 
 147      D099 EEA6 
 147      BDC2 9FFB 
 148 04e2 D1D2 2068 		.ascii	"\321\322 h\234A5\335\275\277\204\t\250;>\b\232`\320\265\306\322"
 148      9C41 35DD 
 148      BDBF 8409 
 148      A83B 3E08 
 148      9A60 D0B5 
 149 04f8 C228 0135 		.ascii	"\302(\0015~\245\300\306@h\222Aw/\271\372\243\0054\032\fM1\250"
 149      7EA5 C0C6 
 149      4068 9241 
 149      772F B9FA 
 149      A305 341A 
 150 0510 CC35 7747 		.ascii	"\3145wG\265\324\235\023\004M3h\276\240\342\251F\205\\A\320\f"
 150      B5D4 9D13 
 150      044D 3368 
 150      BEA0 E2A9 
 150      4685 5C41 
 151 0526 0FBC B2AA 		.ascii	"\017\274\262\2520B\205\276\016\202f\031\324QRP\261\220]n\020"
 151      3042 85BE 
 151      0E82 6619 
 151      D451 5250 
 151      B190 5D6E 
 152 053b 3407 CBA5 		.ascii	"4\007\313\245\370\317\263\314\031\316\254tc\232\365K\213=\331"
 152      F8CF B3CC 
 152      19CE AC74 
 152      639A F54B 
 152      8B3D D9
 153 054e 6AB2 D833 		.ascii	"j\262\3303>KMI\262h\337\377\340\343W7\255_/i\263R3\234\253\326"
 153      3E4B 4D49 
 153      B268 DFFF 
 153      E0E3 5737 
 153      AD5F 2F69 
 154 0568 9A9C EB8C 		.ascii	"\232\234\353\214Y\231\016\243\315n1\333\214\233\2546\233\331"
 154      5999 0EA3 
 154      CD6E 31DB 
 154      8C9B AC36 
 154      9BD9 
 155 057a 6134 6F77 		.ascii	"a4ow\274\236b\261lXg\\\227\264&i%\325\215\251\031\026[V\262\325"
 155      BC9E 62B1 
 155      6C58 675C 
 155      97B4 2669 
 155      25D5 8DA9 
 156 0594 98E9 4CC6 		.ascii	"\230\351L\306\205I[\245\bj\340-\2233:\320\305\322P\236%]\272"
 156      8549 5BA5 
 156      086A E02D 
 156      9333 3AD0 
 156      C5D2 509E 
 157 05ab 3D59 6851 		.ascii	"=YhQ8\231n\336&4\3420\357\b3m\264\333m\232\2144\207=>s\007N}"
 157      3899 6EDE 
 157      2634 E230 
 157      EF08 336D 
 157      B4DB 6D9A 
 158 05c8 6AB6 A465 		.ascii	"j\266\244e\332\314\231[\371\3336\263\305\032\315&R\034\346\355"
 158      DACC 995B 
 158      F9DB 36B3 
 158      C51A CD26 
 158      521C E6ED 
 159 05dc 5693 35D3 		.ascii	"V\2235\323\022\236a7\245d\245\362Q\207\331\34649\026T\033Um\250"
 159      129E 6137 
 159      A564 A5F2 
 159      5187 D9E6 
 159      3439 1654 
 160 05f4 2EB1 98B7 		.ascii	".\261\230\267ebri&\247\235\272s:\354\266\027\030\"\024\223\n"
 160      6562 7269 
 160      26A7 9DBA 
 160      733A ECB6 
 160      1718 2214 
 161 060a 840A 7CAB 		.ascii	"\204\n|\253\024\023\020\255\311\371?z6Q#"
 161      1413 10AD 
 161      C9F9 3F7A 
 161      3651 23
 162               		.text
 163               		.section	.gnu.lto_.symtab.eb41316963be01f5,"",@progbits
 164 0000 6B65 7963 		.string	"keycode_config"
 164      6F64 655F 
 164      636F 6E66 
 164      6967 00
 165 000f 00        		.string	""
 166 0010 00        		.string	""
 167 0011 00        		.string	""
 168 0012 00        		.string	""
 169 0013 00        		.string	""
 170 0014 00        		.string	""
 171 0015 00        		.string	""
 172 0016 00        		.string	""
 173 0017 00        		.string	""
 174 0018 00        		.string	""
 175 0019 00        		.string	""
 176 001a C500      		.string	"\305"
 177 001c 00        		.string	""
 178 001d 00        		.string	""
 179 001e 6D6F 645F 		.string	"mod_config"
 179      636F 6E66 
 179      6967 00
 180 0029 00        		.string	""
 181 002a 00        		.string	""
 182 002b 00        		.string	""
 183 002c 00        		.string	""
 184 002d 00        		.string	""
 185 002e 00        		.string	""
 186 002f 00        		.string	""
 187 0030 00        		.string	""
 188 0031 00        		.string	""
 189 0032 00        		.string	""
 190 0033 00        		.string	""
 191 0034 C900      		.string	"\311"
 192 0036 00        		.string	""
 193 0037 00        		.string	""
 194 0038 6B65 796D 		.string	"keymap_config"
 194      6170 5F63 
 194      6F6E 6669 
 194      6700 
 195 0046 00        		.string	""
 196 0047 02        		.ascii	"\002"
 197 0048 00        		.string	""
 198 0049 00        		.string	""
 199 004a 00        		.string	""
 200 004b 00        		.string	""
 201 004c 00        		.string	""
 202 004d 00        		.string	""
 203 004e 00        		.string	""
 204 004f 00        		.string	""
 205 0050 00        		.string	""
 206 0051 F100      		.string	"\361"
 207 0053 00        		.string	""
 208 0054 00        		.string	""
 209               		.text
 210               		.section	.gnu.lto_.opts,"",@progbits
 211 0000 272D 666D 		.ascii	"'-fmath-errno' '-fsigned-zeros' '-ftrapping-m"
 211      6174 682D 
 211      6572 726E 
 211      6F27 2027 
 211      2D66 7369 
 212 002d 6174 6827 		.string	"ath' '-fno-trapv' '-fno-openmp' '-fno-openacc' '-mn-flash=1' '-mno-skip-bug' '-mmcu=avr5'
 212      2027 2D66 
 212      6E6F 2D74 
 212      7261 7076 
 212      2720 272D 
 213               		.text
 214               		.comm	__gnu_lto_v1,1,1
 215               		.comm	__gnu_lto_slim,1,1
 216               		.ident	"GCC: (GNU) 7.4.0"
DEFINED SYMBOLS
                            *ABS*:0000000000000000 keycode_config.c
/var/folders/7d/r_phv7rx6m99qllr_nm2m9c80000gn/T//ccBz8t90.s:2      *ABS*:000000000000003e __SP_H__
/var/folders/7d/r_phv7rx6m99qllr_nm2m9c80000gn/T//ccBz8t90.s:3      *ABS*:000000000000003d __SP_L__
/var/folders/7d/r_phv7rx6m99qllr_nm2m9c80000gn/T//ccBz8t90.s:4      *ABS*:000000000000003f __SREG__
/var/folders/7d/r_phv7rx6m99qllr_nm2m9c80000gn/T//ccBz8t90.s:5      *ABS*:0000000000000000 __tmp_reg__
/var/folders/7d/r_phv7rx6m99qllr_nm2m9c80000gn/T//ccBz8t90.s:6      *ABS*:0000000000000001 __zero_reg__
                            *COM*:0000000000000001 __gnu_lto_v1
                            *COM*:0000000000000001 __gnu_lto_slim

NO UNDEFINED SYMBOLS
