   1               		.file	"keymap_common.c"
   2               	__SP_H__ = 0x3e
   3               	__SP_L__ = 0x3d
   4               	__SREG__ = 0x3f
   5               	__tmp_reg__ = 0
   6               	__zero_reg__ = 1
   7               		.section	.gnu.lto_.profile.67e09d1dcbe5ce36,"",@progbits
   8 0000 789C 6363 		.ascii	"x\234cc```\003bF\206G\214g\030\001\005\310\001\276"
   8      6060 6003 
   8      6246 8647 
   8      8C67 1801 
   8      05C8 01BE 
   9               		.text
  10               		.section	.gnu.lto_.icf.67e09d1dcbe5ce36,"",@progbits
  11 0000 789C 6363 		.string	"x\234cc``Pc@"
  11      6060 5063 
  11      4000 
  12 000a 3686 B7AB 		.string	"6\206\267\253\366Obe\334\363\377\324m\026\246\226\215\347\256p\260\254\377\261d\001\037\3
  12      F64F 6265 
  12      DCF3 FFD4 
  12      6D16 A696 
  12      8DE7 AE70 
  13 0033 00        		.string	""
  14 0034 715B 1269 		.ascii	"q[\022i"
  15               		.text
  16               		.section	.gnu.lto_.jmpfuncs.67e09d1dcbe5ce36,"",@progbits
  17 0000 789C 6590 		.ascii	"x\234e\220=\n\302@\020F\347\333Mb%\271@ \307\360\024\036(\225"
  17      3D0A C240 
  17      1046 E7DB 
  17      4D62 25B9 
  17      4020 C7F0 
  18 0018 8558 D98A 		.ascii	"\205X\331\212\225\215\215 \332\371/\026A\354S\210 x\n\275@\374"
  18      958D 8D20 
  18      DAF9 2F16 
  18      41EC 5388 
  18      2078 0ABD 
  19 002e D609 211B 		.ascii	"\326\t!\033\027\206\335}\373f\230\331HD\372\220z\205b\001\336"
  19      1786 DD7D 
  19      FB66 98D9 
  19      4844 FA90 
  19      7A85 6201 
  20 0043 67D6 055C 		.ascii	"g\326\005\\\340\217\030C8\340\201a\002\276r\267\221\203\250\240"
  20      E08F 1843 
  20      38E0 8161 
  20      02BE 72B7 
  20      9183 A8A0 
  21 0057 1141 CE2C 		.ascii	"\021A\316,F\nL,\246\243k\321\031[WN\260ABt\311\347E\250(\305"
  21      460A 4C2C 
  21      A6A3 6BD1 
  21      195B 574E 
  21      B041 4274 
  22 0071 1649 2327 		.ascii	"\026I#'fM\225\326\213w\036\253\024c\347I%j\353>\274\025V-\322"
  22      664D 95D6 
  22      8B77 1EAB 
  22      1463 E749 
  22      256A EB3E 
  23 008a BDAF B51A 		.ascii	"\275\257\265\032\340\b8\374\262\226\253\327\247\253\210\322\321"
  23      E008 38FC 
  23      B296 ABD7 
  23      A7AB 88D2 
  23      D1
  24 009b CF2A DDD4 		.ascii	"\317*\335\324\352\235\237\217^\245\221\236\332\236\004&\223f"
  24      EA9D 9F8F 
  24      5EA5 919E 
  24      DA9E 0426 
  24      9366 
  25 00ad 5B62 32FD 		.ascii	"[b2\375\321/\241DI\215"
  25      D12F A144 
  25      498D 
  26               		.text
  27               		.section	.gnu.lto_.inline.67e09d1dcbe5ce36,"",@progbits
  28 0000 789C 8D8C 		.string	"x\234\215\214\261\r\2000\f\004\337NbR\200\310\006\3244\214\222\3312\002\0053@OI\205\230\2
  28      B10D 8030 
  28      0C04 DF4E 
  28      6252 80C8 
  28      06D4 348C 
  29 002d 16BC E300 		.string	"\026\274\343"
  30 0031 C304 D653 		.ascii	"\303\004\326S\306.\033\350\2230|E\006\236\364\251\242\233\025"
  30      C62E 1BE8 
  30      9330 7C45 
  30      069E F4A9 
  30      A29B 15
  31 0044 56CE E166 		.ascii	"V\316\341fxo}\321Px\013qD\b\312\363\303\344>\254\324k\365\301"
  31      786F 7DD1 
  31      5078 0B71 
  31      4408 CAF3 
  31      C3E4 3EAC 
  32 005c DB4C 90E9 		.ascii	"\333L\220\351NM\255\265)\3760\333ha\212)\342\002\316\231\023"
  32      4E4D ADB5 
  32      29FE 30DB 
  32      6861 8A29 
  32      E202 CE99 
  33 0071 F2        		.ascii	"\362"
  34               		.text
  35               		.section	.gnu.lto_.pureconst.67e09d1dcbe5ce36,"",@progbits
  36 0000 789C 6363 		.string	"x\234cc``\340\005bV\006\tF\t\246]\214,\273\030\331\244"
  36      6060 E005 
  36      6256 0609 
  36      4609 A65D 
  36      8C2C BB18 
  37 0017 0BEC 01E6 		.ascii	"\013\354\001\346"
  38               		.text
  39               		.section	.gnu.lto_action_get_macro.67e09d1dcbe5ce36,"",@progbits
  40 0000 789C 6590 		.string	"x\234e\220MKBA\024\206\317\231\271\335\f\213\332UxWQ\230\213>\240\037\321/h\035ru\021q\27
  40      4D4B 4241 
  40      1486 CF99 
  40      B9DD 0C8B 
  40      DA55 7857 
  41 0055 7404 E8A7 		.string	"t\004\350\247\335E\0139 [\277\005\230q0DY\b\007B\224a\024W\370\006\307\353\317\272\325\27
  41      DD45 0B39 
  41      205B BF05 
  41      9871 3044 
  41      5908 0742 
  42 00dc CF6D EEF1 		.string	"\317m\356\361f\256\304x\237\315\275\025kq\345\207\273\357\236\025\026J\362\342\037y\211ni
  42      66AE C478 
  42      9FCD BD15 
  42      6B71 E587 
  42      BBEF 9E15 
  43 0117 16A8 4FA1 		.ascii	"\026\250O\241\t\013\026il\252\342\026\274blg/\245I\212nJ&Jw\315"
  43      090B 1669 
  43      6CAA E216 
  43      BC62 6C67 
  43      2FA5 498A 
  44 0131 3231 8680 		.ascii	"21\206\200Wv\036D\241\364\022\3375\025\361\006\302\021ch\322"
  44      5776 1E44 
  44      A1F4 12DF 
  44      3515 F106 
  44      C211 6368 
  45 0146 3F6D 7883 		.ascii	"?mx\203\343\272i\030f`P\0075\344\327\315\220\217M\370\270\031"
  45      E3BA 6918 
  45      6660 5007 
  45      35E4 D7CD 
  45      908F 4DF8 
  46 015c 0C7F 0119 		.ascii	"\f\177\001\031\246\200\223"
  46      A680 93
  47               		.text
  48               		.section	.gnu.lto_action_function.67e09d1dcbe5ce36,"",@progbits
  49 0000 789C 6590 		.string	"x\234e\220\275K\202Q\024\306\317\271\347\355\305\260\250-A\207\210\302\\,\350o\250\376\20
  49      BD4B 8251 
  49      14C6 CFB9 
  49      E7ED C5B0 
  49      A82D 4187 
  50 0080 DBDC AAF0 		.ascii	"\333\334\252\360\030}\234\272n\177Y}+T D\301\266\361Q\337s*+"
  50      187D 9CBA 
  50      6E7F 597D 
  50      2B54 2044 
  50      C1B6 F151 
  51 0098 B09F 6DE6 		.ascii	"\260\237m\346\256>Ln\004\226G\245\346\272\303{ eJZ\0173\262\247"
  51      AE3E 4C6E 
  51      0496 47A5 
  51      E6BA C37B 
  51      2065 4A5A 
  52 00b0 4084 6524 		.ascii	"@\204e$~\016O\321\203'\350\001\036\001\236\241\227\323\345\342"
  52      7E0E 4FD1 
  52      8327 E801 
  52      1E01 9EA1 
  52      97D3 E5E2 
  53 00c4 DA2B D190 		.ascii	"\332+\321\220M\276\024w\313\335\177\344\224\"5<\357\220\023\036"
  53      4DBE 1477 
  53      CBDD 7FE4 
  53      9422 353C 
  53      EF90 131E 
  54 00d8 1C57 9C06 		.ascii	"\034W\234\006X\261\271\307\233lM\320\210\315\275W\357\323\332"
  54      58B1 B9C7 
  54      9B6C 4DD0 
  54      88CD BD57 
  54      EFD3 DA
  55 00eb 2FF7 3DDD 		.ascii	"/\367=\335\341.\376q\227\350U\341\247\303\326V\257\256u\276\207"
  55      E12E FE71 
  55      97E8 55E1 
  55      A7C3 D656 
  55      AFAE 75BE 
  56 0100 55D4 8157 		.ascii	"U\324\201W\005\245F\227%[\355\234\264>\375\373W\003\002 \317"
  56      05A5 4697 
  56      255B ED9C 
  56      B43E FDFB 
  56      5703 0220 
  57 0115 F7BC 2B69 		.ascii	"\367\274+i\3012\t\245\322\026\274aj\320FT\345\t\325\230\243\256"
  57      C132 09A5 
  57      D216 BC61 
  57      6AD0 4654 
  57      E509 D598 
  58 012b 8544 2012 		.ascii	"\205D \022O\030c\363\341E#\020\235\r\232\206aF\374A\320c\341"
  58      4F18 63F3 
  58      E145 2310 
  58      9D0D 9A86 
  58      6146 FC41 
  59 0142 A019 0B89 		.ascii	"\240\031\013\211\271\020\231\321\370\017\351\342u\227"
  59      B910 99D1 
  59      F80F E9E2 
  59      7597 
  60               		.text
  61               		.section	.gnu.lto_keymap_key_to_keycode.67e09d1dcbe5ce36,"",@progbits
  62 0000 789C 7592 		.string	"x\234u\222\335K\223q\024\307\177g\277g\317\366lsz\227\344.\266`\230\024\316\025\324U\027\
  62      DD4B 9371 
  62      14C7 7F67 
  62      BF67 CFF6 
  62      6C73 7A97 
  63 0077 64C8 5A60 		.string	"d\310Z`n\025\270\341\026\277\303a&\271\025\316l\341\235\224\206\356\322\267\205.=\271"
  63      6E15 B8E1 
  63      16BF C361 
  63      26B9 15CE 
  63      6CE1 9D94 
  64 0094 59E8 0E6E 		.string	"Y\350\016n\005\337\ty\367e\271N\016\337\335\324\373\233\027e\324T\314\207\351\217\301\004
  64      05DF 0979 
  64      F765 B94E 
  64      0EDF DDD4 
  64      FB9B 1765 
  65 00d9 8367 908B 		.string	"\203g\220\213\271\335\363\335\r\006nQ\270\355\261HT\341d\344\256\020'\300H\212\333=\017C\
  65      B9DD F3DD 
  65      0D06 6E51 
  65      B8ED B148 
  65      54E1 64E4 
  66 0161 2751 ABF0 		.ascii	"'Q\253\360%r\262\004\262\324d\211\370\322h\200\266#1\242u\214"
  66      2572 B204 
  66      B2D4 6489 
  66      F8D2 6880 
  66      B623 31A2 
  67 0177 78BD 6233 		.ascii	"x\275b3\326\210\263\342=\312a\326\2047\201\226'\314>C\335\217"
  67      D688 B3E2 
  67      3DCA 61D6 
  67      8437 8196 
  67      27CC 3E43 
  68 018d 86F5 8F95 		.ascii	"\206\365\217\225t\246\237\203\237k(\024\222R>]\354rS`0\303\366"
  68      74A6 9F83 
  68      9F6B 2814 
  68      9252 3E5D 
  68      EC72 5360 
  69 01a4 9016 6BA6 		.ascii	"\220\026k\246\313\300\005\266\323\322\030\204\301\226\342!\225"
  69      CBC0 05B6 
  69      D3D2 1884 
  69      C196 E221 
  69      95
  70 01b5 CD11 D84F 		.ascii	"\315\021\330O\013\377\243\201\350\227\207h5\002\024\330\336\r"
  70      0BFF A381 
  70      E897 8768 
  70      3502 14D8 
  70      DE0D 
  71 01c7 8888 FBEA 		.ascii	"\210\210\373\352'c\032\372\252\264\312f=\333\023\033FwB\316\306"
  71      2763 1AFA 
  71      AAB4 CA66 
  71      3DDB 131B 
  71      4677 42CE 
  72 01dc 402F 4FED 		.ascii	"@/O\355\360w|\275Q\337\013\335\265Y\235\\\202)\374<'i\301\250"
  72      F077 7CBD 
  72      51DF 0BDD 
  72      B559 9D5C 
  72      8229 FC3C 
  73 01f4 8C7A 7DDE 		.ascii	"\214z}\336L\373\220\354U\316\326\3014\364\342\200\220\336\375"
  73      4CFB 90EC 
  73      55CE D6C1 
  73      34F4 E280 
  73      90DE FD
  74 0207 6A72 40B7 		.ascii	"jr@\267'\352a\006\3548AZ{?\3207\"\356\211\006\210\220\250N\213"
  74      27EA 6106 
  74      EC38 415A 
  74      7B3F D037 
  74      22EE 8906 
  75 0220 5E7F 5B40 		.ascii	"^\177[@\215M\244D\r\314\202\035\307\231\003\367\201q$\034\200"
  75      8D4D A444 
  75      0DCC 821D 
  75      C799 03F7 
  75      8171 241C 
  76 0235 AD41 9D59 		.ascii	"\255A\235Y\271M\334?\206\330\027\360\034S|\025cgi\274V_\217`"
  76      B94D DC3F 
  76      86D8 17F0 
  76      1C53 7C15 
  76      6367 69BC 
  77 024d B9D4 2377 		.ascii	"\271\324#w`\245\f*\236X\251_\225\004\224\341\025X\224\343\"+"
  77      60A5 0C2A 
  77      9E58 A95F 
  77      9504 94E1 
  77      1558 94E3 
  78 0263 C190 8811 		.ascii	"\301\220\210\021x\r\202\237\353P\231\007\332\354\324zrVk\271"
  78      780D 829F 
  78      EB50 9907 
  78      DAEC D47A 
  78      7256 6BB9 
  79 0277 BC8F FDD4 		.ascii	"\274\217\375\324\025\3527(\354B\232m\235\016\372(\002o\210\325"
  79      15EA 3728 
  79      EC42 9A6D 
  79      9D0E FA28 
  79      026F 88D5 
  80 028b A312 55D8 		.ascii	"\243\022U\330\276\370\334\007\243\2450\305\032)\363\355\243\237"
  80      BEF8 DC07 
  80      A3A5 30C5 
  80      1A29 F3ED 
  80      A39F 
  81 029d BE14 1B4B 		.ascii	"\276\024\033K\263\313\201\200\225\320EB%\024\342 \034\032H\377"
  81      B3CB 8180 
  81      95D0 4542 
  81      2514 E220 
  81      1C1A 48FF 
  82 02b1 D71F 275F 		.ascii	"\327\037'_\307\276\222\037\242\371u\264\255F\3346~gX6\373z\265"
  82      C7BE 921F 
  82      A2F9 75B4 
  82      AD46 DC36 
  82      7E67 5836 
  83 02c8 A3BC AADA 		.ascii	"\243\274\252\332i\273VZ\343tT\026\025W8\235\025\345\371\305L"
  83      69BB 565A 
  83      E374 5416 
  83      1557 389D 
  83      15E5 F9C5 
  84 02dd 5DE6 A829 		.ascii	"]\346\250)uq\fk\213\212\\\2457\252\313\252\320p\224\224\270\354"
  84      7571 0C6B 
  84      8B8A 5CA5 
  84      37AA CBAA 
  84      D070 9494 
  85 02f3 678E 9655 		.ascii	"g\216\226U:\315\326\363\005'\315\205't\222\342\\ G'1~\316\205"
  85      3ACD D6F3 
  85      0527 CD85 
  85      2774 92E2 
  85      5C20 4727 
  86 030b CF4D A6B2 		.ascii	"\317M\246\262\263?\037\225V\354"
  86      B33F 1F95 
  86      56EC 
  87               		.text
  88               		.section	.gnu.lto_keymap_function_id_to_action.67e09d1dcbe5ce36,"",@progbits
  89 0000 789C 6D51 		.string	"x\234mQ\337K\223Q\030>\357w\316\3466mJW\222^l\3010)\312\335D]tQ\177CDD4\304\031Hn\232m\02
  89      DF4B 9351 
  89      183E EF77 
  89      CEE6 366D 
  89      4A57 925E 
  90 0070 2890 1660 		.ascii	"(\220\026`!\rB\320\306op\230\312l\030\205\327x\027\215a\272\370"
  90      210D 42D0 
  90      C66F 7098 
  90      CA6C 1885 
  90      D778 178D 
  91 0087 69AE 3B9F 		.ascii	"i\256;\237R\200\"L\357n$^\213\362\333R\206\245qS\267\307Z_J\354"
  91      5280 224C 
  91      EF6E 245E 
  91      8BF2 DB52 
  91      86A5 7153 
  92 00a1 694C C7F1 		.ascii	"iL\307\361\373P\n\t(\245;\036@9\016\377\\\351N\332x\t0\214[\343"
  92      FB50 0A09 
  92      28A5 3B1E 
  92      4039 0EFF 
  92      5CE9 4EDA 
  93 00bb 3DC3 A6B2 		.string	"=\303\246\262[\n8wJ\026 \b\206\201\357\304\021\017<\2042\032_\216ow\3542\013\342E\272\021
  93      5B0A 3877 
  93      4A16 2008 
  93      8681 EFC4 
  93      110F 3C84 
  94 01bc 91BD 2A47 		.ascii	"\221\275*G\256\243\244\262]\357\025\316\223\275\262\023\231\362"
  94      AEA3 A4B2 
  94      5DEF 15CE 
  94      93BD B213 
  94      99F2 
  95 01ce 887C 6BB9 		.ascii	"\210|k\271i\305*\260\r\023\340T\327M/'Rf\254\300$\210\030\027"
  95      69C5 2AB0 
  95      0D13 E054 
  95      D74D 2F27 
  95      5266 ACC0 
  96 01e6 D899 0281 		.ascii	"\330\231\002\201\365\211\265\314\214\305yz\007\366]wj\240@a\247"
  96      F589 B5CC 
  96      8CC5 797A 
  96      07F6 5D77 
  96      6AA0 4061 
  97 01fb 73D8 F6C9 		.ascii	"s\330\366\311\204N\025\230!\254\t;\263\n\333\237\236}cw\236\315"
  97      844E 1598 
  97      21AC 093B 
  97      B30A DB9F 
  97      9E7D 6377 
  98 0211 622D 34F9 		.ascii	"b-4\371\352\336W=\213}\226\303.\r\016\272\b\372\234\240\2702"
  98      EADE 573D 
  98      8B7D 96C3 
  98      2E0D 0EBA 
  98      08FA 9CA0 
  99 0227 7801 E21F 		.ascii	"x\001\342\037C\246?y\212r\301>R>B\376\005m\253\005w\200/\204"
  99      43A6 3F79 
  99      8A72 C13E 
  99      523E 42FE 
  99      056D AB05 
 100 023f B4C5 1783 		.ascii	"\264\305\027\203\225\376@\320w\350B\365e_e\275\247\252\316\347"
 100      95FE 40D0 
 100      77E8 42F5 
 100      655F 65BD 
 100      A7AA CEE7 
 101 0253 ABF3 1FAC 		.ascii	"\253\363\037\254b\371\347\203\376\252@M\235\337S\343\265x<\r"
 101      62F9 E783 
 101      FEAA 404D 
 101      9DDF 53E3 
 101      B578 3C0D 
 102 0267 D597 82B5 		.ascii	"\325\227\202\265\001\f*\275\336\006\367\341=\265\365>\207\353"
 102      010C 2ABD 
 102      DE06 F7E1 
 102      3DB5 F53E 
 102      87EB 
 103 0279 78C5 01C7 		.ascii	"x\305\001\307\231\3756\253JNPb\2632~\254\001\317\025\246\271"
 103      99FD 36AB 
 103      4A4E 5062 
 103      B332 7EAC 
 103      01CF 15A6 
 104 028e D92F E797 		.ascii	"\331/\347\227\t\026"
 104      0916 
 105               		.text
 106               		.section	.gnu.lto_action_for_key.67e09d1dcbe5ce36,"",@progbits
 107 0000 789C 8D59 		.ascii	"x\234\215YiTUW\262>\265\017\227yr@A\257\263\2108\317\222\311"
 107      6954 5557 
 107      B23E B50F 
 107      9779 7240 
 107      41AF B388 
 108 0018 7486 4E77 		.ascii	"t\206Nw\322\335\351\254\225\225\227\225\225\254$&mw\322\211\332"
 108      D2DD E9AC 
 108      9595 9795 
 108      95AC 2426 
 108      6D77 D289 
 109 002d 533A 2FAF 		.ascii	"S:/\257\327\323\213\002\312\344\f*\242\202(\310\240\202\200\b"
 109      D7D3 8B02 
 109      CAE4 0C2A 
 109      A282 28C8 
 109      A082 8008 
 110 0041 885E 67   		.ascii	"\210^g"
 111 0044 2438 206A 		.string	"$8 j\034#bP@\300Y\023'^\325\036\316=\227{\177<\327\262\330\365\235\252\257\366\256\332\32
 111      1C23 6250 
 111      40C0 5913 
 111      275E D51E 
 111      CE3D 977B 
 112 0145 4FE5 00   		.string	"O\345"
 113 0148 95CA 81AA 		.string	"\225\312\201\2521H5\006\253\306\020\325\030\312\302\027F\240\3530\222\376\341\n\036\246\0
 113      3148 3506 
 113      ABC6 10D5 
 113      18CA C217 
 113      46A0 EB30 
 114 01eb C1A8 3634 		.ascii	"\301\25064\335\\\032\030\231c\303\177\366\225\333#\353l\261\241"
 114      DD5C 1A18 
 114      9963 C37F 
 114      F695 DB23 
 114      EB6C B1A1 
 115 01ff E93A D352 		.ascii	"\351:\323R\321\272\004\254P\fV\\\236P\n\221h\233\360t\371q\320"
 115      D1BA 04AC 
 115      500C 565C 
 115      9E50 0A91 
 115      689B F074 
 116 0216 FB82 46AC 		.ascii	"\373\202F\254\2536'\372Dl\262\331\346\331\354\265\257\333\374"
 116      AB36 27FA 
 116      446C B2D9 
 116      E6D9 ECB5 
 116      AFDB FC
 117 0229 D375 1D76 		.ascii	"\323u\035v\200N~\023\2550\316\252!\240A\031D\240\355\272\357"
 117      804E 7E13 
 117      AD30 CEAA 
 117      21A0 4119 
 117      44A0 EDBA 
 118 023e D72D F0D7 		.ascii	"\327-\360\327\007q\277G\225\207\216q?\214W\373_\344\347\001;"
 118      0771 BF47 
 118      9587 8E71 
 118      3F8C 57FB 
 118      5FE4 E701 
 119 0253 859F 8A87 		.ascii	"\205\237\212\207\220\006\345\020A\346W\323\316\266\005\352\341"
 119      9006 E510 
 119      41E6 57D3 
 119      CEB6 05EA 
 119      E1
 120 0264 DC75 5562 		.ascii	"\334uUb\341\317~\341Y<\344\231T\237\030\233=z \205\2550\207\245"
 120      E1CF 7EE1 
 120      593C E499 
 120      549F 189B 
 120      3D7A 2085 
 121 027c 7F        		.ascii	"\177"
 122 027d 68DB 5E5D 		.string	"h\333^]\237n\321#\271\337-\373\332\030\017\351w\3615[\222\215\221\327.7^\311\371\205\007\
 122      9F6E D123 
 122      B9DF 2DFB 
 122      DA18 0FE9 
 122      77F1 355B 
 123 037e 8940 1241 		.ascii	"\211@\022A(\274\202ItC\341\335\235D\017\022=\t\013\241V/\022"
 123      28BC 8249 
 123      7443 E1DD 
 123      9D44 0F12 
 123      3D09 0BA1 
 124 0395 BD49 8492 		.ascii	"\275I\204\222\b#\321\207D_\0224\367<\373Q\253?\265\006\220\333"
 124      0823 D187 
 124      445F 1234 
 124      F73C FB51 
 124      AB3F B506 
 125 03ab 4052 0791 		.ascii	"@R\007\221\030Lb\b\211\241$\302I\f#\021Ab8yD\222\307\bRG\222"
 125      184C 6208 
 125      89A1 24C2 
 125      490C 2311 
 125      4162 3879 
 126 03c6 1845 6234 		.ascii	"\030Eb4\2111$\306\222\030Gb<\211\t\3441\221Z\223\2505\231|\247"
 126      8931 24C6 
 126      9218 4762 
 126      3C89 09E4 
 126      3191 5A93 
 127 03df 903A 9544 		.ascii	"\220:\225D\024\211\347H<OO_ \361\"\211\227\310n\032\211\227I"
 127      1489 E748 
 127      3C4F 4F5F 
 127      20F1 2289 
 127      97C8 6E1A 
 128 03f6 FD15 B55E 		.ascii	"\375\025\265^!\273WI\274F\342u\022\277&\361\006\231\374\206\304"
 128      21BB 5749 
 128      BC46 E275 
 128      12BF 26F1 
 128      0699 FC86 
 129 040b 6FC9 EE4D 		.ascii	"o\311\356M\022o\321\203\337\221\370==\370\003\211\267I\374\221"
 129      126F D183 
 129      DF91 F83D 
 129      3DF8 0389 
 129      B749 FC91 
 130 041f C43B 24DE 		.ascii	"\304;$\336\005Z\272\357i4\037\336\347\362\003\215\346\303\207"
 130      055A BAEF 
 130      6934 1FDE 
 130      E7F2 038D 
 130      E6C3 87
 131 0432 5C7E A4D1 		.ascii	"\\~\244\321\034\371\230\267?\341\355O\271\234\256\321\274\371"
 131      1CF9 98B7 
 131      3FE1 ED4F 
 131      B99C AED1 
 131      BCF9 
 132 0444 8CB7 6750 		.ascii	"\214\267gP\244?\223\370\013E\372\202\304\227D\375W\022_\221\372"
 132      A43F 93F8 
 132      0B45 FA82 
 132      C497 44FD 
 132      5712 5F91 
 133 0459 3589 9964 		.ascii	"5\211\231d2\213O\212\277\001IM[\210s,\356\230f\263k\3618M\261"
 133      328B 4F8A 
 133      BF01 494D 
 133      5B88 732C 
 133      EE98 66B3 
 134 0472 35DF AEB5 		.ascii	"5\337\256\265Al\306\335;@\023;M\177\017\347\\yy\333\005\257\271"
 134      416C C6DD 
 134      3B40 133B 
 134      4D7F 0FE7 
 134      5C79 79DB 
 135 0489 4F6D DEE9 		.ascii	"Om\336\351\272O\252\216s\035\216\300\\-M\177\227v\216t\335W\273"
 135      BA4F AA8E 
 135      731D 8EC0 
 135      5C2D 4D7F 
 135      9776 8E74 
 136 04a0 06F3 0692 		.ascii	"\006\363\006\2229u\036]\220!&\243\263U2\274\357\314\340\227\212"
 136      3975 1E5D 
 136      9021 26A3 
 136      B355 32BC 
 136      EFCC E097 
 137 04b5 8134 A8E1 		.ascii	"\2014\250\341\f\357\245\353\376]\274\337\327Z`\227\255d\207\305"
 137      0CEF A5EB 
 137      FE5D BCDF 
 137      D75A 6097 
 137      AD64 87C5 
 138 04c9 E1BD A57E 		.ascii	"\341\275\245~}\007,\203%\32116[FVjX\272\036\240i+\371\352\200"
 138      7D07 2C83 
 138      25D1 3136 
 138      5B46 566A 
 138      58BA 1EA0 
 139 04e2 EFF1 019A 		.ascii	"\357\361\001\232\224.\250-\362\245\235\326\002\244&\227\237N"
 139      942E A82D 
 139      F2A5 9DD6 
 139      02A4 2697 
 139      9F4E 
 140 04f4 F651 1EA5 		.ascii	"\366Q\036\245\270\361\005@-\256\212\225\324y\r\216\n\237\242"
 140      B8F1 0540 
 140      2DAE 8A95 
 140      D479 0D8E 
 140      0A9F A2
 141 0507 7537 6302 		.ascii	"u7c\002\204\317F\322\3676l\277\355't\017R\227o\377oEqE'\212\343"
 141      84CF 46D2 
 141      F736 6CBF 
 141      ED27 740F 
 141      5297 6FFF 
 142 0522 B8B8 8E81 		.ascii	"\270\270\216\201u%\r@\203\023\202\345\342\232\342\365\201\302"
 142      7525 0D40 
 142      8313 82E5 
 142      E29A E2F5 
 142      81C2 
 143 0534 2B87 F47D 		.ascii	"+\207\364}+\262\362<\204\276\211\364\243?\257\\iQ<\2679\317I"
 143      2BB2 F23C 
 143      84BE 89F4 
 143      A33F AF5C 
 143      6951 3CB7 
 144 054b E4A9 231E 		.ascii	"\344\251#\036\276\177\324\013\236m\267\0365K\277\335\2447uv\352"
 144      BE7F D40B 
 144      9E6D B71E 
 144      354B BFDD 
 144      A437 7576 
 145 0560 42DD 4C6A 		.ascii	"B\335Ljz]Y:S4O9\315i\2449E4\036DsF\320\3348\331h\227\203\270"
 145      7A5D 593A 
 145      5334 4F39 
 145      CD69 A439 
 145      4534 1E44 
 146 057e 4CFA 9A8C 		.ascii	"L\372\232\214'\207$\217\235\364UU\3537\005\030\231\341<g\221"
 146      2787 248F 
 146      9DF4 5555 
 146      EB37 0518 
 146      99E1 3C67 
 147 0593 E707 E2B1 		.ascii	"\347\007\342\261\020\3179\301\363l\355\352\00529\327I?s\252*"
 147      10CF 39C1 
 147      F36C EDEA 
 147      0532 39D7 
 147      493F 73AA 
 148 05a8 1384 DE40 		.ascii	"\023\204\336@zqb\301\031\203\247\211\363\\@\236\363Fz.\n\236"
 148      7A71 62C1 
 148      1983 A789 
 148      F35C 409E 
 148      F346 7A2E 
 149 05be FAF9 078E 		.ascii	"\372\371\007\216\313\370\235\244\327ln\356\360\024\372-\322s"
 149      CBF8 9DA4 
 149      D76C 6EEE 
 149      F014 FA2D 
 149      D273 
 150 05d0 37E7 B418 		.ascii	"7\347\264\030\265\315\345\225\372\021y.\021\217'\361\\\026<\307"
 150      B5CD E595 
 150      FA11 792E 
 150      118F 27F1 
 150      5C16 3CC7 
 151 05e4 631E 0F92 		.ascii	"c\036\017\2224/\243z\247)\372g&t\033\235\26451\227w\372\031\325"
 151      342F A37A 
 151      A729 FA67 
 151      2674 1B9D 
 151      B435 3197 
 152 05fc E234 5790 		.ascii	"\3424W\220\246\201h\274\210\246Q\320\234\337\232Wk\221<\227i"
 152      A681 68BC 
 152      88A6 51D0 
 152      9CDF 9A57 
 152      6B91 3C97 
 153 0611 3F6D 3D57 		.ascii	"?m=WsD\226\017\027\001\0029\317\362_RD\3679\321OHt\225\210\274"
 153      7344 960F 
 153      1701 0239 
 153      CFF2 5F52 
 153      44F7 39D1 
 154 062b 89A8 4910 		.ascii	"\211\250I\020\025\316\337~G\215\253\223\374NTTGK\300\326@\300"
 154      15CE DF7E 
 154      478D AB93 
 154      FC4E 5454 
 154      474B C0D6 
 155 0641 C98B 67E3 		.ascii	"\311\213g\343\003\215\221\005\020\323ud\272FL>\304\324,\230\016"
 155      038D 9105 
 155      10D3 7564 
 155      BA46 4C3E 
 155      C4D4 2C98 
 156 0656 961C FF56 		.ascii	"\226\034\377V\022\255'=\366Q\312\345 Id#\340p\355\3226ocl\234"
 156      12AD 273D 
 156      F651 CAE5 
 156      2049 6423 
 156      E070 EDD2 
 157 066f A815 895A 		.ascii	"\250\025\211Z\210\310\227\210n\b\242L\333\361\243\262d\235\231"
 157      88C8 9788 
 157      6E08 A24C 
 157      DBF1 A3B2 
 157      649D 99
 158 0682 0424 D5DD 		.ascii	"\004$\325\335NS]\312 \240\244$\265\320Hv;gjG\2466b\362#\246\016"
 158      4E53 5DCA 
 158      20A0 A424 
 158      B5D0 4876 
 158      3B67 6A47 
 159 069d C174 E456 		.ascii	"\301t\344Vy\234,vg\026\257RVc\231b\332@@\\\315\271</\305\264"
 159      799C 2C76 
 159      6716 AF52 
 159      5663 9962 
 159      DA40 405C 
 160 06b7 2990 986E 		.ascii	")\220\230n!\323Mb\362'\246\333\202\351\350\367\277<'\211\370"
 160      21D3 4D62 
 160      F227 A6DB 
 160      82E9 E8F7 
 160      BF3C 2789 
 161 06cc 6AD8 5670 		.ascii	"j\330Vp#\307[\022\361E\227\230\375l\231AT\316\211\356\"\321\035"
 161      23C7 5B12 
 161      F145 9798 
 161      FD6C 9941 
 161      54CE 89EE 
 162 06e3 220A 20A2 		.ascii	"\"\n \242{\202(+\371\302I\225o\276\316:\037\265\355\365\222L"
 162      7B82 282B 
 162      F9C2 4995 
 162      6FBE CE3A 
 162      1FB5 EDF5 
 163 06f9 D99C A9E0 		.ascii	"\331\234\251\340^\2121#\3339\323\003d\272OL\201\304\364P0m\370"
 163      5E8A 3123 
 163      DB39 D303 
 163      64BA 4F4C 
 163      81C4 F450 
 164 0710 A1E5 4349 		.ascii	"\241\345CI\224\313gr\334\336B\177I\304\227\332\301-e1\272\"\312"
 164      94CB 6772 
 164      DCDE 427F 
 164      49C4 97DA 
 164      C12D 6531 
 165 0727 0C22 A25F 		.ascii	"\f\"\242_\220\350g\"\n\"\242G\202(o\337O5*\337\371\004\034\332"
 165      90E8 6722 
 165      0A22 A247 
 165      8228 6FDF 
 165      4F35 2ADF 
 166 073f 947B 4D2E 		.ascii	"\224{M.a[\036\001\345;\323[\214\265_\312\231\236 \323cb\n&\246"
 166      615B 1E01 
 166      E53B D35B 
 166      8CB5 5FCA 
 166      999E 20D3 
 167 0758 A782 A93C 		.ascii	"\247\202\251</n\253\234\204\235E\234:\353Y\214\232\225\205\004"
 167      2F6E AB9C 
 167      849D 459C 
 167      3AEB 598C 
 167      9A95 8504 
 168 076c D4C5 C4AD 		.ascii	"\324\305\304\25566\264\026\316\324\211L\317\210\251\0331\331"
 168      3636 B416 
 168      CED4 894C 
 168      CF88 A91B 
 168      31D9 
 169 077e 1867 4AFA 		.ascii	"\030gJ\372\245&]\346\267\263\230\200\365\365\311\207e)m\333y"
 169      A526 5DE6 
 169      B7B3 9880 
 169      F5F5 C987 
 169      6529 6DDB 
 170 0793 45E2 4B56 		.ascii	"E\342KV\373\032\023\2343\315cV\210f\310\324\235\230\346\013\246"
 170      FB1A 139C 
 170      33CD 6356 
 170      8866 C8D4 
 170      9D98 E60B 
 171 07a8 2DD9 E716 		.ascii	"-\331\347\026I\246\312r\236\360\375\363~2v\240\252\236\344\030"
 171      49A6 CA72 
 171      9EF0 FDF3 
 171      7E32 76A0 
 171      AA9E E418 
 172 07bc C368 4FED 		.ascii	"\303hO\355A^\261\302\353Y\\\356:\231\314]\334\353\336\251"
 172      415E B1C2 
 172      EB59 5CEE 
 172      3A99 CC5D 
 172      DCEB DEA9 
 173 07d0 B5C5 C694 		.ascii	"\265\305\306\224k\341^q\334\253'y-\020^W\327\335m\226\303\255"
 173      6BE1 5E71 
 173      DCAB 2779 
 173      2D10 5E57 
 173      D7DD 6D96 
 174 07e6 E25E 3979 		.ascii	"\342^9y\265\351\306\332\271\317\275\026r\257\020\362\212\027"
 174      B5E9 C6DA 
 174      B9CF BD16 
 174      72AF 10F2 
 174      8A17 
 175 07f8 5E0F 0B37 		.ascii	"^\017\0137\235P;&\367:\322\231\031g,\224\314\020\362J\340^\275"
 175      9D50 3B26 
 175      F73A D299 
 175      1967 2C94 
 175      CC10 F24A 
 176 080f C82B 5178 		.ascii	"\310+Qx->x\272N\306\332\303\275\022:N\247\004)\257-\334+\211"
 176      2D3E 78BA 
 176      4EC6 DAC3 
 176      BD12 3A4E 
 176      A704 29AF 
 177 0827 7BF5 26AF 		.ascii	"{\365&\257d\341\265\371vz\275\314\206\235{\245\324\324\267z\030"
 177      64E1 B5F9 
 177      767A BDCC 
 177      869D 7BA5 
 177      D4D4 B77A 
 178 083c F396 7B2D 		.ascii	"\363\226{-\342^\241\344\265XxU\027\255,\366W\233\004\001\353"
 178      E25E A1E4 
 178      B558 7855 
 178      17AD 2CF6 
 178      579B 0401 
 179 0851 B624 1E0B 		.ascii	"\266$\036\013P\273\r\337\236/5\304\0323$\227\017t)Vc\tU#\214"
 179      50BB 0DDF 
 179      9E2F 35C4 
 179      1A33 2497 
 179      0F74 2956 
 180 086a 9896 2113 		.ascii	"\230\226!\023\376\215\307\263\"Z\307\303\271\031\242q\333\246"
 180      FE8D C7B3 
 180      225A C7C3 
 180      B919 A271 
 180      DBA6 
 181 087c B391 F6EB 		.ascii	"\263\221\366\353V\230\237\032\327\336\036(\316J\020\307\345\206"
 181      5698 9F1A 
 181      D7DE 1E28 
 181      CE4A 10C7 
 181      E586 
 182 088e CB67 26CA 		.ascii	"\313g&\312\256>\323a9\366\n\317\343\201\302\204\271\034\306\364"
 182      AE3E D361 
 182      39F6 0ACF 
 182      E381 C284 
 182      B91C C6F4 
 183 08a2 3560 05A3 		.ascii	"5`\005\243\303\030\344"
 183      C318 E4
 184 08a9 619C 718D 		.string	"a\234q\215\237\334tAH\343{y<\2360F\360\273\337\203\210\256kM\020sa\177G\231\227<\251\351\
 184      9FDC 7441 
 184      48E3 7B79 
 184      3C9E 3046 
 184      F0BB DF83 
 185 09aa D61B C63D 		.string	"\326\033\306=4/W\343\364\035\2457d7\212"
 185      342F 57E3 
 185      F41D A537 
 185      6437 8A00 
 186 09ba 320C E39E 		.string	"2\f\343\236\232\305\325\370\320\321\363\227\345"
 186      9AC5 D5F8 
 186      D0D1 F397 
 186      E500 
 187 09c8 B703 641A 		.string	"\267\003d\032\306!\232\356j\374\340I\362u\271\316\213\0016\030\306\27547s)\353r\3437\302\
 187      C621 9AEE 
 187      6AFC E049 
 187      F275 B9CE 
 187      8B01 3618 
 188 0a08 D864 1887 		.string	"\330d\030\207\2713.\336\275[\355\360e"
 188      B933 2EDE 
 188      BD5B EDF0 
 188      6500 
 189 0a16 D986 711F 		.string	"\331\206q\037w\306+\342_\024\246;\001r\f\323\276\232\233\371\371\375\225%\252\"\345"
 189      77C6 2BE2 
 189      5F14 A63B 
 189      0172 0CD3 
 189      BE9A 9BF9 
 190 0a32 9B0D 63AB 		.string	"\233\rc\253;\343\0377->+\217\347*\200\\\303\270\237\2131]Y\345\303\376\352\341y\023S\345\
 190      3BE3 1F37 
 190      2D3E 2B8F 
 190      E72A 805C 
 190      C3B8 9F8B 
 191 0a59 794C ED03 		.string	"yL\355\003\0034\261\r\ftl\003\371Iab\033\360\244\215\360\347\270\252\2426\371\316\241S \2
 191      0334 B10D 
 191      0C74 6C03 
 191      F949 6162 
 191      1BF0 A48D 
 192 0abe E43B EDDF 		.string	"\344;\355\337\236n\367\357\002\276\177[\334\355\337\236<\374PS\322\222ex\0379\204\322\237
 192      9E6E F7EF 
 192      02BE 7F5B 
 192      DCED DF9E 
 192      3CFC 5053 
 193 0b56 E2F4 4E11 		.ascii	"\342\364N\021\223q]]\330\355\f\212\230\353$\b\340\221\206;\""
 193      9371 5D5D 
 193      D8ED 0C8A 
 193      98EB 2408 
 193      E091 863B 
 194 0b6b DD54 91FC 		.ascii	"\335T\221\374\210\361N\334\245\262{\2224P\356\0271\205\351|A"
 194      88F1 4EDC 
 194      A5B2 7B92 
 194      3450 EE17 
 194      3185 E97C 
 195 0b80 7983 076C 		.ascii	"y\203\007l\347\201\347\335Yp\316G\030\005\241\235\350b\256|O"
 195      E781 E7DD 
 195      5970 CE47 
 195      1805 A19D 
 195      E862 AE7C 
 196 0b95 9E8E 20BA 		.ascii	"\236\216 \272\305\247\257\316\347\225\321\001w\006\321\023\361"
 196      C5A7 AFCE 
 196      E795 D101 
 196      7706 D113 
 196      F1
 197 0ba6 725D 45FD 		.ascii	"r]E\375\230.h\332\313\ne5\203\351\205[\020\311c\3743\004\221"
 197      982E 68DA 
 197      CB0A 6535 
 197      83E9 855B 
 197      10C9 63FC 
 198 0bbd A820 FBB6 		.ascii	"\250 \373\266\370\222\251C\020\224\230\211\366\020\321g\202\350"
 198      F892 A943 
 198      1094 9889 
 198      F610 D167 
 198      82E8 
 199 0bcf A991 A06E 		.ascii	"\251\221\240n\202|\376-\225\234\356\210!OZ\345\275\032\213\030"
 199      827C FE2D 
 199      959C EE88 
 199      214F 5AE5 
 199      BD1A 8B18 
 200 0be3 8737 9476 		.ascii	"\2077\224vI`\0174C\233\206\353\253\217\370\n\033\333\2529\260"
 200      4960 0F34 
 200      439B 86EB 
 200      AB8F F80A 
 200      1BDB AA39 
 201 0bf8 4358 152A 		.ascii	"CX\025*\253\236\030\316\234\021/\314H\231\312\210\264\tA3\247"
 201      AB9E 18CE 
 201      9C11 2FCC 
 201      4899 CA88 
 201      B409 4133 
 202 0c0d F0BD 10A3 		.ascii	"\360\275\020\243+\341\306\212'\376\202\032\367\274.\341{\363"
 202      2BE1 C68A 
 202      27FE 821A 
 202      F7BC 2EE1 
 202      7BF3 
 203 0c1f 1EF4 E2E3 		.ascii	"\036\364\342\343\367\304\0054\023\207\316\223ff\016E\334\211"
 203      F7C4 0534 
 203      1387 CE93 
 203      6666 0E45 
 203      DC89 
 204 0c31 390C 465A 		.ascii	"9\fFZ\021&\243S\t\022\353\203\260\023u_\316\336\307\211\t\275"
 204      1126 A353 
 204      0912 EB83 
 204      B013 755F 
 204      CEDE C789 
 205 0c47 FABA CC0C 		.ascii	"\372\272\314\f\261\305D:fF\316\"93\304Z\336\266\350y\225u\034"
 205      B1C5 443A 
 205      6646 CE22 
 205      3933 C45A 
 205      DEB6 E879 
 206 0c5e CEF5 1B95 		.ascii	"\316\365\033\225_\377\347\027\372\344I_ciN\362\257\217\345\354"
 206      5FFF E717 
 206      FAE4 495F 
 206      6369 4EF2 
 206      AF8F E5EC 
 207 0c72 3F3C 9217 		.ascii	"?<\222\027\016\342+Y\321[4\242\257Qwd\375h\271\252V?|D;M\346"
 207      0EE2 2B59 
 207      D15B 34A2 
 207      AF51 7764 
 207      FD68 B9AA 
 208 0c8d C654 6F91 		.ascii	"\306To\221\235\333{\347@E\227\241\367GC\227\016\367\347\035\036"
 208      9DDB 7BE7 
 208      4045 97A1 
 208      F747 4397 
 208      0EF7 E71D 
 209 0ca2 E1E8 70A5 		.ascii	"\341\350p\245\352p\200pN\256l\226\376\237RW\234\347\315\247\242"
 209      EA70 8070 
 209      4EAE 6C96 
 209      FE9F 5257 
 209      9CE7 CDA7 
 210 0cb7 B26B 2B55 		.ascii	"\262k+UO\006 \346R\315\201\210;\345|\020b.\345\033\214\270\232"
 210      4F06 20E6 
 210      52CD 8188 
 210      3BE5 7C10 
 210      622E E51B 
 211 0cce 2CBC 7E7F 		.ascii	",\274~\177ul\007\016\256!\210\213\031.\201\241\210\301(\253\023"
 211      756C 070E 
 211      AE21 888B 
 211      192E 81A1 
 211      88C1 28AB 
 212 0ce3 7F38 AFE9 		.ascii	"\1778\257\351P\247\232\016C\330)^\004\0179\314\211}8\302.)\032"
 212      50A7 9A0E 
 212      43D8 295E 
 212      040F 39CC 
 212      897D 38C2 
 213 0cfa CE53 34D2 		.ascii	"\316S4\322\264\332U\212\002\205\363%#E\237\270\246\350\023\221"
 213      B4DA 558A 
 213      0285 F325 
 213      2345 9FB8 
 213      A6E8 1391 
 214 0d0e A276 2345 		.ascii	"\242v#E\221\210\271\244h\004\342NC\030\211\230K\212F!N\327\330"
 214      9188 B9A4 
 214      6804 E24E 
 214      4318 8998 
 214      4B8A 4621 
 215 0d25 F8C4 C572 		.ascii	"\370\304\305r3\261\255\230\003\225\246\234}\351.g\243\021w\312"
 215      33B1 AD98 
 215      0395 A69C 
 215      7DE9 2E67 
 215      A311 77CA 
 216 0d39 D918 C4BA 		.ascii	"\331\030\304\272\346l,\317\331\030\247\234\215C\330\251\003\343"
 216      E66C 2CCF 
 216      D918 A79C 
 216      8D43 D8A9 
 216      03E3 
 217 0d4b 791F C639 		.ascii	"y\037\3069\261O@\330%g\023x\316F9r\226\265X\346,\210\333\346"
 217      B14F 40D8 
 217      2567 1378 
 217      CE46 3972 
 217      96B5 58E6 
 218 0d63 2FFE 7FAC 		.ascii	"/\376\177\254\203]\246u\360\027\363:\370\002u\307:\250\252R\251"
 218      835D A675 
 218      F017 F33A 
 218      F802 75C7 
 218      3AA8 AA52 
 219 0d78 9D88 8F90 		.ascii	"\235\210\217\220\256\275\341f\t\210\374\334\303uP\325%\327\223"
 219      AEBD E166 
 219      0988 FCDC 
 219      C375 50D5 
 219      25D7 93
 220 0d8b D0D0 A5C3 		.ascii	"\320\320\245\303\223x\207G\233n\022\252\303\301ro\254*\220\376"
 220      9378 8747 
 220      9B6E 12AA 
 220      C3C1 726F 
 220      AC2A 90FE 
 221 0d9f 93A9 2BF4 		.ascii	"\223\251+\364M4[\002\037;\237\342\201\251tK\200\335\374\024\237"
 221      4D34 5B02 
 221      1F3B 9FE2 
 221      81A9 744B 
 221      80DD FC14 
 222 0db4 9C2E 462C 		.ascii	"\234.F,fD%\205\372X.\254=\252\333S\004\346\250\305T\304\324\370"
 222      6644 2585 
 222      FA58 2EAC 
 222      3DAA DB53 
 222      04E6 A8C5 
 223 0dcc 8CA2 4521 		.ascii	"\214\242E!N\203\3138\222\314d\361\247\301\236.3\3449\264\243"
 223      4E83 CB38 
 223      92CC 64F1 
 223      A7C1 9E2E 
 223      33E4 39B4 
 224 0de1 8B7D 74DB 		.ascii	"\213}t\333\376 id\327\300\336%\003\317\243\241K\006\236\347\031"
 224      FE20 6964 
 224      D7C0 DE25 
 224      03CF A3A1 
 224      4B06 9EE7 
 225 0df6 18E3 C8C0 		.ascii	"\030\343\310\300\r\225\201n\242sUF\207_\240\022u\335\375_D\234"
 225      0D95 816E 
 225      A273 5546 
 225      875F A012 
 225      75DD FD5F 
 226 0e0c BED5 AE49 		.ascii	"\276\325\256I;$\357\231\267\3662\330\353\346\370|\221G\032k\272"
 226      3B24 EF99 
 226      B7F6 32D8 
 226      EBE6 F87C 
 226      9147 1A6B 
 227 0e21 43A9 48DD 		.ascii	"C\251H\335\345\201\266G\345\372%\343@\223\3004\304\370\001f."
 227      E581 B647 
 227      E5FA 25E3 
 227      4093 C034 
 227      C4F8 0166 
 228 0e36 C087 6E0B 		.ascii	"\300\207n\013\260\217\027`\232k\001>\024\207\364\323=%\362\330"
 228      B08F 1760 
 228      9A6B 013E 
 228      1487 F4D3 
 228      3D25 F2D8 
 229 0e4a 7C99 C663 		.ascii	"|\231\306c\234\312\345~\002\375\025>p>L?B\320\315\351\371\221"
 229      9CCA E57E 
 229      02FD 153E 
 229      703E 4C3F 
 229      42D0 CDE9 
 230 0e60 2C68 9DCA 		.ascii	",h\235\312\317+\002s\024\364U\304\\\022\366\032\342\364\025\357"
 230      CF2B 0273 
 230      14F4 55C4 
 230      5C12 F61A 
 230      E2F4 15EF 
 231 0e74 EE0F D5AA 		.ascii	"\356\017\325\252\240\3669\260\337\264\232g`_y<r#\340\317\210"
 231      A0F6 39B0 
 231      DFB4 9A67 
 231      605F 793C 
 231      7223 E0CF 
 232 0e89 A14B C5A5 		.ascii	"\241K\305\245\333\342\253\260\027\336Q\341@\227\352\276\216v"
 232      DBE2 ABB0 
 232      17DE 51E1 
 232      4097 EABE 
 232      8E76 
 233 0e9b 4E81 7ECD 		.ascii	"N\201~\315c\275\356d\364\006\302.\205y\203\027f\234\351v\271"
 233      63BD EE64 
 233      F406 C22E 
 233      8579 8317 
 233      669C E976 
 234 0eb0 4216 264C 		.ascii	"B\026&L\244\254\252n\227L\331o\034S\200R&\257-\277\305\007N\345"
 234      A4AC AA6E 
 234      974C D96F 
 234      1C53 8052 
 234      26AF 2DBF 
 235 0ec8 7A13 31EC 		.ascii	"z\0231\354\360.{\346q\213\270~\f\200\203]\252\367\201\333\352"
 235      F02E 7BE6 
 235      718B B87E 
 235      0C80 835D 
 235      AAF7 81DB 
 236 0edd 1DE2 D57B 		.ascii	"\035\342\325{\323\265z\037\210\220G\215l\277%0G\266\177\207\230"
 236      D3B5 7A1F 
 236      8890 478D 
 236      6CBF 2530 
 236      47B6 7F87 
 237 0ef2 A36F 12FC 		.ascii	"\243o\022\374=\342N]\373\003b\030\371\207\223k*\325uo\032\034"
 237      3DE2 4E5D 
 237      FB03 6218 
 237      F987 936B 
 237      2AD5 756F 
 238 0f08 EEB2 E8DE 		.ascii	"\356\262\350\336vw%\375#w~\333\t{\007a\372\264\354\222\323wx"
 238      7677 25FD 
 238      2377 7EDB 
 238      097B 0761 
 238      FAB4 EC92 
 239 0f1f 4EC7 3B72 		.ascii	"N\307;r\272G\345\264\007\267\275\272\302xE\341\267\365\324L?"
 239      BA47 E5B4 
 239      07B7 BDBA 
 239      C278 45E1 
 239      B7F5 D44C 
 240 0f34 F5F5 125F 		.ascii	"\365\365\022_\243\231\270PL0\255J\345\336\223\273\337tr/\212"
 240      A399 B850 
 240      4C30 AD4A 
 240      E5DE 93BB 
 240      DF74 722F 
 241 0f49 B9FF 507D 		.ascii	"\271\377P}G\317\303\353\222t\237hZj\312=\204\273?vr\257L\334"
 241      47CF C3EB 
 241      9274 9F68 
 241      5A6A CA3D 
 241      84BB 3F76 
 242 0f61 1EAB DC37 		.ascii	"\036\253\3347\350P#\335'\231\266\361\024\351\336\213\273\347"
 242      E850 23DD 
 242      2799 B6F1 
 242      14E9 DE8B 
 242      BBE7 
 243 0f73 A498 DD17 		.ascii	"\244\230\335\027\036~\\\250>Nf\340\033\247t\237\354p\337\246"
 243      1E7E 5CA8 
 243      3E4E 66E0 
 243      1BA7 749F 
 243      EC70 DFA6 
 244 0f87 DC7B 73F7 		.ascii	"\334{s\367b'\367\371;\n2\324\327\264\215:\324J\367)\246\273\211"
 244      6227 F7F9 
 244      3B0A 32D4 
 244      D7B4 8D3A 
 244      D44A F729 
 245 0f9e 720F      		.ascii	"r\017"
 246 0fa0 E5EE 7B9C 		.ascii	"\345\356{\234\334\223\326t\254S/\037\331:\034\225\356SM\235O"
 246      DC93 D674 
 246      AC53 2F1F 
 246      D93A 1C95 
 246      EE53 4D9D 
 247 0fb5 95EE 9AE8 		.ascii	"\225\356\232\350|\252\343\345p\253\264\216\322\226\360\037\315"
 247      7CAA E3E5 
 247      70AB B48E 
 247      D296 F01F 
 247      CD
 248 0fc6 F040 D7E8 		.ascii	"\360@\327\350\227\217k\3004Q\307Y4\233R[jc\371^`~k\n\346\277"
 248      978F 6BC0 
 248      3451 C759 
 248      349B 525B 
 248      6A63 F95E 
 249 0fe0 E4EE 6CD9 		.ascii	"\344\356l\331\225\241\317\375\337t\275\033\375\032\314\177\350"
 249      95A1 CFFD 
 249      DF74 BD1B 
 249      FD1A CC7F 
 249      E8
 250 0ff1 5D95 74A0 		.ascii	"]\225t\240\331#\003\326E\213\203\315\002\307\331"
 250      D923 03D6 
 250      458B 83CD 
 250      02C7 D9
 251 1000 5C38 C6AC 		.string	"\\8\306\254\342t;\3012\200h1\204d\314\277W}\332w\304f\376\023xG9\213\315\300\325`\321\304
 251      E274 3BC1 
 251      3280 6831 
 251      8464 CCBF 
 251      577D DA77 
 252 1046 B3D2 74A6 		.string	"\263\322t\246\237\277\200\007\374\373\254\246?\375\256\364\370J\212|\235\212\216\006\250g
 252      9FBF 8007 
 252      FCFB ACA6 
 252      3FFD AEF4 
 252      F84A 8A7C 
 253 10e1 CDA2 4979 		.string	"\315\242Iyy@\323arB>P]\247\264\342_\254\330\324\274\355\350\356\023\236\206\361\351{\344\
 253      7940 D361 
 253      7242 3E50 
 253      5DA7 B4E2 
 253      5FAC D8D4 
 254 1149 82AF AD6F 		.string	"\202\257\255o\257\227\223\276\004\341\363\314\032H\360\243\206s{\345\227\2472\204/0k\020\
 254      AF97 93BE 
 254      04E1 F3CC 
 254      1A48 F0A3 
 254      8673 7BE5 
 255 11c2 8DCC DA8B 		.string	"\215\314\332\213\340\354\246\326&I\222\205\360Uf\355Mp\353\374\216X\331\223\215\b\377\304
 255      E0EC A6D6 
 255      2649 9285 
 255      F055 66ED 
 255      4D70 EBFC 
 256 1267 D3B4 D0BF 		.ascii	"\323\264\320\277\1773}\326\277\276\2319\366\253\031\337\315\234"
 256      7F33 7DD6 
 256      BFBE 9939 
 256      F6AB 19DF 
 256      CD9C 
 257 1279 FEB7 4F3E 		.ascii	"\376\267O>\237=s\346\354Yc>\327,_O\377n\306?t\204\365\231\263"
 257      9F3D 73E6 
 257      EC59 633E 
 257      D72C 5F4F 
 257      FF6E C63F 
 258 1292 FFE4 F1ED 		.ascii	"\377\344\361\355\0273f\371O\377\374__\316\236\365\t\177\342)"
 258      1733 66F9 
 258      4FFF FC5F 
 258      5FCE 9EF5 
 258      097F E229 
 259 12a6 142F 34F8 		.ascii	"\024/4\370|\366\237f\370\tu(\265\377\017;\324\347\341"
 259      7CF6 9F66 
 259      F809 7528 
 259      B5FF 0F3B 
 259      D4E7 E1
 260               		.text
 261               		.section	.gnu.lto_.symbol_nodes.67e09d1dcbe5ce36,"",@progbits
 262 0000 789C 6363 		.string	"x\234cc``\330\003\304\fL\"\365\f\f\023\31610"
 262      6060 D803 
 262      C40C 4C22 
 262      F50C 0C13 
 262      CE31 3000 
 263 0014 A95D 0D8E 		.string	"\251]\r\216@\001\321zFT\001\261z&\024\001V)\006\005\220N\361zfTqa\306F%\220\204P=\013\212
 263      4001 D17A 
 263      4654 01B1 
 263      7A26 1401 
 263      5629 0605 
 264 0076 3F30 2B2B 		.ascii	"?0++"
 265               		.text
 266               		.section	.gnu.lto_.refs.67e09d1dcbe5ce36,"",@progbits
 267 0000 789C 6363 		.string	"x\234cc``\340\006bF&&f6F\026&VF\006"
 267      6060 E006 
 267      6246 2626 
 267      6636 4616 
 267      2656 4606 
 268 0015 01D0 00   		.string	"\001\320"
 269 0018 2D        		.ascii	"-"
 270               		.text
 271               		.section	.gnu.lto_.decls.67e09d1dcbe5ce36,"",@progbits
 272 0000 789C 9D5A 		.ascii	"x\234\235ZiPTY\226\316\373n&K\202\340\b\325\203\325\264mT\321"
 272      6950 5459 
 272      96CE FB6E 
 272      264B 82E0 
 272      08D5 83D5 
 273 0018 31D4 266A 		.ascii	"1\324&j\325\214\326\304LtM\367D\364\277\3715\363\303\211\230"
 273      D58C D6C4 
 273      4C74 4DF7 
 273      44F4 BFF9 
 273      35F3 C389 
 274 002d A029 A0D4 		.ascii	"\240)\240\324\220\305\201\264\252\373W=\024\004Q\024\004-\020"
 274      90C5 81B4 
 274      AAFB 573D 
 274      1404 5114 
 274      042D 10
 275 0040 0504 1750 		.ascii	"\005\004\027P\020DEVEd\221}\007I\220M@I\005\0217D\2049wy\231"
 275      1044 4556 
 275      4564 917D 
 275      0749 904D 
 275      4049 0511 
 276 005b EFE5 CBC4 		.ascii	"\357\345\313\304\211\316"
 276      89CE 
 277 0061 E090 EFDE 		.string	"\340\220\357\336\367\335s\316\375\316\271\313\273/\0354\032\315\266\3174\232?a\215f\227\2
 277      F7DD 73CE 
 277      FDCE B9CB 
 277      BB2F 1D34 
 277      1ACD B6CF 
 278 0162 9904 9902 		.string	"\231\004\231\002y\004\362\030d\032\304d\325\317\024\214\352V\336T\273\037\306h\235\036\tP
 278      7904 F218 
 278      641A C464 
 278      D5CF 148C 
 278      EA56 DE54 
 279 01e3 A942 DE9A 		.ascii	"\251B\336\232S\242\023\2559%\306\211\342ZzyAd\037'\r)\242r\204"
 279      53A2 13AD 
 279      3925 C689 
 279      E25A 7A79 
 279      4164 1F27 
 280 01fc 653D CA68 		.ascii	"e=\312h\316\210u\305\277\242\246\037>\021\013\035\361\307\364"
 280      CE88 75C5 
 280      BFA2 A61F 
 280      3E11 0B1D 
 280      F1C7 F4
 281 020f BA30 6622 		.ascii	"\2720f\"\317\t<\364\326\243\025D\312O\313\336\256aer\273?/\277"
 281      CF09 3CF4 
 281      D6A3 1544 
 281      CA4F CBDE 
 281      AE61 6572 
 282 0227 C111 6FA0 		.ascii	"\301\021o\240\327WSbcu\233\362%+a\032t\227\233\200\233y\231\271"
 282      D757 5362 
 282      6375 9BF2 
 282      252B 611A 
 282      7497 9B80 
 283 023f B56B F0EF 		.ascii	"\265k\360\357\tPxv\371m\262#\362\325S\207\252WR\3779sH\0247\242"
 283      0950 7876 
 283      F96D B223 
 283      F2D5 5387 
 283      AA57 52FF 
 284 0259 06A4 4775 		.ascii	"\006\244Gu\b\243Z\264\211d\232\267\036\376\307\321\276f\211\330"
 284      08A3 5AB4 
 284      8964 9AB7 
 284      1EFE C7D1 
 284      BE66 89D8 
 285 026d CBDC D77A 		.ascii	"\313\334\327z\350+X'(T\003\275\275\003\275\005\003\207g\006\222"
 285      E82B 5827 
 285      2854 03BD 
 285      BD03 BD05 
 285      0387 6706 
 286 0282 74F8 67CA 		.ascii	"t\370g\312\327\263\371\013\327\334\221\217\207\257O6m?\222\273"
 286      D7B3 F90B 
 286      D7DC 918F 
 286      87AF 4F36 
 286      6D3F 92BB 
 287 0296 B1E7 4094 		.ascii	"\261\347@\224X\264\231\332\270\0076\232\220\207\244\017D\203"
 287      58B4 99DA 
 287      B807 369A 
 287      9087 A40F 
 287      4483 
 288 02a8 B690      		.ascii	"\266\220"
 289 02aa C44C 22FE 		.string	"\304L\"\376t\210Q\"\002f\257\203\352k\210\334#X\260\206\232\301p\013\362A\215\310\207\366
 289      7488 5122 
 289      0266 AF83 
 289      EA6B 88DC 
 289      2358 B086 
 290 03ab 48B8 0FF1 		.ascii	"H\270\017\361\350\003\351\3471\001\026{g\337<\326\343\022\306"
 290      E803 E9E7 
 290      3101 167B 
 290      67DF 3CD6 
 290      E312 C6
 291 03be 6269 DCC5 		.ascii	"bi\334\305#\356\310\327\203\231\251\377Gb\345\001\264\037\264"
 291      23EE C8D7 
 291      8399 A9FF 
 291      4762 E501 
 291      B41F B4
 292 03d1 3063 A4B1 		.ascii	"0c\244\261\262i\013\r\201\211\017\230\233xWP\356\306\346\024"
 292      B269 0B0D 
 292      8189 0F98 
 292      9B78 5750 
 292      EEC6 E614 
 293 03e5 0728 56DC 		.ascii	"\007(V\334\254\254\327\261\331g3\024\233.5\016\350\360\035\026"
 293      ACAC D7B1 
 293      D967 3314 
 293      9B2E 350E 
 293      E8F0 1D16 
 294 03f9 FFCE E8A2 		.ascii	"\377\316\350\242\323\230\335\323\312f#O6\033\325g\255\344\257"
 294      D398 DDD3 
 294      CA66 234F 
 294      361B D567 
 294      ADE4 AF
 295 040c C175 0C2A 		.ascii	"\301u\f*\315x\236l\306\033;\234\325\240\307\355\354^bcU\f\306"
 295      CD78 9E6C 
 295      C61B 3B9C 
 295      D5A0 C7ED 
 295      EC5E 6263 
 296 0423 03AC 50F6 		.ascii	"\003\254P\366\362\370"
 296      F2F8 
 297 0429 131D 7EC8 		.string	"\023\035~\310\n\373\227\017v\n\370\031-\340\342\370\234I\027\244g\263\030\033\330b\265e\0
 297      0AFB 970F 
 297      760A F819 
 297      2DE0 E2F8 
 297      9C49 17A4 
 298 052a 6DDF 5ABA 		.ascii	"m\337Z\272\bv\207O\350\242\350DL\206\332M\360\215\300\315\203"
 298      0876 874F 
 298      E8A2 E844 
 298      4C86 DA4D 
 298      F08D C0CD 
 299 053f CACF 6A9E 		.ascii	"\312\317j\236\230\275\301\247m\322\223Q\216\346>\337@V3E\337"
 299      98BD C1A7 
 299      6DD2 9351 
 299      8EE6 3EDF 
 299      4056 3345 
 300 0554 091A 9237 		.ascii	"\t\032\2227\312\220\220u~*\271\300\025\237`<=m\2729`\031\366"
 300      CA90 9075 
 300      7E2A B9C0 
 300      159F 603C 
 300      3D6D BA39 
 301 056b CB74 D8BF 		.ascii	"\313t\330\277\007\255\357,<\275Q\017{\251{h\tze\257\207`\252"
 301      07AD EF2C 
 301      3CBD 510F 
 301      7BA9 7B68 
 301      097A 65AF 
 302 0582 38A3 7169 		.ascii	"8\243qi\215k\274yb\246\252-\013\3302r\245{7\370\006pI\323\342"
 302      8D6B BC79 
 302      62A6 AA2D 
 302      0BD8 3272 
 302      A57B 37F8 
 303 059b 6B97 1160 		.ascii	"k\227\021`\002<\223vu\210\177!*\254\214h\021\276\031N\252B\034"
 303      023C 9376 
 303      7588 7F21 
 303      2AAC 8C68 
 303      11BE 194E 
 304 05b2 A691 AE39 		.ascii	"\246\221\2569\212"
 304      8A
 305 05b7 D50B 923A 		.string	"\325\013\222:\372\2074\\\333\212\364a\2329\304\242\216\324\t\322n\204i\3470\250\247X\231\
 305      FA87 345C 
 305      DB8A F461 
 305      9A39 C4A2 
 305      8ED4 09D2 
 306 06b8 24B2 BAE1 		.string	"$\262\272\341\324\222'\316\362N\374\371W\346>\034\247}H\222\372\360\250\373|\030\357\302\
 306      D492 27CE 
 306      F24E FCF9 
 306      57E6 3E1C 
 306      A77D 4892 
 307 0732 8652 CC0E 		.string	"\206R\314\016\237"
 307      9F00 
 308 0738 8753 E40E 		.ascii	"\207S\344\016\247Q\207\257\231\262\357\270\340\f{\016/\306.\f"
 308      A751 87AF 
 308      99B2 EFB8 
 308      E00C 7B0E 
 308      2FC6 2E0C 
 309 074c 62EA 5C8F 		.ascii	"b\352\\\217\231\363\346W\345\203N\366|;C};-\371\366\2444\273"
 309      99F3 E657 
 309      E583 4EF6 
 309      7C3B 437D 
 309      3B2D F9F6 
 310 0763 1E73 DF8C 		.ascii	"\036s\337\214\333\315\\\002\n\2352\273\226\016\256\235\222\273"
 310      DBCD 5C02 
 310      0A9D 32BB 
 310      960E AE9D 
 310      92BB 
 311 0775 9641 5DCB 		.ascii	"\226A]\313\177gJu\303\025\314\265\0173\227\305\230\033\313\257"
 311      7F67 4A75 
 311      C315 CCB5 
 311      0F33 97C5 
 311      981B CBAF 
 312 0789 39E4 809B 		.ascii	"9\344\200\233X\253\261\236\225T-ng\205\221\346\2035\002\356a"
 312      58AB B19E 
 312      9554 2D6E 
 312      6785 91E6 
 312      8335 02EE 
 313 079e 8592 8B09 		.ascii	"\205\222\213\t&\214\357\323\202CV\324L\t\246\313\212\217\217"
 313      268C EFD3 
 313      8243 56D4 
 313      4C09 A6CB 
 313      8A8F 8F
 314 07b1 EDFD 3609 		.ascii	"\355\3756\t\374\005\201\315\274y0\236.\013>(\027\344\242 _BG"
 314      FC05 81CD 
 314      BC79 309E 
 314      2E0B 3E28 
 314      17E4 A220 
 315 07c8 DE7D 79A5 		.ascii	"\336}y\245'Q\314\375"
 315      2751 CCFD 
 316 07d0 17BA F4E7 		.ascii	"\027\272\364\347\3606\322\322\277\231-\375\227\004\345\322\337"
 316      F036 D2D2 
 316      BF99 2DFD 
 316      9704 E5D2 
 316      DF
 317 07e1 B589 2EBB 		.ascii	"\265\211.\273\244\3059\373-dKM\375\025/ \021\021\244\325\263"
 317      A4C5 39FB 
 317      2D64 4B4D 
 317      FD15 2F20 
 317      1111 A4D5 
 318 07f6 06D9 B15E 		.ascii	"\006\331\261^\321\307\220\r\r\354\253\251*\033[[f\266\355\212"
 318      D1C7 900D 
 318      0DEC ABA9 
 318      2A1B 5B5B 
 318      66B6 ED8A 
 319 080a 670D 64CA 		.ascii	"g\rd\312\006j\341<7\374\265b\223b\266\013|U\366\224\037Cx\221"
 319      066A E13C 
 319      37FC B562 
 319      9362 B60B 
 319      7C55 F694 
 320 0822 9177 21E1 		.ascii	"\221w!\341\366K7\274_K\311\233\316\310\273\007;w\017B\036\337"
 320      F64B 37BC 
 320      5F4B C99B 
 320      CEC8 BB07 
 320      3B77 0F42 
 321 0838 FC7C 65EE 		.ascii	"\374|e\356\021\341\240P\335\243b3\007\266\351.\340\315\b\335"
 321      11E1 A050 
 321      DDA3 6233 
 321      07B6 E92E 
 321      E0CD 08DD 
 322 084c 5781 EE6B 		.ascii	"W\201\356k\200/\002\271\242\240\333\364\225\2029;vd\314\r\027"
 322      802F 02B9 
 322      A2A0 DBF4 
 322      9582 393B 
 322      7664 CC0D 
 323 0861 30E6 0A6D 		.ascii	"0\346\nm1\267\\`a\256p5\346\246\n\254\230+T1W,c.\372\326\315"
 323      31B7 5C60 
 323      61AE 7035 
 323      E6A6 0AAC 
 323      982B 5431 
 324 087c C7CE 3889 		.ascii	"\307\3168\211\222\205zO\254L\271\341tVXn)ju\301g\031\215M\246"
 324      9285 7A4F 
 324      AC4C B9E1 
 324      7456 586E 
 324      296A 75C1 
 325 0895 B41A 7858 		.ascii	"\264\032xX%\273YNc\223\222\306ru\367*\254R\251FI\210\235\026"
 325      25BB 594E 
 325      6393 92C6 
 325      7275 F72A 
 325      AC52 A946 
 326 08ad 3242 5EE7 		.ascii	"2B^\3473B\312\005\365NR\025\224\022\256\222\004\245\f\202R\t"
 326      3342 CA05 
 326      F54E 5215 
 326      9412 AE92 
 326      04A5 0C82 
 327 08c3 BA4A 416E 		.ascii	"\272JAn\n\362=V\237\214\306\362\325h\\\316\227\321x\203\353V"
 327      0AF2 3D56 
 327      9F8C C6F2 
 327      D568 5CCE 
 327      97D1 7883 
 328 08d9 D258 21A3 		.ascii	"\322X!\243\361ti\322[X\235\031s\325i\005\227\\q)-\340\267E\351"
 328      F174 69D2 
 328      5B58 9D19 
 328      73D5 6905 
 328      975C 7129 
 329 08f2 D17A C49E 		.ascii	"\321z\304\236'\364\3641a3\272#\350\351\223\003\371\346\317\030"
 329      27F4 F431 
 329      6133 BA23 
 329      E8E9 9303 
 329      F9E6 CF18 
 330 0906 59F2 670C 		.ascii	"Y\362g\fR\257A\325\2027\272-\320\325\360\375\\\307{\376\320\243"
 330      52AF 41D5 
 330      8237 BA2D 
 330      D0D5 F0FD 
 330      5CC7 7BFE 
 331 091c 87A2 F1C9 		.ascii	"\207\242\361\311\235\347kp\0253\320^p\250V\25300\267\342\210"
 331      9DE7 6B70 
 331      1533 D05E 
 331      70A8 56AB 
 331      3030 B7E2 
 332 0931 EAB9 897A 		.ascii	"\352\271\211z\311D\207\230\205\275\344'\006\365\324H\035\030"
 332      C944 8798 
 332      85BD E427 
 332      06F5 D448 
 332      1D18 
 333 0943 A965 4612 		.ascii	"\251eF\022\346O\375\017\256a\361Nn\030=\203\311\260\361\221\216"
 333      E64F FD0F 
 333      AE61 F14E 
 333      6E18 3D83 
 333      C9B0 F191 
 334 0958 27BA BE8C 		.ascii	"'\272\276\214!\321\203V\350.\320\321\bt\324\bf\362\350,\333*"
 334      21D1 8356 
 334      E82E D0D1 
 334      0874 D408 
 334      66F2 E82C 
 335 096e 1162 3B42 		.ascii	"\021b;B\r\274\031\211P\013D\350\036\300\233A\232\024\303f\374"
 335      0DBC 1989 
 335      500B 44E8 
 335      1EC0 9B41 
 335      9A14 C366 
 336 0983 4B45 5E35 		.ascii	"KE^5\252\263\244\325*\257\214\254\005\220\206n\361\026\023\352"
 336      AAB3 A4D5 
 336      2AAF 8CAC 
 336      0590 866E 
 336      F116 13EA 
 337 0997 16EC D180 		.ascii	"\026\354\321\200?\241\360\304j\2645\322f\363-)\322h;E\200\254"
 337      3FA1 F0C4 
 337      6AB4 35D2 
 337      66F3 2D29 
 337      D268 3B45 
 338 09ad 1349 B7EE 		.ascii	"\023I\267\356;\342v\026p\351,\315\223\236\245\341\202\344\003"
 338      3BE2 7616 
 338      70E9 2CCD 
 338      939E A5E1 
 338      82E4 03
 339 09c0 055A AB67 		.ascii	"\005Z\253g\310\"y|;(\365\235@_\227\300\236!;\004\351\031\022"
 339      C822 797C 
 339      3B28 F59D 
 339      405F 97C0 
 339      9E21 3B04 
 340 09d7 D16B B279 		.ascii	"\321k\262y\350I\350\207\007V\026\344[I%\225\256"
 340      E849 E887 
 340      0756 16E4 
 340      5B49 2595 
 340      AE
 341 09e8 CA20 3BA2 		.string	"\312 ;\242>\036\343>K\032u\310\315\364Q3\275`\246\207Exz\370\330I7\374\200\205x\264\316\3
 341      3E1E E33E 
 341      4B1A 75C8 
 341      CDF4 5133 
 341      BD60 A687 
 342 0ae9 7F02 F20C 		.string	"\177\002\362\f\3441\310,\310S\305\020\237g&\241\213h\2347\336\252\262\250\330\204|\241\23
 342      E431 C82C 
 342      C853 C510 
 342      9F67 26A1 
 342      8B68 9C37 
 343 0be8 5E7D 33B9 		.string	"^}3\271\314\233\221 \356\307\276(\n\360+\312\025\3613\272\362\202Gh\221\203\337Z\255\274\
 343      CC9B 9120 
 343      EEC7 BE28 
 343      0AF0 2BCA 
 343      15F1 33BA 
 344 0cbc 7B47 408E 		.string	"{G@\216\202$\201\244\200\034\0039\001r\034\344$H2\226o\300\215_0\333dF\034\376P\267\026\2
 344      8224 81A4 
 344      801C 0339 
 344      0172 1CE4 
 344      2448 3296 
 345 0d99 DB5E 85CB 		.ascii	"\333^\205\313\212S\3048\007\212Bg,\234\301%\355#\312\242\366"
 345      8A53 C438 
 345      078A 4267 
 345      2C9C C125 
 345      ED23 CAA2 
 346 0dae 536A 2F9C 		.ascii	"Sj/\234s\302\007\034\250\003i\027\216-\273q\r\36598F\254A\364"
 346      73C2 071C 
 346      A803 6917 
 346      8E2D BB71 
 346      0DF5 3938 
 347 0dc6 60E8 ACA5 		.ascii	"`\350\254\245\371Y\251y6m\336{`\177\276\016\037wP\274\265Z\307"
 347      F959 A979 
 347      366D DE7B 
 347      607F BE0E 
 347      1F77 50BC 
 348 0ddd DE5A 1D7F 		.ascii	"\336Z\035\177\027\363\202\036\177\212\3748s\235\3744\363<&k\020"
 348      17F3 821E 
 348      7F8A FC38 
 348      739D FC34 
 348      F33C 266B 
 349 0df2 4C95 E730 		.ascii	"L\225\3470\335\247GO\314\266\271\260\306G\310\373\354ws%=\374"
 349      DDA7 474F 
 349      CCB6 B9B0 
 349      C647 C8FB 
 349      EC77 7325 
 350 0e08 BDD6 A813 		.ascii	"\275\326\250\023\224sLewu\354\376\032(\276j\253\313\326\331U"
 350      9473 4C65 
 350      7775 ECFE 
 350      1A28 BE6A 
 350      ABCB D6D9 
 351 0e1d 9E27 29CF 		.ascii	"\236')\317e\312K\253f\266\262\266\336P*\177\360\274\232\377*"
 351      65CA 4BAB 
 351      66B6 B2B6 
 351      DE50 2A7F 
 351      F0BC 9AFF 
 352 0e32 6094 98CA 		.ascii	"`\224\230\312<\376pf\315\272Dv\300/~\307\216\317.cot\t\023e\371"
 352      3CFE 7066 
 352      CDBA 4476 
 352      C02F 7EC7 
 352      8ECF 2E63 
 353 0e4c 789D A492 		.ascii	"x\235\244\222Fir\377\033W9\032\356\243\213\200\276@\321\005\024"
 353      4669 72FF 
 353      1B57 391A 
 353      EEA3 8B80 
 353      BE40 D105 
 354 0e61 7D5E 4297 		.ascii	"}^B\227\275\352<\247@\323\373\200\270\302\276)\250\355L{\250"
 354      BDEA 3CA7 
 354      40D3 FB80 
 354      B8C2 BE29 
 354      A8ED 4C7B 
 355 0e76 9E2F D571 		.ascii	"\236/\325q\037|}KN\321*;+\264r\255\205x\025\217\307.\247/\350"
 355      1F7C 7D4B 
 355      4ED1 2A3B 
 355      2BB4 72AD 
 355      8578 158F 
 356 0e8f E4E8 A2D5 		.ascii	"\344\350\242\325<\2361f\226+t_\265\341qO\363\251J\374\273\034"
 356      3C9E 3166 
 356      962B 745F 
 356      B5E1 714F 
 356      F3A9 4AFC 
 357 0ea5 710E 32A5 		.ascii	"q\0162\245\277\031?\035\216\026\343\016\256E\305\2408\307\234"
 357      BF19 3F1D 
 357      8E16 E30E 
 357      AE45 C5A0 
 357      38C7 9C
 358 0eb8 2C1A 720D 		.ascii	",\032r\r\377\257\341\337A\223\227O\236/\221W\330\036z\364\263"
 358      FFAF E1DF 
 358      4193 974F 
 358      9E2F 9157 
 358      D81E 7AF4 
 359 0ecd EC8D B607 		.ascii	"\354\215\266\007{\243=\262h\352v\220\307\323C\036\317\022\032"
 359      7BA3 3DB2 
 359      68EA 7690 
 359      C7D3 431E 
 359      CF12 1A
 360 0ee0 CF1B E0F2 		.ascii	"\317\033\340\362u\026\320\262\n\323\013W\353\220m\361f\223\315"
 360      7516 D0B2 
 360      0AD3 0B57 
 360      EB90 6DF1 
 360      6693 CD
 361 0ef3 4DDA A112 		.ascii	"M\332\241\022\251C\343U\257\266Xse\007:\324~\367\220~{\211\030"
 361      A943 E355 
 361      AFB6 5873 
 361      6507 3AD4 
 361      7EF7 907E 
 362 0f0a B711 95C2 		.ascii	"\267\021\225\302\035\250\211\272\235Y\356\214\363Y\202w\315\337"
 362      1DA8 89BA 
 362      9D59 EE8C 
 362      F359 8277 
 362      CDDF 
 363 0f1c 5EC0 F826 		.ascii	"^\300\370&+\214\f=\235B\344h\266\002\363\243\331\252\027\217"
 363      2B8C 0C3D 
 363      9D42 E468 
 363      B602 F3A3 
 363      D9AA 178F 
 364 0f30 8EBB 4A87 		.ascii	"\216\273J\207\265\250\022\323\001\034\375\272\252RO\230\242\347"
 364      B5A8 12D3 
 364      011C FDBA 
 364      AA52 4F98 
 364      A2E7 
 365 0f42 EF1B 0BE6 		.ascii	"\357\033\013\346\242E\361\340wD=*gL1gP\025\340iU\031\336\256"
 365      A245 F1E0 
 365      7744 3D2A 
 365      674C 3167 
 365      5015 E069 
 366 0f5a 41B7 2867 		.ascii	"A\267(gI\245\277L:\310\337\b\020\337-\264\334\306\354\375\021"
 366      49A5 BF4C 
 366      3AC8 DF08 
 366      10DF 2DB4 
 366      DCC6 ECFD 
 367 0f6f 7C03 F8C6 		.ascii	"|\003\370\306\333\212\005\255\034L\242a\001Wsp5\005g\2554A\304"
 367      DB8A 05AD 
 367      1C4C A261 
 367      0157 7370 
 367      3505 67AD 
 368 0f86 ED8D 9F3B 		.ascii	"\355\215\237;\322\370\271\306\362m6zr\224\217\030/2\352\027\252"
 368      D2F8 B9C6 
 368      F26D 367A 
 368      7294 8F18 
 368      2F32 EA17 
 369 0f9b 165D F15D 		.ascii	"\026]\361]\312"
 369      CA
 370 0fa0 8376 E4DA 		.ascii	"\203v\344\332\243\243\b\371\362\215\247\354\267,\365\340\353"
 370      A3A3 08F9 
 370      F28D A7EC 
 370      B72C F5E0 
 370      EB
 371 0fb1 5D6C FE2D 		.ascii	"]l\376-\013\333f\376L\252m\275C\251\2059\272\236\232m\2000\327"
 371      0BDB 66FE 
 371      4CAA 6DBD 
 371      43A9 8539 
 371      BA9E 9A6D 
 372 0fc8 61F6 7448 		.ascii	"a\366tHj\300`\367\243\347\333X\bGi\b\211\352\032\200\261_\022"
 372      6AC0 60F7 
 372      A3E7 DB58 
 372      0847 6908 
 372      89EA 1A80 
 373 0fdf DCA3 41A4 		.ascii	"\334\243A\244>\323\0024\270\364\260\274\325\325n\367\032\245"
 373      3ED3 0234 
 373      B8F4 B0BC 
 373      D5D5 6EF7 
 373      1AA5 
 374 0ff1 EE6D A6BD 		.ascii	"\356m\246\275;\362\352\3519\236\361\035f\365\262"
 374      3BF2 EAE9 
 374      399E F11D 
 374      66F5 B2
 375 1000 9F99 50F5 		.string	"\237\231P\365\215L}\023U\277X\324\234\242x\257W\252\240\272\231S\335L\251\276v\2701M'\007
 375      8D4C 7D13 
 375      55BF 58D4 
 375      9CA2 78AF 
 375      57AA A0BA 
 376 1023 1670 0B07 		.string	"\026p\013\007\267Pp\306\362\225\f\0279\370\214\002\334\312\301\255\024|otd\322Q\016&s\275
 376      B750 70C6 
 376      F295 0C17 
 376      39F8 8C02 
 376      DCCA C1AD 
 377 1070 AB7B 0C79 		.ascii	"\253{\fy\231CW8\266Vt\342O\001\366\364\342\321\032\304a&/1\327"
 377      9943 5738 
 377      B656 74E2 
 377      4F01 F6F4 
 377      E2D1 1AC4 
 378 1089 4909 EAA2 		.ascii	"I\t\352\242\240\323\031C\313z\006\022\001\242Qb\272)\346\334"
 378      A0D3 1943 
 378      CB7A 0612 
 378      01A2 5162 
 378      BA29 E6DC 
 379 109d C586 1CCC 		.ascii	"\305\206\034\314\025\215\307\212\350\017JP\017\005\245e\244\031"
 379      158D C78A 
 379      E80F 4A50 
 379      0F05 A565 
 379      A419 
 380 10af 9D39 6851 		.ascii	"\2359hQ\r\352\245\240\245\272\276\217$\217\016\2520}\024S\364"
 380      0DEA A5A0 
 380      A5BA BE8F 
 380      248F 0EAA 
 380      307D 1453 
 381 10c4 3EBD CC81 		.ascii	">\275\314\201\203\272\324n\367SP\271\330\377\\\262V\263^\005"
 381      83BA D46E 
 381      F753 50B9 
 381      D8FF 5CB2 
 381      56B3 5E05 
 382 10d8 BA4F 41DD 		.ascii	"\272OA\335'\263\013%M&5h\200\202\332\2263\332\034%s\037\253@"
 382      27B3 0B25 
 382      4D26 3568 
 382      8082 DA96 
 382      33DA 1C25 
 383 10f0 460A CA4B 		.ascii	"F\n\312K/6\n\222\271_\253@\203\024\024\037{\370\255\013\007\031"
 383      2F36 0A92 
 383      B95F AB40 
 383      8314 141F 
 383      7BF8 AD0B 
 384 1106 D5A0 210A 		.ascii	"\325\240!\nz\223\272\324\272\206\203\232\274U\240\007\0244\226"
 384      7A93 BAD4 
 384      BA86 839A 
 384      BC55 A007 
 384      1434 96
 385 1119 72D0 2881 		.ascii	"r\320(\201\346\325\240a\n\252xP\265_\242\300\370\033\025h\204"
 385      E6D5 A061 
 385      0AAA 7850 
 385      B55F A2C0 
 385      F81B 1568 
 386 112e 8216 DE16 		.ascii	"\202\026\336\026\217\273K\216oP\201F)(='\355\245N\342I\r\032"
 386      8FBB 4B8E 
 386      6F50 8146 
 386      2928 3D27 
 386      EDA5 4EE2 
 387 1145 638C 97B4 		.ascii	"c\214\227\264\266II\320\365[\025h\234\202\006R\353\343\315\214"
 387      B649 49D0 
 387      F55B 1568 
 387      9C82 0652 
 387      EBE3 CD8C 
 388 1159 AB41 0F29 		.ascii	"\253A\017)hz0{A\"s\321W\005\232\240\240\301\276\216D)\307\273"
 388      687A 307B 
 388      4122 73D1 
 388      5705 9AA0 
 388      A0C1 BE8E 
 389 1171 3E53 8126 		.ascii	">S\201&)hv2uR\322dR\203\246(\250\252v\352\254\223D\301\347*\320"
 389      2968 7632 
 389      7552 D264 
 389      5283 A628 
 389      A8AA 76EA 
 390 118c 230A 9A6C 		.ascii	"#\n\232l\272z]\342\311\250\006="
 390      BA7A 5DE2 
 390      C9A8 063D 
 391 1198 A6A0 9947 		.string	"\246\240\231G=\031\022O\363j\3204\0055v\367\336\224\262\240K\335;\023\376T\243\013\37618\
 391      3D19 124F 
 391      F36A D034 
 391      0535 76F7 
 391      DE94 B2A0 
 392 1299 08F2 37AC 		.string	"\b\3627\254e\367\374w\006\033\374C\003\002#\302\265?\005\007\354q\244\227\376\206\337\332
 392      65F7 FC77 
 392      061B FC43 
 392      0302 23C2 
 392      B53F 0507 
 393 1323 5AED 1C12 		.ascii	"Z\355\034\022\360\327\340\b\177`\021\377\030`nk\256taW\337\357"
 393      F0D7 E008 
 393      7F60 11FF 
 393      1860 6E6B 
 393      AE74 6157 
 394 1339 3684 EF15 		.ascii	"6\204\357\025\310_\030\350\2110h\377\0025Z\220\310u\212\026\024"
 394      C85F 18E8 
 394      8930 68FF 
 394      0235 5A90 
 394      C875 8A16 
 395 134e A70D 0D0F 		.ascii	"\247\r\r\017\212\324\363z\350\247\016Z\004\204\272H\025\320_"
 395      8AD4 F37A 
 395      E8A7 0E5A 
 395      0484 BA48 
 395      15D0 5F
 396 1361 6DE4 4FA0 		.ascii	"m\344O\240\232W\220k'~m\320C[\350X\330\017\273w\256\227E\202"
 396      9A57 906B 
 396      277E 6DD0 
 396      435B E858 
 396      D80F BB77 
 397 1379 B8CD AB81 		.ascii	"\270\315\253\201\b7e\215#\343<\362\357\224\241\003\240\376\207"
 397      0837 658D 
 397      23E3 3CF2 
 397      EF94 A103 
 397      A0FE 87
 398 138c 304E 7DA4 		.ascii	"0N}\244\213\277\377\336\210\360\235\241\301\241\376\376\332\300"
 398      8BBF FFDE 
 398      88F0 9DA1 
 398      C1A1 FEFE 
 398      DAC0 
 399 139e 5D01 11FF 		.ascii	"]\001\021\377\007\204\001\250\266"
 399      0784 01A8 
 399      B6
 400               		.text
 401               		.section	.gnu.lto_.symtab.67e09d1dcbe5ce36,"",@progbits
 402 0000 6163 7469 		.string	"action_get_macro"
 402      6F6E 5F67 
 402      6574 5F6D 
 402      6163 726F 
 402      00
 403 0011 00        		.string	""
 404 0012 01        		.ascii	"\001"
 405 0013 00        		.string	""
 406 0014 00        		.string	""
 407 0015 00        		.string	""
 408 0016 00        		.string	""
 409 0017 00        		.string	""
 410 0018 00        		.string	""
 411 0019 00        		.string	""
 412 001a 00        		.string	""
 413 001b 00        		.string	""
 414 001c 0C01 00   		.string	"\f\001"
 415 001f 00        		.string	""
 416 0020 6163 7469 		.string	"action_function"
 416      6F6E 5F66 
 416      756E 6374 
 416      696F 6E00 
 417 0030 00        		.string	""
 418 0031 01        		.ascii	"\001"
 419 0032 00        		.string	""
 420 0033 00        		.string	""
 421 0034 00        		.string	""
 422 0035 00        		.string	""
 423 0036 00        		.string	""
 424 0037 00        		.string	""
 425 0038 00        		.string	""
 426 0039 00        		.string	""
 427 003a 00        		.string	""
 428 003b 1301 00   		.string	"\023\001"
 429 003e 00        		.string	""
 430 003f 6B65 796D 		.string	"keymap_key_to_keycode"
 430      6170 5F6B 
 430      6579 5F74 
 430      6F5F 6B65 
 430      7963 6F64 
 431 0055 00        		.string	""
 432 0056 01        		.ascii	"\001"
 433 0057 00        		.string	""
 434 0058 00        		.string	""
 435 0059 00        		.string	""
 436 005a 00        		.string	""
 437 005b 00        		.string	""
 438 005c 00        		.string	""
 439 005d 00        		.string	""
 440 005e 00        		.string	""
 441 005f 00        		.string	""
 442 0060 1901 00   		.string	"\031\001"
 443 0063 00        		.string	""
 444 0064 6B65 796D 		.string	"keymap_function_id_to_action"
 444      6170 5F66 
 444      756E 6374 
 444      696F 6E5F 
 444      6964 5F74 
 445 0081 00        		.string	""
 446 0082 01        		.ascii	"\001"
 447 0083 00        		.string	""
 448 0084 00        		.string	""
 449 0085 00        		.string	""
 450 0086 00        		.string	""
 451 0087 00        		.string	""
 452 0088 00        		.string	""
 453 0089 00        		.string	""
 454 008a 00        		.string	""
 455 008b 00        		.string	""
 456 008c 1E01 00   		.string	"\036\001"
 457 008f 00        		.string	""
 458 0090 666E 5F61 		.string	"fn_actions"
 458      6374 696F 
 458      6E73 00
 459 009b 00        		.string	""
 460 009c 01        		.ascii	"\001"
 461 009d 00        		.string	""
 462 009e 00        		.string	""
 463 009f 00        		.string	""
 464 00a0 00        		.string	""
 465 00a1 00        		.string	""
 466 00a2 00        		.string	""
 467 00a3 00        		.string	""
 468 00a4 00        		.string	""
 469 00a5 00        		.string	""
 470 00a6 BE01 00   		.string	"\276\001"
 471 00a9 00        		.string	""
 472 00aa 6163 7469 		.string	"action_for_key"
 472      6F6E 5F66 
 472      6F72 5F6B 
 472      6579 00
 473 00b9 00        		.string	""
 474 00ba 00        		.string	""
 475 00bb 00        		.string	""
 476 00bc 00        		.string	""
 477 00bd 00        		.string	""
 478 00be 00        		.string	""
 479 00bf 00        		.string	""
 480 00c0 00        		.string	""
 481 00c1 00        		.string	""
 482 00c2 00        		.string	""
 483 00c3 00        		.string	""
 484 00c4 9C01 00   		.string	"\234\001"
 485 00c7 00        		.string	""
 486 00c8 6B65 796D 		.string	"keymaps"
 486      6170 7300 
 487 00d0 00        		.string	""
 488 00d1 02        		.ascii	"\002"
 489 00d2 00        		.string	""
 490 00d3 00        		.string	""
 491 00d4 00        		.string	""
 492 00d5 00        		.string	""
 493 00d6 00        		.string	""
 494 00d7 00        		.string	""
 495 00d8 00        		.string	""
 496 00d9 00        		.string	""
 497 00da 00        		.string	""
 498 00db B301 00   		.string	"\263\001"
 499 00de 00        		.string	""
 500 00df 6D6F 645F 		.string	"mod_config"
 500      636F 6E66 
 500      6967 00
 501 00ea 00        		.string	""
 502 00eb 02        		.ascii	"\002"
 503 00ec 00        		.string	""
 504 00ed 00        		.string	""
 505 00ee 00        		.string	""
 506 00ef 00        		.string	""
 507 00f0 00        		.string	""
 508 00f1 00        		.string	""
 509 00f2 00        		.string	""
 510 00f3 00        		.string	""
 511 00f4 00        		.string	""
 512 00f5 A001 00   		.string	"\240\001"
 513 00f8 00        		.string	""
 514 00f9 6B65 7963 		.string	"keycode_config"
 514      6F64 655F 
 514      636F 6E66 
 514      6967 00
 515 0108 00        		.string	""
 516 0109 02        		.ascii	"\002"
 517 010a 00        		.string	""
 518 010b 00        		.string	""
 519 010c 00        		.string	""
 520 010d 00        		.string	""
 521 010e 00        		.string	""
 522 010f 00        		.string	""
 523 0110 00        		.string	""
 524 0111 00        		.string	""
 525 0112 00        		.string	""
 526 0113 A201 00   		.string	"\242\001"
 527 0116 00        		.string	""
 528               		.text
 529               		.section	.gnu.lto_.opts,"",@progbits
 530 0000 272D 666D 		.ascii	"'-fmath-errno' '-fsigned-zeros' '-ftrapping-m"
 530      6174 682D 
 530      6572 726E 
 530      6F27 2027 
 530      2D66 7369 
 531 002d 6174 6827 		.string	"ath' '-fno-trapv' '-fno-openmp' '-fno-openacc' '-mn-flash=1' '-mno-skip-bug' '-mmcu=avr5'
 531      2027 2D66 
 531      6E6F 2D74 
 531      7261 7076 
 531      2720 272D 
 532               		.text
 533               		.comm	__gnu_lto_v1,1,1
 534               		.comm	__gnu_lto_slim,1,1
 535               		.ident	"GCC: (GNU) 7.4.0"
DEFINED SYMBOLS
                            *ABS*:0000000000000000 keymap_common.c
/var/folders/7d/r_phv7rx6m99qllr_nm2m9c80000gn/T//cci0HA6e.s:2      *ABS*:000000000000003e __SP_H__
/var/folders/7d/r_phv7rx6m99qllr_nm2m9c80000gn/T//cci0HA6e.s:3      *ABS*:000000000000003d __SP_L__
/var/folders/7d/r_phv7rx6m99qllr_nm2m9c80000gn/T//cci0HA6e.s:4      *ABS*:000000000000003f __SREG__
/var/folders/7d/r_phv7rx6m99qllr_nm2m9c80000gn/T//cci0HA6e.s:5      *ABS*:0000000000000000 __tmp_reg__
/var/folders/7d/r_phv7rx6m99qllr_nm2m9c80000gn/T//cci0HA6e.s:6      *ABS*:0000000000000001 __zero_reg__
                            *COM*:0000000000000001 __gnu_lto_v1
                            *COM*:0000000000000001 __gnu_lto_slim

NO UNDEFINED SYMBOLS
