   1               		.file	"led_tables.c"
   2               	__SP_H__ = 0x3e
   3               	__SP_L__ = 0x3d
   4               	__SREG__ = 0x3f
   5               	__tmp_reg__ = 0
   6               	__zero_reg__ = 1
   7               		.file 1 "quantum/led_tables.h"
   8               		.file 2 "quantum/led_tables.c"
   9               		.file 3 "/usr/local/Cellar/avr-gcc/9.2.0/avr/include/stdint.h"
  10               		.section	.gnu.debuglto_.debug_info,"e",@progbits
  11               	.Ldebug_info0:
  12               		.hidden	led_tables.c.7c7607d4
  13               		.weak	led_tables.c.7c7607d4
  14               	led_tables.c.7c7607d4:
  15 0000 9F00 0000 		.long	0x9f
  16 0004 0200      		.word	0x2
  17 0006 0000 0000 		.long	.Ldebug_abbrev0
  18 000a 04        		.byte	0x4
  19 000b 01        		.uleb128 0x1
  20 000c 0000 0000 		.long	.LASF9
  21 0010 0C        		.byte	0xc
  22 0011 0000 0000 		.long	.LASF10
  23 0015 0000 0000 		.long	.LASF11
  24 0019 0000 0000 		.long	.Ldebug_line0
  25 001d 02        		.uleb128 0x2
  26 001e 01        		.byte	0x1
  27 001f 06        		.byte	0x6
  28 0020 0000 0000 		.long	.LASF0
  29 0024 03        		.uleb128 0x3
  30 0025 0000 0000 		.long	.LASF12
  31 0029 03        		.byte	0x3
  32 002a 7E        		.byte	0x7e
  33 002b 16        		.byte	0x16
  34 002c 3500 0000 		.long	0x35
  35 0030 04        		.uleb128 0x4
  36 0031 2400 0000 		.long	0x24
  37 0035 02        		.uleb128 0x2
  38 0036 01        		.byte	0x1
  39 0037 08        		.byte	0x8
  40 0038 0000 0000 		.long	.LASF1
  41 003c 05        		.uleb128 0x5
  42 003d 02        		.byte	0x2
  43 003e 05        		.byte	0x5
  44 003f 696E 7400 		.string	"int"
  45 0043 02        		.uleb128 0x2
  46 0044 02        		.byte	0x2
  47 0045 07        		.byte	0x7
  48 0046 0000 0000 		.long	.LASF2
  49 004a 02        		.uleb128 0x2
  50 004b 04        		.byte	0x4
  51 004c 05        		.byte	0x5
  52 004d 0000 0000 		.long	.LASF3
  53 0051 02        		.uleb128 0x2
  54 0052 04        		.byte	0x4
  55 0053 07        		.byte	0x7
  56 0054 0000 0000 		.long	.LASF4
  57 0058 02        		.uleb128 0x2
  58 0059 08        		.byte	0x8
  59 005a 05        		.byte	0x5
  60 005b 0000 0000 		.long	.LASF5
  61 005f 02        		.uleb128 0x2
  62 0060 08        		.byte	0x8
  63 0061 07        		.byte	0x7
  64 0062 0000 0000 		.long	.LASF6
  65 0066 06        		.uleb128 0x6
  66 0067 3000 0000 		.long	0x30
  67 006b 7100 0000 		.long	0x71
  68 006f 07        		.uleb128 0x7
  69 0070 00        		.byte	0
  70 0071 04        		.uleb128 0x4
  71 0072 6600 0000 		.long	0x66
  72 0076 08        		.uleb128 0x8
  73 0077 0000 0000 		.long	.LASF7
  74 007b 01        		.byte	0x1
  75 007c 17        		.byte	0x17
  76 007d 16        		.byte	0x16
  77 007e 7100 0000 		.long	0x71
  78 0082 01        		.byte	0x1
  79 0083 01        		.byte	0x1
  80 0084 08        		.uleb128 0x8
  81 0085 0000 0000 		.long	.LASF8
  82 0089 01        		.byte	0x1
  83 008a 1B        		.byte	0x1b
  84 008b 16        		.byte	0x16
  85 008c 7100 0000 		.long	0x71
  86 0090 01        		.byte	0x1
  87 0091 01        		.byte	0x1
  88 0092 09        		.uleb128 0x9
  89 0093 7600 0000 		.long	0x76
  90 0097 02        		.byte	0x2
  91 0098 16        		.byte	0x16
  92 0099 0F        		.byte	0xf
  93 009a 09        		.uleb128 0x9
  94 009b 8400 0000 		.long	0x84
  95 009f 02        		.byte	0x2
  96 00a0 2B        		.byte	0x2b
  97 00a1 0F        		.byte	0xf
  98 00a2 00        		.byte	0
  99               		.section	.gnu.debuglto_.debug_abbrev,"e",@progbits
 100               	.Ldebug_abbrev0:
 101 0000 01        		.uleb128 0x1
 102 0001 11        		.uleb128 0x11
 103 0002 01        		.byte	0x1
 104 0003 25        		.uleb128 0x25
 105 0004 0E        		.uleb128 0xe
 106 0005 13        		.uleb128 0x13
 107 0006 0B        		.uleb128 0xb
 108 0007 03        		.uleb128 0x3
 109 0008 0E        		.uleb128 0xe
 110 0009 1B        		.uleb128 0x1b
 111 000a 0E        		.uleb128 0xe
 112 000b 10        		.uleb128 0x10
 113 000c 06        		.uleb128 0x6
 114 000d 00        		.byte	0
 115 000e 00        		.byte	0
 116 000f 02        		.uleb128 0x2
 117 0010 24        		.uleb128 0x24
 118 0011 00        		.byte	0
 119 0012 0B        		.uleb128 0xb
 120 0013 0B        		.uleb128 0xb
 121 0014 3E        		.uleb128 0x3e
 122 0015 0B        		.uleb128 0xb
 123 0016 03        		.uleb128 0x3
 124 0017 0E        		.uleb128 0xe
 125 0018 00        		.byte	0
 126 0019 00        		.byte	0
 127 001a 03        		.uleb128 0x3
 128 001b 16        		.uleb128 0x16
 129 001c 00        		.byte	0
 130 001d 03        		.uleb128 0x3
 131 001e 0E        		.uleb128 0xe
 132 001f 3A        		.uleb128 0x3a
 133 0020 0B        		.uleb128 0xb
 134 0021 3B        		.uleb128 0x3b
 135 0022 0B        		.uleb128 0xb
 136 0023 39        		.uleb128 0x39
 137 0024 0B        		.uleb128 0xb
 138 0025 49        		.uleb128 0x49
 139 0026 13        		.uleb128 0x13
 140 0027 00        		.byte	0
 141 0028 00        		.byte	0
 142 0029 04        		.uleb128 0x4
 143 002a 26        		.uleb128 0x26
 144 002b 00        		.byte	0
 145 002c 49        		.uleb128 0x49
 146 002d 13        		.uleb128 0x13
 147 002e 00        		.byte	0
 148 002f 00        		.byte	0
 149 0030 05        		.uleb128 0x5
 150 0031 24        		.uleb128 0x24
 151 0032 00        		.byte	0
 152 0033 0B        		.uleb128 0xb
 153 0034 0B        		.uleb128 0xb
 154 0035 3E        		.uleb128 0x3e
 155 0036 0B        		.uleb128 0xb
 156 0037 03        		.uleb128 0x3
 157 0038 08        		.uleb128 0x8
 158 0039 00        		.byte	0
 159 003a 00        		.byte	0
 160 003b 06        		.uleb128 0x6
 161 003c 01        		.uleb128 0x1
 162 003d 01        		.byte	0x1
 163 003e 49        		.uleb128 0x49
 164 003f 13        		.uleb128 0x13
 165 0040 01        		.uleb128 0x1
 166 0041 13        		.uleb128 0x13
 167 0042 00        		.byte	0
 168 0043 00        		.byte	0
 169 0044 07        		.uleb128 0x7
 170 0045 21        		.uleb128 0x21
 171 0046 00        		.byte	0
 172 0047 00        		.byte	0
 173 0048 00        		.byte	0
 174 0049 08        		.uleb128 0x8
 175 004a 34        		.uleb128 0x34
 176 004b 00        		.byte	0
 177 004c 03        		.uleb128 0x3
 178 004d 0E        		.uleb128 0xe
 179 004e 3A        		.uleb128 0x3a
 180 004f 0B        		.uleb128 0xb
 181 0050 3B        		.uleb128 0x3b
 182 0051 0B        		.uleb128 0xb
 183 0052 39        		.uleb128 0x39
 184 0053 0B        		.uleb128 0xb
 185 0054 49        		.uleb128 0x49
 186 0055 13        		.uleb128 0x13
 187 0056 3F        		.uleb128 0x3f
 188 0057 0C        		.uleb128 0xc
 189 0058 3C        		.uleb128 0x3c
 190 0059 0C        		.uleb128 0xc
 191 005a 00        		.byte	0
 192 005b 00        		.byte	0
 193 005c 09        		.uleb128 0x9
 194 005d 34        		.uleb128 0x34
 195 005e 00        		.byte	0
 196 005f 47        		.uleb128 0x47
 197 0060 13        		.uleb128 0x13
 198 0061 3A        		.uleb128 0x3a
 199 0062 0B        		.uleb128 0xb
 200 0063 3B        		.uleb128 0x3b
 201 0064 0B        		.uleb128 0xb
 202 0065 39        		.uleb128 0x39
 203 0066 0B        		.uleb128 0xb
 204 0067 00        		.byte	0
 205 0068 00        		.byte	0
 206 0069 00        		.byte	0
 207               		.section	.gnu.debuglto_.debug_line,"e",@progbits
 208               	.Ldebug_line0:
 209 0000 7900 0000 		.long	.LELT0-.LSLT0
 210               	.LSLT0:
 211 0004 0200      		.word	0x2
 212 0006 7300 0000 		.long	.LELTP0-.LASLTP0
 213               	.LASLTP0:
 214 000a 01        		.byte	0x1
 215 000b 01        		.byte	0x1
 216 000c F6        		.byte	0xf6
 217 000d F2        		.byte	0xf2
 218 000e 0D        		.byte	0xd
 219 000f 00        		.byte	0
 220 0010 01        		.byte	0x1
 221 0011 01        		.byte	0x1
 222 0012 01        		.byte	0x1
 223 0013 01        		.byte	0x1
 224 0014 00        		.byte	0
 225 0015 00        		.byte	0
 226 0016 00        		.byte	0
 227 0017 01        		.byte	0x1
 228 0018 00        		.byte	0
 229 0019 00        		.byte	0
 230 001a 01        		.byte	0x1
 231 001b 7175 616E 		.ascii	"quantum"
 231      7475 6D
 232 0022 00        		.byte	0
 233 0023 2F75 7372 		.ascii	"/usr/local/Cellar/avr-gcc/9.2.0/avr/include"
 233      2F6C 6F63 
 233      616C 2F43 
 233      656C 6C61 
 233      722F 6176 
 234 004e 00        		.byte	0
 235 004f 00        		.byte	0
 236 0050 6C65 645F 		.string	"led_tables.h"
 236      7461 626C 
 236      6573 2E68 
 236      00
 237 005d 01        		.uleb128 0x1
 238 005e 00        		.uleb128 0
 239 005f 00        		.uleb128 0
 240 0060 6C65 645F 		.string	"led_tables.c"
 240      7461 626C 
 240      6573 2E63 
 240      00
 241 006d 01        		.uleb128 0x1
 242 006e 00        		.uleb128 0
 243 006f 00        		.uleb128 0
 244 0070 7374 6469 		.string	"stdint.h"
 244      6E74 2E68 
 244      00
 245 0079 02        		.uleb128 0x2
 246 007a 00        		.uleb128 0
 247 007b 00        		.uleb128 0
 248 007c 00        		.byte	0
 249               	.LELTP0:
 250               	.LELT0:
 251               		.section	.gnu.debuglto_.debug_str,"eMS",@progbits,1
 252               	.LASF2:
 253 0000 756E 7369 		.string	"unsigned int"
 253      676E 6564 
 253      2069 6E74 
 253      00
 254               	.LASF12:
 255 000d 7569 6E74 		.string	"uint8_t"
 255      385F 7400 
 256               	.LASF4:
 257 0015 6C6F 6E67 		.string	"long unsigned int"
 257      2075 6E73 
 257      6967 6E65 
 257      6420 696E 
 257      7400 
 258               	.LASF0:
 259 0027 7369 676E 		.string	"signed char"
 259      6564 2063 
 259      6861 7200 
 260               	.LASF8:
 261 0033 4C45 445F 		.string	"LED_BREATHING_TABLE"
 261      4252 4541 
 261      5448 494E 
 261      475F 5441 
 261      424C 4500 
 262               	.LASF6:
 263 0047 6C6F 6E67 		.string	"long long unsigned int"
 263      206C 6F6E 
 263      6720 756E 
 263      7369 676E 
 263      6564 2069 
 264               	.LASF1:
 265 005e 756E 7369 		.string	"unsigned char"
 265      676E 6564 
 265      2063 6861 
 265      7200 
 266               	.LASF3:
 267 006c 6C6F 6E67 		.string	"long int"
 267      2069 6E74 
 267      00
 268               	.LASF11:
 269 0075 2F55 7365 		.string	"/Users/tars/Desktop/keyboards"
 269      7273 2F74 
 269      6172 732F 
 269      4465 736B 
 269      746F 702F 
 270               	.LASF10:
 271 0093 7175 616E 		.string	"quantum/led_tables.c"
 271      7475 6D2F 
 271      6C65 645F 
 271      7461 626C 
 271      6573 2E63 
 272               	.LASF9:
 273 00a8 474E 5520 		.string	"GNU C99 9.2.0 -mn-flash=1 -mno-skip-bug -mmcu=avr5 -gdwarf-2 -Os -std=gnu99 -funsigned-ch
 273      4339 3920 
 273      392E 322E 
 273      3020 2D6D 
 273      6E2D 666C 
 274               	.LASF7:
 275 0190 4349 4531 		.string	"CIE1931_CURVE"
 275      3933 315F 
 275      4355 5256 
 275      4500 
 276               	.LASF5:
 277 019e 6C6F 6E67 		.string	"long long int"
 277      206C 6F6E 
 277      6720 696E 
 277      7400 
 278               		.text
 279               		.section	.gnu.lto_.profile.bc2c866b0b42abe6,"e",@progbits
 280 0000 789C E360 		.string	"x\234\343``\004B "
 280      6004 4220 
 280      00
 281 0009 00        		.string	""
 282 000a 00        		.string	""
 283 000b 5D00      		.string	"]"
 284 000d 0B        		.ascii	"\013"
 285               		.text
 286               		.section	.gnu.lto_.icf.bc2c866b0b42abe6,"e",@progbits
 287 0000 789C E360 		.string	"x\234\343``d\340c@"
 287      6064 E063 
 287      4000 
 288 000a 2686 BDDB 		.string	"&\206\275\333\257<af\354<|\352<\033\003"
 288      AF3C 6166 
 288      EC3C 7CEA 
 288      3C1B 0300 
 289 001a 307C 0635 		.ascii	"0|\0065"
 290               		.text
 291               		.section	.gnu.lto_.jmpfuncs.bc2c866b0b42abe6,"e",@progbits
 292 0000 789C E360 		.string	"x\234\343``d`b@\006"
 292      6064 6062 
 292      4006 00
 293 000b 00        		.string	""
 294 000c CE00      		.string	"\316"
 295 000e 0C        		.ascii	"\f"
 296               		.text
 297               		.section	.gnu.lto_.inline.bc2c866b0b42abe6,"e",@progbits
 298 0000 789C E360 		.string	"x\234\343``d`b@\006"
 298      6064 6062 
 298      4006 00
 299 000b 00        		.string	""
 300 000c CE00      		.string	"\316"
 301 000e 0C        		.ascii	"\f"
 302               		.text
 303               		.section	.gnu.lto_.pureconst.bc2c866b0b42abe6,"e",@progbits
 304 0000 789C E360 		.string	"x\234\343``\004B "
 304      6004 4220 
 304      00
 305 0009 00        		.string	""
 306 000a 00        		.string	""
 307 000b 5D00      		.string	"]"
 308 000d 0B        		.ascii	"\013"
 309               		.text
 310               		.section	.gnu.lto_LED_BREATHING_TABLE.bc2c866b0b42abe6,"e",@progbits
 311 0000 789C E360 		.string	"x\234\343``d\020e```fd"
 311      6064 1065 
 311      6060 6066 
 311      6400 
 312 000e 83E9 CC8C 		.ascii	"\203\351\314\214\207\333\277\335gRd\232\337\3001\237\231\201"
 312      87DB BFDD 
 312      6752 649A 
 312      DFC0 319F 
 312      9981 
 313 0020 8171 17A3 		.ascii	"\201q\027\243\"C\003\023H\216\221\221"
 313      2243 0313 
 313      488E 9191 
 314 002c 9189 8999 		.string	"\221\211\211\231\205\225\225\215\235\223\213\233\207\217_PHDT\\RZV^QYUCKG\337\320\304\314
 314      8595 958D 
 314      9D93 8B9B 
 314      878F 5F50 
 314      4844 545C 
 315 012d 5CAB 86AA 		.ascii	"\\\253\206\252"
 316               		.text
 317               		.section	.gnu.lto_CIE1931_CURVE.bc2c866b0b42abe6,"e",@progbits
 318 0000 789C E360 		.string	"x\234\343``d\020e```fd"
 318      6064 1065 
 318      6060 6066 
 318      6400 
 319 000e 83E9 CC8C 		.string	"\203\351\314\214\273\347\354\334\310\246\3104\277\201c>3\003\003\343.FE\206\006&\0068`\20
 319      BBE7 ECDC 
 319      C8A6 C834 
 319      BF81 633E 
 319      3303 03E3 
 320 0032 1610 6005 		.string	"\026\020`\005\0016\020`\007\002\016 \340\344\344\344\342\342\342\346\346\346\341\341\341\
 320      0136 1060 
 320      0702 0E20 
 320      E0E4 E4E4 
 320      E2E2 E2E6 
 321 010d 401A 5070 		.ascii	"@\032Pp"
 322               		.text
 323               		.section	.gnu.lto_.symbol_nodes.bc2c866b0b42abe6,"e",@progbits
 324 0000 789C E360 		.string	"x\234\343``d\020b"
 324      6064 1062 
 324      00
 325 0009 0256 2686 		.string	"\002V&\206F%\020\315\310\b\246\031"
 325      4625 10CD 
 325      C808 A619 
 325      00
 326 0016 0FB7 0170 		.ascii	"\017\267\001p"
 327               		.text
 328               		.section	.gnu.lto_.refs.bc2c866b0b42abe6,"e",@progbits
 329 0000 789C E360 		.string	"x\234\343``\004B "
 329      6004 4220 
 329      00
 330 0009 00        		.string	""
 331 000a 00        		.string	""
 332 000b 5D00      		.string	"]"
 333 000d 0B        		.ascii	"\013"
 334               		.text
 335               		.section	.gnu.lto_.decls.bc2c866b0b42abe6,"e",@progbits
 336 0000 789C E360 		.string	"x\234\343``dpeb`\250c``(\001\342\377@\300\f\244/2\240\002\240\022\2063@|\036M|&#\003\320\
 336      6064 7065 
 336      6260 A863 
 336      6060 2801 
 336      E2FF 40C0 
 337 00b6 1975 A1A1 		.ascii	"\031u\241\241\201U\002\244\3540\2434\343!Fi\240\007\2170r10\352"
 337      8155 02A4 
 337      EC30 A334 
 337      E321 4669 
 337      A007 8F30 
 338 00ce 4B33 1E04 		.ascii	"K3\036\004\362\220\214\226\201\032}\374\375\333+\214\020>Hz\345"
 338      F290 8C96 
 338      811A 7DFC 
 338      FDDB 2B8C 
 338      103E 487A 
 339 00e3 FC15 4778 		.ascii	"\374\025Gx\231\203\301\354\377\357\246.\004\233\333\324p`A\003"
 339      9983 C1EC 
 339      FFEF A62E 
 339      049B DBD4 
 339      7060 4103 
 340 00f7 B304 03A3 		.ascii	"\263\004\003\243\2614\243\2014\003\343qF\260"
 340      B134 A381 
 340      3403 E371 
 340      46B0 
 341 0105 FA03 8CFA 		.string	"\372\003\214\372\214\307\200\366\034\205\230\274\263g\276\207\320\004\220+\200\204\003#\3
 341      8CC7 80F6 
 341      1C85 98BC 
 341      B367 BE87 
 341      D004 902B 
 342 0206 B004 D6C9 		.ascii	"\260\004\326\311"
 343               		.text
 344               		.section	.gnu.lto_.symtab.bc2c866b0b42abe6,"e",@progbits
 345 0000 4C45 445F 		.string	"LED_BREATHING_TABLE"
 345      4252 4541 
 345      5448 494E 
 345      475F 5441 
 345      424C 4500 
 346 0014 00        		.string	""
 347 0015 00        		.string	""
 348 0016 00        		.string	""
 349 0017 00        		.string	""
 350 0018 00        		.string	""
 351 0019 00        		.string	""
 352 001a 00        		.string	""
 353 001b 00        		.string	""
 354 001c 00        		.string	""
 355 001d 00        		.string	""
 356 001e 00        		.string	""
 357 001f CC00      		.string	"\314"
 358 0021 00        		.string	""
 359 0022 00        		.string	""
 360 0023 4349 4531 		.string	"CIE1931_CURVE"
 360      3933 315F 
 360      4355 5256 
 360      4500 
 361 0031 00        		.string	""
 362 0032 00        		.string	""
 363 0033 00        		.string	""
 364 0034 00        		.string	""
 365 0035 00        		.string	""
 366 0036 00        		.string	""
 367 0037 00        		.string	""
 368 0038 00        		.string	""
 369 0039 00        		.string	""
 370 003a 00        		.string	""
 371 003b 00        		.string	""
 372 003c CF00      		.string	"\317"
 373 003e 00        		.string	""
 374 003f 00        		.string	""
 375               		.text
 376               		.section	.gnu.lto_.opts,"e",@progbits
 377 0000 272D 666E 		.string	"'-fno-openmp' '-fno-openacc' '-fno-pie' '-mn-flash=1' '-mno-skip-bug' '-mmcu=avr5' '-Os' 
 377      6F2D 6F70 
 377      656E 6D70 
 377      2720 272D 
 377      666E 6F2D 
 378               		.text
 379               		.comm	__gnu_lto_v1,1,1
 380               		.comm	__gnu_lto_slim,1,1
 381               		.ident	"GCC: (GNU) 9.2.0"
DEFINED SYMBOLS
                            *ABS*:0000000000000000 led_tables.c
/var/folders/xx/3qcqnrxj7md526g3lvyld9680000gn/T//ccu6APok.s:2      *ABS*:000000000000003e __SP_H__
/var/folders/xx/3qcqnrxj7md526g3lvyld9680000gn/T//ccu6APok.s:3      *ABS*:000000000000003d __SP_L__
/var/folders/xx/3qcqnrxj7md526g3lvyld9680000gn/T//ccu6APok.s:4      *ABS*:000000000000003f __SREG__
/var/folders/xx/3qcqnrxj7md526g3lvyld9680000gn/T//ccu6APok.s:5      *ABS*:0000000000000000 __tmp_reg__
/var/folders/xx/3qcqnrxj7md526g3lvyld9680000gn/T//ccu6APok.s:6      *ABS*:0000000000000001 __zero_reg__
/var/folders/xx/3qcqnrxj7md526g3lvyld9680000gn/T//ccu6APok.s:14     .gnu.debuglto_.debug_info:0000000000000000 led_tables.c.7c7607d4
                            *COM*:0000000000000001 __gnu_lto_v1
                            *COM*:0000000000000001 __gnu_lto_slim

NO UNDEFINED SYMBOLS
