   1               		.file	"matrix.c"
   2               	__SP_H__ = 0x3e
   3               	__SP_L__ = 0x3d
   4               	__SREG__ = 0x3f
   5               	__tmp_reg__ = 0
   6               	__zero_reg__ = 1
   7               		.section	.gnu.lto_.profile.4bccbd2a1d7b39e3,"",@progbits
   8 0000 789C 6363 		.ascii	"x\234cc```\003bF\206_L+\031\001\005\345\001\264"
   8      6060 6003 
   8      6246 865F 
   8      4C2B 1901 
   8      05E5 01B4 
   9               		.text
  10               		.section	.gnu.lto_.icf.4bccbd2a1d7b39e3,"",@progbits
  11 0000 789C 6363 		.string	"x\234cc``X\317\200"
  11      6060 58CF 
  11      8000 
  12 000a B20C E7A6 		.string	"\262\f\347\246\314\273\314\311x\247\375\340on\246+\327\026]\344f\376\371\341\364{.\226=w;
  12      CCBB CCC9 
  12      78A7 FDE0 
  12      6F6E A62B 
  12      D716 5DE4 
  13 00b4 93BD 5B42 		.ascii	"\223\275[B"
  14               		.text
  15               		.section	.gnu.lto_.jmpfuncs.4bccbd2a1d7b39e3,"",@progbits
  16 0000 789C 8592 		.string	"x\234\205\222\273N\303@\024Dg|\375\b\217\204\b("
  16      BB4E C340 
  16      1444 677C 
  16      FD08 8F84 
  16      0828 00
  17 0013 F90B E8F2 		.ascii	"\371\013\350\362Q|\004\225\323P\245E\024\310E\204\350S\360\f"
  17      517C 0495 
  17      D350 A545 
  17      14C8 4584 
  17      E853 F00C 
  18 0027 8F10 023D 		.ascii	"\217\020\002=\035\rM\250CIk\302\335\305\t\226\235\005KW\353\335"
  18      1D0D 4DA8 
  18      4349 6BC2 
  18      DDC5 0996 
  18      9D05 4B57 
  19 003d 9D3D 33F6 		.ascii	"\235=3\366\336\020\300\236`\376l\202d\222\n\274|\324=_\327C\235"
  19      DE10 C09E 
  19      60FE 6C82 
  19      6492 0ABC 
  19      7CD4 3D5F 
  20 0054 8BCE 7FF6 		.ascii	"\213\316\177\366\274}\002\034\222\320\232R\305\207\302\223\301"
  20      BC7D 021C 
  20      92D0 9A52 
  20      C587 C293 
  20      C1
  21 0065 6BAF DE91 		.ascii	"k\257\336\221T<\216\205g\214\255b,FV=\022\0015\345.i-\003+:\254"
  21      543C 8E85 
  21      678C AD62 
  21      2C46 563D 
  21      1201 35E5 
  22 0080 6AD5 8106 		.ascii	"j\325\201\006\260\246o\315\334\020\246\326\3630\033\310\255\216"
  22      B0A6 6FCD 
  22      DC10 A6D6 
  22      F330 1BC8 
  22      AD8E 
  23 0092 3F87 61AB 		.ascii	"?\207a\253\327n\246\"]\001wc\223]7\262\354\264\323H\262\366V"
  23      D76E A622 
  23      5D01 7763 
  23      935D 37B2 
  23      ECB4 D348 
  24 00a9 2A3E CFD9 		.ascii	"*>\317\331R\313\013&\277\276S\241\247\262\243\203\321Kd\242\372"
  24      52CB 0B26 
  24      BFBE 53A1 
  24      A7B2 A383 
  24      D14B 64A2 
  25 00be 042F 199B 		.ascii	"\004/\031\233\362\253`:\300W\026|]\006\317H(.\303+M\2536\236"
  25      F2AB 603A 
  25      C057 167C 
  25      5D06 CF48 
  25      282E C32B 
  26 00d6 C3A6 6F6D 		.ascii	"\303\246omn\\6\013\002\213\203tkIw\377\007\216\026\345\363\035"
  26      6E5C 360B 
  26      028B 8374 
  26      6B49 77FF 
  26      078E 16E5 
  27 00ec D47B 4B1D 		.ascii	"\324{K\035\270\250\333(\177\373\016\362\373\373\232\274Ol\253"
  27      B8A8 DB28 
  27      7FFB 0EF2 
  27      FBFB 9ABC 
  27      4F6C AB
  28 00ff 8001 1FF2 		.ascii	"\200\001\037\362N\tl\243\300X\325\214\250\337\377x\213\324\253"
  28      4E09 6CA3 
  28      C058 D58C 
  28      A8DF FF78 
  28      8BD4 AB
  29 0112 964A D095 		.ascii	"\226J\320\225\300\242\376\270\312@\257\362Q\235MUN\207zzT\t:"
  29      C0A2 FEB8 
  29      CA40 AFF2 
  29      519D 4D55 
  29      4E87 7A7A 
  30 0129 9397 23CC 		.ascii	"\223\227#\314e\204\2778\311\223\213U\370\225d1\0364\336\263j"
  30      6584 BF38 
  30      C993 8B55 
  30      F895 6431 
  30      1E34 DEB3 
  31 013e 8CD5 3717 		.ascii	"\214\3257\027\346\320R"
  31      E6D0 52
  32               		.text
  33               		.section	.gnu.lto_.inline.4bccbd2a1d7b39e3,"",@progbits
  34 0000 789C 7590 		.string	"x\234u\220\261N\303@\f\206\177\373\256\2274I\233@+$\n\242\035\231x\002F\346>\023\217\220\
  34      B14E C340 
  34      0C86 7FFB 
  34      AE97 3449 
  34      9B40 2B24 
  35 0040 6E18 F19B 		.string	"n\030\361\233\003UI\204\224"
  35      0355 4984 
  35      9400 
  36 004a 5ED4 CF84 		.ascii	"^\324\317\204\320,5\357\301\377f\034f[\020x\365~\233\355\250"
  36      D02C 35EF 
  36      C1FF 661C 
  36      665B 1078 
  36      F57E 9BED 
  37 005f E0F9 0729 		.ascii	"\340\371\007)l\236\316\"\244LB\300\3057\021\223*\241\222\340"
  37      6C9E CE22 
  37      A44C 42C0 
  37      C537 1193 
  37      2AA1 92E0 
  38 0073 2F1F EEBA 		.ascii	"/\037\356\272\032\336\224^C\241\325\234KG\275\026\025Uo/\t\034"
  38      1ADE 945E 
  38      43A1 D59C 
  38      4B47 BD16 
  38      1555 6F2F 
  39 0089 CB45 653A 		.ascii	"\313Ee:\315\024\276\330'6e<\214\263^\177>\\X\f\343I\257\177\332"
  39      CD14 BED8 
  39      2736 653C 
  39      8CB3 5E7F 
  39      3E5C 580C 
  40 00a2 2325 9252 		.ascii	"#%\222R\210o\226\021\351\366\250\220\004bs\320\036\357\302\347"
  40      886F 9611 
  40      E9F6 A890 
  40      0462 73D0 
  40      1EEF C2E7 
  41 00b6 557C 766A 		.ascii	"U|vj\236\035\303\273\235\311\002\177=\236\341\344Q\307\244\233"
  41      9E1D C3BB 
  41      9DC9 027F 
  41      3D9E E1E4 
  41      51C7 A49B 
  42 00ca 17FE A34A 		.ascii	"\027\376\243J\342\214\263=\353\265\376\305\241}h\266\341\024"
  42      E28C B33D 
  42      EBB5 FEC5 
  42      A17D 68B6 
  42      E114 
  43 00dc F9AB 7A98 		.ascii	"\371\253z\230\275\335\273\330\335\325/P\\\037\246\354\251m\253"
  43      BDDD BBD8 
  43      DDD5 2F50 
  43      5C1F A6EC 
  43      A96D AB
  44 00ef 1DCF 71F4 		.ascii	"\035\317q\364\205\303\351\226\031Mu;\310$?i'\342\007\021\232"
  44      85C3 E996 
  44      194D 753B 
  44      C824 3F69 
  44      27E2 0711 
  45 0104 341D      		.ascii	"4\035"
  46               		.text
  47               		.section	.gnu.lto_.pureconst.4bccbd2a1d7b39e3,"",@progbits
  48 0000 789C 6363 		.string	"x\234cc``\320\004b\021\006)&)f)\026)6)v\t\016\tN\t.\tn\t\036\t^\006>\006~\t\001\026!\026a
  48      6060 D004 
  48      6211 0629 
  48      2629 6629 
  48      1629 3629 
  49 0033 3B5A 02CC 		.ascii	";Z\002\314"
  50               		.text
  51               		.section	.gnu.lto_select_row.4bccbd2a1d7b39e3,"",@progbits
  52 0000 789C 8553 		.string	"x\234\205SKk\023Q\024>\347\336\311\344\375lJ\215f\241nJ\021\037\305\277\340\277pU\\\271\2
  52      4B6B 1351 
  52      143E E7DE 
  52      C9E4 FD6C 
  52      4A8D 66A1 
  53 00ae 2529 F078 		.string	"%)\360x\032\217\245\201"
  53      1A8F A581 
  53      00
  54 00b7 C087 38CC 		.string	"\300\2078\314\344\217\367;7\303\246\241\363\341#4\001i\263\370\326c\253\316\257\202\262\2
  54      E48F F73B 
  54      37C3 A6A1 
  54      F3E1 2334 
  54      0169 B3F8 
  55 00ee 8720 1F43 		.string	"\207 \037C\034\302|\033a,\312\344\030\037\343|\221\3400\300!\311\330 rO)\336\002\024i\321
  55      1CC2 7C1B 
  55      612C CAE4 
  55      181F E37C 
  55      91E0 30C0 
  56 01d9 0FA5 09EE 		.string	"\017\245\t\356!\005\tf\322\256K\n9\225\202=\2440\301\354\344\235v\362\317\276mg\324a=\255
  56      2105 0966 
  56      D2AE 4B0A 
  56      3995 823D 
  56      A430 C1EC 
  57 0246 C4CF 4D8D 		.ascii	"\304\317M\215\235\231\234\032?:>69q\372\302\221S '\316\236\377"
  57      9D99 9C1A 
  57      3F3A 3E36 
  57      3971 FAC2 
  57      9153 2027 
  58 025d 0DDC 7A29 		.ascii	"\r\334z)\363"
  58      F3
  59               		.text
  60               		.section	.gnu.lto_row_pins.4bccbd2a1d7b39e3,"",@progbits
  61 0000 789C 6363 		.string	"x\234cc``\330\n\304\214\f\0200\205\231\361\325\376\266'\374\335\314s\230\031\030\2470\002
  61      6060 D80A 
  61      C48C 0C10 
  61      3085 99F1 
  61      D5FE B627 
  62 0034 B987 3E6D 		.string	"\271\207>mX\316\003\221e\006r\027\355?W\017\2214\004\362\216\376\377~\200\037\"\311\004\3
  62      58CE 0391 
  62      6506 7217 
  62      ED3F 570F 
  62      9134 04F2 
  63 009b 00        		.string	""
  64 009c 0EE9 3869 		.ascii	"\016\3518i"
  65               		.text
  66               		.section	.gnu.lto_unselect_row.4bccbd2a1d7b39e3,"",@progbits
  67 0000 789C 8553 		.string	"x\234\205SMk\023Q\024\275\367\275\311\344\373\263)5\232\205\272)E\250\026\377\202\177\244
  67      4D6B 1351 
  67      14BD F7BD 
  67      C9E4 FBB3 
  67      2935 9A85 
  68 005c DE4B 8011 		.string	"\336K\200\021z\357\241\205\022PT\236\001\344\003\002\2217*\200\220\023\230\303\013\362\26
  68      7AEF A185 
  68      1250 549E 
  68      01E4 0302 
  68      9137 2A80 
  69 00b6 5CC5 514E 		.ascii	"\\\305QN~w\253w%j\032N=\274\203& m\226_\370l\325\373UR\366\233"
  69      7E77 AB77 
  69      256A 1A4E 
  69      3DBC 8326 
  69      206D 965F 
  70 00d2 F16B AB23 		.ascii	"\361k\253#\273\2218BP\220\222\203\301G\037\007\223\202\341g,"
  70      BB91 3842 
  70      5090 9283 
  70      C147 1F07 
  70      9382 E167 
  71 00e7 40C1 1764 		.ascii	"@\301\027d,\304!\314\307\b\207(\207\030\247\304\371\"\301\214"
  71      2CC4 21CC 
  71      C708 8728 
  71      8718 A7C4 
  71      F922 C18C 
  72 00fb 241F 537C 		.ascii	"$\037S|1\304!\315\307a\344\2362\274\005(\323\242a(\033\316I\301"
  72      31C4 21CD 
  72      C761 E49E 
  72      32BC 0528 
  72      D3A2 6128 
  73 0113 BBA2 0D1F 		.ascii	"\273\242\r\037\261\320-=}\235\346.k\022kr\230\241\265\240s\026"
  73      B1D0 2D3D 
  73      7D9D E62E 
  73      6B12 6B72 
  73      98A1 B5A0 
  74 0129 64C6 3AD3 		.ascii	"d\306:\323\336\360\317\323|L=\210\342\217\365\257\261\334O\265"
  74      DEF0 CFD3 
  74      7C4C 3D88 
  74      E28F F5AF 
  74      B1DC 4FB5 
  75 013d 8B80      		.ascii	"\213\200"
  76 013f 06FB 23EC 		.string	"\006\373#\354\373\346V9\334\300\305|\242.\375x\227\306\334\304\254\276iU\254J|bYU\224\332
  76      FBE6 5639 
  76      DCC0 C57C 
  76      A22E FD78 
  76      97C6 DCC4 
  77 0240 489E 9C9D 		.ascii	"H\236\234\235<>3;upjrf\372\330\351\361\243 \247O\234\372\r\377"
  77      3C3E 333B 
  77      7570 6A72 
  77      66FA D8E9 
  77      F1A3 20A7 
  78 0259 7D28 CB   		.ascii	"}(\313"
  79               		.text
  80               		.section	.gnu.lto_unselect_rows.4bccbd2a1d7b39e3,"",@progbits
  81 0000 789C 8554 		.string	"x\234\205T\315O\023Q\020\237\331\267\273-\375\246\264\326\204\036\320\304\003\321\210\304
  81      CD4F 1351 
  81      109F D9B7 
  81      BB2D FDA6 
  81      B4D6 841E 
  82 005d 6513 204E 		.ascii	"e\023 N\317\023\364G\033\320\310\315\001tz\r4\365B\350E\311k"
  82      CF13 F447 
  82      1BD0 C8CD 
  82      0174 7A0D 
  82      34F5 42E8 
  83 0074 1AE2 4A09 		.ascii	"\032\342J\t@\372\254L\020d\300Bd\\z\021R\2060-L\031&\240\203"
  83      40FA AC4C 
  83      1064 C042 
  83      645C 7A11 
  83      5286 302D 
  84 008d 68ED 1AA2 		.ascii	"h\355\032\242\204\313\342\272\300rve\302h\274+\351\347\364-\371"
  84      84CB E2BA 
  84      C072 7665 
  84      C268 BC2B 
  84      E9E7 F42D 
  85 00a2 07E4 2B29 		.ascii	"\007\344+)\n\002 /@\375p\024\033\201\374\336\ro\335\b\332\246"
  85      0A02 202F 
  85      40FD 7014 
  85      1B81 FCDE 
  85      0D6F DD08 
  86 00b8 C6F1 01DA 		.ascii	"\306\361\001\332H`\377d6\355\0231d\207\355%y\r\017\335\2212-"
  86      4860 FF64 
  86      36ED 1331 
  86      6487 ED25 
  86      790D 0FDD 
  87 00cf 9DB9 A168 		.ascii	"\235\271\241hY\312\233\322,\b\3041\024\024\204\307\223x,\251"
  87      59CA 9BD2 
  87      2C08 C431 
  87      1414 84C7 
  87      9378 2CA9 
  88 00e3 28        		.ascii	"("
  89 00e4 77D9 F021 		.string	"w\331\360!\036RdD9N\224\364`hh\321r\344\326vV:\263M\267W\023I\204\2020\f2B\2601yk\261\261
  89      1E52 6444 
  89      394E 94F4 
  89      6068 68D1 
  89      72E4 D676 
  90 01e5 CFDE B24C 		.string	"\317\336\262LU\326\250\263\234\367q\t]\235\234i\rE\3414\027AW\261\210\025t^\"\340\0346m\3
  90      55D6 A8B3 
  90      9CF7 7109 
  90      5D9D 9C69 
  90      0D45 E134 
  91 02d4 D49E 6D6F 		.string	"\324\236mo9\323\326\336\332\324\332\322v\356t\307\321\223\200\035\177"
  91      39D3 D6DE 
  91      DAD4 DAD2 
  91      76EE 74C7 
  91      D193 801D 
  92 02ea 176B 6DE4 		.ascii	"\027km\344"
  93               		.text
  94               		.section	.gnu.lto_init_pins.4bccbd2a1d7b39e3,"",@progbits
  95 0000 789C 8554 		.string	"x\234\205T]KTQ\024\335\373\236{\347\343\316\247:\023\t\023X $A&\375\225\376\200\364\324\2
  95      5D4B 5451 
  95      14DD FB9E 
  95      7BE7 E3CE 
  95      A73A 1309 
  96 0079 D2B6 FA2D 		.string	"\322\266\372-\220~\013\221q\351A\210\033\302\2640n\230\200y\304\340~ J\270&n\t,\244VsF\30
  96      907E 0B91 
  96      71E9 4188 
  96      1BC2 B430 
  96      6E98 8079 
  97 00a9 1901 EA83 		.string	"\031\001\352\203\243\330"
  97      A3D8 00
  98 00b0 94F7 6164 		.ascii	"\224\367ad\347v\300ej\034\037\243\013\t\354\233L%l\021AN\330"
  98      E776 C065 
  98      6A1C 1FA3 
  98      0B09 EC9B 
  98      4C25 6C11 
  99 00c7 7D27 6F62 		.ascii	"}'ob\375\240\224\t\231_\230\b\027\244\274#MG \216\241\240\"<"
  99      FDA0 9409 
  99      995F 9808 
  99      17A4 BC23 
  99      4D47 208E 
 100 00df 1DC3 5331 		.ascii	"\035\303S1E\271\317\206O\260^\221\021\3458Q\322\017C\303o\254"
 100      45B9 CF86 
 100      4FB0 5E91 
 100      11E5 3851 
 100      D20F 43C3 
 101 00f5 BCDC D94D 		.ascii	"\274\334\331M\311\374V\343\324\346|\315\021\004G\030\006\005"
 101      C9FC 56E3 
 101      D4E6 7CCD 
 101      1104 4718 
 101      0605 
 102 0107 2138 98BC 		.ascii	"!8\230\274\2658\270(\230n\306<\024,/c6\007\037o\375\034\002\034"
 102      B538 B828 
 102      986E C63C 
 102      142C 2F63 
 102      3607 1F6F 
 103 011f 829C 12E2 		.ascii	"\202\234\022\342\007a\256\250\342m5?\250\341\020\341m\024X\272"
 103      0761 AEA8 
 103      E26D 353F 
 103      A8E1 10E1 
 103      6D14 58BA 
 104 0133 9697 31B5 		.ascii	"\226\2271\265\004\350\"\257\375\226\314C\2670h\221\314C\021\223"
 104      04E8 22AF 
 104      FD96 CC43 
 104      B730 6891 
 104      CC43 1193 
 105 0147 D9DD 5EA1 		.ascii	"\331\335^\241Z&\033\271\\q\305\035\377-=\216pe\004\267?\201q"
 105      5A26 1BB9 
 105      5C71 C51D 
 105      FF2D 3D8E 
 105      7065 04B7 
 106 015e 6270 C32A 		.ascii	"bp\303*&\262\203\316q\345\212\270(7s\251\260\344\276*x\"\200"
 106      26B2 83CE 
 106      71E5 8AB8 
 106      2837 73A9 
 106      B0E4 BE2A 
 107 0175 39E4 5174 		.ascii	"9\344Qt\223\035zq\304\373\031\023\033\251\201\365\b\347\367\321"
 107      931D 7A71 
 107      C4FB 1913 
 107      1BA9 81F5 
 107      08E7 F7D1 
 108 0189 5CA9 1B82 		.ascii	"\\\251\033\202\246\275zo\034,\367\250i'\177\315|\013\222\362"
 108      A6BD 7A6F 
 108      1C2C F7A8 
 108      6927 7FCD 
 108      7C0B 92F2 
 109 019d 6102 B242 		.ascii	"a\002\262B\017\365\347\362\227._\026\357v\204\035\341\305\247"
 109      0FF5 E7F2 
 109      972E 5F16 
 109      EF76 841D 
 109      E1C5 A7
 110 01b0 18C7 4996 		.ascii	"\030\307I\226\341>\323\231t\250iX\246\245\254s\204\215\3170K"
 110      E13E D399 
 110      74A8 6958 
 110      A6A5 AC73 
 110      848D CF30 
 111 01c5 1AA8 DEEF 		.ascii	"\032\250\336\357\0246\221Vr\3432j1\241\365\226;\037:\202\365"
 111      1436 9156 
 111      72E3 326A 
 111      31A1 F596 
 111      3B1F 3A82 
 112 01da E8B8 E134 		.ascii	"\350\270\3414\361\250\026\367rLJ\343\242L\251\310\"\214\212\272"
 112      F1A8 16F7 
 112      724C 4AE3 
 112      A24C A9C8 
 112      228C 8ABA 
 113 01ee 568A      		.ascii	"V\212"
 114 01f0 9B7E 5D74 		.string	"\233~]t\024g*\2128\215\200\302\366\225=\300}\320\226\251l\215\346\337gl\266\320\331\301\2
 114      1467 2A8A 
 114      388D 80C2 
 114      F695 3DC0 
 114      7DD0 96A9 
 115 02f1 AA2E B435 		.ascii	"\252.\2645\237omkilin\275x\256\375\344Y\300\366?\004?|\245"
 115      9F6F 6D6B 
 115      696C 696E 
 115      BD78 AEFD 
 115      E459 C0F6 
 116               		.text
 117               		.section	.gnu.lto_col_pins.4bccbd2a1d7b39e3,"",@progbits
 118 0000 789C 2D91 		.ascii	"x\234-\221[K\002A\030\206\347\333U\3234\275\352n\377D\005\341"
 118      5B4B 0241 
 118      1886 E7DB 
 118      55D3 34BD 
 118      EA6E FF44 
 119 0016 CFEB C2E8 		.ascii	"\317\353\302\350\bY\331\201\020\n\312\016\224 V\346nZf"
 119      0859 D981 
 119      100A CA0E 
 119      9420 56E6 
 119      6E5A 66
 120 0029 665A 2115 		.string	"fZ!\025D\031\021Q\201\341U\245\265\245Y\275\303\267\003\017\3033\317\314\262\3148\204\020
 120      4419 1151 
 120      81E1 55A5 
 120      B5A5 59BD 
 120      C3B7 030F 
 121 012a 8E41 1E1C 		.string	"\216A\036\034\201\0348\004Yp"
 121      811C 3804 
 121      5970 00
 122 0135 3260 1FEC 		.ascii	"2`\037\354\201\036\215\322\230R`\027\030@\007I\260\003\022`\033"
 122      811E 8DD2 
 122      9852 6017 
 122      1840 0749 
 122      B003 1260 
 123 014a 6C81 4DD2 		.ascii	"l\201M\322\004\235\221_\374\003%J\243\301"
 123      049D 915F 
 123      FC03 254A 
 123      A3C1 
 124               		.text
 125               		.section	.gnu.lto_read_cols_on_row.4bccbd2a1d7b39e3,"",@progbits
 126 0000 789C 7D56 		.string	"x\234}V\351OTW\024\277\347\335y\2631\f\213KH\003\225\264%D\2332\2326\265Ic\323\264_\372\0
 126      E94F 5457 
 126      14BF E7DD 
 126      79B3 310C 
 126      8B4B 4803 
 127 009c 926B 6660 		.string	"\222kf`y\n7\250F\023\344)F\006A"
 127      790A 37A8 
 127      4613 E429 
 127      4606 4100 
 128 00ac FBE4 82BE 		.string	"\373\344\202\276\330\032\276\221\303\206Me=\366\271U\232\266R\013n\366\331+\212/j\334\317
 128      D81A BE91 
 128      C386 4D65 
 128      3DF6 B955 
 128      9AB6 520B 
 129 016b CBC4 9842 		.string	"\313\304\230B\"T\250\257>\276\001\370G\002{\355O[\253\024\035\273\353Hl\263\216m\200\343\
 129      2254 A8AF 
 129      3EBE 01F8 
 129      4702 7BED 
 129      4F5B AB14 
 130 0269 0A02 4FFD 		.string	"\n\002O\375\".\n\243\241\341\301uS\3363\315\354\347V/F\306\340\024\3441L\334\317#(\202D\3
 130      222E 0AA3 
 130      A1E1 C175 
 130      53DE 33CD 
 130      ECE7 562F 
 131 036a 9F7A 8A76 		.string	"\237z\212v/R\340,\371\354\304\203$e?\217\022\365+\335^%\331D\365\2328[\021\350\344\256C\3
 131      2F52 E02C 
 131      F9EC C483 
 131      2465 3F8F 
 131      12F5 2BDD 
 132 0469 8A61 DC88 		.ascii	"\212a\334\210\335\234(\203\336=4\262\333Hhf\210\202\336i\376"
 132      DD9C 2883 
 132      DE3D 34B2 
 132      DB48 6866 
 132      8882 DE69 
 133 047e 6DA8 3625 		.ascii	"m\2506%\323H\001b\023 !\231\035\305\360v\274\344\313U1\031jk"
 133      D348 0162 
 133      1320 2199 
 133      1DC5 F076 
 133      BCE4 CB55 
 134 0496 6B4A 9479 		.ascii	"kJ\224y\325\242G\272\272\225\202\200\231nL\371\300-\230G\375"
 134      D5A2 47BA 
 134      BA95 8280 
 134      996E 4CF9 
 134      C02D 9847 
 135 04ab BDBE BED0 		.ascii	"\275\276\276\320\220\361'\251\004\016U,\302\357\210\004\363\342"
 135      90F1 27A9 
 135      040E 552C 
 135      C2EF 8804 
 135      F3E2 
 136 04bd 0981 C16D 		.ascii	"\t\201\301m\310\020\214\333)|\320q\3235\030\\=lX>F&\211D\020"
 136      C810 8CDB 
 136      297C D071 
 136      D335 185C 
 136      3D6C 583E 
 137 04d6 0492 DA77 		.ascii	"\004\222\332w`\271\234\255kG\367+2\250\250i\2630q\312 \374\235"
 137      60B9 9CAD 
 137      6B47 F72B 
 137      32A8 A869 
 137      B330 71CA 
 138 04ed 2AD3 0705 		.ascii	"*\323\007\005\327N\216\033\365$\320\265\b\257\004\317\370\350"
 138      D74E 8E1B 
 138      F524 D0B5 
 138      08AF 04CF 
 138      F8E8 
 139 04ff 5B82 ACF9 		.ascii	"[\202\254\371\203\241\024\023\020m\377\2513\205f9\341\001\372"
 139      83A1 1413 
 139      106D FFA9 
 139      3385 6639 
 139      E101 FA
 140 0512 205E 92A1 		.ascii	" ^\222\241\204\253\023\344\316\377\247\260\333\"\r\2421\002\037"
 140      84AB 13E4 
 140      CEFF A7B0 
 140      DB22 0DA2 
 140      3102 1F
 141 0525 9F41 515D 		.ascii	"\237AQ]\221g\367\312x\372\005\271\242%?v=\252\266\021\267}|\016"
 141      9167 F7CA 
 141      78FA 05B9 
 141      A225 3F76 
 141      3DAA B611 
 142 053d B21A ED0E 		.ascii	"\262\032\355\016\024\265\327[eO\001\374\001z\245\365\236C-\306"
 142      14B5 D75B 
 142      654F 01FC 
 142      017A A5F5 
 142      9E43 2DC6 
 143 0551 1E03 1E7B 		.ascii	"\036\003\036{\202\30170f\244\201\2163\257\004\331\206\377\345"
 143      82C1 3730 
 143      66A4 818E 
 143      33AF 04D9 
 143      86FF E5
 144 0564 605C FDA0 		.ascii	"`\\\375\2400\251\030K)_8\331u\304*\341\t{\260\241\262Z\221\330"
 144      30A9 184B 
 144      295F 38D9 
 144      75C4 2AE1 
 144      097B B0A1 
 145 057c 9170 578E 		.ascii	"\221pW\216\255\307\020K\255\253\354\265\"\270\332\371\005\202"
 145      ADC7 104B 
 145      ADAB ECB5 
 145      22B8 DAF9 
 145      0582 
 146 058e 99E4 6548 		.ascii	"\231\344eH#f\270\342\177.\n,\007\334\233\274(\304\201<\034\035"
 146      2366 B8E2 
 146      7F2E 0A2C 
 146      07DC 9BBC 
 146      28C4 813C 
 147 05a4 51E4 7517 		.ascii	"Q\344u\027\363\312\002\334\227T\315?X\324f\222\372X\337\030\272"
 147      F3CA 02DC 
 147      9754 CD3F 
 147      58D4 6692 
 147      FA58 DF18 
 148 05b9 DF06 F429 		.ascii	"\337\006\364)\204\022\212\255\030\357\243rUa,\346\233\\WfNn\206"
 148      8412 8AAD 
 148      18EF A372 
 148      5561 2CE6 
 148      9B5C 5766 
 149 05d0 23C3 9593 		.ascii	"#\303\225\223\225\276,\305\315\354\356\334\254\254\264\314\034"
 149      95BE 2CC5 
 149      CDEC EEDC 
 149      ACAC B4CC 
 149      1C
 150 05e1 A794 4484 		.ascii	"\247\224D\204\266Y\213\277\265{\\\331\342\305\271\324\345\311"
 150      B659 8BBF 
 150      B57B 5CD9 
 150      E2C5 B9D4 
 150      E5C9 
 151 05f3 4DB3 B817 		.ascii	"M\263\270\027{\234\351\231\251i\313\fNgn\366\207\216\334\354"
 151      7B9C E999 
 151      A969 CB0C 
 151      4E67 6EF6 
 151      878E DCEC 
 152 0607 2C87 67B1 		.ascii	",\207g\261\333\345q|\232\346\361\270\262\034\256\245Y\357|\351"
 152      DBE5 717C 
 152      9AE6 F1B8 
 152      B21C AEA5 
 152      59EF 7CE9 
 153 061b 767F BCD0 		.ascii	"v\177\274\320\2610\345\275\224\371\264w\244g\272=\271\251i\216"
 153      B130 E5BD 
 153      94F9 B477 
 153      A467 BA3D 
 153      B9A9 698E 
 154 062f DC9C 748F 		.ascii	"\334\234t\217#5\315\343\372.\345+fu:s\322\335_g;S\335*\276f,"
 154      2335 CDE3 
 154      FA2E E52B 
 154      6675 3A73 
 154      D2DD 5F67 
 155 064a B12C 49CF 		.ascii	"\261,I\317tf\347\270r\322\376\005\376L=\203"
 155      7466 E7B8 
 155      72D2 FE05 
 155      FE4C 3D83 
 156               		.text
 157               		.section	.gnu.lto_matrix_init_user.4bccbd2a1d7b39e3,"",@progbits
 158 0000 789C 6363 		.string	"x\234cc``\250\003ba \226\006bFf\006F\246\t\347\030\030\0329\230\030\031A\214\006\016F\206
 158      6060 A803 
 158      6261 2096 
 158      0662 4666 
 158      0646 A609 
 159 0035 0407 A65F 		.string	"\004\007\246_`kkh\225\230\303\314\3000\r\210A\200q3\243&\003P\331\243\215\377\246\362\262
 159      606B 6B68 
 159      9598 C3CC 
 159      C030 0D88 
 159      4180 7133 
 160 00a4 9BE8 31B7 		.ascii	"\233\3501\267"
 161               		.text
 162               		.section	.gnu.lto_matrix_init_kb.4bccbd2a1d7b39e3,"",@progbits
 163 0000 789C 6363 		.string	"x\234cc``X\005\304\302@,\r\304\214\314\f\214L\023\316104r012\202\030\r\034\214\f\365L\214
 163      6060 5805 
 163      C4C2 402C 
 163      0DC4 8CCC 
 163      0C8C 4C13 
 164 0047 E366 464D 		.string	"\343fFM\006\240\262G\033\377M\345ec\201\2103nadc`\0042\326_b=\320\360\357\177{\303\201;\2
 164      06A0 B247 
 164      1BFF 4DE5 
 164      6563 8188 
 164      336E 6164 
 165 0080 C31B C6E6 		.string	"\303\033\306\346\005\373{X\301\272\200F\355\334\371\3466{\375\337\006\2169\314\214\323\23
 165      05FB 7B58 
 165      C1BA 8046 
 165      EDDC F9E6 
 165      367B FDDF 
 166 00b2 CA02 8D60 		.string	"\312\002\215`b`\020,,M\314+)\315\325\317M,)\312\254\320Kf"
 166      6260 102C 
 166      2C4D CC2B 
 166      29CD D5CF 
 166      4D2C 29CA 
 167 00cb 00        		.string	""
 168 00cc 1266 4077 		.ascii	"\022f@w"
 169               		.text
 170               		.section	.gnu.lto_matrix_init_quantum.4bccbd2a1d7b39e3,"",@progbits
 171 0000 789C 6363 		.string	"x\234cc``X\001\304\302@,\r\304\214\314\f\214L\023\316104r012\202\030\r\034\214\f\365L\214
 171      6060 5801 
 171      C4C2 402C 
 171      0DC4 8CCC 
 171      0C8C 4C13 
 172 003e E31C 6606 		.string	"\343\034f\006\206i@\f\002\214\233\0315\031\200\312\036m\3747\225\227\215\005\"\316\270\20
 172      8669 400C 
 172      028C 9B19 
 172      3519 80CA 
 172      1E6D FC37 
 173 0073 62A0 250D 		.string	"b\240%\r\007\030:\231\231@\254\346\003\fo\030\233\027|\327\006k\002\232\264s\347\233\333\
 173      0718 3A99 
 173      9940 ACE6 
 173      030C 6F18 
 173      9B17 7CD7 
 174 00ca 0316 4086 		.ascii	"\003\026@\206"
 175               		.text
 176               		.section	.gnu.lto_matrix_scan_user.4bccbd2a1d7b39e3,"",@progbits
 177 0000 789C 6363 		.string	"x\234cc``\250\003ba \226\006bFf\006F\246\t\347\030\030\0329\230\030\031A\214\006\016F\206
 177      6060 A803 
 177      6261 2096 
 177      0662 4666 
 177      0646 A609 
 178 0035 0407 A6DF 		.string	"\004\007\246\337`kkh\225\230\303\314\3000\r\210A\200q3\243&\003P\331\243\215\377\246\362\
 178      606B 6B68 
 178      9598 C3CC 
 178      C030 0D88 
 178      4180 7133 
 179 00a4 A1F0 31C7 		.ascii	"\241\3601\307"
 180               		.text
 181               		.section	.gnu.lto_matrix_scan_kb.4bccbd2a1d7b39e3,"",@progbits
 182 0000 789C 6363 		.string	"x\234cc``X\005\304\302@,\r\304\214\314\f\214L\023\316104r012\202\030\r\034\214\f\365L\214
 182      6060 5805 
 182      C4C2 402C 
 182      0DC4 8CCC 
 182      0C8C 4C13 
 183 0047 E366 464D 		.string	"\343fFM\006\240\262G\033\377M\345ec\201\2103nadc`\0042\326_b=\320\360\357\177{\303\201;\2
 183      06A0 B247 
 183      1BFF 4DE5 
 183      6563 8188 
 183      336E 6164 
 184 0080 C31B C6E6 		.string	"\303\033\306\346\005\237{X\301\272\200F\355\334\371\3466{\375\337\006\2169\314\214\323\23
 184      059F 7B58 
 184      C1BA 8046 
 184      EDDC F9E6 
 184      367B FDDF 
 185 00b2 CA02 8D60 		.string	"\312\002\215`b`\020,,M\314+)\315\325\317M,)\312\254\320Kf"
 185      6260 102C 
 185      2C4D CC2B 
 185      29CD D5CF 
 185      4D2C 29CA 
 186 00cb 00        		.string	""
 187 00cc 3BA4 40E3 		.ascii	";\244@\343"
 188               		.text
 189               		.section	.gnu.lto_matrix_scan_quantum.4bccbd2a1d7b39e3,"",@progbits
 190 0000 789C 6363 		.string	"x\234cc``X\005\304\302@,\r\304\214\314\f\214L\023\316104r012\202\030\r\034\214\f\365L\214
 190      6060 5805 
 190      C4C2 402C 
 190      0DC4 8CCC 
 190      0C8C 4C13 
 191 0047 E366 464D 		.string	"\343fFM\006\240\262G\033\377M\345ec\201\2103nadc`\0042\326_b=\320\360\357\177{\303\201#K\
 191      06A0 B247 
 191      1BFF 4DE5 
 191      6563 8188 
 191      336E 6164 
 192 0080 C31B C6E6 		.string	"\303\033\306\346\005\253{X\301\272\200F\355\334\371\3466{\375\337\006\2169\314\214\323\23
 192      05AB 7B58 
 192      C1BA 8046 
 192      EDDC F9E6 
 192      367B FDDF 
 193 00b2 CA02 8D60 		.string	"\312\002\215`b`\020,,M\314+)\315\325\317M,)\312\254\320Kf"
 193      6260 102C 
 193      2C4D CC2B 
 193      29CD D5CF 
 193      4D2C 29CA 
 194 00cb 00        		.string	""
 195 00cc E7E1 3FF4 		.ascii	"\347\341?\364"
 196               		.text
 197               		.section	.gnu.lto_matrix_rows.4bccbd2a1d7b39e3,"",@progbits
 198 0000 789C 6363 		.string	"x\234cc``\230\001\304\302@,\r\304\214\314\f\214L\023\316104r012\202\030\r\034\214\f\365L\
 198      6060 9801 
 198      C4C2 402C 
 198      0DC4 8CCC 
 198      0C8C 4C13 
 199 00c0 00        		.string	""
 200 00c1 B776 3B9E 		.ascii	"\267v;\236"
 201               		.text
 202               		.section	.gnu.lto_matrix_cols.4bccbd2a1d7b39e3,"",@progbits
 203 0000 789C 6363 		.string	"x\234cc``\230\001\304\302@,\r\304\214\314\f\214L\023\316104r012\202\030\r\034\214\f\365L\
 203      6060 9801 
 203      C4C2 402C 
 203      0DC4 8CCC 
 203      0C8C 4C13 
 204 00c0 00        		.string	""
 205 00c1 A921 3B2A 		.ascii	"\251!;*"
 206               		.text
 207               		.section	.gnu.lto_matrix_is_modified.4bccbd2a1d7b39e3,"",@progbits
 208 0000 789C 458E 		.string	"x\234E\216\277K\302Q\024\305\317y\367\353\017\244\244\037K\301wk\322\241\202\372\207\244\
 208      BF4B C251 
 208      14C5 CF79 
 208      F7EB 0FA4 
 208      A41F 4BC1 
 209 009f 1CDF 4742 		.ascii	"\034\337GB;\370.\331\360\301?\354&#\204\362\306\025`S\213\206"
 209      3BF8 2ED9 
 209      F0C1 3FEC 
 209      2623 84F2 
 209      C615 6053 
 210 00b5 DA10 5B62 		.ascii	"\332\020[b\\W\b\321g\341\240\275;\351\370\206Pm\273\335~/\026"
 210      5C57 08D1 
 210      67E1 A0BD 
 210      3BE9 F886 
 210      506D BBDD 
 211 00cc 7CD9 7853 		.ascii	"|\331xSX\023\265d\207\201\362\006/\334\350]^\361_Z+^\334\305"
 211      5813 B564 
 211      8781 F206 
 211      2FDC E85D 
 211      5EF1 5F5A 
 212 00e4 B645 BD09 		.ascii	"\266E\275\t\236\322\035\347B\004\365t\301ex\177\031\2574h\250"
 212      9ED2 1DE7 
 212      4204 F574 
 212      C165 787F 
 212      19AF 3468 
 213 00f9 01F0 41E3 		.ascii	"\001\360A\343\204\346mL\361N\351\246\225\370\305\3113\372r\376"
 213      84E6 6D4C 
 213      F14E E9A6 
 213      95F8 C5C9 
 213      33FA 72FE 
 214 010d FE44 E5E9 		.ascii	"\376D\345\3510U\217.\3473K\271|v&\233\311\255,\256N/\340\007"
 214      3055 8F2E 
 214      E733 4BB9 
 214      7C76 269B 
 214      C9AD 2CAE 
 215 0125 6E13 5FA6 		.ascii	"n\023_\246"
 216               		.text
 217               		.section	.gnu.lto_matrix_is_on.4bccbd2a1d7b39e3,"",@progbits
 218 0000 789C 6552 		.string	"x\234eRKK\033a\024\275\347\273\231Gl\032\020\\\b\215\340.\270i+\375\t\245?D\\\025|\240(\2
 218      4B4B 1B61 
 218      14BD E7BB 
 218      9947 6C1A 
 218      105C 088D 
 219 0067 05D6 07E5 		.string	"\005\326\007\345\frx\303\357\030\3233\223_\323\035\313\326\346m8\267\346\035\331\361\326\
 219      0C72 78C3 
 219      EF18 D333 
 219      935F D31D 
 219      CBD6 E66D 
 220 00f3 1F5A 2E49 		.string	"\037Z.I:\024\275\222CV`Cz\315FQ!\244K\344oK\373\273+\320\016eF\231]\345\352\311\370n$\310
 220      3A14 BD92 
 220      4356 6043 
 220      7ACD 4651 
 220      21A4 4BE4 
 221 01b1 E7B2 A358 		.ascii	"\347\262\243X"
 222               		.text
 223               		.section	.gnu.lto_matrix_get_row.4bccbd2a1d7b39e3,"",@progbits
 224 0000 789C 2D50 		.ascii	"x\234-PKK\002a\024\275g\276\361\021Y\026\004-\032\302\235\270"
 224      4B4B 0261 
 224      14BD 67BE 
 224      F111 5916 
 224      042D 1AC2 
 225 0016 A9A4 BFD0 		.ascii	"\251\244\277\320\037\221VA\026\211R;\277\224\320\262EI\031\230"
 225      1F91 5641 
 225      1689 523B 
 225      BF94 D0B2 
 225      4549 1998 
 226 002a 892D A216 		.ascii	"\211-\242\026\201\204\366\260\207\fA\321\"2\204\026\321\252\226"
 226      8184 F6B0 
 226      870C 41D1 
 226      2232 8416 
 226      D1AA 96
 227 003d A151 6EDC 		.ascii	"\241Qn\334\224v?k`\230{\316=\367\336s\306JD\323 \032\344\357"
 227      9476 3F6B 
 227      6098 7BCE 
 227      3DF7 DE73 
 227      C64A 44D3 
 228 0055 10BF 1004 		.ascii	"\020\277\020\004m\355\201h\321\256\001\252\220"
 228      6DED 8168 
 228      D1AE 01AA 
 228      90
 229 0062 7650 5843 		.string	"vPXC\030\253bC\340\246\3354\235\t\221Q2\206\325\317\373\235n\005\201>\206\207\315\302\223
 229      18AB 6243 
 229      E0A6 DD34 
 229      9D09 9151 
 229      3286 D5CF 
 230 0163 1F7B 10   		.ascii	"\037{\020"
 231               		.text
 232               		.section	.gnu.lto_matrix_print.4bccbd2a1d7b39e3,"",@progbits
 233 0000 789C 8554 		.string	"x\234\205T[oLQ\024^\337^\347\234\216\351\314(\206\"M\364\305\003\021\227\370+\376\200\360
 233      5B6F 4C51 
 233      145E DF5E 
 233      E79C 8EE9 
 233      CC28 8622 
 234 00a9 D348 963D 		.ascii	"\323H\226=\333\377}s\322s\3028\016\302S\303\301\200\303\220\214"
 234      DBFF 7D73 
 234      D273 C238 
 234      0EC2 53C3 
 234      C180 C390 
 235 00be 87E0 49   		.ascii	"\207\340I"
 236 00c1 7CED E0BD 		.string	"|\355\340\275\215.\247a6\266\\<\334\252\246\356\322\272Z\347?\356Hwi\275U;>\003\207\301\0
 236      8D2E A761 
 236      36B6 5C3C 
 236      DCAA A6EE 
 236      D2BA 5AE7 
 237 01c2 A1CB 6410 		.string	"\241\313d\0205L\322Z\"\347%\252\337\325}\353Xh\32673\232eb"
 237      354C D25A 
 237      22E7 25AA 
 237      DFD5 7DEB 
 237      5868 D637 
 238 01db B595 E66F 		.string	"\265\225\346oD^<g\fAwD^iT^\251\230\375\227\274\004\316\210\274\323\005\344\235-*\357\234\
 238      445E 3C67 
 238      0C41 7744 
 238      5E69 545E 
 238      A998 FD97 
 239 021e C3CB 4519 		.string	"\303\313E\031^\261\f\257\376.\200\265\317\364\250\261S\034>\365\342uw\334\264d3'G2+CDAY\3
 239      5EB1 0CAF 
 239      FE2E 80B5 
 239      CFF4 A8B1 
 239      531C 3EF5 
 240 02e0 8127 92E5 		.ascii	"\201'\222\345w\213\0341-\222\260\007\322!\271\334\345@\366CQ"
 240      778B 1C31 
 240      2D92 B007 
 240      D221 B9DC 
 240      E540 F643 
 241 02f5 1867 7A8E 		.ascii	"\030gz\216\232\236\356\031!\226\001\352|\322\366\2664\004r\360"
 241      9A9E EE19 
 241      2196 01EA 
 241      7CD2 F6B6 
 241      3404 72F0 
 242 0309 D49E 64FA 		.ascii	"\324\236d\372\b6\207Z\365\306\005\211\333&\013\224\033\336T\257"
 242      0836 875A 
 242      F5C6 0589 
 242      DB26 0B94 
 242      1BDE 54AF 
 243 031d A50F 5A9B 		.ascii	"\245\017Z\233\020^\270d\3562\310\204\2704f\331\312\371KV\254"
 243      105E B864 
 243      EE32 C884 
 243      B834 66D9 
 243      CAF9 4B56 
 244 0332 5C3C 6BF1 		.ascii	"\\<k\361\374\025\313\027\255\236\271\200x\371\322U?\001\337\323"
 244      FC15 CB17 
 244      AD9E B980 
 244      78F9 D255 
 244      3F01 DFD3 
 245 0346 FA12      		.ascii	"\372\022"
 246               		.text
 247               		.section	.gnu.lto___c.3691.4bccbd2a1d7b39e3,"",@progbits
 248 0000 789C 6363 		.string	"x\234cc``\020\003bI\006\b\230\302\314xe\367\363^FE\246\371\r3\024\3460300nfTd\020\347*\32
 248      6060 1003 
 248      6249 0608 
 248      98C2 CC78 
 248      65F7 F35E 
 249 003d 00        		.string	""
 250 003e 5A74 0C32 		.ascii	"Zt\f2"
 251               		.text
 252               		.section	.gnu.lto_matrix_key_count.4bccbd2a1d7b39e3,"",@progbits
 253 0000 789C 7D92 		.string	"x\234}\222\317kSA\020\307gv\366%//?P\b\036j\204^\nVD-\376)\372\017\224\236zhEI\300[\326\2
 253      CF6B 5341 
 253      10C7 6776 
 253      F625 2F2F 
 253      3F50 081E 
 254 005d 6017 01EC 		.string	"`\027\001\354\345\337\343\374\305\020\240\230~\006p\306\025(m@6h\270R\320T\003@y\216\037\
 254      E5DF E3FC 
 254      C510 A098 
 254      7E06 70C6 
 254      1528 6D40 
 255 008c D1D9 5E18 		.string	"\321\331^\030\t\347\251@x\2518\375&\321\177K\251\234\n.\227\275\253\023\317\025U\270p\211
 255      09E7 A940 
 255      78A9 38FD 
 255      26D1 7F4B 
 255      A99C 0A2E 
 256 00ab 8FA6 F048 		.string	"\217\246\360HJ\027\277\213\375\300\336\\w|SP\022u\354\277[\b\334\276\031\223\327\275\335\
 256      4A17 BF8B 
 256      FDC0 DE5C 
 256      777C 5350 
 256      1275 ECBF 
 257 012d 4C70 9B7E 		.string	"Lp\233~\\\005p\216\004\007~"
 257      5C05 708E 
 257      0407 7E00 
 258 0139 9F30 575D 		.string	"\2370W]-\3543\255\263\221\233(\235]\333\bO\352q!\340\n\246\214\345C\341\200i\205)F\003&\0
 258      2DEC 33AD 
 258      B391 9B28 
 258      9D5D DB08 
 258      4FEA 7121 
 259 01aa 3471 ACD7 		.ascii	"4q\254\327V\212\374\213\016\227\264\013W1\013\334E\205\\\356"
 259      568A FC8B 
 259      0E97 B40B 
 259      5731 0BDC 
 259      4585 5CEE 
 260 01be CA2F 8D6F 		.ascii	"\312/\215o\221u{e\222\234\243\017g\362\365\341Y\265\246\251\227"
 260      9175 7B65 
 260      929C A30F 
 260      67F2 F5E1 
 260      59B5 A6A9 
 261 01d3 4D61 6D51 		.ascii	"MamQ>\016s\227\362O\347=;\023\344\227\226\332N[\326iQ3\017\t"
 261      3E0E 7397 
 261      F24F E73D 
 261      3B13 E497 
 261      96DA 4E5B 
 262 01ed FC40 CD48 		.ascii	"\374@\315H\005X\335\261\261AK\370\210c\033\353\007-WC\033o\027"
 262      0558 DDB1 
 262      B141 4BF8 
 262      8863 1BEB 
 262      072D 5743 
 263 0204 5A51 0B95 		.ascii	"ZQ\013\225\3300C\205\016\207<_\361}\3463\037\323\243\225\331"
 263      D830 4385 
 263      0E87 3C5F 
 263      F17D E633 
 263      1FD3 A395 
 264 0219 2DEC F0EB 		.ascii	"-\354\360\353\326ZyvSp-j\357\341b\216\275\276\257|7\337\n)}}"
 264      D65A 7976 
 264      5370 2D6A 
 264      EFE1 628E 
 264      BDBE AF7C 
 265 0233 6522 0320 		.ascii	"e\"\003 \256%\365U#[\004\300\356\223\231\301\321tf\344\360\310"
 265      AE25 F555 
 265      235B 04C0 
 265      EE93 99C1 
 265      D174 66E4 
 266 0249 60FA D4F0 		.ascii	"`\372\324\360\351CC\340\f\235\310\214\246q\3707XH\365\312"
 266      E943 43E0 
 266      0C9D C88C 
 266      A671 F837 
 266      5848 F5CA 
 267               		.text
 268               		.section	.gnu.lto_matrix_init.4bccbd2a1d7b39e3,"",@progbits
 269 0000 789C 7592 		.string	"x\234u\222\317k\023A\024\307\337wf'I\323\246 F\361\220\203\036\212T\304\032\3747<\372\017
 269      CF6B 1341 
 269      14C7 DF77 
 269      6627 49D3 
 269      A620 46F1 
 270 00ea C6C8 FB8C 		.ascii	"\306\310\373\214\344\237\tM\257(_7~e\265_?\276P\254'\333A\256"
 270      E49F 094D 
 270      AF28 5F37 
 270      7E65 B55F 
 270      3FBE 50AC 
 271 0102 1482 CC5E 		.ascii	"\024\202\314^<\370\022]\340s8\t\355\323\250\024\274p|Z\207\343"
 271      3CF8 125D 
 271      E073 3809 
 271      EDD3 A814 
 271      BC70 7C5A 
 272 0118 7D9E 5401 		.ascii	"}\236T\001\216%J\245\365\267Q\373\247\216\271\222\365\rz\001"
 272      8E25 4AA5 
 272      F5B7 51FB 
 272      A78E B992 
 272      F50D 7A01 
 273 012c 3673 2CAA 		.ascii	"6s,\252!\343}\233<\024(2\213ss\303\225\345\350\2304\247%\224"
 273      21E3 7D9B 
 273      3C14 2832 
 273      8B73 73C3 
 273      95E5 E898 
 274 0144 608E 392A 		.ascii	"`\2169*%\261\247\314\375\202\314f\366]~\n\246`Bb\202\0059\366"
 274      25B1 A7CC 
 274      FD82 CC66 
 274      F65D 7E0A 
 274      A660 4262 
 275 015c FD45 8F09 		.ascii	"\375E\217\t\264V+\374%\254<\031\336\267\350l\214wz\270\tWF\360"
 275      B456 2BFC 
 275      25AC 3C19 
 275      DEB7 E86C 
 275      8C77 7AB8 
 276 0174 1036 1E18 		.ascii	"\0206\036\030\021\336\310o\352\037\035\351i\343\276w\227w\243"
 276      11DE C86F 
 276      EA1F 1DE9 
 276      69E3 BE77 
 276      9777 A3
 277 0187 7804 8F25 		.ascii	"x\004\217%\020x\377\030\351V~\224O\267\310\205F\375\316\373\266"
 277      1078 FF18 
 277      E956 7E94 
 277      4FB7 C885 
 277      46FD CEFB 
 278 019c A6FC 9F7A 		.ascii	"\246\374\237z\370W\357\311\177\364\316\031\242\337\"WF\272\311"
 278      F857 EFC9 
 278      7FF4 CE19 
 278      A2DF 2257 
 278      46BA C9
 279 01af 7772 234B 		.ascii	"wr#K\371U\021\3368\3167\346\322\371\354\253\231xh\022P\3414\366"
 279      F955 11DE 
 279      38CE 37E6 
 279      D2F9 ECAB 
 279      9978 6812 
 280 01c7 71FF 9689 		.ascii	"q\377\226\211\234\025\230f\021O\036\233VC\330.c\326*\206\226"
 280      9C15 9866 
 280      114F 1E9B 
 280      5643 D82E 
 280      63D6 2A86 
 281 01dc AB87 4396 		.ascii	"\253\207C\226\001\225?\314n\264\207 \013\325\300m\252C\030\343"
 281      0195 3FCC 
 281      6EB4 8720 
 281      0BD5 C06D 
 281      AA43 18E3 
 282 01f0 C50A 8BC5 		.ascii	"\305\n\213\305\345\354^F\251\255\266\016y\205\302Nm\215\345\030"
 282      E5EC 5E46 
 282      A9AD B60E 
 282      7985 C24E 
 282      6D8D E518 
 283 0204 4E78 CA6D 		.ascii	"Nx\312m\345\215\306\332\307\265DHUx\206\224+\333\202\221\230"
 283      E58D C6DA 
 283      C7B5 4448 
 283      5578 8694 
 283      2BDB 8291 
 284 0219 3AB8 F344 		.ascii	":\270\363Dpg\360\2749\021_y\"\346\n\b'\221\314p\201\305\031\276"
 284      7067 F0BC 
 284      3911 5F79 
 284      22E6 0A08 
 284      2791 CC70 
 285 0231 EBF4 60EF 		.ascii	"\353\364`\357\251\201\301\376\236\376\336\2013}g\217\234$\364"
 285      A981 C1FE 
 285      9EFE DE81 
 285      337D 678F 
 285      9C24 F4
 286 0244 FD06 A8A7 		.ascii	"\375\006\250\247\007B"
 286      0742 
 287               		.text
 288               		.section	.gnu.lto_matrix_scan.4bccbd2a1d7b39e3,"",@progbits
 289 0000 789C 8592 		.string	"x\234\205\222\313OSQ\020\306g\316\334\333w\021\243\013\027]\260!Hb\324\304\377\303\225{C*
 289      CB4F 5351 
 289      10C6 67CE 
 289      DCDB 7711 
 289      A30B 175D 
 290 005d D863 0154 		.string	"\330c\001T\360\357\t\376\240\007Pt\276\004h\364\t\264L@&\310\372,A\227\262"
 290      F0EF 09FE 
 290      A007 5074 
 290      BE04 68F4 
 290      09B4 4C40 
 291 0079 3260 27C2 		.string	"2`'\302 C6\242\312K\037B\\\220ec\\X\200\031D\373\317\027#\241\203\272\b\257tw\276+\251\35
 291      2043 36A2 
 291      CA4B 1F42 
 291      5C90 6563 
 291      5C58 8019 
 292 00ab 5204 782C 		.string	"R\004x,\202G#\252\370"
 292      8247 23AA 
 292      F800 
 293 00b5 5602 6B97 		.ascii	"V\002k\227R\205F?\355G\025\267\364\3166\373\313{\365\275\351"
 293      5285 463F 
 293      ED47 15B7 
 293      F4CE 36FB 
 293      CB7B F5BD 
 294 00ca 7C69 56CA 		.ascii	"|iV\312k\322J\023\342 \322\326\273\240\304s\375\305\356\260\307"
 294      6BD2 4A13 
 294      E220 D2D6 
 294      BBA0 C473 
 294      FDC5 EEB0 
 295 00df C221 2C57 		.ascii	"\302!,W"
 296 00e3 6026 DE43 		.string	"`&\336C\017\362\301\302\374\267.?E4q\361SO\307&q!_\232\373E\004\274\377\017\3420\023\025\
 296      0FF2 C1C2 
 296      FCB7 2E3F 
 296      4534 71F1 
 296      534F C726 
 297 01e4 ABF4 C016 		.ascii	"\253\364\300\026\360S\324\026\n0y2\261F\013\230\307\346\374T"
 297      F053 D416 
 297      0A30 7932 
 297      B146 0B98 
 297      C7E6 FC54 
 298 01f8 C470 1534 		.ascii	"\304p\0254\373\376\356Z\320@-\314i\327`\003\205\362X8\0239\356"
 298      FBFE EE5A 
 298      D040 2DCC 
 298      69D7 6003 
 298      85F2 5838 
 299 020f 1069 7472 		.ascii	"\020itr\0317\220\224\251\302\231\314q\313!Z\217r1\333\254k\025"
 299      1937 9094 
 299      A9C2 99CC 
 299      71CB 215A 
 299      8F72 31DB 
 300 0226 93EE D86D 		.ascii	"\223\356\330m\322\317b\273g\236\024\227\004\2342\336\376\327"
 300      D2CF 62BB 
 300      679E 1497 
 300      049C 32DE 
 300      FED7 
 301 0238 CC87 BB9B 		.ascii	"\314\207\273\233\351\306\224\233\217\224\233\252\004Nc|\007\r"
 301      E9C6 949B 
 301      8F94 9BAA 
 301      044E 637C 
 301      070D 
 302 024a 77D2 1EFF 		.ascii	"w\322\036\377\2056\207\n\367\3447\356\251\306\025W>\254\204\215"
 302      8536 870A 
 302      F7E4 37EE 
 302      A9C6 1557 
 302      3EAC 848D 
 303 025e 1136 CE60 		.ascii	"\0216\316`\304\241`\232\274<[\302-\354:\233/\305\326\002>\343"
 303      C4A1 609A 
 303      BC3C 5BC2 
 303      2DEC 3A9B 
 303      2FC5 D602 
 304 0274 D9D2 E4E7 		.ascii	"\331\322\344\347\2355\255'o\f\324(\245C>\276\016\037\325~\314"
 304      9D35 AD27 
 304      6F0C D428 
 304      A543 3EBE 
 304      0E1F D57E 
 305 0289 5FED 6A90 		.ascii	"_\355j\220\027`\251\367\216\354\033\373\262\367\\CU]}C\355\221"
 305      1760 A9F7 
 305      8EEC 1BFB 
 305      B2F7 5C43 
 305      555D 7D43 
 306 029f DAAA FA58 		.ascii	"\332\252\372X\315\205\303Q\360F\317T\325\235\256>\025\2146\304"
 306      CD85 C351 
 306      F046 CF54 
 306      D59D AE3E 
 306      158C 36C4 
 307 02b3 62D5 75F5 		.ascii	"b\325u\365'cg\317\377\004V\265W\006"
 307      2763 67CF 
 307      FF04 56B5 
 307      5706 
 308               		.text
 309               		.section	.gnu.lto_.symbol_nodes.4bccbd2a1d7b39e3,"",@progbits
 310 0000 789C 5D91 		.ascii	"x\234]\221\271N\303@\024E\237gl\307Y d\217\235\305\331\330\367"
 310      B94E C340 
 310      1445 9F67 
 310      6CC7 5920 
 310      648F 9DC5 
 311 0017 45D4 F065 		.ascii	"E\324\360e\327B(\264T\224\024Q>\202\320!E\242\343\007h\300\242"
 311      D742 28B4 
 311      5494 1451 
 311      3E82 D021 
 311      45A2 E307 
 312 002e A4A4 468C 		.ascii	"\244\244F\214\375@\342\271\361\231{\336\323\035\215\354\022\321"
 312      FD40 E2B9 
 312      F199 7BDE 
 312      D31D 8DEC 
 312      12D1 
 313 0040 AB32 1F35 		.ascii	"\2532\0375\002\321\355\013\221\301\"z\212\\\"\247\222\213FDZ"
 313      02D1 ED0B 
 313      91C1 227A 
 313      8A5C 22A7 
 313      928B 4644 
 314 0055 8D61 6546 		.ascii	"\215aeFj\002\225U\353\320\331\202\252\307\005\033\260\263\333"
 314      6A02 9555 
 314      EBD0 D982 
 314      AAC7 051B 
 314      B0B3 DB
 315 0068 3E9C 3FF5 		.ascii	">\234?\365\030]\032\321\202+E\0039)\002xR\264\221\227\242\211"
 315      185D 1AD1 
 315      822B 4503 
 315      3929 0278 
 315      52B4 9197 
 316 007e 8214 1D14 		.ascii	"\202\024\035\024\245\350\242$E\017+R\364\261*\204Sw\371\021!"
 316      A5E8 A224 
 316      450F 2B52 
 316      F4B1 2A84 
 316      5377 F911 
 317 0093 CA72 7380 		.ascii	"\312rs\2005\271\271c\247\233\316\236f\036(\346\221\305<&n\032"
 317      35B9 B963 
 317      A79B CE9E 
 317      661E 28E6 
 317      91C5 3C26 
 318 00a9 A222 9B36 		.ascii	"\242\"\2336Q\225M5\2077\267P\023\003\353\034\365T\020E\321\205"
 318      5195 4D35 
 318      8737 B750 
 318      1303 EB1C 
 318      F554 1045 
 319 00bf C9DB 6888 		.ascii	"\311\333h\210\274\213\246\310\373h\211|\210\266\310'\360E>E "
 319      BC8B A6C8 
 319      FB68 897C 
 319      88B6 C827 
 319      F045 3E45 
 320 00d4 F219 3AFF 		.ascii	"\362\031:\377\263\2665\315\336\276-m~a\374\236\260G\037\323\317"
 320      B3B6 35CD 
 320      DEBE 2D6D 
 320      7E61 FC9E 
 320      B047 1FD3 
 321 00e9 50BB 8A66 		.ascii	"P\273\212fw\206^\216\347y\217Y,0KEf\271O\363\204\265\360\227"
 321      7786 5E8E 
 321      E779 8F59 
 321      2C30 4B45 
 321      66B9 4FF3 
 322 0101 03BA 5E7C 		.ascii	"\003\272^|\371iN9\244\371\364\371^'\203%\037BsCr\360G\274\022"
 322      F969 4E39 
 322      A4F9 F4F9 
 322      5E27 8325 
 322      1F42 7343 
 323 011a D85C 158C 		.ascii	"\330\\\025\214\371\352 OW7\206]\227\342\0073\357Nh\231\346\022"
 323      F9EA 204F 
 323      5737 865D 
 323      97E2 0733 
 323      EF4E 6899 
 324 0130 C586 F403 		.ascii	"\305\206\364\003m\341\262\243"
 324      6DE1 B2A3 
 325               		.text
 326               		.section	.gnu.lto_.refs.4bccbd2a1d7b39e3,"",@progbits
 327 0000 789C 15C4 		.string	"x\234\025\304\013\n\200@\f\003\321$mWP\020\353_\327Cy\377\323\270\302\314+"
 327      0B0A 8040 
 327      0C03 D124 
 327      6D57 5010 
 327      EB5F D743 
 328 001c DE36 5BA2 		.string	"\3366[\242~\f4:\302Y\020\311\t)\316\215\262h\2456\327\036\310NG\257s\340\205t\335\254\316
 328      7E0C 343A 
 328      C259 10C9 
 328      0929 CE8D 
 328      B268 A536 
 329 0046 62D4 02B3 		.ascii	"b\324\002\263"
 330               		.text
 331               		.section	.gnu.lto_.decls.4bccbd2a1d7b39e3,"",@progbits
 332 0000 789C 9D59 		.string	"x\234\235YkP\024Y\226\256\233\267\n\212\242"
 332      6B50 1459 
 332      96AE 9BB7 
 332      0A8A A200 
 333 0010 A567 5B7B 		.string	"\245g[{\206\336Ugz5\266g\005\273'\264{&bgf\347\307l\304F\354\314\217\231\350ugc\253\021\2
 333      86DE 5567 
 333      7A35 B667 
 333      05BB 27B4 
 333      7B26 6267 
 334 00db 7303 AA5F 		.ascii	"s\003\252_\302\371_\301~\007\366\007\260\235`\237\200\355\002"
 334      C2F9 5FC1 
 334      7E07 F607 
 334      B09D 609F 
 334      80ED 02
 335 00ee DB03 F605 		.ascii	"\333\003\366\005\322\250\216Rh\033\340\3741\317\347?x\354\377"
 335      D2A8 8E52 
 335      681B E0FC 
 335      31CF E73F 
 335      78EC FF
 336 0101 0DFD FF03 		.ascii	"\r\375\377\003"
 337 0105 F6BF 6021 		.string	"\366\277`!`\301`_\362\261\210\347F\316{\034\370z\004\310\205s|O\303\306:;n\376\225\276\23
 337      60C1 605F 
 337      F2B1 88E7 
 337      46CE 7B1C 
 337      F87A 04C8 
 338 0206 24AF 991B 		.string	"$\257\231\033\340w2\330~\260\217\300\376\036\354"
 338      E077 32D8 
 338      7EB0 8FC0 
 338      FE1E EC00 
 339 0216 D86F 913A 		.ascii	"\330o\221:\356\257\240\375\017`)`\277\006K\005\373\231\242\216"
 339      EEAF A0FD 
 339      0F60 2960 
 339      BF06 4B05 
 339      FB99 A28E 
 340 022a DFE0 EBA6 		.ascii	"\337\340\353\246r}$\353\364N\276\026\376\216\257\215\277D\337"
 340      727D 24EB 
 340      F44E BE16 
 340      FE8E AF8D 
 340      BF44 DF
 341 023d 8DF7 2E9F 		.ascii	"\215\367.\237\223\200\025\356\303w\005\266\306*\363\361q\320"
 341      9380 15EE 
 341      C377 05B6 
 341      C62A F3F1 
 341      71D0 
 342 024f 360D C66F 		.ascii	"6\r\306oV\314\023Y\277}\235h\344+|w\275\222jM\311)\335\317\344"
 342      56CC 1359 
 342      BF7D 9D68 
 342      E42B 7C77 
 342      BD92 6A4D 
 343 0268 D06A D8F3 		.ascii	"\320j\330\363\200\254-d\335\237\341~>Y&\247\3679?\341&\365pP"
 343      80AC 2D64 
 343      DD9F E17E 
 343      3E59 26A7 
 343      F739 3FE1 
 344 0280 A1E7 3058 		.ascii	"\241\3470X:\264\267!u}\023~\362\254!k\002y\246\220\300\235\361"
 344      3AB4 B721 
 344      757D 137E 
 344      F2AC 216B 
 344      0279 A690 
 345 0297 A763 7429 		.ascii	"\247ct)\266\377\274>\t#\037\003ZB\244=\\\372\332\203\265\311"
 345      B6FF BC3E 
 345      0923 1F03 
 345      5A42 A43D 
 345      5CFA DA83 
 346 02ad E5D7 A913 		.ascii	"\345\327\251\023\275.X\240\277\017>\256\214\362\334\234/\262"
 346      BD2E 58A0 
 346      BF0F 3EAE 
 346      8CF2 DC9C 
 346      2FB2 
 347 02bf 43FF AE06 		.ascii	"C\377\256\006]EX\3429\237\235W\355\201}\bPxy\361\365AW\264\311"
 347      5D45 58E2 
 347      399F 9D57 
 347      ED81 7D08 
 347      5078 79F1 
 348 02d8 7096 E02C 		.ascii	"p\226\340,\003\217~\336\023+\212\002*E\006T\2020\372\006m&a\371"
 348      038F 7EDE 
 348      132B 8A02 
 348      2A45 0654 
 348      8230 FA06 
 349 02f0 90CC F689 		.ascii	"\220\314\366\211b\224h9)\342\265\032\364\276\017\362\363\321"
 349      6294 6839 
 349      29E2 B51A 
 349      F4BE 0FF2 
 349      F3D1 
 350 0302 A06B 6813 		.ascii	"\240kh\023\361NP\250\030\371\240+\b:a,8\271\2754c\361\202\340"
 350      F14E 50A8 
 350      18F9 A02B 
 350      083A 612C 
 350      38B9 BD34 
 351 031a BC0D 4880 		.ascii	"\274\rH\200f\323\330\375\023\356\320\374\236\001\255\202\346"
 351      66D3 D8FD 
 351      13EE D0FC 
 351      9E01 AD82 
 351      E6
 352 032b 9939 DB18 		.ascii	"\2319\333\030\206\346vHe\t+"
 352      86E6 7648 
 352      6509 2B
 353 0336 72D9 CE72 		.string	"r\331\316r)O\355xf\300\377IC\274}5r\277\0332l\242\376\033DQ\007\376\257\203\2632\342\314\
 353      294F ED78 
 353      66C0 FF49 
 353      43BC 7D35 
 353      72BF 1B32 
 354 0437 CE32 61E6 		.ascii	"\3162a\346H\0178\234o_\314q7\360Q\373V\034\205\032i\210\371\207"
 354      480F 389C 
 354      6F5F CC71 
 354      37F0 51FB 
 354      561C 851A 
 355 044f A3EA F44A 		.ascii	"\243\352\364J\335\033U\2727q\335\233\250\356i\266\330I/B/r\260"
 355      DD1B 55BA 
 355      3771 DD9B 
 355      A8EE 69B6 
 355      D849 2F42 
 356 0466 B712 DB4C 		.ascii	"\267\022\333L\371}\231,\200^\030kX02\331\211\247\346g\247b\214"
 356      F97D 992C 
 356      805E 186B 
 356      5830 32D9 
 356      89A7 E667 
 357 047d 4CF6 0672 		.ascii	"L\366\006ry@\034*w\367N!d\360\347\027\210\316\370c`{D"
 357      7940 1C2A 
 357      77F7 4E21 
 357      64F0 E717 
 357      88CE F863 
 358 0494 D95A 90B7 		.string	"\331Z\220\267\304I\320\007fl}Ze\234p]\341\273\225\307\331J\343\374\346\336\334\264{7\352B
 358      C449 D007 
 358      666C 7D5A 
 358      659C 705D 
 358      E1BB 95C7 
 359 0595 01B7 DD5F 		.ascii	"\001\267\335_\267\322_\017\3657\236\330\364Z\213\233\230\277"
 359      B7D2 5F0F 
 359      F537 9ED8 
 359      F45A 8B9B 
 359      98BF 
 360 05a7 7DB3 D113 		.ascii	"}\263\321\023R\324\023\276*\226^\231\245W\311\322GY\236v\344"
 360      52D4 13BE 
 360      2A96 5E99 
 360      A557 C9D2 
 360      4759 9E76 
 361 05bc 3D77 C19D 		.ascii	"=w\301\235\316'`\242\376I\222\226\366\301\262\206\276E\264\263"
 361      CE27 60A2 
 361      FE49 9296 
 361      F6C1 B286 
 361      BE45 B4B3 
 362 05d0 FE76 7386 		.ascii	"\376vs\206+\036akF\357\354H+Fn\260^\300\277M\361\364\276\026"
 362      2B1E 616B 
 362      46EF EC48 
 362      2B46 6EB0 
 362      5EC0 BF4D 
 363 05e8 5356 21FB 		.ascii	"SV!\373}\375\002\356\353\347\b\036\375h\020 C|5 =t\031YE\177"
 363      7DFD 02EE 
 363      EBE7 081E 
 363      FD68 1020 
 363      437C 3520 
 364 0602 2AD6 1A68 		.ascii	"*\326\032h\242\001y\255\001\177q\205\227\312=\225r\022\210\244"
 364      A201 79AD 
 364      017F 7185 
 364      97CA 3D95 
 364      7212 88A4 
 365 0616 E730 D5F3 		.ascii	"\3470\325\363\231T\006i\347\262\217zr)\206>\260K\001(\324/K\321"
 365      9954 0669 
 365      E7B2 8F7A 
 365      7229 863E 
 365      B04B 0128 
 366 062e AF94 6284 		.ascii	"\257\224b\204J\321\230Y\274\026O2%\352;G\362u8\206=z\213\216"
 366      4AD1 9859 
 366      BC16 4F32 
 366      25EA 3B47 
 366      F275 3886 
 367 0646 CF37 EA41 		.ascii	"\3177\352A\002\364\222\016\202\236\254\252\351Cd\322\254\026"
 367      02F4 920E 
 367      829E ACAA 
 367      E943 64D2 
 367      AC16 
 368 0658 D152 9369 		.ascii	"\321R\223i$N\"%\275G%'h\fiIK\3663N\375\244\025\267\304\270\343"
 368      244E 2225 
 368      BD47 2527 
 368      680C 6949 
 368      4BF6 334E 
 369 0673 0467 DC47 		.ascii	"\004g\334G2\312ln\234{b\255\212z\302N=\t\324\023J\352W\214:\347"
 369      32CA 6C6E 
 369      9C7B 62AD 
 369      8A7A C24E 
 369      3D09 D413 
 370 068d 5189 2BCE 		.ascii	"Q\211+\316pF\375\315LS\273\007\247\356\375HL\246\342\023\342"
 370      7046 FDCD 
 370      4C53 BB07 
 370      A7EE FD48 
 370      4CA6 E213 
 371 06a2 293B F134 		.ascii	");\3614\020O)\211g(\361\321\230\372\263\3568\337\031\361\275"
 371      104F 2989 
 371      6728 F1D1 
 371      98FA B3EE 
 371      38DF 19F1 
 372 06b7 B3A7 3AF4 		.ascii	"\263\247:\364\022\361\367U1\317\332\251_\003\365\254\222z\216"
 372      12F1 F755 
 372      31CF DAA9 
 372      5F03 F5AC 
 372      927A 8E
 373 06ca 5217 1F3A 		.ascii	"R\027\037:\334\254\3037\235Q't\247%\3538u\373[*j\233\235z\036"
 373      DCAC C337 
 373      9D51 2774 
 373      A725 EB38 
 373      75FB 5B2A 
 374 06e3 A86D 4AEA 		.ascii	"\250mJ\352\005J=;\371\262\322\013\337wF\035[\372\274X\232\305"
 374      054A 3D3B 
 374      F9B2 D20B 
 374      DF77 461D 
 374      5BFA BC58 
 375 06f9 7B6A A517 		.ascii	"{j\245\027\355\324K@\275\250\244\026\005B}c:i\336\025[\031\365"
 375      EDD4 4B40 
 375      BDA8 A416 
 375      0542 7D63 
 375      3A69 DE15 
 376 0710 9DDB C7EF 		.ascii	"\235\333\307\357\250\312\223\334>RyF\t\312\333\275\315\272x\211"
 376      A8CA 93DC 
 376      3E52 7946 
 376      09CA DBBD 
 376      CDBA 7889 
 377 0724 2855 04D5 		.ascii	"(U\004\325Ys\314\273Q\0243`\324\217\b\nE\n\366\362\204\237\262"
 377      5973 CCBB 
 377      5114 3360 
 377      D48F 080A 
 377      450A F6F2 
 378 073b C768 EA31 		.ascii	"\307h\3521\265/)\336\025\0173\217\213\3459\303\036\234f\350\007"
 378      B52F 29DE 
 378      150F 338F 
 378      8BE5 39C3 
 378      1E9C 66E8 
 379 0750 ACC8 4F0A 		.ascii	"\254\310O\n\224%Ff\211Q\262\304R\226\354\336k\321^x\226\261T"
 379      9425 4666 
 379      8951 B2C4 
 379      5296 ECDE 
 379      6BD1 5E78 
 380 0767 9757 FDC1 		.ascii	"\227W\375\301\331]\025\257\n\333VQ\322\355\n\376NZc,-\307\215"
 380      D95D 15AF 
 380      0ADB 5651 
 380      D2ED 0AFE 
 380      4E5A 632C 
 381 077e F6BB 0A50 		.ascii	"\366\273\nP(Nv\030\247t\270\217:|\360t\244\330\235\274\3308["
 381      284E 7618 
 381      A774 B88F 
 381      3A7C F074 
 381      A4D8 9DBC 
 382 0795 600E F646 		.ascii	"`\016\366Fw\272\330\373\022\005\332y\370\374\351%\344,\264d\032"
 382      77BA D8FB 
 382      1205 DA79 
 382      F8FC E925 
 382      E42C B464 
 383 07aa 5A92 C063 		.ascii	"Z\222\300c\213\215\2752i\240\261\3014\276\315\265\360&(\224 "
 383      8B8D BD32 
 383      69A0 B1C1 
 383      34BE CDB5 
 383      F026 2894 
 384 07bf 8796 A00C 		.ascii	"\207\226\240\fm?\r\355\345\374\3245w\234\341<\264"
 384      6D3F 0DED 
 384      E5FC D435 
 384      779C E13C 
 384      B4
 385 07d0 98A8 47CF 		.ascii	"\230\250G\317t\312(\252\024\363\232B\243\370J\212\302\226\366"
 385      74CA 28AA 
 385      14F3 9A42 
 385      A3F8 4A8A 
 385      C296 F6
 386 07e3 AA8F 2C3B 		.ascii	"\252\217,;V\210b\361\204\017\233\330\224\\\201\340\320\0019\216"
 386      5688 62F1 
 386      840F 9BD8 
 386      945C 81E0 
 386      D001 398E 
 387 07f7 03CA 3852 		.ascii	"\003\3128Ri\034W\347\263w\343s,\214\222\206\274\263\210'\323"
 387      691C 57E7 
 387      B377 E373 
 387      2C8C 9286 
 387      BCB3 8827 
 388 080c 926D 54AD 		.ascii	"\222mT\255\344i2K\232\222\345 ey~\350\330\270\021\0273\232\356"
 388      E469 324B 
 388      9A92 E520 
 388      6579 7EE8 
 388      D8B8 1117 
 389 0823 E1E8 3A4F 		.ascii	"\341\350:ON3\232'\225\331:Z \3512M\272\222\346\020\245\031\264"
 389      4E33 9A27 
 389      95D9 3A5A 
 389      20E9 324D 
 389      BA92 E610 
 390 083a 64CC 69F1 		.ascii	"d\314i\361mFSs\365\346~)\232\351\373\352h\016\3134\207\2254G"
 390      6D46 5373 
 390      F5E6 7E29 
 390      9AE9 FBEA 
 390      680E CB34 
 391 0852 284D 4EDB 		.ascii	"(MN\333\213*\017\334\310hn\265]\256\365\220h\036\250\243\311"
 391      8B2A 0FDC 
 391      C868 6EB5 
 391      5DAE F590 
 391      681E A8A3 
 392 0867 9069 3294 		.ascii	"\220i2\2244G)\215\370z\370\230\001w1\232\302|[\221\201N\321F"
 392      3447 298D 
 392      F87A F898 
 392      0177 319A 
 392      C27C 5B91 
 393 087f 6986 C62F 		.ascii	"i\206\306/~\035\345\3549{\234N\3201i\202\216\\\250\350#eb\005"
 393      7E1D E5EC 
 393      397B 9C4E 
 393      D031 6982 
 393      8E5C A8E8 
 394 0897 68ED D24F 		.ascii	"h\355\322O\357\334H\027\367\305\211\353D7\002D\231r\030\231\002"
 394      EFDC 4817 
 394      F7C5 89EB 
 394      4437 0244 
 394      9972 1899 
 395 08ac 7BF4 A013 		.ascii	"{\364\240\0234\204\201J\333~/\\\254\245!\244]\351J\367\342$\003"
 395      3484 814A 
 395      DB7E 2F5C 
 395      ACA5 21A4 
 395      5DE9 4AF7 
 396 08c3 19F8 687E 		.ascii	"\031\370h~\244\305\217\336+(K&\310\222\b\262)\301x\245m\310\005"
 396      A4C5 8FDE 
 396      2B28 4B26 
 396      C892 08B2 
 396      29C1 78A5 
 397 08da B731 8253 		.ascii	"\2671\202S\247\316\277f\217Sx[\225\036\261\263I\005z'I\344\320"
 397      A7CE BF66 
 397      8F53 785B 
 397      951E B1B3 
 397      4905 7A27 
 398 08f1 244E 4949 		.ascii	"$NII\264\327\247\266j\271\377\311c\270<Q\214\301\004\203N\312"
 398      B4D7 A7B6 
 398      6AB9 FFC9 
 398      63B8 3C51 
 398      8CC1 0483 
 399 0907 EE4F 4AEE 		.ascii	"\356OJ\356OS\367\235\3511\265\356xa\031\367\232\377\317\371Y"
 399      4F53 F79D 
 399      E931 B5EE 
 399      7861 19F7 
 399      9AFF CFF9 
 400 091c EAFC 8CE4 		.ascii	"\352\374\214\344\374L\313B\245\007w\336\364Q\212\221\\G\271\262"
 400      FC4C CB42 
 400      A507 77DE 
 400      F451 8A91 
 400      5C47 B9B2 
 401 0930 E35C C9F1 		.ascii	"\343\\\311\3619v{\325\367\234\323\343x\035u<\027?\333\201\251"
 401      3976 7BD5 
 401      F79C D3E3 
 401      781D 753C 
 401      173F DB81 
 402 0945 E30A FBED 		.ascii	"\343\n\373\355U7U\326\241r]\241\270\275.P\337\347%\337\305UY"
 402      5537 55D6 
 402      A172 5DA1 
 402      B8BD 2E50 
 402      DFE7 25DF 
 403 095c 6D46 69F6 		.ascii	"mFi\366.\340\266b\230=\027\212Byr\004yR\004\027Y\365\224<\177"
 403      2EE0 B662 
 403      983D 178A 
 403      4279 7204 
 403      7952 0417 
 404 0975 A6C5 79CE 		.ascii	"\246\305y\316#\210<]_op\266p\027\322\b\n\244\bf\217\224O!\036"
 404      2388 3C5D 
 404      5F6F 70B6 
 404      7017 D208 
 404      0AA4 0866 
 405 098e 414D 3A8E 		.ascii	"AM:\216\025\253\020\201\240|\331}\276\344\376\022u\037\233vm"
 405      15AB 1081 
 405      A07C D97D 
 405      BEE4 FE12 
 405      751F 9B76 
 406 09a3 5487 BF66 		.ascii	"T\207\277f\356-i%6\203\\9\307X\345\220\327\312\"\231\240H\"\370"
 406      EE2D 6925 
 406      3683 5C39 
 406      C758 E590 
 406      D7CA 2299 
 407 09bb 9A12 8CA6 		.ascii	"\232\022\214\246\036.\360\304\025\214\340jc\313]=\215\237\254"
 407      1E2E F0C4 
 407      158C E06A 
 407      63CB 5D3D 
 407      8D9F AC
 408 09ce 852C FE86 		.ascii	"\205,\376\206\013\243\rF\373\242u\205\255\235\343\373^\354w\261"
 408      0BA3 0D46 
 408      FBA2 7585 
 408      AD9D E3FB 
 408      5EEC 77B1 
 409 09e2 BFB1 15B3 		.ascii	"\277\261\025\263\316[1\221\225F{\347U\326\331\323_\322\352\352"
 409      CE5B 3191 
 409      9546 7BE7 
 409      55D6 D9D3 
 409      5FD2 EAEA 
 410 09f6 64EE 4B68 		.ascii	"d\356Kh\366\337H\331\017\276\314\271/\315}\231\316\237\\F\227"
 410      F6DF 48D9 
 410      0FBE CCB9 
 410      2FCD 7D99 
 410      CE9F 5C46 
 411 0a0b E5C0 2F4B 		.ascii	"\345\300/K\201_\243\201_\350+\2537:\335\203\225\n|\017\346G\267"
 411      815F A381 
 411      5FE8 2BAB 
 411      373A DD83 
 411      950A 7C0F 
 412 0a22 60C9 53C3 		.ascii	"`\311S\303\271Z\266\307j\240{\254\207\252\335]\231\340-\215!"
 412      B95A B6C7 
 412      6AA0 7BAC 
 412      87AA DD5D 
 412      99E0 2D8D 
 413 0a37 E8EB 57A2 		.ascii	"\350\353W\242\247\274\224\350\306\225\320i'\352c]\326\337\321"
 413      A7BC 94E8 
 413      C695 D069 
 413      27EA 635D 
 413      D6DF D1
 414 0a4a 65        		.ascii	"e"
 415 0a4b 8B19 EBD0 		.string	"\213\031\353\320u\270F\276\252\364\367/\271\342:\246j\323D\305,\306\217X\243\273s\030^#\3
 415      75B8 46BE 
 415      AAF4 F72F 
 415      B9E2 3AA6 
 415      6AD3 44C5 
 416 0b4c FCD6 D33C 		.ascii	"\374\326\323<\037\322<\357Ky\366\315\035\031vW\242\033WB\327"
 416      1FD2 3CEF 
 416      4B79 F6CD 
 416      1D19 7657 
 416      A21B 5742 
 417 0b61 1CB4 DED1 		.ascii	"\034\264\336\321\257\177\305Ti`\252t\304d6\351\361\2543U2\027"
 417      AF7F C554 
 417      6960 AA74 
 417      C464 36E9 
 417      F1AC 3355 
 418 0b77 B22F 19B9 		.ascii	"\262/\031\271*\213\331k{\311cPK\306\332u\341\336P3\321\245\t"
 418      2A8B D96B 
 418      7BC9 6350 
 418      4BC6 DA75 
 418      E1DE 5033 
 419 0b8e 3A1B 892E 		.ascii	":\033\211.\217\250.\307&\273\006\335Xj\233\240Y\261\360\352="
 419      8FA8 2EC7 
 419      26BB 06DD 
 419      586A 9BA0 
 419      59B1 F0EA 
 420 0ba3 C709 7F2C 		.ascii	"\307\t\177,\260r\321\240\026A\365a\"\257\353U\210\343|;\005\237"
 420      B072 D1A0 
 420      1641 F561 
 420      22AF EB55 
 420      88E3 7C3B 
 421 0bb9 BB9F B876 		.ascii	"\273\237\270v}\244\013M\254\225%6X\021\337\207q\274\213\223\304"
 421      7DA4 0B4D 
 421      AC95 2536 
 421      5811 DF87 
 421      71BC 8B93 
 422 0bce AECD D6D5 		.ascii	"\256\315\326\325\030xb\367W\213\311\360\206\320\252\310\212{"
 422      1878 62F7 
 422      578B C9F0 
 422      86D0 AAC8 
 422      8A7B 
 423 0be0 42ED 24AB 		.ascii	"B\355$\253'\320\331F\262\352\240Y\265O\306\357\027p\2123\346"
 423      27D0 D946 
 423      B2EA A059 
 423      B54F C6EF 
 423      1770 8A33 
 424 0bf5 C923 B109 		.ascii	"\311#\261\tz6\275k\3106$!A\313$\270F>\227N\275N\034ucW\337$\033"
 424      7A36 BD6B 
 424      C836 2421 
 424      41CB 24B8 
 424      463E 974E 
 425 0c12 B843 7143 		.ascii	"\270CqCz\247\225\323#U\216\225\335Py\005=\027\f\216\nvC\230O"
 425      7AA7 95D3 
 425      2355 8E95 
 425      DD50 7905 
 425      3D17 0C8E 
 426 0c2b A928 BD54 		.ascii	"\251(\275T\224\036i\272\013mg\363u\216\022:E/\334\234\317\365"
 426      941E 69BA 
 426      0B6D 67F3 
 426      758E 123A 
 426      452F DC9C 
 427 0c41 E082 3CCB 		.ascii	"\340\202<\3136\260\033\240O!\t\037\211\272\210$\235\320\371_"
 427      36B0 1BA0 
 427      4F21 091F 
 427      89BA 8824 
 427      9DD0 F95F 
 428 0c55 9075 3F53 		.ascii	"\220u?S\244\265\363\241\033>\312\0249\224:{\020\001\221\205l"
 428      A4B5 F3A1 
 428      1B3E CA14 
 428      3994 3A7B 
 428      1001 9185 
 429 0c6a 345B 7540 		.ascii	"4[u@\204\350G\245o\331\322\253\370\024\365-\221\f=\243\0245\321"
 429      84E8 47A5 
 429      6FD9 D2AB 
 429      F814 F52D 
 429      910C 3DA3 
 430 0c81 D72B 7538 		.ascii	"\327+u8\227Q\f\r\234\311\0228\305\2755\242\221\216\037\370\316"
 430      9751 0C0D 
 430      9CC9 1238 
 430      C5BD 35A2 
 430      918E 1FF8 
 431 0c96 F801 3AFE 		.ascii	"\370\001:\3769\035?\237U\377\265\027\276\310\306\367\316M\347"
 431      391D 3F9F 
 431      55FF B517 
 431      BEC8 C6F7 
 431      CE4D E7
 432 0ca9 EB71 316D 		.ascii	"\353q1m\b\017;b,\366/\267\352o~\303\302w\277\034\263\317\225"
 432      080F 3B62 
 432      2CF6 2FB7 
 432      EA6F 7EC3 
 432      C277 BF1C 
 433 0cc0 CD0F 7121 		.ascii	"\315\017q!\375\\\371B0\240!\371\241Q*U\334\331\303\207N\270*"
 433      FD5C F942 
 433      30A0 21F9 
 433      A151 2A55 
 433      DCD9 C387 
 434 0cd7 C525 40B9 		.ascii	"\305%@\271>G\324\365\231a9S\250]\356\373\341r\021\220\273\322"
 434      3E47 D4F5 
 434      9961 3953 
 434      A85D EEFB 
 434      E172 1190 
 435 0ced 766B DA4B 		.ascii	"vk\332K\311>\272\022{\302\361\352\363\036\366E\376\3075gD\321"
 435      C93E BA12 
 435      7BC2 F1EA 
 435      F31E F645 
 435      FEC7 3567 
 436 0d03 0FBD 84A9 		.ascii	"\017\275\204\251\033\224$\263\217\034\344\3636FE\033j\270\233"
 436      1B94 24B3 
 436      8F1C E4F3 
 436      3646 451B 
 436      6AB8 9B
 437 0d16 E181 EB99 		.ascii	"\341\201\353\231h\013\235\221\213\002\253LOh.\r>9\315\357\335"
 437      680B 9D91 
 437      8B02 AB4C 
 437      4F68 2E0D 
 437      3E39 CDEF 
 438 0d2b 3172 F9F4 		.ascii	"1r\371\364P\351-\035\273\354A\352\370\301\355\034\235\323\302"
 438      50E9 2D1D 
 438      BBEC 41EA 
 438      F8C1 ED1C 
 438      9DD3 C2
 439 0d3e 9D92 0AF7 		.ascii	"\235\222\n\367\025+\334\312\256$\233\273\243Z\223\020\325\004"
 439      152B DCCA 
 439      AE24 9BBB 
 439      A35A 9310 
 439      D504 
 440 0d50 8D6A 9AE6 		.ascii	"\215j\232\3463%\225\342\263\330+\273\034\223w\n.\030\262\366"
 440      3325 95E2 
 440      B3D8 2BBB 
 440      1C93 770A 
 440      2E18 B2F6 
 441 0d64 6B79 F2BD 		.ascii	"ky\362\275oB\255\314@\342\343<qy\3248O|\226&n\213\251\277H\243"
 441      6F42 ADCC 
 441      40E2 E33C 
 441      7179 D438 
 441      4F7C 9626 
 442 0d7e 8FFE 33FE 		.ascii	"\217\3763\376/\201\274q\036Y8\356\256\374J\372ZP\246;'\260\257"
 442      2F81 BC71 
 442      1E59 38EE 
 442      AEFC 4AFA 
 442      5A50 A63B 
 443 0d95 A470 4EC7 		.ascii	"\244pN\307\370\206\265\346\261\221~\214\206\177\373\370\233\212"
 443      F886 B5E6 
 443      B191 7E8C 
 443      867F FBF8 
 443      9B8A 
 444 0da7 EC43 836C 		.ascii	"\354C\203lT\235y\210mA\360"
 444      549D 7988 
 444      6D41 F0
 445 0db2 611F 94C4 		.string	"a\037\224\304FD\273\331G\352\237\323\337\344\017y\366\267\237Z2*}\223\231\225}/r\337\213\
 445      4644 BBD9 
 445      47EA 9FD3 
 445      DFE4 0F79 
 445      F6B7 9F5A 
 446 0eb3 0567 2D16 		.ascii	"\005g-\026f\251\300\027Ta|\305\301_Qp\342\371\250\"UA\324\252"
 446      66A9 C017 
 446      5461 7CC5 
 446      C15F 5170 
 446      E2F9 A822 
 447 0ecb 9853 3838 		.ascii	"\230S88\205\202/dT_R\225\332u\0258\225\203SY\314C\323=*\351\n"
 447      8582 2F64 
 447      545F 5295 
 447      DA75 1538 
 447      9583 5359 
 448 0ee6 5561 A471 		.ascii	"Ua\244qp\032\005\027v\264\267\251\324\030V\025\361A\016>H\301"
 448      701A 0517 
 448      76B4 B7A9 
 448      D418 5615 
 448      F141 0E3E 
 449 0efc 1DC9 491D 		.ascii	"\035\311I\035\2520JT\314\351\034L\316\253\376\030\341\037\034"
 449      AA30 4A54 
 449      CCE9 1C4C 
 449      CEAB FE18 
 449      E11F 1C
 450 0f0f 1EB1 DB77 		.ascii	"\036\261\333w\267\177xh\340\027\233\003\364\277\376\267\337\257"
 450      B77F 7868 
 450      E017 9B03 
 450      F4BF FEB7 
 450      DFAF 
 451 0f21 FBD5 871F 		.ascii	"\373\325\207\037j\\#\002\203\303?0\205o\363\215\b\013\365\r\n"
 451      6A5C 2302 
 451      83C3 3F30 
 451      856F F38D 
 451      080B F50D 
 452 0f36 09F0 0FF2 		.ascii	"\t\360\017\362\375\2259(\310?\324\327\377\363\320\177\3744 \340"
 452      FD95 3928 
 452      C83F D4D7 
 452      FFF3 D07F 
 452      FC34 20E0 
 453 0f4a 17DB 7CB7 		.ascii	"\027\333|\267m\376\311f?\322\366\r\f\016\b\212\330i\366\r\013"
 453      6DFE C966 
 453      3FD2 F60D 
 453      0C0E 088A 
 453      D869 F60D 
 454 0f5f DF09 E336 		.ascii	"\337\t\3436\357\322\350\311\370-[M\341FFm\n\r\331k\n\177+|\367"
 454      EFD2 E8C9 
 454      F82D 5B4D 
 454      E146 466D 
 454      0A0D D96B 
 455 0f78 67A6 8090 		.ascii	"g\246\200\220P\263o@\310\356\335!\301\222_\216\177\377=S\270"
 455      50B3 6F40 
 455      C8EE DD21 
 455      C192 5F8E 
 455      7FFF 3D53 
 456 0f8d 3660 977F 		.ascii	"6`\227\177\250!\314\034d\016\b'\203V;\206\2501F"
 456      A821 CC1C 
 456      640E 0827 
 456      8356 3B86 
 456      A831 46
 457 0fa0 04CB 973D 		.string	"\004\313\227=\224\2150\267\300\340\300p\323\236\300\340\260U\241f\377\235\340*(\314\024\0
 457      948D 30B7 
 457      C0E0 C070 
 457      D39E C0E0 
 457      B055 A166 
 458 0fe0 FF60 3AD0 		.ascii	"\377`:\320S\331!\217\241M>\306]N=L\372M\"\362\226\370\303L\273"
 458      53D9 218F 
 458      A14D 3EC6 
 458      5D4E 3D4C 
 458      FA4D 22F2 
 459 0ff9 4376 067E 		.ascii	"Cv\006~\022h\336"
 459      1268 DE
 460 1000 6994 BB42 		.ascii	"i\224\273B\202%\352O\3154+\351\332\236P\220H\212\3433\363\227"
 460      8225 EA4F 
 460      CD34 2BE9 
 460      DA9E 5090 
 460      488A E333 
 461 1016 C015 111C 		.ascii	"\300\025\021\034\356\256\b\326]\021\304\367M\246\035\021\201"
 461      EEAE 08D6 
 461      5D11 C4F7 
 461      4DA6 1D11 
 461      81
 462 1027 41E1 81C1 		.ascii	"A\341\201\301&\230 \323Ns\220?\214\3702 \310\034\366\263\277"
 462      2698 20D3 
 462      4E73 903F 
 462      8CF8 3220 
 462      C81C F6B3 
 463 103c 6C4E 23C2 		.ascii	"lN#\302\003\203|\351x\230'\257\235\346\035\3406\300l\362\017"
 463      0383 7CE9 
 463      7898 27AF 
 463      9DE6 1DE0 
 463      36C0 6CF2 
 464 1051 080F FCDC 		.ascii	"\b\017\374\334\374\2064=R?`t_\354\211\b\017\373[\307\271&\234"
 464      FC86 343D 
 464      523F 6074 
 464      5FEC 8908 
 464      0FFB 5BC7 
 465 1068 5FD0 243E 		.ascii	"_\320$>\001\220\233\311\304\033\372\035\201\341\241\346\317\267"
 465      0190 9BC9 
 465      C41B FA1D 
 465      81E1 A1E6 
 465      CFB7 
 466 107a 6C5D E338 		.ascii	"l]\3438\202x&\265\001\200=!{\266l\365\260;'\331\352\245\026<"
 466      8278 26B5 
 466      0180 3D21 
 466      7BB6 6CF5 
 466      B03B 27D9 
 467 1092 73F4 2653 		.ascii	"s\364&S\300\346\367\267\371\371\271\233@\247\220Ow\233w\233L"
 467      C0E6 F7B7 
 467      F9F9 B99B 
 467      40A7 904F 
 467      779B 779B 
 468 10a7 183A 5DDE 		.ascii	"\030:]\336\361\333\262u\007\277\276\365\303\017\360O\327\331"
 468      F1DB B275 
 468      07BF BEF5 
 468      C30F F04F 
 468      D7D9 
 469 10b9 1B5B 75EF 		.ascii	"\033[u\357\370\275\367\357\366\346O\244\037[\f\241\376{MLK\027"
 469      F8BD F7EF 
 469      F6E6 4FA4 
 469      1F5B 0CA1 
 469      FE7B 4D4C 
 470 10cf 76D2 93F2 		.ascii	"v\322\223\362%u\245\203?\246po)k~&A\302\314R\204\033\327:\"l"
 470      2575 A583 
 470      3FA6 706F 
 470      296B 7E26 
 470      41C2 CC52 
 471 10e9 B5C9 E41F 		.ascii	"\265\311\344\037\264\327\377\3130\b7(0\330l2\375\037\210\211"
 471      B4D7 FFCB 
 471      3008 3728 
 471      30D8 6C32 
 471      FD1F 8889 
 472 10fd 1FD5      		.ascii	"\037\325"
 473               		.text
 474               		.section	.gnu.lto_.symtab.4bccbd2a1d7b39e3,"",@progbits
 475 0000 6D61 7472 		.string	"matrix_init_user"
 475      6978 5F69 
 475      6E69 745F 
 475      7573 6572 
 475      00
 476 0011 00        		.string	""
 477 0012 01        		.ascii	"\001"
 478 0013 00        		.string	""
 479 0014 00        		.string	""
 480 0015 00        		.string	""
 481 0016 00        		.string	""
 482 0017 00        		.string	""
 483 0018 00        		.string	""
 484 0019 00        		.string	""
 485 001a 00        		.string	""
 486 001b 00        		.string	""
 487 001c F100      		.string	"\361"
 488 001e 00        		.string	""
 489 001f 00        		.string	""
 490 0020 6D61 7472 		.string	"matrix_init_kb"
 490      6978 5F69 
 490      6E69 745F 
 490      6B62 00
 491 002f 00        		.string	""
 492 0030 01        		.ascii	"\001"
 493 0031 00        		.string	""
 494 0032 00        		.string	""
 495 0033 00        		.string	""
 496 0034 00        		.string	""
 497 0035 00        		.string	""
 498 0036 00        		.string	""
 499 0037 00        		.string	""
 500 0038 00        		.string	""
 501 0039 00        		.string	""
 502 003a F400      		.string	"\364"
 503 003c 00        		.string	""
 504 003d 00        		.string	""
 505 003e 6D61 7472 		.string	"matrix_init_quantum"
 505      6978 5F69 
 505      6E69 745F 
 505      7175 616E 
 505      7475 6D00 
 506 0052 00        		.string	""
 507 0053 01        		.ascii	"\001"
 508 0054 00        		.string	""
 509 0055 00        		.string	""
 510 0056 00        		.string	""
 511 0057 00        		.string	""
 512 0058 00        		.string	""
 513 0059 00        		.string	""
 514 005a 00        		.string	""
 515 005b 00        		.string	""
 516 005c 00        		.string	""
 517 005d F700      		.string	"\367"
 518 005f 00        		.string	""
 519 0060 00        		.string	""
 520 0061 6D61 7472 		.string	"matrix_scan_user"
 520      6978 5F73 
 520      6361 6E5F 
 520      7573 6572 
 520      00
 521 0072 00        		.string	""
 522 0073 01        		.ascii	"\001"
 523 0074 00        		.string	""
 524 0075 00        		.string	""
 525 0076 00        		.string	""
 526 0077 00        		.string	""
 527 0078 00        		.string	""
 528 0079 00        		.string	""
 529 007a 00        		.string	""
 530 007b 00        		.string	""
 531 007c 00        		.string	""
 532 007d FA00      		.string	"\372"
 533 007f 00        		.string	""
 534 0080 00        		.string	""
 535 0081 6D61 7472 		.string	"matrix_scan_kb"
 535      6978 5F73 
 535      6361 6E5F 
 535      6B62 00
 536 0090 00        		.string	""
 537 0091 01        		.ascii	"\001"
 538 0092 00        		.string	""
 539 0093 00        		.string	""
 540 0094 00        		.string	""
 541 0095 00        		.string	""
 542 0096 00        		.string	""
 543 0097 00        		.string	""
 544 0098 00        		.string	""
 545 0099 00        		.string	""
 546 009a 00        		.string	""
 547 009b FD00      		.string	"\375"
 548 009d 00        		.string	""
 549 009e 00        		.string	""
 550 009f 6D61 7472 		.string	"matrix_scan_quantum"
 550      6978 5F73 
 550      6361 6E5F 
 550      7175 616E 
 550      7475 6D00 
 551 00b3 00        		.string	""
 552 00b4 01        		.ascii	"\001"
 553 00b5 00        		.string	""
 554 00b6 00        		.string	""
 555 00b7 00        		.string	""
 556 00b8 00        		.string	""
 557 00b9 00        		.string	""
 558 00ba 00        		.string	""
 559 00bb 00        		.string	""
 560 00bc 00        		.string	""
 561 00bd 00        		.string	""
 562 00be 00        		.string	""
 563 00bf 0100      		.string	"\001"
 564 00c1 00        		.string	""
 565 00c2 6D61 7472 		.string	"matrix_rows"
 565      6978 5F72 
 565      6F77 7300 
 566 00ce 00        		.string	""
 567 00cf 00        		.string	""
 568 00d0 00        		.string	""
 569 00d1 00        		.string	""
 570 00d2 00        		.string	""
 571 00d3 00        		.string	""
 572 00d4 00        		.string	""
 573 00d5 00        		.string	""
 574 00d6 00        		.string	""
 575 00d7 00        		.string	""
 576 00d8 00        		.string	""
 577 00d9 0301 00   		.string	"\003\001"
 578 00dc 00        		.string	""
 579 00dd 6D61 7472 		.string	"matrix_cols"
 579      6978 5F63 
 579      6F6C 7300 
 580 00e9 00        		.string	""
 581 00ea 00        		.string	""
 582 00eb 00        		.string	""
 583 00ec 00        		.string	""
 584 00ed 00        		.string	""
 585 00ee 00        		.string	""
 586 00ef 00        		.string	""
 587 00f0 00        		.string	""
 588 00f1 00        		.string	""
 589 00f2 00        		.string	""
 590 00f3 00        		.string	""
 591 00f4 0501 00   		.string	"\005\001"
 592 00f7 00        		.string	""
 593 00f8 6D61 7472 		.string	"matrix_is_modified"
 593      6978 5F69 
 593      735F 6D6F 
 593      6469 6669 
 593      6564 00
 594 010b 00        		.string	""
 595 010c 00        		.string	""
 596 010d 00        		.string	""
 597 010e 00        		.string	""
 598 010f 00        		.string	""
 599 0110 00        		.string	""
 600 0111 00        		.string	""
 601 0112 00        		.string	""
 602 0113 00        		.string	""
 603 0114 00        		.string	""
 604 0115 00        		.string	""
 605 0116 0801 00   		.string	"\b\001"
 606 0119 00        		.string	""
 607 011a 6D61 7472 		.string	"matrix_is_on"
 607      6978 5F69 
 607      735F 6F6E 
 607      00
 608 0127 00        		.string	""
 609 0128 00        		.string	""
 610 0129 00        		.string	""
 611 012a 00        		.string	""
 612 012b 00        		.string	""
 613 012c 00        		.string	""
 614 012d 00        		.string	""
 615 012e 00        		.string	""
 616 012f 00        		.string	""
 617 0130 00        		.string	""
 618 0131 00        		.string	""
 619 0132 0D01 00   		.string	"\r\001"
 620 0135 00        		.string	""
 621 0136 6D61 7472 		.string	"matrix_get_row"
 621      6978 5F67 
 621      6574 5F72 
 621      6F77 00
 622 0145 00        		.string	""
 623 0146 00        		.string	""
 624 0147 00        		.string	""
 625 0148 00        		.string	""
 626 0149 00        		.string	""
 627 014a 00        		.string	""
 628 014b 00        		.string	""
 629 014c 00        		.string	""
 630 014d 00        		.string	""
 631 014e 00        		.string	""
 632 014f 00        		.string	""
 633 0150 1101 00   		.string	"\021\001"
 634 0153 00        		.string	""
 635 0154 6D61 7472 		.string	"matrix_print"
 635      6978 5F70 
 635      7269 6E74 
 635      00
 636 0161 00        		.string	""
 637 0162 00        		.string	""
 638 0163 00        		.string	""
 639 0164 00        		.string	""
 640 0165 00        		.string	""
 641 0166 00        		.string	""
 642 0167 00        		.string	""
 643 0168 00        		.string	""
 644 0169 00        		.string	""
 645 016a 00        		.string	""
 646 016b 00        		.string	""
 647 016c 1301 00   		.string	"\023\001"
 648 016f 00        		.string	""
 649 0170 6D61 7472 		.string	"matrix_key_count"
 649      6978 5F6B 
 649      6579 5F63 
 649      6F75 6E74 
 649      00
 650 0181 00        		.string	""
 651 0182 00        		.string	""
 652 0183 00        		.string	""
 653 0184 00        		.string	""
 654 0185 00        		.string	""
 655 0186 00        		.string	""
 656 0187 00        		.string	""
 657 0188 00        		.string	""
 658 0189 00        		.string	""
 659 018a 00        		.string	""
 660 018b 00        		.string	""
 661 018c 1501 00   		.string	"\025\001"
 662 018f 00        		.string	""
 663 0190 6D61 7472 		.string	"matrix_init"
 663      6978 5F69 
 663      6E69 7400 
 664 019c 00        		.string	""
 665 019d 00        		.string	""
 666 019e 00        		.string	""
 667 019f 00        		.string	""
 668 01a0 00        		.string	""
 669 01a1 00        		.string	""
 670 01a2 00        		.string	""
 671 01a3 00        		.string	""
 672 01a4 00        		.string	""
 673 01a5 00        		.string	""
 674 01a6 00        		.string	""
 675 01a7 1701 00   		.string	"\027\001"
 676 01aa 00        		.string	""
 677 01ab 6D61 7472 		.string	"matrix_scan"
 677      6978 5F73 
 677      6361 6E00 
 678 01b7 00        		.string	""
 679 01b8 00        		.string	""
 680 01b9 00        		.string	""
 681 01ba 00        		.string	""
 682 01bb 00        		.string	""
 683 01bc 00        		.string	""
 684 01bd 00        		.string	""
 685 01be 00        		.string	""
 686 01bf 00        		.string	""
 687 01c0 00        		.string	""
 688 01c1 00        		.string	""
 689 01c2 1901 00   		.string	"\031\001"
 690 01c5 00        		.string	""
 691 01c6 6465 626F 		.string	"debounce_active"
 691      756E 6365 
 691      5F61 6374 
 691      6976 6500 
 692 01d6 00        		.string	""
 693 01d7 02        		.ascii	"\002"
 694 01d8 00        		.string	""
 695 01d9 00        		.string	""
 696 01da 00        		.string	""
 697 01db 00        		.string	""
 698 01dc 00        		.string	""
 699 01dd 00        		.string	""
 700 01de 00        		.string	""
 701 01df 00        		.string	""
 702 01e0 00        		.string	""
 703 01e1 1F01 00   		.string	"\037\001"
 704 01e4 00        		.string	""
 705 01e5 7870 7574 		.string	"xputs"
 705      7300 
 706 01eb 00        		.string	""
 707 01ec 02        		.ascii	"\002"
 708 01ed 00        		.string	""
 709 01ee 00        		.string	""
 710 01ef 00        		.string	""
 711 01f0 00        		.string	""
 712 01f1 00        		.string	""
 713 01f2 00        		.string	""
 714 01f3 00        		.string	""
 715 01f4 00        		.string	""
 716 01f5 00        		.string	""
 717 01f6 2301 00   		.string	"#\001"
 718 01f9 00        		.string	""
 719 01fa 5F5F 7870 		.string	"__xprintf"
 719      7269 6E74 
 719      6600 
 720 0204 00        		.string	""
 721 0205 02        		.ascii	"\002"
 722 0206 00        		.string	""
 723 0207 00        		.string	""
 724 0208 00        		.string	""
 725 0209 00        		.string	""
 726 020a 00        		.string	""
 727 020b 00        		.string	""
 728 020c 00        		.string	""
 729 020d 00        		.string	""
 730 020e 00        		.string	""
 731 020f 2701 00   		.string	"'\001"
 732 0212 00        		.string	""
 733 0213 6269 7472 		.string	"bitrev16"
 733      6576 3136 
 733      00
 734 021c 00        		.string	""
 735 021d 02        		.ascii	"\002"
 736 021e 00        		.string	""
 737 021f 00        		.string	""
 738 0220 00        		.string	""
 739 0221 00        		.string	""
 740 0222 00        		.string	""
 741 0223 00        		.string	""
 742 0224 00        		.string	""
 743 0225 00        		.string	""
 744 0226 00        		.string	""
 745 0227 2B01 00   		.string	"+\001"
 746 022a 00        		.string	""
 747 022b 6269 7470 		.string	"bitpop16"
 747      6F70 3136 
 747      00
 748 0234 00        		.string	""
 749 0235 02        		.ascii	"\002"
 750 0236 00        		.string	""
 751 0237 00        		.string	""
 752 0238 00        		.string	""
 753 0239 00        		.string	""
 754 023a 00        		.string	""
 755 023b 00        		.string	""
 756 023c 00        		.string	""
 757 023d 00        		.string	""
 758 023e 00        		.string	""
 759 023f 2F01 00   		.string	"/\001"
 760 0242 00        		.string	""
 761 0243 6465 626F 		.string	"debounce_init"
 761      756E 6365 
 761      5F69 6E69 
 761      7400 
 762 0251 00        		.string	""
 763 0252 02        		.ascii	"\002"
 764 0253 00        		.string	""
 765 0254 00        		.string	""
 766 0255 00        		.string	""
 767 0256 00        		.string	""
 768 0257 00        		.string	""
 769 0258 00        		.string	""
 770 0259 00        		.string	""
 771 025a 00        		.string	""
 772 025b 00        		.string	""
 773 025c 3101 00   		.string	"1\001"
 774 025f 00        		.string	""
 775 0260 6465 626F 		.string	"debounce"
 775      756E 6365 
 775      00
 776 0269 00        		.string	""
 777 026a 02        		.ascii	"\002"
 778 026b 00        		.string	""
 779 026c 00        		.string	""
 780 026d 00        		.string	""
 781 026e 00        		.string	""
 782 026f 00        		.string	""
 783 0270 00        		.string	""
 784 0271 00        		.string	""
 785 0272 00        		.string	""
 786 0273 00        		.string	""
 787 0274 3801 00   		.string	"8\001"
 788 0277 00        		.string	""
 789               		.text
 790               		.section	.gnu.lto_.opts,"",@progbits
 791 0000 272D 666D 		.ascii	"'-fmath-errno' '-fsigned-zeros' '-ftrapping-m"
 791      6174 682D 
 791      6572 726E 
 791      6F27 2027 
 791      2D66 7369 
 792 002d 6174 6827 		.string	"ath' '-fno-trapv' '-fno-openmp' '-fno-openacc' '-mn-flash=1' '-mno-skip-bug' '-mmcu=avr5'
 792      2027 2D66 
 792      6E6F 2D74 
 792      7261 7076 
 792      2720 272D 
 793               		.text
 794               		.comm	__gnu_lto_v1,1,1
 795               		.comm	__gnu_lto_slim,1,1
 796               		.ident	"GCC: (GNU) 7.4.0"
DEFINED SYMBOLS
                            *ABS*:0000000000000000 matrix.c
/var/folders/7d/r_phv7rx6m99qllr_nm2m9c80000gn/T//ccA4UNsW.s:2      *ABS*:000000000000003e __SP_H__
/var/folders/7d/r_phv7rx6m99qllr_nm2m9c80000gn/T//ccA4UNsW.s:3      *ABS*:000000000000003d __SP_L__
/var/folders/7d/r_phv7rx6m99qllr_nm2m9c80000gn/T//ccA4UNsW.s:4      *ABS*:000000000000003f __SREG__
/var/folders/7d/r_phv7rx6m99qllr_nm2m9c80000gn/T//ccA4UNsW.s:5      *ABS*:0000000000000000 __tmp_reg__
/var/folders/7d/r_phv7rx6m99qllr_nm2m9c80000gn/T//ccA4UNsW.s:6      *ABS*:0000000000000001 __zero_reg__
                            *COM*:0000000000000001 __gnu_lto_v1
                            *COM*:0000000000000001 __gnu_lto_slim

NO UNDEFINED SYMBOLS
