   1               		.file	"action_macro.c"
   2               	__SP_H__ = 0x3e
   3               	__SP_L__ = 0x3d
   4               	__SREG__ = 0x3f
   5               	__tmp_reg__ = 0
   6               	__zero_reg__ = 1
   7               		.section	.gnu.lto_.profile.17b2d3335f6c3193,"",@progbits
   8 0000 789C 6363 		.string	"x\234cc```\001bF\206\032["
   8      6060 6001 
   8      6246 861A 
   8      5B00 
   9 000e 01AD 00   		.string	"\001\255"
  10 0011 C5        		.ascii	"\305"
  11               		.text
  12               		.section	.gnu.lto_.icf.17b2d3335f6c3193,"",@progbits
  13 0000 789C 6363 		.string	"x\234cc``\340`@"
  13      6060 E060 
  13      4000 
  14 000a 4686 E5C7 		.string	"F\206\345\307:\246s1"
  14      3AA6 7331 
  14      00
  15 0013 00        		.string	""
  16 0014 0D11 02A6 		.ascii	"\r\021\002\246"
  17               		.text
  18               		.section	.gnu.lto_.jmpfuncs.17b2d3335f6c3193,"",@progbits
  19 0000 789C 6363 		.string	"x\234cc``\370\300\200"
  19      6060 F8C0 
  19      8000 
  20 000a 8C0C 8C8C 		.string	"\214\f\214\214\214\365s\230\031\230\030\24703>\357\377y\231\255\233y\0163#c\303_\006\306\
  20      8CF5 7398 
  20      1998 18A7 
  20      3033 3EEF 
  20      FF79 99AD 
  21 0036 E682 38FF 		.string	"\346\2028\377\201\372\200\032\246\265\036:\317\016\322\300\0044h\013\243\fP\350\367\211g\
  21      81FA 801A 
  21      A6B5 1E3A 
  21      CF0E D2C0 
  21      0434 680B 
  22 0088 00        		.string	""
  23 0089 7C55 38D8 		.ascii	"|U8\330"
  24               		.text
  25               		.section	.gnu.lto_.inline.17b2d3335f6c3193,"",@progbits
  26 0000 789C 6363 		.string	"x\234cc``\350c@"
  26      6060 E863 
  26      4000 
  27 000a 4606 06FB 		.string	"F\006\006\373\007\214\214\314\f\002YS\230\031\247\265\036:\317\336\315<\207\031(\316\270\
  27      078C 8CCC 
  27      0C02 5953 
  27      9819 A7B5 
  27      1E3A CFDE 
  28 0031 D5B3 2D90 		.string	"\325\263-\220gb`Y /\300\020\262i\273\020\007\330\bF&\016\240z&nF 5\301\017F\243\t3r\001iL
  28      6762 6059 
  28      202F C010 
  28      B269 BB10 
  28      07D8 0846 
  29 005d 4DA1 1250 		.ascii	"M\241\022P"
  30               		.text
  31               		.section	.gnu.lto_.pureconst.17b2d3335f6c3193,"",@progbits
  32 0000 789C 6363 		.string	"x\234cc```\001bF\206]\214"
  32      6060 6001 
  32      6246 865D 
  32      8C00 
  33 000e 01ED 00   		.string	"\001\355"
  34 0011 C7        		.ascii	"\307"
  35               		.text
  36               		.section	.gnu.lto_action_macro_play.17b2d3335f6c3193,"",@progbits
  37 0000 789C AD57 		.string	"x\234\255WkPU\327\025\336\353\354s\337/\344e\024P\320Aj}\240M\246\231L\2463i\233\366Og\37
  37      6B50 55D7 
  37      15DE EBEC 
  37      73DF 2FE4 
  37      6514 50D0 
  38 00f1 FAAF 5981 		.string	"\372\257Y\201\345(\341\\5\231-V\233\335\341t\271=!cB#\302 G\345L\3779\0314\002\f\202l\305
  38      E528 E15C 
  38      3599 2D56 
  38      9BDD E174 
  38      B93D 2163 
  39 016b 8EFA 603B 		.ascii	"\216\372`;D\3036\210f8\305`'$\220\370\205\202]\255V\376s\001"
  39      44C3 3688 
  39      6638 C560 
  39      2724 90F8 
  39      8582 5DAD 
  40 0183 EDF5 D55C 		.ascii	"\355\365\325\\\263\306\257\025\320g\247x\276\326\230\033\353"
  40      B3C6 AF15 
  40      D067 A778 
  40      BED6 981B 
  40      EB
  41 0194 E32A 7C21 		.ascii	"\343*|!\341\257G\303\254h\341\024\312\036]v\362\274\235\277."
  41      E1AF 47C3 
  41      AC68 E114 
  41      CA1E 5D76 
  41      F2BC 9DBF 
  42 01a9 7017 AAAE 		.ascii	"p\027\252\256\f\030\270\236w\265\022M\361q\023\354\032\001u\271"
  42      0C18 B89E 
  42      77B5 124D 
  42      F171 13EC 
  42      1A01 75B9 
  43 01bd EED9 0A97 		.ascii	"\356\331\n\227Y\205\335\020\017\365\020/w\t{\300l\301\3053\355"
  43      5985 DD10 
  43      0FF5 102F 
  43      7709 7BC0 
  43      6CC1 C533 
  44 01d2 47EA 9CFC 		.ascii	"G\352\234\374-\241\362\303\262R\256k\354\\a\362{\3220\222'e\373"
  44      2DA1 F2C3 
  44      B252 AE6B 
  44      EC5C 61F2 
  44      7BD2 3092 
  45 01e9 37B9 F96F 		.ascii	"7\271\371o\004\354\301\211\357\007\314:\356g\225\232\352\343"
  45      04EC C189 
  45      EF07 CC3A 
  45      EE67 959A 
  45      EAE3 
  46 01fb 66D8 3B7C 		.ascii	"f\330;|\363A\2364\242'_\242'\344\004\272\322\004\346\341\326"
  46      F341 9E34 
  46      A227 5FA2 
  46      27E4 04BA 
  46      D204 E6E1 
  47 0210 BB7E 27F7 		.ascii	"\273~'\3673\262\355W\267\327\202\366\232\003\366Z\203\355\365"
  47      33B2 ED57 
  47      B7D7 82F6 
  47      9A03 F65A 
  47      83ED F5
  48 0223 FFFE A7B5 		.ascii	"\377\376\247\265\267\037\355\355\013\330;\020l\257\355\265"
  48      B71F EDED 
  48      0BD8 3B10 
  48      6CAF EDB5 
  49 0233 171E EEAB 		.string	"\027\036\356\253\033<\204\006\017\006\f\266\t\203\333\332\027\257p\362?\210\030}\262\243r
  49      1B3C 8406 
  49      0F06 0CB6 
  49      0983 DBDA 
  49      17AF 70F2 
  50 0334 1BBC CB5D 		.string	"\033\274\313]t\231\031W\211\221\342F\352\031\031A\0346N\223\316b\313\tS\243\366l\260\b\24
  50      7499 1957 
  50      8991 E246 
  50      EA19 1941 
  50      1C36 4E93 
  51 040e 8AF1 2377 		.ascii	"\212\361#w\332%l+\342d\274\334)\373\350\265\227\333Y\027\344"
  51      DA25 6C2B 
  51      E264 BCDC 
  51      29FB E8B5 
  51      97DB 5917 
  52 0423 F90A 1B6A 		.ascii	"\371\n\033j\354t\347{\3718\234\"\316\242\033\2614#\245\306\241"
  52      EC74 E77B 
  52      F938 9C22 
  52      CEA2 1BB1 
  52      3423 A5C6 
  53 0438 D4C2 9E22 		.ascii	"\324\302\236\"\2202\343\t\346\027h$\225\343\331mX8I\214\221\007"
  53      9032 E309 
  53      E617 6824 
  53      95E3 D96D 
  53      5838 498C 
  54 044e D540 4E7D 		.ascii	"\325@N}T\276Z\215\253\205\325Z%R\332A\374\031\270\\p\305\246"
  54      54BE 5A8D 
  54      AB85 D55A 
  54      2552 DA41 
  54      FC19 B85C 
  55 0465 2A98 3ED7 		.ascii	"*\230>\327 N0j\377\345\255\273\3148\003\327A\365\362(\\\271!"
  55      204E 306A 
  55      FFE5 ADBB 
  55      CC38 03D7 
  55      41F5 F228 
  56 047c EEB2 ADDD 		.ascii	"\356\262\255\335}\003\216\270:\035\354\024\237\302\316\215;U"
  56      7D03 8EB8 
  56      3A1D EC14 
  56      9FC2 CE8D 
  56      3B55 
  57 048e 01BE A983 		.ascii	"\001\276\251\203\237\034\035\274\340 \360-\002\217\307\225.P"
  57      9F1C 1DBC 
  57      E020 F02D 
  57      028F C795 
  57      2E50 
  58 04a0 038E 7D49 		.ascii	"\003\216}I\216E\311\261~\3404\276\005\225\332U\247<\274(\324"
  58      8E45 C9B1 
  58      7EE0 34BE 
  58      0595 DA55 
  58      A73C BC28 
  59 04b5 527B 72F5 		.ascii	"R{r\365](\203\245\271\230W\3255\2451Tu\260\nQv\300m\\@\221\355"
  59      5D28 83A5 
  59      B998 57D5 
  59      35A5 3154 
  59      75B0 0A51 
  60 04d0 45ED 7576 		.ascii	"E\355uv\031\002\032\226\326\237.\265\031\210\373\370\221b\320"
  60      1902 1A96 
  60      D69F 2EB5 
  60      1988 FBF8 
  60      9162 D0
  61 04e3 8D87 5EC1 		.ascii	"\215\207^\301\251\234\201;\022\263gu\311F\035C\225\312\371\332"
  61      A99C 813B 
  61      12B3 6775 
  61      C946 1D43 
  61      95CA F9DA 
  62 04f7 8B57 5D06 		.ascii	"\213W]\006\246\236\023\346\256\300(\204\371Nb\362\352:\037r\211"
  62      A69E 13E6 
  62      AEC0 2884 
  62      F94E 62F2 
  62      EA3A 1F72 
  63 050c 7940 1B6C 		.ascii	"y@\033l\272\364\371}\207\034\323\241\224=XWe1t\\s\222\216\373"
  63      BAF4 F97D 
  63      871C D3A1 
  63      943D 5857 
  63      6531 745C 
  64 0524 98A0 F720 		.ascii	"\230\240\367 \272\202\213\002\242G\252\351\367]\277\252\303\036"
  64      BA82 8B02 
  64      A247 AAE9 
  64      F75D BFAA 
  64      C31E 
  65 0536 929A FCAA 		.ascii	"\222\232\374\252\205\027\375;\\#p\017\204m\225@\017%\350\341"
  65      8517 FD3B 
  65      5C23 700F 
  65      846D 9540 
  65      0F25 E8E1 
  66 054a 990D B73C 		.ascii	"\231\r\267<\022\364\210@\205\207\273\316\331\r\320v\001z$@&\002"
  66      12F4 8840 
  66      8587 BBCE 
  66      D90D D076 
  66      017A 2440 
  67 0560 F54A D0DE 		.ascii	"\365J\320\336g\367\217\231u\207i\274\346i\355.\227\034\347\323"
  67      67F7 8F99 
  67      7587 69BC 
  67      E669 ED2E 
  67      971C E7D3 
  68 0574 38F7 E39D 		.ascii	"8\367\343\235\233M\206\222GB\311\367\350\361c\362\330Lz\372P"
  68      9B4D 8692 
  68      4742 C9F7 
  68      E8F1 63F2 
  68      D84C 7AFA 
  69 0589 0F63 BD60 		.ascii	"\017c\275`G\"\2073/wD\340\300I4\017\357\n\363r\027V\332\305\350"
  69      4722 8733 
  69      2F77 44E0 
  69      C049 340F 
  69      EF0A F372 
  70 05a2 663F 2081 		.ascii	"f? \201oB.\2366\005\216N\032\t\331_t\001i\333J\201\2346\2646"
  70      6F42 2E9E 
  70      3605 8E4E 
  70      1A09 D95F 
  70      7401 69DB 
  71 05bc 7489 136F 		.ascii	"t\211\023o_\231\273\321\\\r\253\360\372s\023\251\373)/p~Y\301"
  71      5F99 BBD1 
  71      5C0D ABF0 
  71      FA73 13A9 
  71      FB29 2F70 
  72 05d3 719F 25E7 		.ascii	"q\237%\347\337\224,O\240\232J\370\247\220#Y\322j\360}\232\301"
  72      DF94 2C4F 
  72      A09A 4AF8 
  72      A790 2359 
  72      D26A F07D 
  73 05e9 77A1 7C3A 		.ascii	"w\241|:%\200_\240\205h4]\362\275u\264|\037\b\346\3733\242\354"
  73      2580 5FA0 
  73      8568 345D 
  73      F2BD 75B4 
  73      7C1F 08E6 
  74 0601 0C5C 197C 		.ascii	"\f\\\031|9\3375%\210\357\271\212J.0X\250\250\001\307\232\311"
  74      39DF 3525 
  74      88EF B98A 
  74      4A2E 3058 
  74      A8A8 01C7 
  75 0617 B119 417C 		.ascii	"\261\031A|\237A\371]^8P\343\220\214\007\234B"
  75      9F41 F95D 
  75      5E38 50E3 
  75      908C 079C 
  75      42
  76 0628 5545 B7B4 		.string	"UE\267\264\006U^;\261\220\247\210K\345h\313UE\027B\211Cm\025\033\234R\302\002\371\212\274
  76      0655 5E3B 
  76      B190 A788 
  76      4BE5 68CB 
  76      5545 1742 
  77 0729 3F77 6A97 		.string	"?wj\227\350\334\301\277\210a\334\261\b\356\230\207s\307\212\363/\340\016\336Y\260LD\327jp
  77      E8DC C1BF 
  77      8861 DCB1 
  77      08EE 9887 
  77      73C7 8AF3 
  78 0752 771E 3D87 		.ascii	"w\036=\207;T\017\376GhO0\270c\017pgmI\214\344\216*\271SU\267"
  78      3B54 0FFE 
  78      4768 4F30 
  78      B863 0F70 
  78      676D 498C 
  79 076d 0EE8 39E0 		.ascii	"\016\3509\340\345\261\243#\317rI\236\025\006y\332\f\362\304\032"
  79      E5B1 A323 
  79      CF72 499E 
  79      1506 79DA 
  79      0CF2 C41A 
  80 0781 E411 DAE2 		.ascii	"\344\021\332\342\374\344!\201C\024\2238I\236\266\321\222\247"
  80      FCE4 2181 
  80      4314 9338 
  80      499E B6D1 
  80      92A7 
  81 0793 3C98 3C15 		.ascii	"<\230<\025\024\377I\270R\371r\362|\034L\036/\201q\016V\032\344"
  81      14FF 49B8 
  81      52F9 72F2 
  81      7C1C 4C1E 
  81      2F81 710E 
  82 07aa 2147 0E92 		.ascii	"!G\016\222c\223\202\310#\306\325[J\336\246w\006\225Y\302*\236"
  82      6393 82C8 
  82      23C6 D55B 
  82      4ADE A677 
  82      0695 59C2 
  83 07c0 A383 153B 		.ascii	"\243\203\025;\214\332\345\270(\207\032\266\367\264\2521"
  83      8CDA E5B8 
  83      2887 1AB6 
  83      F7B4 AA31 
  84 07d0 2B35 2CEF 		.ascii	"+5,\357CpS\232\361\303\003\2640\360)1\244\352\322\223\322\206"
  84      4370 539A 
  84      F1C3 03B4 
  84      30F0 2931 
  84      A4EA D293 
  85 07e6 C54E 7A17 		.ascii	"\305Nz\027\320k\201\352\375\356\317r=:\312\035@\365KT\225DU_"
  85      D06B 81EA 
  85      FDEE CF72 
  85      3D3A CA1D 
  85      40F5 4B54 
  86 07fe A998 2030 		.ascii	"\251\230 0\247\004\346\306\222\276\223\342\343f\005m\200\301"
  86      A704 E6C6 
  86      92BE 93E2 
  86      E366 056D 
  86      80C1 
  87 0810 2AA4 26B1 		.ascii	"*\244&\261\340\273\nE\274:\206\323 \254\034\211y\202J\341\325"
  87      E0BB 0A45 
  87      BC3A 86D3 
  87      20AC 1C89 
  87      7982 4AE1 
  88 0825 1827 12F6 		.ascii	"\030'\022\366a\375E[p\262<\177\371%v\346\226\231\262es\311{\264"
  88      61FD 455B 
  88      70B2 3C7F 
  88      F925 76E6 
  88      9699 B265 
  89 083d 5D2F 9F8C 		.ascii	"]/\237\214s\250\355d^\353Q\375\353?\bP\255\350E\230\377D&S*\235"
  89      73A8 ED64 
  89      5EEB 51FD 
  89      EB3F 0850 
  89      ADE8 4598 
  90 0857 6FE9 3649 		.ascii	"o\3516I\224[\024\203\214\276\236\310\234I\366\036l';\312\306"
  90      945B 1483 
  90      8CBE 9EC8 
  90      9C49 F61E 
  90      6C27 3BCA 
  91 086c A349 5780 		.ascii	"\243IW\200};\r\366\231$\373\356\324\335\003z\274xy\314\350\330"
  91      7D3B 0DF6 
  91      9924 FBEE 
  91      D4DD 037A 
  91      BC78 79CC 
  92 0882 B746 B2EF 		.ascii	"\267F\262\357\277\006\373\316\031\354\2131\330'\264M\360\263"
  92      BF06 FBCE 
  92      19EC 8B31 
  92      D827 B44D 
  92      F0B3 
  93 0894 8F04 CE92 		.ascii	"\217\004\316\222\277\023$\373\316\215\226}k\203\331\267\216\b"
  93      BF13 24FB 
  93      CE8D 967D 
  93      6B83 D9B7 
  93      8E08 
  94 08a6 3411 57D6 		.ascii	"4\021W\326\277\234}\237\004\263\357S\002O\300\225\r\006\373\310"
  94      BF9C 7D9F 
  94      04B3 EF53 
  94      024F C095 
  94      0D06 FBC8 
  95 08ba 916F C8B1 		.ascii	"\221o\310\261\211A\354\023\343j\275,\257\2273\0249w\340\030o"
  95      8941 EC13 
  95      E36A BD2C 
  95      AF97 3314 
  95      3977 E018 
  96 08cf 18C7 C825 		.ascii	"\030\307\310%\007J\246>\3773\262Q\\\005Q\306U\340\thylh1\213"
  96      074A A63E 
  96      FF33 B251 
  96      5C05 51C6 
  96      55E0 0968 
  97 08e8 5BAF 7060 		.ascii	"[\257p`\353:\375R\263\311Z\364\311\301\353{\365\"l\220\301&\311"
  97      EB3A FD52 
  97      B3C9 5AF4 
  97      C9C1 EB7B 
  97      F522 6C90 
  98 08ff B8E7 DC69 		.ascii	"\270\347\334it\353\324\bS6\303T\b\353p\f\253\364]C*}\207|}\224"
  98      74EB D408 
  98      5336 C354 
  98      08EB 700C 
  98      ABF4 5D43 
  99 0919 4EA3 0723 		.ascii	"N\243\007#=Ph\031\311\343\300r\307\274\353L8~\214l]Qx\25387\375"
  99      3D50 6819 
  99      C9E3 C072 
  99      C7BC EB4C 
  99      387E 8C6C 
 100 0934 0DA3 EB3A 		.ascii	"\r\243\353:w\345\022\307\240\272\373\277\306\245q\036\374\206"
 100      77E5 12C7 
 100      A0BA FBBF 
 100      C6A5 711E 
 100      FC86 
 101 0946 4F33 6D1A 		.ascii	"O3m\032\213R\326\256\250^p\3413\202nm\247\215\032'6\023\021q"
 101      8B52 D6AE 
 101      A85E 70E1 
 101      3382 6E6D 
 101      A78D 1A27 
 102 095e 0C11 4E37 		.ascii	"\f\021N7\315x\2501Qc%\317\306\260m\315\314p\355\302(\022y\363"
 102      CD78 A831 
 102      5163 25CF 
 102      C6B0 6DCD 
 102      CC70 EDC2 
 103 0976 B044 A6E7 		.ascii	"\260D\246\347\345\245Q$r\355\220D&\f>R\207\345\355\267#\347m"
 103      E5A5 5124 
 103      72ED 9044 
 103      260C 3E52 
 103      87E5 EDB7 
 104 098d 27E5 ED67 		.ascii	"'\345\355gAy\033\312\226\036\361\273,\216\313\243'\356\027\245"
 104      4179 1BCA 
 104      961E F1BB 
 104      2C8E CBA3 
 104      27EE 17A5 
 105 09a1 7FA5 33F4 		.ascii	"\177\2453\364\362\3318\027HT\377\261\316\226\211\332j\222R\236"
 105      F2D9 3817 
 105      4854 FFB1 
 105      CE96 89DA 
 105      6A92 529E 
 106 09b5 40A2 7AF0 		.ascii	"@\242z\360\314Cz\260\330\235=\246'\022_h\021\0300|\241\205\311"
 106      CC43 7AB0 
 106      D89D 3DA6 
 106      2712 5F68 
 106      1118 307C 
 107 09cc D7E1 4DCC 		.ascii	"\327\341M\314\023zx\334\005\205\351O8\300\025\034L\314\316x?"
 107      137A 78DC 
 107      0585 E94F 
 107      38C0 151C 
 107      4CCC CE78 
 108 09e1 2925 332B 		.ascii	")%3+-1%3##snbrJ\366\234\314\271I\031\311)Y\2313S\230Et\222\346"
 108      2D31 2533 
 108      2323 736E 
 108      6272 4AF6 
 108      9CCC B949 
 109 0a01 59E7 CCCD 		.ascii	"Y\347\314\315N\313\372 9\335$&\254IIYi\363\027\244gc'955k\366"
 109      4ECB FA20 
 109      39DD 2426 
 109      AC49 4959 
 109      69F3 17A4 
 110 0a1d 2F95 8CF9 		.ascii	"/\225\214\371jRR\306|{RR\366\234\224\367\347'\245\246\274\235"
 110      6A52 52C6 
 110      7C7B 5252 
 110      F69C 94F7 
 110      E727 A5A6 
 111 0a33 B860 7E56 		.ascii	"\270`~VbzfJrz\342o\323\322\323\223\263\022\223?\310\232\361\217"
 111      627A 664A 
 111      727A E26F 
 111      D3D2 D393 
 111      B312 933F 
 112 0a4b 9494 77DE 		.ascii	"\224\224w\336L|s\346\0333g\3218q\316\334\224\364\005\251i\211"
 112      4C7C 73E6 
 112      1B33 67D1 
 112      3871 CEDC 
 112      94F4 05A9 
 113 0a61 0BB2 E7A4 		.ascii	"\013\262\347\244'\246\246\245'\377s\346{\314\204j2\3469\323\347"
 113      27A6 A6A5 
 113      27FF 73E6 
 113      7BCC 846A 
 113      32E6 39D3 
 114 0a76 65C4 C6CF 		.ascii	"e\304\306\317\232\036\373\027\273\215\361_e1\345_\354\377w\213"
 114      9A1E FB17 
 114      BB8D F15F 
 114      6531 E55F 
 114      ECFF 778B 
 115 0a8a A98F      		.ascii	"\251\217"
 116               		.text
 117               		.section	.gnu.lto_.symbol_nodes.17b2d3335f6c3193,"",@progbits
 118 0000 789C 558A 		.ascii	"x\234U\212+\016B1\020EO;\257u|\303\202`eS\361\004\016\202!A\263"
 118      2B0E 4231 
 118      1045 4F3B 
 118      AF75 7CC3 
 118      8260 6553 
 119 001b 0AB0 1528 		.ascii	"\n\260\025(\222\247\021\230\227@\020\300\006Hh\213\241br\356"
 119      92A7 1198 
 119      9740 10C0 
 119      0648 688B 
 119      A162 72EE 
 120 002f B977 3C70 		.ascii	"\271w<pJ\207\035(\254\317\220p\b\013035\245\200\020\346\311\247"
 120      4A87 1D28 
 120      ACCF 9070 
 120      080B 3033 
 120      35A5 8010 
 121 0046 6A2B 1FAB 		.ascii	"j+\037\253T>\322\246\362\211\272\312\207\352\377]\360\304\325"
 121      543E D2A6 
 121      F289 BACA 
 121      87EA FF5D 
 121      F0C4 D5
 122 0059 CB09 0D7D 		.ascii	"\313\t\r}\241\320n2\035\375\366\327\267\273L\313\276\320\020"
 122      A1D0 6E32 
 122      1DFD F6D7 
 122      B7BB 4CCB 
 122      BED0 10
 123 006c AF9F A5E4 		.ascii	"\257\237\245\344\307x\273\037\245,\217\022\322\364|_:\303\027"
 123      C778 BB1F 
 123      A52C 8F12 
 123      D2F4 7C5F 
 123      3AC3 17
 124 007f DE85 3389 		.ascii	"\336\2053\211"
 125               		.text
 126               		.section	.gnu.lto_.refs.17b2d3335f6c3193,"",@progbits
 127 0000 789C 6363 		.string	"x\234cc```\004b\006"
 127      6060 6004 
 127      6206 00
 128 000b 00        		.string	""
 129 000c 4400      		.string	"D"
 130 000e 08        		.ascii	"\b"
 131               		.text
 132               		.section	.gnu.lto_.decls.17b2d3335f6c3193,"",@progbits
 133 0000 789C 9555 		.ascii	"x\234\225U[PSW\024\275;'\n\211<\224\261\016\266L\313\350\007"
 133      5B50 5357 
 133      14BD 3B27 
 133      0A89 3C94 
 133      B10E B64C 
 134 0017 4C67 4A68 		.ascii	"LgJhuJm;S\247~"
 134      754A 6D3B 
 134      53A7 7E
 135 0022 B4FD A95F 		.string	"\264\375\251_\235\216\375\271\306$\243\251!qBh\207\257^D,\342cP\254V\255\212\212\n\362\22
 135      9D8E FDB9 
 135      C624 A3A9 
 135      2171 4268 
 135      87AF 5E44 
 136 0123 5155 7277 		.string	"QUrw\347\234\017&\357R\242\246/o83"
 136      E79C 0F26 
 136      EF52 A2A6 
 136      2F6F 3833 
 136      00
 137 0134 A2F5 0728 		.string	"\242\365\007(\317]_\367Y[\252\242h\3404\350\341$\020\370\023b0\006\025\360\177\232\242\25
 137      CF5D 5FF7 
 137      595B AAA2 
 137      68E0 34E8 
 137      E124 10F8 
 138 021f E206 0C7C 		.ascii	"\342\006\f|\fl\210w\316S\247@\320$\365\267`\361y\215\232\216"
 138      0C6C 8877 
 138      CE53 A740 
 138      D024 F5B7 
 138      60F1 798D 
 139 0235 FD81 24B2 		.ascii	"\375\201$\262\215\251\027\317,(\336ttN\243\236h\236]\320p\236"
 139      8DA9 17CF 
 139      2C28 DE74 
 139      744E A39E 
 139      689E 5DD0 
 140 024b 717D 32F0 		.ascii	"q}2\360\274>\362\276\351\271\266\337c\337\"A=\314\315c\215\301"
 140      BC3E F2BE 
 140      E9B9 B6DF 
 140      63DF 2241 
 140      3DCC CD63 
 141 0261 6407 DF8A 		.ascii	"d\007\337\212\262\201\256,\242\325\360\235\004\273\226m\317\272"
 141      B281 AE2C 
 141      A2D5 F09D 
 141      04BB 966D 
 141      CFBA 
 142 0273 9C8D DAF0 		.ascii	"\234\215\332\360-l\371\025e*\300\342\031\342\260Hp\031\302\361"
 142      2D6C F915 
 142      652A C0E2 
 142      19E2 B048 
 142      7019 C2F1 
 143 0287 7F05 6879 		.ascii	"\177\005hy\256\352\364mOBfe)Y\255\212\273\257 \266\003\317K\n"
 143      AEEA F46D 
 143      4F42 6665 
 143      2959 AD8A 
 143      BBAF 20B6 
 144 029f 8669 290F 		.ascii	"\206i)\017.yw\353\022{\227\340\"\264\240\247+0\013C\225\341\356"
 144      2E79 77EB 
 144      127B 97E0 
 144      22B4 A0A7 
 144      2B30 0B43 
 145 02b6 1D7A 52C9 		.ascii	"\035zR\311m\024\346\217\026\351\231\r\3349\356\242?\357\367\225"
 145      6D14 E68F 
 145      16E9 990D 
 145      DC39 EEA2 
 145      3FEF F795 
 146 02ca 5326 7071 		.ascii	"S&pq\215\271\270\252\272\330z\250\244]\217.Z\221Z~\346\343\213"
 146      8DB9 B8AA 
 146      BAD8 7AA8 
 146      A45D 8F2E 
 146      5A91 5A7E 
 147 02e1 C59B 95B4 		.ascii	"\305\233\225\264\325J\244\242\243D\250\364\332\250\024\2574T"
 147      D54A A4A2 
 147      A344 A8F4 
 147      DAA8 14AF 
 147      3454 
 148 02f3 310B D7D6 		.ascii	"1\013\327\326x\206\t\311\346\r\240\263\240\266:\230Y\240\257"
 148      7886 09C9 
 148      E60D A0B3 
 148      A0B6 3A98 
 148      59A0 AF
 149 0306 32F7 3094 		.ascii	"2\3670\224\362l\013\231\300C\r\363P\255z(\331T\267&Tx\350\274"
 149      F26C 0B99 
 149      C043 0DF3 
 149      50AD 7A28 
 149      D954 B726 
 150 031e 1ABD 233F 		.ascii	"\032\275#?\331\035\313Hp\335\253\177]\325\277\301"
 150      D91D CB48 
 150      70DD AB7F 
 150      5DD5 BFC1 
 151 032e F4AF 8F15 		.string	"\364\257\217\025\227h\310U\256\277\262?\371S\021_\361V\252R\n,\270\326\033\\\253\006\327\
 151      9768 C855 
 151      AEBF B23F 
 151      F953 115F 
 151      F156 AA52 
 152 042f 101D 01A0 		.string	"\020\035\001\240G\034P?=\022t\241\231{b1\360\332\256\240\270\347':=^\303\357\304\352\272\
 152      471C 503F 
 152      3D12 74A1 
 152      997B 6231 
 152      F0DA AEA0 
 153 04e1 3C62      		.ascii	"<b"
 154 04e3 1BE0 D79B 		.string	"\033\340\327\233\026N\371\017\275\351){\335\236\250}\241}\337\321\006\035\036zw+\353M\371
 154      164E F90F 
 154      BDE9 297B 
 154      DD9E A87D 
 154      A17D DFD1 
 155 05e4 9650 76BD 		.ascii	"\226Pv\275\363Z\275eR \325\231\363\201\354\232\346\373@^a3&\275"
 155      F35A BD65 
 155      5220 D599 
 155      F381 EC9A 
 155      E6FB 405E 
 156 05fc 3ED4 24BD 		.ascii	">\324$\275)\313K\022\2556\227\325.\243\005\331l\301\030\331\224"
 156      29CB 4B12 
 156      AD36 97D5 
 156      2EA3 05D9 
 156      6CC1 18D9 
 157 0611 64B2 5912 		.ascii	"d\262Y\022>\371\177\256\023]V\233\201\305\243\243\320D\273\323"
 157      3EF9 7FAE 
 157      135D 569B 
 157      81C5 A3A3 
 157      D044 BBD3 
 158 0625 B2D4 9AE0 		.ascii	"\262\324\232\340\2628Q\335l\2319\276\rd\006\373\361\246'X\354"
 158      B238 51DD 
 158      6C99 39BE 
 158      0D64 06FB 
 158      F1A6 2758 
 159 063a 6679 B925 		.ascii	"fy\271%i\211\303\3504\313N\313\n\207\3235\321rSE\314\020\202"
 159      6989 C3E8 
 159      34CB 4ECB 
 159      0A87 D335 
 159      D172 5345 
 160 0651 A2A2 E278 		.ascii	"\242\242\342x\2079!\304h6\373\f\331\332\274\377\241\354\322\232"
 160      8739 21C4 
 160      6836 FB0C 
 160      D9DA BCFF 
 160      A1EC D29A 
 161 0665 9619 9D3A 		.ascii	"\226\031\235:Qa|\3024Y6\332~4&%\310V\273\315j\267\310\362\337"
 161      5161 7CC2 
 161      3459 36DA 
 161      7E34 2625 
 161      C856 BBCD 
 162 067e FCAE 9230 		.ascii	"\374\256\2220"
 163               		.text
 164               		.section	.gnu.lto_.symtab.17b2d3335f6c3193,"",@progbits
 165 0000 6163 7469 		.string	"action_macro_play"
 165      6F6E 5F6D 
 165      6163 726F 
 165      5F70 6C61 
 165      7900 
 166 0012 00        		.string	""
 167 0013 00        		.string	""
 168 0014 00        		.string	""
 169 0015 00        		.string	""
 170 0016 00        		.string	""
 171 0017 00        		.string	""
 172 0018 00        		.string	""
 173 0019 00        		.string	""
 174 001a 00        		.string	""
 175 001b 00        		.string	""
 176 001c 00        		.string	""
 177 001d CC00      		.string	"\314"
 178 001f 00        		.string	""
 179 0020 00        		.string	""
 180 0021 756E 7265 		.string	"unregister_code"
 180      6769 7374 
 180      6572 5F63 
 180      6F64 6500 
 181 0031 00        		.string	""
 182 0032 02        		.ascii	"\002"
 183 0033 00        		.string	""
 184 0034 00        		.string	""
 185 0035 00        		.string	""
 186 0036 00        		.string	""
 187 0037 00        		.string	""
 188 0038 00        		.string	""
 189 0039 00        		.string	""
 190 003a 00        		.string	""
 191 003b 00        		.string	""
 192 003c D400      		.string	"\324"
 193 003e 00        		.string	""
 194 003f 00        		.string	""
 195 0040 7265 6769 		.string	"register_code"
 195      7374 6572 
 195      5F63 6F64 
 195      6500 
 196 004e 00        		.string	""
 197 004f 02        		.ascii	"\002"
 198 0050 00        		.string	""
 199 0051 00        		.string	""
 200 0052 00        		.string	""
 201 0053 00        		.string	""
 202 0054 00        		.string	""
 203 0055 00        		.string	""
 204 0056 00        		.string	""
 205 0057 00        		.string	""
 206 0058 00        		.string	""
 207 0059 D600      		.string	"\326"
 208 005b 00        		.string	""
 209 005c 00        		.string	""
 210 005d 7365 6E64 		.string	"send_keyboard_report"
 210      5F6B 6579 
 210      626F 6172 
 210      645F 7265 
 210      706F 7274 
 211 0072 00        		.string	""
 212 0073 02        		.ascii	"\002"
 213 0074 00        		.string	""
 214 0075 00        		.string	""
 215 0076 00        		.string	""
 216 0077 00        		.string	""
 217 0078 00        		.string	""
 218 0079 00        		.string	""
 219 007a 00        		.string	""
 220 007b 00        		.string	""
 221 007c 00        		.string	""
 222 007d D900      		.string	"\331"
 223 007f 00        		.string	""
 224 0080 00        		.string	""
 225 0081 6465 6C5F 		.string	"del_macro_mods"
 225      6D61 6372 
 225      6F5F 6D6F 
 225      6473 00
 226 0090 00        		.string	""
 227 0091 02        		.ascii	"\002"
 228 0092 00        		.string	""
 229 0093 00        		.string	""
 230 0094 00        		.string	""
 231 0095 00        		.string	""
 232 0096 00        		.string	""
 233 0097 00        		.string	""
 234 0098 00        		.string	""
 235 0099 00        		.string	""
 236 009a 00        		.string	""
 237 009b DB00      		.string	"\333"
 238 009d 00        		.string	""
 239 009e 00        		.string	""
 240 009f 6164 645F 		.string	"add_macro_mods"
 240      6D61 6372 
 240      6F5F 6D6F 
 240      6473 00
 241 00ae 00        		.string	""
 242 00af 02        		.ascii	"\002"
 243 00b0 00        		.string	""
 244 00b1 00        		.string	""
 245 00b2 00        		.string	""
 246 00b3 00        		.string	""
 247 00b4 00        		.string	""
 248 00b5 00        		.string	""
 249 00b6 00        		.string	""
 250 00b7 00        		.string	""
 251 00b8 00        		.string	""
 252 00b9 DD00      		.string	"\335"
 253 00bb 00        		.string	""
 254 00bc 00        		.string	""
 255               		.text
 256               		.section	.gnu.lto_.opts,"",@progbits
 257 0000 272D 666D 		.ascii	"'-fmath-errno' '-fsigned-zeros' '-ftrapping-m"
 257      6174 682D 
 257      6572 726E 
 257      6F27 2027 
 257      2D66 7369 
 258 002d 6174 6827 		.string	"ath' '-fno-trapv' '-fno-openmp' '-fno-openacc' '-mn-flash=1' '-mno-skip-bug' '-mmcu=avr5'
 258      2027 2D66 
 258      6E6F 2D74 
 258      7261 7076 
 258      2720 272D 
 259               		.text
 260               		.comm	__gnu_lto_v1,1,1
 261               		.comm	__gnu_lto_slim,1,1
 262               		.ident	"GCC: (GNU) 7.4.0"
DEFINED SYMBOLS
                            *ABS*:0000000000000000 action_macro.c
/var/folders/7d/r_phv7rx6m99qllr_nm2m9c80000gn/T//ccRqAGF8.s:2      *ABS*:000000000000003e __SP_H__
/var/folders/7d/r_phv7rx6m99qllr_nm2m9c80000gn/T//ccRqAGF8.s:3      *ABS*:000000000000003d __SP_L__
/var/folders/7d/r_phv7rx6m99qllr_nm2m9c80000gn/T//ccRqAGF8.s:4      *ABS*:000000000000003f __SREG__
/var/folders/7d/r_phv7rx6m99qllr_nm2m9c80000gn/T//ccRqAGF8.s:5      *ABS*:0000000000000000 __tmp_reg__
/var/folders/7d/r_phv7rx6m99qllr_nm2m9c80000gn/T//ccRqAGF8.s:6      *ABS*:0000000000000001 __zero_reg__
                            *COM*:0000000000000001 __gnu_lto_v1
                            *COM*:0000000000000001 __gnu_lto_slim

NO UNDEFINED SYMBOLS
