   1               		.file	"backlight.c"
   2               	__SP_H__ = 0x3e
   3               	__SP_L__ = 0x3d
   4               	__SREG__ = 0x3f
   5               	__tmp_reg__ = 0
   6               	__zero_reg__ = 1
   7               		.section	.gnu.lto_.profile.3af09337ca1f4510,"",@progbits
   8 0000 789C 6363 		.string	"x\234cc```\003bF\206f\346\205\214"
   8      6060 6003 
   8      6246 8666 
   8      E685 8C00 
   9 0010 03FC 0136 		.ascii	"\003\374\0016"
  10               		.text
  11               		.section	.gnu.lto_.icf.3af09337ca1f4510,"",@progbits
  12 0000 789C 6363 		.string	"x\234cc``\310`@"
  12      6060 C860 
  12      4000 
  13 000a 4186 637D 		.string	"A\206c}\353\247p3N\332\276\370.3\323\375]\007\236\363\260L\331\277\362\026'\353\342\223'g
  13      EBA7 7033 
  13      4EDA BEF8 
  13      2E33 D3FD 
  13      5D07 9EF3 
  14 007a 70A7 32BF 		.ascii	"p\2472\277"
  15               		.text
  16               		.section	.gnu.lto_.jmpfuncs.3af09337ca1f4510,"",@progbits
  17 0000 789C 95D2 		.string	"x\234\225\322\273\n\3020\024\006\340\363'\266\242\242\350\346 \270\213K\237\260.N\256\342
  17      BB0A C230 
  17      1406 E0F3 
  17      27B6 A2A2 
  17      E8E6 20B8 
  18 0043 F16A 0343 		.ascii	"\361j\003C\211Q\377v/\016d \t\204%Z\\:\252\351\335y\225\332X"
  18      8951 FF76 
  18      2F0E 6420 
  18      0984 255A 
  18      5C3A AAE9 
  19 005c A1F5 6ACB 		.ascii	"\241\365j\313v\352\243z\257\2403f\343\207r\275E\257\036HL\270"
  19      76EA A37A 
  19      AFA0 3366 
  19      E387 72BD 
  19      45AF 1E48 
  20 0072 ABA3 5B88 		.ascii	"\253\243[\2107\242h>\250\371Q\257\031H\2015<\216\330\300Or\342"
  20      37A2 683E 
  20      A8F9 51AF 
  20      1948 8135 
  20      3C8E D8C0 
  21 0089 5842 A467 		.ascii	"XB\244g\020<C\310\301\241F\023-M\307 '\307,\260\314\2625\263"
  21      103C 43C8 
  21      C1A1 4613 
  21      2D4D C720 
  21      27C7 2CB0 
  22 00a1 ECDE 67F9 		.ascii	"\354\336g\371\215\027m\270\370\304\205\005\337\033\374`\303\263"
  22      8D17 6DB8 
  22      F8C4 8505 
  22      DF1B FC60 
  22      C3B3 
  23 00b3 6089 4183 		.ascii	"`\211A\203$E]\370\260\244\305:\032\353\364\237U\321\t_n\261`"
  23      2445 5DF8 
  23      B0A4 C53A 
  23      1AEB F49F 
  23      55D1 095F 
  24 00ca 093F 9BF0 		.ascii	"\t?\233\360\313\357[\004U\211j9\336\315\261\210\312\210\327\374"
  24      CBEF 5B04 
  24      5589 6A39 
  24      DECD B188 
  24      CA88 D7FC 
  25 00de EF56 67CE 		.ascii	"\357Vg\316\347?\332\362x\231\263\r\206\237\214\215\265\343"
  25      E73F DAF2 
  25      7899 B30D 
  25      869F 8C8D 
  25      B5E3 
  26               		.text
  27               		.section	.gnu.lto_.inline.3af09337ca1f4510,"",@progbits
  28 0000 789C 6363 		.string	"x\234cc``\350ed\200\003.\006\0061CF\006&\211\003k\030\031\330\026\3103\201\004\231\270\03
  28      6060 E865 
  28      6480 032E 
  28      0606 3143 
  28      4606 2689 
  29 002c 0313 83B8 		.string	"\003\023\203\270\006P\245\324\231\215\030*\231y@\322\020\035@.+\203\214\"P\245\312\231\33
  29      0650 A5D4 
  29      998D 182A 
  29      9979 40D2 
  29      101D 402E 
  30 00b4 33C3 5DC1 		.string	"3\303]\301\262@^"
  30      B240 5E00 
  31 00bc DD5F 13FC 		.string	"\335_\023\374\0041\235\301"
  31      0431 9DC1 
  31      00
  32 00c5 00        		.string	""
  33 00c6 B2F2 303F 		.ascii	"\262\3620?"
  34               		.text
  35               		.section	.gnu.lto_.pureconst.3af09337ca1f4510,"",@progbits
  36 0000 789C 6363 		.string	"x\234cc``\020\005b.\006\t&\tV\tv\tN\tn\t^\026>\t\001\tA\026"
  36      6060 1005 
  36      622E 0609 
  36      2609 5609 
  36      7609 4E09 
  37 001f 0F38 014C 		.ascii	"\0178\001L"
  38               		.text
  39               		.section	.gnu.lto_backlight_init.3af09337ca1f4510,"",@progbits
  40 0000 789C 8D94 		.ascii	"x\234\215\224\333KTQ\024\306\327\267\367\271y\231\222|I\030B"
  40      DB4B 5451 
  40      14C6 D7B7 
  40      F7B9 7999 
  40      927C 4918 
  41 0015 E841 94E8 		.ascii	"\350A\224\350\030\364\317\364\0245t\303L\020_kN\216\327\n\212"
  41      18F4 CFF4 
  41      1435 74C3 
  41      4C10 5F6B 
  41      4E8E D70A 
  42 002a C849 6488 		.ascii	"\310Id\210\201\036**\305\322\251Q\323I-\363\222\246\005E\366"
  42      811E 2A2A 
  42      C5D2 A951 
  42      D349 2DF3 
  42      92A6 0545 
  43 003f 9258 E405 		.ascii	"\222X\344\005\241\220\260\233\266\3669\303a\f5\017\314\236=k"
  43      A190 B09B 
  43      B6F6 39C3 
  43      610C 350F 
  43      CC9E 3D6B 
  44 0053 AFB5 BEDF 		.ascii	"\257\265\276\337\371\366\336c\020Q\257F\264\207\277\217\363\007"
  44      F9F6 DE63 
  44      1051 AF46 
  44      B487 BF8F 
  44      F307 
  45 0065 5904 7165 		.ascii	"Y\004qe\234\350\274%\204\234- 'W\273w\220\234l\t\315\013kBo("
  45      9CE8 BC25 
  45      849C 2D20 
  45      2757 BB77 
  45      909C 6C09 
  46 007f E280 A1C6 		.ascii	"\342\200\241\306\\\035\206\0276\204\331\\\302ake/\207MX^\330"
  46      5C1D 8617 
  46      3684 D95C 
  46      C261 6B65 
  46      2F87 4D58 
  47 0095 02D4 C4B1 		.ascii	"\002\324\304\261@a!5\3350-\204qI^"
  47      4061 2135 
  47      DD30 2D84 
  47      7149 5E
  48 00a4 93E8 AFFF 		.string	"\223\350\257\377\234\024\305\267\034~R\327Wv;\267S\210I\242(\177\324\203\207(&N\233i_m\n\
  48      9C14 C5B7 
  48      1C7E 52D7 
  48      5776 3BB7 
  48      5388 49A2 
  49 01a5 BD6E 7F78 		.string	"\275n\177xU?\337Fj\205\277(\321\007\273I\031DH\301V\256\277\363]W\302\253\013\037\027\002
  49      553F DF46 
  49      6A85 BF28 
  49      D107 BB49 
  49      1944 48C1 
  50 0237 30CA 4AEE 		.ascii	"0\312J\356\001\337\227\316\341\204\266\305\344\217\200\227@\030"
  50      01DF 97CE 
  50      E184 B6C5 
  50      E48F 8097 
  50      4018 
  51 0249 F39D 36A9 		.ascii	"\363\2356\251\271\304{\303\256\341\263^\366\266\274~\271\305"
  51      B9C4 7BC3 
  51      AEE1 B35E 
  51      F6B6 BC7E 
  51      B9C5 
  52 025b 8118 DFCA 		.ascii	"\201\030\337\312\351\t\337\351W| X\367[\375!O7\217\245]&\313"
  52      E909 DFE9 
  52      577C 2058 
  52      F75B FD21 
  52      4F37 8FA5 
  53 0272 BF3F 3585 		.ascii	"\277?5\205\033\334\270\235Qu\3771\311W\247E\2321\231GK\250\216"
  53      1BDC B89D 
  53      5175 FF31 
  53      C957 A745 
  53      9A31 9947 
  54 0289 F765 BBA9 		.ascii	"\367e\273\251\374|\207\311\315\314\367\257E\346U\322\370\265"
  54      FC7C 87C9 
  54      CDCC F7AF 
  54      45E6 55D2 
  54      F8B5 
  55 029b A710 3404 		.ascii	"\247\0204\004\377s@\t0C\260\252\274\354p\250\242\362\230\035"
  55      FF73 4009 
  55      3043 B0AA 
  55      BCEC 70A8 
  55      A2F2 981D 
  56 02af AA28 2FAF 		.ascii	"\252(/\2578c\037=\022*;}\352\304\311\252\375!\372\013\352\003"
  56      3863 1F3D 
  56      122A 3B7D 
  56      EAC4 C9AA 
  56      FD21 FA0B 
  57 02c5 965C      		.ascii	"\226\\"
  58               		.text
  59               		.section	.gnu.lto_backlight_increase.3af09337ca1f4510,"",@progbits
  60 0000 789C 8D94 		.ascii	"x\234\215\224\313O\023Q\024\306\3577wf:m\001\361\225hl\f;\203"
  60      CB4F 1351 
  60      14C6 EF37 
  60      7766 3A6D 
  60      01F1 9568 
  61 0018 0B87 EEDD 		.ascii	"\013\207\356\335\271\366\017pe\224\0305Z1\306\225\233\016V\240"
  61      B9F6 0F70 
  61      6594 1835 
  61      5A31 C695 
  61      9B0E 56A0 
  62 002c A889 68A4 		.ascii	"\250\211h\244\032RMw\352B\t\nh\361AE\024E\024\304\007jU\210\211"
  62      1A52 4D77 
  62      EA42 090A 
  62      68F1 4145 
  62      1445 14C4 
  63 0045 449E 0635 		.ascii	"D\236\0065&\276=gn-\325@\323I\346\316\3149\367\336\363;\3379"
  63      26BE 3D67 
  63      6E2D D540 
  63      D349 E6CE 
  63      CC39 F7DE 
  64 005d 734D 2144 		.ascii	"sM!D\221)"
  64      9129 
  65 0063 C44A 7AAE 		.string	"\304Jz\256\247\033\036\001\255\341\241\020\325\226\246\311\350*\341\370t\036\213$te\3265c
  65      A71B 1E01 
  65      ADE1 A110 
  65      D596 A6C9 
  65      E82A E1F8 
  66 0164 745C E5FD 		.ascii	"t\\\345\375\351\252\227RDW\271\324\221X\355\251\251\005j\276"
  66      E9AA 9752 
  66      4457 B9D4 
  66      9158 EDA9 
  66      A905 6ABE 
  67 0178 A696 B4D5 		.ascii	"\246\226\264\325\365\265\370\324\022\340\032-\241\334\236\034"
  67      F5B5 F8D4 
  67      12E0 1A2D 
  67      A1DC 9E1C 
  68 0188 04CF 2924 		.ascii	"\004\317)$\221\353s'\222\030\005\247r#_*\235\331TR\260\233Xj"
  68      91EB 7327 
  68      9218 05A7 
  68      7223 5F2A 
  68      9DD9 5452 
  69 01a0 42D5 6715 		.ascii	"B\325g\025\376\374~b_\241\0307\347\301hw1\272\346\307\360\340"
  69      FEFC 7E62 
  69      5FA1 1837 
  69      E7C1 6877 
  69      31BA E6C7 
  70 01b6 1663 7070 		.ascii	"\026cppt\303\316\025\304C\202\334V\202t\214M\372\224j\262\020"
  70      74C3 CE15 
  70      C443 82DC 
  70      5682 748C 
  70      4DFA 946A 
  71 01cc 9A3B F356 		.ascii	"\232;\363V\327B\217\313\342\266\356]\252\340$\016\224\271\r\373"
  71      D742 8FCB 
  71      E2B6 EE5D 
  71      AAE0 240E 
  71      94B9 0DFB 
  72 01e0 EFBE DE18 		.ascii	"\357\276\336\030\357\213{\b\013\212\031\227>\246\270v.\244 t"
  72      EF8B 7B08 
  72      0B8A 1997 
  72      3EA6 B876 
  72      2EA4 2074 
  73 01f4 9ADC 74F5 		.ascii	"\232\334t\365s\257\301\230~X\271\rX\364\177\003\026%8\273\177"
  73      73AF C198 
  73      7E58 B90D 
  73      58F4 7F03 
  73      1625 38BB 
  74 0209 118B D147 		.ascii	"\021\213\321G\210\367\347D,\301\003\027QWr]lk9\242U\\\31085<"
  74      88F7 E744 
  74      2CC1 0317 
  74      5157 725D 
  74      6C6B 39A2 
  75 0223 848D 5E04 		.ascii	"\204\215^\004\020\244\265\350G\005w\325\217Z(0C\261\265v\367"
  75      10A4 B5E8 
  75      4705 77D5 
  75      8F5A 2830 
  75      43B1 B576 
  76 0238 D45A 0CA3 		.ascii	"\324Z\f\243\221\204\003\024\205\3724\275.3\205\374\315\223\311"
  76      9184 0314 
  76      85FA 34BD 
  76      2E33 85FC 
  76      CD93 C9
  77 024b AFC5 CA2F 		.ascii	"\257\305\312/\360(\333\246\206\030\bd~.\257\232\\P\355\007\363"
  77      F028 DBA6 
  77      8618 0864 
  77      7E2E AF9A 
  77      5C50 ED07 
  78 0260 FC4B 8FF3 		.ascii	"\374K\217\3635\340\223l\003>\245JP\330\217u\231<<\024\232JS3"
  78      35E0 936C 
  78      033E A54A 
  78      50D8 8F75 
  78      993C 3C14 
  79 0278 5769 16C4 		.ascii	"Wi\026\304XO<\243\322\344\352^\352\352\036\371\326\371\251\204"
  79      584F 3CA3 
  79      D2E4 EA5E 
  79      EAEA 1EF9 
  79      D6F9 A984 
  80 028c E62D 2303 		.ascii	"\346-#\003\237El\373\372h*\352'\330\352\322\270\\\210\347D;\224"
  80      9F45 6CFB 
  80      FA68 2AEA 
  80      27D8 EAD2 
  80      B85C 88E7 
  81 02a3 A1ED 3E3A 		.ascii	"\241\355>:\321\340\0136;\r.\320\"\274 Z\254\016dp\353?\334Kk"
  81      D1E0 0B36 
  81      3B0D 2ED0 
  81      22BC 205A 
  81      AC0E 6470 
  82 02bc B4D7 49D7 		.ascii	"\264\327I\327\273\030/\021\244\270i\204\211/.\227\270\222\231"
  82      BB18 2F11 
  82      A4B8 6984 
  82      892F 2E97 
  82      B892 99
  83 02cf B907 D274 		.ascii	"\271\007\322t,\203o\025\"\333\253<\262\275\316'\333\233\254l"
  83      2C83 6F15 
  83      22DB AB3C 
  83      B2BD CE27 
  83      DB9B AC6C 
  84 02e3 C37F 65DB 		.ascii	"\303\177e\333\240\342z)t\236\216\346\263y\304\355h/w\3644\366"
  84      A0E2 7A29 
  84      749E 8EE6 
  84      B379 C4ED 
  84      682F 77F4 
  85 02f9 273A FDEA 		.ascii	"':\375\352\264\026|\316\202\223!m\003{C;6VV\355\331bWV\205BU"
  85      B416 7CCE 
  85      8293 216D 
  85      037B 433B 
  85      3656 56ED 
  86 0314 BBEC CD9B 		.ascii	"\273\354\315\233*w\354\334\276u\333\3365\225\342\017e\354\366"
  86      2A77 ECDC 
  86      BE75 DBDE 
  86      3595 E20F 
  86      65EC F6
  87 0327 09        		.ascii	"\t"
  88               		.text
  89               		.section	.gnu.lto___c.1783.3af09337ca1f4510,"",@progbits
  90 0000 789C 6363 		.string	"x\234cc``\020\003b)\006\b\230\302\314\330\367\371\324!~E\246\371\r3\024\3460300nfTd\220HJ
  90      6060 1003 
  90      6229 0608 
  90      98C2 CCD8 
  90      F7F9 D421 
  91 003e 00        		.string	""
  92 003f 9A0C 0F83 		.ascii	"\232\f\017\203"
  93               		.text
  94               		.section	.gnu.lto_backlight_decrease.3af09337ca1f4510,"",@progbits
  95 0000 789C 8D55 		.string	"x\234\215U[oTU\024\336\337\336\3476\323\231\341\232@\223\t\364\025\037\034\232\370\350\23
  95      5B6F 5455 
  95      14DE DFDE 
  95      E736 D399 
  95      E19A 4093 
  96 0020 7C31 3A31 		.ascii	"|1:1`jmBxf\016\035\332R\256\325\330\021\232\211\031\323\007x"
  96      606A 6D42 
  96      7866 0E1D 
  96      DA52 AED5 
  96      D811 9A89 
  97 0038 101A B454 		.ascii	"\020\032\264T\247\255\364P\252\025\004ZJ\025\245x+\245\246P5"
  97      A7AD F450 
  97      AA15 045A 
  97      4A15 A578 
  97      2BA5 A650 
  98 004d 2831 B462 		.ascii	"(1\264b\313Z{O\313P:\2239\311\254\263\317\267\366\354\365\255"
  98      CB5A 7B4F 
  98      CB50 3A93 
  98      39C9 ACB3 
  98      CFB7 F6EC 
  99 0063 6FAD 758E 		.ascii	"o\255u\216#\204x\315\025b\013\335_\245\037\\\001\331vM\210}\236"
  99      2384 78CD 
  99      1562 0BDD 
  99      5FA5 1F5C 
  99      01D9 764D 
 100 007a 946A AA5A 		.ascii	"\224j\252Z\370a\353\223\227\204\037Q\260\flI{4N\260\023\324\022"
 100      F861 EB93 
 100      9784 1F51 
 100      B00C 6C49 
 100      7B34 4EB0 
 101 0091 6CC3 31B0 		.ascii	"l\3031\260\003\360\302\367 RRY\266\203\024\016\253\017\024\006"
 101      03F0 C2F7 
 101      2052 5259 
 101      B683 140E 
 101      AB0F 1406 
 102 00a5 5BA6 F372 		.ascii	"[\246\363r\333I\237\256\340\303\371j\377T\200\254\022\"C?\276"
 102      DB49 9FAE 
 102      E0C3 F96A 
 102      FF54 80AC 
 102      1222 433F 
 103 00ba F019 B609 		.ascii	"\360\031\266\t\3326yv\241=\352X\006G7\034<\005s\312@d\317\221"
 103      DA36 7976 
 103      A13D EA58 
 103      0647 371C 
 103      3C05 73CA 
 104 00d2 836E 8474 		.ascii	"\203n\204t\215\331\201\277\260\330\342\007\377n\272\227\334\004"
 104      8DD9 81BF 
 104      B0D8 E207 
 104      FF6E BA97 
 104      DC04 
 105 00e4 9155 906C 		.ascii	"\221U\220l\024\031i\261\261\371\321a\343\222Q\036\257Bl\302l"
 105      1419 69B1 
 105      B1F9 D161 
 105      E392 511E 
 105      AF42 6CC2 
 106 00f9 AA78 4B84 		.ascii	"\252xK\204\214\025\345U\2141!\016P,J\304\017D\253\222\274J\007"
 106      8C15 E555 
 106      8C31 210E 
 106      502C 4AC4 
 106      0F44 AB92 
 107 0110 E21E 1AFB 		.ascii	"\342\036\032\373g\026\3672\205\016\305\274:\372\036^\266\017"
 107      6716 F732 
 107      850E C5BC 
 107      3AFA 1E5E 
 107      B60F 
 108 0122 A9AC B2E1 		.ascii	"\251\254\262\341\321c\246ip\304\345G\342F\217\371\374\354\204"
 108      D163 A669 
 108      70C4 E547 
 108      E246 8FF9 
 108      FCEC 84
 109 0135 9BFA DFF7 		.ascii	"\233\372\337\367\b\310\361\231\204u\247\037\274\037\313\341#"
 109      08C8 F199 
 109      8475 A71F 
 109      BC1F CBE1 
 109      23
 110 0146 CADD C517 		.ascii	"\312\335\305\027\244\315\347\210kG\317\360\355\377\274\304i\226"
 110      A4CD E788 
 110      6B47 CFF0 
 110      EDFF BCC4 
 110      6996 
 111 0158 2737 495E 		.ascii	"'7I^\017y\344\320\256\325!\367\247\347\316\036\223\333\317h\367"
 111      0F79 E4D0 
 111      AED5 21F7 
 111      A7E7 CE1E 
 111      93DB CF68 
 112 016d 02B9 815E 		.ascii	"\002\271\201^$\320\2038j\351\377\350\303vb\227~\334\fCN\032~"
 112      24D0 8338 
 112      6AE9 FFE8 
 112      C376 6297 
 112      7EDC 0C43 
 113 0184 0FFC 232D 		.ascii	"\017\374#-\021&\004<\002\372)\324]\354\237\270\370ra\023\355"
 113      1126 043C 
 113      02FA 29D4 
 113      5DEC 9FB8 
 113      F872 6113 
 114 0199 E89A CDCF 		.ascii	"\350\232\315\317E\315\016\201/\231\013]\255J\211\251j\223p\357"
 114      45CD 0E81 
 114      2F99 0B5D 
 114      AD4A 89A9 
 114      6A93 70EF 
 115 01ad 4C6B 67CC 		.ascii	"Lkg\314\354W\225\344t~\365\234j8\243\201\342\214\346o\246\233"
 115      EC57 95E4 
 115      747E F59C 
 115      6A38 A381 
 115      E28C E66F 
 116 01c3 E4B2 5322 		.string	"\344\262S\"@\242\235\017\024\270\200\004'\223i\236sM`\313\304\356\017>\036\321jKl\305 \30
 116      40A2 9D0F 
 116      14B8 8004 
 116      2793 699E 
 116      734D 60CB 
 117 02c4 B7F5 7036 		.string	"\267\365p6\376\275\324g\021\nM\245hZ\255\024k2, ~\242R\024\013\275V\013\235\236\037\370'F
 117      FEBD D467 
 117      110A 4DA5 
 117      685A AD14 
 117      6B32 2C20 
 118 0385 C41F 5E86 		.ascii	"\304\037^\206"
 119               		.text
 120               		.section	.gnu.lto___c.1788.3af09337ca1f4510,"",@progbits
 121 0000 789C 6363 		.string	"x\234cc``\020\003b)\006\b\230\302\314\370\343\320\232\331\254\212L\363\033f(\314af``\334\
 121      6060 1003 
 121      6229 0608 
 121      98C2 CCF8 
 121      E3D0 9AD9 
 122 003e 00        		.string	""
 123 003f 967D 0F5F 		.ascii	"\226}\017_"
 124               		.text
 125               		.section	.gnu.lto_backlight_enable.3af09337ca1f4510,"",@progbits
 126 0000 789C 8D54 		.string	"x\234\215T[OSA\020\336\331=7ZZ\020_\024\033C\342\023\304X\210\376\003\177\210\321\306[\02
 126      5B4F 5341 
 126      10DE D93D 
 126      375A 5A10 
 126      5F14 1B43 
 127 00bc FE68 C02D 		.string	"\376h\300-(fx\354M\307J\223C\221,;t\202\002k\306\240\260L8\207\320\201\037\264\264O\312Q}
 127      2866 78EC 
 127      4DC7 4A93 
 127      4391 2C3B 
 127      7482 026B 
 128 00ea 6608 E034 		.string	"f\b\3404\t\232$\232d\232\024\232T\234\270F+\306\0320\034\242\325\243\314/8\255|Q\366\001N
 128      099A 249A 
 128      649A 149A 
 128      549C B846 
 128      2BC6 1A30 
 129 0196 835E 4282 		.ascii	"\203^B\202\303/\004k.\261\370.\274\357\2139\351|6t\356f\240s"
 129      C32F 046B 
 129      2EB1 F82E 
 129      BCEF 8B39 
 129      E97C 3674 
 130 01ae DDA4 D397 		.ascii	"\335\244\323\227Ngy\312W\313-w\221!T\210\202\273\211B2\270\007"
 130      4E67 79CA 
 130      57CB 2D77 
 130      9121 5488 
 130      82BB 8942 
 131 01c5 6EF4 87EA 		.ascii	"n\364\207\352G;l\004LE\344\375\030\023\261D\346\3421\273\205"
 131      473B 6C04 
 131      4C45 E4FD 
 131      1813 B144 
 131      E6E2 31BB 
 132 01da 5D64 0327 		.ascii	"]d\003'\366\1778\230O\203\001\023\f\247\204\367\301M\272L\257"
 132      F67F 3898 
 132      4F83 0113 
 132      0CA7 84F7 
 132      C14D BA4C 
 133 01ef EA22 D2D3 		.ascii	"\352\"\322\323c\315\302\203\224.\022ku\256\3522\224\275.\203"
 133      63CD C283 
 133      942E 126B 
 133      75AE EA32 
 133      94BD 2E83 
 134 0203 1974 6933 		.ascii	"\031ti3u\211g\326\205\303\020\351bV\373\360z]8\002\0331\201\371"
 134      7589 67D6 
 134      85C3 10E9 
 134      6256 FBF0 
 134      7A5D 3802 
 135 021b 859C BAAE 		.ascii	"\205\234\272\256\310\334\360~\213\205\224\r\260\321M\024z\270"
 135      C8DC F07E 
 135      8B85 940D 
 135      B0D1 4D14 
 135      7AB8 
 136 022d A6D0 182A 		.ascii	"\246\320\030*4\0175Ef{\255\217\233\023\240\2700\016^\2069\ra"
 136      340F 3545 
 136      667B AD8F 
 136      9B13 A0B8 
 136      300E 5E86 
 137 0244 339B E4DA 		.ascii	"3\233\344\332\210\260P\310\351Ma\337\330\024\366 \305_\017*\027"
 137      88B0 50C8 
 137      E94D 61DF 
 137      D814 F620 
 137      C55F 0F2A 
 138 0259 2610 D4A3 		.ascii	"&\020\324\243\377\202r\300\244\tJ\372\247%\212\250\202\037\247"
 138      FF82 72C0 
 138      A409 4AFA 
 138      A725 8AA8 
 138      821F A7
 139 026c 77C4 930D 		.ascii	"w\304\223\r\035A`R-\220\324HI+y\205-:P\303\f4\235\001B\nO\221"
 139      1D41 6052 
 139      2D90 D448 
 139      492B 7985 
 139      2D3A 50C3 
 140 0288 663A A33C 		.ascii	"f:\243<\223\221o\271\357\273\023\317\341\223\225G\257\020\331"
 140      9391 6FB9 
 140      EFBB 13CF 
 140      E193 9547 
 140      AF10 D9
 141 029b 9626 3E35 		.ascii	"\226&>5\330\221Qu\276!\362a\n)=KR\0328\377\261\321V\326\2567"
 141      D891 5175 
 141      BE21 F261 
 141      0A29 3D4B 
 141      521A 38FF 
 142 02b5 9AA8 B7C0 		.ascii	"\232\250\267\300s\244\004%\256\344\375\373\277\f%8\306j6\275"
 142      73A4 0425 
 142      AEE4 FDFB 
 142      BF0C 2538 
 142      C66A 36BD 
 143 02c9 05F0 02CA 		.ascii	"\005\360\002\3120\3574x\r\261\325\304\251\246\335\365\250\257"
 143      30EF 3478 
 143      0DB1 D5C4 
 143      A9A6 DDF5 
 143      A8AF 
 144 02db C022 A266 		.ascii	"\300\"\242fs\331\211\214\227\255\300\314f5\3702U\203\257\260"
 144      73D9 898C 
 144      97AD C0CC 
 144      6635 F832 
 144      5583 AFB0 
 145 02ef 1030 F3B7 		.ascii	"\0200\363\267\372b+\257\206\2517\251\fz\221_\233\225\241Qe\020"
 145      FA62 2BAF 
 145      86A9 37A9 
 145      0C7A 915F 
 145      9B95 A151 
 146 0305 7C2D F994 		.ascii	"|-\371\224~\006n=\355\r\b\025M\270sUU\224\037\360T\236:\354\366"
 146      7E06 6E3D 
 146      ED0D 0815 
 146      4DB8 7355 
 146      5594 1FF0 
 147 031e 5456 5454 		.ascii	"TVTT\236t\037:\350)?q\374\350\261\252=\036\366\027\354]\371\340"
 147      9E74 1F3A 
 147      E829 3F71 
 147      FCE8 B1AA 
 147      3D1E F617 
 148               		.text
 149               		.section	.gnu.lto_backlight_disable.3af09337ca1f4510,"",@progbits
 150 0000 789C 8D94 		.string	"x\234\215\224\337K\024Q\024\307\317\367\336\231\331q\325\325z*\230\302W#Z\027z\355\251\34
 150      DF4B 1451 
 150      14C7 CFF7 
 150      DE99 D971 
 150      D5D5 7A2A 
 151 008b D4C2 3641 		.string	"\324\3026A\t!5\335@\002\347\345e\211\241\346\271\254\250\274a\363\360\256\364\206\232\354
 151      0921 35DD 
 151      4002 E7E5 
 151      6589 A1E6 
 151      B9AC A8BC 
 152 0150 42BF 8ACF 		.string	"B\277\212\317\243UJ\232\262\002\354\245\371\267\303\021\265\177+\220\003\205!\335\233P\23
 152      A355 4A9A 
 152      B202 ECA5 
 152      F9B7 C311 
 152      B57F 2B90 
 153 01e4 A605 6CDD 		.string	"\246\005l\335#\243M\246\202\021"
 153      23A3 4DA6 
 153      8211 00
 154 01ef C639 8B6A 		.ascii	"\3069\213jw\256\202\032\373;\027\263\313\245\201\237\360,\337"
 154      77AE 821A 
 154      FB3B 17B3 
 154      CBA5 819F 
 154      F02C DF
 155 0202 6D8D B245 		.ascii	"m\215\262E\334\355MjR\232Q:\360\234k\262Vo\304\327\233\\\031"
 155      DCED 4D6A 
 155      529A 513A 
 155      F09C 6BB2 
 155      566F C4D7 
 156 0219 FC11 E17D 		.ascii	"\374\021\341}|\300\"n\216|y\372KK1\353\255/wd\031&X\360\213\234"
 156      7CC0 226E 
 156      8E7C 79FA 
 156      4B4B 31EB 
 156      AD2F 7764 
 157 0233 E091 8B9F 		.ascii	"\340\221\213\237S\341X\247\235\3625\225c\222\005c\217\225\373"
 157      53E1 58A7 
 157      9DF2 3595 
 157      6392 0563 
 157      8F95 FB
 158 0246 245A BF8D 		.ascii	"$Z\277\215\315\n\216u\325\367n\303\024b\234w\032\tGn\3679\365"
 158      CD0A 8E75 
 158      D5F7 6EC3 
 158      1462 9C77 
 158      1A09 476E 
 159 025d E0AB 644E 		.ascii	"\340\253dN\267\275\254p\367\324\261\235\331@\312\307\027/a\251"
 159      B7BD AC70 
 159      F7D4 B19D 
 159      D940 CAC7 
 159      172F 61A9 
 160 0271 6EAA 2846 		.ascii	"n\252(F\356L~\205\b\376\007-\334s6\361\223UWS}8^{\346X4^[SS{"
 160      EE4C 7E85 
 160      08FE 072D 
 160      DC73 36F1 
 160      9355 5753 
 161 0291 3A7A F448 		.ascii	":z\364H\274\372\324\311\343'\352\366\305\351/\001\212f\304"
 161      BCFA D4C9 
 161      E327 EAF6 
 161      C5E9 2F01 
 161      8A66 C4
 162               		.text
 163               		.section	.gnu.lto_backlight_toggle.3af09337ca1f4510,"",@progbits
 164 0000 789C 6D53 		.string	"x\234mSkK\024Q\030>\3179sku7\353S\302R\202\030\350\207V\251\177\320\217\350c\350&\025\336
 164      6B4B 1451 
 164      183E CF39 
 164      736B 7537 
 164      EB53 C252 
 165 0073 3373 0514 		.string	"3s\005\024\317\254pu\245\220\314ZW\t\231U\350\236Y\373}\321\001y1\r\260\030\027\212\252\3
 165      CFAC 7075 
 165      A590 CC5A 
 165      5709 9955 
 165      E89E 59FB 
 166 00e8 34FC 75D8 		.ascii	"4\374u\330\3023\3219H\016\306\270\f%k\317s\3251\327\1776\231"
 166      C233 D139 
 166      480E C6B8 
 166      0C25 6BCF 
 166      73D5 31D7 
 167 00ff CED7 FC8B 		.ascii	"\316\327\374\213\375\301\0340Kp.\017A\207\320\231[\2225S>13\035"
 167      FDC1 1C30 
 167      4B70 2E0F 
 167      4187 D099 
 167      5B92 3553 
 168 0117 D622 B8BC 		.ascii	"\326\"\270\274%\034\366\006\rC\313\027^A\326\355\026:5K'\307"
 168      251C F606 
 168      0D43 CB17 
 168      5E41 D6ED 
 168      163A 354B 
 169 012d 9EEA 2785 		.ascii	"\236\352'\205%\024\227@"
 169      2514 9740 
 170 0135 2693 5DD0 		.string	"&\223]\320c?L\203\f\266\200\013\264/\361\261#d\343<,\241\"C\352\334A\330u\fL\276\370fDnH\
 170      633F 4C83 
 170      0CB6 800B 
 170      B42F F1B1 
 170      2364 E33C 
 171 0236 4AC2 FEA8 		.ascii	"J\302\376\250Z>L-p\252\325\345z\267c\ne\324w\0321\302g\211<\027"
 171      5A3E 4C2D 
 171      70AA D5E5 
 171      7AB7 630A 
 171      65D4 771A 
 172 0250 BBE2 EF90 		.ascii	"\273\342\357\220d:>\333\035\330b\207@d\037\377!\253\262\225B"
 172      643A 3EDB 
 172      1DD8 6287 
 172      4064 1FFF 
 172      21AB B295 
 173 0265 8ACF 2261 		.ascii	"\212\317\"a_k\025[\320\333\221\226#\300\023\242g\211\235n\216"
 173      5F6B 155B 
 173      D0DB 9196 
 173      23C0 13A2 
 173      6789 9D6E 
 174 027a C6BA 4AFC 		.ascii	"\306\272J\374\234\336\340\326)\362\267\230\331\220\242\373\270"
 174      9CDE E0D6 
 174      29F2 B798 
 174      D990 A2FB 
 174      B8
 175 028b DED3 420D 		.ascii	"\336\323B\r\266\302\373e\230\334\177H\017u\b\327\327T\035\216"
 175      B6C2 FB65 
 175      98DC 7F48 
 175      0F75 08D7 
 175      D754 1D8E 
 176 029f D69D A88C 		.ascii	"\326\235\250\214D\353jj\352j#\025\345\321\252\352\343G\217\325"
 176      44EB 6A6A 
 176      EA6A 2315 
 176      E5D1 AAEA 
 176      E347 8FD5 
 177 02b3 EF8B 32BD 		.ascii	"\357\2132\275\262\266\274\242\272\362\310/\003\343E\235"
 177      B2B6 BCA2 
 177      BAF2 C82F 
 177      03E3 459D 
 178               		.text
 179               		.section	.gnu.lto_is_backlight_enabled.3af09337ca1f4510,"",@progbits
 180 0000 789C 3D4E 		.ascii	"x\234=N\317+\004Q\034\377~\336cf.F9)\023{\335\213Q\376 1\t\255"
 180      CF2B 0451 
 180      1CFF 7EDE 
 180      6366 2E46 
 180      3929 137B 
 181 001c 35A5 BDCF 		.ascii	"5\245\275\3173\323\2048l\230U\2324rp\222d-\35349p\243\0348P\312"
 181      33D3 8438 
 181      6C98 559A 
 181      3472 7092 
 181      642D EB34 
 182 0037 8DA4 D6D1 		.ascii	"\215\244\326\321f\371\276M^\275\367\276}>\337\317\017\203\210"
 182      66F9 BE4D 
 182      5EBD F7BE 
 182      7D3E DFCF 
 182      0F83 88
 183 004a 0640 34CC 		.ascii	"\006@4\314\377\020_H\202\250\336\020-Y\002\320\203\262@\201@"
 183      FF10 5F48 
 183      82A8 DE10 
 183      2D59 02D0 
 183      83B2 4081 
 184 005f 8075 B925 		.ascii	"\200u\271%\261\231T\237\355\342\201R\241\312\267?\315+\025\017"
 184      B199 549F 
 184      EDE2 8152 
 184      A1CA B73F 
 184      CD2B 150F 
 185 0073 A692 A8C6 		.ascii	"\246\222\250\306\262q\007c\216\2668A\221x\365\345\270\223\364"
 185      B271 0763 
 185      8EB6 3841 
 185      9178 F5E5 
 185      B893 F4
 186 0086 193D 9A63 		.ascii	"\031=\232c\260\016\2038\207\216\356zs\325\371YV\371\375\310^"
 186      B00E 8338 
 186      878E EE7A 
 186      73D5 F959 
 186      56F9 FDC8 
 187 009b AB5F 0AD2 		.ascii	"\253_\n\322zZ\341\207\323TN\253\f\361\024\345\364\206\360\342"
 187      7A5A E187 
 187      D354 4EAB 
 187      0CF1 14E5 
 187      F486 F0E2 
 188 00af B5BD 6F6B 		.ascii	"\265\275ok\355\216\024lY\213/o\3155\231J@'4\233\357\217f\360"
 188      ED8E 146C 
 188      598B 2F6F 
 188      CD35 994A 
 188      4027 349B 
 189 00c7 AD2C 0632 		.ascii	"\255,\0062\355\302X=jm\330\031v\221J\201\006\327>\205\323%\032"
 189      EDC2 583D 
 189      6A6D D819 
 189      7691 4A81 
 189      06D7 3E85 
 190 00de D74F 6DCB 		.ascii	"\327Om\313=T|\n\251\2248C\206D\2134\371\365\020\305\342\237$"
 190      3D54 7C0A 
 190      A994 3843 
 190      8644 8B34 
 190      F9F5 10C5 
 191 00f5 9CC3 4DA4 		.ascii	"\234\303M\244\256\213&\\\372@X\370+A\335\256\320\ryv*\345\322"
 191      AE8B 265C 
 191      FA40 58F8 
 191      2B41 DDAE 
 191      D00D 7976 
 192 010c 84E7 2F4E 		.ascii	"\204\347/N\273\236_.\373\013\356\324\244W\232\237\233\231\255"
 192      BB9E 5F2E 
 192      FB0B EED4 
 192      A457 9A9F 
 192      9B99 AD
 193 011f 8C7A F40B 		.ascii	"\214z\364\013\001Dc["
 193      0144 635B 
 194               		.text
 195               		.section	.gnu.lto_backlight_step.3af09337ca1f4510,"",@progbits
 196 0000 789C 8D95 		.ascii	"x\234\215\225\311o\023I\024\306\353\353\352-\266\263\020\020"
 196      C96F 1349 
 196      14C6 EBEB 
 196      EA2D B6B3 
 196      1010 
 197 0012 9A83 35CA 		.ascii	"\232\2035\312\215\345\200\311\337\300\231;\234\020D\b\020\223"
 197      8DE5 80C9 
 197      DFC0 993B 
 197      9C10 4408 
 197      1093 
 198 0024 8984 B8BB 		.ascii	"\211\204\270\273\211q\2340A\204QbfB\013\231\003\333\001\242\314"
 198      8971 9C30 
 198      4184 5162 
 198      6642 0B99 
 198      03DB 01A2 
 199 0039 2401 B30C 		.ascii	"$\001\263\f\236\020\b;a\207\t;$CH`"
 199      9E10 083B 
 199      6187 093B 
 199      2443 4860 
 200 0049 0403 620F 		.string	"\004\003b\017\274W\345\030\003\211\345\226\374\272\374\352u\277_\177\357U\225-\204X\344\b
 200      BC57 E518 
 200      0389 E596 
 200      FCBA FCEA 
 200      75BF 5F7F 
 201 014a 5268 5322 		.ascii	"RhS\"\320\344\273\353\261\270\221\233\004\322\210\264\361\013"
 201      D0E4 BBEB 
 201      B1B8 919B 
 201      04D2 88B4 
 201      F10B 
 202 015c 050E 2242 		.ascii	"\005\016\"B \261dC\332\321\034\206F\351N\234\355\f0\n\350:D9"
 202      20B1 6443 
 202      DAD1 1C86 
 202      46E9 4E9C 
 202      ED0C 300A 
 203 0174 88F6 CA06 		.ascii	"\210\366\312\006pL1d\207''K\365\200\331\216\024b\373+\307v\024"
 203      704C 3164 
 203      8727 274B 
 203      F580 D98E 
 203      1462 FB2B 
 204 018b 11E2 1143 		.ascii	"\021\342\021CX\177\343\330\263\335eY>zd|\364\376h\251\206\263"
 204      587F E3D8 
 204      B3DD 6559 
 204      3E7A 647C 
 204      F4FE 68A9 
 205 01a1 90E1 3474 		.ascii	"\220\3414t5I)\032gi]_>\336\024\257,\226\365\357)X\207\025ko!"
 205      3549 291A 
 205      6769 5D5F 
 205      3EDE 14AF 
 205      2C96 F5EF 
 206 01bc D663 39D6 		.ascii	"\326c9\326>D\362\013\b\b\034W`M\322\374R\357\303#\277\017\225"
 206      3E44 F20B 
 206      0808 1C57 
 206      604D D2FC 
 206      52EF C323 
 207 01d3 EBEF E0DE 		.ascii	"\353\357\340\336m?\364\362\264\305\341.\334bH\373\247 \335)\231"
 207      6D3F F4F2 
 207      B4C5 E12E 
 207      DC62 48FB 
 207      A720 DD29 
 208 01e8 F464 3EE9 		.ascii	"\364d>\351\037\335\235\233\214\371\373\324\3648=l\340\024\"8"
 208      1FDD 9D9B 
 208      8CF9 FBD4 
 208      F438 3D6C 
 208      E014 2238 
 209 01fc 8130 AAE9 		.ascii	"\2010\252\351y\234\306|.\373\207\006h\032S\003=\3676&B\fd\340"
 209      799C C67C 
 209      2EFB 8706 
 209      681A 5303 
 209      3DF7 3626 
 210 0214 0D70 4695 		.ascii	"\rpF\225=\326\223\310\006Y\024GA\035c\351\267\245:H\340\354D"
 210      3DD6 93C8 
 210      0659 1447 
 210      411D 63E9 
 210      B7A5 3A48 
 211 022b 6BDC 748A 		.ascii	"k\334t\212\325\373\\\301\3368?\265\336\022\027Xo\203\365\036"
 211      D5FB 5CC1 
 211      DE38 3FB5 
 211      DE12 1758 
 211      6F83 F51E 
 212 023f E0DE B0F4 		.ascii	"\340\336\260\364\032j\337\221\005,*\375\305)\027M\t.\251\344"
 212      1A6A DF91 
 212      052C 2AFD 
 212      C529 174D 
 212      092E A9E4 
 213 0253 6A8B B84C 		.ascii	"j\213\270L\013c\f\353\253\324\306\360\365{\003I~/\256 *(\247"
 213      0B63 0CEB 
 213      ABD4 C6F0 
 213      F57B 0349 
 213      7E2F AE20 
 214 026a 2F83 AAB4 		.ascii	"/\203\252\264{\266Z\232\302\311o\204\320\267+9\224\342\017\370"
 214      7BB6 5A9A 
 214      C2C9 6F84 
 214      D0B7 2B39 
 214      94E2 0FF8 
 215 027e 1AAA 14D7 		.ascii	"\032\252\024\327\b\352\352\244Pe\270\256\240\314\357\352Z\305"
 215      08EA EAA4 
 215      5065 B8AE 
 215      A0CC EFEA 
 215      5AC5 
 216 0290 15B8 915F 		.ascii	"\025\270\221_\325\233\337T\325\3250]}\375\r\256.\030\360\017"
 216      D59B DF54 
 216      D5D5 305D 
 216      7DFD 0DAE 
 216      2E18 F00F 
 217 02a4 65A1 1535 		.ascii	"e\241\0255\270 \033\242*\250\327\217%\006\302\331}\251D\317\226"
 217      B820 1BA2 
 217      2AA8 D78F 
 217      2506 C2D9 
 217      7DA9 44CF 
 218 02b9 1423 E860 		.ascii	"\024#\350`\201]\350V\241\325s;\267z\356\250]\250\376\305D\247"
 218      815D E856 
 218      A1D5 733B 
 218      B77A EEA8 
 218      5DA8 FEC5 
 219 02cf 0528 35A9 		.ascii	"\005(5\251\037\237L\375\362$\013\210\273\244~\276\320\025J\350"
 219      1F9F 4CFD 
 219      F224 0B88 
 219      BBA4 7EBE 
 219      D015 4AE8 
 220 02e3 D8BB A3FF 		.ascii	"\330\273\243\377\227Q\034\235\001\025\274\255\263\357\355\305"
 220      9751 1C9D 
 220      0115 BCAD 
 220      B3EF EDC5 
 221 02f3 A78D 4182 		.ascii	"\247\215A\202]W\341\313i\270O\264\367\262\264}\233G[\002\325"
 221      5D57 E1CB 
 221      69B8 4FB4 
 221      F7B2 B47D 
 221      9B47 5B02 
 222 0308 1D5E 8B02 		.ascii	"\035^\213\002\252\304\003\242\305\334p\026\267\351\277S\203\006"
 222      AAC4 03A2 
 222      C5DC 7016 
 222      B7E9 BF53 
 222      8306 
 223 031a BDEB 3735 		.ascii	"\275\35375;\035\017QMy\037!J|\276\234\241$\263\363\367r\177\250"
 223      3B1D 0F51 
 223      4D79 1F21 
 223      4A7C BE9C 
 223      A124 B3F3 
 224 0332 52E3 078B 		.ascii	"R\343\007\213\221m\250\200l\303\205d\3737'\333\343\t\331\026"
 224      916D A880 
 224      6CC3 8564 
 224      FB37 27DB 
 224      E309 D916 
 225 0346 EBBC 214A 		.ascii	"\353\274!J]\240i\371\230\033QM\033\342\246}\206\372\324\353V"
 225      5DA0 69F9 
 225      981B 514D 
 225      1BE2 A67D 
 225      86FA D4EB 
 226 035b E893 4FF0 		.ascii	"\350\223O\360\031\005\376\032\0227\274\266v\365\222\232\2725"
 226      1905 FE1A 
 226      1237 BCB6 
 226      76F5 929A 
 226      BA35 
 227 036d CB23 3575 		.ascii	"\313#5u\265\265u?G\226-\255Y\375\323\252\025+\327\316\253\021"
 227      B5B5 753F 
 227      4796 2DAD 
 227      59FD D3AA 
 227      152B D7CE 
 228 0383 9F01 569D 		.ascii	"\237\001V\235_?"
 228      5F3F 
 229               		.text
 230               		.section	.gnu.lto_backlight_level.3af09337ca1f4510,"",@progbits
 231 0000 789C 8D53 		.ascii	"x\234\215S]K\024Q\030>\317\234\231\235\321\374\200 \350bA\241"
 231      5D4B 1451 
 231      183E CF9C 
 231      999D D1FC 
 231      8020 E862 
 232 0016 40F4 A2D9 		.ascii	"@\364\242\331\250\177\320\257\350*j\221\n5!\244\333=\271\352"
 232      A87F D0AF 
 232      E82A 6A91 
 232      0A35 21A4 
 232      DB3D B9EA 
 233 002a 661F 14D1 		.ascii	"f\037\024\321\232\310\022\333\205\005F\211\245\233\273ZMZYV\032"
 233      9AC8 12DB 
 233      8505 4689 
 233      A59B BB5A 
 233      4D5A 5956 
 234 003f 917D DF14 		.ascii	"\221}\337\024\270d\232eHh\345\332\373\236Y\242 \315\201s\346"
 234      B864 9A65 
 234      4868 E5DA 
 234      FB9E 59A2 
 234      20CD 8173 
 235 0054 E5FD 7A9E 		.ascii	"\345\375z\236\363\234\363\006\204\020\207M!6\323\177;-X\002\306"
 235      F39C F306 
 235      8410 874D 
 235      2136 D37F 
 235      3B2D 5802 
 236 0069 A931 723A 		.ascii	"\2511r:\206!\333\253\204*4\0276\tU$a\372n\023`C9\020\021C\232"
 236      8621 DBAB 
 236      842A 3417 
 236      3609 5524 
 236      61FA 6E13 
 237 0084 88E0 B83C 		.ascii	"\210\340\270<#1\024\313\246\215\312\213\212>\357\354\363\302"
 237      2331 14CB 
 237      A68D CA8B 
 237      8A3E EFEC 
 237      F3C2 
 238 0096 16        		.ascii	"\026"
 239 0097 D5BC 3121 		.string	"\325\2741!\205h\243\305\037\256\241\222\262&\342\313\331\022Y\006A\366\373L\327\207u\025\
 239      8568 A3C5 
 239      1FAE A192 
 239      B226 E2CB 
 239      D912 5906 
 240 0198 372E 5945 		.ascii	"7.YE\f\302%.Ldp\252\177\262\324\347fPI\307"
 240      0CC2 252E 
 240      4C64 70AA 
 240      7FB2 D4E7 
 240      6650 49C7 
 241 01ac C0FC A8C5 		.string	"\300\374\250\305l\0348kass\0056\027$\263\271\365'\233\253}='\215\320\025\035\316Q\261\204
 241      6C1C 386B 
 241      6173 7305 
 241      3617 24B3 
 241      B9F5 279B 
 242 02ad EF7B 4C   		.ascii	"\357{L"
 243               		.text
 244               		.section	.gnu.lto_get_backlight_level.3af09337ca1f4510,"",@progbits
 245 0000 789C 3D8E 		.string	"x\234=\2161K\003A\020\205\347\355\306\344@\214\235\215\207\244\r\210'\370\203D\017Q\2111 
 245      314B 0341 
 245      1085 E7ED 
 245      C6E4 408C 
 245      9D8D 87A4 
 246 005c 298C 052A 		.ascii	")\214\005*(\024\260\24674\326\203\312C2\3350\3063\321f\265\177"
 246      2814 B0A6 
 246      3734 D683 
 246      CA43 32DD 
 246      30C6 33D1 
 247 0073 AB7C 6574 		.ascii	"\253|et\250\211j<7ac\334\026\217\003\244\211\377>6\273\301@<"
 247      A889 6A3C 
 247      3761 63DC 
 247      168F 03A4 
 247      89FF 3E36 
 248 008b 261A 375B 		.ascii	"&\0327[\210\023\007\321\376u_d\272\337%\023\335\214\3566\207"
 248      8813 07D1 
 248      FE75 5F64 
 248      BADF 2513 
 248      DD8C EE36 
 249 00a0 62A0 5073 		.ascii	"b\240Ps\252\230P\231\017\3164\021\255h%\225\037\3213\274\223"
 249      AA98 5099 
 249      0FCE 3411 
 249      AD68 2595 
 249      1FD1 33BC 
 250 00b5 A7F3 E2A0 		.ascii	"\247\363\342\240\030lk\260o\255xz\231X\345X\005\211\351t^\356"
 250      186C 6BB0 
 250      6FAD 787A 
 250      9958 E558 
 250      0589 E974 
 251 00cb 1285 2F63 		.ascii	"\022\205/cq\243..\334k\371o\325d\035;\b\265F\233\341\017a\367"
 251      71A3 2E2E 
 251      DC6B F96F 
 251      D564 1D3B 
 251      08B5 469B 
 252 00e3 84F6 D9FD 		.ascii	"\204\366\331\375\247\345\354\031^\251P\307p\204:\002\031\022"
 252      A7E5 EC19 
 252      5EA9 50C7 
 252      7084 3A02 
 252      1912 
 253 00f5 F1E3 D62F 		.ascii	"\361\343\326/\252\177\0218\206\023haF\007\216\200\274\227\360"
 253      AA7F 1138 
 253      8613 6861 
 253      4607 8E80 
 253      BC97 F0
 254 0108 8BA1 9984 		.ascii	"\213\241\231\204^\341\245\376\236\324\203\207 +\";\237\315L\272"
 254      5EE1 A5FE 
 254      9ED4 8387 
 254      202B 223B 
 254      9FCD 4CBA 
 255 011c B9A5 19C7 		.ascii	"\271\245\031\307\315e\263\271Egz\312\315,\314\317\316\345\307"
 255      CD65 B3B9 
 255      4567 7ACA 
 255      CD2C CCCF 
 255      CEE5 C7
 256 012f 5CFA 011B 		.ascii	"\\\372\001\033\210h\267"
 256      8868 B7
 257               		.text
 258               		.section	.gnu.lto_.symbol_nodes.3af09337ca1f4510,"",@progbits
 259 0000 789C 5590 		.string	"x\234U\220AN\3030\020E\177<u\0347mZ\3226\351\016\304\272\342\fp\262\tR\224He\303\031PN\30
 259      414E C330 
 259      1045 7F3C 
 259      751C 376D 
 259      5AD2 36E9 
 260 008b 4D73 295C 		.ascii	"Ms)\\p\256x\3163\3053\236+^q\241x\311\213\377L\330`x\376I\bk"
 260      70AE 78CE 
 260      33C5 339E 
 260      2B5E 71A1 
 260      78C9 8BFF 
 261 00a7 8CAF 3BC2 		.ascii	"\214\257;\302\n\355K\300\022c\377~J\246\306\030\330T\030\372"
 261      0AED 4BC0 
 261      1263 FF7E 
 261      4AA6 C618 
 261      D854 18FA 
 262 00bb 0F4B A644 		.ascii	"\017K\246D\273\227\334\326h\373GK\266\302a/\271\374\357p#\271"
 262      BB97 DCD6 
 262      68FB 474B 
 262      B6C2 612F 
 262      B9FC EF70 
 263 00d1 AB31 744F 		.ascii	"\2531tO[r\241\377i\310\205\276\260\227\374\353\202\274\304\335"
 263      5B72 A1FF 
 263      69C8 85BE 
 263      B097 FCEB 
 263      82BC C4DD 
 264 00e5 7742 BEC4 		.ascii	"wB\276\304\241\223cy\205\361mG\271\307]wt\224;<\204\323\205\334"
 264      A193 6379 
 264      85F1 6D47 
 264      B9C7 5D77 
 264      7494 3B3C 
 265 00fd DAC9 B442 		.ascii	"\332\311\264B\352az!S\302\364e\2705\354\361u\370\005\317\262"
 265      EA61 7A21 
 265      53C2 F465 
 265      B835 ECF1 
 265      75F8 05CF 
 266 0112 7729      		.ascii	"w)"
 267               		.text
 268               		.section	.gnu.lto_.refs.3af09337ca1f4510,"",@progbits
 269 0000 789C 558E 		.ascii	"x\234U\216I\016\003A\b\003]0\275\316>\371\377S\362\267\320i\345"
 269      490E 0341 
 269      0803 5D30 
 269      BDCE 3EF9 
 269      FF53 F2B7 
 270 0017 9083 25E4 		.ascii	"\220\203%\344\262\201,\351\035J\202P\206*\232\330\252\205\003"
 270      B281 2CE9 
 270      1D4A 8250 
 270      862A 9AD8 
 270      AA85 03
 271 002a CBB4 E561 		.ascii	"\313\264\345a\257\266\354\342\350#\253A\262(\320\203\310\203"
 271      AFB6 ECE2 
 271      E823 AB41 
 271      B228 D083 
 271      C883 
 272 003c 5C96 1FF1 		.ascii	"\\\226\037\361\252e6E\202\230\253\274[\035\315\324\276\304\243"
 272      AA65 3645 
 272      8298 ABBC 
 272      5B1D CDD4 
 272      BEC4 A3
 273 004f 2CCF D69B 		.ascii	",\317\326\233\257c\225\273m\205\b\320\217\031\370\375\022\371"
 273      AF63 95BB 
 273      6D85 08D0 
 273      8F19 F8FD 
 273      12F9 
 274 0061 2EDF C469 		.ascii	".\337\304i\347-\236t\375\035e\347\036\013>\224+\003\251"
 274      E72D 9E74 
 274      FD1D 65E7 
 274      1E0B 3E94 
 274      2B03 A9
 275               		.text
 276               		.section	.gnu.lto_.decls.3af09337ca1f4510,"",@progbits
 277 0000 789C A558 		.string	"x\234\245X{PT\327\031\277g\317.\254\273<\024\211!\tM45S\246\235\21216j\246m\222\2463\375/
 277      7B50 54D7 
 277      19BF 67CF 
 277      2EAC BB3C 
 277      1489 2109 
 278 00a5 D820 D84D 		.string	"\330 \330M\260\333`#`\367\300\364`\317\300\246\300\\\021p\202\275\016\366s\260\217\301\37
 278      B0DB 6023 
 278      60F7 C0F4 
 278      60CF C0A6 
 278      C05C 1170 
 279 0126 6C42 A1EB 		.string	"lB\241\353]\201\345!\345\264\034\261\034\377\002\246\345Z\337\343\372\r\360\032\236\t\316
 279      5D81 E521 
 279      E5B4 1CB1 
 279      1CFF 02A6 
 279      E55A DFE3 
 280 0167 DE0E 7538 		.string	"\336\016u8\346\357\270\036\2165\254\006\303\310y\rR\376\357+j\270\354\244\006W\225}\233\0
 280      E6EF B81E 
 280      8E35 AC06 
 280      C3C8 790D 
 280      52FE EF2B 
 281 01eb 6323 CFB1 		.ascii	"c#\317\261\330!O\265\347\225\326Il\022\243\207\307U{VU \226\267"
 281      D821 4FB5 
 281      E795 D649 
 281      6C12 A387 
 281      C755 7B56 
 282 0203 14C7 99A6 		.ascii	"\024\307\231\246\357sM\373T8R0:\036\177\343\210~\023F\276\006"
 282      EF73 4DFB 
 282      5438 5230 
 282      3A1E 7FE3 
 282      887E 1346 
 283 0219 3483 C8F8 		.ascii	"4\203\310\370n\361\204;\033\223\333\251\271;\256\352\261\206"
 283      6EF1 843B 
 283      1B93 DBA9 
 283      B93B AEEA 
 283      B186 
 284 022b 7E17 7FBC 		.ascii	"~\027\177\274=f\\rLd\037\375\357\005T\210\260\304s$\363p\245"
 284      3D66 5C72 
 284      4C64 1FFD 
 284      EF05 5488 
 284      B0C4 7324 
 285 0242 3BFE 0501 		.ascii	";\376\005\001j\356\345N\354pE~\206\203\004g\231i\375\260/^\024"
 285      6AEE E54E 
 285      EC70 457E 
 285      8683 0467 
 285      9969 FDB0 
 286 0259 35A8 1819 		.ascii	"5\250\030\031P\021\302\350\fZB\362\3615\300\337DQ\214\021-Y\""
 286      5011 C2E8 
 286      0C5A 42F2 
 286      F135 C0DF 
 286      4451 8C11 
 287 0270 F611 D07B 		.ascii	"\366\021\320{\276h\251\257\200\316\"?\022\235\240\320i\344\213"
 287      BE68 A9AF 
 287      80CE 223F 
 287      129D A0D0 
 287      69E4 8B
 288 0283 4E        		.ascii	"N"
 289 0284 2198 045F 		.string	"!\230\004_\b\322:~\341\231\033\016&A\264\275\247nnE\310\317\027!\003\330A)+\001]\2000\347
 289      08D2 3A7E 
 289      E199 1B0E 
 289      2641 B4BD 
 289      A76E 6E45 
 290 0385 281E 0B5E 		.string	"(\036\013^Z\002C\225\362\026\254\244\333\004U\240^\210^\215\336\006\327\007q5\317\335q:\2
 290      5A02 4395 
 290      F216 ACA4 
 290      DB04 55A0 
 290      5E88 5E8D 
 291 046b 86A8 457E 		.string	"\206\250E~"
 291      00
 292 0470 40BC CA8B 		.ascii	"@\274\312\213\345_)7\016AH;\247\335n\347\224l\336zH\307\353\253"
 292      E55F 2937 
 292      0E41 483B 
 292      A7DD 6EE7 
 292      946C DE7A 
 293 0488 7B8B D7E7 		.ascii	"{\213\327\347E@\350\212\\\337\025e}\327\330\202\345\226\366k"
 293      4540 E88A 
 293      5CDF 1565 
 293      7DD7 D882 
 293      E596 F66B 
 294 049c F116 F6A4 		.ascii	"\361\026\366\244\334_Z\337&-z\213\237\235J\0352K\207\222\245"
 294      DC5F 5ADF 
 294      262D 7A8B 
 294      9F9D 4A1D 
 294      324B 8792 
 295 04b1 93B2 6C1E 		.ascii	"\223\262l\036\177\236\346\212\3672\226\233y\255-\356Zh7\372\344"
 295      7F9E E68A 
 295      F732 969B 
 295      79AD 2DEE 
 295      5A68 37FA 
 296 04c6 840C 616E 		.ascii	"\204\fan<v2\r\253\364@7\255\344:\342\245\304\214\035+5\362$:"
 296      3C76 320D 
 296      ABF4 4037 
 296      ADE4 3AE2 
 296      A5C4 8C1D 
 297 04df 7F39 9B04 		.ascii	"\1779\233\004\240P\227\234D\2272\211\036\232D\373\246\362\335"
 297      A050 979C 
 297      4497 3289 
 297      1E9A 44FB 
 297      A6F2 DD
 298 04f2 73F0 3196 		.ascii	"s\3601\226\304\245\252\275\227<\224\001I.RD\233\235v\211\035"
 298      C4A5 AABD 
 298      973C 9401 
 298      492E 5244 
 298      9B9D 7689 
 299 0507 FDD1 52B7 		.ascii	"\375\321R\2674\036\363\272\"\212\351\340\225\245!0\240\237\r"
 299      341E F3BA 
 299      228A E9E0 
 299      95A5 2130 
 299      A09F 0D
 300 051a D9AB 0CD9 		.ascii	"\331\253\f\331GC\036\310y\220\347\211-,dsS\306i\222\270\rB>\355"
 300      4743 1EC8 
 300      7990 E789 
 300      2D2C 6473 
 300      53C6 6992 
 301 0533 F8ED 6092 		.ascii	"\370\355`\222\030\207i\332\3752G?__4@\375K\353\342l\236\370\016"
 301      1887 69DA 
 301      FD32 473F 
 301      5F5F 3440 
 301      FD4B EBE2 
 302 054b F3EF A878 		.ascii	"\363\357\250x6\355\316\375{o-\334s2ELt\241\311\242\0332\303\r"
 302      36ED CEFD 
 302      7B6F 2DDC 
 302      7332 454C 
 302      74A1 C9A2 
 303 0563 8961 9032 		.ascii	"\211a\2202\264\345\234\036\326\341LL\031Z\212\305,\003g\030M"
 303      B4E5 9C1E 
 303      D6E1 4C4C 
 303      195A 8AC5 
 303      2C03 6718 
 304 0578 778B 17CB 		.ascii	"w\213\027\313\021]\274!\331}Hr\277I\335\313\237\216=\324\343"
 304      115D BC21 
 304      D97D 4872 
 304      BF49 DDCB 
 304      9F8E 3DD4 
 305 058d 3CE6 9E39 		.ascii	"<\346\2369y\347\232\224@\213\017\365&\033\350\226\354}K\362\276"
 305      79E7 9A94 
 305      408B 0FF5 
 305      261B E896 
 305      EC7D 4BF2 
 306 05a2 4DBD AFA7 		.ascii	"M\275\257\247\304\325\030q\031\363\316\316>2\241\245\313N\337"
 306      C4D5 1871 
 306      19F3 CECE 
 306      3E32 A1A5 
 306      CB4E DF
 307 05b5 0730 3336 		.ascii	"\007036\276)O\257\262\350w\351\022\334\221\026\375@\333T\231"
 307      BE29 4FAF 
 307      B2E8 77E9 
 307      12DC 9116 
 307      FD40 DB54 
 308 05ca 14BA 6BC2 		.ascii	"\024\272k\302\257]\314\362!\0204,\307\036\226b\217\320\330\207"
 308      AF5D CCF2 
 308      2110 342C 
 308      C71E 9662 
 308      8FD0 D887 
 309 05de 9F3F AFD0 		.ascii	"\237?\257\320\341a\026\373D\356\205\215s$\367[\213\367\314J?"
 309      E161 16FB 
 309      44EE 858D 
 309      7324 F75B 
 309      8BF7 CC4A 
 310 05f3 2AFB 8F4A 		.ascii	"*\373\217J\376\367\330\226\315\251\315\325\3418-\023n\254t\034"
 310      FEF7 D896 
 310      CDA9 CDD5 
 310      E138 2D13 
 310      6EAC 741C 
 311 0607 E32D 6CD0 		.ascii	"\343-l\320{\375\356\020\202B\320\003\352\0013\243q\2036#{;\372"
 311      7BFD EE10 
 311      8242 D003 
 311      EA01 33A3 
 311      7183 3623 
 312 061e C0B0 A024 		.ascii	"\300\260\240$n\304\203\275\035-\344\354Q\270\347\321\200\007"
 312      6EC4 83BD 
 312      1D2D E4EC 
 312      51B8 E7D1 
 312      8007 
 313 0630 DEC5 BC1F 		.ascii	"\336\305\274\037\356\214\337\250g\330Wa\230?\2232\251#\257b\221"
 313      EE8C DFA8 
 313      67D8 5761 
 313      983F 9332 
 313      A923 AF62 
 314 0645 BF3A BD94 		.ascii	"\277:\275\224o\316\247\364]\354\357\213\236\300\020\320\311S"
 314      6FCE A7F4 
 314      5DEC EF8B 
 314      9EC0 10D0 
 314      C953 
 315 0657 15B7 F55E 		.ascii	"\025\267\365^\311\004\r\177>B\364P\360\b\340\017)|\034yIN\004"
 315      C904 0D7F 
 315      3E42 F450 
 315      F008 E00F 
 315      297C 1C79 
 316 066e 1D3B 75FE 		.ascii	"\035;u\376\242\233\022]\3722tGt\346%\303;\373\304f\013y\271,"
 316      A29B 125D 
 316      FA32 7447 
 316      74E6 25C3 
 316      3BFB C466 
 317 0686 6F8B 8197 		.ascii	"o\213\201\227\313Gh\002y\241\307 \022\274\001$W4\006\253\202"
 317      CB47 6802 
 317      79A1 C720 
 317      12BC 0124 
 317      5734 06AB 
 318 069b EEC3 E4D7 		.ascii	"\356\303\344\327 \3023\364\0168\247%\210\371F\234\241&P]\373"
 318      20C2 33F4 
 318      0E38 A725 
 318      88F9 469C 
 318      A126 505D 
 319 06b0 89C3 1E9C 		.ascii	"\211\303\036\234{\330'\032zv\341,s\235\202y\2220?\347\314S\224"
 319      7BD8 271A 
 319      7A76 E12C 
 319      739D 8279 
 319      9230 3FE7 
 320 06c7 39B1 A6A7 		.ascii	"9\261\246\247\0251\275\346\301\360\336\266\243\035\006U\275f"
 320      1531 BDE6 
 320      C1F0 DEB6 
 320      A31D 0655 
 320      BD66 
 321 06d9 24BD A699 		.ascii	"$\275\246\231^'l\223%Z\346\354E\264\257<\374\320\223-L2Y\230"
 321      5E27 6C93 
 321      255A E6EC 
 321      45B4 AF3C 
 321      FCD0 932D 
 322 06f1 F4B4 9202 		.ascii	"\364\264\222\0027G9\2435\276H\324\020\266\030\215\227\304I\310"
 322      3747 39A3 
 322      35BE 48D4 
 322      10B6 188D 
 322      97C4 49C8 
 323 0705 363D AD8D 		.ascii	"6=\255\215\361t\224S\025]}\276\261_\267\350\2406SL_\210b\341"
 323      F174 9453 
 323      155D 7DBE 
 323      B15F B7E8 
 323      A036 534C 
 324 071d 1ECC 2535 		.ascii	"\036\314%5\332\252\364\270XM\245\224\033\375\261\236\\\245\236"
 324      DAAA F4B8 
 324      584D A594 
 324      1BFD B19E 
 324      5CA5 9E
 325 0730 BD5A 2613 		.ascii	"\275Z&\023\270R\231\340\315'\005C\t\032\220)^\203Q\234f\221\200"
 325      B852 99E0 
 325      CD27 0543 
 325      091A 9029 
 325      5E83 519C 
 326 0747 3668 884E 		.ascii	"6h\210N\327\357$\264z\252\n\223\250\341\302\220\\\311\253\267"
 326      D7EF 24B4 
 326      7AAA 0A93 
 326      A8E1 C290 
 326      5CC9 ABB7 
 327 075b 38E1 9907 		.ascii	"8\341\231\007\023f>\fkc\266\034rc\302\244\023a:\247\307\272\\"
 327      1366 3E0C 
 327      6B63 B61C 
 327      7263 C2A4 
 327      1361 3AA7 
 328 0772 1D85 4982 		.ascii	"\035\205I\202\310\033i\251\233h\251\224\223\220\325w\226T\271"
 328      C81B 69A9 
 328      9B68 A994 
 328      9390 D577 
 328      9654 B9
 329 0785 380A A38A 		.ascii	"8\n\243\212\336\367\344\354\224\333\242r&\314f&\314.kJ\222\033"
 329      DEF7 E4EC 
 329      94DB A272 
 329      26CC 6626 
 329      CC2E 6B4A 
 330 079b 6E53 1366 		.ascii	"nS\023f\270\372\354)I\230\2727\231.\233\271.\3602\227b\241\037"
 330      B8FA EC29 
 330      4998 BA37 
 330      992E 9BB9 
 330      2EF0 3297 
 331 07b2 892E 5B41 		.ascii	"\211.[A\227-D\227d\252\313\300\241\351\235.\254\322WHe\205\r"
 331      972D 4497 
 331      64AA CBC0 
 331      A1E9 9D2E 
 331      ACD2 5748 
 332 07c9 AFA9 AAB4 		.ascii	"\257\251\252\264]Ri"
 332      5D52 69
 333 07d0 1B53 E9F1 		.string	"\033S\351\361D\322\350\034\346\273"
 333      44D2 E81C 
 333      E6BB 00
 334 07db 8657 B377 		.ascii	"\206W\263w\332\370\251\267\200\250\324u-\273\310\350\250R\n\344"
 334      DAF8 A9B7 
 334      80A8 D475 
 334      2DBB C8E8 
 334      A852 0AE4 
 335 07ef B183 D69D 		.ascii	"\261\203\326\235J\353\336.\325\235\322\335>\342\356\250\222*"
 335      4AEB DE2E 
 335      D59D D2DD 
 335      3EE2 EEA8 
 335      922A 
 336 0801 BAA8 347F 		.ascii	"\272\2504\177\003^\324\313TJc*=\312\177\262\323\200\237\250\251"
 336      035E D4CB 
 336      544A 632A 
 336      3DCA 7FB2 
 336      D380 9FA8 
 337 0816 94B4 3F71 		.ascii	"\224\264?q\243\324d\345\2573\225\322\270JpX\221b\241]D\245tP"
 337      A3D4 64E5 
 337      AF33 95D2 
 337      B84A 7058 
 337      9162 A15D 
 338 082e 6927 5169 		.ascii	"i'Qi7Ui\370\364\3509\027U]\366H\272ld\272<\230\314(\342\272x"
 338      3755 69F8 
 338      F4E8 3917 
 338      555D F648 
 338      BA6C 64BA 
 339 0849 C370 AA37 		.ascii	"\303p\25279\331\225\351\222Et)8\321\227\357\351\250K\006D\336"
 339      39D9 95E9 
 339      9245 7429 
 339      38D1 97EF 
 339      E9A8 4B06 
 340 085f 4B2B FD0F 		.ascii	"K+\375\017\255t\217Ti\364\345\252\274\027v\217*\372p\325\243"
 340      AD74 8F54 
 340      69F4 E5AA 
 340      BC17 768F 
 340      2AFA 70D5 
 341 0874 63C6 4533 		.ascii	"c\306E3L\227L\246\313\217\226\330\373Z\234\242S\321%u\177u\275"
 341      4C97 4CA6 
 341      CB8F 96D8 
 341      FB5A 9CA2 
 341      53D1 2575 
 342 088b F460 EB39 		.ascii	"\364`\3539b`\302dra\340|\"\005C9D\230l\020&\213\b\263\217\n\263"
 342      6260 C264 
 342      7261 E07C 
 342      2205 4339 
 342      4498 6C10 
 343 08a6 A3BF B5C8 		.ascii	"\243\277\265\310\035g0\356\370\262\273G58\237\r\312\307\n\244"
 343      1D67 30EE 
 343      F8B2 BB47 
 343      3538 9F0D 
 343      CAC7 0AA4 
 344 08ba 9EC1 A485 		.ascii	"\236\301\244\205\366\237\233\344C\035\371I\227:3\344\201OR(\276"
 344      F69F 9BE4 
 344      431D F949 
 344      973A 33E4 
 344      814F 5228 
 345 08cf B8ED 4C89 		.ascii	"\270\355L\211\033b'A\003\373\341\346\212r\241$r\340#W\366SLl"
 345      1B62 2741 
 345      03FB E1E6 
 345      8A72 A124 
 345      72E0 2357 
 346 08e7 964F 8702 		.ascii	"\226O\207\002\235\027\320Q\310\353\bS]\372\r\346\315~\203%\357"
 346      9D17 D051 
 346      C8EB 0853 
 346      5DFA 0DE6 
 346      CD7E 8325 
 347 08fc 4EC8 76C3 		.ascii	"N\310v\303gY\204K{JNk\351/F\370\227\370\302YS@\371\224\3558\260"
 347      6759 844B 
 347      7B4A 4E6B 
 347      E92F 46F8 
 347      97F8 C259 
 348 0917 1568 D841 		.ascii	"\025h\330A3\237\306\247\007M\362\225\234\365\266\337\254\361"
 348      339F C6A7 
 348      074D F295 
 348      9CF5 B6DF 
 348      ACF1 
 349 0929 C465 ACBC 		.ascii	"\304e\254\274\330\316\226\"=\256\247\003\327\203b\373\250\036"
 349      D8CE 9622 
 349      3DAE A703 
 349      D783 62FB 
 349      A81E 
 350 093b 2D86 8FDF 		.ascii	"-\206\217\337\374\3059\364\205\375\260ci"
 350      FCC5 39F4 
 350      85FD B063 
 350      69
 351 0948 A528 3E40 		.string	"\245(>@\344\367.:\253\231/\235j\375I\264w\311\377\016\344\3204\252Stqb\222'=\233\236\004m
 351      E4F7 2E3A 
 351      AB99 2F9D 
 351      6AFD 49B4 
 351      77C9 FF0E 
 352 0a49 FC04 BE9F 		.ascii	"\374\004\276\237\301g\313\2061\374-\243\215\2314\335\321\352"
 352      C167 CB86 
 352      31FC 2DA3 
 352      8D99 34DD 
 352      D1EA 
 353 0a5b 8207 D966 		.ascii	"\202\007\331f\275\022W\260\027\263\326\320B7\234L\3327ht\350"
 353      BD12 57B0 
 353      17B3 D6D0 
 353      4237 9C4C 
 353      DA37 6874 
 354 0a70 068B B21B 		.ascii	"\006\213\262\033*i7T\301V\251\346\335P)u\303}L\277\003\351\306"
 354      2A69 3754 
 354      C156 A9E6 
 354      DD50 2975 
 354      C37D 4CBF 
 355 0a87 D603 473C 		.ascii	"\326\003G<\360\030\213\220w\307V\214\3618\033T\307\236/\323\341"
 355      F018 8B90 
 355      77C7 568C 
 355      F138 1B54 
 355      C79E 2FD3 
 356 0a9c 6817 32D0 		.ascii	"h\0272\320g\267\235nv\247\275!7GM-nJ\212\026\3731\355\216f\365"
 356      67B7 9D6E 
 356      76A7 BD21 
 356      3747 4D2D 
 356      6E4A 8A16 
 357 0ab6 EE18 BA81 		.ascii	"\356\030\272\201g\273\343\022T\333\374\302~\257\233\335>\314"
 357      67BB E312 
 357      54DB FCC2 
 357      7EAF 9BDD 
 357      3ECC 
 358 0ac8 6358 6A8F 		.ascii	"cXj\217\032U\370A\005\274E\202\237T\205+\322y\302ws%\337\315"
 358      1A55 F841 
 358      05BC 4582 
 358      9F54 852B 
 358      D279 C277 
 359 0ae0 C4A1 C2BE 		.ascii	"\304\241\302\276\241\210G\205\242\241\032?#\213\333\374\023\032"
 359      A188 4785 
 359      A2A1 1A3F 
 359      238B DBFC 
 359      131A 
 360 0af2 AA99 3754 		.ascii	"\252\2317T\023l\222\006`\271\002V\017v\031\254\321\256\251z\024"
 360      136C 9206 
 360      60B9 0256 
 360      0F76 19AC 
 360      D1AE A97A 
 361 0b07 AAD4 AAE6 		.ascii	"\252\324\252\346\275\214\367\324\330\366\352T\243\242\247\246"
 361      BD8C F7D4 
 361      D8F6 EA54 
 361      A3A2 A7A6 
 362 0b17 794F D19C 		.ascii	"yO\321\234\254?\271\247\254|\017_\205\364Z\200\276\325n\017W"
 362      AC3F B9A7 
 362      AC7C 0F5F 
 362      85F4 5A80 
 362      BED5 6E0F 
 363 0b2c A7D0 9EB2 		.ascii	"\247\320\236\262:\353\251\352V\207\236r\032\224\234?\207\266"
 363      3AEB A9EA 
 363      5687 9E72 
 363      1A94 9C3F 
 363      87B6 
 364 0b3e 56BA E16C 		.ascii	"V\272\341l\272o4\245\271\273\n\325z\352\032\344\360\362|\032"
 364      BA6F 34A5 
 364      B9BB 0AD5 
 364      7AEA 1AE4 
 364      F0F2 7C1A 
 365 0b52 7F43 D269 		.ascii	"\177C\322i\007L\233\334SV\251\247\216wUl\326\223\236\002d\317"
 365      074C 9BDC 
 365      5356 A9A7 
 365      8E77 556C 
 365      D693 9E02 
 366 0b68 6358 D3F2 		.ascii	"cX\323\362h-\005\227;tT9\355\250\016\332QC\361\t]:\345\377\342"
 366      682D 0597 
 366      3B74 5439 
 366      EDA8 0EDA 
 366      5143 F109 
 367 0b81 911F 77F2 		.ascii	"\221\037w\362!\240S\303\376\027\017\256\344\0345r \331M\t\256"
 367      21A0 53C3 
 367      FE17 0FAE 
 367      E41C 3572 
 367      20D9 4D09 
 368 0b96 B203 7771 		.ascii	"\262\003wqp\027\005\337j\332v\334\016l\263\003_\347\340\353\024"
 368      7017 05DF 
 368      6ADA 76DC 
 368      0E6C B303 
 368      5FE7 E0EB 
 369 0bab 5C78 AF74 		.ascii	"\\x\257t\227\035\230<\tdp7\007wS\360H\316\310}\254\004w\3331"
 369      971D 983C 
 369      0964 7037 
 369      0777 53F0 
 369      48CE C87D 
 370 0bc4 F770 700F 		.ascii	"\367pp\017c\256\2552\330\325gG\334\313\261\275\024\273\277\357"
 370      63AE AD32 
 370      D8D5 6747 
 370      DCCB B1BD 
 370      14BB BFEF 
 371 0bd8 A4C5 4E8C 		.ascii	"\244\305N\214\273v\3046\016\266QpN\321\371\006\243\022L~\333"
 371      BB76 C436 
 371      0EB6 5170 
 371      4ED1 F906 
 371      A312 4C7E 
 372 0bed C8E0 3E0E 		.ascii	"\310\340>\016\356\243\340\372M=MH\t&'|\031\334\317\301\375\024"
 372      EEA3 E0FA 
 372      4D3D 4D48 
 372      0926 277C 
 372      19DC CFC1 
 373 0c03 1C73 39BF 		.ascii	"\034s9\277\311N\214\315v\340\001\016\036\240\340\333g\017\337"
 373      C94E 8CCD 
 373      76E0 010E 
 373      1EA0 E0DB 
 373      670F DF
 374 0c16 B32B 30CD 		.ascii	"\263+0\315\016|\203\203oP\360\321\302\244\353vid\332\201\007"
 374      0E7C 8383 
 374      6F50 F0D1 
 374      C2A4 EB76 
 374      6964 DA81 
 375 0c2b 3998 5CDF 		.ascii	"9\230\\\337\210Z\373\235)0<\302\354\037\030\276vmx\230\377\352"
 375      885A FB9D 
 375      2930 3CC2 
 375      EC1F 18BE 
 375      766D 7898 
 376 0c41 80C0 EF42 		.ascii	"\200\300\357BC\202\327D-\t\324\377\351\323\317\027~\262j\225"
 376      4382 D744 
 376      2D09 D4FF 
 376      E9D3 CF17 
 376      7EB2 6A95 
 377 0c55 E0BA 3E24 		.ascii	"\340\272>$,j\245)j\205\377\372\310\b\377\320\360\300\200P\377"
 377      2C6A A529 
 377      6A85 FFFA 
 377      C808 FFD0 
 377      F0C0 8050 
 378 0c6a 4FCC A1A1 		.ascii	"O\314\241\241\001\021\376\001\337G\374:80\360\243\025\376+\226"
 378      0111 FE01 
 378      DF47 FC3A 
 378      3830 F0A3 
 378      15FE 2B96 
 379 0c7e 2C5F B294 		.ascii	",_\262\224\214\375C\302\002C\327\007\231\375#\243\202\300o\311"
 379      8CFD 43C2 
 379      0243 D707 
 379      99FD 23A3 
 379      82C0 6FC9 
 380 0c92 1A41 1BB8 		.ascii	"\032A\033\270& \302c\226\331\024\022\026\022\345\373\222\300"
 380      2620 C263 
 380      96D9 1412 
 380      1612 E5FB 
 380      92C0 
 381 0ca4 8297 121B 		.ascii	"\202\227\022\033\030a\016\2104+\246\202\314lj\256<e\016\013X"
 381      1861 0E88 
 381      342B A682 
 381      CC6C 6AAE 
 381      3C65 0E0B 
 382 0cb9 1D6A 9EA7 		.ascii	"\035j\236\247\300\204D\222\031\005$*<88\324\354\035\022irt\013"
 382      C084 4492 
 382      1905 242A 
 382      3C38 38D4 
 382      EC1D 1269 
 383 0cd0 D299 FE10 		.ascii	"\322\231\376\020\036\036\252H02\312\274\316S\036\206\232\277"
 383      1E1E AA48 
 383      3032 CABC 
 383      CE53 1E86 
 383      9ABF 
 384 0ce2 3787 CE0F 		.ascii	"7\207\316\0176G\231\034\346\334\025.\346\227\225\264Fx\325l\016"
 384      3647 991C 
 384      E6DC 152E 
 384      E697 95B4 
 384      4678 D56C 
 385 0cf7 0C0F FB36 		.ascii	"\f\017\3736$\330\004\271\007\311D/,\200\204\003\037\367Y\037"
 385      24D8 04B9 
 385      07C9 442F 
 385      2C80 8403 
 385      1FF7 591F 
 386 0d0b A2D8 7C79 		.ascii	"\242\330|y\024)e>\307d\372a]\004\250\374\355\233\216<d%\370="
 386      1429 653E 
 386      C764 FA61 
 386      5D04 A8FC 
 386      ED9B 8E3C 
 387 0d23 A07A 6DD6 		.ascii	"\240zm\326y\375\272\240\200(\263\234\200\336d\n\\\362\356\212"
 387      79FD BAA0 
 387      8028 B39C 
 387      80DE 640A 
 387      5CF2 EE8A 
 388 0d37 95EF 194D 		.ascii	"\225\357\031M\246u\021\341\301k\315kM&\f\223\322\215\225\262"
 388      A675 11E1 
 388      C16B CD6B 
 388      4D26 0C93 
 388      D28D 95B2 
 389 0d4b F40B 5958 		.ascii	"\364\013YX\203\300\357\255Z5_\276\307%\227n\256\\\272|\201|\223"
 389      83C0 EFAD 
 389      5A35 5FBE 
 389      C725 976E 
 389      AE5C BA7C 
 390 0d62 A9FF C1C2 		.ascii	"\251\377\301\302w\326\313\316\313\275\345\373Dq\345\335\225\357"
 390      77D6 CBCE 
 390      CBBD E5FB 
 390      4471 E5DD 
 390      95EF 
 391 0d74 2E53 AC1D 		.ascii	".S\254\035K\035G\004\374SGu\327G\230#\315\021\337C\375\253A\315"
 391      4B1D 4704 
 391      FC53 4775 
 391      D747 9823 
 391      CD11 DF43 
 392 0d8c A835 2161 		.ascii	"\2505!a\301.,5/G'S\224[\220y\365\372`>\324\255\r_\037i\326\177"
 392      C12E 2C35 
 392      2F47 2753 
 392      945B 9079 
 392      F5FA 603E 
 393 0da8 67FE D7EA 		.ascii	"g\376\327\352\360\200\210 \227\265\001Q\021!?\3708\212G]@6\017"
 393      F080 8820 
 393      97B5 0151 
 393      1121 3FF8 
 393      388A 475D 
 394 0dbf A5AF 29EA 		.ascii	"\245\257)\352\277$\311,\036"
 394      BF24 C92C 
 394      1E
 395               		.text
 396               		.section	.gnu.lto_.symtab.3af09337ca1f4510,"",@progbits
 397 0000 6261 636B 		.string	"backlight_init"
 397      6C69 6768 
 397      745F 696E 
 397      6974 00
 398 000f 00        		.string	""
 399 0010 00        		.string	""
 400 0011 00        		.string	""
 401 0012 00        		.string	""
 402 0013 00        		.string	""
 403 0014 00        		.string	""
 404 0015 00        		.string	""
 405 0016 00        		.string	""
 406 0017 00        		.string	""
 407 0018 00        		.string	""
 408 0019 00        		.string	""
 409 001a C600      		.string	"\306"
 410 001c 00        		.string	""
 411 001d 00        		.string	""
 412 001e 6261 636B 		.string	"backlight_config"
 412      6C69 6768 
 412      745F 636F 
 412      6E66 6967 
 412      00
 413 002f 00        		.string	""
 414 0030 04        		.ascii	"\004"
 415 0031 00        		.string	""
 416 0032 0100      		.string	"\001"
 417 0034 00        		.string	""
 418 0035 00        		.string	""
 419 0036 00        		.string	""
 420 0037 00        		.string	""
 421 0038 00        		.string	""
 422 0039 00        		.string	""
 423 003a 4101 00   		.string	"A\001"
 424 003d 00        		.string	""
 425 003e 6261 636B 		.string	"backlight_increase"
 425      6C69 6768 
 425      745F 696E 
 425      6372 6561 
 425      7365 00
 426 0051 00        		.string	""
 427 0052 00        		.string	""
 428 0053 00        		.string	""
 429 0054 00        		.string	""
 430 0055 00        		.string	""
 431 0056 00        		.string	""
 432 0057 00        		.string	""
 433 0058 00        		.string	""
 434 0059 00        		.string	""
 435 005a 00        		.string	""
 436 005b 00        		.string	""
 437 005c C800      		.string	"\310"
 438 005e 00        		.string	""
 439 005f 00        		.string	""
 440 0060 6261 636B 		.string	"backlight_decrease"
 440      6C69 6768 
 440      745F 6465 
 440      6372 6561 
 440      7365 00
 441 0073 00        		.string	""
 442 0074 00        		.string	""
 443 0075 00        		.string	""
 444 0076 00        		.string	""
 445 0077 00        		.string	""
 446 0078 00        		.string	""
 447 0079 00        		.string	""
 448 007a 00        		.string	""
 449 007b 00        		.string	""
 450 007c 00        		.string	""
 451 007d 00        		.string	""
 452 007e CA00      		.string	"\312"
 453 0080 00        		.string	""
 454 0081 00        		.string	""
 455 0082 6261 636B 		.string	"backlight_enable"
 455      6C69 6768 
 455      745F 656E 
 455      6162 6C65 
 455      00
 456 0093 00        		.string	""
 457 0094 00        		.string	""
 458 0095 00        		.string	""
 459 0096 00        		.string	""
 460 0097 00        		.string	""
 461 0098 00        		.string	""
 462 0099 00        		.string	""
 463 009a 00        		.string	""
 464 009b 00        		.string	""
 465 009c 00        		.string	""
 466 009d 00        		.string	""
 467 009e CC00      		.string	"\314"
 468 00a0 00        		.string	""
 469 00a1 00        		.string	""
 470 00a2 6261 636B 		.string	"backlight_disable"
 470      6C69 6768 
 470      745F 6469 
 470      7361 626C 
 470      6500 
 471 00b4 00        		.string	""
 472 00b5 00        		.string	""
 473 00b6 00        		.string	""
 474 00b7 00        		.string	""
 475 00b8 00        		.string	""
 476 00b9 00        		.string	""
 477 00ba 00        		.string	""
 478 00bb 00        		.string	""
 479 00bc 00        		.string	""
 480 00bd 00        		.string	""
 481 00be 00        		.string	""
 482 00bf CE00      		.string	"\316"
 483 00c1 00        		.string	""
 484 00c2 00        		.string	""
 485 00c3 6261 636B 		.string	"backlight_toggle"
 485      6C69 6768 
 485      745F 746F 
 485      6767 6C65 
 485      00
 486 00d4 00        		.string	""
 487 00d5 00        		.string	""
 488 00d6 00        		.string	""
 489 00d7 00        		.string	""
 490 00d8 00        		.string	""
 491 00d9 00        		.string	""
 492 00da 00        		.string	""
 493 00db 00        		.string	""
 494 00dc 00        		.string	""
 495 00dd 00        		.string	""
 496 00de 00        		.string	""
 497 00df D000      		.string	"\320"
 498 00e1 00        		.string	""
 499 00e2 00        		.string	""
 500 00e3 6973 5F62 		.string	"is_backlight_enabled"
 500      6163 6B6C 
 500      6967 6874 
 500      5F65 6E61 
 500      626C 6564 
 501 00f8 00        		.string	""
 502 00f9 00        		.string	""
 503 00fa 00        		.string	""
 504 00fb 00        		.string	""
 505 00fc 00        		.string	""
 506 00fd 00        		.string	""
 507 00fe 00        		.string	""
 508 00ff 00        		.string	""
 509 0100 00        		.string	""
 510 0101 00        		.string	""
 511 0102 00        		.string	""
 512 0103 D800      		.string	"\330"
 513 0105 00        		.string	""
 514 0106 00        		.string	""
 515 0107 6261 636B 		.string	"backlight_step"
 515      6C69 6768 
 515      745F 7374 
 515      6570 00
 516 0116 00        		.string	""
 517 0117 00        		.string	""
 518 0118 00        		.string	""
 519 0119 00        		.string	""
 520 011a 00        		.string	""
 521 011b 00        		.string	""
 522 011c 00        		.string	""
 523 011d 00        		.string	""
 524 011e 00        		.string	""
 525 011f 00        		.string	""
 526 0120 00        		.string	""
 527 0121 DA00      		.string	"\332"
 528 0123 00        		.string	""
 529 0124 00        		.string	""
 530 0125 6261 636B 		.string	"backlight_level"
 530      6C69 6768 
 530      745F 6C65 
 530      7665 6C00 
 531 0135 00        		.string	""
 532 0136 00        		.string	""
 533 0137 00        		.string	""
 534 0138 00        		.string	""
 535 0139 00        		.string	""
 536 013a 00        		.string	""
 537 013b 00        		.string	""
 538 013c 00        		.string	""
 539 013d 00        		.string	""
 540 013e 00        		.string	""
 541 013f 00        		.string	""
 542 0140 DE00      		.string	"\336"
 543 0142 00        		.string	""
 544 0143 00        		.string	""
 545 0144 6765 745F 		.string	"get_backlight_level"
 545      6261 636B 
 545      6C69 6768 
 545      745F 6C65 
 545      7665 6C00 
 546 0158 00        		.string	""
 547 0159 00        		.string	""
 548 015a 00        		.string	""
 549 015b 00        		.string	""
 550 015c 00        		.string	""
 551 015d 00        		.string	""
 552 015e 00        		.string	""
 553 015f 00        		.string	""
 554 0160 00        		.string	""
 555 0161 00        		.string	""
 556 0162 00        		.string	""
 557 0163 E100      		.string	"\341"
 558 0165 00        		.string	""
 559 0166 00        		.string	""
 560 0167 6465 6275 		.string	"debug_config"
 560      675F 636F 
 560      6E66 6967 
 560      00
 561 0174 00        		.string	""
 562 0175 02        		.ascii	"\002"
 563 0176 00        		.string	""
 564 0177 00        		.string	""
 565 0178 00        		.string	""
 566 0179 00        		.string	""
 567 017a 00        		.string	""
 568 017b 00        		.string	""
 569 017c 00        		.string	""
 570 017d 00        		.string	""
 571 017e 00        		.string	""
 572 017f 5901 00   		.string	"Y\001"
 573 0182 00        		.string	""
 574 0183 6261 636B 		.string	"backlight_set"
 574      6C69 6768 
 574      745F 7365 
 574      7400 
 575 0191 00        		.string	""
 576 0192 02        		.ascii	"\002"
 577 0193 00        		.string	""
 578 0194 00        		.string	""
 579 0195 00        		.string	""
 580 0196 00        		.string	""
 581 0197 00        		.string	""
 582 0198 00        		.string	""
 583 0199 00        		.string	""
 584 019a 00        		.string	""
 585 019b 00        		.string	""
 586 019c E300      		.string	"\343"
 587 019e 00        		.string	""
 588 019f 00        		.string	""
 589 01a0 6565 636F 		.string	"eeconfig_read_backlight"
 589      6E66 6967 
 589      5F72 6561 
 589      645F 6261 
 589      636B 6C69 
 590 01b8 00        		.string	""
 591 01b9 02        		.ascii	"\002"
 592 01ba 00        		.string	""
 593 01bb 00        		.string	""
 594 01bc 00        		.string	""
 595 01bd 00        		.string	""
 596 01be 00        		.string	""
 597 01bf 00        		.string	""
 598 01c0 00        		.string	""
 599 01c1 00        		.string	""
 600 01c2 00        		.string	""
 601 01c3 E500      		.string	"\345"
 602 01c5 00        		.string	""
 603 01c6 00        		.string	""
 604 01c7 6565 636F 		.string	"eeconfig_init"
 604      6E66 6967 
 604      5F69 6E69 
 604      7400 
 605 01d5 00        		.string	""
 606 01d6 02        		.ascii	"\002"
 607 01d7 00        		.string	""
 608 01d8 00        		.string	""
 609 01d9 00        		.string	""
 610 01da 00        		.string	""
 611 01db 00        		.string	""
 612 01dc 00        		.string	""
 613 01dd 00        		.string	""
 614 01de 00        		.string	""
 615 01df 00        		.string	""
 616 01e0 E700      		.string	"\347"
 617 01e2 00        		.string	""
 618 01e3 00        		.string	""
 619 01e4 6565 636F 		.string	"eeconfig_is_enabled"
 619      6E66 6967 
 619      5F69 735F 
 619      656E 6162 
 619      6C65 6400 
 620 01f8 00        		.string	""
 621 01f9 02        		.ascii	"\002"
 622 01fa 00        		.string	""
 623 01fb 00        		.string	""
 624 01fc 00        		.string	""
 625 01fd 00        		.string	""
 626 01fe 00        		.string	""
 627 01ff 00        		.string	""
 628 0200 00        		.string	""
 629 0201 00        		.string	""
 630 0202 00        		.string	""
 631 0203 E900      		.string	"\351"
 632 0205 00        		.string	""
 633 0206 00        		.string	""
 634 0207 5F5F 7870 		.string	"__xprintf"
 634      7269 6E74 
 634      6600 
 635 0211 00        		.string	""
 636 0212 02        		.ascii	"\002"
 637 0213 00        		.string	""
 638 0214 00        		.string	""
 639 0215 00        		.string	""
 640 0216 00        		.string	""
 641 0217 00        		.string	""
 642 0218 00        		.string	""
 643 0219 00        		.string	""
 644 021a 00        		.string	""
 645 021b 00        		.string	""
 646 021c ED00      		.string	"\355"
 647 021e 00        		.string	""
 648 021f 00        		.string	""
 649 0220 6565 636F 		.string	"eeconfig_update_backlight"
 649      6E66 6967 
 649      5F75 7064 
 649      6174 655F 
 649      6261 636B 
 650 023a 00        		.string	""
 651 023b 02        		.ascii	"\002"
 652 023c 00        		.string	""
 653 023d 00        		.string	""
 654 023e 00        		.string	""
 655 023f 00        		.string	""
 656 0240 00        		.string	""
 657 0241 00        		.string	""
 658 0242 00        		.string	""
 659 0243 00        		.string	""
 660 0244 00        		.string	""
 661 0245 EF00      		.string	"\357"
 662 0247 00        		.string	""
 663 0248 00        		.string	""
 664               		.text
 665               		.section	.gnu.lto_.opts,"",@progbits
 666 0000 272D 666D 		.ascii	"'-fmath-errno' '-fsigned-zeros' '-ftrapping-m"
 666      6174 682D 
 666      6572 726E 
 666      6F27 2027 
 666      2D66 7369 
 667 002d 6174 6827 		.string	"ath' '-fno-trapv' '-fno-openmp' '-fno-openacc' '-mn-flash=1' '-mno-skip-bug' '-mmcu=avr5'
 667      2027 2D66 
 667      6E6F 2D74 
 667      7261 7076 
 667      2720 272D 
 668               		.text
 669               		.comm	__gnu_lto_v1,1,1
 670               		.comm	__gnu_lto_slim,1,1
 671               		.ident	"GCC: (GNU) 7.4.0"
DEFINED SYMBOLS
                            *ABS*:0000000000000000 backlight.c
/var/folders/7d/r_phv7rx6m99qllr_nm2m9c80000gn/T//cckJxYkP.s:2      *ABS*:000000000000003e __SP_H__
/var/folders/7d/r_phv7rx6m99qllr_nm2m9c80000gn/T//cckJxYkP.s:3      *ABS*:000000000000003d __SP_L__
/var/folders/7d/r_phv7rx6m99qllr_nm2m9c80000gn/T//cckJxYkP.s:4      *ABS*:000000000000003f __SREG__
/var/folders/7d/r_phv7rx6m99qllr_nm2m9c80000gn/T//cckJxYkP.s:5      *ABS*:0000000000000000 __tmp_reg__
/var/folders/7d/r_phv7rx6m99qllr_nm2m9c80000gn/T//cckJxYkP.s:6      *ABS*:0000000000000001 __zero_reg__
                            *COM*:0000000000000001 __gnu_lto_v1
                            *COM*:0000000000000001 __gnu_lto_slim

NO UNDEFINED SYMBOLS
