   1               		.file	"eeconfig.c"
   2               	__SP_H__ = 0x3e
   3               	__SP_L__ = 0x3d
   4               	__SREG__ = 0x3f
   5               	__tmp_reg__ = 0
   6               	__zero_reg__ = 1
   7               		.section	.gnu.lto_.profile.ba5448c17f148ef9,"",@progbits
   8 0000 789C 6363 		.ascii	"x\234cc```\003bF\206\377\314\023\031\001\005\314\001\242"
   8      6060 6003 
   8      6246 86FF 
   8      CC13 1901 
   8      05CC 01A2 
   9               		.text
  10               		.section	.gnu.lto_.icf.ba5448c17f148ef9,"",@progbits
  11 0000 789C 6363 		.string	"x\234cc``\350c@"
  11      6060 E863 
  11      4000 
  12 000a 0986 27D3 		.string	"\t\206'\323\266Mcg\234z\354\303iN\246\227s\257n\343c^q\261\365%\007K[\337\316\025<\254\03
  12      B64D 6367 
  12      9C7A ECC3 
  12      694E A697 
  12      73AF 6EE3 
  13 00a2 00        		.string	""
  14 00a3 BDB1 47D5 		.ascii	"\275\261G\325"
  15               		.text
  16               		.section	.gnu.lto_.jmpfuncs.ba5448c17f148ef9,"",@progbits
  17 0000 789C 9595 		.ascii	"x\234\225\225\317O\023A\034\305\347\355\354/KkU\210\364\320\203"
  17      CF4F 1341 
  17      1CC5 E7ED 
  17      EC2F 4B6B 
  17      5588 F4D0 
  18 0015 FFA6 9E4C 		.ascii	"\377\246\236L\214\022\305\340A\002!i\342\tS\224\223\277A\300"
  18      8C12 C5E0 
  18      4102 2169 
  18      E209 5394 
  18      93BF 41C0 
  19 0029 F243 A0A0 		.ascii	"\362C\240\240\026\345\300\301\213\206pPb\002\361\206\321\372"
  19      16E5 C0C1 
  19      8B86 7050 
  19      6202 F186 
  19      D1FA 
  20 003b B633 9DEC 		.ascii	"\2663\235\354\257i\226\315N\262\231|\337\373\274\231|g\326\027"
  20      AF69 96CD 
  20      4EB2 997C 
  20      DFFB BC99 
  20      7C67 D617 
  21 004f 42DC 0884 		.ascii	"B\334\b\204yj\034.&%\246n\257u\202q\331\220\002\002\317Q\027"
  21      796A 1C2E 
  21      2625 A66E 
  21      AF75 8271 
  21      D990 0202 
  22 0066 6801 82A3 		.ascii	"h\001\202\243\333\345\024\013~>Y\231\220Q\001\360\353\257\304"
  22      DBE5 140B 
  22      7E3E 5999 
  22      9051 01F0 
  22      EBAF C4
  23 0079 0B5D C2EF 		.ascii	"\013]\302\357\250\220*\372\344\ng\317\376\234h!\247\360R\227"
  23      A890 2AFA 
  23      E40A 67CF 
  23      FE9C 6821 
  23      A7F0 5297 
  24 008d F0BB 2774 		.ascii	"\360\273't\370&\0028\f\360*\345#\243\242\314\254\253\245K\217"
  24      F826 0238 
  24      0CF0 2AE5 
  24      23A3 A2CC 
  24      ACAB A54B 
  25 00a2 EECF 9522 		.ascii	"\356\317\225\"\251\204\203\327\311\"8qoI\3577\250G\303\003\237"
  25      A984 83D7 
  25      C922 3871 
  25      6F49 EF37 
  25      A847 C303 
  26 00b7 8674 DD84 		.ascii	"\206t\335\204\203G\207\205A\016\036\035\026\351\300\341\\\347"
  26      8347 8785 
  26      410E 1E1D 
  26      16E9 C0E1 
  26      5CE7 
  27 00c9 E699 4208 		.ascii	"\346\231B\b_\307\271\333\230y\252i\022o\323f}~\020\347\033\211"
  27      5FC7 B9DB 
  27      9879 AA69 
  27      126F D366 
  27      7D7E 10E7 
  28 00df 47C9 5246 		.ascii	"G\311RFb\001\206\032\270\372\355\331\351\220\002\272X\266\001"
  28      6201 861A 
  28      B8FA EDD9 
  28      E990 02BA 
  28      58B6 01
  29 00f2 2FC4 8146 		.ascii	"/\304\201F\342Q\262R\024X\322\300\243\346\372\241\336p\037\357"
  29      E251 B252 
  29      1458 D2C0 
  29      A3E6 FAA1 
  29      DE70 1FEF 
  30 0106 6CC0 A138 		.ascii	"l\300\2418\320H<JZE\201e\rl\357L7\313\n\030`\325\006\254\304"
  30      D048 3C4A 
  30      5A45 8165 
  30      0D6C EF4C 
  30      37CB 0A18 
  31 011f 8146 E251 		.ascii	"\201F\342Q\262V\024xQ\003\347\037\237\266\252\221\332G\025\353"
  31      B256 1478 
  31      5103 E71F 
  31      9FB6 AA91 
  31      DA47 15EB 
  32 0133 831A C267 		.ascii	"\203\032\302gCl\320\214\243J_\362\0037\341\020\322\341\375 \207"
  32      436C D08C 
  32      A34A 5FF2 
  32      0337 E110 
  32      D2E1 FD20 
  33 0148 900E 9B74 		.ascii	"\220\016\233t\330L\307\341S\025\227t\242\261\257sS:\3210\266"
  33      D84C C7E1 
  33      5315 9774 
  33      A2B1 AF73 
  33      533A D130 
  34 015d 32EB D111 		.ascii	"2\353\321\021.\307#\030IH\311vFbg^I\237\311\200\021\3331\003"
  34      2EC7 2318 
  34      4948 C976 
  34      4662 675E 
  34      499F C980 
  35 0175 2186 45EF 		.ascii	"!\206E\357H&'G\372\267\311\330\217\233\313\256\332\374k\330\261"
  35      4826 2747 
  35      FAB7 C9D8 
  35      8F9B CBAE 
  35      DAFC 6BD8 
  36 018a 6D7E 02E1 		.ascii	"m~\002\341\022\261\233pS}\323~x\247\254\326P\307\007\333\032"
  36      12B1 9B70 
  36      537D D37E 
  36      78A7 ACD6 
  36      50C7 07DB 
  37 019f D241 7AD2 		.ascii	"\322Az\322\303\231\243E\335\343\243\370h\r\221G\375=\177\360"
  37      C399 A345 
  37      DDE3 A3F8 
  37      680D 9147 
  37      FD3D 7FF0 
  38 01b3 A0A4 A835 		.ascii	"\240\244\2505|:\027\365da\266\351(j\005\235sQ\357\235\035L\204"
  38      7C3A 17F5 
  38      6461 B6E9 
  38      286A 059D 
  38      7351 EF9D 
  39 01ca 8A1A 62AF 		.ascii	"\212\032b\2578\325\336\336\221\353\376\255\215\216T;\334\005"
  39      38D5 DEDE 
  39      91EB FEAD 
  39      8D8E 543B 
  39      DC05 
  40 01dc 3EF7 AF5F 		.ascii	">\367\257_\364\305\326\303\230\233\361\337\361\367\343\212Z\236"
  40      F4C5 D6C3 
  40      989B F1DF 
  40      F1F7 E38A 
  40      5A9E 
  41 01ee 872F C5A5 		.ascii	"\207/\305\245\366K&\247\326z\003\346\324fn\353\001\265\231\337"
  41      F64B 26A7 
  41      D67A 03E6 
  41      D466 6EEB 
  41      01B5 99DF 
  42 0202 53E6 3776 		.ascii	"S\3467v\225\035<\252\273\3374\201\317&\330\267\235\270\2329q"
  42      951D 3CAA 
  42      BBDF 3481 
  42      CF26 D8B7 
  42      9DB8 9A39 
  43 0217 F646 C939 		.ascii	"\366F\3119b\342?\256\030\273\r"
  43      62E2 3FAE 
  43      18BB 0D
  44               		.text
  45               		.section	.gnu.lto_.inline.ba5448c17f148ef9,"",@progbits
  46 0000 789C 8D90 		.ascii	"x\234\215\220A\016\2020\020E\377\224\332\n\026\212B\240;\256"
  46      410E 8230 
  46      1045 FF94 
  46      DA0A 168A 
  46      42A0 3BAE 
  47 0014 E049 3C9B 		.ascii	"\340I<\233G\340\002n=\007G\202j$\020\373\023\272i\346\277\274"
  47      47E0 026E 
  47      3D07 4782 
  47      6A24 10FB 
  47      13BA 69E6 
  48 002a E94C 0D80 		.ascii	"\351L\r\200\267\302z\002`*AL\3148|@\346\020ka@\301\372\005\250"
  48      B7C2 7A02 
  48      602A 414C 
  48      CC38 7C40 
  48      E610 6B61 
  49 0043 C9EF 8820 		.ascii	"\311\357\210 c@'[\tN\344\211\347\303\020\303R\343L\214\234\032"
  49      6340 275B 
  49      094E E489 
  49      E7C3 10C3 
  49      52E3 4C8C 
  50 0059 0531 2ED4 		.ascii	"\0051.\324p\304(\251Q}\277dCt\031\r\237\314\243Q\023\343J\215"
  50      70C4 28A9 
  50      517D BF64 
  50      4374 190D 
  50      9FCC A351 
  51 0071 1B99 AA81 		.ascii	"\033\231\252\201\r\373\\\212\025\266\270\277d\241z\034\376\261"
  51      0DFB 5C8A 
  51      15B6 B8BF 
  51      64A1 7A1C 
  51      FEB1 
  52 0083 FA35 3F52 		.ascii	"\3725?R\035\277:h\227\030\250'\033\007\2721fL\233#\216"
  52      1DBF 3A68 
  52      9718 A827 
  52      1B07 BA31 
  52      664C 9B23 
  53               		.text
  54               		.section	.gnu.lto_.pureconst.ba5448c17f148ef9,"",@progbits
  55 0000 789C 0DC3 		.string	"x\234\r\303\213\021@0\024"
  55      8B11 4030 
  55      1400 
  56 000a C187 137F 		.ascii	"\301\207\023\177\2210\\\033\372o\216\235\331\024\021\357\337"
  56      9130 5C1B 
  56      FA6F 8E9D 
  56      D914 11EF 
  56      DF
  57 001b B0B1 A503 		.ascii	"\260\261\245\003z\023\203#\2233\213+\233;\331\203b\365\364\362"
  57      7A13 8323 
  57      9333 8B2B 
  57      9B3B D983 
  57      62F5 F4F2 
  58 002f F641 3F42 		.ascii	"\366A?B\300\002\337"
  58      C002 DF
  59               		.text
  60               		.section	.gnu.lto_eeconfig_enable.ba5448c17f148ef9,"",@progbits
  61 0000 789C 258F 		.ascii	"x\234%\217OK\002Q\024\305\357yW\307Y\330^\310>\200\233\374H."
  61      4F4B 0251 
  61      14C5 EF79 
  61      57C7 59D8 
  61      5EC8 3E80 
  62 0018 8629 22C6 		.ascii	"\206)\"\306\201h?\257b\322p\b\0276A\314BWB\233\210\3761\233z"
  62      8168 3FAF 
  62      62D2 7008 
  62      1736 41CC 
  62      4257 429B 
  63 0031 F801 12DC 		.ascii	"\370\001\022\334\272\312\300Eh\313vZ\367\331\201\037\034\316"
  63      BACA C045 
  63      68CB 765A 
  63      F7D9 811F 
  63      1CCE 
  64 0043 7DEF 5CAE 		.ascii	"}\357\\\256CD\023aG\330\026\300\004\325}':q\025`\215vA\221B\204"
  64      4344 1361 
  64      47D8 16C0 
  64      04D5 7D27 
  64      3A71 1560 
  65 005d 847B 8C51 		.ascii	"\204{\214Qk\236\253\332P\213\314\365\215s\256\343J\306D\251`"
  65      6B9E ABDA 
  65      508B CCF5 
  65      8D73 AEE3 
  65      4AC6 44A9 
  66 0072 8507 D448 		.ascii	"\205\007\324H\236\315\356\327W[N\341?\307#\034\202\230\273I\321"
  66      9ECD EED7 
  66      575B 4EE1 
  66      3FC7 231C 
  66      8298 BB49 
  67 0087 E8F5 6F4B 		.ascii	"\350\365oK\233\237\312\340\243,\263\266 K\264\241\013V\326\235"
  67      9B9F CAE0 
  67      A32C B3B6 
  67      204B B4A1 
  67      0B56 D69D 
  68 009b 195A 20EE 		.ascii	"\031Z \356\277%\305\315/\251\312\363\305\264\024\255\264\233"
  68      BF25 C5CD 
  68      2FA9 CAF3 
  68      C5B4 14AD 
  68      B49B 
  69 00ad 3152 961A 		.ascii	"1R\226\032<!\262\2034\036\215K\035\316X\201\360\214\252D_\267"
  69      3C21 B283 
  69      341E 8D4B 
  69      1DCE 5881 
  69      F08C AA44 
  70 00c3 AF97 6C23 		.ascii	"\257\227l#\306r\305xA5\343\002}\343\264\377\231`Sh\325\226\026"
  70      C672 C578 
  70      4135 E302 
  70      7DE3 B4FF 
  70      9960 5368 
  71 00da 59A5 E4E2 		.ascii	"Y\245\344\342\343\340\260\341\205G~\335\013\203 l\326}\337\013"
  71      E3E0 B0E1 
  71      8547 7EDD 
  71      0B83 206C 
  71      D67D DF0B 
  72 00ee 9B7B 07FB 		.ascii	"\233{\007\373\273\036\375\001\351\310QC"
  72      BB1E FD01 
  72      E9C8 5143 
  73               		.text
  74               		.section	.gnu.lto_eeconfig_disable.ba5448c17f148ef9,"",@progbits
  75 0000 789C 258F 		.ascii	"x\234%\217?k\302P\024\305\357yWc\026wK\355\007p\321\217\324!"
  75      3F6B C250 
  75      14C5 EF79 
  75      5763 1677 
  75      4BED 0770 
  76 0018 A422 2506 		.ascii	"\244\"%\006J\367\274VR-*t\250q\311`\207\322Q\304\376!\320\341"
  76      4AF7 BC56 
  76      522D 2A74 
  76      A871 C960 
  76      87D2 51C4 
  77 0030 E107 B0E0 		.ascii	"\341\007\260\340\332\255C')\235-Mz\237=\360\203\303\271\357\235"
  77      DAAD 4327 
  77      299D 2D4D 
  77      7A9F 3DF0 
  77      83C3 B9EF 
  78 0045 CB75 8868 		.ascii	"\313u\210h#\034\t\207\002\230\240n\326D\027\256\002\254\321."
  78      231C 0987 
  78      0298 A06E 
  78      D644 17AE 
  78      02AC D12E 
  79 0059 2852 8830 		.ascii	"(R\2100\342[\306\252\377\231\251\306\203\026\231\351\253s\245"
  79      E25B C6AA 
  79      FF99 A9C6 
  79      8316 99E9 
  79      AB73 A5
  80 006c E35A CA44 		.ascii	"\343Z\312D\211`\205%\032$\317>\026\371\244\352\224\376s<\302"
  80      8960 8525 
  80      1A24 CF3E 
  80      16F9 A4EA 
  80      94FE 733C 
  81 0081 2188 996F 		.ascii	"!\210\231o\312F\347E_\233\374\340nQ\225\331@\220%\332\3205+\353"
  81      CA46 E745 
  81      5F9B FCE0 
  81      6E51 95D9 
  81      4090 25DA 
  82 0099 7A86 B688 		.ascii	"z\206\266\210g\363qy\377K\252\262l\373^\211~\265\2332\022\226"
  82      67F3 7179 
  82      FF4B AAB2 
  82      6CFB 5E89 
  82      7EB5 9B32 
  83 00af 1A3C 21B2 		.ascii	"\032<!\262\203$^\275U\206\234\262\002\341\031u\211\356w?\337"
  83      8324 5EBD 
  83      5586 9CB2 
  83      02E1 1975 
  83      89EE 773F 
  84 00c4 6C23 4651 		.ascii	"l#FQ0^PO\271D_\270\234-\307\330\027Z\r\244EV)\271\370<8=\366"
  84      305E 504F 
  84      B944 5FB8 
  84      9C2D C7D8 
  84      175A 0DA4 
  85 00e1 C233 BFE5 		.ascii	"\3023\277\345\205A\020v[\276\357\205\335\223N\273\351\321\037"
  85      8541 1076 
  85      5BBE EF85 
  85      DD93 4EBB 
  85      E9D1 1F
  86 00f4 1447 51BF 		.ascii	"\024GQ\277"
  87               		.text
  88               		.section	.gnu.lto_eeconfig_is_enabled.ba5448c17f148ef9,"",@progbits
  89 0000 789C 2D50 		.ascii	"x\234-P=K\003A\020\235\267s\271\034H\254\205\\\3006\215\021\374"
  89      3D4B 0341 
  89      109D B773 
  89      B91C 48AC 
  89      855C C036 
  90 0017 4116 C729 		.ascii	"A\026\307)\"\227\003\261\27751DQ!\2409A\0261UJ\021\023%\335a"
  90      2297 03B1 
  90      BF35 3144 
  90      5121 A039 
  90      4116 3155 
  91 0031 6125 0AB6 		.ascii	"a%\n\266\202\202\235\022m\242e\242\263\306\342\r\217\231\367"
  91      8282 9D12 
  91      6DA2 65A2 
  91      B3C6 E20D 
  91      8F99 F7
  92 0044 B1AC 4B44 		.ascii	"\261\254KD#AIP\024\200\t\252uO\264\345)\300\022\355\201\022\205"
  92      2341 4950 
  92      1480 09AA 
  92      754F B4E5 
  92      29C0 12ED 
  93 005b 04FB 7CC4 		.ascii	"\004\373|\3048l\267^f\313]\255k:;\376rouc\3160Q*\266%\037\213"
  93      386C B75E 
  93      66CB 5DAD 
  93      6B3A 3BFE 
  93      726F 7563 
  94 0077 BE8D B844 		.ascii	"\276\215\270D\231D\372z1i\027\\\307\336d\331\203K\020r\376\230"
  94      9944 FA7A 
  94      3169 175C 
  94      C7DE 64D9 
  94      834B 1072 
  95 008d CBF4 E4A7 		.ascii	"\313\364\344\247\251\263\347b\347\273\340\200\fK\251\r\241\035"
  95      A9B3 E762 
  95      E7BB E080 
  95      0C4B A90D 
  95      A11D 
  96 009f 1952 A933 		.ascii	"\031R\2513\332eeY=\243!\266\317F\007%\353?aH\354`0|\312'c\355"
  96      DA65 6559 
  96      3DA3 21B6 
  96      CF46 0725 
  96      EB3F 6148 
  97 00bb 1956 294B 		.ascii	"\031V)K$\372Hl_\332\270y\310\357\261aY\342\n\276a\207\336Q\357"
  97      24FA 486C 
  97      5FDA B879 
  97      C8EF B161 
  97      59E2 0ABE 
  98 00d4 35DF 66A6 		.ascii	"5\337f\246n\236\006\334\235v\272lu9|\214\031\327\360\351\023"
  98      6E9E 06DC 
  98      9D76 BA6C 
  98      7539 7C8C 
  98      19D7 F0E9 
  99 00e9 B5F9 7F0D 		.ascii	"\265\371\177\r\375\275\003\266]\311\227lF\353\313A\274\021V\202"
  99      FDBD 03B6 
  99      5DC9 976C 
  99      46EB CB41 
  99      BC11 5682 
 100 00fd 388A E26A 		.ascii	"8\212\342j%\f\203\270\272\262\266\272\020\320/\231\347X\243"
 100      250C 83B8 
 100      BAB2 B6BA 
 100      10D0 2F99 
 100      E758 A3
 101               		.text
 102               		.section	.gnu.lto_eeconfig_is_disabled.ba5448c17f148ef9,"",@progbits
 103 0000 789C 2D50 		.string	"x\234-P=K\303P\024\275\347\3354\t\210\235\005S\350\332\305\n\016\376\034\207\020E$\r\210{
 103      3D4B C350 
 103      14BD E7DD 
 103      3409 889D 
 103      0553 E8DA 
 104 0050 26A8 EE88 		.string	"&\250\356\210h\333U\200!\332\005\305\n1\016\370\230q\324\353\276\226k\027Z7u~\2228\367\27
 104      68DB 5580 
 104      21DA 05C5 
 104      0A31 0EF8 
 104      9871 D4EB 
 105 00c3 B1E9 4BDA 		.ascii	"\261\351K\332w\017\316>\247,K\334\300K\331\242O\264\372\235\217"
 105      770F CE3E 
 105      A72C 4BDC 
 105      C04B D9A2 
 105      4FB4 FA9D 
 106 00d8 99A9 9BA7 		.ascii	"\231\251\233\247\001\267\317O\313FVBQ0\206\360\350\013\315\352"
 106      01B7 CF4F 
 106      CB46 5642 
 106      5130 86F0 
 106      E80B CDEA 
 107 00ec BF84 FE9E 		.ascii	"\277\204\376\236\001S\256\344G\266\302\215\025?\332\f\352~\024"
 107      0153 AEE4 
 107      47B6 C28D 
 107      153F DA0C 
 107      EA7E 14
 108 00ff 8651 A31E 		.ascii	"\206Q\243\036\004~\324X]_[\360\351\027\257.W\325"
 108      047E D458 
 108      5D5F 5BF0 
 108      E917 AF2E 
 108      57D5 
 109               		.text
 110               		.section	.gnu.lto_eeconfig_read_debug.ba5448c17f148ef9,"",@progbits
 111 0000 789C 2D8E 		.string	"x\234-\216\275J\003Q\020\205\317\271\243\233E\320\027\310\n6\026i\214\340\003Y,\253\210l\
 111      BD4A 0351 
 111      1085 CFB9 
 111      A39B 45D0 
 111      17C8 0A36 
 112 0047 3C9B 664D 		.ascii	"<\233fMu\023\005t\275\027`+vd0\032\023\245c\311\256\034\n\017"
 112      7513 0574 
 112      BD17 602B 
 112      7664 301A 
 112      13A5 63C9 
 113 005f FABD 8F99 		.ascii	"\372\275\217\231\306\205j[\375\321C\355\270\363\252R\t0\260\334"
 113      C685 6A5B 
 113      FDD1 43ED 
 113      B8F3 AA52 
 113      0930 B0DC 
 114 0073 52C2 C524 		.ascii	"R\302\305$0n\330\200\355~^\217\373\323\321D\230Y\363\226\021"
 114      306E D880 
 114      ED7E 5E8F 
 114      FBD3 D144 
 114      9859 F396 
 115 0088 68E6 EA6D 		.ascii	"h\346\352m\322\353\370gW\375\323\274\210CH\243c\305\216\251\307"
 115      D2EB F867 
 115      57FD D3BC 
 115      8843 48A3 
 115      63C5 8EA9 
 116 009d 9EB5 CC6D 		.ascii	"\236\265\314m{\214\270sv.!w\"\316p\303\341\350\275V~k\\\t\007"
 116      7B8C B873 
 116      762E 2177 
 116      22CE 70C3 
 116      E1E8 BD56 
 117 00b6 6228 DEB1 		.ascii	"b(\336\261\fw\036O\273\227S\373\366\206\243\343=\223J\004_l\317"
 117      0C77 1E4F 
 117      BB97 53FB 
 117      F686 A3E3 
 117      3D93 4A04 
 118 00cd FD47 F1C7 		.ascii	"\375G\361\307g\240\232\257o\346\353\313i\261\2215\323\"\317\213"
 118      67A0 9AAF 
 118      6FE6 EBCB 
 118      69B1 9135 
 118      D322 CF8B 
 119 00e1 5633 CBD2 		.ascii	"V3\313\322\242\265\262\266\272\220\342\027\344DH\221"
 119      A2B5 B2B6 
 119      BA90 E217 
 119      E444 4891 
 120               		.text
 121               		.section	.gnu.lto_eeconfig_update_debug.ba5448c17f148ef9,"",@progbits
 122 0000 789C 2550 		.ascii	"x\234%P=K\003A\024|\263\357\274\034A{\301 XHHc\004\377\202\377"
 122      3D4B 0341 
 122      147C B3EF 
 122      BC1C 417B 
 122      C120 5848 
 123 001a 43E4 3845 		.ascii	"C\3448E\364r b{k$&b\004A\215(\007\246\tj%\342\347\201\305b-\026"
 123      F472 2062 
 123      7B6B 2426 
 123      6204 418D 
 123      2807 A609 
 124 0037 41B0 B010 		.ascii	"A\260\260\020Dl\f\351-\214\276\215\003\003\303\276\231\331\307"
 124      446C 0CE9 
 124      2D8C BE8D 
 124      0303 C3BE 
 124      99D9 C7
 125 004a 7389 E85B 		.ascii	"s\211\350[8&\034\021\202\tj\347\211h\315S\200\025\332\003\305"
 125      3826 1C11 
 125      8209 6AE7 
 125      8968 CD53 
 125      8015 DA03 
 126 005f 0A31 EABC 		.ascii	"\n1\352\274\307x\250~\246\252p\242\005\346\240\235\331\320\225"
 126      C778 A87E 
 126      A6AA 70A2 
 126      05E6 A09D 
 126      D9D0 95
 127 0072 E184 891A 		.ascii	"\341\204\211\032B\013\\\242 \256\335\347\355\027\346Q\220\350"
 127      420B 5CA2 
 127      20AE DDE7 
 127      ED17 E651 
 127      90E8 
 128 0084 AFC3 D3B7 		.ascii	"\257\303\323\267l\276\245uY\233\217i=\2300p\005\226\004\246r"
 128      6CBE A575 
 128      599B 8F69 
 128      3D98 3070 
 128      0596 04A6 
 129 0099 98CC 913C 		.ascii	"\230\314\221<\020\256\221\267\346\367\213\336\376\220\353\374"
 129      10AE 91B7 
 129      E6F7 8BDE 
 129      FE90 EBFC 
 130 00a9 F7E1 062E 		.ascii	"\367\341\006.A\304y{\300\350\336oU\233\307qvd/\353\246\232xd"
 130      41C4 797B 
 130      C0E8 DE6F 
 130      559B C771 
 130      7664 2FEB 
 131 00c1 416D 6893 		.ascii	"Amh\223\225U\353\206:\2504\273\252\037\224\2664\355\274f\342"
 131      9555 EB86 
 131      3AA8 34BB 
 131      AA1F 94B6 
 131      34ED BC66 
 132 00d6 1FED 25AC 		.ascii	"\037\355%\254\032\362\013\341\026\261\035\334\037\327\317\262"
 132      1AF2 0BE1 
 132      16B1 1DDC 
 132      1FD7 CFB2 
 133 00e6 5B9C 3043 		.ascii	"[\2340C\341\016\271#V\t;\324E\271\351\366\303\0265IH\253\222"
 133      E10E B923 
 133      5609 3BD4 
 133      45B9 E9F6 
 133      C316 3549 
 134 00fd C3AC 848B 		.ascii	"\303\254\204\2133~\264\034\024\375(\f\243R1\b\374\2504\2670?"
 134      337E B41C 
 134      14FD 280C 
 134      A352 3108 
 134      FCA8 34B7 
 135 0113 E113 AFCE 		.ascii	"\341\023\257\316.\375\001\311\260Z\007"
 135      2EFD 01C9 
 135      B05A 07
 136               		.text
 137               		.section	.gnu.lto_eeconfig_read_default_layer.ba5448c17f148ef9,"",@progbits
 138 0000 789C 2D8E 		.ascii	"x\234-\216\275J\003Q\020\205\317\271\243\273\333\350\013d\005"
 138      BD4A 0351 
 138      1085 CFB9 
 138      A3BB DBE8 
 138      0B64 05
 139 0013 2B21 8D11 		.ascii	"+!\215\021| \213e\025\221\315\202\330\357\030\005\023\264\bh"
 139      7C20 8B65 
 139      1591 CD82 
 139      D8EF 1805 
 139      13B4 0868 
 140 0027 2291 2DEC 		.ascii	"\"\221-\354,,D\374\201t\267\320V\304VP\260\260\n\276\201\321"
 140      2C2C 44FC 
 140      8174 B7D0 
 140      56C4 5650 
 140      B0B0 0ABE 
 141 003d B962 7186 		.ascii	"\271bq\206\303\314\234o&\002\360hZ05L\024\320\365\237\200\335"
 141      C3CC 9C6F 
 141      2602 F068 
 141      5A30 354C 
 141      14D0 F59F 
 142 0053 C491 C168 		.ascii	"\304\221\301hBT\216\025\217\344Dx<\350\277\3177/T;\352O\337\342"
 142      4254 8E15 
 142      8FE4 4478 
 142      3CE8 BFCF 
 142      372F 543B 
 143 006b 51F7 59A5 		.ascii	"Q\367Y\245\026`h\271\325\224+i`\334\260\t\333\375\270\236\016"
 143      1660 68B9 
 143      D594 2B69 
 143      60DC B009 
 143      DBFD B89E 
 144 0080 E6A2 9930 		.ascii	"\346\242\2310\263\346-#\320\314\325\313\254\327\351\317\201\372"
 144      B3E6 2D23 
 144      D0CC D5CB 
 144      ACD7 E9CF 
 144      81FA 
 145 0092 8725 1187 		.ascii	"\207%\021\207\220F\327\212\035S\217\236\265\314\355yL\270\177"
 145      9046 D78A 
 145      1D53 8F9E 
 145      B5CC ED79 
 145      4CB8 7F
 146 00a5 FE29 2177 		.ascii	"\376)!w&\316p\343\361\3445\256\2765\251\205C1\024\357X\205;\275"
 146      26CE 70E3 
 146      F1E4 35AE 
 146      BE35 A985 
 146      4331 14EF 
 147 00bd 7A74 191F 		.ascii	"zt\031\037\332\033\216\302{\246\265\b\276\330Y\374\217\342\217"
 147      DA1B 8EC2 
 147      7BA6 B508 
 147      BED8 59FC 
 147      8FE2 8F
 148 00d0 CF40 35DF 		.ascii	"\317@5\337\330)\266\326\262r;oeeQ\224\355V\236ge{}sc9\303/\023"
 148      D829 B6D6 
 148      B272 3B6F 
 148      6565 5194 
 148      ED56 9E67 
 149 00ed 7648 CF   		.ascii	"vH\317"
 150               		.text
 151               		.section	.gnu.lto_eeconfig_update_default_layer.ba5448c17f148ef9,"",@progbits
 152 0000 789C 2550 		.ascii	"x\234%P=K\003A\024|\263\357\274;D{\301 \330\030\322\030\301\337"
 152      3D4B 0341 
 152      147C B3EF 
 152      BC3B 447B 
 152      C120 D818 
 153 0018 E0EF 1039 		.ascii	"\340\357\0209N\021\275\034\210\330\336\032\211IPAP#\221-\322"
 153      4E11 BD1C 
 153      88D8 DE1A 
 153      8949 5041 
 153      5023 912D 
 154 002d 0405 4111 		.ascii	"\004\005A\021?\257;\254\305B\004\013\013A\304\306`\255\205\321"
 154      3FAF 3BAC 
 154      C542 040B 
 154      0B41 C4C6 
 154      60AD 85D1 
 155 0041 B771 6060 		.ascii	"\267q``\33073\373x.\021}\013G\205\303B0Am\337\023\255\372\n\260"
 155      D837 33FB 
 155      782E 117D 
 155      0B47 85C3 
 155      4230 416D 
 156 005b 42FB A044 		.ascii	"B\373\240D!\301&\3572n\253\357\251*\034jA\266\377\345\255\353"
 156      21C1 26EF 
 156      326E ABEF 
 156      A92A 1C6A 
 156      41B6 FFE5 
 157 0071 CA90 61A2 		.ascii	"\312\220a\242\206\320\002\347(\210k\347q\353\211y\004$\372\243"
 157      86D0 02E7 
 157      2888 6BE7 
 157      71EB 8979 
 157      0424 FAA3 
 158 0085 79F4 D29F 		.ascii	"y\364\322\237ok]\326\331\333\224\0360\f\\\200%\201\311\034&r"
 158      6F6B 5DD6 
 158      D9DB 941E 
 158      300C 5C80 
 158      2581 C91C 
 159 009b 240F 844B 		.ascii	"$\017\204K\344\255\371\365\254\2737\350:\377}\270\202K\020q\372"
 159      E4AD F9F5 
 159      ACBB 37E8 
 159      3AFF 7DB8 
 159      824B 1071 
 160 00b0 D097 E9EE 		.ascii	"\320\227\351\356oUgwc\354\310^\326M5\361\310\202:\243:+\253\326"
 160      6F55 6777 
 160      63EC C85E 
 160      D64D 35F1 
 160      C882 3AA3 
 161 00c8 32EA A0D2 		.ascii	"2\352\240\322:\341^P\332\322\264\363\354%?\3327\254\032\362\013"
 161      3AE1 5E50 
 161      DAD2 B4F3 
 161      EC25 3FDA 
 161      37AC 1AF2 
 162 00dd E11A 891D 		.ascii	"\341\032\211\035\324M\363\330\333`\303\f\306\rr\007\254\f;\364"
 162      D44D F3D8 
 162      DB60 C30C 
 162      C60D 7207 
 162      AC0C 3BF4 
 163 00f1 8972 CBED 		.ascii	"\211r\313\355\205-j\222\220V%\207Y\216\026\246\203x),\006q\024"
 163      852D 6A92 
 163      9056 2587 
 163      598E 16A6 
 163      8378 292C 
 164 0108 C5A5 6218 		.ascii	"\305\245b\030\006qiv~n< ^\231Y\374\003\311yY\307"
 164      0671 6976 
 164      7E6E 3C20 
 164      5E99 59FC 
 164      03C9 7959 
 165               		.text
 166               		.section	.gnu.lto_eeconfig_read_keymap.ba5448c17f148ef9,"",@progbits
 167 0000 789C 2D8E 		.string	"x\234-\216\275J\003Q\020\205\317\271\0237\213\242/\220\025\322X\2441\202\017d\261\254\"\2
 167      BD4A 0351 
 167      1085 CFB9 
 167      1337 8BA2 
 167      2F90 15D2 
 168 003d 46E7 8AC5 		.string	"F\347\212\305\031\0163s\276\231"
 168      190E 3373 
 168      BE99 00
 169 0048 C093 6A59 		.string	"\300\223jYUQQ@\323y\001\366BCzcC\"7\314y\"]\341i\2573Y\252]Y\333\262\356\254;\177\336~\26
 169      5551 5140 
 169      D379 01F6 
 169      4243 7A63 
 169      4322 37CC 
 170 008a 5473 339E 		.ascii	"Ts3\236sv\366sh\335\363\212\210\201O\243\255E\217Y\207#m\251"
 170      7376 F673 
 170      68DD F38A 
 170      8881 4FA3 
 170      AD45 8F59 
 171 00a2 DB77 98F2 		.ascii	"\333w\230\362\340\362Z|\356B\214\342F\243\351[9\377\266a!\354"
 171      E0F2 5A7C 
 171      EE42 8CE2 
 171      46A3 E95B 
 171      39FF B661 
 172 00b8 8BA2 3860 		.ascii	"\213\2428`\356\357<\276\337}-\034\353\033\206%\016\031\025\""
 172      EEEF 3CBE 
 172      DF7D 2D1C 
 172      EB1B 8625 
 172      0E19 1522 
 173 00cc F864 ABFA 		.ascii	"\370d\253\372\037\305\037\237\236\252\276\322Lw6\342l7\251\307"
 173      1FC5 1F9F 
 173      9EAA BED2 
 173      4C77 36E2 
 173      6C37 A9C7 
 174 00e0 599A 668D 		.ascii	"Y\232f\215z\222\304Ycs{k5\306/\002pI3"
 174      7A92 C459 
 174      6373 7B6B 
 174      35C6 2F02 
 174      7049 33
 175               		.text
 176               		.section	.gnu.lto_eeconfig_update_keymap.ba5448c17f148ef9,"",@progbits
 177 0000 789C 2550 		.ascii	"x\234%P\317+DQ\030\375\316\375\236\3475\330+/e\241i6F\371\027"
 177      CF2B 4451 
 177      18FD CEFD 
 177      9EE7 35D8 
 177      2B2F 65A1 
 178 0019 FC1F D26B 		.ascii	"\374\037\322kH\274y%\331\276k4f\204R\030\321K\263\021;\371\355"
 178      48BC 7925 
 178      D9BE 6B34 
 178      6684 5218 
 178      D14B B311 
 179 0030 ED2E 7F80 		.ascii	"\355.\177\200\205\246,,\310\302\306K\261\2630|w\234:u\272\337"
 179      85A6 2C2C 
 179      C8C2 C64B 
 179      B1B3 307C 
 179      779C 3A75 
 180 0046 39E7 7E7D 		.ascii	"9\347~}.\021}\013\207\204\003B0Am\336\023-y\n\260B{\240X!\306"
 180      2E11 7D0B 
 180      8784 0342 
 180      3041 6DDE 
 180      132D 790A 
 181 0061 3A6F 33EE 		.ascii	":o3\356jo\251*\034i\201\331=\310\255\350j\177\302D\r\241\005"
 181      6A6F A92A 
 181      1C69 81D9 
 181      3DC8 ADE8 
 181      6A7F C244 
 182 0078 CE51 10D7 		.ascii	"\316Q\020\327Vk\343\221y\020$\372}\357\3709\227?\324\272\242"
 182      566B E391 
 182      7910 24FA 
 182      7DEF F839 
 182      973F D4BA 
 183 008d 4D36 AE7B 		.ascii	"M6\256{\023\006.\300\222\300\230\217Q\237\344\201p\211\2745\277"
 183      1306 2EC0 
 183      92C0 988F 
 183      519F E481 
 183      7089 BC35 
 184 00a2 9EB6 77FA 		.ascii	"\236\266w\372\\\347\277\017Wp\t\"N\036\272\214n\377\326\264i"
 184      5CE7 BF0F 
 184      5770 0922 
 184      4E1E BA8C 
 184      6EFF D6B4 
 185 00b7 0DB3 237B 		.ascii	"\r\263#{Y7\325\305#\013jC\253\254\254Z6\224\241\332\374R\235"
 185      5937 D5C5 
 185      230B 6A43 
 185      ABAC AC5A 
 185      3694 A1DA 
 186 00ce A0B4 A569 		.ascii	"\240\264\245i\366\324\035\377h/a\325\220_\b\327\210\355\340\366"
 186      F6D4 1DFF 
 186      682F 61D5 
 186      905F 08D7 
 186      88ED E0F6 
 187 00e2 E5EC B367 		.ascii	"\345\354\263g\215\023f8\270\201\277\317*a\207>Pi\272\235\260"
 187      8D13 6638 
 187      B881 BFCF 
 187      2A61 873E 
 187      5069 BA9D 
 188 00f7 455D 12D2 		.ascii	"E]\022\322\252\3440\013\341\354D\020\315\227\212A\024\206Q\271"
 188      AAE4 300B 
 188      E1EC 4410 
 188      CD97 8A41 
 188      1486 51B9 
 189 010b 582A 0551 		.ascii	"X*\005Qyjfz$ ^\234\234\373\003\333OZ\241"
 189      796A 667A 
 189      2420 5E9C 
 189      9CFB 03DB 
 189      4F5A A1
 190               		.text
 191               		.section	.gnu.lto_eeconfig_read_backlight.ba5448c17f148ef9,"",@progbits
 192 0000 789C 2D8E 		.string	"x\234-\216\275J\003Q\020\205\317\271\243\353\022\320\027\310\n6\026i\214\340\003Y,\253\21
 192      BD4A 0351 
 192      1085 CFB9 
 192      A3EB 12D0 
 192      17C8 0A36 
 193 0047 0FA6 5953 		.ascii	"\017\246YS\335D\001]\367\021\330\212\035\031\214\306D\351X\362"
 193      DD44 015D 
 193      F711 D88A 
 193      1D19 8CC6 
 193      44E9 58F2 
 194 005b 408E 8487 		.ascii	"@\216\204\207\275\356\353L\343\\\265\255\376\370\256v\322yR\251"
 194      BDEE EB4C 
 194      E35C B5AD 
 194      FEF8 AE76 
 194      D279 52A9 
 195 006f 04E8 5B6E 		.ascii	"\004\350[n)\341b\022\030\327l\300v\337\256\306\275\351h\"\314"
 195      29E1 6212 
 195      18D7 6CC0 
 195      76DF AEC6 
 195      BDE9 6822 
 196 0084 AC79 C308 		.ascii	"\254y\303\b4s\371<\351u\374\263\253\376c^\304!\244\321\261b\307"
 196      3473 F93C 
 196      E975 FCB3 
 196      ABFE 635E 
 196      C421 A4D1 
 197 009b D463 CF5A 		.ascii	"\324c\317Z\346\266=F\3349\033H\310\235\2123\334p8z\231*\2775"
 197      E6B6 3D46 
 197      DC39 1B48 
 197      C89D 8A33 
 197      DC70 387A 
 198 00b3 AE84 7D31 		.ascii	"\256\204}1\024oY\206;\237\027\367\357\265}{\3031\342\200I%\202"
 198      146F 5986 
 198      3B9F 17F7 
 198      EFB5 7D7B 
 198      C331 E280 
 199 00ca 2FB6 E7FE 		.ascii	"/\266\347\376\243\370\3433P\315\3277\363\365\345\264\330\310"
 199      A3F8 E333 
 199      50CD D737 
 199      F3F5 E5B4 
 199      D8C8 
 200 00dc 9A69 91E7 		.ascii	"\232i\221\347E\253\231ei\321ZY[]H\361\013/\256Im"
 200      45AB 9965 
 200      69D1 5A59 
 200      5B5D 48F1 
 200      0B2F AE49 
 201               		.text
 202               		.section	.gnu.lto_eeconfig_update_backlight.ba5448c17f148ef9,"",@progbits
 203 0000 789C 2550 		.ascii	"x\234%P=K\304P\020\334y\033c\b\332\013\006\301B\216k<\301\337"
 203      3D4B C450 
 203      10DC 791B 
 203      6308 DA0B 
 203      06C1 428E 
 204 0018 E0EF 1009 		.string	"\340\357\020\tQDs\001\021\333<O\316;QAPO\224\024\327\210\327\211\370\231.\250\265\205\034
 204      5144 7301 
 204      11DB 3C4F 
 204      CE3B 5141 
 204      504F 9414 
 205 0119 F25A C4   		.ascii	"\362Z\304"
 206               		.text
 207               		.section	.gnu.lto_eeconfig_read_audio.ba5448c17f148ef9,"",@progbits
 208 0000 789C 2D8E 		.string	"x\234-\2161K\003Q\020\204g\336\352\345\020\365\017\344\2044\026i\214\340\017\2628N\021\27
 208      314B 0351 
 208      1084 67DE 
 208      EAE5 10F5 
 208      0FE4 8434 
 209 0048 9E55 2BAA 		.string	"\236U+\252\262\212\002\232\366+\260\037\032\322\033\033\022\271a\316S9\027\236u\332\357\3
 209      B28A 029A 
 209      F62B B01F 
 209      1AD2 1B1B 
 209      12B9 61CE 
 210 0072 5DCD 6D44 		.ascii	"]\315mD\\\217<\343\201U\350\356\307\375\254\263\024\314\371\231"
 210      5C8F 3CE3 
 210      8155 E8EE 
 210      C7FD ACB3 
 210      14CC F999 
 211 0086 361F 1980 		.ascii	"6\037\031\200j\356\336\346\235\235\375\034Y\367\264*b\340\323"
 211      6AEE DEE6 
 211      9D9D FD1C 
 211      59F7 B42A 
 211      62E0 D3
 212 0099 6869 D163 		.ascii	"hi\321c\326\341X[\352\016\034\246<\274\272\026\237\273\024\243"
 212      D6E1 585B 
 212      EA0E 1CA6 
 212      3CBC BA16 
 212      9FBB 14A3 
 213 00ad B8E1 703A 		.ascii	"\270\341p:)\345\3376,\204]Q\024\373\314\375\235\227Q\357v\361"
 213      29E5 DF36 
 213      2C84 5D51 
 213      14FB CCFD 
 213      9D97 51EF 
 214 00c3 44DF 302C 		.ascii	"D\3370,q\300\250\020\301'\233\225\377(\376\370\364T\365\345F"
 214      71C0 A810 
 214      C127 9B95 
 214      FF28 FEF8 
 214      F454 F5E5 
 215 00d8 BABB 1967 		.ascii	"\272\273\031g{I-\316\3224\253\327\222$\316\352[;\333k1~\001*"
 215      7B49 2DCE 
 215      D234 ABD7 
 215      9224 CEEA 
 215      5B3B DB6B 
 216 00f0 3449 17   		.ascii	"4I\027"
 217               		.text
 218               		.section	.gnu.lto_eeconfig_update_audio.ba5448c17f148ef9,"",@progbits
 219 0000 789C 2550 		.ascii	"x\234%P=K\003A\024|\263\357\274\034!\366\202A\260\220\220\306"
 219      3D4B 0341 
 219      147C B3EF 
 219      BC1C 21F6 
 219      8241 B090 
 220 0016 08FE 05FF 		.ascii	"\b\376\005\377\207\310q\212\350\345@\304\366\326HLD\005AMP\256"
 220      87C8 718A 
 220      E8E5 40C4 
 220      F6D6 484C 
 220      4405 414D 
 221 002c 4823 A613 		.ascii	"H#\246\023\361\363\272\305N\021\013\021,,\004\021\033CzA\243"
 221      F1F3 BAC5 
 221      4E11 0B11 
 221      2C2C 0411 
 221      1B43 7A41 
 222 0041 6FE3 C0C0 		.ascii	"o\343\300\300\260of\366\361\\\"\372\022\216\n\207\205`\202\332"
 222      B06F 66F6 
 222      F15C 22FA 
 222      128E 0A87 
 222      8560 82DA 
 223 0055 7920 5AF5 		.ascii	"y Z\365\024`\205\366@\261B\214-\336c\334\324>RU<\326\002\323"
 223      1460 85F6 
 223      40B1 428C 
 223      2DDE 63DC 
 223      D43E 5255 
 224 006d FCCE AEEB 		.ascii	"\374\316\256\353\352P\302D\r\241\005\316P\024\327\356\323\366"
 224      EA50 C244 
 224      0DA1 05CE 
 224      5014 D7EE 
 224      D3F6 
 225 007f 33F3 0848 		.ascii	"3\363\bH\364\347A\3735[8\322\272\242\315\373\224\316%\f\234\203"
 225      F4E7 41FB 
 225      355B 38D2 
 225      BAA2 CDFB 
 225      94CE 250C 
 226 0095 2581 C93C 		.ascii	"%\201\311<&\362$\017\204\013\024\254\371\355\264\267?\350:\377"
 226      26F2 240F 
 226      840B 14AC 
 226      F9ED B4B7 
 226      3FE8 3AFF 
 227 00a9 7DB8 844B 		.ascii	"}\270\204K\020q\3628`t\357\267\246\315\375\030;\262\227uS]<\262"
 227      1071 F238 
 227      6074 EFB7 
 227      A6CD FD18 
 227      3BB2 9775 
 228 00c1 A036 B4C1 		.ascii	"\2406\264\301\312\2525C\035T[]\325\017J[\232v^2\361\217\366\022"
 228      CAAA 3543 
 228      1D54 5B5D 
 228      D50F 4A5B 
 228      9A76 5E32 
 229 00d9 560D F985 		.ascii	"V\r\371\205p\205\330\016n\357\232\355\334&'\314\310\340\032\371"
 229      7085 D80E 
 229      6EEF 9AED 
 229      DC26 27CC 
 229      C8E0 1AF9 
 230 00ed 4356 093B 		.ascii	"CV\t;\324E\245\345\366\303\026uIH\253\222\303,\207\013\323~\264"
 230      D445 A5E5 
 230      F6C3 1675 
 230      4948 AB92 
 230      C32C 870B 
 231 0104 1494 FC28 		.ascii	"\024\224\374(\f\243r)\b\374\250<;?7\356\023\257\314,\376\001"
 231      0CA3 7229 
 231      08FC A83C 
 231      3B3F 37EE 
 231      13AF CC2C 
 232 011a 0E2E 5A7D 		.ascii	"\016.Z}"
 233               		.text
 234               		.section	.gnu.lto_eeconfig_read_kb.ba5448c17f148ef9,"",@progbits
 235 0000 789C 2D4E 		.ascii	"x\234-N=K\303P\024\275\347\3354\006D\373\003\032\241\203K\027"
 235      3D4B C350 
 235      14BD E7DD 
 235      3406 44FB 
 235      031A A183 
 236 0016 FB93 1C42 		.ascii	"\373\223\034B\024\2214 \356y\326\202\026E\034\264B\210\240\213"
 236      1491 3420 
 236      EE79 D682 
 236      1645 1CB4 
 236      4288 A08B 
 237 002a 2E82 8A9F 		.ascii	".\202\212\237\335\2628*\352\352\246\270\025\241\340j\364<p\270"
 237      DDB2 382A 
 237      EAEA A6B8 
 237      15A1 E06A 
 237      F43C 70B8 
 238 003e 70CE BDE7 		.ascii	"p\316\275\347\343\372\"\362\311\231\34148P\201\331}\022Y\013"
 238      E3FA 22F2 
 238      C999 E134 
 238      3850 81D9 
 238      7D12 590B 
 239 0052 0CE0 800D 		.ascii	"\f\340\200\r \231A\206m\335S\274\364.\n\335\322\2022\217t\374"
 239      2099 4186 
 239      6DDD 53BC 
 239      F42E 0ADD 
 239      D282 328F 
 240 0068 987F 4C3B 		.ascii	"\230\177L;\n4I\017\037\216\373^\353\324\332\256-\017\362\311"
 240      0A34 490F 
 240      1F8E FB5E 
 240      EBD4 DAAE 
 240      2D0F F2C9 
 241 007c 7CE7 D9F2 		.ascii	"|\347\331\362fd@\3715B\\!t\0357h\t\325\357\227\325\376\224\357"
 241      6664 40F9 
 241      3542 5C21 
 241      741D 3768 
 241      09D5 EF97 
 242 0094 B92B 97B7 		.ascii	"\271+\227\267\360\005\004\347\257\265\322V\277\033\266\374\236"
 242      F005 04E7 
 242      AFB5 D256 
 242      BF1B B6FC 
 242      9E
 243 00a5 557A 9D5F 		.ascii	"Uz\235_6)\3413\266\224>)\321z)#\364\216*\343|\271\032\306\r\207"
 243      3629 E133 
 243      B694 3E29 
 243      D17A 2923 
 243      F48E 2AE3 
 244 00bf A3B7 89EC 		.ascii	"\243\267\211\354\307\006\205\352@\031\205;d\256\347\354d\\\326"
 244      C706 85EA 
 244      4019 853B 
 244      64AE E7EC 
 244      645C D6
 245 00d2 DD93 1EEA 		.ascii	"\335\223\036\352\270GXhM\276\320m\376[\331\311|\270T\342\306"
 245      B847 5868 
 245      4DBE D06D 
 245      FE5B D9C9 
 245      7CB8 54E2 
 246 00e7 6AB2 3C1F 		.ascii	"j\262<\037\245+q;J\223$\355\264\3438J;\013K\213s\221\374\001"
 246      A52B 713B 
 246      4A93 24ED 
 246      B4E3 384A 
 246      3B0B 4B8B 
 247 00ff 204C 544E 		.ascii	" LTN"
 248               		.text
 249               		.section	.gnu.lto_eeconfig_update_kb.ba5448c17f148ef9,"",@progbits
 250 0000 789C 2550 		.ascii	"x\234%P\301JBA\024\275g\356\363%X\271-\222(\b\304M~R\304\303"
 250      C14A 4241 
 250      14BD 67EE 
 250      F325 58B9 
 250      2D92 2808 
 251 001a 224A 1F84 		.ascii	"\"J\037\204\264}\223e\032%\004\225A\274\205\033k\023"
 251      B47D 9365 
 251      1A25 0495 
 251      41BC 851B 
 251      6B13 
 252 002c 5454 D66B 		.string	"TT\326k5\264/(\204\026\265*p%\201\373\262\356\330\201\313\234;s\316\231;\343\022\3218\210
 252      35B4 2F28 
 252      8416 B52A 
 252      7025 81FB 
 252      B2EE D881 
 253 012d 89C0 6422 		.ascii	"\211\300d\""
 254               		.text
 255               		.section	.gnu.lto_eeconfig_read_user.ba5448c17f148ef9,"",@progbits
 256 0000 789C 2D4E 		.string	"x\234-N;K\303`\024\275'7\215\001Q\007\307F\350\342\320\305\376$\207\020E$\rH\367|\326B-\2
 256      3B4B C360 
 256      14BD 2737 
 256      8D01 5107 
 256      C746 E8E2 
 257 003a ABE7 0387 		.string	"\253\347\003\207\013\347\334{\036\327\023\221O\316\002\247\312\201\n\234\375\027\221M\337
 257      0BE7 DC7B 
 257      1ED7 1391 
 257      4FCE 02A7 
 257      CA81 0A9C 
 258 0100 F265 53A0 		.ascii	"\362eS\240"
 259               		.text
 260               		.section	.gnu.lto_eeconfig_update_user.ba5448c17f148ef9,"",@progbits
 261 0000 789C 2550 		.string	"x\234%P=K\003A\024|\263\357r\006\342Ga\243x\210\026\022\322\230\237$rD\021M\016$\330\336\
 261      3D4B 0341 
 261      147C B3EF 
 261      7206 E247 
 261      61A3 7888 
 262 0079 67C8 88EA 		.ascii	"g\310\210\352q\375$\344-\016\031\260\244\375\276\257\177\f\232"
 262      71FD 24E4 
 262      2D0E 19B0 
 262      A4FD BEAF 
 262      7F0C 9A
 263 008c 5661 42DA 		.ascii	"VaB\332\335\347\352\013\3638H\370[SWS\351\246\326%\035\177\026"
 263      DDE7 EA0B 
 263      F338 48F8 
 263      5B53 5753 
 263      E9A6 D625 
 264 00a3 757F C88C 		.ascii	"u\177\310\214K\260\344\341\002\016\316\341\220l\021\256\2206"
 264      4BB0 E4E1 
 264      020E CEE1 
 264      906C 11AE 
 264      9036 
 265 00b5 F2F7 D3EE 		.ascii	"\362\367\323\356\376\200m\375\337\207k\330$\263\323\361S\"\326"
 265      FE80 6DFD 
 265      DF87 6BD8 
 265      24B3 D3F1 
 265      5322 D6
 266 00c8 DDDF 40C7 		.ascii	"\335\337@\307wSl\311\334FM\025\321\310\003tL\233\254\f[\213\251"
 266      7753 6CC9 
 266      DC46 4D15 
 266      D1C8 0374 
 266      4C9B AC0C 
 267 00df 8D72 A3A3 		.ascii	"\215r\243\243zFI\213\242v\253\317\377\321\311\220\255\032K\022"
 267      7A46 498B 
 267      A276 ABCF 
 267      FFD1 C990 
 267      AD1A 4B12 
 268 00f3 22F8 E620 		.ascii	"\"\370\346 h\035\325\206\314\300\t\f\343\006N\235U\3106uPj\330"
 268      681D D586 
 268      CCC0 090C 
 268      E306 4E9D 
 268      55C8 3675 
 269 010a 3DB3 4145 		.ascii	"=\263AE\034\222\252\344\343\212\371\305\031\327[\316e]/\237\367"
 269      1C92 AAE4 
 269      E38A F9C5 
 269      19D7 5BCE 
 269      655D 2F9F 
 270 011f 0AD9 5CCE 		.ascii	"\n\331\\\316\365\ns\013\363\323.\361\312\354\322\037\214\240"
 270      F50A 730B 
 270      F3D3 2EF1 
 270      CAEC D21F 
 270      8CA0 
 271 0131 63D1      		.ascii	"c\321"
 272               		.text
 273               		.section	.gnu.lto_eeconfig_init_user.ba5448c17f148ef9,"",@progbits
 274 0000 789C 258F 		.string	"x\234%\217\275j\002Q\020\205\347\3341\273\233\"}B\342\003\330\350#Y,\233\020d]\220\364{\3
 274      BD6A 0251 
 274      1085 E7DC 
 274      31BB 9B22 
 274      7D42 E203 
 275 004d 13D4 DB17 		.string	"\023\324\333\027Q\335S\2005\332\003\305\n1^\271\307X\266\367\231*\f\265\310\274\257\257\3
 275      51DD 5380 
 275      35DA 03C5 
 275      0A31 5EB9 
 275      C758 B6F7 
 276 00e4 BAE6 48F1 		.ascii	"\272\346H\361"
 277               		.text
 278               		.section	.gnu.lto_eeconfig_init_kb.ba5448c17f148ef9,"",@progbits
 279 0000 789C 6D4D 		.string	"x\234mM=K\303P\024=\347\3354\215\203\273R\375\001]\354Or\bQD\322\200\270\347\331*\255\350
 279      3D4B C350 
 279      143D E7DD 
 279      348D 83BB 
 279      52FD 015D 
 280 0050 7602 43D6 		.ascii	"v\002C\326\302\006Dj\230\362P\216\205\243\301\2444\355s\253p"
 280      C206 446A 
 280      98F2 508E 
 280      85A3 C1A4 
 280      34ED 73AB 
 281 0065 A7CF 0BF6 		.ascii	"\247\317\013\366\3021\027 S\326\3405\333P\333\313\325\364d\336"
 281      C231 1720 
 281      53D6 E035 
 281      DB50 DBCB 
 281      D5F4 64DE 
 282 0079 F7FE EEBC 		.ascii	"\367\376\356\274\241\017\252\270|l8;\375\031XW\235\361\313\363"
 282      A10F AAB8 
 282      7C6C 383B 
 282      FD19 5857 
 282      9DF1 CBF3 
 283 008d 80A1 FE75 		.ascii	"\200\241\376u\304:\354\213\251U\337\241\342n\361\2668\013iSY"
 283      C43A EC8B 
 283      A955 DFA1 
 283      E26E F1B6 
 283      380B 6953 
 284 00a2 564F CDF4 		.ascii	"VO\315\364\333\006\2710\023m\341-\323\372\221\355\215\306\315"
 284      DB06 B930 
 284      136D E12D 
 284      D3FA 91ED 
 284      8DC6 CD
 285 00b5 03C9 C510 		.ascii	"\003\311\305\020\274\343R.\242\321~\361\316\177\242^\246\365"
 285      BCE3 522E 
 285      A2D1 7EF1 
 285      CE7F A25E 
 285      A6F5 
 286 00c7 E0BD 4673 		.ascii	"\340\275Fsi\340\203\275\342sn\346\2531\324^\335VGk;\336\\\r\223"
 286      69E0 83BD 
 286      E273 6EE6 
 286      AB31 D45E 
 286      DD56 476B 
 287 00e0 ADA8 1326 		.ascii	"\255\250\023&q\234t;Q\024&\335\265\215\365\225\020\277\363DV"
 287      719C 743B 
 287      5114 26DD 
 287      B58D F595 
 287      10BF F344 
 288 00f5 5E        		.ascii	"^"
 289               		.text
 290               		.section	.gnu.lto_eeconfig_init_quantum.ba5448c17f148ef9,"",@progbits
 291 0000 789C 7D94 		.ascii	"x\234}\224\333k\023A\030\305\347\354\344\262\315\245\340\223"
 291      DB6B 1341 
 291      18C5 E7EC 
 291      E4B2 CDA5 
 291      E093 
 292 0012 9746 F0B5 		.ascii	"\227F\360\265/\366?\322\207\020EJ\032\020\337\2636\324\264Z\252"
 292      2FF6 3FD2 
 292      8710 454A 
 292      1A10 DFB3 
 292      36D4 B45A 
 293 0027 68DD 5258 		.ascii	"h\335RXt\005\213\251\027Dm\3254\246n\323zI\325F\333j\021\021"
 293      7405 8BA9 
 293      1744 6DD5 
 293      34A6 6ED3 
 293      7A49 D546 
 294 003f ACA5 629B 		.ascii	"\254\245b\233V\f\352\203BR\277\331\211"
 294      560C EA83 
 294      4252 BFD9 
 294      89
 295 004c 362B 7107 		.string	"6+q\007\206\035f\366w\316\231\357c\327\307\030\353\3640\266\227\236m4\301\031\2243s\214\0
 295      861D 66F6 
 295      77CE 99EF 
 295      63D7 C718 
 295      EBF4 30B6 
 296 014d 25B4 E844 		.ascii	"%\264\350D\304+7+^=\336\224\2147\365\341v%(\343yP\330\216'\360"
 296      C42B 372B 
 296      5E3D DE94 
 296      8C37 F5E1 
 296      7625 28E3 
 297 0167 4D97 DB4D 		.ascii	"M\227\333MK\274V^.\207%\356\305\214\023\257\270\340\217$\276"
 297      4BBC 565E 
 297      2E87 25EE 
 297      C58C 13AF 
 297      B8E0 8F24 
 298 017c 9A99 5EA9 		.ascii	"\232\231^\251\227\332\207\307N\374\207\013\376D\342\305\331\241"
 298      97DA 87C7 
 298      4EFC 870B 
 298      FE44 E2C5 
 298      D9A1 
 299 018e 4C48 E27E 		.ascii	"LH\342~<\265;\265\220\232)q\331\251-\240\270-\367\263\231\\P"
 299      3CB5 3BB5 
 299      909A 2971 
 299      D9A9 2DA0 
 299      B82D F7B3 
 300 01a5 E754 5DCC 		.ascii	"\347T]\314J\271\223\277\226\006T\331\004\025\317(\215%\360\220"
 300      4AB9 93BF 
 300      9606 54D9 
 300      0415 CF28 
 300      8D25 F090 
 301 01b9 8D57 5DD2 		.ascii	"\215W]\322<\227\370\327\354HF\221i\302x\341\274\314%\376\177"
 301      3C97 F8D7 
 301      EC48 4691 
 301      69C2 78E1 
 301      BCCC 25FE 
 302 01ce F739 897F 		.ascii	"\3679\211\177\273\276t: \335w\241\344t\037i\206\327\335_J|ex"
 302      BBBE 743A 
 302      20DD 77A1 
 302      E474 1F69 
 302      86D7 DD5F 
 303 01e6 75A2 DEC8 		.ascii	"u\242\336\310\235x\345t\037uq\237\257w\242x\356DH\272G\260\340"
 303      9D78 E574 
 303      1F75 719F 
 303      AF77 A278 
 303      EE44 48BA 
 304 01fd 74BF E1E2 		.ascii	"t\277\341\342\276(\361\364\232\226\367H\367}x\335\350\2362\307"
 304      BE28 F1F4 
 304      9A96 F748 
 304      F77D 78DD 
 304      E89E 32C7 
 305 0211 9BE1 619D 		.ascii	"\233\341a\235>H\2067\204\033\274\225}A\267\231\013\332\357\211"
 305      3E48 8637 
 305      841B BC95 
 305      7D41 B799 
 305      0BDA EF89 
 306 0225 D14B DF37 		.ascii	"\321K\3377\375\003\310\240\355X\274\363`4q4\326\021M\304\343"
 306      FD03 C8A0 
 306      ED58 BCF3 
 306      6034 7134 
 306      D611 4DC4 
 307 023a 89AE 8E58 		.ascii	"\211\256\216X,\232\350:t\344\360\376(\373\r\265\243me"
 307      2C9A E83A 
 307      74E4 F0FE 
 307      28FB 0DB5 
 307      A36D 65
 308               		.text
 309               		.section	.gnu.lto_eeconfig_init.ba5448c17f148ef9,"",@progbits
 310 0000 789C 258F 		.string	"x\234%\217\275\n\302@\020\204w\3564\006\304\007\020\361\001l\364\221,B\024\221\030\020\37
 310      BD0A C240 
 310      1084 77EE 
 310      3406 C407 
 310      10F1 016C 
 311 002f 1662 6767 		.ascii	"\026bgga%\326\202h\334\350\300\007\303\355\354\034k\020Q\310"
 311      6125 D682 
 311      68DC E8C0 
 311      07C3 EDEC 
 311      1C6B 1051 
 312 0044 1499 0203 		.ascii	"\024\231\002\003I\020\223#Q\327\024@b\224\t\362\004<\214\345"
 312      4910 9323 
 312      51D7 1440 
 312      6294 09F2 
 312      043C 8CE5 
 313 0058 54E2 30B8 		.ascii	"T\3420\270E\242\264R,\275x\346U\250\341K\2429\223\b[\224\210"
 313      45A2 B452 
 313      2CBD 78E6 
 313      55A8 E14B 
 313      A239 9308 
 314 006f 63D7 CD67 		.ascii	"c\327\315g\2263R\377w\354`\020\330\254Oi\255>\361@\351\363\022"
 314      9633 52FF 
 314      77EC 6010 
 314      D8AC 4F69 
 314      AD3E F140 
 315 0086 719A 6743 		.ascii	"q\232gC\206?Q\232FR$\256\257\351\216~\360*\374\226\270)\212\356"
 315      863F 519A 
 315      4652 24AE 
 315      AFE9 8E7E 
 315      F02A FC96 
 316 009e 978C F756 		.ascii	"\227\214\367V\246/1\227\334\202=<\3629\375@/\210\263\277\\\242"
 316      A62F 3197 
 316      DC82 3D3C 
 316      F239 FD40 
 316      2F88 B3BF 
 317 00b4 210F B940 		.ascii	"!\017\271@\360\035\035\247Y\265\334\266]\261\\\307q[\025\333"
 317      F01D 1DA7 
 317      59B5 DCB6 
 317      5DB1 5CC7 
 317      715B 15DB 
 318 00c8 B6DC 56AD 		.ascii	"\266\334V\255Q/[\364\005\255\373DO"
 318      512F 5BF4 
 318      05AD FB44 
 318      4F
 319               		.text
 320               		.section	.gnu.lto_eeconfig_read_haptic.ba5448c17f148ef9,"",@progbits
 321 0000 789C 2D4E 		.ascii	"x\234-N\275K\303p\020\275\227KcPt\026\032\241\213C\027\373'9"
 321      BD4B C370 
 321      10BD 974B 
 321      6350 7416 
 321      1AA1 8B43 
 322 0018 8428 2269 		.ascii	"\204(\"i@\334\363\263\026\264(\352\240\025B\004\235\\\304\017"
 322      40DC F3B3 
 322      16B4 28EA 
 322      A015 4204 
 322      9D5C C40F 
 323 002c AAB6 DDB2 		.ascii	"\252\266\335\2628**\202\203\233\342VDq\266\372~\340p\360\336"
 323      382A 2A82 
 323      839B E256 
 323      4471 B6FA 
 323      7EE0 70F0 
 324 0041 DDFB 384F 		.ascii	"\335\3738OD\3369S\2342\007*pv\356DV|\007\260\300\370\220\324"
 324      44DE 3953 
 324      9C32 072A 
 324      7076 EE44 
 324      567C 07B0 
 325 0059 418A 4DDD 		.ascii	"A\212M\335U<4\317s\335\320\2342\227\364\3536{\233\260\024\250"
 325      553C 34CF 
 325      73DD D09C 
 325      3297 F4EB 
 325      367B 9BB0 
 326 006f 901E DC1C 		.ascii	"\220\036\334\034\265\334\352\2611\rS\354\177\216e[\367\2067G"
 326      B5DC EAB1 
 326      310D 53EC 
 326      7F8E 655B 
 326      F786 3747 
 327 0083 DA94 5F22 		.ascii	"\332\224_\"@\007\201\355\270BU\250~\275\030\356\215{\256\275"
 327      4007 81ED 
 327      B842 55A8 
 327      7EBD 18EE 
 327      8D7B AEBD 
 328 0097 7279 0D4F 		.ascii	"ry\rO@p\366X*\314\360w\315\024O\323J\257\365\313:%|\306\024\322"
 328      4070 F658 
 328      2ACC F077 
 328      CD14 4FD3 
 328      4AAF F5CB 
 329 00b1 2225 5A2D 		.ascii	"\"%Z-d\200\346\341\251Z_\246\016\343\372\375\301\313H\372c\374"
 329      6480 E6E1 
 329      A95A 5FA6 
 329      0EE3 FAFD 
 329      C1CB 48FA 
 330 00c7 5CB5 AD8C 		.ascii	"\\\265\255\214B\027\251\355\371>y\336\036\265O\272\230D\017A"
 330      4217 A9ED 
 330      F93E 79DE 
 330      1EB5 4FBA 
 330      9844 0F41 
 331 00db AE25 F940 		.ascii	"\256%\371@\243\362oe'\363aS\211\313\313\361\342l\230,E\2650\211"
 331      A3F2 6F65 
 331      27F3 6153 
 331      89CB CBF1 
 331      E26C 982C 
 332 00f3 E3A4 5E8B 		.ascii	"\343\244^\213\2420\251\317-\314\317\204\362\0075}T<"
 332      A230 A9CF 
 332      2DCC CF84 
 332      F207 357D 
 332      543C 
 333               		.text
 334               		.section	.gnu.lto_eeconfig_update_haptic.ba5448c17f148ef9,"",@progbits
 335 0000 789C 2550 		.ascii	"x\234%P=K\003A\024|\263\357r\036F\255#\006\321BB\032\363\223"
 335      3D4B 0341 
 335      147C B3EF 
 335      721E 46AD 
 335      2306 D142 
 336 0018 448E 28A2 		.ascii	"D\216(\242\311\201\004\333[\2431\021\r\nj\204pE\232`#\250\370"
 336      C981 04DB 
 336      5BA3 3111 
 336      0D0A 6A84 
 336      7045 9A60 
 337 002f 7956 87BD 		.ascii	"yV\207\275\202\"\2440\225\202U\020D\261\020\214\276\215\003\217"
 337      8222 A430 
 337      9582 5510 
 337      44B1 108C 
 337      BE8D 038F 
 338 0043 9DB7 3B33 		.ascii	"\235\267;3\373vm\"\032\006\321\270\254#R`\202\332\276#Zv\024"
 338      FB76 6D22 
 338      1A06 D1B8 
 338      AC23 5260 
 338      82DA BE23 
 339 005a 6088 7640 		.ascii	"`\210v@\276\202\217M\336e\334\224_C\225>\320\202h\377;\276\246"
 339      BE82 8F4D 
 339      DE65 DC94 
 339      5F43 953E 
 339      D082 68FF 
 340 0071 4B89 8089 		.ascii	"K\211\200\211jR\0068EZT\367\253\307\001op\300\200%\355\373m\375"
 340      6A52 0638 
 340      455A 54F7 
 340      ABC7 016F 
 340      70C0 8025 
 341 0089 65C8 B40A 		.ascii	"e\310\264\nc\322\356<V[\314\243 \341\355\246\256\306SM\255\213"
 341      63D2 EE3C 
 341      565B CCA3 
 341      20E1 EDA6 
 341      AEC6 534D 
 342 009f 3AFA 2CE8 		.ascii	":\372,\350\201\200\031\027`\311\3039\2228C\222d\213p\211\224"
 342      8180 1917 
 342      60C9 C339 
 342      9238 4392 
 342      648B 7089 
 343 00b4 913F 9F74 		.ascii	"\221?\237t\367\006m\353\377>\\\301&\231\235\216\036b\221\356"
 343      F706 6DEB 
 343      FF3E 5CC1 
 343      2699 9D8E 
 343      1E62 91EE 
 344 00c8 FE96 75D4 		.ascii	"\376\226u\324\236`K\3466j\252\210F\036\240#Zge\330JD\035\224"
 344      9E60 4BE6 
 344      366A AA88 
 344      461E A023 
 344      5A67 65D8 
 345 00e0 1A5F AA67 		.ascii	"\032_\252g\224\2640\354<\365\371?\332\t\330\252\261$!\204o\016"
 345      94B4 30EC 
 345      3CF5 F93F 
 345      DA09 D8AA 
 345      B124 2184 
 346 00f6 3E0E 5B5B 		.ascii	">\016[[\375f\340\030\022\270F\262\316*`\233\336Pl\330=\263AE"
 346      FD66 E018 
 346      12B8 46B2 
 346      CE2A 609B 
 346      DE50 6CD8 
 347 010e 1C92 AAE4 		.ascii	"\034\222\252\344\343\n\271\371)\327[\314f\\/\227\363\362\231"
 347      E30A B9F9 
 347      29D7 5BCC 
 347      665C 2F97 
 347      F3F2 99
 348 0121 6CD6 F5F2 		.ascii	"l\326\365\3623s\263\223.\361\322\364\302\037\352\301d}"
 348      3373 B393 
 348      2EF1 D2F4 
 348      C21F EAC1 
 348      647D 
 349               		.text
 350               		.section	.gnu.lto_.symbol_nodes.ba5448c17f148ef9,"",@progbits
 351 0000 789C 5590 		.string	"x\234U\220AR\203@\020E\033&@ !\004\230$\020 \361\n\336@O\366Y\244\314\3263X9\205K\313\265
 351      4152 8340 
 351      1045 1B26 
 351      4020 2104 
 351      9824 1020 
 352 0048 1E87 103E 		.ascii	"\036\207\020>\207\b\206\303\022\013\0161\002\016\tB\016+D\034"
 352      8708 86C3 
 352      120B 0E31 
 352      020E 0942 
 352      0E2B 441C 
 353 005c D658 7248 		.ascii	"\326XrH\021s\330 \341\220a\305a\2135\207\034)\207\002\033\016"
 353      1173 D820 
 353      E190 61C5 
 353      618B 3587 
 353      1C29 8702 
 354 0072 2532 0E16 		.ascii	"%2\016\026[\016;\344\034\004\005\007\017%\007\037\226Bp\224\273"
 354      5B0E 3BE4 
 354      1C04 0507 
 354      0F25 071F 
 354      9642 7094 
 355 0087 E9AD 0D76 		.ascii	"\351\255\rv|p\217=\207\003\016\024\274\n\325\034D\372\376a\364"
 355      7C70 8F3D 
 355      8703 0E14 
 355      BC0A D51C 
 355      44FA FE61 
 356 009c 1635 7987 		.ascii	"\0265y\207#y\215\206\374\204\226\274A\367\337\215\324r\373\374"
 356      2379 8D86 
 356      FC84 96BC 
 356      41F7 DF8D 
 356      D472 FBFC 
 357 00b0 F58C A7F4 		.ascii	"\365\214\247\364\217\216F\271h\034\203\3261T\217\324\227\352"
 357      8F8E 46B9 
 357      681C 83D6 
 357      3154 8FD4 
 357      97EA 
 358 00c2 B17A A2BE 		.ascii	"\261z\242\276R_\253\247\352\233\3161;9n\325s\365\"\227\227\211"
 358      525F ABA7 
 358      EA9B CE31 
 358      3B39 6ED5 
 358      73F5 2297 
 359 00d8 65A6 2CE4 		.ascii	"e\246,\344m\242\325\375l+\357\312Ay\373\322\256\034\224\227\247"
 359      6DA2 D5FD 
 359      6C2B EFCA 
 359      4179 FBD2 
 359      AE1C 9497 
 360 00ed 9FB3 B1E3 		.ascii	"\237\263\261\343\177g\216s\365A\375r\325\371U\3473K\371\236\270"
 360      7F67 8E73 
 360      F541 FD72 
 360      D5F9 55E7 
 360      334B F99E 
 361 0102 B7EE FE83 		.ascii	"\267\356\376\203\356W\271\375\344\017X6\327\341"
 361      EE57 B9FD 
 361      E40F 5836 
 361      D7E1 
 362               		.text
 363               		.section	.gnu.lto_.refs.ba5448c17f148ef9,"",@progbits
 364 0000 789C 6363 		.string	"x\234cc```\003bF\021FQ\026\006"
 364      6060 6003 
 364      6246 1146 
 364      5116 0600 
 365 0010 0153 00   		.string	"\001S"
 366 0013 3C        		.ascii	"<"
 367               		.text
 368               		.section	.gnu.lto_.decls.ba5448c17f148ef9,"",@progbits
 369 0000 789C 9557 		.string	"x\234\225WiPTW\026~\367]\266n\232%\306\230dd&[\271\324dF\234$\023\223Y\252R\223\037\363o~
 369      6950 5457 
 369      167E F75D 
 369      B66E 9A25 
 369      C698 6464 
 370 00c7 5810 D833 		.ascii	"X\020\3303`K\300B\300^\001[\016\366:\330jD\303\2447\220\244\273"
 370      604B C042 
 370      C05E 015B 
 370      0EF6 3AD8 
 370      6A44 C3A4 
 371 00df F2E1 D91B 		.ascii	"\362\341\331\033\356\037\201\275\211\264:\236\3438\231\353]\342"
 371      EE1F 81BD 
 371      89B4 3A9E 
 371      E338 99EB 
 371      5DE2 
 372 00f1 1147 AEE2 		.ascii	"\021G\256\342\005\304v\032\304~C\364\303\375*\217y\013\261\336"
 372      05C4 761A 
 372      C47E 43F4 
 372      C3FD 2A8F 
 372      790B B1DE 
 373 0105 2D85 7BB5 		.ascii	"-\205{\265\244\305\223\036\205\314\023\177f\201\361\275\006\361"
 373      A4C5 931E 
 373      85CC 137F 
 373      6681 F1BD 
 373      06F1 
 374 0117 E7C0 E725 		.ascii	"\347\300\347%\261u\372-bk\366\262\240\233\254\311+\363\304\265"
 374      B175 FA2D 
 374      626B F6B2 
 374      A09B ACC9 
 374      2BF3 C4B5 
 375 012b 0A35 93D8 		.ascii	"\n5\223\330\267\021[\347eB,Y\313\345\363\304v<%\347\240A\316"
 375      B711 5BE7 
 375      6542 2C59 
 375      CBE5 F3C4 
 375      763C 25E7 
 376 0142 2B0B C879 		.ascii	"+\013\310y\327 g\327Sr\216\030\344\354Y@\3161\203\234\267\236"
 376      D720 67D7 
 376      5372 8E18 
 376      E4EC 5940 
 376      CE31 839C 
 377 0158 9273 C220 		.ascii	"\222s\302 \347\300\002r\3367\310y\367)9\037\032\344\034[@\316"
 377      E7C0 0272 
 377      DE37 C879 
 377      F729 391F 
 377      1AE4 1C5B 
 378 016e 2983 9C0F 		.ascii	")\203\234\017\371\f\302\261 -\226\330>_\203\330\236\377\245\020"
 378      F90C C2B1 
 378      202D 96D8 
 378      3E5F 83D8 
 378      9EFF A510 
 379 0182 4FF6 EDEB 		.ascii	"O\366\355\353\363\304?\006\237/\317-r\274\203\330y\021*p\220"
 379      F3C4 3F06 
 379      9F2F CF2D 
 379      72BC 83D8 
 379      7911 2A70 
 380 0197 7DBF 7A1E 		.ascii	"}\277z\036\016$/L\203\204\346\327\340-/\\\203\214\346\327\020"
 380      0E24 2F4C 
 380      8384 E6D7 
 380      E02D 2F5C 
 380      838C E6D7 
 381 01ac 20B3 DE13 		.ascii	" \263\336\023\216w\021\213\177,iq>\374\274\362\274\236"
 381      8E77 118B 
 381      7F2C 6971 
 381      3EFC BCF2 
 381      BC9E 
 382 01be E5DA 3DE3 		.string	"\345\332=\343~\007\237;8\006\216[z\306\315q\036\317\353y\340\b\222\346?\203\324\265$\353\
 382      7E07 9F3B 
 382      3806 8E5B 
 382      7AC6 CD71 
 382      1ECF EB79 
 383 02bf 04A4 55EE 		.string	"\004\244U\356\355\367\021\331\277\321\261\327p\366\032\312^\222\330\227\357\007]\n\201\26
 383      EDF7 11D9 
 383      BFD1 B1D7 
 383      70F6 1ACA 
 383      5E92 D897 
 384 038d 95AF E095 		.ascii	"\225\257\340\2257\200\363\034\357\324X\362\005\331\314#\222\027"
 384      3780 F31C 
 384      EFD4 58F2 
 384      05D9 CC23 
 384      9217 
 385 039f 1291 9AFA 		.ascii	"\022\221\232\372\345\277\305\352[t\325\267\362\352[i\365\243"
 385      E5BF C5EA 
 385      5B74 D5B7 
 385      F2EA 5B69 
 385      F5A3 
 386 03b1 A7EA F274 		.ascii	"\247\352\362t\255j\326\201\3338\270\215\365\365\374\314\244\177"
 386      AD6A D681 
 386      DB38 B88D 
 386      F5F5 FCCC 
 386      A47F 
 387 03c3 0FEA 46B0 		.ascii	"\017\352F\260\227\370FE\210\337\0205\366\214\350#9\345\331\215"
 387      97F8 4645 
 387      88DF 1035 
 387      F68C E823 
 387      39E5 D98D 
 388 03d7 BB10 8749 		.ascii	"\273\020\207I\352g\216b~Y\245\243\377\220\304\331\\\352\305\230"
 388      EA67 8E62 
 388      7E59 A5A3 
 388      FF90 C4D9 
 388      5CEA C598 
 389 03eb 3944 A323 		.ascii	"9D\243#>Y=*\030;\207\201\237b\005\006\306+\244\027\351Yn\335"
 389      3E59 3D2A 
 389      183B 8781 
 389      9F62 0506 
 389      C62B A417 
 390 0403 D762 9188 		.ascii	"\327b\221\210\037\022\031\235#w\315\370\177t\032z\267\227\364"
 390      1F12 199D 
 390      2377 CDF8 
 390      7F74 1A7A 
 390      B797 F4
 391 0416 FABF B087 		.ascii	"\372\277\260\207\256\266\242\004#\364\321\022>\307\022\352@/"
 391      AEB6 A204 
 391      23F4 D112 
 391      3EC7 12EA 
 391      402F 
 392 0428 C0FF D15E 		.ascii	"\300\377\321^,*\2656!=\340\325\034%\247Wq\236\313\177k_Q\274"
 392      2C2A B536 
 392      213D E0D5 
 392      1C25 A757 
 392      719E CB7F 
 393 0440 520A 51EF 		.ascii	"R\nQ\357Q\034j\327\346\243\235\036G\350\"\202?e\320%\364*\304"
 393      511C 6AD7 
 393      E6A3 9D1E 
 393      47E8 2282 
 393      3F65 D025 
 394 0457 E68E 1C1C 		.ascii	"\346\216\034\034\366\301_!\2322uKn\201J"
 394      F6C1 5F21 
 394      9A32 754B 
 394      6E81 4A
 395 0466 74EF C544 		.string	"t\357\305D\305\031\257\220\343\206\260\\\326X.\213,\235\224\245v\352\336}?|\222\2614\327u
 395      C519 AF90 
 395      E386 B05C 
 395      D658 2E8B 
 395      2C9D 94A5 
 396 0567 86FA 3415 		.ascii	"\206\3724\025}\242\212\001\252\"\311Y\336o\301;\331\257dy\351"
 396      7DA2 8A01 
 396      AA22 C959 
 396      DE6F C13B 
 396      D9AF 6479 
 397 057c A62D 2ACD 		.ascii	"\246-*\315\334\001\217j\356h<wD\236A\312\323r\256:\336\027\027"
 397      DC01 8F6A 
 397      EE68 3C77 
 397      449E 41CA 
 397      D372 AE3A 
 398 0593 309E FD7B 		.ascii	"0\236\375{\357\264\230\325\256\034\324\313\031\322h\206D\232"
 398      EFB4 98D5 
 398      AE1C D4CB 
 398      19D2 6886 
 398      449A 
 399 05a5 BB94 6636 		.ascii	"\273\224f6\177\364v n`4G\322\322&\324\231\357\314\363\2203\254"
 399      7FF4 7620 
 399      6E60 3447 
 399      D2D2 26D4 
 399      99EF CCF3 
 400 05bc F10C 8B3C 		.ascii	"\361\f\213<#\224\247\271*\177\263\tw3\236\331\242\274\034_\265"
 400      2394 A7B9 
 400      2A7F B309 
 400      7733 9ED9 
 400      A2BC 1C5F 
 401 05d1 AC3C BD9C 		.ascii	"\254<\275\234Q\215fT\244\031\2434\337\236O\350\r\302\017\030"
 401      518D 6654 
 401      A419 A334 
 401      DF9E 4FE8 
 401      0DC2 0F18 
 402 05e5 4D52 FDB5 		.ascii	"MR\375\265r\231\323\214\346{\310\031\327x\306E\236\t\312\223"
 402      7299 D38C 
 402      E67B C819 
 402      D778 C645 
 402      9E09 CA93 
 403 05f9 F7E8 D159 		.ascii	"\367\350\321Yo\234\202)Oz\356\231$u\324;\013\364r\356i4\367D"
 403      6F9C 8229 
 403      4F7A EE99 
 403      2475 D43B 
 403      0BF4 72EE 
 404 0611 9AFB 6C64 		.ascii	"\232\373ld\256\227\314\231q.\243\33144\344\262\250k^\350!\347"
 404      AE97 CC99 
 404      712E A3D9 
 404      3434 E4B2 
 404      A86B 5EE8 
 405 0627 81C6 F340 		.ascii	"\201\306\363@\344yHyf\206\267\216c\\\315x.$%V\370s\236\311B\275"
 405      E479 4879 
 405      6686 B78E 
 405      635C CD78 
 405      2E24 2556 
 406 0641 9C49 8D66 		.ascii	"\234I\215fR\244\231b\007T~c\177\020n\3434y\t\025\276\342\264"
 406      52A4 9962 
 406      0754 7E63 
 406      7F10 6EE3 
 406      3479 0915 
 407 0658 360B 9BE6 		.ascii	"6\013\233\346G\335\246q\346&=V7\315h\321bM9\300\320\264\226r"
 407      47DD A671 
 407      E626 3D56 
 407      37CD 68D1 
 407      624D 39C0 
 408 0670 5A4C 3943 		.ascii	"ZL9CSn\311\310\270\354\205o\260\224)]\323Cl\3234\2737\315\367"
 408      536E C9C8 
 408      B8EC 856F 
 408      B094 295D 
 408      D343 6CD3 
 409 0689 BBE3 8703 		.ascii	"\273\343\207\003\r6\315c\252bV\33543\333'6\221\302{A\306\365"
 409      0D36 CD63 
 409      AA62 56DD 
 409      3433 DB27 
 409      3691 C27B 
 410 06a0 62AD 7080 		.ascii	"b\255p\200\241G\232\212G\242\2129\252\"\333\271e\320\202\037"
 410      A147 9A8A 
 410      47A2 8A39 
 410      AA22 DBB9 
 410      65D0 821F 
 411 06b4 3015 8D29 		.ascii	"0\025\215)\225\205\352\224\326\037\363\250\306\245\361\270D\036"
 411      9585 EA94 
 411      D61F F3A8 
 411      C6A5 F1B8 
 411      441E 
 412 06c6 4526 3C93 		.ascii	"E&<\223\003\005\027\275q\222\027[\317\232\366S\230\313\031=\246"
 412      0305 17BD 
 412      7192 175B 
 412      CF9A F653 
 412      98CB 193D 
 413 06db 9713 2FBB 		.ascii	"\227\023/\273i\340\243F\263\211\322\234>\2348\340\215\263\030"
 413      69E0 A346 
 413      B389 D29C 
 413      3E9C 38E0 
 413      8DB3 18
 414 06ee 4DF3 0F23 		.ascii	"M\363\017#E\336\270\204=\224f\315^\364\203\016\241\004\032\005"
 414      45DE B884 
 414      3D94 66CD 
 414      5EF4 830E 
 414      A104 1A05 
 415 0702 9E6D 0FA7 		.ascii	"\236m\017\247\376I\2228\025\347\371\277*)\364\030'?\"\233\325"
 415      FE49 9238 
 415      15E7 F9BF 
 415      2A29 F418 
 415      273F 229B 
 416 0717 0C28 51F6 		.ascii	"\f(Q\366\"OZ\222-4\311\211\351\236\333\276\270\314\210wp\367"
 416      224F 5A92 
 416      2D34 C989 
 416      E99E DBBE 
 416      B8CC 8877 
 417 072d F7B5 164E 		.ascii	"\367\265\026N<#\022'\271\211\223\2018I$\336J\211\353\366\035"
 417      3C23 1227 
 417      B989 9381 
 417      3849 24DE 
 417      4A89 EBF6 
 418 0742 BD6F C275 		.ascii	"\275o\302u\2148{Go\243\332\204\366\277))\212J\263M\353\3006\221"
 418      8C38 7B47 
 418      6FA3 DA84 
 418      F6BF 2929 
 418      8A4A B34D 
 419 075a 633B E5E8 		.ascii	"c;\345\350<T6\344\215\273\030\307\245\307\r\211\352x\335\374"
 419      3C54 36E4 
 419      8DBB 18C7 
 419      A5C7 0D89 
 419      EA78 DDFC 
 420 076e 87C0 91A2 		.ascii	"\207\300\221\242q\244\210\034;(\207\253i\254\313\202\007\031"
 420      71A4 881C 
 420      3B28 87AB 
 420      69AC CB82 
 420      0719 
 421 0780 4772 E6E0 		.ascii	"Gr\346\340~\254.j\211\307\242\356\324xv\212<\237S\236\334\364"
 421      7EAC 2E6A 
 421      89C7 A2EE 
 421      D478 768A 
 421      3C9F 539E 
 422 0796 F4AA 403C 		.ascii	"\364\252@<\307x\356\355j\313T7\351h\211~QS5\232T\221&\215\322"
 422      C778 EEED 
 422      6ACB 5437 
 422      E968 897E 
 422      5153 359A 
 423 07af DC69 48EA 		.ascii	"\334iH\352\306x\2677\245\231I\232\356\302t\322\253\335\223\236"
 423      C678 B737 
 423      A599 499A 
 423      EEC2 74D2 
 423      ABDD 939E 
 424 07c3 3A7D B980 		.ascii	":}\271\200M?\2745\240\f\231\215\377"
 424      4D3F BC35 
 424      A00C 998D 
 424      FF
 425 07d0 D5A1 1D46 		.string	"\325\241\035F\343\277[&\343\277K\346\343\177\352\364\231\213A\244\325"
 425      E3BF 5B26 
 425      E3BF 4BE6 
 425      E37F EAF4 
 425      998B 41A4 
 426 07e6 3D5B FC5A 		.string	"=[\374Z\312\321x\347j\nB\351\232\260t\231\375\234\243=TT\312^W\272\005\3671Q\217\312jg\37
 426      CAD1 78E7 
 426      6A0A 42E9 
 426      9AB0 7499 
 426      FD9C A33D 
 427 0843 87F6 BAA7 		.string	"\207\366\272\247j?L\325^Ue\026U\271\373r_}"
 427      6A3F 4CD5 
 427      5E55 6516 
 427      55B9 FB72 
 427      5F7D 00
 428 0856 9E33 12D6 		.ascii	"\2363\022\326sd\373\016_*\254\316-l\333\310\334\230\267\321O"
 428      7364 FB0E 
 428      5F2A ACCE 
 428      2D6C DBC8 
 428      DC98 B7D1 
 429 086b 7E0E 1576 		.ascii	"~\016\025vP\025\246\\\235\251Q\033\327B~\007Ta\200C\331na\007"
 429      5015 A65C 
 429      9DA9 511B 
 429      D742 7E07 
 429      5461 8043 
 430 0883 4058 B62A 		.ascii	"@X\266*\354K*\2549c\270\312\202?\3671\374\311\357\3149\254X\250"
 430      EC4B 2AAC 
 430      3963 B8CA 
 430      823F F731 
 430      FCC9 EFCC 
 431 089b 0F5E 52D0 		.ascii	"\017^R\320a\266\246\263M'\273\215\376\0168B\245}\245J\313*\313"
 431      61B6 A6B3 
 431      4D27 BB8D 
 431      FE0E 3842 
 431      A57D A54A 
 432 08b2 6A42 5CDA 		.ascii	"jB\\\332\034\031\267ZD \350\220\266\242\207TI\271T\322\245\315"
 432      1C19 B75A 
 432      4420 E890 
 432      B6A2 8754 
 432      49B9 54D2 
 433 08c8 85C5 267C 		.ascii	"\205\305&|\310\307\240W-\263\207\006\274\250\240Vw\257\276>\325"
 433      C8C7 A057 
 433      2DB3 8706 
 433      BCA8 A056 
 433      77AF BE3E 
 434 08dd 516C 313A 		.ascii	"Ql1:\351\013\250\240|U\320\375\243\331\031j\257\256\027\b\213"
 434      E90B A8A0 
 434      7C55 D0FD 
 434      A3D9 196A 
 434      AFAE 1708 
 435 08f2 0838 74D4 		.ascii	"\b8t\324\335\253<\350\325QUX!\025V\336\261\177\227\005\227\371"
 435      DDAB 3CE8 
 435      D551 5558 
 435      2115 56DE 
 435      B17F 9705 
 436 0908 189E F417 		.ascii	"\030\236\364\027\022\332*\331|\301[\n*f\275*\275^\361/\203V\225"
 436      12DA 2AD9 
 436      7CC1 5B0A 
 436      2A66 BD2A 
 436      BD5E F12F 
 437 091f 5065 C754 		.ascii	"Pe\307TeU7\\M\276\352*V\261V\001\004\025i\255*R\025\225RE\023"
 437      6555 375C 
 437      4DBE EA2A 
 437      56B1 5601 
 437      0415 69AD 
 438 093a 374F 8F06 		.ascii	"7O\217\006\340\006\246\250\342\232s\277i\331a%g\023\371\303\376"
 438      E006 A6A8 
 438      E29A 73BF 
 438      69D9 6125 
 438      6713 F9C3 
 439 094f 5769 FDF1 		.ascii	"Wi\375\361\316R\205\265\3428cp\277\257I\304\003\377\177-/#\177"
 439      CE52 85B5 
 439      E238 6370 
 439      BFAF 49C4 
 439      03FF 7F2D 
 440 0966 5C16 DCCC 		.ascii	"\\\026\334\314\325\275\253\223\035\247\275y\235\220\331\233\027"
 440      D5BD AB93 
 440      1DA7 BD79 
 440      9D90 D99B 
 440      17
 441 0977 DCC9 EAE4 		.ascii	"\334\311\352\344*\251\376\"\370\013\035\270\214\203\313\0308"
 441      2AA9 FE22 
 441      F80B 1DB8 
 441      8C83 CB18 
 441      38
 442 0988 A5A4 DF2C 		.ascii	"\245\244\337,\202st\340\223\034|\222\202'\267N\356\017\024\301"
 442      8273 74E0 
 442      931C 7C92 
 442      8227 B74E 
 442      EE0F 14C1 
 443 099c 4774 E072 		.ascii	"Gt\340r\016.\247\340\331\336\306Z_\021\\\240\003Wpp\005\005\273"
 443      0E2E A7E0 
 443      D9DE C65A 
 443      5F11 5CA0 
 443      0357 7070 
 444 09b3 CE8D F67B 		.ascii	"\316\215\366{\213\340\022\035\270\222\203+)8\263'\373\007\335"
 444      8BE0 121D 
 444      B892 832B 
 444      2938 B327 
 444      FB07 DD
 445 09c6 7B28 3918 		.ascii	"{(9\0305p\025\007WQ\360\265\221#\251\026\021\334\241\003Ws0\271"
 445      3570 1507 
 445      5751 F0B5 
 445      9123 A916 
 445      11DC A103 
 446 09de FFCC 11B5 		.ascii	"\377\314\021\265\336\032\026\023k\017\r\213\211\212\212\211\016"
 446      DE1A 1613 
 446      6B0F 0D8B 
 446      898A 8A89 
 446      0E
 447 09ef B5DB C362 		.ascii	"\265\333\303b\242?\216X\267*\314\357\317\177\371\373\313\357"
 447      A23F 8E58 
 447      B72A CCEF 
 447      CF7F F9FB 
 447      CBEF 
 448 0a01 BFFB AEE4 		.ascii	"\277\373\256\344\027\027\021\355\370\315\333V\307\232\320\270"
 448      1717 11ED 
 448      F8CD DB56 
 448      C79A D0B8 
 449 0a11 8DB1 A191 		.ascii	"\215\261\241\2211a\266\310\320\367\355\221\221\266\330P\333\177"
 449      3161 B6C8 
 449      D0F7 ED91 
 449      91B6 D850 
 449      DB7F 
 450 0a23 637F BD2E 		.ascii	"c\177\275.,\354\2755\241kV\275\265j5y\016\215\210\016\213\214"
 450      2CEC BD35 
 450      A16B 56BD 
 450      B56A 3579 
 450      0E8D 880E 
 451 0a39 0BB7 876E 		.ascii	"\013\267\207nt\204C\340\252O$_B\360\216\325A\211"
 451      7484 43E0 
 451      AA4F 245F 
 451      42F0 8ED5 
 451      4189 
 452 0a4b DE7C C3EA 		.string	"\336|\303\352\bR\263X\355\321\266\265\221\366\245\306*\244`76<b#\001?\353vDl\344\361\341\
 452      0852 B358 
 452      EDD1 B6B5 
 452      91F6 A5C6 
 452      2AA4 6037 
 453 0b4c 4D        		.ascii	"M"
 454               		.text
 455               		.section	.gnu.lto_.symtab.ba5448c17f148ef9,"",@progbits
 456 0000 6565 636F 		.string	"eeconfig_enable"
 456      6E66 6967 
 456      5F65 6E61 
 456      626C 6500 
 457 0010 00        		.string	""
 458 0011 00        		.string	""
 459 0012 00        		.string	""
 460 0013 00        		.string	""
 461 0014 00        		.string	""
 462 0015 00        		.string	""
 463 0016 00        		.string	""
 464 0017 00        		.string	""
 465 0018 00        		.string	""
 466 0019 00        		.string	""
 467 001a 00        		.string	""
 468 001b D400      		.string	"\324"
 469 001d 00        		.string	""
 470 001e 00        		.string	""
 471 001f 6565 636F 		.string	"eeconfig_disable"
 471      6E66 6967 
 471      5F64 6973 
 471      6162 6C65 
 471      00
 472 0030 00        		.string	""
 473 0031 00        		.string	""
 474 0032 00        		.string	""
 475 0033 00        		.string	""
 476 0034 00        		.string	""
 477 0035 00        		.string	""
 478 0036 00        		.string	""
 479 0037 00        		.string	""
 480 0038 00        		.string	""
 481 0039 00        		.string	""
 482 003a 00        		.string	""
 483 003b D600      		.string	"\326"
 484 003d 00        		.string	""
 485 003e 00        		.string	""
 486 003f 6565 636F 		.string	"eeconfig_is_enabled"
 486      6E66 6967 
 486      5F69 735F 
 486      656E 6162 
 486      6C65 6400 
 487 0053 00        		.string	""
 488 0054 00        		.string	""
 489 0055 00        		.string	""
 490 0056 00        		.string	""
 491 0057 00        		.string	""
 492 0058 00        		.string	""
 493 0059 00        		.string	""
 494 005a 00        		.string	""
 495 005b 00        		.string	""
 496 005c 00        		.string	""
 497 005d 00        		.string	""
 498 005e DE00      		.string	"\336"
 499 0060 00        		.string	""
 500 0061 00        		.string	""
 501 0062 6565 636F 		.string	"eeconfig_is_disabled"
 501      6E66 6967 
 501      5F69 735F 
 501      6469 7361 
 501      626C 6564 
 502 0077 00        		.string	""
 503 0078 00        		.string	""
 504 0079 00        		.string	""
 505 007a 00        		.string	""
 506 007b 00        		.string	""
 507 007c 00        		.string	""
 508 007d 00        		.string	""
 509 007e 00        		.string	""
 510 007f 00        		.string	""
 511 0080 00        		.string	""
 512 0081 00        		.string	""
 513 0082 E000      		.string	"\340"
 514 0084 00        		.string	""
 515 0085 00        		.string	""
 516 0086 6565 636F 		.string	"eeconfig_read_debug"
 516      6E66 6967 
 516      5F72 6561 
 516      645F 6465 
 516      6275 6700 
 517 009a 00        		.string	""
 518 009b 00        		.string	""
 519 009c 00        		.string	""
 520 009d 00        		.string	""
 521 009e 00        		.string	""
 522 009f 00        		.string	""
 523 00a0 00        		.string	""
 524 00a1 00        		.string	""
 525 00a2 00        		.string	""
 526 00a3 00        		.string	""
 527 00a4 00        		.string	""
 528 00a5 E300      		.string	"\343"
 529 00a7 00        		.string	""
 530 00a8 00        		.string	""
 531 00a9 6565 636F 		.string	"eeconfig_update_debug"
 531      6E66 6967 
 531      5F75 7064 
 531      6174 655F 
 531      6465 6275 
 532 00bf 00        		.string	""
 533 00c0 00        		.string	""
 534 00c1 00        		.string	""
 535 00c2 00        		.string	""
 536 00c3 00        		.string	""
 537 00c4 00        		.string	""
 538 00c5 00        		.string	""
 539 00c6 00        		.string	""
 540 00c7 00        		.string	""
 541 00c8 00        		.string	""
 542 00c9 00        		.string	""
 543 00ca E700      		.string	"\347"
 544 00cc 00        		.string	""
 545 00cd 00        		.string	""
 546 00ce 6565 636F 		.string	"eeconfig_read_default_layer"
 546      6E66 6967 
 546      5F72 6561 
 546      645F 6465 
 546      6661 756C 
 547 00ea 00        		.string	""
 548 00eb 00        		.string	""
 549 00ec 00        		.string	""
 550 00ed 00        		.string	""
 551 00ee 00        		.string	""
 552 00ef 00        		.string	""
 553 00f0 00        		.string	""
 554 00f1 00        		.string	""
 555 00f2 00        		.string	""
 556 00f3 00        		.string	""
 557 00f4 00        		.string	""
 558 00f5 E900      		.string	"\351"
 559 00f7 00        		.string	""
 560 00f8 00        		.string	""
 561 00f9 6565 636F 		.string	"eeconfig_update_default_layer"
 561      6E66 6967 
 561      5F75 7064 
 561      6174 655F 
 561      6465 6661 
 562 0117 00        		.string	""
 563 0118 00        		.string	""
 564 0119 00        		.string	""
 565 011a 00        		.string	""
 566 011b 00        		.string	""
 567 011c 00        		.string	""
 568 011d 00        		.string	""
 569 011e 00        		.string	""
 570 011f 00        		.string	""
 571 0120 00        		.string	""
 572 0121 00        		.string	""
 573 0122 EB00      		.string	"\353"
 574 0124 00        		.string	""
 575 0125 00        		.string	""
 576 0126 6565 636F 		.string	"eeconfig_read_keymap"
 576      6E66 6967 
 576      5F72 6561 
 576      645F 6B65 
 576      796D 6170 
 577 013b 00        		.string	""
 578 013c 00        		.string	""
 579 013d 00        		.string	""
 580 013e 00        		.string	""
 581 013f 00        		.string	""
 582 0140 00        		.string	""
 583 0141 00        		.string	""
 584 0142 00        		.string	""
 585 0143 00        		.string	""
 586 0144 00        		.string	""
 587 0145 00        		.string	""
 588 0146 ED00      		.string	"\355"
 589 0148 00        		.string	""
 590 0149 00        		.string	""
 591 014a 6565 636F 		.string	"eeconfig_update_keymap"
 591      6E66 6967 
 591      5F75 7064 
 591      6174 655F 
 591      6B65 796D 
 592 0161 00        		.string	""
 593 0162 00        		.string	""
 594 0163 00        		.string	""
 595 0164 00        		.string	""
 596 0165 00        		.string	""
 597 0166 00        		.string	""
 598 0167 00        		.string	""
 599 0168 00        		.string	""
 600 0169 00        		.string	""
 601 016a 00        		.string	""
 602 016b 00        		.string	""
 603 016c EF00      		.string	"\357"
 604 016e 00        		.string	""
 605 016f 00        		.string	""
 606 0170 6565 636F 		.string	"eeconfig_read_backlight"
 606      6E66 6967 
 606      5F72 6561 
 606      645F 6261 
 606      636B 6C69 
 607 0188 00        		.string	""
 608 0189 00        		.string	""
 609 018a 00        		.string	""
 610 018b 00        		.string	""
 611 018c 00        		.string	""
 612 018d 00        		.string	""
 613 018e 00        		.string	""
 614 018f 00        		.string	""
 615 0190 00        		.string	""
 616 0191 00        		.string	""
 617 0192 00        		.string	""
 618 0193 F100      		.string	"\361"
 619 0195 00        		.string	""
 620 0196 00        		.string	""
 621 0197 6565 636F 		.string	"eeconfig_update_backlight"
 621      6E66 6967 
 621      5F75 7064 
 621      6174 655F 
 621      6261 636B 
 622 01b1 00        		.string	""
 623 01b2 00        		.string	""
 624 01b3 00        		.string	""
 625 01b4 00        		.string	""
 626 01b5 00        		.string	""
 627 01b6 00        		.string	""
 628 01b7 00        		.string	""
 629 01b8 00        		.string	""
 630 01b9 00        		.string	""
 631 01ba 00        		.string	""
 632 01bb 00        		.string	""
 633 01bc F300      		.string	"\363"
 634 01be 00        		.string	""
 635 01bf 00        		.string	""
 636 01c0 6565 636F 		.string	"eeconfig_read_audio"
 636      6E66 6967 
 636      5F72 6561 
 636      645F 6175 
 636      6469 6F00 
 637 01d4 00        		.string	""
 638 01d5 00        		.string	""
 639 01d6 00        		.string	""
 640 01d7 00        		.string	""
 641 01d8 00        		.string	""
 642 01d9 00        		.string	""
 643 01da 00        		.string	""
 644 01db 00        		.string	""
 645 01dc 00        		.string	""
 646 01dd 00        		.string	""
 647 01de 00        		.string	""
 648 01df F500      		.string	"\365"
 649 01e1 00        		.string	""
 650 01e2 00        		.string	""
 651 01e3 6565 636F 		.string	"eeconfig_update_audio"
 651      6E66 6967 
 651      5F75 7064 
 651      6174 655F 
 651      6175 6469 
 652 01f9 00        		.string	""
 653 01fa 00        		.string	""
 654 01fb 00        		.string	""
 655 01fc 00        		.string	""
 656 01fd 00        		.string	""
 657 01fe 00        		.string	""
 658 01ff 00        		.string	""
 659 0200 00        		.string	""
 660 0201 00        		.string	""
 661 0202 00        		.string	""
 662 0203 00        		.string	""
 663 0204 F700      		.string	"\367"
 664 0206 00        		.string	""
 665 0207 00        		.string	""
 666 0208 6565 636F 		.string	"eeconfig_read_kb"
 666      6E66 6967 
 666      5F72 6561 
 666      645F 6B62 
 666      00
 667 0219 00        		.string	""
 668 021a 00        		.string	""
 669 021b 00        		.string	""
 670 021c 00        		.string	""
 671 021d 00        		.string	""
 672 021e 00        		.string	""
 673 021f 00        		.string	""
 674 0220 00        		.string	""
 675 0221 00        		.string	""
 676 0222 00        		.string	""
 677 0223 00        		.string	""
 678 0224 FA00      		.string	"\372"
 679 0226 00        		.string	""
 680 0227 00        		.string	""
 681 0228 6565 636F 		.string	"eeconfig_update_kb"
 681      6E66 6967 
 681      5F75 7064 
 681      6174 655F 
 681      6B62 00
 682 023b 00        		.string	""
 683 023c 00        		.string	""
 684 023d 00        		.string	""
 685 023e 00        		.string	""
 686 023f 00        		.string	""
 687 0240 00        		.string	""
 688 0241 00        		.string	""
 689 0242 00        		.string	""
 690 0243 00        		.string	""
 691 0244 00        		.string	""
 692 0245 00        		.string	""
 693 0246 FE00      		.string	"\376"
 694 0248 00        		.string	""
 695 0249 00        		.string	""
 696 024a 6565 636F 		.string	"eeconfig_read_user"
 696      6E66 6967 
 696      5F72 6561 
 696      645F 7573 
 696      6572 00
 697 025d 00        		.string	""
 698 025e 00        		.string	""
 699 025f 00        		.string	""
 700 0260 00        		.string	""
 701 0261 00        		.string	""
 702 0262 00        		.string	""
 703 0263 00        		.string	""
 704 0264 00        		.string	""
 705 0265 00        		.string	""
 706 0266 00        		.string	""
 707 0267 00        		.string	""
 708 0268 00        		.string	""
 709 0269 0100      		.string	"\001"
 710 026b 00        		.string	""
 711 026c 6565 636F 		.string	"eeconfig_update_user"
 711      6E66 6967 
 711      5F75 7064 
 711      6174 655F 
 711      7573 6572 
 712 0281 00        		.string	""
 713 0282 00        		.string	""
 714 0283 00        		.string	""
 715 0284 00        		.string	""
 716 0285 00        		.string	""
 717 0286 00        		.string	""
 718 0287 00        		.string	""
 719 0288 00        		.string	""
 720 0289 00        		.string	""
 721 028a 00        		.string	""
 722 028b 00        		.string	""
 723 028c 0201 00   		.string	"\002\001"
 724 028f 00        		.string	""
 725 0290 6565 636F 		.string	"eeconfig_init_user"
 725      6E66 6967 
 725      5F69 6E69 
 725      745F 7573 
 725      6572 00
 726 02a3 00        		.string	""
 727 02a4 01        		.ascii	"\001"
 728 02a5 00        		.string	""
 729 02a6 00        		.string	""
 730 02a7 00        		.string	""
 731 02a8 00        		.string	""
 732 02a9 00        		.string	""
 733 02aa 00        		.string	""
 734 02ab 00        		.string	""
 735 02ac 00        		.string	""
 736 02ad 00        		.string	""
 737 02ae 0601 00   		.string	"\006\001"
 738 02b1 00        		.string	""
 739 02b2 6565 636F 		.string	"eeconfig_init_kb"
 739      6E66 6967 
 739      5F69 6E69 
 739      745F 6B62 
 739      00
 740 02c3 00        		.string	""
 741 02c4 01        		.ascii	"\001"
 742 02c5 00        		.string	""
 743 02c6 00        		.string	""
 744 02c7 00        		.string	""
 745 02c8 00        		.string	""
 746 02c9 00        		.string	""
 747 02ca 00        		.string	""
 748 02cb 00        		.string	""
 749 02cc 00        		.string	""
 750 02cd 00        		.string	""
 751 02ce 0901 00   		.string	"\t\001"
 752 02d1 00        		.string	""
 753 02d2 6565 636F 		.string	"eeconfig_init_quantum"
 753      6E66 6967 
 753      5F69 6E69 
 753      745F 7175 
 753      616E 7475 
 754 02e8 00        		.string	""
 755 02e9 00        		.string	""
 756 02ea 00        		.string	""
 757 02eb 00        		.string	""
 758 02ec 00        		.string	""
 759 02ed 00        		.string	""
 760 02ee 00        		.string	""
 761 02ef 00        		.string	""
 762 02f0 00        		.string	""
 763 02f1 00        		.string	""
 764 02f2 00        		.string	""
 765 02f3 0B01 00   		.string	"\013\001"
 766 02f6 00        		.string	""
 767 02f7 6565 636F 		.string	"eeconfig_init"
 767      6E66 6967 
 767      5F69 6E69 
 767      7400 
 768 0305 00        		.string	""
 769 0306 00        		.string	""
 770 0307 00        		.string	""
 771 0308 00        		.string	""
 772 0309 00        		.string	""
 773 030a 00        		.string	""
 774 030b 00        		.string	""
 775 030c 00        		.string	""
 776 030d 00        		.string	""
 777 030e 00        		.string	""
 778 030f 00        		.string	""
 779 0310 0D01 00   		.string	"\r\001"
 780 0313 00        		.string	""
 781 0314 6565 636F 		.string	"eeconfig_read_haptic"
 781      6E66 6967 
 781      5F72 6561 
 781      645F 6861 
 781      7074 6963 
 782 0329 00        		.string	""
 783 032a 00        		.string	""
 784 032b 00        		.string	""
 785 032c 00        		.string	""
 786 032d 00        		.string	""
 787 032e 00        		.string	""
 788 032f 00        		.string	""
 789 0330 00        		.string	""
 790 0331 00        		.string	""
 791 0332 00        		.string	""
 792 0333 00        		.string	""
 793 0334 0F01 00   		.string	"\017\001"
 794 0337 00        		.string	""
 795 0338 6565 636F 		.string	"eeconfig_update_haptic"
 795      6E66 6967 
 795      5F75 7064 
 795      6174 655F 
 795      6861 7074 
 796 034f 00        		.string	""
 797 0350 00        		.string	""
 798 0351 00        		.string	""
 799 0352 00        		.string	""
 800 0353 00        		.string	""
 801 0354 00        		.string	""
 802 0355 00        		.string	""
 803 0356 00        		.string	""
 804 0357 00        		.string	""
 805 0358 00        		.string	""
 806 0359 00        		.string	""
 807 035a 1101 00   		.string	"\021\001"
 808 035d 00        		.string	""
 809 035e 6465 6661 		.string	"default_layer_state"
 809      756C 745F 
 809      6C61 7965 
 809      725F 7374 
 809      6174 6500 
 810 0372 00        		.string	""
 811 0373 02        		.ascii	"\002"
 812 0374 00        		.string	""
 813 0375 00        		.string	""
 814 0376 00        		.string	""
 815 0377 00        		.string	""
 816 0378 00        		.string	""
 817 0379 00        		.string	""
 818 037a 00        		.string	""
 819 037b 00        		.string	""
 820 037c 00        		.string	""
 821 037d 3201 00   		.string	"2\001"
 822 0380 00        		.string	""
 823 0381 6565 7072 		.string	"eeprom_update_word"
 823      6F6D 5F75 
 823      7064 6174 
 823      655F 776F 
 823      7264 00
 824 0394 00        		.string	""
 825 0395 02        		.ascii	"\002"
 826 0396 00        		.string	""
 827 0397 00        		.string	""
 828 0398 00        		.string	""
 829 0399 00        		.string	""
 830 039a 00        		.string	""
 831 039b 00        		.string	""
 832 039c 00        		.string	""
 833 039d 00        		.string	""
 834 039e 00        		.string	""
 835 039f 1601 00   		.string	"\026\001"
 836 03a2 00        		.string	""
 837 03a3 6565 7072 		.string	"eeprom_read_word"
 837      6F6D 5F72 
 837      6561 645F 
 837      776F 7264 
 837      00
 838 03b4 00        		.string	""
 839 03b5 02        		.ascii	"\002"
 840 03b6 00        		.string	""
 841 03b7 00        		.string	""
 842 03b8 00        		.string	""
 843 03b9 00        		.string	""
 844 03ba 00        		.string	""
 845 03bb 00        		.string	""
 846 03bc 00        		.string	""
 847 03bd 00        		.string	""
 848 03be 00        		.string	""
 849 03bf 1C01 00   		.string	"\034\001"
 850 03c2 00        		.string	""
 851 03c3 6565 7072 		.string	"eeprom_read_byte"
 851      6F6D 5F72 
 851      6561 645F 
 851      6279 7465 
 851      00
 852 03d4 00        		.string	""
 853 03d5 02        		.ascii	"\002"
 854 03d6 00        		.string	""
 855 03d7 00        		.string	""
 856 03d8 00        		.string	""
 857 03d9 00        		.string	""
 858 03da 00        		.string	""
 859 03db 00        		.string	""
 860 03dc 00        		.string	""
 861 03dd 00        		.string	""
 862 03de 00        		.string	""
 863 03df 2101 00   		.string	"!\001"
 864 03e2 00        		.string	""
 865 03e3 6565 7072 		.string	"eeprom_update_byte"
 865      6F6D 5F75 
 865      7064 6174 
 865      655F 6279 
 865      7465 00
 866 03f6 00        		.string	""
 867 03f7 02        		.ascii	"\002"
 868 03f8 00        		.string	""
 869 03f9 00        		.string	""
 870 03fa 00        		.string	""
 871 03fb 00        		.string	""
 872 03fc 00        		.string	""
 873 03fd 00        		.string	""
 874 03fe 00        		.string	""
 875 03ff 00        		.string	""
 876 0400 00        		.string	""
 877 0401 2601 00   		.string	"&\001"
 878 0404 00        		.string	""
 879 0405 6565 7072 		.string	"eeprom_read_dword"
 879      6F6D 5F72 
 879      6561 645F 
 879      6477 6F72 
 879      6400 
 880 0417 00        		.string	""
 881 0418 02        		.ascii	"\002"
 882 0419 00        		.string	""
 883 041a 00        		.string	""
 884 041b 00        		.string	""
 885 041c 00        		.string	""
 886 041d 00        		.string	""
 887 041e 00        		.string	""
 888 041f 00        		.string	""
 889 0420 00        		.string	""
 890 0421 00        		.string	""
 891 0422 2B01 00   		.string	"+\001"
 892 0425 00        		.string	""
 893 0426 6565 7072 		.string	"eeprom_update_dword"
 893      6F6D 5F75 
 893      7064 6174 
 893      655F 6477 
 893      6F72 6400 
 894 043a 00        		.string	""
 895 043b 02        		.ascii	"\002"
 896 043c 00        		.string	""
 897 043d 00        		.string	""
 898 043e 00        		.string	""
 899 043f 00        		.string	""
 900 0440 00        		.string	""
 901 0441 00        		.string	""
 902 0442 00        		.string	""
 903 0443 00        		.string	""
 904 0444 00        		.string	""
 905 0445 3001 00   		.string	"0\001"
 906 0448 00        		.string	""
 907               		.text
 908               		.section	.gnu.lto_.opts,"",@progbits
 909 0000 272D 666D 		.ascii	"'-fmath-errno' '-fsigned-zeros' '-ftrapping-m"
 909      6174 682D 
 909      6572 726E 
 909      6F27 2027 
 909      2D66 7369 
 910 002d 6174 6827 		.string	"ath' '-fno-trapv' '-fno-openmp' '-fno-openacc' '-mn-flash=1' '-mno-skip-bug' '-mmcu=avr5'
 910      2027 2D66 
 910      6E6F 2D74 
 910      7261 7076 
 910      2720 272D 
 911               		.text
 912               		.comm	__gnu_lto_v1,1,1
 913               		.comm	__gnu_lto_slim,1,1
 914               		.ident	"GCC: (GNU) 7.4.0"
DEFINED SYMBOLS
                            *ABS*:0000000000000000 eeconfig.c
/var/folders/7d/r_phv7rx6m99qllr_nm2m9c80000gn/T//ccewOle6.s:2      *ABS*:000000000000003e __SP_H__
/var/folders/7d/r_phv7rx6m99qllr_nm2m9c80000gn/T//ccewOle6.s:3      *ABS*:000000000000003d __SP_L__
/var/folders/7d/r_phv7rx6m99qllr_nm2m9c80000gn/T//ccewOle6.s:4      *ABS*:000000000000003f __SREG__
/var/folders/7d/r_phv7rx6m99qllr_nm2m9c80000gn/T//ccewOle6.s:5      *ABS*:0000000000000000 __tmp_reg__
/var/folders/7d/r_phv7rx6m99qllr_nm2m9c80000gn/T//ccewOle6.s:6      *ABS*:0000000000000001 __zero_reg__
                            *COM*:0000000000000001 __gnu_lto_v1
                            *COM*:0000000000000001 __gnu_lto_slim

NO UNDEFINED SYMBOLS
