   1               		.file	"host.c"
   2               	__SP_H__ = 0x3e
   3               	__SP_L__ = 0x3d
   4               	__SREG__ = 0x3f
   5               	__tmp_reg__ = 0
   6               	__zero_reg__ = 1
   7               		.file 1 "/usr/local/Cellar/avr-gcc/9.2.0/avr/include/stdint.h"
   8               		.file 2 "tmk_core/common/report.h"
   9               		.file 3 "tmk_core/common/host_driver.h"
  10               		.file 4 "tmk_core/common/host.h"
  11               		.file 5 "tmk_core/common/avr/xprintf.h"
  12               		.file 6 "tmk_core/common/debug.h"
  13               		.file 7 "tmk_core/common/host.c"
  14               		.section	.gnu.debuglto_.debug_info,"e",@progbits
  15               	.Ldebug_info0:
  16               		.hidden	host.c.606bd109
  17               		.weak	host.c.606bd109
  18               	host.c.606bd109:
  19 0000 4404 0000 		.long	0x444
  20 0004 0200      		.word	0x2
  21 0006 0000 0000 		.long	.Ldebug_abbrev0
  22 000a 04        		.byte	0x4
  23 000b 01        		.uleb128 0x1
  24 000c 0000 0000 		.long	.LASF45
  25 0010 0C        		.byte	0xc
  26 0011 0000 0000 		.long	.LASF46
  27 0015 0000 0000 		.long	.LASF47
  28 0019 0000 0000 		.long	.Ldebug_line0
  29 001d 02        		.uleb128 0x2
  30 001e 0000 0000 		.long	.LASF0
  31 0022 01        		.byte	0x1
  32 0023 7D        		.byte	0x7d
  33 0024 14        		.byte	0x14
  34 0025 2900 0000 		.long	0x29
  35 0029 03        		.uleb128 0x3
  36 002a 01        		.byte	0x1
  37 002b 06        		.byte	0x6
  38 002c 0000 0000 		.long	.LASF2
  39 0030 02        		.uleb128 0x2
  40 0031 0000 0000 		.long	.LASF1
  41 0035 01        		.byte	0x1
  42 0036 7E        		.byte	0x7e
  43 0037 16        		.byte	0x16
  44 0038 3C00 0000 		.long	0x3c
  45 003c 03        		.uleb128 0x3
  46 003d 01        		.byte	0x1
  47 003e 08        		.byte	0x8
  48 003f 0000 0000 		.long	.LASF3
  49 0043 04        		.uleb128 0x4
  50 0044 02        		.byte	0x2
  51 0045 05        		.byte	0x5
  52 0046 696E 7400 		.string	"int"
  53 004a 02        		.uleb128 0x2
  54 004b 0000 0000 		.long	.LASF4
  55 004f 01        		.byte	0x1
  56 0050 80        		.byte	0x80
  57 0051 16        		.byte	0x16
  58 0052 5600 0000 		.long	0x56
  59 0056 03        		.uleb128 0x3
  60 0057 02        		.byte	0x2
  61 0058 07        		.byte	0x7
  62 0059 0000 0000 		.long	.LASF5
  63 005d 03        		.uleb128 0x3
  64 005e 04        		.byte	0x4
  65 005f 05        		.byte	0x5
  66 0060 0000 0000 		.long	.LASF6
  67 0064 03        		.uleb128 0x3
  68 0065 04        		.byte	0x4
  69 0066 07        		.byte	0x7
  70 0067 0000 0000 		.long	.LASF7
  71 006b 03        		.uleb128 0x3
  72 006c 08        		.byte	0x8
  73 006d 05        		.byte	0x5
  74 006e 0000 0000 		.long	.LASF8
  75 0072 03        		.uleb128 0x3
  76 0073 08        		.byte	0x8
  77 0074 07        		.byte	0x7
  78 0075 0000 0000 		.long	.LASF9
  79 0079 05        		.uleb128 0x5
  80 007a 08        		.byte	0x8
  81 007b 02        		.byte	0x2
  82 007c 88        		.byte	0x88
  83 007d 05        		.byte	0x5
  84 007e B000 0000 		.long	0xb0
  85 0082 06        		.uleb128 0x6
  86 0083 0000 0000 		.long	.LASF10
  87 0087 02        		.byte	0x2
  88 0088 8C        		.byte	0x8c
  89 0089 11        		.byte	0x11
  90 008a 3000 0000 		.long	0x30
  91 008e 02        		.byte	0x2
  92 008f 23        		.byte	0x23
  93 0090 00        		.uleb128 0
  94 0091 06        		.uleb128 0x6
  95 0092 0000 0000 		.long	.LASF11
  96 0096 02        		.byte	0x2
  97 0097 8D        		.byte	0x8d
  98 0098 11        		.byte	0x11
  99 0099 3000 0000 		.long	0x30
 100 009d 02        		.byte	0x2
 101 009e 23        		.byte	0x23
 102 009f 01        		.uleb128 0x1
 103 00a0 06        		.uleb128 0x6
 104 00a1 0000 0000 		.long	.LASF12
 105 00a5 02        		.byte	0x2
 106 00a6 8E        		.byte	0x8e
 107 00a7 11        		.byte	0x11
 108 00a8 B000 0000 		.long	0xb0
 109 00ac 02        		.byte	0x2
 110 00ad 23        		.byte	0x23
 111 00ae 02        		.uleb128 0x2
 112 00af 00        		.byte	0
 113 00b0 07        		.uleb128 0x7
 114 00b1 3000 0000 		.long	0x30
 115 00b5 C000 0000 		.long	0xc0
 116 00b9 08        		.uleb128 0x8
 117 00ba 5600 0000 		.long	0x56
 118 00be 05        		.byte	0x5
 119 00bf 00        		.byte	0
 120 00c0 09        		.uleb128 0x9
 121 00c1 08        		.byte	0x8
 122 00c2 02        		.byte	0x2
 123 00c3 86        		.byte	0x86
 124 00c4 09        		.byte	0x9
 125 00c5 DB00 0000 		.long	0xdb
 126 00c9 0A        		.uleb128 0xa
 127 00ca 7261 7700 		.string	"raw"
 128 00ce 02        		.byte	0x2
 129 00cf 87        		.byte	0x87
 130 00d0 0D        		.byte	0xd
 131 00d1 DB00 0000 		.long	0xdb
 132 00d5 0B        		.uleb128 0xb
 133 00d6 7900 0000 		.long	0x79
 134 00da 00        		.byte	0
 135 00db 07        		.uleb128 0x7
 136 00dc 3000 0000 		.long	0x30
 137 00e0 EB00 0000 		.long	0xeb
 138 00e4 08        		.uleb128 0x8
 139 00e5 5600 0000 		.long	0x56
 140 00e9 07        		.byte	0x7
 141 00ea 00        		.byte	0
 142 00eb 02        		.uleb128 0x2
 143 00ec 0000 0000 		.long	.LASF13
 144 00f0 02        		.byte	0x2
 145 00f1 99        		.byte	0x99
 146 00f2 1C        		.byte	0x1c
 147 00f3 C000 0000 		.long	0xc0
 148 00f7 05        		.uleb128 0x5
 149 00f8 05        		.byte	0x5
 150 00f9 02        		.byte	0x2
 151 00fa 9B        		.byte	0x9b
 152 00fb 09        		.byte	0x9
 153 00fc 4401 0000 		.long	0x144
 154 0100 06        		.uleb128 0x6
 155 0101 0000 0000 		.long	.LASF14
 156 0105 02        		.byte	0x2
 157 0106 9F        		.byte	0x9f
 158 0107 0D        		.byte	0xd
 159 0108 3000 0000 		.long	0x30
 160 010c 02        		.byte	0x2
 161 010d 23        		.byte	0x23
 162 010e 00        		.uleb128 0
 163 010f 0C        		.uleb128 0xc
 164 0110 7800      		.string	"x"
 165 0112 02        		.byte	0x2
 166 0113 A0        		.byte	0xa0
 167 0114 0C        		.byte	0xc
 168 0115 1D00 0000 		.long	0x1d
 169 0119 02        		.byte	0x2
 170 011a 23        		.byte	0x23
 171 011b 01        		.uleb128 0x1
 172 011c 0C        		.uleb128 0xc
 173 011d 7900      		.string	"y"
 174 011f 02        		.byte	0x2
 175 0120 A1        		.byte	0xa1
 176 0121 0C        		.byte	0xc
 177 0122 1D00 0000 		.long	0x1d
 178 0126 02        		.byte	0x2
 179 0127 23        		.byte	0x23
 180 0128 02        		.uleb128 0x2
 181 0129 0C        		.uleb128 0xc
 182 012a 7600      		.string	"v"
 183 012c 02        		.byte	0x2
 184 012d A2        		.byte	0xa2
 185 012e 0C        		.byte	0xc
 186 012f 1D00 0000 		.long	0x1d
 187 0133 02        		.byte	0x2
 188 0134 23        		.byte	0x23
 189 0135 03        		.uleb128 0x3
 190 0136 0C        		.uleb128 0xc
 191 0137 6800      		.string	"h"
 192 0139 02        		.byte	0x2
 193 013a A3        		.byte	0xa3
 194 013b 0C        		.byte	0xc
 195 013c 1D00 0000 		.long	0x1d
 196 0140 02        		.byte	0x2
 197 0141 23        		.byte	0x23
 198 0142 04        		.uleb128 0x4
 199 0143 00        		.byte	0
 200 0144 02        		.uleb128 0x2
 201 0145 0000 0000 		.long	.LASF15
 202 0149 02        		.byte	0x2
 203 014a A4        		.byte	0xa4
 204 014b 1C        		.byte	0x1c
 205 014c F700 0000 		.long	0xf7
 206 0150 05        		.uleb128 0x5
 207 0151 0A        		.byte	0xa
 208 0152 03        		.byte	0x3
 209 0153 1B        		.byte	0x1b
 210 0154 09        		.byte	0x9
 211 0155 A501 0000 		.long	0x1a5
 212 0159 06        		.uleb128 0x6
 213 015a 0000 0000 		.long	.LASF16
 214 015e 03        		.byte	0x3
 215 015f 1C        		.byte	0x1c
 216 0160 0F        		.byte	0xf
 217 0161 AB01 0000 		.long	0x1ab
 218 0165 02        		.byte	0x2
 219 0166 23        		.byte	0x23
 220 0167 00        		.uleb128 0
 221 0168 06        		.uleb128 0x6
 222 0169 0000 0000 		.long	.LASF17
 223 016d 03        		.byte	0x3
 224 016e 1D        		.byte	0x1d
 225 016f 0C        		.byte	0xc
 226 0170 C301 0000 		.long	0x1c3
 227 0174 02        		.byte	0x2
 228 0175 23        		.byte	0x23
 229 0176 02        		.uleb128 0x2
 230 0177 06        		.uleb128 0x6
 231 0178 0000 0000 		.long	.LASF18
 232 017c 03        		.byte	0x3
 233 017d 1E        		.byte	0x1e
 234 017e 0C        		.byte	0xc
 235 017f DB01 0000 		.long	0x1db
 236 0183 02        		.byte	0x2
 237 0184 23        		.byte	0x23
 238 0185 04        		.uleb128 0x4
 239 0186 06        		.uleb128 0x6
 240 0187 0000 0000 		.long	.LASF19
 241 018b 03        		.byte	0x3
 242 018c 1F        		.byte	0x1f
 243 018d 0C        		.byte	0xc
 244 018e ED01 0000 		.long	0x1ed
 245 0192 02        		.byte	0x2
 246 0193 23        		.byte	0x23
 247 0194 06        		.uleb128 0x6
 248 0195 06        		.uleb128 0x6
 249 0196 0000 0000 		.long	.LASF20
 250 019a 03        		.byte	0x3
 251 019b 20        		.byte	0x20
 252 019c 0C        		.byte	0xc
 253 019d ED01 0000 		.long	0x1ed
 254 01a1 02        		.byte	0x2
 255 01a2 23        		.byte	0x23
 256 01a3 08        		.uleb128 0x8
 257 01a4 00        		.byte	0
 258 01a5 0D        		.uleb128 0xd
 259 01a6 01        		.byte	0x1
 260 01a7 3000 0000 		.long	0x30
 261 01ab 0E        		.uleb128 0xe
 262 01ac 02        		.byte	0x2
 263 01ad A501 0000 		.long	0x1a5
 264 01b1 0F        		.uleb128 0xf
 265 01b2 01        		.byte	0x1
 266 01b3 BD01 0000 		.long	0x1bd
 267 01b7 10        		.uleb128 0x10
 268 01b8 BD01 0000 		.long	0x1bd
 269 01bc 00        		.byte	0
 270 01bd 0E        		.uleb128 0xe
 271 01be 02        		.byte	0x2
 272 01bf EB00 0000 		.long	0xeb
 273 01c3 0E        		.uleb128 0xe
 274 01c4 02        		.byte	0x2
 275 01c5 B101 0000 		.long	0x1b1
 276 01c9 0F        		.uleb128 0xf
 277 01ca 01        		.byte	0x1
 278 01cb D501 0000 		.long	0x1d5
 279 01cf 10        		.uleb128 0x10
 280 01d0 D501 0000 		.long	0x1d5
 281 01d4 00        		.byte	0
 282 01d5 0E        		.uleb128 0xe
 283 01d6 02        		.byte	0x2
 284 01d7 4401 0000 		.long	0x144
 285 01db 0E        		.uleb128 0xe
 286 01dc 02        		.byte	0x2
 287 01dd C901 0000 		.long	0x1c9
 288 01e1 0F        		.uleb128 0xf
 289 01e2 01        		.byte	0x1
 290 01e3 ED01 0000 		.long	0x1ed
 291 01e7 10        		.uleb128 0x10
 292 01e8 4A00 0000 		.long	0x4a
 293 01ec 00        		.byte	0
 294 01ed 0E        		.uleb128 0xe
 295 01ee 02        		.byte	0x2
 296 01ef E101 0000 		.long	0x1e1
 297 01f3 02        		.uleb128 0x2
 298 01f4 0000 0000 		.long	.LASF21
 299 01f8 03        		.byte	0x3
 300 01f9 21        		.byte	0x21
 301 01fa 03        		.byte	0x3
 302 01fb 5001 0000 		.long	0x150
 303 01ff 11        		.uleb128 0x11
 304 0200 0000 0000 		.long	.LASF22
 305 0204 04        		.byte	0x4
 306 0205 23        		.byte	0x23
 307 0206 10        		.byte	0x10
 308 0207 3000 0000 		.long	0x30
 309 020b 01        		.byte	0x1
 310 020c 01        		.byte	0x1
 311 020d 11        		.uleb128 0x11
 312 020e 0000 0000 		.long	.LASF23
 313 0212 04        		.byte	0x4
 314 0213 24        		.byte	0x24
 315 0214 10        		.byte	0x10
 316 0215 3000 0000 		.long	0x30
 317 0219 01        		.byte	0x1
 318 021a 01        		.byte	0x1
 319 021b 0F        		.uleb128 0xf
 320 021c 01        		.byte	0x1
 321 021d 2702 0000 		.long	0x227
 322 0221 10        		.uleb128 0x10
 323 0222 3000 0000 		.long	0x30
 324 0226 00        		.byte	0
 325 0227 11        		.uleb128 0x11
 326 0228 0000 0000 		.long	.LASF24
 327 022c 05        		.byte	0x5
 328 022d 0F        		.byte	0xf
 329 022e 0F        		.byte	0xf
 330 022f 3502 0000 		.long	0x235
 331 0233 01        		.byte	0x1
 332 0234 01        		.byte	0x1
 333 0235 0E        		.uleb128 0xe
 334 0236 02        		.byte	0x2
 335 0237 1B02 0000 		.long	0x21b
 336 023b 05        		.uleb128 0x5
 337 023c 01        		.byte	0x1
 338 023d 06        		.byte	0x6
 339 023e 21        		.byte	0x21
 340 023f 05        		.byte	0x5
 341 0240 9F02 0000 		.long	0x29f
 342 0244 12        		.uleb128 0x12
 343 0245 0000 0000 		.long	.LASF25
 344 0249 06        		.byte	0x6
 345 024a 22        		.byte	0x22
 346 024b 0E        		.byte	0xe
 347 024c 9F02 0000 		.long	0x29f
 348 0250 01        		.byte	0x1
 349 0251 01        		.byte	0x1
 350 0252 07        		.byte	0x7
 351 0253 02        		.byte	0x2
 352 0254 23        		.byte	0x23
 353 0255 00        		.uleb128 0
 354 0256 12        		.uleb128 0x12
 355 0257 0000 0000 		.long	.LASF26
 356 025b 06        		.byte	0x6
 357 025c 23        		.byte	0x23
 358 025d 0E        		.byte	0xe
 359 025e 9F02 0000 		.long	0x29f
 360 0262 01        		.byte	0x1
 361 0263 01        		.byte	0x1
 362 0264 06        		.byte	0x6
 363 0265 02        		.byte	0x2
 364 0266 23        		.byte	0x23
 365 0267 00        		.uleb128 0
 366 0268 12        		.uleb128 0x12
 367 0269 0000 0000 		.long	.LASF27
 368 026d 06        		.byte	0x6
 369 026e 24        		.byte	0x24
 370 026f 0E        		.byte	0xe
 371 0270 9F02 0000 		.long	0x29f
 372 0274 01        		.byte	0x1
 373 0275 01        		.byte	0x1
 374 0276 05        		.byte	0x5
 375 0277 02        		.byte	0x2
 376 0278 23        		.byte	0x23
 377 0279 00        		.uleb128 0
 378 027a 12        		.uleb128 0x12
 379 027b 0000 0000 		.long	.LASF28
 380 027f 06        		.byte	0x6
 381 0280 25        		.byte	0x25
 382 0281 0E        		.byte	0xe
 383 0282 9F02 0000 		.long	0x29f
 384 0286 01        		.byte	0x1
 385 0287 01        		.byte	0x1
 386 0288 04        		.byte	0x4
 387 0289 02        		.byte	0x2
 388 028a 23        		.byte	0x23
 389 028b 00        		.uleb128 0
 390 028c 12        		.uleb128 0x12
 391 028d 0000 0000 		.long	.LASF11
 392 0291 06        		.byte	0x6
 393 0292 26        		.byte	0x26
 394 0293 11        		.byte	0x11
 395 0294 3000 0000 		.long	0x30
 396 0298 01        		.byte	0x1
 397 0299 04        		.byte	0x4
 398 029a 00        		.byte	0
 399 029b 02        		.byte	0x2
 400 029c 23        		.byte	0x23
 401 029d 00        		.uleb128 0
 402 029e 00        		.byte	0
 403 029f 03        		.uleb128 0x3
 404 02a0 01        		.byte	0x1
 405 02a1 02        		.byte	0x2
 406 02a2 0000 0000 		.long	.LASF29
 407 02a6 09        		.uleb128 0x9
 408 02a7 01        		.byte	0x1
 409 02a8 06        		.byte	0x6
 410 02a9 20        		.byte	0x20
 411 02aa 09        		.byte	0x9
 412 02ab C102 0000 		.long	0x2c1
 413 02af 0B        		.uleb128 0xb
 414 02b0 3B02 0000 		.long	0x23b
 415 02b4 0A        		.uleb128 0xa
 416 02b5 7261 7700 		.string	"raw"
 417 02b9 06        		.byte	0x6
 418 02ba 28        		.byte	0x28
 419 02bb 0D        		.byte	0xd
 420 02bc 3000 0000 		.long	0x30
 421 02c0 00        		.byte	0
 422 02c1 02        		.uleb128 0x2
 423 02c2 0000 0000 		.long	.LASF30
 424 02c6 06        		.byte	0x6
 425 02c7 29        		.byte	0x29
 426 02c8 03        		.byte	0x3
 427 02c9 A602 0000 		.long	0x2a6
 428 02cd 11        		.uleb128 0x11
 429 02ce 0000 0000 		.long	.LASF31
 430 02d2 06        		.byte	0x6
 431 02d3 2B        		.byte	0x2b
 432 02d4 17        		.byte	0x17
 433 02d5 C102 0000 		.long	0x2c1
 434 02d9 01        		.byte	0x1
 435 02da 01        		.byte	0x1
 436 02db 13        		.uleb128 0x13
 437 02dc 0000 0000 		.long	.LASF32
 438 02e0 07        		.byte	0x7
 439 02e1 1E        		.byte	0x1e
 440 02e2 17        		.byte	0x17
 441 02e3 E702 0000 		.long	0x2e7
 442 02e7 0E        		.uleb128 0xe
 443 02e8 02        		.byte	0x2
 444 02e9 F301 0000 		.long	0x1f3
 445 02ed 13        		.uleb128 0x13
 446 02ee 0000 0000 		.long	.LASF33
 447 02f2 07        		.byte	0x7
 448 02f3 1F        		.byte	0x1f
 449 02f4 11        		.byte	0x11
 450 02f5 4A00 0000 		.long	0x4a
 451 02f9 13        		.uleb128 0x13
 452 02fa 0000 0000 		.long	.LASF34
 453 02fe 07        		.byte	0x7
 454 02ff 20        		.byte	0x20
 455 0300 11        		.byte	0x11
 456 0301 4A00 0000 		.long	0x4a
 457 0305 14        		.uleb128 0x14
 458 0306 01        		.byte	0x1
 459 0307 0000 0000 		.long	.LASF35
 460 030b 07        		.byte	0x7
 461 030c 6F        		.byte	0x6f
 462 030d 0A        		.byte	0xa
 463 030e 01        		.byte	0x1
 464 030f 4A00 0000 		.long	0x4a
 465 0313 14        		.uleb128 0x14
 466 0314 01        		.byte	0x1
 467 0315 0000 0000 		.long	.LASF36
 468 0319 07        		.byte	0x7
 469 031a 6A        		.byte	0x6a
 470 031b 0A        		.byte	0xa
 471 031c 01        		.byte	0x1
 472 031d 4A00 0000 		.long	0x4a
 473 0321 15        		.uleb128 0x15
 474 0322 01        		.byte	0x1
 475 0323 0000 0000 		.long	.LASF37
 476 0327 07        		.byte	0x7
 477 0328 61        		.byte	0x61
 478 0329 06        		.byte	0x6
 479 032a 01        		.byte	0x1
 480 032b 3C03 0000 		.long	0x33c
 481 032f 16        		.uleb128 0x16
 482 0330 0000 0000 		.long	.LASF39
 483 0334 07        		.byte	0x7
 484 0335 61        		.byte	0x61
 485 0336 22        		.byte	0x22
 486 0337 4A00 0000 		.long	0x4a
 487 033b 00        		.byte	0
 488 033c 15        		.uleb128 0x15
 489 033d 01        		.byte	0x1
 490 033e 0000 0000 		.long	.LASF38
 491 0342 07        		.byte	0x7
 492 0343 58        		.byte	0x58
 493 0344 06        		.byte	0x6
 494 0345 01        		.byte	0x1
 495 0346 5703 0000 		.long	0x357
 496 034a 16        		.uleb128 0x16
 497 034b 0000 0000 		.long	.LASF39
 498 034f 07        		.byte	0x7
 499 0350 58        		.byte	0x58
 500 0351 20        		.byte	0x20
 501 0352 4A00 0000 		.long	0x4a
 502 0356 00        		.byte	0
 503 0357 15        		.uleb128 0x15
 504 0358 01        		.byte	0x1
 505 0359 0000 0000 		.long	.LASF40
 506 035d 07        		.byte	0x7
 507 035e 4F        		.byte	0x4f
 508 035f 06        		.byte	0x6
 509 0360 01        		.byte	0x1
 510 0361 7203 0000 		.long	0x372
 511 0365 16        		.uleb128 0x16
 512 0366 0000 0000 		.long	.LASF39
 513 036a 07        		.byte	0x7
 514 036b 4F        		.byte	0x4f
 515 036c 26        		.byte	0x26
 516 036d D501 0000 		.long	0x1d5
 517 0371 00        		.byte	0
 518 0372 15        		.uleb128 0x15
 519 0373 01        		.byte	0x1
 520 0374 0000 0000 		.long	.LASF41
 521 0378 07        		.byte	0x7
 522 0379 33        		.byte	0x33
 523 037a 06        		.byte	0x6
 524 037b 01        		.byte	0x1
 525 037c CB03 0000 		.long	0x3cb
 526 0380 16        		.uleb128 0x16
 527 0381 0000 0000 		.long	.LASF39
 528 0385 07        		.byte	0x7
 529 0386 33        		.byte	0x33
 530 0387 2C        		.byte	0x2c
 531 0388 BD01 0000 		.long	0x1bd
 532 038c 17        		.uleb128 0x17
 533 038d 9E03 0000 		.long	0x39e
 534 0391 18        		.uleb128 0x18
 535 0392 5F5F 6300 		.string	"__c"
 536 0396 07        		.byte	0x7
 537 0397 47        		.byte	0x47
 538 0398 09        		.byte	0x9
 539 0399 DB03 0000 		.long	0x3db
 540 039d 00        		.byte	0
 541 039e 17        		.uleb128 0x17
 542 039f BC03 0000 		.long	0x3bc
 543 03a3 18        		.uleb128 0x18
 544 03a4 6900      		.string	"i"
 545 03a6 07        		.byte	0x7
 546 03a7 48        		.byte	0x48
 547 03a8 16        		.byte	0x16
 548 03a9 3000 0000 		.long	0x30
 549 03ad 19        		.uleb128 0x19
 550 03ae 18        		.uleb128 0x18
 551 03af 5F5F 6300 		.string	"__c"
 552 03b3 07        		.byte	0x7
 553 03b4 49        		.byte	0x49
 554 03b5 0D        		.byte	0xd
 555 03b6 FC03 0000 		.long	0x3fc
 556 03ba 00        		.byte	0
 557 03bb 00        		.byte	0
 558 03bc 19        		.uleb128 0x19
 559 03bd 18        		.uleb128 0x18
 560 03be 5F5F 6300 		.string	"__c"
 561 03c2 07        		.byte	0x7
 562 03c3 4B        		.byte	0x4b
 563 03c4 09        		.byte	0x9
 564 03c5 1104 0000 		.long	0x411
 565 03c9 00        		.byte	0
 566 03ca 00        		.byte	0
 567 03cb 07        		.uleb128 0x7
 568 03cc E703 0000 		.long	0x3e7
 569 03d0 DB03 0000 		.long	0x3db
 570 03d4 08        		.uleb128 0x8
 571 03d5 5600 0000 		.long	0x56
 572 03d9 11        		.byte	0x11
 573 03da 00        		.byte	0
 574 03db 1A        		.uleb128 0x1a
 575 03dc CB03 0000 		.long	0x3cb
 576 03e0 03        		.uleb128 0x3
 577 03e1 01        		.byte	0x1
 578 03e2 08        		.byte	0x8
 579 03e3 0000 0000 		.long	.LASF42
 580 03e7 1A        		.uleb128 0x1a
 581 03e8 E003 0000 		.long	0x3e0
 582 03ec 07        		.uleb128 0x7
 583 03ed E703 0000 		.long	0x3e7
 584 03f1 FC03 0000 		.long	0x3fc
 585 03f5 08        		.uleb128 0x8
 586 03f6 5600 0000 		.long	0x56
 587 03fa 05        		.byte	0x5
 588 03fb 00        		.byte	0
 589 03fc 1A        		.uleb128 0x1a
 590 03fd EC03 0000 		.long	0x3ec
 591 0401 07        		.uleb128 0x7
 592 0402 E703 0000 		.long	0x3e7
 593 0406 1104 0000 		.long	0x411
 594 040a 08        		.uleb128 0x8
 595 040b 5600 0000 		.long	0x56
 596 040f 01        		.byte	0x1
 597 0410 00        		.byte	0
 598 0411 1A        		.uleb128 0x1a
 599 0412 0104 0000 		.long	0x401
 600 0416 14        		.uleb128 0x14
 601 0417 01        		.byte	0x1
 602 0418 0000 0000 		.long	.LASF43
 603 041c 07        		.byte	0x7
 604 041d 2D        		.byte	0x2d
 605 041e 09        		.byte	0x9
 606 041f 01        		.byte	0x1
 607 0420 3000 0000 		.long	0x30
 608 0424 14        		.uleb128 0x14
 609 0425 01        		.byte	0x1
 610 0426 0000 0000 		.long	.LASF44
 611 042a 07        		.byte	0x7
 612 042b 28        		.byte	0x28
 613 042c 10        		.byte	0x10
 614 042d 01        		.byte	0x1
 615 042e E702 0000 		.long	0x2e7
 616 0432 1B        		.uleb128 0x1b
 617 0433 01        		.byte	0x1
 618 0434 0000 0000 		.long	.LASF48
 619 0438 07        		.byte	0x7
 620 0439 23        		.byte	0x23
 621 043a 06        		.byte	0x6
 622 043b 01        		.byte	0x1
 623 043c 1C        		.uleb128 0x1c
 624 043d 6400      		.string	"d"
 625 043f 07        		.byte	0x7
 626 0440 23        		.byte	0x23
 627 0441 25        		.byte	0x25
 628 0442 E702 0000 		.long	0x2e7
 629 0446 00        		.byte	0
 630 0447 00        		.byte	0
 631               		.section	.gnu.debuglto_.debug_abbrev,"e",@progbits
 632               	.Ldebug_abbrev0:
 633 0000 01        		.uleb128 0x1
 634 0001 11        		.uleb128 0x11
 635 0002 01        		.byte	0x1
 636 0003 25        		.uleb128 0x25
 637 0004 0E        		.uleb128 0xe
 638 0005 13        		.uleb128 0x13
 639 0006 0B        		.uleb128 0xb
 640 0007 03        		.uleb128 0x3
 641 0008 0E        		.uleb128 0xe
 642 0009 1B        		.uleb128 0x1b
 643 000a 0E        		.uleb128 0xe
 644 000b 10        		.uleb128 0x10
 645 000c 06        		.uleb128 0x6
 646 000d 00        		.byte	0
 647 000e 00        		.byte	0
 648 000f 02        		.uleb128 0x2
 649 0010 16        		.uleb128 0x16
 650 0011 00        		.byte	0
 651 0012 03        		.uleb128 0x3
 652 0013 0E        		.uleb128 0xe
 653 0014 3A        		.uleb128 0x3a
 654 0015 0B        		.uleb128 0xb
 655 0016 3B        		.uleb128 0x3b
 656 0017 0B        		.uleb128 0xb
 657 0018 39        		.uleb128 0x39
 658 0019 0B        		.uleb128 0xb
 659 001a 49        		.uleb128 0x49
 660 001b 13        		.uleb128 0x13
 661 001c 00        		.byte	0
 662 001d 00        		.byte	0
 663 001e 03        		.uleb128 0x3
 664 001f 24        		.uleb128 0x24
 665 0020 00        		.byte	0
 666 0021 0B        		.uleb128 0xb
 667 0022 0B        		.uleb128 0xb
 668 0023 3E        		.uleb128 0x3e
 669 0024 0B        		.uleb128 0xb
 670 0025 03        		.uleb128 0x3
 671 0026 0E        		.uleb128 0xe
 672 0027 00        		.byte	0
 673 0028 00        		.byte	0
 674 0029 04        		.uleb128 0x4
 675 002a 24        		.uleb128 0x24
 676 002b 00        		.byte	0
 677 002c 0B        		.uleb128 0xb
 678 002d 0B        		.uleb128 0xb
 679 002e 3E        		.uleb128 0x3e
 680 002f 0B        		.uleb128 0xb
 681 0030 03        		.uleb128 0x3
 682 0031 08        		.uleb128 0x8
 683 0032 00        		.byte	0
 684 0033 00        		.byte	0
 685 0034 05        		.uleb128 0x5
 686 0035 13        		.uleb128 0x13
 687 0036 01        		.byte	0x1
 688 0037 0B        		.uleb128 0xb
 689 0038 0B        		.uleb128 0xb
 690 0039 3A        		.uleb128 0x3a
 691 003a 0B        		.uleb128 0xb
 692 003b 3B        		.uleb128 0x3b
 693 003c 0B        		.uleb128 0xb
 694 003d 39        		.uleb128 0x39
 695 003e 0B        		.uleb128 0xb
 696 003f 01        		.uleb128 0x1
 697 0040 13        		.uleb128 0x13
 698 0041 00        		.byte	0
 699 0042 00        		.byte	0
 700 0043 06        		.uleb128 0x6
 701 0044 0D        		.uleb128 0xd
 702 0045 00        		.byte	0
 703 0046 03        		.uleb128 0x3
 704 0047 0E        		.uleb128 0xe
 705 0048 3A        		.uleb128 0x3a
 706 0049 0B        		.uleb128 0xb
 707 004a 3B        		.uleb128 0x3b
 708 004b 0B        		.uleb128 0xb
 709 004c 39        		.uleb128 0x39
 710 004d 0B        		.uleb128 0xb
 711 004e 49        		.uleb128 0x49
 712 004f 13        		.uleb128 0x13
 713 0050 38        		.uleb128 0x38
 714 0051 0A        		.uleb128 0xa
 715 0052 00        		.byte	0
 716 0053 00        		.byte	0
 717 0054 07        		.uleb128 0x7
 718 0055 01        		.uleb128 0x1
 719 0056 01        		.byte	0x1
 720 0057 49        		.uleb128 0x49
 721 0058 13        		.uleb128 0x13
 722 0059 01        		.uleb128 0x1
 723 005a 13        		.uleb128 0x13
 724 005b 00        		.byte	0
 725 005c 00        		.byte	0
 726 005d 08        		.uleb128 0x8
 727 005e 21        		.uleb128 0x21
 728 005f 00        		.byte	0
 729 0060 49        		.uleb128 0x49
 730 0061 13        		.uleb128 0x13
 731 0062 2F        		.uleb128 0x2f
 732 0063 0B        		.uleb128 0xb
 733 0064 00        		.byte	0
 734 0065 00        		.byte	0
 735 0066 09        		.uleb128 0x9
 736 0067 17        		.uleb128 0x17
 737 0068 01        		.byte	0x1
 738 0069 0B        		.uleb128 0xb
 739 006a 0B        		.uleb128 0xb
 740 006b 3A        		.uleb128 0x3a
 741 006c 0B        		.uleb128 0xb
 742 006d 3B        		.uleb128 0x3b
 743 006e 0B        		.uleb128 0xb
 744 006f 39        		.uleb128 0x39
 745 0070 0B        		.uleb128 0xb
 746 0071 01        		.uleb128 0x1
 747 0072 13        		.uleb128 0x13
 748 0073 00        		.byte	0
 749 0074 00        		.byte	0
 750 0075 0A        		.uleb128 0xa
 751 0076 0D        		.uleb128 0xd
 752 0077 00        		.byte	0
 753 0078 03        		.uleb128 0x3
 754 0079 08        		.uleb128 0x8
 755 007a 3A        		.uleb128 0x3a
 756 007b 0B        		.uleb128 0xb
 757 007c 3B        		.uleb128 0x3b
 758 007d 0B        		.uleb128 0xb
 759 007e 39        		.uleb128 0x39
 760 007f 0B        		.uleb128 0xb
 761 0080 49        		.uleb128 0x49
 762 0081 13        		.uleb128 0x13
 763 0082 00        		.byte	0
 764 0083 00        		.byte	0
 765 0084 0B        		.uleb128 0xb
 766 0085 0D        		.uleb128 0xd
 767 0086 00        		.byte	0
 768 0087 49        		.uleb128 0x49
 769 0088 13        		.uleb128 0x13
 770 0089 00        		.byte	0
 771 008a 00        		.byte	0
 772 008b 0C        		.uleb128 0xc
 773 008c 0D        		.uleb128 0xd
 774 008d 00        		.byte	0
 775 008e 03        		.uleb128 0x3
 776 008f 08        		.uleb128 0x8
 777 0090 3A        		.uleb128 0x3a
 778 0091 0B        		.uleb128 0xb
 779 0092 3B        		.uleb128 0x3b
 780 0093 0B        		.uleb128 0xb
 781 0094 39        		.uleb128 0x39
 782 0095 0B        		.uleb128 0xb
 783 0096 49        		.uleb128 0x49
 784 0097 13        		.uleb128 0x13
 785 0098 38        		.uleb128 0x38
 786 0099 0A        		.uleb128 0xa
 787 009a 00        		.byte	0
 788 009b 00        		.byte	0
 789 009c 0D        		.uleb128 0xd
 790 009d 15        		.uleb128 0x15
 791 009e 00        		.byte	0
 792 009f 27        		.uleb128 0x27
 793 00a0 0C        		.uleb128 0xc
 794 00a1 49        		.uleb128 0x49
 795 00a2 13        		.uleb128 0x13
 796 00a3 00        		.byte	0
 797 00a4 00        		.byte	0
 798 00a5 0E        		.uleb128 0xe
 799 00a6 0F        		.uleb128 0xf
 800 00a7 00        		.byte	0
 801 00a8 0B        		.uleb128 0xb
 802 00a9 0B        		.uleb128 0xb
 803 00aa 49        		.uleb128 0x49
 804 00ab 13        		.uleb128 0x13
 805 00ac 00        		.byte	0
 806 00ad 00        		.byte	0
 807 00ae 0F        		.uleb128 0xf
 808 00af 15        		.uleb128 0x15
 809 00b0 01        		.byte	0x1
 810 00b1 27        		.uleb128 0x27
 811 00b2 0C        		.uleb128 0xc
 812 00b3 01        		.uleb128 0x1
 813 00b4 13        		.uleb128 0x13
 814 00b5 00        		.byte	0
 815 00b6 00        		.byte	0
 816 00b7 10        		.uleb128 0x10
 817 00b8 05        		.uleb128 0x5
 818 00b9 00        		.byte	0
 819 00ba 49        		.uleb128 0x49
 820 00bb 13        		.uleb128 0x13
 821 00bc 00        		.byte	0
 822 00bd 00        		.byte	0
 823 00be 11        		.uleb128 0x11
 824 00bf 34        		.uleb128 0x34
 825 00c0 00        		.byte	0
 826 00c1 03        		.uleb128 0x3
 827 00c2 0E        		.uleb128 0xe
 828 00c3 3A        		.uleb128 0x3a
 829 00c4 0B        		.uleb128 0xb
 830 00c5 3B        		.uleb128 0x3b
 831 00c6 0B        		.uleb128 0xb
 832 00c7 39        		.uleb128 0x39
 833 00c8 0B        		.uleb128 0xb
 834 00c9 49        		.uleb128 0x49
 835 00ca 13        		.uleb128 0x13
 836 00cb 3F        		.uleb128 0x3f
 837 00cc 0C        		.uleb128 0xc
 838 00cd 3C        		.uleb128 0x3c
 839 00ce 0C        		.uleb128 0xc
 840 00cf 00        		.byte	0
 841 00d0 00        		.byte	0
 842 00d1 12        		.uleb128 0x12
 843 00d2 0D        		.uleb128 0xd
 844 00d3 00        		.byte	0
 845 00d4 03        		.uleb128 0x3
 846 00d5 0E        		.uleb128 0xe
 847 00d6 3A        		.uleb128 0x3a
 848 00d7 0B        		.uleb128 0xb
 849 00d8 3B        		.uleb128 0x3b
 850 00d9 0B        		.uleb128 0xb
 851 00da 39        		.uleb128 0x39
 852 00db 0B        		.uleb128 0xb
 853 00dc 49        		.uleb128 0x49
 854 00dd 13        		.uleb128 0x13
 855 00de 0B        		.uleb128 0xb
 856 00df 0B        		.uleb128 0xb
 857 00e0 0D        		.uleb128 0xd
 858 00e1 0B        		.uleb128 0xb
 859 00e2 0C        		.uleb128 0xc
 860 00e3 0B        		.uleb128 0xb
 861 00e4 38        		.uleb128 0x38
 862 00e5 0A        		.uleb128 0xa
 863 00e6 00        		.byte	0
 864 00e7 00        		.byte	0
 865 00e8 13        		.uleb128 0x13
 866 00e9 34        		.uleb128 0x34
 867 00ea 00        		.byte	0
 868 00eb 03        		.uleb128 0x3
 869 00ec 0E        		.uleb128 0xe
 870 00ed 3A        		.uleb128 0x3a
 871 00ee 0B        		.uleb128 0xb
 872 00ef 3B        		.uleb128 0x3b
 873 00f0 0B        		.uleb128 0xb
 874 00f1 39        		.uleb128 0x39
 875 00f2 0B        		.uleb128 0xb
 876 00f3 49        		.uleb128 0x49
 877 00f4 13        		.uleb128 0x13
 878 00f5 00        		.byte	0
 879 00f6 00        		.byte	0
 880 00f7 14        		.uleb128 0x14
 881 00f8 2E        		.uleb128 0x2e
 882 00f9 00        		.byte	0
 883 00fa 3F        		.uleb128 0x3f
 884 00fb 0C        		.uleb128 0xc
 885 00fc 03        		.uleb128 0x3
 886 00fd 0E        		.uleb128 0xe
 887 00fe 3A        		.uleb128 0x3a
 888 00ff 0B        		.uleb128 0xb
 889 0100 3B        		.uleb128 0x3b
 890 0101 0B        		.uleb128 0xb
 891 0102 39        		.uleb128 0x39
 892 0103 0B        		.uleb128 0xb
 893 0104 27        		.uleb128 0x27
 894 0105 0C        		.uleb128 0xc
 895 0106 49        		.uleb128 0x49
 896 0107 13        		.uleb128 0x13
 897 0108 00        		.byte	0
 898 0109 00        		.byte	0
 899 010a 15        		.uleb128 0x15
 900 010b 2E        		.uleb128 0x2e
 901 010c 01        		.byte	0x1
 902 010d 3F        		.uleb128 0x3f
 903 010e 0C        		.uleb128 0xc
 904 010f 03        		.uleb128 0x3
 905 0110 0E        		.uleb128 0xe
 906 0111 3A        		.uleb128 0x3a
 907 0112 0B        		.uleb128 0xb
 908 0113 3B        		.uleb128 0x3b
 909 0114 0B        		.uleb128 0xb
 910 0115 39        		.uleb128 0x39
 911 0116 0B        		.uleb128 0xb
 912 0117 27        		.uleb128 0x27
 913 0118 0C        		.uleb128 0xc
 914 0119 01        		.uleb128 0x1
 915 011a 13        		.uleb128 0x13
 916 011b 00        		.byte	0
 917 011c 00        		.byte	0
 918 011d 16        		.uleb128 0x16
 919 011e 05        		.uleb128 0x5
 920 011f 00        		.byte	0
 921 0120 03        		.uleb128 0x3
 922 0121 0E        		.uleb128 0xe
 923 0122 3A        		.uleb128 0x3a
 924 0123 0B        		.uleb128 0xb
 925 0124 3B        		.uleb128 0x3b
 926 0125 0B        		.uleb128 0xb
 927 0126 39        		.uleb128 0x39
 928 0127 0B        		.uleb128 0xb
 929 0128 49        		.uleb128 0x49
 930 0129 13        		.uleb128 0x13
 931 012a 00        		.byte	0
 932 012b 00        		.byte	0
 933 012c 17        		.uleb128 0x17
 934 012d 0B        		.uleb128 0xb
 935 012e 01        		.byte	0x1
 936 012f 01        		.uleb128 0x1
 937 0130 13        		.uleb128 0x13
 938 0131 00        		.byte	0
 939 0132 00        		.byte	0
 940 0133 18        		.uleb128 0x18
 941 0134 34        		.uleb128 0x34
 942 0135 00        		.byte	0
 943 0136 03        		.uleb128 0x3
 944 0137 08        		.uleb128 0x8
 945 0138 3A        		.uleb128 0x3a
 946 0139 0B        		.uleb128 0xb
 947 013a 3B        		.uleb128 0x3b
 948 013b 0B        		.uleb128 0xb
 949 013c 39        		.uleb128 0x39
 950 013d 0B        		.uleb128 0xb
 951 013e 49        		.uleb128 0x49
 952 013f 13        		.uleb128 0x13
 953 0140 00        		.byte	0
 954 0141 00        		.byte	0
 955 0142 19        		.uleb128 0x19
 956 0143 0B        		.uleb128 0xb
 957 0144 01        		.byte	0x1
 958 0145 00        		.byte	0
 959 0146 00        		.byte	0
 960 0147 1A        		.uleb128 0x1a
 961 0148 26        		.uleb128 0x26
 962 0149 00        		.byte	0
 963 014a 49        		.uleb128 0x49
 964 014b 13        		.uleb128 0x13
 965 014c 00        		.byte	0
 966 014d 00        		.byte	0
 967 014e 1B        		.uleb128 0x1b
 968 014f 2E        		.uleb128 0x2e
 969 0150 01        		.byte	0x1
 970 0151 3F        		.uleb128 0x3f
 971 0152 0C        		.uleb128 0xc
 972 0153 03        		.uleb128 0x3
 973 0154 0E        		.uleb128 0xe
 974 0155 3A        		.uleb128 0x3a
 975 0156 0B        		.uleb128 0xb
 976 0157 3B        		.uleb128 0x3b
 977 0158 0B        		.uleb128 0xb
 978 0159 39        		.uleb128 0x39
 979 015a 0B        		.uleb128 0xb
 980 015b 27        		.uleb128 0x27
 981 015c 0C        		.uleb128 0xc
 982 015d 00        		.byte	0
 983 015e 00        		.byte	0
 984 015f 1C        		.uleb128 0x1c
 985 0160 05        		.uleb128 0x5
 986 0161 00        		.byte	0
 987 0162 03        		.uleb128 0x3
 988 0163 08        		.uleb128 0x8
 989 0164 3A        		.uleb128 0x3a
 990 0165 0B        		.uleb128 0xb
 991 0166 3B        		.uleb128 0x3b
 992 0167 0B        		.uleb128 0xb
 993 0168 39        		.uleb128 0x39
 994 0169 0B        		.uleb128 0xb
 995 016a 49        		.uleb128 0x49
 996 016b 13        		.uleb128 0x13
 997 016c 00        		.byte	0
 998 016d 00        		.byte	0
 999 016e 00        		.byte	0
 1000               		.section	.gnu.debuglto_.debug_line,"e",@progbits
 1001               	.Ldebug_line0:
 1002 0000 BE00 0000 		.long	.LELT0-.LSLT0
 1003               	.LSLT0:
 1004 0004 0200      		.word	0x2
 1005 0006 B800 0000 		.long	.LELTP0-.LASLTP0
 1006               	.LASLTP0:
 1007 000a 01        		.byte	0x1
 1008 000b 01        		.byte	0x1
 1009 000c F6        		.byte	0xf6
 1010 000d F2        		.byte	0xf2
 1011 000e 0D        		.byte	0xd
 1012 000f 00        		.byte	0
 1013 0010 01        		.byte	0x1
 1014 0011 01        		.byte	0x1
 1015 0012 01        		.byte	0x1
 1016 0013 01        		.byte	0x1
 1017 0014 00        		.byte	0
 1018 0015 00        		.byte	0
 1019 0016 00        		.byte	0
 1020 0017 01        		.byte	0x1
 1021 0018 00        		.byte	0
 1022 0019 00        		.byte	0
 1023 001a 01        		.byte	0x1
 1024 001b 746D 6B5F 		.ascii	"tmk_core/common/avr"
 1024      636F 7265 
 1024      2F63 6F6D 
 1024      6D6F 6E2F 
 1024      6176 72
 1025 002e 00        		.byte	0
 1026 002f 746D 6B5F 		.ascii	"tmk_core/common"
 1026      636F 7265 
 1026      2F63 6F6D 
 1026      6D6F 6E
 1027 003e 00        		.byte	0
 1028 003f 2F75 7372 		.ascii	"/usr/local/Cellar/avr-gcc/9.2.0/avr/include"
 1028      2F6C 6F63 
 1028      616C 2F43 
 1028      656C 6C61 
 1028      722F 6176 
 1029 006a 00        		.byte	0
 1030 006b 00        		.byte	0
 1031 006c 7374 6469 		.string	"stdint.h"
 1031      6E74 2E68 
 1031      00
 1032 0075 03        		.uleb128 0x3
 1033 0076 00        		.uleb128 0
 1034 0077 00        		.uleb128 0
 1035 0078 7265 706F 		.string	"report.h"
 1035      7274 2E68 
 1035      00
 1036 0081 02        		.uleb128 0x2
 1037 0082 00        		.uleb128 0
 1038 0083 00        		.uleb128 0
 1039 0084 686F 7374 		.string	"host_driver.h"
 1039      5F64 7269 
 1039      7665 722E 
 1039      6800 
 1040 0092 02        		.uleb128 0x2
 1041 0093 00        		.uleb128 0
 1042 0094 00        		.uleb128 0
 1043 0095 686F 7374 		.string	"host.h"
 1043      2E68 00
 1044 009c 02        		.uleb128 0x2
 1045 009d 00        		.uleb128 0
 1046 009e 00        		.uleb128 0
 1047 009f 7870 7269 		.string	"xprintf.h"
 1047      6E74 662E 
 1047      6800 
 1048 00a9 01        		.uleb128 0x1
 1049 00aa 00        		.uleb128 0
 1050 00ab 00        		.uleb128 0
 1051 00ac 6465 6275 		.string	"debug.h"
 1051      672E 6800 
 1052 00b4 02        		.uleb128 0x2
 1053 00b5 00        		.uleb128 0
 1054 00b6 00        		.uleb128 0
 1055 00b7 686F 7374 		.string	"host.c"
 1055      2E63 00
 1056 00be 02        		.uleb128 0x2
 1057 00bf 00        		.uleb128 0
 1058 00c0 00        		.uleb128 0
 1059 00c1 00        		.byte	0
 1060               	.LELTP0:
 1061               	.LELT0:
 1062               		.section	.gnu.debuglto_.debug_str,"eMS",@progbits,1
 1063               	.LASF16:
 1064 0000 6B65 7962 		.string	"keyboard_leds"
 1064      6F61 7264 
 1064      5F6C 6564 
 1064      7300 
 1065               	.LASF20:
 1066 000e 7365 6E64 		.string	"send_consumer"
 1066      5F63 6F6E 
 1066      7375 6D65 
 1066      7200 
 1067               	.LASF39:
 1068 001c 7265 706F 		.string	"report"
 1068      7274 00
 1069               	.LASF34:
 1070 0023 6C61 7374 		.string	"last_consumer_report"
 1070      5F63 6F6E 
 1070      7375 6D65 
 1070      725F 7265 
 1070      706F 7274 
 1071               	.LASF14:
 1072 0038 6275 7474 		.string	"buttons"
 1072      6F6E 7300 
 1073               	.LASF1:
 1074 0040 7569 6E74 		.string	"uint8_t"
 1074      385F 7400 
 1075               	.LASF22:
 1076 0048 6B65 7962 		.string	"keyboard_idle"
 1076      6F61 7264 
 1076      5F69 646C 
 1076      6500 
 1077               	.LASF25:
 1078 0056 656E 6162 		.string	"enable"
 1078      6C65 00
 1079               	.LASF0:
 1080 005d 696E 7438 		.string	"int8_t"
 1080      5F74 00
 1081               	.LASF17:
 1082 0064 7365 6E64 		.string	"send_keyboard"
 1082      5F6B 6579 
 1082      626F 6172 
 1082      6400 
 1083               	.LASF31:
 1084 0072 6465 6275 		.string	"debug_config"
 1084      675F 636F 
 1084      6E66 6967 
 1084      00
 1085               	.LASF3:
 1086 007f 756E 7369 		.string	"unsigned char"
 1086      676E 6564 
 1086      2063 6861 
 1086      7200 
 1087               	.LASF7:
 1088 008d 6C6F 6E67 		.string	"long unsigned int"
 1088      2075 6E73 
 1088      6967 6E65 
 1088      6420 696E 
 1088      7400 
 1089               	.LASF43:
 1090 009f 686F 7374 		.string	"host_keyboard_leds"
 1090      5F6B 6579 
 1090      626F 6172 
 1090      645F 6C65 
 1090      6473 00
 1091               	.LASF46:
 1092 00b2 746D 6B5F 		.string	"tmk_core/common/host.c"
 1092      636F 7265 
 1092      2F63 6F6D 
 1092      6D6F 6E2F 
 1092      686F 7374 
 1093               	.LASF35:
 1094 00c9 686F 7374 		.string	"host_last_consumer_report"
 1094      5F6C 6173 
 1094      745F 636F 
 1094      6E73 756D 
 1094      6572 5F72 
 1095               	.LASF13:
 1096 00e3 7265 706F 		.string	"report_keyboard_t"
 1096      7274 5F6B 
 1096      6579 626F 
 1096      6172 645F 
 1096      7400 
 1097               	.LASF23:
 1098 00f5 6B65 7962 		.string	"keyboard_protocol"
 1098      6F61 7264 
 1098      5F70 726F 
 1098      746F 636F 
 1098      6C00 
 1099               	.LASF38:
 1100 0107 686F 7374 		.string	"host_system_send"
 1100      5F73 7973 
 1100      7465 6D5F 
 1100      7365 6E64 
 1100      00
 1101               	.LASF24:
 1102 0118 7866 756E 		.string	"xfunc_out"
 1102      635F 6F75 
 1102      7400 
 1103               	.LASF27:
 1104 0122 6B65 7962 		.string	"keyboard"
 1104      6F61 7264 
 1104      00
 1105               	.LASF19:
 1106 012b 7365 6E64 		.string	"send_system"
 1106      5F73 7973 
 1106      7465 6D00 
 1107               	.LASF11:
 1108 0137 7265 7365 		.string	"reserved"
 1108      7276 6564 
 1108      00
 1109               	.LASF5:
 1110 0140 756E 7369 		.string	"unsigned int"
 1110      676E 6564 
 1110      2069 6E74 
 1110      00
 1111               	.LASF9:
 1112 014d 6C6F 6E67 		.string	"long long unsigned int"
 1112      206C 6F6E 
 1112      6720 756E 
 1112      7369 676E 
 1112      6564 2069 
 1113               	.LASF45:
 1114 0164 474E 5520 		.string	"GNU C99 9.2.0 -mn-flash=1 -mno-skip-bug -mmcu=avr5 -gdwarf-2 -Os -std=gnu99 -funsigned-ch
 1114      4339 3920 
 1114      392E 322E 
 1114      3020 2D6D 
 1114      6E2D 666C 
 1115               	.LASF44:
 1116 024c 686F 7374 		.string	"host_get_driver"
 1116      5F67 6574 
 1116      5F64 7269 
 1116      7665 7200 
 1117               	.LASF21:
 1118 025c 686F 7374 		.string	"host_driver_t"
 1118      5F64 7269 
 1118      7665 725F 
 1118      7400 
 1119               	.LASF8:
 1120 026a 6C6F 6E67 		.string	"long long int"
 1120      206C 6F6E 
 1120      6720 696E 
 1120      7400 
 1121               	.LASF30:
 1122 0278 6465 6275 		.string	"debug_config_t"
 1122      675F 636F 
 1122      6E66 6967 
 1122      5F74 00
 1123               	.LASF42:
 1124 0287 6368 6172 		.string	"char"
 1124      00
 1125               	.LASF26:
 1126 028c 6D61 7472 		.string	"matrix"
 1126      6978 00
 1127               	.LASF15:
 1128 0293 7265 706F 		.string	"report_mouse_t"
 1128      7274 5F6D 
 1128      6F75 7365 
 1128      5F74 00
 1129               	.LASF40:
 1130 02a2 686F 7374 		.string	"host_mouse_send"
 1130      5F6D 6F75 
 1130      7365 5F73 
 1130      656E 6400 
 1131               	.LASF18:
 1132 02b2 7365 6E64 		.string	"send_mouse"
 1132      5F6D 6F75 
 1132      7365 00
 1133               	.LASF4:
 1134 02bd 7569 6E74 		.string	"uint16_t"
 1134      3136 5F74 
 1134      00
 1135               	.LASF36:
 1136 02c6 686F 7374 		.string	"host_last_system_report"
 1136      5F6C 6173 
 1136      745F 7379 
 1136      7374 656D 
 1136      5F72 6570 
 1137               	.LASF37:
 1138 02de 686F 7374 		.string	"host_consumer_send"
 1138      5F63 6F6E 
 1138      7375 6D65 
 1138      725F 7365 
 1138      6E64 00
 1139               	.LASF6:
 1140 02f1 6C6F 6E67 		.string	"long int"
 1140      2069 6E74 
 1140      00
 1141               	.LASF32:
 1142 02fa 6472 6976 		.string	"driver"
 1142      6572 00
 1143               	.LASF47:
 1144 0301 2F55 7365 		.string	"/Users/tars/Desktop/keyboards"
 1144      7273 2F74 
 1144      6172 732F 
 1144      4465 736B 
 1144      746F 702F 
 1145               	.LASF2:
 1146 031f 7369 676E 		.string	"signed char"
 1146      6564 2063 
 1146      6861 7200 
 1147               	.LASF10:
 1148 032b 6D6F 6473 		.string	"mods"
 1148      00
 1149               	.LASF12:
 1150 0330 6B65 7973 		.string	"keys"
 1150      00
 1151               	.LASF33:
 1152 0335 6C61 7374 		.string	"last_system_report"
 1152      5F73 7973 
 1152      7465 6D5F 
 1152      7265 706F 
 1152      7274 00
 1153               	.LASF29:
 1154 0348 5F42 6F6F 		.string	"_Bool"
 1154      6C00 
 1155               	.LASF48:
 1156 034e 686F 7374 		.string	"host_set_driver"
 1156      5F73 6574 
 1156      5F64 7269 
 1156      7665 7200 
 1157               	.LASF28:
 1158 035e 6D6F 7573 		.string	"mouse"
 1158      6500 
 1159               	.LASF41:
 1160 0364 686F 7374 		.string	"host_keyboard_send"
 1160      5F6B 6579 
 1160      626F 6172 
 1160      645F 7365 
 1160      6E64 00
 1161               		.text
 1162               		.section	.gnu.lto_.profile.321f18e0c65d637f,"e",@progbits
 1163 0000 789C E360 		.string	"x\234\343``\004B "
 1163      6004 4220 
 1163      00
 1164 0009 00        		.string	""
 1165 000a 00        		.string	""
 1166 000b 5D00      		.string	"]"
 1167 000d 0B        		.ascii	"\013"
 1168               		.text
 1169               		.section	.gnu.lto_.icf.321f18e0c65d637f,"e",@progbits
 1170 0000 789C E360 		.string	"x\234\343``d\210b@"
 1170      6064 8862 
 1170      4000 
 1171 000a 7E86 79F3 		.string	"~\206y\363\016\317\344g<\363\365\322f\016\246\211\363\027wr3\237\233\364\342$;\313\375\36
 1171      0ECF E467 
 1171      3CF3 F5D2 
 1171      660E A689 
 1171      F317 7772 
 1172 0060 00        		.string	""
 1173 0061 1DC7 2CD2 		.ascii	"\035\307,\322"
 1174               		.text
 1175               		.section	.gnu.lto_.jmpfuncs.321f18e0c65d637f,"e",@progbits
 1176 0000 789C 7D8F 		.string	"x\234}\2171\n\302@\020E\377\237Y!\021Q\3734\326\2269\203\3472\202}Z\313-,l\255\325\240'\3
 1176      310A C240 
 1176      1045 FF9F 
 1176      5921 1151 
 1176      FB34 D696 
 1177 0025 81E0 11E2 		.ascii	"\201\340\021\342,aUbta\212\375o\347\261?\001\261\"^'\005\311"
 1177      2C61 5562 
 1177      7461 8AFD 
 1177      6FE7 B13F 
 1177      01B1 225E 
 1178 003c C22B 0450 		.ascii	"\302+\004P\273\027\013\327\005\024\335)\233\372z\220\374\270"
 1178      BB17 0BD7 
 1178      0514 DD29 
 1178      9BFA 7A90 
 1178      FCB8 
 1179 004e 997B 95BD 		.ascii	"\231{\225\275\202\313,,\361\304\034\274\221\260i[exZn\037\367"
 1179      82CB 2C2C 
 1179      F1C4 1CBC 
 1179      91B0 695B 
 1179      6578 5A6E 
 1180 0064 A454 AF4A 		.ascii	"\244T\257J\360\314,\214\373v0:.}G\\\302;&\006~!\321P\3752\210"
 1180      F0CC 2C8C 
 1180      FB76 303A 
 1180      2E7D 475C 
 1180      C23B 2606 
 1181 007f 5B5B CD0F 		.ascii	"[[\315\017d\265R\253E\257n\210\215\273\312\243\300\320c\223?"
 1181      64B5 52AB 
 1181      45AF 6E88 
 1181      8DBB CAA3 
 1181      C0D0 6393 
 1182 0094 6C0A CC2C 		.ascii	"l\n\314,|\002\245PG\211"
 1182      7C02 A550 
 1182      4789 
 1183               		.text
 1184               		.section	.gnu.lto_.inline.321f18e0c65d637f,"e",@progbits
 1185 0000 789C E360 		.string	"x\234\343``d\250bd\200\003N\006\006\226\006 `Nad`b\002\261\230\222\031\030\330\300\214\02
 1185      6064 A862 
 1185      6480 034E 
 1185      0606 9606 
 1185      2060 4E61 
 1186 009b 00        		.string	""
 1187 009c 6DED 56BE 		.ascii	"m\355V\276"
 1188               		.text
 1189               		.section	.gnu.lto_.pureconst.321f18e0c65d637f,"e",@progbits
 1190 0000 789C 05C1 		.string	"x\234\005\301\321\021"
 1190      D111 00
 1191 0007 100C 44C1 		.ascii	"\020\fD\301\303\373\220\214\241\001\345\246\b\327\255\335\251"
 1191      C3FB 908C 
 1191      A101 E5A6 
 1191      08D7 ADDD 
 1191      A9
 1192 0018 A62B 29F4 		.ascii	"\246+)\364\350\3050\2300i\226\331\305)>S\027\005\271"
 1192      E8C5 3098 
 1192      3069 96D9 
 1192      C529 3E53 
 1192      1705 B9
 1193               		.text
 1194               		.section	.gnu.lto_host_set_driver.321f18e0c65d637f,"e",@progbits
 1195 0000 789C 454F 		.ascii	"x\234EOMKBA\024\275g\346Y\257\017A(\210\322\326b\204\332Fh\327"
 1195      4D4B 4241 
 1195      14BD 67E6 
 1195      59AF 0F41 
 1195      2888 D2D6 
 1196 001a 0F68 D93E 		.ascii	"\017h\331>H\203 \354A\271w|I.\fsSR V\"\331*Z\211i\365\022\n\212"
 1196      4883 20EC 
 1196      41B9 777C 
 1196      492E 0C73 
 1196      5352 2056 
 1197 0038 1612 548B 		.ascii	"\026\022T\213\240E\013\211\212\372\007\332\3143\350\302\205s"
 1197      A045 0B89 
 1197      8AFA 07DA 
 1197      CC33 E8C2 
 1197      8573 
 1198 004a CECC B9F7 		.ascii	"\316\314\271\367\\\235@\263 \232$\242q\331\340\004&\204\230\351"
 1198      5C9D 40B3 
 1198      209A 24A2 
 1198      71D9 E004 
 1198      2684 98E9 
 1199 005e 4DE8 0CB0 		.ascii	"M\350\f\260\221\320Aq\2068\266x\216\243\221jU\231\357H\276\b"
 1199      91D0 4171 
 1199      8638 B678 
 1199      8EA3 916A 
 1199      5599 EF48 
 1200 0074 2BB7 332A 		.ascii	"+\2673*\312\026\n\234hWv\267p\006\237\374\267q\235\25593\274"
 1200      CA16 0A9C 
 1200      6857 76B7 
 1200      7006 9FFC 
 1200      B771 9DAD 
 1201 008b C001 26E9 		.ascii	"\300\001&\351\301c\323\204\242\f.I\337\237\217\253\016>\006\222"
 1201      C163 D384 
 1201      A20C 2E49 
 1201      DF9F 8FAB 
 1201      0E3E 0692 
 1202 009f B892 C87E 		.ascii	"\270\222\310~\016xKB\230\302\372\232\023\203\005\316q\016.'\242"
 1202      0E78 4B42 
 1202      98C2 FA9A 
 1202      1383 05CE 
 1202      710E 2E27 
 1203 00b4 0E37 6A70 		.ascii	"\0167jp\023I\315S\327\t\027\360\222\362\274\235\266\267\235="
 1203      1349 CD53 
 1203      D709 17F0 
 1203      92F2 BC9D 
 1203      B6B7 9D3D 
 1204 00c8 DADF 5A5C 		.ascii	"\332\337Z\\\242G\036Bt\362\340\260D\273\223\022Vk\370nH\223\027"
 1204      A247 1E42 
 1204      74F2 E0B0 
 1204      44BB 9312 
 1204      566B F86E 
 1205 00df D886 3427 		.ascii	"\330\2064'\225W\203\260\21069\353\222\204$-\210\303\312\204\355"
 1205      9557 83B0 
 1205      8836 39EB 
 1205      9284 242D 
 1205      88C3 CA84 
 1206 00f4 FF80 B977 		.ascii	"\377\200\271w\353QP\316\317\254\377\274\352*\256fG\314\227\357"
 1206      EB51 50CE 
 1206      CFAC FFBC 
 1206      EA2A AE66 
 1206      47CC 97EF 
 1207 0108 3B7D 4998 		.ascii	";}I\230\t]*E\265S\212O/7M\224P\204\n|\205$`\251\250hH1\317\031"
 1207      095D 2A45 
 1207      B553 8A4F 
 1207      2F37 4D94 
 1207      5084 0A7C 
 1208 0126 7DC3 DCAF 		.ascii	"}\303\334\257\365\333\263U\2459\376C\020\215\304\242\313\363"
 1208      F5DB B355 
 1208      A539 FE43 
 1208      108D C4A2 
 1208      CBF3 
 1209 0138 6163 7531 		.ascii	"acu1\0206\242Qc%\260d\254\305\374aB\304\325E\376P0\264\020\231"
 1209      1036 A251 
 1209      6325 B064 
 1209      ACC5 FC61 
 1209      42C4 D545 
 1210 0152 0A4E D32F 		.ascii	"\nN\323/Q\314v\374"
 1210      51CC 76FC 
 1211               		.text
 1212               		.section	.gnu.lto_host_get_driver.321f18e0c65d637f,"e",@progbits
 1213 0000 789C 458E 		.ascii	"x\234E\216?K\003Q\020\304w\356\305x\026\007\202h\224(h\031\013"
 1213      3F4B 0351 
 1213      10C4 77EE 
 1213      C578 1607 
 1213      8268 9428 
 1214 0017 F315 FC26 		.ascii	"\363\025\374&\026\207 \204\363@\323g\357\214ZD\242\215\006\213"
 1214      1687 2084 
 1214      F340 D367 
 1214      EF8C 5A44 
 1214      A28D 068B 
 1215 002b 7068 90D8 		.ascii	"ph\220\330\251\255\361\3175\n\202H\bh#X\bZD\320\336\"\347n\024"
 1215      A9AD F1CF 
 1215      350A 8248 
 1215      0868 2358 
 1215      085A 44D0 
 1216 0044 7CB0 B033 		.ascii	"|\260\2603\314\233\375\331\004\032\001\321\004\021M\311\300\020"
 1216      CC9B FDD9 
 1216      041A 01D1 
 1216      0411 4DC9 
 1216      C010 
 1217 0056 2C66 9E1F 		.ascii	",f\236\037\fl\013\350ol\203J\026J\33065\203\215\233\235\226S"
 1217      0C6C 0BE8 
 1217      6F6C 834A 
 1217      164A D836 
 1217      3583 8D9B 
 1218 006d 3591 0645 		.ascii	"5\221\006E\036<\266C\250\004\206E&\337\321\233\223k2\207\034"
 1218      1E3C B643 
 1218      A804 8645 
 1218      26DF D19B 
 1218      936B 3287 
 1219 0082 D74E 673A 		.ascii	"\327Ng:\274>\036\031\213\366%\335B\026\347\310\222>\\ G$\371"
 1219      BC3E 1E19 
 1219      8BF6 25DD 
 1219      4216 E7C8 
 1219      923E 5C20 
 1220 0099 D7B3 DEAE 		.ascii	"\327\263\336\256\223Ni@\355K\244\005\210\350\2443\020s/\331\344"
 1220      934E 6940 
 1220      ED4B A405 
 1220      88E8 A433 
 1220      1073 2FD9 
 1221 00ae F861 B43B 		.ascii	"\370a\264;&\005ZB\025C\002\304)pL\264e\254_\021\210x\007\037"
 1221      2605 5A42 
 1221      1543 02C4 
 1221      2970 4CB4 
 1221      65AC 5F11 
 1222 00c6 7ECC F6BF 		.ascii	"~\314\366\277w\021\356\335M\352Z7\nX]\373z\261\025\320@\017\326"
 1222      7711 EEDD 
 1222      4DEA 5A37 
 1222      0A58 5DFB 
 1222      7AB1 15D0 
 1223 00dd 8FEF 93A1 		.ascii	"\217\357\223\2412\302\300\026\247\241W\305|z\276m\343\b\r\310"
 1223      32C2 C016 
 1223      A7A1 57C5 
 1223      7C7A BE6D 
 1223      E308 0DC8 
 1224 00f1 195C A30C 		.ascii	"\031\\\243\f\\)(b1\351\023\341\364_\2352V\f\376!\2102E\257\260"
 1224      5C29 2862 
 1224      31E9 13E1 
 1224      F45F 9D32 
 1224      560C FE21 
 1225 010a E0FA 2B8B 		.ascii	"\340\372+\213y\327\367<\1779\277\344\257\026\347\\\372\001\367"
 1225      79D7 F73C 
 1225      7F39 BFE4 
 1225      AF16 E75C 
 1225      FA01 F7
 1226 011d FC60 CE   		.ascii	"\374`\316"
 1227               		.text
 1228               		.section	.gnu.lto_host_keyboard_leds.321f18e0c65d637f,"e",@progbits
 1229 0000 789C 6D50 		.ascii	"x\234mP\317K[A\020\236og\223<\255\346&V\243"
 1229      CF4B 5B41 
 1229      109E 6F67 
 1229      933C ADE6 
 1229      2656 A3
 1230 0013 D04B 0FB1 		.string	"\320K\017\261P\003\355\255\227\376'=\004A(i@\305\253\373b\212B\203\n\242\266B\210\030JK\0
 1230      5003 EDAD 
 1230      97FE 273D 
 1230      0441 2869 
 1230      40C5 ABFB 
 1231 0114 F18D 5569 		.ascii	"\361\215Ui\3221\322\345\037\353\270\207\021 \254\301_0\303|\272"
 1231      D231 D2E5 
 1231      1FEB B887 
 1231      1120 ACC1 
 1231      5F30 C37C 
 1232 0129 3E97 E71B 		.ascii	">\227\347\033;\371'\327v\n\245V\037\254\004\354\035\314\355\207"
 1232      3BF9 27D7 
 1232      760A A556 
 1232      1FAC 04EC 
 1232      1DCC ED87 
 1233 013d 45CA 15EF 		.ascii	"E\312\025\357S\363vO-\254>\215\214\335\\\371[06c7\233\352\225"
 1233      53F3 764F 
 1233      2DAC 3E8D 
 1233      8CDD 5CF9 
 1233      5B30 3663 
 1234 0155 F5E1 8985 		.ascii	"\365\341\211\205\367~VE\304\350\017\372\037\371d!\341\023t\240"
 1234      F77E 5645 
 1234      C4E8 0FFA 
 1234      1FF9 6421 
 1234      E113 74A0 
 1235 0169 AAAD 6FA3 		.ascii	"\252\255o\243\370+\271e\331\"\316\300w\335J\316\370\216\210\272"
 1235      F82B B965 
 1235      D922 CEC0 
 1235      77DD 4ACE 
 1235      F88E 88BA 
 1236 017d D86B 1134 		.ascii	"\330k\0214O\036\204%P\334\006J\324\330\223x\375*\236\354\352"
 1236      4F1E 8425 
 1236      50DC 064A 
 1236      D4D8 9378 
 1236      FD2A 9EEC 
 1237 0192 688F 2713 		.ascii	"h\217'\023\211\344\233\366\316dw\317\3238]\001\360J\2378"
 1237      89E4 9BF6 
 1237      CE64 77CF 
 1237      D338 5D01 
 1237      F04A 9F38 
 1238               		.text
 1239               		.section	.gnu.lto_host_keyboard_send.321f18e0c65d637f,"e",@progbits
 1240 0000 789C A556 		.string	"x\234\245V\377O\024G\024\237\267\263\273\267{\267{P\213\312q\266\201&\306\250\211^\325\02
 1240      FF4F 1447 
 1240      149F B7B3 
 1240      BBB7 7BB7 
 1240      7B50 8BCA 
 1241 006d D9A9 13B2 		.string	"\331\251\023\262\227\0202\206_\360\023\220,\313z\335S\242I\222\371\365_\275>\331\362\322\
 1241      9710 3286 
 1241      5FF0 1390 
 1241      2CCB 7ADD 
 1241      53A2 4992 
 1242 00d8 DCB2 3420 		.ascii	"\334\2624 \207$*+\252G\323\275>\303\204C\222"
 1242      8724 2A2B 
 1242      AA47 D3BD 
 1242      3EC3 8443 
 1242      92
 1243 00e9 9740 1C40 		.string	"\227@\034@[\031\b\377\034\247')tT&\256H\333\277\300\263V\374\344H\300:\027\007\233\022\32
 1243      5B19 08FF 
 1243      1CA7 2729 
 1243      7454 26AE 
 1243      48DB BFC0 
 1244 01ea EBF3 CB3B 		.string	"\353\363\313;y\2123PZ\337\033`f\224\262\372k\312\346\3075F\262\356\020{\256\377\231^\016\
 1244      798A 3350 
 1244      5ADF 1B60 
 1244      6694 B2FA 
 1244      6BCA E6C7 
 1245 021f 9D8C 60E8 		.string	"\235\214`\350\302E\362\033\224Ot\336\204\377@T\200@7p\3020\035:\026\231\\$\251t.D\024\236
 1245      C245 F21B 
 1245      944F 74DE 
 1245      84FF 4054 
 1245      8040 3770 
 1246 025e 0711 774B 		.string	"\007\021wK\354\211o\325P3\023\325\231\034d\022z0\233\006\247\267\337A\210<\202\362\\\016\
 1246      EC89 6FD5 
 1246      5033 13D5 
 1246      991C 6412 
 1246      7A30 9B06 
 1247 02bd E463 FCB2 		.ascii	"\344c\374\262\372JA\233\342\2440^\032\375\333`)x@\206\037\020"
 1247      FA4A 419B 
 1247      E2A4 305E 
 1247      1AFD DB60 
 1247      2978 4086 
 1248 02d3 19B9 9D4E 		.ascii	"\031\271\235Nq\253\240G\317\374\354\0208\036\004~Lq+7W,\356O"
 1248      71AB A047 
 1248      CFFC EC10 
 1248      381E 047E 
 1248      4C71 2B37 
 1249 02eb 517B 3D12 		.ascii	"Q{=\022HR\373\212(u%\224\250\266=2\330G\035 \200A\021\352\r\341"
 1249      4852 FB8A 
 1249      2875 2594 
 1249      A8B6 3D32 
 1249      D847 1D20 
 1250 0305 E242 56BA 		.ascii	"\342BV\272&&70dH\2411\203\2101Er\032c\031\215\254v\270\205\024"
 1250      2626 3730 
 1250      6448 A131 
 1250      8388 3145 
 1250      721A 6319 
 1251 031f 1137 B799 		.ascii	"\0217\267\231|\332\372\244m\206{f\343J\214:$MX\217\007\274\254"
 1251      7CDA FAA4 
 1251      6D86 7B66 
 1251      E34A 8C3A 
 1251      244D 588F 
 1252 0336 DB99 367D 		.ascii	"\333\2316}\001~b\344\336\026\344\326-W=\321\367\264X\265\234"
 1252      017E 62E4 
 1252      DE16 E4D6 
 1252      2D57 3DD1 
 1252      F7B4 58B5 
 1253 034b DC0D 3084 		.ascii	"\334\r0\204\344\302\016\236\"\356\036;\337\366\026\003k\340\273"
 1253      E4C2 0E9E 
 1253      22EE 1E3B 
 1253      DFF6 1603 
 1253      6BE0 BB
 1254 035e 2FC2 30EC 		.string	"/\3020\354\301\320#\b`\323,^\204\232\244G\"K\220\341\316GF\032\177\206\240r*\261 1C\226\3
 1254      C1D0 2308 
 1254      60D3 2C5E 
 1254      849A A447 
 1254      224B 90E1 
 1255 045f 8938 1B7E 		.ascii	"\2118\033~\216\274\3049s\336\202~\301\037C]\236k\032\245\016"
 1255      8EBC C439 
 1255      73DE 827E 
 1255      C11F 435D 
 1255      9E6B 1AA5 
 1256 0474 AA06 538E 		.ascii	"\252\006S\216\002\226\300\037\245\031\354\315\013\350u/#\252"
 1256      0296 C01F 
 1256      A519 ECCD 
 1256      0BE8 752F 
 1256      23AA 
 1257 0486 EF2B F7CB 		.ascii	"\357+\367\3130\277\372e`R\346\267\336x.)O\257'\345\337\327\220"
 1257      30BF FA65 
 1257      6052 E6B7 
 1257      DE78 2E29 
 1257      4FAF 27E5 
 1258 049d F20C 97F2 		.ascii	"\362\f\227\362\037i\217\236\2111\323\237\036\323%e\343\177=="
 1258      1F69 8F9E 
 1258      8931 D39F 
 1258      1ED3 2565 
 1258      E37F 3D3D 
 1259 04b1 8FD2 1513 		.ascii	"\217\322\025\023\\\245\230`\214i+M1[`\216\2258\273\206b\346\327"
 1259      5CA5 9860 
 1259      8C69 2B4D 
 1259      315B 608E 
 1259      9538 BB86 
 1260 04c8 55CC 0257 		.ascii	"U\314\002W\314\242\353\3511\247\222?\3024U\305\034H\316\277="
 1260      CCA2 EBE9 
 1260      31A7 923F 
 1260      C234 55C5 
 1260      1C48 CEBF 
 1261 04dd D514 A652 		.ascii	"\325\024\246R?\330\204l..\374\360\355\202p\321\201\335\005\341"
 1261      3FD8 846C 
 1261      2E2E FCF0 
 1261      ED82 70D1 
 1261      81DD 05E1 
 1262 04f1 C2C2 F0C1 		.ascii	"\302\302\360\301\335\357\207?.\336U@\324\242\003\037\205\213"
 1262      DDEF 873F 
 1262      2EDE 5540 
 1262      D4A2 031F 
 1262      858B 
 1263 0503 8A33 9DE9 		.ascii	"\2123\235\351\256\374P\376;\357\276\032z\215\300\007\377\002"
 1263      AEFC 50FE 
 1263      3BEF BE1A 
 1263      7A8D C007 
 1263      FF02 
 1264 0515 D946 FF07 		.ascii	"\331F\377\007"
 1265               		.text
 1266               		.section	.gnu.lto_host_mouse_send.321f18e0c65d637f,"e",@progbits
 1267 0000 789C 6D51 		.string	"x\234mQAKTQ\024>\337=\367\275y\231\023\356\252q\223+q\243#\204 m\372\021\355\203F!\210\35
 1267      414B 5451 
 1267      143E DF3D 
 1267      F7BD 7999 
 1267      13EE AA71 
 1268 0082 1A52 AC31 		.ascii	"\032R\2541\204\273<\311\330\030\335\257\252\256y\311\231dr\335"
 1268      84BB 3CC9 
 1268      D818 DDAF 
 1268      AAAE 79C9 
 1268      9964 72DD 
 1269 0096 1F31 C3A7 		.ascii	"\0371\303\247b&z(\346\016\236\243K\336\215lM\254\246\3079f@\t"
 1269      6226 7A28 
 1269      E60E 9EA3 
 1269      4BDE 8D6C 
 1269      4DAC A6C7 
 1270 00ae 9C79 B753 		.ascii	"\234y\267S\202\205\nm\026\016\377z\002\316\200\304\237Z\251."
 1270      8285 0A6D 
 1270      160E FF7A 
 1270      02CE 80C4 
 1270      9F5A A92E 
 1271 00c2 A073 CE98 		.ascii	"\240s\316\230\222I~_0\25513^\200\205\021kh\307*\332\211$\326"
 1271      9249 7E5F 
 1271      30AD 3133 
 1271      5E80 8511 
 1271      6B68 C72A 
 1272 00da B1E7 13D6 		.ascii	"\261\347\023\326\321I\266\346\313\322\301\275\264\257\217\332"
 1272      D149 B6E6 
 1272      CBD2 C1BD 
 1272      B4AF 8FDA 
 1273 00ea E225 2427 		.ascii	"\342%$'\316\343\267^b\016\016GM\262\235\231\251\246S\220B\255"
 1273      CEE3 B75E 
 1273      620E 0E47 
 1273      4DB2 9D99 
 1273      A9A6 5390 
 1274 0100 E4F2 3CB8 		.ascii	"\344\362<\270\3321&+]\303$D\267Y9\020\t\330\207\231\235\277\343"
 1274      DA31 262B 
 1274      5DC3 2444 
 1274      B759 3910 
 1274      09D8 8799 
 1275 0117 35B8 BEA1 		.ascii	"5\270\276\241t\277~\332\272S\fi7~\363\347\347\300\252\367\235"
 1275      74BF 7EDA 
 1275      BA53 0C69 
 1275      377E F3E7 
 1275      E7C0 AAF7 
 1276 012c E247 AF0F 		.ascii	"\342G\257\017\217\225Q\212\002\211T\254\004\t\276\377\264\275"
 1276      8F95 518A 
 1276      0289 54AC 
 1276      0409 BEFF 
 1276      B4BD 
 1277 013e 8339 5420 		.ascii	"\2039T -\361\ne \261\312\261!A\332Cyw\263\206\3770j\0206\355"
 1277      2DF1 0A65 
 1277      20B1 CAB1 
 1277      2141 DA43 
 1277      7977 B386 
 1278 0158 43B2 7AF8 		.ascii	"C\262z\370km\261\302\377\364\2544\365\254\325}Wm\267\231|\\\374"
 1278      6B6D B1C2 
 1278      FFF4 AC34 
 1278      F5AC D57D 
 1278      576D B799 
 1279 016f 7042 7A45 		.ascii	"pBzE\242~\372\206\314\227\022VG#\331(\336}\346g\027\354h\323"
 1279      A27E FA86 
 1279      CC97 1256 
 1279      4723 D928 
 1279      DE7D E667 
 1280 0187 1999 1D35 		.ascii	"\031\231\0355\221\360\300mj\013Y\372\216\362\231\006\255\220"
 1280      91F0 C06D 
 1280      6A0B 59FA 
 1280      8EF2 9906 
 1280      AD90 
 1281 0199 8979 3107 		.ascii	"\211y1\007\215\346\272\271\214\037P\3567\307\030\315}\021\235"
 1281      8DE6 BAB9 
 1281      8C1F 50EE 
 1281      37C7 18CD 
 1281      7D11 9D
 1282 01ac 2CE6 AF5C 		.ascii	",\346\257\\\314\205\205\301\236\\\230\317\207W{.\207\327\213"
 1282      CC85 85C1 
 1282      9E5C 98CF 
 1282      8757 7B2E 
 1282      87D7 8B
 1283 01bf DD39 F20B 		.ascii	"\3359\362\013\203\327\302B\261\315\301\356\276l\337\245\201\336"
 1283      83D7 C242 
 1283      B1CD C1EE 
 1283      BE6C DFA5 
 1283      81DE 
 1284 01d1 6C3F FD05 		.ascii	"l?\375\0057\220\265\245"
 1284      3790 B5A5 
 1285               		.text
 1286               		.section	.gnu.lto_host_system_send.321f18e0c65d637f,"e",@progbits
 1287 0000 789C 8D52 		.string	"x\234\215R\337KTA\024>\337\314\275\327\273\346\206o\225\373RO\346\213\256\021Ro\375\005=\
 1287      DF4B 5441 
 1287      143E DFCC 
 1287      BDD7 BBE6 
 1287      866F 95FB 
 1288 00d3 719C 1D19 		.string	"q\234\035\031\035B\343\240R)\345\025\016\250\272\234\224x\004\311\214\030G\bc\b\0211\266\
 1288      1D42 E3A0 
 1288      5229 E515 
 1288      0EA8 BA9C 
 1288      9478 04C9 
 1289 0114 5FB4 042F 		.ascii	"_\264\004/\266\344\305q`\bz$\351\372-(\217(#\205I\222\234,B]"
 1289      B6E4 C571 
 1289      6008 7A24 
 1289      E9FA 2D28 
 1289      8F28 2385 
 1290 012e FB7A C6F6 		.ascii	"\373z\306\366\t\277 u\251\270S\207Y\t\326\354=\265<\357j\013"
 1290      09BF 2075 
 1290      A9B8 5387 
 1290      5909 D6EC 
 1290      3DB5 3CEF 
 1291 0144 35A6 EC9B 		.ascii	"5\246\354\233/\313\2014RI\227\221\274\256\203\301\267\037\246"
 1291      2FCB 8134 
 1291      5249 9791 
 1291      BCAE 83C1 
 1291      B71F A6
 1292 0157 6731 883C 		.ascii	"g1\210<\264\211\247H\003\236.\037\023\f\322g\244\027&\013\250"
 1292      B489 A748 
 1292      039E 2E1F 
 1292      130C D267 
 1292      A417 260B 
 1293 016c 3066 A5E3 		.ascii	"0f\245\343\277WF\312\237\231\327\027\344\232\376rU\377jq\217"
 1293      BF57 46CA 
 1293      9F99 D717 
 1293      E49A FE72 
 1293      55FF 6A71 
 1294 0181 0EFF 4B6D 		.ascii	"\016\377Km\262\252V`P\323k\266\225\365n\266\031m\261\336\215"
 1294      B2AA 5660 
 1294      50D3 6BB6 
 1294      95F5 6EB6 
 1294      196D B1DE 
 1295 0196 BBC1 8D9B 		.ascii	"\273\301\215\233\227\370\227\337\306\264\346\237\362\371\237"
 1295      97F8 97DF 
 1295      C6B4 E69F 
 1295      F2F9 9F
 1296 01a5 6D70 F317 		.ascii	"mp\363\027\243\r\302s}\320wg]\3778\362B\254\271\373U\255g\274"
 1296      A30D C273 
 1296      7DD0 7767 
 1296      5DFF 38F2 
 1296      42AC B9FB 
 1297 01bd E898 DBFA 		.ascii	"\350\230\333\372_y\357o\277\333\314ZI\356E\377I\356V\200Y\r\r"
 1297      5F79 EF6F 
 1297      BFDB CC5A 
 1297      49EE 45FF 
 1297      49EE 5680 
 1298 01d4 EF26 730B 		.ascii	"\357&s\013\017\234\360\220nT\177\003w\022E.\341\262i~\ta\372"
 1298      0F9C F090 
 1298      6E54 7F03 
 1298      7712 452E 
 1298      E1B2 697E 
 1299 01eb 86F4 769F 		.ascii	"\206\364v\237\226\311x:9Y\353\213\333e\036\346i\227 \314\007"
 1299      96C9 783A 
 1299      3959 EB8B 
 1299      DB65 1EE6 
 1299      6997 20CC 
 1300 0200 ED91 30A8 		.ascii	"\355\2210\250\356>\321\226D\364\350\301H,\336\336\022\211E\243"
 1300      EE3E D196 
 1300      44F4 E8C1 
 1300      482C DEDE 
 1300      1289 45A3 
 1301 0214 B163 2D47 		.ascii	"\261c-Gb'\022\315\021r\342\355\307c\361D\275I\233\333\302m\207"
 1301      6227 12CD 
 1301      1172 E2ED 
 1301      C763 F144 
 1301      BD49 9BDB 
 1302 022b 0EB7 86F7 		.ascii	"\016\267\206\367\322\037\365\207\002\346"
 1302      D21F F587 
 1302      02E6 
 1303               		.text
 1304               		.section	.gnu.lto_host_consumer_send.321f18e0c65d637f,"e",@progbits
 1305 0000 789C 8D52 		.ascii	"x\234\215RMOSA\024\275g\346\275\327W\004\302N\005\027\272B6P"
 1305      4D4F 5341 
 1305      14BD 67E6 
 1305      BDD7 5704 
 1305      C24E 0517 
 1306 0018 8C21 D195 		.ascii	"\214!\321\225\277\300\225{\023+\211\211\2515\265q\313\264\026"
 1306      BFC0 957B 
 1306      132B 8989 
 1306      A935 B571 
 1306      CBB4 16
 1307 002b 30A1 A91F 		.ascii	"0\241\251\037QQ\223\246`\203\272\242*A\304\242<\371\322\342G"
 1307      5151 93A6 
 1307      6083 BAA2 
 1307      2A41 C4A2 
 1307      3CF9 D2E2 
 1308 0040 D008 891A 		.ascii	"\320\b\211\032%\232\310\302\030\\h\342\216z\347MCQ6N2\223{\317"
 1308      259A C8C2 
 1308      185C 68E2 
 1308      8E7A E74D 
 1308      4351 364E 
 1309 0058 CC9C 73CF 		.ascii	"\314\234s\317\334q\t\264(\210\332\211\350 O8\004\241\224:\020"
 1309      DC71 09B4 
 1309      2888 DA89 
 1309      E820 4F38 
 1309      04A1 943A 
 1310 006d 48B8 42D8 		.ascii	"H\270B\330\367VG\353,U#_]\230\337c\251Z)\354\221\337\245-\214"
 1310      F756 47EB 
 1310      2C55 235F 
 1310      5D98 DF63 
 1310      A95A 29EC 
 1311 0086 582F CFDE 		.ascii	"X/\317\336\337\313\210\005\273r\332\006\374H\271\240.!-\033]"
 1311      DFCB 8805 
 1311      BB72 DA06 
 1311      FC48 B9A0 
 1311      2E21 2D1B 
 1312 009b 3827 FB25 		.ascii	"8'\373%\246zW\306E\313-\336T^\377\305@\217\352\336\226\223D\327"
 1312      A67A 57C6 
 1312      45CB 2DDE 
 1312      545E FFC5 
 1312      408F EADE 
 1313 00b3 789A 8187 		.ascii	"x\232\201\207h\341s=\263\347\213u\031\231\223\200\340tpq!\t\235"
 1313      68E1 733D 
 1313      B3E7 8B75 
 1313      1999 9380 
 1313      E074 7071 
 1314 00ca 0A34 E8B4 		.ascii	"\n4\350\264\373\347(d#\210\343\354\330\3700\232\207\224J*\357"
 1314      FBE7 2864 
 1314      2388 E3EC 
 1314      D8F8 309A 
 1314      8794 4A2A 
 1315 00df ED21 559B 		.ascii	"\355!U\233\223\022\217 \231\021\023hB\021MD\214\355*\260\231"
 1315      9312 8F20 
 1315      9911 1368 
 1315      4211 4D44 
 1315      8CED 2AB0 
 1316 00f4 C768 267D 		.ascii	"\307h&}\347\313\335\265\313u\216U\221\305\2446\312A\341\215\355"
 1316      E7CB DDB5 
 1316      CB75 8E55 
 1316      91C5 A436 
 1316      CA41 E18D 
 1317 0109 A9B5 72AF 		.ascii	"\251\265r\257\362\226v\f~\256\017\202/Z\202\027[\362\34280\004"
 1317      F296 760C 
 1317      7EAE 0F82 
 1317      2F5A 8217 
 1317      5BF2 E238 
 1318 011f 7D92 74FD 		.ascii	"}\222t\375\026\224G\224\226\302$\tNV\240n\0242"
 1318      1694 4794 
 1318      96C2 2409 
 1318      4E56 A06E 
 1318      1432 
 1319 0131 B64F F80D 		.string	"\266O\370\r\311+\245\335:\314J\260f\346\314\217O\256\266\0200e\337~Q\016\246\220L\270\214
 1319      C92B A5DD 
 1319      3ACC 4AB0 
 1319      66E6 CC8F 
 1319      4FAE B610 
 1320 0232 4AE2 0182 		.ascii	"J\342\001\202"
 1321               		.text
 1322               		.section	.gnu.lto_host_last_system_report.321f18e0c65d637f,"e",@progbits
 1323 0000 789C 458E 		.ascii	"x\234E\216\275K\303P\024\305\357\311\353G\034\"N\212\324\202"
 1323      BD4B C350 
 1323      14C5 EFC9 
 1323      EB47 1C22 
 1323      4E8A D482 
 1324 0014 6B17 FB2F 		.ascii	"k\027\373/\370\2378\004A\220\030\320\356\275\211E\301Jt\321\242"
 1324      F89F 3804 
 1324      4190 18D0 
 1324      EEBD 8945 
 1324      C14A 74D1 
 1325 0029 504A 2DA2 		.ascii	"PJ-\242\233\024\234\254\037Y\024\004\207 \350\"t\020tp\320A\\"
 1325      9B14 9CAC 
 1325      1F59 1404 
 1325      8720 E822 
 1325      7410 7470 
 1326 0040 1C1A EFAD 		.ascii	"\034\032\357\255\202\017\036\334s\336}\347\374l\002\215\203h"
 1326      820F 1EDC 
 1326      73DE 7DE7 
 1326      FC6C 028D 
 1326      8368 
 1327 0052 9288 8A72 		.ascii	"\222\210\212ra\b\0263\317\346\003\333\002\206\023\333\240\252"
 1327      6108 1633 
 1327      CFE6 03DB 
 1327      0286 13DB 
 1327      A0AA 
 1328 0064 852A B64C 		.ascii	"\205*\266L\303`\355z\273\347D\246\245\213\"\333\017I\b\225\300"
 1328      C360 ED7A 
 1328      BBE7 44A6 
 1328      A58B 22DB 
 1328      0F49 0895 
 1329 0079 98C8 F4BB 		.ascii	"\230\310\364\273\365\342\224\216\230C\216\033\247\371\375\215"
 1329      F5E2 948E 
 1329      9843 8E1B 
 1329      A7F9 FD8D 
 1330 0089 84E5 CDA2 		.ascii	"\204\345\315\242=Y\357\241\2003\024H\017\316Q\"\222\017\317\335"
 1330      3D59 EFA1 
 1330      8033 1448 
 1330      0FCE 5122 
 1330      920F CFDD 
 1331 009d C18E 93CB 		.ascii	"\301\216\223\313\350\202\332\027\310\t\021\321\311}6\346A\272"
 1331      E882 DA17 
 1331      C809 11D1 
 1331      C97D 36E6 
 1331      41BA 
 1332 00af CE71 BFD8 		.ascii	"\316q\277\330\376\032\225\004M\241\272!A\342\f8&\3324\326\257"
 1332      FE1A 9504 
 1332      4DA1 BA21 
 1332      41E2 0C38 
 1332      26DA 34D6 
 1333 00c4 0844 BC82 		.ascii	"\bD\274\202\017>\243\3540\340\r\341\356\355\224\216M\243\214"
 1333      0F3E A3EC 
 1333      30E0 0DE1 
 1333      EEED 948E 
 1333      4DA3 8C
 1334 00d7 D1EA 47DF 		.ascii	"\321\352G\337VF\003\255l\036\337\245#5\204\201-NG{\305||\272"
 1334      5646 03AD 
 1334      6C1E DFA5 
 1334      2335 8481 
 1334      2D4E 477B 
 1335 00ef 4970 880E 		.ascii	"Ip\210\016\244\007W\250\001\227\212\212XLzG8\375\027\247\224"
 1335      A407 57A8 
 1335      0197 8A8A 
 1335      584C 7A47 
 1335      38FD 17A7 
 1336 0104 7583 7F0A 		.ascii	"u\203\177\n\242\211\212\2678\347\372\313\363e\327\367<\177\251"
 1336      A289 8AB7 
 1336      38E7 FACB 
 1336      F365 D7F7 
 1336      3C7F A9
 1337 0117 BCE0 AF54 		.ascii	"\274\340\257Tf\\\372\001\256ybp"
 1337      665C FA01 
 1337      AE79 6270 
 1338               		.text
 1339               		.section	.gnu.lto_host_last_consumer_report.321f18e0c65d637f,"e",@progbits
 1340 0000 789C 458E 		.ascii	"x\234E\216?K\003A\020\305\347\335\346\317Y\034Z)\022\025\333"
 1340      3F4B 0341 
 1340      10C5 E7DD 
 1340      E6CF 591C 
 1340      5A29 1215 
 1341 0015 34E6 2BF8 		.ascii	"4\346+\370M,\016"
 1341      4D2C 0E
 1342 001c 4190 F340 		.string	"A\220\363@\323g\356\f\nF\022\033\r\n!\304 \321Jl\215\306k\f\b)\216\2006\202\205\240\205\2
 1342      D367 EE0C 
 1342      0A46 121B 
 1342      0D0A 21C4 
 1342      20D1 4A6C 
 1343 011d 4834 61CD 		.ascii	"H4a\315"
 1344               		.text
 1345               		.section	.gnu.lto_.symbol_nodes.321f18e0c65d637f,"e",@progbits
 1346 0000 789C 7590 		.string	"x\234u\220\275\016\001Q\020\205\317\334;w\355\256\277\265\245\206x\022\236l\266P\t\t\005\
 1346      BD0E 0151 
 1346      1085 CFDC 
 1346      3B77 EDAE 
 1346      BFB5 A586 
 1347 0044 022C A206 		.string	"\002,\242\006^"
 1347      5E00 
 1348 004a 8674 5403 		.ascii	"\206tT\003\2642B\351\n\345\210\262\220\214\350s\377\326\242\177"
 1348      B432 42E9 
 1348      0AE5 88B2 
 1348      908C E873 
 1348      FFD6 A27F 
 1349 005e D73C 575F 		.ascii	"\327<W_\251\240\336\346&\240$\207H\226\271\302\026KO\214\345"
 1349      A9A0 DEE6 
 1349      26A0 2487 
 1349      4896 B9C2 
 1349      164B 4F8C 
 1350 0073 5065 9259 		.ascii	"Pe\222Y_\034\213B;\211\"+\031\213{N\334tBE\361\036\237\250\274"
 1350      5F1C 8B42 
 1350      3B89 222B 
 1350      198B 7B4E 
 1350      DC74 4245 
 1351 008c 29E2 87D5 		.ascii	")\342\207\325cP\022?\025\260\276,g#M[\202\346`u8\206t\3625\227"
 1351      6350 123F 
 1351      15B0 BE2C 
 1351      6723 4D5B 
 1351      82E6 6075 
 1352 00a6 3ABD E180 		.ascii	":\275\341\200\250\031~\233\3432\363\256}\274\202\356\004\366"
 1352      A819 7E9B 
 1352      E332 F3AE 
 1352      7DBC 82EE 
 1352      04F6 
 1353 00b8 7E43 EC4F 		.ascii	"~C\354O\366\363\265\242\273\003\316\375J<\001\236\tp5"
 1353      F6F3 B5A2 
 1353      BB03 CEFD 
 1353      4A3C 019E 
 1353      0970 35
 1354               		.text
 1355               		.section	.gnu.lto_.refs.321f18e0c65d637f,"e",@progbits
 1356 0000 789C 15C8 		.ascii	"x\234\025\310\261\025\2000\fCAI\3068!\204\024\024\264\364T\354"
 1356      B115 8030 
 1356      0C43 4149 
 1356      C638 2184 
 1356      1414 B4F4 
 1357 0016 C1FE F3E0 		.ascii	"\301\376\363\3404\367\244_@|@J\212BbI,\t\274j=\341\227\342\206"
 1357      34F7 A45F 
 1357      407C 404A 
 1357      8A42 6249 
 1357      2C09 BC6A 
 1358 002f 3F2A 2F6B 		.ascii	"?*/kf\333\320\304\346`\330\216.\3669y\314:\362\343\007U\320\002"
 1358      66DB D0C4 
 1358      E660 D88E 
 1358      2EF6 3979 
 1358      CC3A F2E3 
 1359 0047 03        		.ascii	"\003"
 1360               		.text
 1361               		.section	.gnu.lto_.decls.321f18e0c65d637f,"e",@progbits
 1362 0000 789C 9D58 		.string	"x\234\235X{PT\327\031\277\347\236eY\226\005\r\322h\304tbJ&\315$A4\031\0333M\332\264\235I\
 1362      7B50 54D7 
 1362      19BF E79E 
 1362      6559 9605 
 1362      0DD2 68C4 
 1363 00a3 5908 F23E 		.ascii	"Y\b\362>\310b\220\017A>\006q\004\374\247p\375\034d\031\310r\220"
 1363      C862 900F 
 1363      413E 0671 
 1363      04FC A770 
 1363      FD1C 6419 
 1364 00ba 6090 4D20 		.ascii	"`\220M \337!A\365\373\f\354q\200\353\032\0207\020wn\313\2778"
 1364      DF21 41F5 
 1364      FB0C EC71 
 1364      80EB 1A10 
 1364      3710 776E 
 1365 00d1 0E71 DDE4 		.ascii	"\016q\335\344\272\334j\356\237a\256\346\005\363\336\2643o\251"
 1365      BADC 6AEE 
 1365      9F61 AEE6 
 1365      05F3 DEB4 
 1365      336F A9
 1366 00e4 C87C EEE0 		.ascii	"\310|\356\340s\356\360y\017\341z\233\317\355\341\327\267\354"
 1366      73EE F079 
 1366      0FE1 7A9B 
 1366      CFED E1D7 
 1366      B7EC 
 1367 00f6 702C 038E 		.ascii	"p,\003\216W\255\354&\361\2239[A\346\201|\251\340n\001\3717\334"
 1367      57AD EC26 
 1367      F193 395B 
 1367      41E6 817C 
 1367      A9E0 6E01 
 1368 010d 0781 FC03 		.ascii	"\007\201\374\003\344? \377\005Y\252\210\373\022\020\021d\030"
 1368      E43F 20FF 
 1368      0559 AA88 
 1368      FB12 1011 
 1368      6418 
 1369 011f B0DF C355 		.ascii	"\260\337\303U\002\371\f\344#\220\020\220O@`\371\204\273 \377"
 1369      02F9 0CE4 
 1369      2390 1090 
 1369      4F40 60F9 
 1369      84BB 20FF 
 1370 0133 84FB 2981 		.ascii	"\204\373)\201\265\337V\304\237\304s\031\217\377\247\212\370+"
 1370      B5DF 56C4 
 1370      9FC4 7319 
 1370      8FFF A78A 
 1370      F82B 
 1371 0145 7F7F 03FB 		.ascii	"\177\177\003\373\235\254\354'kNl\257W\330\\\307\343\320\307\257"
 1371      9DAC EC27 
 1371      6B4E 6CAF 
 1371      57D8 5CC7 
 1371      E3D0 C7AF 
 1372 0159 EFDA 8987 		.ascii	"\357\332\211\207\217\310\362D\311G\362g9\217G9H(\262\360\226"
 1372      8FC8 F244 
 1372      C947 F267 
 1372      398F 4739 
 1372      4828 B2F0 
 1373 016e 71BE 5E7E 		.ascii	"q\276^~%\271\004\0244G\254\271W\375\237\334\367\371u!\347\376"
 1373      25B9 0414 
 1373      3447 ACB9 
 1373      57FD 9FDC 
 1373      F7F9 7521 
 1374 0184 CE06 F75A 		.ascii	"\316\006\367Z\253\034*\345\\\002\237\373>\367w\223\325<\277\237"
 1374      AB1C 2AE5 
 1374      5C02 9FFB 
 1374      3EF7 7793 
 1374      D53C BF9F 
 1375 0198 98B7 98CF 		.ascii	"\230\267\230\317\263\316\367\004\214\302.E\347\273Da\344\246"
 1375      B3CE F704 
 1375      8CC2 2E45 
 1375      E7BB 4461 
 1375      E4A6 
 1376 01aa 4722 3453 		.ascii	"G\"4S\233jC\0214\335\365h&4\013\247v\027j\330\250\016\232"
 1376      9B6A 4311 
 1376      34DD F568 
 1376      2634 0BA7 
 1376      7617 6AD8 
 1377 01c1 B935 4909 		.string	"\2715I\tZ\326\324B\263\244\265|X\217!A\340\376\320\231\023\3513`h\271\036MMa\350(\037x\33
 1377      5AD6 D442 
 1377      B3A4 B57C 
 1377      588F 2141 
 1377      E0FE D099 
 1378 02c2 F5B4 B1A2 		.ascii	"\365\264\261\242\330\022\007\245\371\3250l1\277F6?fG\026\213"
 1378      D812 07A5 
 1378      F9D5 306C 
 1378      31BF 4636 
 1378      3F66 4716 
 1379 02d7 11F4 F018 		.ascii	"\021\364\360\030\365\037>[\347b'Fu$F\265r\214:\303#\"f(\225\324"
 1379      F51F 3E5B 
 1379      E762 2746 
 1379      7524 46B5 
 1379      728C 3AC3 
 1380 02f1 A962 542F 		.ascii	"\251bT/+\251\270\265\317\244\301k\355\004Bj\224\006E\367X\265"
 1380      2BA9 B8B5 
 1380      CFA4 C16B 
 1380      ED04 426A 
 1380      9406 45F7 
 1381 0307 578D 2412 		.ascii	"W\215$\022M\310]"
 1381      4DC8 5D
 1382 030e E152 43D6 		.string	"\341RC\326\271\373\216\370\033\312\022\031\022\227\345dc\016\272\006\221PO\033\277}\363#\
 1382      B9FB 8EF8 
 1382      1BCA 1219 
 1382      1297 E564 
 1382      630E BA06 
 1383 040f D405 804E 		.string	"\324\005\200N:t\217\355\005\324\203<\321]\220>\220^\220\373\310\223d\005S2\261T\332>\207l
 1383      3A74 8FED 
 1383      05D4 833C 
 1383      D15D 903E 
 1383      905E 90FB 
 1384 04b7 34F3 7C18 		.ascii	"4\363|\030\271\261)"
 1384      B9B1 29
 1385 04be D4E2 8BB9 		.string	"\324\342\213\271\255\275\"\263\302\033\232QGnd\352q;3\342Z\333\241\003<\337\034\240\331|\
 1385      ADBD 22B3 
 1385      C21B 9A51 
 1385      476E 64EA 
 1385      713B 33E2 
 1386 05bf 8B6C 3C40 		.string	"\213l<@M\"\244\277\b\371\023&z\240p\321CH\222t\264#I\002\364\243\357\351=\220\366\246\344
 1386      4D22 A4BF 
 1386      08F9 1326 
 1386      7AA0 70D1 
 1386      4348 9274 
 1387 0675 2906 BF59 		.string	")\006\277Y,o\332\217\317)\246Y\266\023\374\215\003\265{DKvZ?,'3\34620I\345X+\260UB^S\022o
 1387      2C6F DA8F 
 1387      CF29 A659 
 1387      B613 FC8D 
 1387      03B5 7B44 
 1388 06cb 126F 4EDE 		.ascii	"\022oN\336\315\355\2619\332Y\366\030h\371\366\323$%SQ\261\006"
 1388      CDED B139 
 1388      DA59 F618 
 1388      68F9 F6D3 
 1388      2425 5351 
 1389 06e1 653E 258B 		.ascii	"e>%\213\312\347\373^\226O{i>\035\351\311\357\027oCq \362z_>\001"
 1389      CAE7 FB5E 
 1389      964F 7B69 
 1389      3E1D E9C9 
 1389      EF17 6F43 
 1390 06fc 20D6 40C4 		.ascii	" \326@\304\004r\317*'\332\204\253\310.\274\013q\230 \337\233"
 1390      0472 CF2A 
 1390      27DA 84AB 
 1390      C82E BC0B 
 1390      7198 20DF 
 1391 0711 716C 4494 		.ascii	"qlD\224Y\331\034\304\351A\246\344\037\243\227!\026R\322\022U"
 1391      59D9 1CC4 
 1391      E941 A6E4 
 1391      1FA3 9721 
 1391      1652 D212 
 1392 0726 5671 0E44 		.ascii	"Vq\016D\317\231HPR y\252\314\240\032\2640\233/f\253d\327!\"-"
 1392      CF99 4850 
 1392      5220 79AA 
 1392      CCA0 1AB4 
 1392      309B 2F66 
 1393 0740 9D19 6EF8 		.ascii	"\235\031n\370\007\226\316\t\235[\246\\\254\352h\300\246\210\312"
 1393      0796 CE09 
 1393      9D5B A65C 
 1393      ACEA 68C0 
 1393      A688 CA
 1394 0753 0ABA 2B7C 		.ascii	"\n\272+|\327c\353b\233\275\212\325\270'\341\267v\213\312e9\240"
 1394      D763 EB62 
 1394      9BBD 8AD5 
 1394      B827 E1B7 
 1394      768B CA65 
 1395 0769 5A96 5491 		.ascii	"Z\226T\221\027P\275\343#\237\320\372\022zx}\231\326y\251[o\247"
 1395      1750 BDE3 
 1395      239F D0FA 
 1395      127A 787D 
 1395      99D6 79A9 
 1396 0780 BE3C 2442 		.ascii	"\276<$B\221vP\344UZJ\322H\236\353\353\007\244\216\016\251h\252"
 1396      9176 50E4 
 1396      555A 4AD2 
 1396      489E EBEB 
 1396      07A4 8E0E 
 1397 0797 FA9D 2E50 		.ascii	"\372\235.P\267\031fi\b\f\355\207\234\345\366\220{\370\337\007"
 1397      B719 6669 
 1397      080C ED87 
 1397      9CE5 F690 
 1397      7BF8 DF07 
 1398 07ab 6BEF 95AD 		.ascii	"k\357\225\255\023\320a\361u\362P\030\275~D\3045\314\371\2123"
 1398      13D0 61F1 
 1398      75F2 5018 
 1398      BD7E 44C4 
 1398      35CC F98A 
 1399 07c0 55A1 58A9 		.ascii	"U\241X\251\224\330#k=\"*J\303\262\204\310"
 1399      94D8 236B 
 1399      3D22 2A4A 
 1399      C3B2 84C8 
 1400 07d0 4C3D 575A 		.ascii	"L=WZ\266\305\201Td0\311\215\200P\232Bg\232E\347a\320\371\003"
 1400      B6C5 8154 
 1400      6430 C98D 
 1400      8050 9A42 
 1400      679A 45E7 
 1401 07e8 D5D9 97DD 		.ascii	"\325\331\227\335\fo\322[L\347\223\306\375\311\006\316\324\037"
 1401      0C6F D25B 
 1401      4CE7 93C6 
 1401      FDC9 06CE 
 1401      D41F 
 1402 07fa 8F39 9348 		.ascii	"\2179\223Hk\315t\005S\272\205i70\035\245L\367n_;\355\204\207"
 1402      6BCD 7405 
 1402      53BA 8569 
 1402      3730 1DA5 
 1402      4CF7 6E5F 
 1403 0812 18D3 E6C2 		.ascii	"\030\323\346\302\323-\"gj\377\312LD\312\355c\n\242c\026\242!"
 1403      D32D 2267 
 1403      6AFF CA4C 
 1403      44CA ED63 
 1403      0AA2 6316 
 1404 0828 AD80 3228 		.ascii	"\255\2002(QWa\370.\214\267`JT\2323\032\346\314\211&^1\023\221"
 1404      5157 61F8 
 1404      2E8C B760 
 1404      4A54 9A33 
 1404      1AE6 CC89 
 1405 0841 13CC 7105 		.ascii	"\023\314q\005\321q\013Q3\020\235\240D\373\n\207o\271\342xFt\260"
 1405      D171 0B51 
 1405      3310 9DA0 
 1405      44FB 0A87 
 1405      6FB9 E278 
 1406 0858 E56C 9F8E 		.ascii	"\345l\237\216\023\225x\230\211\310q1SA\224i!:\017D')Qw\335\221"
 1406      1395 7898 
 1406      89C8 7131 
 1406      5341 9469 
 1406      213A 0F44 
 1407 0872 212D 3EC2 		.ascii	"!->\302\210N5W\304\312\256U\314S\021e)\210\262,D\251@t\212\022"
 1407      884E 3557 
 1407      C4CA AE55 
 1407      CC53 1165 
 1407      2988 B22C 
 1408 088c 6546 C50E 		.ascii	"eF\305\016\350\360YF4\2727J}\310-U\024\377?*WxgF\203\344\310"
 1408      E8F0 5946 
 1408      34BA 374A 
 1408      7DC8 2D55 
 1408      14FF 3F2A 
 1409 08a7 555E DBE7 		.ascii	"U^\333\347^\007OW\230t@$(\224\255P\232mQ\272\013\224\236\246"
 1409      5E07 4F57 
 1409      9874 4024 
 1409      2894 AD50 
 1409      9A6D 51BA 
 1410 08bf 4A7B      		.ascii	"J{"
 1411 08c1 2E57 9CD5 		.string	".W\234\325\343:\246\364\376\211\316N9Y&^5\347\n!:\243 :c!\332\002D9\224h\260\370i\237\026
 1411      E33A A6F4 
 1411      FE89 CE4E 
 1411      3959 265E 
 1411      35E7 0A21 
 1412 09c2 FB50 3603 		.string	"\373P6\003]\202\250\241\213$8\342|\257\002G\001\225\213o\2207\327\323G\277P\226\356\304MK
 1412      5D82 A8A1 
 1412      8B24 38E2 
 1412      7CAF 0247 
 1412      0195 8B6F 
 1413 0ab4 9B54 2215 		.ascii	"\233T\"\025=\031&\257\034DN\254\350:\333D\312\0177`\200W\253"
 1413      3D19 26AF 
 1413      1C44 4EAC 
 1413      E83A DB44 
 1413      CA0F 3760 
 1414 0acb 8380 6E50 		.ascii	"\203\200nP\226\310\311\033MZ\334\315\023\226\177\223s\247\337"
 1414      96C8 C91B 
 1414      4D5A DCCD 
 1414      1396 7F93 
 1414      73A7 DF
 1415 0ade E470 8E29 		.ascii	"\344p\216)\367\251\016\261\003\200\236U\365\200\241\025\276\216"
 1415      F7A9 0EB1 
 1415      0380 9E55 
 1415      F580 A115 
 1415      BE8E 
 1416 0af0 5E59 512F 		.ascii	"^YQ/\025\315D\202yg\223~\324\006f\337d+\"W\350\356\254B\257\272"
 1416      15CD 4482 
 1416      7967 937E 
 1416      D406 66DF 
 1416      642B 2257 
 1417 0b0a D490 E888 		.ascii	"\324\220\350\210\207\250>\\\325f\252rENLC8#\213\266\220\241\016"
 1417      87A8 3E5C 
 1417      D566 AA72 
 1417      454E 4C43 
 1417      3823 8BB6 
 1418 0b21 B0FE B6E8 		.ascii	"\260\376\266\350$\240;\300\327\311\217\030\244\203\0323\223\336"
 1418      24A0 3BC0 
 1418      D7C9 8F18 
 1418      A483 1A33 
 1418      93DE 
 1419 0b33 0267 4453 		.ascii	"\002gDS\332QW<\306|\220\277\306\272\263\257\261'\356w\234\305"
 1419      DA51 573C 
 1419      C67C 90BF 
 1419      C6BA B3AF 
 1419      B127 EE77 
 1420 0b49 7892 8D95 		.ascii	"x\222\215\225m\316/v\300\341\016\354\215\330R\237\253\303Q\264"
 1420      6DCE 2F76 
 1420      C0E1 0EEC 
 1420      8DD8 529F 
 1420      ABC3 51B4 
 1421 0b5d E1D8 1E73 		.ascii	"\341\330\036sy&=\261Z\276\274\034\303\325\365\321R\372:\342\021"
 1421      7926 3DB1 
 1421      5ABE BC1C 
 1421      C3D5 F5D1 
 1421      52FA 3AE2 
 1422 0b72 3D57 F641 		.ascii	"=W\366A}\322*\232KlZy?\204J\263U\224\253\334\"^\243\312\261\350"
 1422      7DD2 2A9A 
 1422      4B6C 5A79 
 1422      3F84 4AB3 
 1422      5594 ABDC 
 1423 0b8c E3B5 E903 		.ascii	"\343\265\351\003@\r\200\334\007\351\007\351\025\025\307\327\236"
 1423      400D 80DC 
 1423      07E9 07E9 
 1423      1515 C7D7 
 1423      9E
 1424 0b9d 2E6C 9222 		.ascii	".l\222\"=\2103\250Gdj\026Y\264\220n\242\245[4\327\376\365\177"
 1424      3D88 33A8 
 1424      4764 6A16 
 1424      59B4 906E 
 1424      A2A5 5B34 
 1425 0bb5 A8BD 8EE8 		.ascii	"\250\275\216\350\300=\373x\305y\364\013\223\264\325\003\315\323"
 1425      C03D FB78 
 1425      C579 F40B 
 1425      93B4 D503 
 1425      CDD3 
 1426 0bc7 3383 6C1D 		.ascii	"3\203l\035\022\310\247#\205\031]\366ioY\314h1\233q\327>~\021"
 1426      12C8 A723 
 1426      8519 5DF6 
 1426      696F 59CC 
 1426      6831 9B71 
 1427 0bdf 3B50 675D 		.ascii	";Pg]-\271\351\302\017\3240\265\254\t[\016\342\344@=\004\207R"
 1427      2DB9 E9C2 
 1427      0FD4 30B5 
 1427      AC09 5B0E 
 1427      E2E4 403D 
 1428 0bf6 3BA7 1762 		.ascii	";\247\027b>\201\202\002\3016.\326V\354\207\370ix\020\214xd>\013"
 1428      3E81 8202 
 1428      C136 2ED6 
 1428      56EC 87F8 
 1428      6978 108C 
 1429 0c0e 0CF7 4495 		.ascii	"\f\367D\225\032p&\313\200\223W\333#\035\334m\314F\303\"\266C"
 1429      1A70 26CB 
 1429      8093 57DB 
 1429      231D DC6D 
 1429      CC46 C322 
 1430 0c24 5011 BBFF 		.ascii	"P\021\273\377\271\003l4\362\252j\037q0I%!\032\364\030\240-|\247"
 1430      B903 6C34 
 1430      F2AA 6A1F 
 1430      7130 4925 
 1430      211A F418 
 1431 0c3c 99BF 7392 		.ascii	"\231\277s\222}V\005\373l\204\356\263\360\260\3041\362\311\206"
 1431      7D56 05FB 
 1431      6C84 EEB3 
 1431      F0B0 C431 
 1431      F2C9 86
 1432 0c4f 9414 F495 		.ascii	"\224\024\364\225\327\237\334\243\301\005\314\220\364\372\212"
 1432      D79F DCA3 
 1432      C105 CC90 
 1432      F4FA 8A
 1433 0c5e 0B1A BE7B 		.ascii	"\013\032\276{\247\252\177\275+-D\362\246\310\321i\333\227\364"
 1433      A7AA 7FBD 
 1433      2B2D 44F2 
 1433      A6C8 D169 
 1433      DB97 F4
 1434 0c71 3C11 3DBC 		.ascii	"<\021=\274\036\002\363\030e.zr\016\336\302\265\214\351\307S\031"
 1434      1E02 F318 
 1434      652E 7A72 
 1434      0EDE C2B5 
 1434      8CE9 C753 
 1435 0c86 371D 3953 		.ascii	"7\0359S\311\027\222\201\262\214Oc\031\347,\343\3002AY\n/\235"
 1435      C917 9281 
 1435      B28C 4F63 
 1435      19E7 2CE3 
 1435      C032 4159 
 1436 0c9d 2E55      		.ascii	".U"
 1437 0c9f 7D26 204F 		.string	"}& O\017\313\204\247\354\220\364\224\036\222j\323\007\013T\225\373c\325'\205g\f\373\214b\
 1437      0FCB 84A7 
 1437      EC90 F494 
 1437      1E92 6AD3 
 1437      070B 5495 
 1438 0da0 AF35 828B 		.string	"\2575\202\213\242\351\023\204\003V|\243\001\322@]\2001\320\030\260\321\350\253\361\363\36
 1438      A2E9 1384 
 1438      0356 7CA3 
 1438      01D2 405D 
 1438      8031 D018 
 1439 0e22 AFBF 8220 		.ascii	"\257\277\202 8\371\370\360\006\274*u>>\253\274\026y\277\367+"
 1439      38F9 F8F0 
 1439      06BC 2A75 
 1439      3E3E ABBC 
 1439      1679 BFF7 
 1440 0e37 C70D 01FE 		.ascii	"\307\r\001\376\253\375\214~\030:\264ox/\372\353k\346\261EnfW"
 1440      ABFD 8C7E 
 1440      183A B46F 
 1440      782F FAEB 
 1440      6BE6 B145 
 1441 0e4e 989A 0FCD 		.ascii	"\230\232\017\315c\213\226hY\024\f\276\306\225\301\253\211=_\255"
 1441      638B 9668 
 1441      5914 0CBE 
 1441      C695 C1AB 
 1441      893D 5FAD 
 1442 0e62 5DED E0F3 		.ascii	"]\355\340\363;\177\377u\016\324[\235<W\353\267\"(`\355&\255q"
 1442      3B7F FF75 
 1442      0ED4 5B9D 
 1442      3C57 EBB7 
 1442      2228 60ED 
 1443 0e79 FD8A 95EB 		.ascii	"\375\212\225\353\214s\254m\244\363\301:W%\221O\220\333t\367\335"
 1443      8C73 AC6D 
 1443      A4F3 C13A 
 1443      5725 914F 
 1443      90DB 74F7 
 1444 0e8e 6D79 FE3F 		.ascii	"my\376?\345q\231\227"
 1444      E571 9997 
 1445               		.text
 1446               		.section	.gnu.lto_.symtab.321f18e0c65d637f,"e",@progbits
 1447 0000 686F 7374 		.string	"host_set_driver"
 1447      5F73 6574 
 1447      5F64 7269 
 1447      7665 7200 
 1448 0010 00        		.string	""
 1449 0011 00        		.string	""
 1450 0012 00        		.string	""
 1451 0013 00        		.string	""
 1452 0014 00        		.string	""
 1453 0015 00        		.string	""
 1454 0016 00        		.string	""
 1455 0017 00        		.string	""
 1456 0018 00        		.string	""
 1457 0019 00        		.string	""
 1458 001a 00        		.string	""
 1459 001b 2401 00   		.string	"$\001"
 1460 001e 00        		.string	""
 1461 001f 686F 7374 		.string	"host_get_driver"
 1461      5F67 6574 
 1461      5F64 7269 
 1461      7665 7200 
 1462 002f 00        		.string	""
 1463 0030 00        		.string	""
 1464 0031 00        		.string	""
 1465 0032 00        		.string	""
 1466 0033 00        		.string	""
 1467 0034 00        		.string	""
 1468 0035 00        		.string	""
 1469 0036 00        		.string	""
 1470 0037 00        		.string	""
 1471 0038 00        		.string	""
 1472 0039 00        		.string	""
 1473 003a 2701 00   		.string	"'\001"
 1474 003d 00        		.string	""
 1475 003e 686F 7374 		.string	"host_keyboard_leds"
 1475      5F6B 6579 
 1475      626F 6172 
 1475      645F 6C65 
 1475      6473 00
 1476 0051 00        		.string	""
 1477 0052 00        		.string	""
 1478 0053 00        		.string	""
 1479 0054 00        		.string	""
 1480 0055 00        		.string	""
 1481 0056 00        		.string	""
 1482 0057 00        		.string	""
 1483 0058 00        		.string	""
 1484 0059 00        		.string	""
 1485 005a 00        		.string	""
 1486 005b 00        		.string	""
 1487 005c 2901 00   		.string	")\001"
 1488 005f 00        		.string	""
 1489 0060 686F 7374 		.string	"host_keyboard_send"
 1489      5F6B 6579 
 1489      626F 6172 
 1489      645F 7365 
 1489      6E64 00
 1490 0073 00        		.string	""
 1491 0074 00        		.string	""
 1492 0075 00        		.string	""
 1493 0076 00        		.string	""
 1494 0077 00        		.string	""
 1495 0078 00        		.string	""
 1496 0079 00        		.string	""
 1497 007a 00        		.string	""
 1498 007b 00        		.string	""
 1499 007c 00        		.string	""
 1500 007d 00        		.string	""
 1501 007e 2B01 00   		.string	"+\001"
 1502 0081 00        		.string	""
 1503 0082 686F 7374 		.string	"host_mouse_send"
 1503      5F6D 6F75 
 1503      7365 5F73 
 1503      656E 6400 
 1504 0092 00        		.string	""
 1505 0093 00        		.string	""
 1506 0094 00        		.string	""
 1507 0095 00        		.string	""
 1508 0096 00        		.string	""
 1509 0097 00        		.string	""
 1510 0098 00        		.string	""
 1511 0099 00        		.string	""
 1512 009a 00        		.string	""
 1513 009b 00        		.string	""
 1514 009c 00        		.string	""
 1515 009d 2D01 00   		.string	"-\001"
 1516 00a0 00        		.string	""
 1517 00a1 686F 7374 		.string	"host_system_send"
 1517      5F73 7973 
 1517      7465 6D5F 
 1517      7365 6E64 
 1517      00
 1518 00b2 00        		.string	""
 1519 00b3 00        		.string	""
 1520 00b4 00        		.string	""
 1521 00b5 00        		.string	""
 1522 00b6 00        		.string	""
 1523 00b7 00        		.string	""
 1524 00b8 00        		.string	""
 1525 00b9 00        		.string	""
 1526 00ba 00        		.string	""
 1527 00bb 00        		.string	""
 1528 00bc 00        		.string	""
 1529 00bd 2F01 00   		.string	"/\001"
 1530 00c0 00        		.string	""
 1531 00c1 686F 7374 		.string	"host_consumer_send"
 1531      5F63 6F6E 
 1531      7375 6D65 
 1531      725F 7365 
 1531      6E64 00
 1532 00d4 00        		.string	""
 1533 00d5 00        		.string	""
 1534 00d6 00        		.string	""
 1535 00d7 00        		.string	""
 1536 00d8 00        		.string	""
 1537 00d9 00        		.string	""
 1538 00da 00        		.string	""
 1539 00db 00        		.string	""
 1540 00dc 00        		.string	""
 1541 00dd 00        		.string	""
 1542 00de 00        		.string	""
 1543 00df 3101 00   		.string	"1\001"
 1544 00e2 00        		.string	""
 1545 00e3 686F 7374 		.string	"host_last_system_report"
 1545      5F6C 6173 
 1545      745F 7379 
 1545      7374 656D 
 1545      5F72 6570 
 1546 00fb 00        		.string	""
 1547 00fc 00        		.string	""
 1548 00fd 00        		.string	""
 1549 00fe 00        		.string	""
 1550 00ff 00        		.string	""
 1551 0100 00        		.string	""
 1552 0101 00        		.string	""
 1553 0102 00        		.string	""
 1554 0103 00        		.string	""
 1555 0104 00        		.string	""
 1556 0105 00        		.string	""
 1557 0106 3401 00   		.string	"4\001"
 1558 0109 00        		.string	""
 1559 010a 686F 7374 		.string	"host_last_consumer_report"
 1559      5F6C 6173 
 1559      745F 636F 
 1559      6E73 756D 
 1559      6572 5F72 
 1560 0124 00        		.string	""
 1561 0125 00        		.string	""
 1562 0126 00        		.string	""
 1563 0127 00        		.string	""
 1564 0128 00        		.string	""
 1565 0129 00        		.string	""
 1566 012a 00        		.string	""
 1567 012b 00        		.string	""
 1568 012c 00        		.string	""
 1569 012d 00        		.string	""
 1570 012e 00        		.string	""
 1571 012f 3601 00   		.string	"6\001"
 1572 0132 00        		.string	""
 1573 0133 6465 6275 		.string	"debug_config"
 1573      675F 636F 
 1573      6E66 6967 
 1573      00
 1574 0140 00        		.string	""
 1575 0141 02        		.ascii	"\002"
 1576 0142 00        		.string	""
 1577 0143 00        		.string	""
 1578 0144 00        		.string	""
 1579 0145 00        		.string	""
 1580 0146 00        		.string	""
 1581 0147 00        		.string	""
 1582 0148 00        		.string	""
 1583 0149 00        		.string	""
 1584 014a 00        		.string	""
 1585 014b 7501 00   		.string	"u\001"
 1586 014e 00        		.string	""
 1587 014f 7870 7574 		.string	"xputs"
 1587      7300 
 1588 0155 00        		.string	""
 1589 0156 02        		.ascii	"\002"
 1590 0157 00        		.string	""
 1591 0158 00        		.string	""
 1592 0159 00        		.string	""
 1593 015a 00        		.string	""
 1594 015b 00        		.string	""
 1595 015c 00        		.string	""
 1596 015d 00        		.string	""
 1597 015e 00        		.string	""
 1598 015f 00        		.string	""
 1599 0160 3A01 00   		.string	":\001"
 1600 0163 00        		.string	""
 1601 0164 5F5F 7870 		.string	"__xprintf"
 1601      7269 6E74 
 1601      6600 
 1602 016e 00        		.string	""
 1603 016f 02        		.ascii	"\002"
 1604 0170 00        		.string	""
 1605 0171 00        		.string	""
 1606 0172 00        		.string	""
 1607 0173 00        		.string	""
 1608 0174 00        		.string	""
 1609 0175 00        		.string	""
 1610 0176 00        		.string	""
 1611 0177 00        		.string	""
 1612 0178 00        		.string	""
 1613 0179 3E01 00   		.string	">\001"
 1614 017c 00        		.string	""
 1615               		.text
 1616               		.section	.gnu.lto_.opts,"e",@progbits
 1617 0000 272D 666E 		.string	"'-fno-openmp' '-fno-openacc' '-fno-pie' '-mn-flash=1' '-mno-skip-bug' '-mmcu=avr5' '-Os' 
 1617      6F2D 6F70 
 1617      656E 6D70 
 1617      2720 272D 
 1617      666E 6F2D 
 1618               		.text
 1619               		.comm	__gnu_lto_v1,1,1
 1620               		.comm	__gnu_lto_slim,1,1
 1621               		.ident	"GCC: (GNU) 9.2.0"
DEFINED SYMBOLS
                            *ABS*:0000000000000000 host.c
/var/folders/xx/3qcqnrxj7md526g3lvyld9680000gn/T//cc4gRjYU.s:2      *ABS*:000000000000003e __SP_H__
/var/folders/xx/3qcqnrxj7md526g3lvyld9680000gn/T//cc4gRjYU.s:3      *ABS*:000000000000003d __SP_L__
/var/folders/xx/3qcqnrxj7md526g3lvyld9680000gn/T//cc4gRjYU.s:4      *ABS*:000000000000003f __SREG__
/var/folders/xx/3qcqnrxj7md526g3lvyld9680000gn/T//cc4gRjYU.s:5      *ABS*:0000000000000000 __tmp_reg__
/var/folders/xx/3qcqnrxj7md526g3lvyld9680000gn/T//cc4gRjYU.s:6      *ABS*:0000000000000001 __zero_reg__
/var/folders/xx/3qcqnrxj7md526g3lvyld9680000gn/T//cc4gRjYU.s:18     .gnu.debuglto_.debug_info:0000000000000000 host.c.606bd109
                            *COM*:0000000000000001 __gnu_lto_v1
                            *COM*:0000000000000001 __gnu_lto_slim

NO UNDEFINED SYMBOLS
