   1               		.file	"keyboard.c"
   2               	__SP_H__ = 0x3e
   3               	__SP_L__ = 0x3d
   4               	__SREG__ = 0x3f
   5               	__tmp_reg__ = 0
   6               	__zero_reg__ = 1
   7               		.section	.gnu.lto_.profile.845fdb11c12fd09,"",@progbits
   8 0000 789C 6363 		.string	"x\234cc```\005bF\206\227Le"
   8      6060 6005 
   8      6246 8697 
   8      4C65 00
   9 000f 03C2 016E 		.ascii	"\003\302\001n"
  10               		.text
  11               		.section	.gnu.lto_.icf.845fdb11c12fd09,"",@progbits
  12 0000 789C 6363 		.string	"x\234cc``Hb@"
  12      6060 4862 
  12      4000 
  13 000a 0186 DD7F 		.string	"\001\206\335\177\316L\340`ly:g\0137\023\230d\356\334\365\3717'\013\230\315\nf\263uw\254\2
  13      CE4C E060 
  13      6C79 3A67 
  13      0B37 1398 
  13      64EE DCF5 
  14 0068 00        		.string	""
  15 0069 439D 2FED 		.ascii	"C\235/\355"
  16               		.text
  17               		.section	.gnu.lto_.jmpfuncs.845fdb11c12fd09,"",@progbits
  18 0000 789C 8591 		.ascii	"x\234\205\221;\n\302@\020\206\347\337\211ID\024K\213\234\300"
  18      3B0A C240 
  18      1086 E7DF 
  18      8949 4414 
  18      4B8B 9CC0 
  19 0014 2EC7 B38A 		.ascii	".\307\263\212\215\225\255XH\n\021\033+\013\337/\b^\3003\bv\266"
  19      8D95 AD58 
  19      480A 111B 
  19      2B0B DF2F 
  19      085E C033 
  20 002b B651 6756 		.ascii	"\266QgV\324\250\004\027fw\347\361\177\314\354\272D\224\200^\253"
  20      D4A8 0417 
  20      6677 E7F1 
  20      7FCC ECBA 
  20      4494 805E 
  21 0040 2426 AE21 		.ascii	"$&\256!b\2719D\0059\\\233\362\210\374gY\021@\0243\031\323PA\002"
  21      62B9 3944 
  21      0539 5C9B 
  21      F288 FC67 
  21      5911 4014 
  22 005a 0805 3790 		.ascii	"\b\0057\220A\2071\350]\0227\0347\2531\243\317\204z\240\032I\244"
  22      4187 31E8 
  22      5D12 371C 
  22      37AB 31A3 
  22      CF84 7AA0 
  23 0071 E9B0 5D89 		.ascii	"\351\260]\211\322f-f\203\tB\221N\021\275\3657\206\221\262nk\177"
  23      D266 2D66 
  23      8309 4291 
  23      4E11 BDF5 
  23      3786 91B2 
  24 0088 F0DA AC45 		.ascii	"\360\332\254E\204\031\0025\347\027\214\034\360\334\202\027\337"
  24      8419 0235 
  24      E717 8C1C 
  24      F0DC 8217 
  24      DF
  25 0099 E027 E95F 		.ascii	"\340'\351_\277&\007\273\264\330U\036\266b_-\203V\237-f\334:\215"
  25      BF26 07BB 
  25      B4D8 551E 
  25      B662 5F2D 
  25      8356 9F2D 
  26 00b1 7C9D 8725 		.ascii	"|\235\207%\2165\002_\267jvRG&\335ho\n!\372`y@\266T\376\007[\004"
  26      8E35 025F 
  26      B76A 7652 
  26      4726 DD68 
  26      6F0A 21FA 
  27 00ce 12BA 9E8F 		.ascii	"\022\272\236\217\347\362#T\300\316\252\357!{e\332"
  27      E7F2 2354 
  27      C0CE AAEF 
  27      217B 65DA 
  28               		.text
  29               		.section	.gnu.lto_.inline.845fdb11c12fd09,"",@progbits
  30 0000 789C 6363 		.string	"x\234cc``Hed\200\003n\006\006N\016F\006&\236\007\261\fl\013\344\231@b\214\f\314L@! \013&\
  30      6060 4865 
  30      6480 036E 
  30      0606 4E0E 
  30      4606 269E 
  31 0054 F41D 0393 		.string	"\364\035\003\223\334\212\331\214\b\337"
  31      DC8A D98C 
  31      08DF 00
  32 005f 3DCD 38C1 		.string	"=\3158\301\017L10\363\200\274\007\343\361q\035e\230\016\324\304\344\267k/;6\r`6\003+/B"
  32      0F4C 3130 
  32      F380 BC07 
  32      E3F1 711D 
  32      6598 0ED4 
  33 0082 99CD C805 		.string	"\231\315\310\005\264\214\031\350_\204"
  33      B48C 19E8 
  33      5F84 00
  34 008d 483F 00   		.string	"H?"
  35 0090 A45A 16B8 		.ascii	"\244Z\026\270"
  36               		.text
  37               		.section	.gnu.lto_.pureconst.845fdb11c12fd09,"",@progbits
  38 0000 789C 6363 		.string	"x\234cc``\020\007bn\006)F\t&\tf\t\026\tV\t6\tv\t\016\tN\t>\t"
  38      6060 1007 
  38      626E 0629 
  38      4609 2609 
  38      6609 1609 
  39 0021 1185 016E 		.ascii	"\021\205\001n"
  40               		.text
  41               		.section	.gnu.lto_disable_jtag.845fdb11c12fd09,"",@progbits
  42 0000 789C 9591 		.string	"x\234\225\221\273JCA\020\206\347\3379\306\020H/\030\3016\215y\017[\037@4\246\212\361@\260
  42      BB4A 4341 
  42      1086 E7DF 
  42      39C6 1048 
  42      2F18 C136 
  43 00e7 73EF 45F8 		.string	"s\357E\3708\345\023{\303\253\313\220A"
  43      38E5 137B 
  43      C3AB CB90 
  43      4100 
  44 00f5 1A38 935A 		.ascii	"\0328\223ZQ}\250xE\343\211}!\n\306\237\262\260\340Sy|\317\371"
  44      517D A878 
  44      45E3 897D 
  44      210A C69F 
  44      B2B0 E053 
  45 010d DF29 2C69 		.ascii	"\337),i\371\227\352\205\247j\321+6\233/5\257\301\333AY>Q~M\311"
  45      F997 EA85 
  45      A76A D12B 
  45      369B 2F35 
  45      AFC1 DB41 
  46 0127 42D7 53C9 		.ascii	"B\327S\311\305\270\235N\304\342v*e\257\305\222\211\215e{)\275"
  46      C5B8 9D4E 
  46      C4E2 762A 
  46      65AF C592 
  46      898D 657B 
  47 013d 3217 A75F 		.ascii	"2\027\247_\345\021\224\201"
  47      E511 9481 
  48               		.text
  49               		.section	.gnu.lto_matrix_setup.845fdb11c12fd09,"",@progbits
  50 0000 789C 6363 		.string	"x\234cc``\250\003bY \226\006bFf\006F\246\t\347\030\030\0329\230\030\031A\214\006\016F\206
  50      6060 A803 
  50      6259 2096 
  50      0662 4666 
  50      0646 A609 
  51 0035 0407 A65F 		.string	"\004\007\246_\342jkh\225\230\303\314\3000\r\210A\200q3\243&\003P\331\243\215\377\246\362\
  51      E26A 6B68 
  51      9598 C3CC 
  51      C030 0D88 
  51      4180 7133 
  52 00ae A827 3574 		.ascii	"\250'5t"
  53               		.text
  54               		.section	.gnu.lto_keyboard_pre_init_user.845fdb11c12fd09,"",@progbits
  55 0000 789C 6363 		.string	"x\234cc``\250\001bY \226\006bFf\006F\246\t\347\030\030\0329\230\030\031A\214\006\016F\206
  55      6060 A801 
  55      6259 2096 
  55      0662 4666 
  55      0646 A609 
  56 0035 0407 A67F 		.string	"\004\007\246\177\342jkh\225\230\303\314\3000\r\210A\200q3\243&\003P\331\243\215\377\246\3
  56      E26A 6B68 
  56      9598 C3CC 
  56      C030 0D88 
  56      4180 7133 
  57 00ab 033B 3406 		.ascii	"\003;4\006"
  58               		.text
  59               		.section	.gnu.lto_keyboard_pre_init_kb.845fdb11c12fd09,"",@progbits
  60 0000 789C 6363 		.string	"x\234cc``X\005\304\262@,\r\304\214\314\f\214L\023\316104r012\202\030\r\034\214\f\365L\214
  60      6060 5805 
  60      C4B2 402C 
  60      0DC4 8CCC 
  60      0C8C 4C13 
  61 0047 E366 464D 		.string	"\343fFM\006\240\262G\033\377M\345ec\201\2103nadc`\0042\326_b=\320\360\357\177{\303\2013K\
  61      06A0 B247 
  61      1BFF 4DE5 
  61      6563 8188 
  61      336E 6164 
  62 0080 C31B C6E6 		.string	"\303\033\306\346\005\313\2471\203u\001\215\332\271\363\315m\366\372\277\r\034s\230\031\20
  62      05CB A731 
  62      8375 018D 
  62      DAB9 F3CD 
  62      6DF6 FABF 
  63 00b1 CA02 8D60 		.string	"\312\002\215`\002\372\244$7;>9\277(U?9?77?O?;\2652)?\261(E/\231\001"
  63      02FA A424 
  63      373B 3E39 
  63      BF28 553F 
  63      393F 3737 
  64 00d4 9310 43DD 		.ascii	"\223\020C\335"
  65               		.text
  66               		.section	.gnu.lto_keyboard_post_init_user.845fdb11c12fd09,"",@progbits
  67 0000 789C 6363 		.string	"x\234cc``\250\001bY \226\006bFf\006F\246\t\347\030\030\0329\230\030\031A\214\006\016F\206
  67      6060 A801 
  67      6259 2096 
  67      0662 4666 
  67      0646 A609 
  68 0035 0407 A66F 		.string	"\004\007\246o\341nkh\225\230\303\314\3000\r\210A\200q3\243&\003P\331\243\215\377\246\362\
  68      E16E 6B68 
  68      9598 C3CC 
  68      C030 0D88 
  68      4180 7133 
  69 00ab DBC8 33B1 		.ascii	"\333\3103\261"
  70               		.text
  71               		.section	.gnu.lto_keyboard_post_init_kb.845fdb11c12fd09,"",@progbits
  72 0000 789C 6363 		.string	"x\234cc``X\005\304\262@,\r\304\214\314\f\214L\023\316104r012\202\030\r\034\214\f\365L\214
  72      6060 5805 
  72      C4B2 402C 
  72      0DC4 8CCC 
  72      0C8C 4C13 
  73 0047 E366 464D 		.string	"\343fFM\006\240\262G\033\377M\345ec\201\2103nadc`\0042\326_b=\320\360\357\177{\303\201+K\
  73      06A0 B247 
  73      1BFF 4DE5 
  73      6563 8188 
  73      336E 6164 
  74 0080 C31B C6E6 		.string	"\303\033\306\346\005\353\2473\203u\001\215\332\271\363\315m\366\372\277\r\034s\230\031\24
  74      05EB A733 
  74      8375 018D 
  74      DAB9 F3CD 
  74      6DF6 FABF 
  75 00d5 EBCF 447F 		.ascii	"\353\317D\177"
  76               		.text
  77               		.section	.gnu.lto_keyboard_setup.845fdb11c12fd09,"",@progbits
  78 0000 789C 6363 		.string	"x\234cc``\370\005\304\262@,\r\304\214\314\f\214L\023\316104r012\202\030\r\034\214\f\365L\
  78      6060 F805 
  78      C4B2 402C 
  78      0DC4 8CCC 
  78      0C8C 4C13 
  79 0047 E366 464D 		.string	"\343fFM\006\240\262G\033\377M\345ec\201\2103nadc`\0042\326_b=\320\360\357\177{\303\201;\2
  79      06A0 B247 
  79      1BFF 4DE5 
  79      6563 8188 
  79      336E 6164 
  80 0074 E581 9634 		.string	"\345\201\2264\034`\350df\002\261\232\0170\274al^\360~:+X\027\320\250\235;\337\334f\257\37
  80      1C60 E864 
  80      6602 B19A 
  80      0F30 BC61 
  80      6C5E F07E 
  81 00ca DA06 7412 		.string	"\332\006t\022\320(\351\222\334\354\370\344\374\242T\375\344\374\334\334\374<\375\354\324\
  81      D028 E992 
  81      DCEC F8E4 
  81      FCA2 54FD 
  81      E4FC DCDC 
  82 00ed EDEA 5F32 		.ascii	"\355\352_2"
  83               		.text
  84               		.section	.gnu.lto_is_keyboard_master.845fdb11c12fd09,"",@progbits
  85 0000 789C 6363 		.string	"x\234cc``\230\016\304\262@,\r\304\214\314\f\214L\023\316104r012\202\030\r\034\214\f\365L\
  85      6060 980E 
  85      C4B2 402C 
  85      0DC4 8CCC 
  85      0C8C 4C13 
  86 00ca 00        		.string	""
  87 00cb 3E88 3D41 		.ascii	">\210=A"
  88               		.text
  89               		.section	.gnu.lto_keyboard_init.845fdb11c12fd09,"",@progbits
  90 0000 789C 6363 		.string	"x\234cc``(bd`\220\005\322\322@\314\310\314\300\3104\341\034\003C#\007\023##\210\321\300\3
  90      6060 2862 
  90      6460 9005 
  90      D2D2 40CC 
  90      C8CC C0C8 
  91 004e 2A7B B4F1 		.string	"*{\264\361\337T^6\026\2108\343\026F6\006\240\035\f\353/\261\036h\370\367\277\275\341\300\
  91      DF54 5E36 
  91      1688 38E3 
  91      1646 3606 
  91      A01D 0CEB 
  92 010e CC11 83EB 		.ascii	"\314\021\203\353"
  93               		.text
  94               		.section	.gnu.lto_keyboard_set_leds.845fdb11c12fd09,"",@progbits
  95 0000 789C 8D94 		.ascii	"x\234\215\224[O\023A\030\206\347\335\331S9\024D\215\032\033C"
  95      5B4F 1341 
  95      1886 E7DD 
  95      D953 3914 
  95      448D 1A1B 
  96 0015 F482 C085 		.ascii	"\364\202\300\205\205\350?\320\377A\024\270B$AM\364\252\313\031"
  96      85E8 3FD0 
  96      FF41 14B8 
  96      4224 414D 
  96      F4AA CB19 
  97 0029 A289 60A4 		.ascii	"\242\211`\244\022\2621\365\302x!ZQ@+(\025\252\b\"'\317\026.4"
  97      12B2 31F5 
  97      C278 215A 
  97      5140 2B28 
  97      15AA 0822 
  98 0042 6AA2 A288 		.ascii	"j\242\242\210\030\"\250\3407\273%\224\rT7\335\351\314;\337|\363"
  98      1822 A8E0 
  98      37BB 2594 
  98      0D54 37DD 
  98      E9CC 3BDF 
  99 0058 CE33 B3A3 		.ascii	"\3163\263\2432\306\226\024\306v\322\3771z\221\304 5\f3V\256K"
  99      32C6 9614 
  99      C676 D2FF 
  99      317A 91C4 
  99      2035 0C33 
 100 006f 126F CE61 		.ascii	"\022o\316aF\222\353\347.f\244pI~\267\215ZJ\353^j\311P\354 ER"
 100      4692 EBE7 
 100      2E66 A470 
 100      497E B78D 
 100      5A4A EB5E 
 101 008a 2D59 B364 		.ascii	"-Y\263d\025\232-k\222>\352\021c"
 101      159A 2D6B 
 101      923E EA11 
 101      63
 102 0097 C379 24EB 		.string	"\303y$\353p\331\262\013\020\025C\007\363I\\VT\215$\037N\361\263\034\275\265\037BR\366%\20
 102      70D9 B20B 
 102      1015 4307 
 102      F349 5C56 
 102      548D 241F 
 103 0198 9A2C E6D4 		.string	"\232,\346\324y\275\243\355\264\224{5\326)\341.\274\270\r\017\362h,z\220K\326*\177\327\300
 103      79BD A3ED 
 103      B494 7B35 
 103      D629 E12E 
 103      BCB8 0D0F 
 104 01f0 7A63 39F7 		.ascii	"zc9\367\305B\342R\310l.\225RL\241*\323\332\237\3250t?\355'C\037"
 104      C542 E252 
 104      C86C 2E95 
 104      524C A12A 
 104      D3DA 9FD5 
 105 020b 7C2C 1E9A 		.ascii	"|,\036\232\313\202V\271\3203\353\2468:t.q\036\2046?\366\245."
 105      CB82 56B9 
 105      D033 EBA6 
 105      383A 742E 
 105      711E 8436 
 106 0223 99A0 95A7 		.ascii	"\231\240\225\247\233<\t\367\211Z$F-\322\370\271!)/h4X`\222\361"
 106      9B3C 09F7 
 106      895A 2446 
 106      2DD2 F8B9 
 106      2129 2F68 
 107 023c 80A8 21C7 		.ascii	"\200\250!\307\023\303V?=\020\225(W\263\325\233\202~\344\321\274"
 107      13C3 563F 
 107      3D10 9528 
 107      57B3 D59B 
 107      827E E4D1 
 108 0251 0FE1 3379 		.ascii	"\017\3413y\252\345SY^jE\367\300q{\031\362\377l\334@\202\215\033"
 108      AAE5 5359 
 108      5E6A 45F7 
 108      C071 7B19 
 108      F2FF 6CDC 
 109 0269 4CB4 718F 		.ascii	"L\264q\217\3427n\310\261q\n\315\356\244\252\304QUm\252\344\366"
 109      E237 6EC8 
 109      B171 0ACD 
 109      EEA4 AAC4 
 109      5155 6DAA 
 110 027f 7B6D 6C08 		.ascii	"{ml\b\375\334\204\271z-\314n?\235\\\206\307\016\314iN\314i\342"
 110      FDDC 84B9 
 110      7A2D CC6E 
 110      3F9D 5C86 
 110      C70E CC69 
 111 0297 F372 624E 		.ascii	"\363rbN\307\b\255qx\035\314\243\t1\217Y\230\307\341#\177&\337"
 111      C708 AD71 
 111      781D CCA3 
 111      0931 8F59 
 111      98C7 E123 
 112 02ae 6079 D7E2 		.ascii	"`y\327\342H\323Y\262\314k\377\203\372I\002\324O\023\241~\026"
 112      48D3 59B2 
 112      CC6B FF83 
 112      FA49 02D4 
 112      4F13 A17E 
 113 02c3 8FFA B903 		.ascii	"\217\372\271\003\265N\263;Q\353q\250u\326\225\366\317\003\374"
 113      B54E B33B 
 113      51EB 71A8 
 113      75D6 95F6 
 113      CF03 FC
 114 02d6 C241 36C3 		.ascii	"\302A6\303I6C\\PN\262\033\361\212\226\364r\035\262\257\023\222"
 114      4936 435C 
 114      504E B21B 
 114      F18A 96F4 
 114      721D B2AF 
 115 02ec 8D5A 6427 		.ascii	"\215Zd'V\016\260+v5\221\321\300tPY\303\353&\277\240\212I\362"
 115      560E B02B 
 115      7635 91D1 
 115      C074 5059 
 115      C3EB 26BF 
 116 0304 4A67 C5E4 		.ascii	"Jg\305\344\233\331WT\004f\203\260/N&\256:\210,\344t\373\321\222"
 116      9BD9 5754 
 116      0466 83B0 
 116      2F4E 26AE 
 116      3A88 2CE4 
 117 031c E2FC 82D2 		.ascii	"\342\374\202\322\262\"oAiII\351aoq\321\211\203\245\007\312\n"
 117      B222 6F41 
 117      6949 49E9 
 117      616F 71D1 
 117      8983 A507 
 118 0332 7717 30F9 		.ascii	"w\0270\371PQ\341\221\277V\003\362\241"
 118      5051 E191 
 118      BF56 03F2 
 118      A1
 119               		.text
 120               		.section	.gnu.lto_keyboard_task.845fdb11c12fd09,"",@progbits
 121 0000 789C 8D57 		.string	"x\234\215W\351OTW\024\277\347\335y\363\336\354\003\n2\210\226\017\216\325F\035H\233tK\372
 121      E94F 5457 
 121      14BF E7DD 
 121      79F3 DEEC 
 121      030A 3288 
 122 00df 3D18 3AB0 		.ascii	"=\030:\260\"%\205[T\253\246\333\354\016\247\313\355\361B\021"
 122      2225 855B 
 122      54AB A6DB 
 122      EC0E A7CB 
 122      EDF1 4211 
 123 00f3 7732 8803 		.ascii	"w2\210\003\250ba\364c\027\002\267X\204`\r\337\300\241\276\264"
 123      A862 61F4 
 123      6317 02B7 
 123      5884 600D 
 123      DFC0 A1BE 
 124 0108 33A6 CCDD 		.ascii	"3\246\314\335a\340O\274\"\234Zb\024gD8c!. \f~\201\271\fa'F\036"
 124      61E0 4FBC 
 124      229C 5A62 
 124      1467 4438 
 124      6321 2E20 
 125 0125 C63D DFF3 		.ascii	"\306=\337\363\b\007P\360\265\255\257\345G\007\275*\340\305\327"
 125      0807 50F0 
 125      B5AD AFE5 
 125      4707 BD2A 
 125      E0C5 D7
 126 0138 D281 9BFB 		.ascii	"\322\201\233\373\201\317\004Bv\265=\274\356\362o3\214\025F\374"
 126      81CF 0442 
 126      76B5 3DBC 
 126      EEF2 6F33 
 126      8C15 46FC 
 127 014c 62D3 D436 		.ascii	"b\323\3246\303\330hX\"\234\303A\340h\025\016@\026\354\207,a\035"
 127      C3D8 6858 
 127      229C C341 
 127      E068 150E 
 127      4016 EC87 
 128 0163 E1BB 83DB 		.ascii	"\341\273\203\333\0074>O\250\256\333R\177K5U\233?)6\342\313\263"
 128      0734 3E4F 
 128      A8AE DB52 
 128      7F4B 3555 
 128      9B3F 2936 
 129 017a 49F1 D749 		.ascii	"I\361\327I\025o\355\035.wY-Q\316\242\030T\f\374p\b\374\025\\"
 129      156F ED1D 
 129      2E77 592D 
 129      51CE A218 
 129      540C FC70 
 130 0192 91A1 C361 		.ascii	"\221\241\303a\2602`LGd\323\366\303\317\2342v\025_7\017\\\353"
 130      B032 604C 
 130      4764 D3F6 
 130      C3CF 9C32 
 130      7615 5F37 
 131 01a9 B1C9 D8E7 		.ascii	"\261\311\330\347\340\353\306\373\373\316pr\212\0058\331\222\032"
 131      E0EB C6FB 
 131      FBCE 7072 
 131      8A05 38D9 
 131      921A 
 132 01bb 328A 45BC 		.ascii	"2\212E\274\026\262\003G\321\347\021\323'\034\003\377\004\374"
 132      16B2 0347 
 132      D1E7 11D3 
 132      271C 03FF 
 132      04FC 
 133 01cd 706B EAFA 		.ascii	"pk\352\372\227\343k\301\237\034\035j_\330\337|\022\370\273\""
 133      97E3 6BC1 
 133      9F1C 1D6A 
 133      5FD8 DF7C 
 133      12F8 BB22 
 134 01e1 DD50 55E3 		.ascii	"\335PU\343\360h\245\206\232\263\352\315J\251p\\&\374v\026\344"
 134      F068 A586 
 134      9AB3 EACD 
 134      4AA9 705C 
 134      26FC 7616 
 135 01f6 98A6 E242 		.ascii	"\230\246\342B\271uG\345\006;\177_(o\354\335\274[\031U>\223\325"
 135      B975 47E5 
 135      063B 7F5F 
 135      286F ECDD 
 135      BC5B 1955 
 136 020d 9050 AE7B 		.ascii	"\220P\256{A\271\036\3745mj\334\030\036)E\354\307?U\005>\004\026"
 136      41B9 1EFC 
 136      356D 6ADC 
 136      181E 2945 
 136      ECC7 3F55 
 137 0225 E156 0517 		.ascii	"\341V\005\027\215\343\242[p\261\251\264XI\246\221L\247\305F\213"
 137      8DE3 A25B 
 137      70B1 A9B4 
 137      5849 A691 
 137      4CA7 C546 
 138 023a 681C BF83 		.ascii	"h\034\277\203\036\235\244\347\242'7-\036a\334K\217)\214\262L"
 138      1E9D A4E7 
 138      A227 372D 
 138      1E61 DC4B 
 138      8F29 8CB2 
 139 024f A5C7 2964 		.ascii	"\245\307)dc*=\245\321\222Nv\247\321\222A\213OX\313\024\232~\241"
 139      632A 3DA5 
 139      D192 4E76 
 139      A7D1 9241 
 139      8B4F 58CB 
 140 0267 349B 5171 		.ascii	"4\233Qq\346\bI\216\370\312\330*\334\304\023n#\316\312pGO\270"
 140      E608 498E 
 140      F8CA D82A 
 140      DCC4 136E 
 140      23CE CA70 
 141 027e 8371 D609 		.ascii	"\203q\326\t+\242]\333\337\242\215%%\252_q\375Y\2156\222\003\203"
 141      2BA2 5DDB 
 141      DFA2 8D25 
 141      25AA 5F71 
 141      FD59 8D36 
 142 0295 06AC 3A41 		.ascii	"\006\254:Azf\t\004\032\024\242^\bFwU\252\242\035P%\026\353\275"
 142      7A66 0904 
 142      1A14 A25E 
 142      0846 7755 
 142      AAA2 1D50 
 143 02ad A215 3D37 		.ascii	"\242\025=7\364\b\267\207P\215A#\024aT\016\001<T\351#`\230C2\324"
 143      F408 B787 
 143      508D 4123 
 143      1461 540E 
 143      013C 54E9 
 144 02c7 19C2 2018 		.ascii	"\031\302 \030\234\020P\027\353\200\225W\032\032a\f\232\b\304"
 144      9C10 5017 
 144      EB80 9557 
 144      1A1A 610C 
 144      9A08 C4
 145 02da 8A81 9C34 		.ascii	"\212\201\2344\267\177\025Oa7lP\3069\253N\303\370{ae\364x\345"
 145      B77F 154F 
 145      6137 6C50 
 145      C639 AB4E 
 145      C3F8 7B61 
 146 02f2 7B63 9D2B 		.ascii	"{c\235+\022\025\20118E\246\374\311^\335!Tep\032\275\206\271/"
 146      1215 8131 
 146      3845 A6FC 
 146      C95E DD21 
 146      5465 701A 
 147 030a C23D 945F 		.ascii	"\302=\224_6A)\177\204\263\333\260\242\277tm\305\001.\365\025"
 147      3641 297F 
 147      84B3 DBB0 
 147      A2BF 746D 
 147      C501 2EF5 
 148 031f 8491 ACD6 		.ascii	"\204\221\254\326&\337\371\370\320\2740!\177o\224K\"\355\017\336"
 148      26DF F9F8 
 148      D0BC 3021 
 148      7F6F 944B 
 148      22ED 0FDE 
 149 0333 5FEF 8EC2 		.ascii	"_\357\216\302\026\210\360\024h\206\"h\242\f\210(\375\3063gn\r"
 149      1688 F014 
 149      6886 2268 
 149      A20C 8828 
 149      FDC6 3367 
 150 0349 75BA E0E1 		.ascii	"u\272\340\341\031\210B\230*\201Q\265@.\272\n>)\211i\322\331l"
 150      1988 4298 
 150      2A81 51B5 
 150      402E BA0A 
 150      3E29 8969 
 151 0360 F447 3125 		.ascii	"\364G1%b<D1\316\226\305j=\363\231\031\022A\350\247\f\ts\311\216"
 151      623C 4431 
 151      CE96 C56A 
 151      3DF3 9919 
 151      1241 E8A7 
 152 0379 65C1 788F 		.ascii	"e\301x\217\366\034\253r\310\357\026t\033>2\330\254J\272\352\343"
 152      F61C AB72 
 152      C8EF 1674 
 152      1B3E 32D8 
 152      AC4A BAEA 
 153 038e 3348 9D98 		.ascii	"3H\235\230Aj\224\n\224\234\301\0248\213\031\264\232\031\034<"
 153      416A 940A 
 153      949C C114 
 153      388B 19B4 
 153      9A19 1C3C 
 154 03a2 75F5 A91E 		.ascii	"u\365\251\036\330cf0\025~\307\f\312\2719@\366\035\330\373\203"
 154      D863 6630 
 154      157E C70C 
 154      CAB9 3940 
 154      F61D D8FB 
 155 03b7 9253 6D7E 		.ascii	"\222Sm~\264\3019\b\300o\310\337\\\324\2056\310\241\374\236\225"
 155      B4C1 3908 
 155      C06F C8DF 
 155      5CD4 8536 
 155      C8A1 FC9E 
 156 03cc 800C 4C95 		.ascii	"\200\fL\225\261%\306\240\r\024\370\003\275\210\364\332\025\023"
 156      B125 C6A0 
 156      0D14 F803 
 156      BD88 F4DA 
 156      1513 
 157 03de 8488 9ADE 		.ascii	"\204\210\232\336\330c\227D08o\366B\031WY\003\027M\020\214V\013"
 157      D863 9744 
 157      3038 6FF6 
 157      4219 5759 
 157      0317 4D10 
 158 03f5 F484 5CD2 		.ascii	"\364\204\\\322BX\020\006\027D\213\245\013\025\253,\0205\365\323"
 158      4258 1006 
 158      1744 8BA5 
 158      0B15 AB2C 
 158      1035 F5D3 
 159 0409 CA8F C6F5 		.ascii	"\312\217\306\365M=\365\315)\3217\027\261\320"
 159      4D3D F5CD 
 159      29D1 3717 
 159      B1D0 
 160 0417 F5C9 6450 		.string	"\365\311dP\321\357%\341\267\214k\f\017\032Y\344\376\322\347\025\035\234\024\302\034\377eR
 160      D1EF 25E1 
 160      B78C 6B0C 
 160      0F1A 59E4 
 160      FED2 E715 
 161 0518 31FE 1FC1 		.string	"1\376\037\301\370)\202\361\355\243\2147K\230*\312\352\225Y\200\231\302+\035uL\356\250s\23
 161      F829 82F1 
 161      EDA3 8C37 
 161      4B98 2ACA 
 161      EA95 5980 
 162 060e EEC8 CE1D 		.string	"\356\310\316\035\324_\333\336\335\004A\357\341\210}\251\276U\352\013\306\365!\360\244<\27
 162      D45F DBDE 
 162      DD04 41EF 
 162      E188 7DA9 
 162      BE55 EA0B 
 163 0650 71AB 5672 		.ascii	"q\253Vr\213\266\310-/$\335\260<\332\265C\330\247k'M\207\247\325"
 163      8BB6 C82D 
 163      2F24 DDB0 
 163      3CDA B543 
 163      D8A7 6B27 
 164 0668 0119 43FA 		.ascii	"\001\031C\372\013w\r\r\r\r\232w\r\232oM\363$r\332\370\331=c\342"
 164      0B77 0D0D 
 164      0D0D 9A77 
 164      0D9A 6F4D 
 164      F324 72DA 
 165 0681 1137 234A 		.ascii	"\0217#J\365L&\221\nCH\242\007\264\355\360\020y\223|\037IG\223"
 165      F54C 2691 
 165      0A43 48A2 
 165      07B4 EDF0 
 165      1079 937C 
 166 0699 E63C F6B0 		.ascii	"\346<\366\260\313\232y\346\214T/\220\2373&\r\354\321X`\347W7"
 166      CB9A 79E6 
 166      8C54 2F90 
 166      9F33 260D 
 166      ECD1 5860 
 167 06b0 A966 C95E 		.ascii	"\251f\311^\031\307\343D\034O\004\1773D%\267\325\370&\251\345"
 167      19C7 E344 
 167      1C4F 047F 
 167      3344 25B7 
 167      D5F8 26A9 
 168 06c5 CC10 9E0F 		.ascii	"\314\020\236\017\f\236\212\333\f\376\211\361\206\b\321+Ky\027"
 168      0C9E 8ADB 
 168      0CFE 89F1 
 168      8608 D12B 
 168      4B79 17
 169 06d8 CFB8 5D35 		.ascii	"\317\270]5 /C\342\356\004\370\001[p\372\262\374%\013\363\n\n"
 169      202F 43E2 
 169      EE04 F801 
 169      5B70 FAB2 
 169      FC25 0BF3 
 170 06ee 1707 F20A 		.ascii	"\027\007\362\n\362\363\013\226\006\226,\376\356\363\202E\205"
 170      F2F3 0B96 
 170      0696 2CFE 
 170      EEF3 8245 
 170      85
 171 06ff 5F2C C863 		.ascii	"_,\310c\256\374E\313\n\277\376va\336W\213\226~\271\330n\276\025"
 171      AEFC 45CB 
 171      0ABF FE76 
 171      61DE 578B 
 171      967E B9D8 
 172 0716 167C 0385 		.ascii	"\026|\003\205\220\367\037\245\367\r\241"
 172      90F7 1FA5 
 172      F70D A1
 173               		.text
 174               		.section	.gnu.lto_.symbol_nodes.845fdb11c12fd09,"",@progbits
 175 0000 789C 558E 		.string	"x\234U\216\271N\303@\024E\257\347y\034;\313dq\022\333\331\311\227\300\227=\013Y\024T\210\
 175      B94E C340 
 175      1445 AFE7 
 175      791C 3BCB 
 175      6471 12DB 
 176 002d B944 A2B2 		.string	"\271D\242\262h\020b<\246\3405st\216\357\214\034"
 176      6810 623C 
 176      A6E0 3573 
 176      748E EF8C 
 176      1C00 
 177 003f B852 F650 		.ascii	"\270R\366P>\003\027O\200\305}~b\203fO\206\200\225\f-&\031B\366"
 177      3E03 174F 
 177      80C5 7D7E 
 177      6283 664F 
 177      8680 950C 
 178 0058 6588 58CB 		.ascii	"e\210X\313\320\346@\206\016\267d\350r(\203\341H\004\235\320\306"
 178      D0E6 4086 
 178      0EB7 64E8 
 178      7228 83E1 
 178      4804 9DD0 
 179 006d FEB0 5EAA 		.ascii	"\376\260^\252|\013\220^{\r\217\340\250z\334\226\373\251\337\f"
 179      7C0B 905E 
 179      7B0D 8FE0 
 179      A87A DC96 
 179      FBA9 DF0C 
 180 0081 16DA D18B 		.ascii	"\026\332\321\213\271\343\006@\236\037\003\336\210\273\302\207"
 180      B9E3 0640 
 180      9E1F 03DE 
 180      88BB C287 
 181 0091 DC13 3E60 		.ascii	"\334\023>`#\274\317}\341[\036\b_\361P\370\206G\302\347\034\013"
 181      23BC CF7D 
 181      E15B 1E08 
 181      5FF1 50F8 
 181      8647 C2E7 
 182 00a7 9FF1 5878 		.ascii	"\237\361Xx\306\023\341)O\205O8\021>\346\364\277\023)\334\276"
 182      C613 E129 
 182      4F85 4F38 
 182      113E E6F4 
 182      BF13 29DC 
 183 00bc FE78 A4FD 		.ascii	"\376x\244\375\206\001\376\350a\357Hx\257\031N\260s\034\343\340"
 183      8601 FEE8 
 183      61EF 4878 
 183      AF19 4EB0 
 183      731C E3E0 
 184 00d0 18A3 741C 		.ascii	"\030\243t\034\241x\2539\304\316Qc_3Jp\270K(JQ\236U\252\326\362"
 184      A178 AB39 
 184      C4CE 5163 
 184      5F33 4A70 
 184      B84B 284A 
 185 00ea F181 289A 		.ascii	"\361\201(\232\2428\377X\223Y5\327M\013\247\365\334,q\250\276"
 185      A238 FF58 
 185      9359 35D7 
 185      4D0B A7F5 
 185      DC2C 71A8 
 186 00ff 1499 85FD 		.ascii	"\024\231\205\375^\021\2319\212\313oMf\206\322\321\372\313g\346"
 186      5E11 9939 
 186      8ACB 6F4D 
 186      6686 D2D1 
 186      FACB 67E6 
 187 0113 DC31 C3EE 		.ascii	"\3341\303\356\272~'Cq\363\234\222\211\260\267\304/K\t\237\311"
 187      BA7E 2743 
 187      71F3 9C92 
 187      89B0 B7C4 
 187      2F4B 099F 
 188               		.text
 189               		.section	.gnu.lto_.refs.845fdb11c12fd09,"",@progbits
 190 0000 789C 6363 		.string	"x\234cc``\320\004b6N\006.F&n6\006.v&\036n\006.\036&^~6>\006~\2400/\003\277\n#\277\032\203
 190      6060 D004 
 190      6236 4E06 
 190      2E46 266E 
 190      3606 2E76 
 191 0032 2394 01FF 		.ascii	"#\224\001\377"
 192               		.text
 193               		.section	.gnu.lto_.decls.845fdb11c12fd09,"",@progbits
 194 0000 789C 8D58 		.string	"x\234\215X\tTT\351\225~\377\373\253X\212\315\021\322\222\036f\322\013\235\303L\fh'\035\32
 194      0954 54E9 
 194      957E FFFB 
 194      AB58 8ACD 
 194      11D2 921E 
 195 00b5 9901 5920 		.ascii	"\231\001Y \006\221 \274\005\362.\310{ \253A\002A\234`h\035|\377"
 195      0691 20BC 
 195      05F2 2EC8 
 195      7B20 AB41 
 195      0241 9C60 
 196 00cd 14E4 6390 		.ascii	"\024\344c\220\215 \021 \233\221`\3639\bm\bA\370\224\3634A\373"
 196      8D20 1120 
 196      9B91 60F3 
 196      3908 6D08 
 196      41F8 94F3 
 197 00e4 338E 419C 		.ascii	"3\216A\234\353\362O\026bc\237\n\n\256\326\016.\317\016\256\336"
 197      EBF2 4F16 
 197      6263 9F0A 
 197      0AAE D60E 
 197      2ECF 0EAE 
 198 00f9 0EEE 0C0C 		.ascii	"\016\356\f\f`\216\213\201\3375\274_\344\371\261\247s\301\216"
 198      608E 8B81 
 198      DF35 BC5F 
 198      E4F9 B1A7 
 198      73C1 8E
 199 010c ED47 7670 		.ascii	"\355GvpW^c\273\315\201\316u\007:$O\244Fr\375\032\355\350\226"
 199      575E 63BB 
 199      CD81 CE75 
 199      073A 244F 
 199      A446 72FD 
 200 0124 735E 72BD 		.ascii	"s^r\275\311\357\247vp_;\360\341,\260\372\223:\223z\223\272\223"
 200      C9EF A776 
 200      705F 3BF0 
 200      E12C B0FA 
 200      933A 937A 
 201 013b FAF7 73BE 		.ascii	"\372\367s\276\313?\265\240\373\006\267C\346\034\251\341\277\202"
 201      CB3F B5A0 
 201      FB06 B743 
 201      E61C A9E1 
 201      BF82 
 202 014d AC04 31C3 		.ascii	"\254\0041\303X\b\310\277\203\304\202l\001\371\005R\346\3454\310"
 202      5808 C8BF 
 202      83C4 826C 
 202      01F9 0552 
 202      E6E5 34C8 
 203 0161 E7D0 DE0A 		.ascii	"\347\320\336\n\362\327 \363\320\376\035|\257\005\371/\220n\316"
 203      F2D7 20F3 
 203      D0FE 1D7C 
 203      AF05 F92F 
 203      906E CE
 204 0174 5FCF E708 		.ascii	"_\317\347\b\231\223\362\274\233\340\371\370\230\317\261u|\216"
 204      9993 F2BC 
 204      9BE0 F9F8 
 204      98CF B175 
 204      7C8E 
 205 0186 A93F 0D64 		.ascii	"\251?\rdnrn\204\217\017\310_@\337\237!\306\265\202s]\317y\377"
 205      6E72 6E84 
 205      8F0F C85F 
 205      40DF 9F21 
 205      C6B5 8273 
 206 019e 37F4 2FC1 		.ascii	"7\364/\301\367\377\300w'|\377/|\177\017\344\377@\302\221m<r\316"
 206      F7FF C077 
 206      277C FF2F 
 206      7C7F 0FE4 
 206      FF40 C291 
 207 01b6 DCE1 FBF7 		.ascii	"\334\341\373\367 \357\200\370\200H \337\001\211S\305\340\304"
 207      20EF 80F8 
 207      8048 20DF 
 207      0189 53C5 
 207      E0C4 
 208 01c8 63F0 05D1 		.ascii	"c\360\005\321\2018\223\234\201\254\002q\025\330:#k\206\324i5"
 208      8138 939C 
 208      81AC 0271 
 208      15D8 3A23 
 208      6B86 D469 
 209 01dd 5F47 EFF2 		.ascii	"_G\357\362uE\022\320\303c\225\327O\202\235X\367aT\220\364\374"
 209      7545 12D0 
 209      C363 95D7 
 209      4F82 9D58 
 209      F761 5490 
 210 01f3 94CB 0E8C 		.ascii	"\224\313\016\214\374th\t\221\366@\361\214\007k\223\341\213\251"
 210      FC74 6809 
 210      91F6 40F1 
 210      8C07 6B93 
 210      E18B A9
 211 0206 DBF7 B860 		.ascii	"\333\367\270`\221\376.\273\267\230\351\031\230/\261\217\313\337"
 211      91FE 2EBB 
 211      B798 E919 
 211      982F B18F 
 211      CBDF 
 212 0218 08A8 0861 		.ascii	"\b\250\ba\331\316\251\254\223\025\036\370\273\004(\016\237\231"
 212      D9CE A9AC 
 212      9315 1EF8 
 212      BB04 280E 
 212      9F99 
 213 022a D9EB 8C02 		.ascii	"\331\353\214\002t\307\t\3162\325\370\323\247I\222$\242b\244C"
 213      74C7 09CE 
 213      32D5 F8D3 
 213      A749 9224 
 213      A262 A443 
 214 023e 5710 4697 		.ascii	"W\020F\227Q \241\350\247\203\377\333%)^\262\034\225\260\257\200"
 214      5120 A1E8 
 214      A783 FFDB 
 214      2529 5EB2 
 214      1C95 B0AF 
 215 0253 7EE0 87D6 		.ascii	"~\340\207\326\370\t\350*\n \336\t\n]B~\350\"\202N\320\005'\215"
 215      F809 E82A 
 215      0A20 DE09 
 215      0A5D 427E 
 215      E822 824E 
 216 026b D337 67DD 		.ascii	"\3237g\335\361F\342D\323q\261g7B\001~\b\351@\216\313\254\004"
 216      F146 E244 
 216      D371 B167 
 216      3742 017E 
 216      08E9 408E 
 217 0282 7413 DC5C 		.ascii	"t\023\334\\\343\304\340\223!\201\217\221\337\223n{\336\256\203"
 217      E3C4 E093 
 217      2181 8F91 
 217      DF93 6E7B 
 217      DEAE 83
 218 0295 3732 24A0 		.ascii	"72$\240[\340\353\006\370\312\220\\h\017\370\233o]\314q\323q\255"
 218      5BE0 EB06 
 218      F8CA 905C 
 218      680F F89B 
 218      6F5D CC71 
 219 02ac EDAF D542 		.ascii	"\355\257\325B%\224a\345\322\224\305\013\322\267R\207Dh\326\217"
 219      2594 61E5 
 219      D294 C50B 
 219      D2B7 5287 
 219      4468 D68F 
 220 02c0 DC3D EC06 		.ascii	"\334=\354\006M\037\035Z\001\315\374\003\361w\\\334S\210\275:"
 220      4D1F 1D5A 
 220      01CD FC03 
 220      F177 5CDC 
 220      5388 BD3A 
 221 02d4 49D2 FA12 		.ascii	"I\322\372\022%T\n\026,`A@e\210l\306\364\033\300\367*\033\322"
 221      2554 0A16 
 221      2C60 4140 
 221      6588 6CC6 
 221      F41B C0F7 
 222 02eb 9D71 380D 		.ascii	"\235q8\r\366\331\364`3F\256\020(\374\005l\243\204\244\324\025"
 222      F6D9 F460 
 222      3346 AE10 
 222      28FC 056C 
 222      A384 A4D4 
 223 0300 C84A E86B 		.ascii	"\310J\350k T\201`^\240J\200T\3610H\017\215\177\005\375\251J\022"
 223      2054 8160 
 223      5EA0 4A80 
 223      54F1 3048 
 223      0F8D 7F05 
 224 0318 3451 B992 		.ascii	"4Q\271\222$\322\006\227\227kf'\335:\320c\004\005\227\267S\304"
 224      24D2 0697 
 224      976B 6627 
 224      DD3A D063 
 224      0405 97B7 
 225 032e BF10 15D6 		.ascii	"\277\020\025\326F\264\t\337\f'w!\016\023\344\337\034\305\372"
 225      46B4 09DF 
 225      0C27 7721 
 225      0E13 E4DF 
 225      1CC5 FA
 226 0341 45D9 1CFD 		.ascii	"E\331\034\375C\002\267\266$\177\020\237\270\254\337j\216\364"
 226      4302 B7B6 
 226      247F 109F 
 226      B8AC DF6A 
 226      8EF4 
 227 0353 8956 9E02 		.ascii	"\211V\236\002\222=R\223\024\253\262\300\354\252\334\253\3153"
 227      923D 5293 
 227      14AB B2C0 
 227      ECAA DCAB 
 227      CD33 
 228 0365 DF36 C3EA 		.ascii	"\3376\303\352 \021\237\311U\373+J0\376\214N\371\316\035\005\235"
 228      2011 9FC9 
 228      55FB 2B4A 
 228      30FE 8C4E 
 228      F9CE 1D05 
 229 037a 6EBE 07E8 		.ascii	"n\276\007\350<&YD\237\276\3013.\240\032\344\013\377\2434Lk\366"
 229      3C26 5944 
 229      9FBE C133 
 229      2EA0 1AE4 
 229      0BFF A334 
 230 0391 727E 92EB 		.ascii	"r~\222\353;G\245\316N\230\361YkN\346\307I\347A\353#\212C\267"
 230      3B47 A5CE 
 230      4E98 F159 
 230      6B4E E6C7 
 230      49E7 41EB 
 231 03a9 9569 7F9B 		.ascii	"\225i\177\233f\035U\243\016p\177\007\275\003\272\tc\315\271^"
 231      661D 55A3 
 231      0E70 7F07 
 231      BD03 BA09 
 231      63CD B95E 
 232 03bd 3803 5197 		.ascii	"8\003Q\227\367\332\007\363\265\370\004k\234\317\234\177\340\242"
 232      F7DA 07F3 
 232      B5F8 046B 
 232      9CCF 9C7F 
 232      E0A2 
 233 03cf 1105 748F 		.ascii	"\021\005t\217jA\317\320\211\211s\"\361c\221,5\177\231$Y\342\342"
 233      6A41 CFD0 
 233      8989 7322 
 233      F163 912C 
 233      357F 9924 
 234 03e6 C8DA 224E 		.ascii	"\310\332\"N\356\312N\320}\244!-\305O-\365S\230\233\260\021\347"
 234      EECA 4ED0 
 234      7DA4 212D 
 234      C54F 2DF5 
 234      5398 9BB0 
 235 03fc 3BB2 9CFE 		.ascii	";\262\234\376$1X6\374=\033\303uV\303\017\300p\235\332p=5|a\254"
 235      2431 5836 
 235      FC3D 1BC3 
 235      7556 C30F 
 235      C070 9DDA 
 236 0416 CB84 CB1D 		.ascii	"\313\204\313\035\031\376\242\247y\237\226[.[mc\271\301j\371!"
 236      19FE A2A7 
 236      799F 965B 
 236      2E5B 6D63 
 236      B9C1 6AF9 
 237 042b 586E 505B 		.ascii	"XnP[n\244\226\033.\215\\r\305\217\034\231\256,\336yI\316F\375"
 237      6EA4 961B 
 237      2E8D 5C72 
 237      C58F 1C99 
 237      AE2C DE79 
 238 0443 F76D 4C37 		.ascii	"\367mL7YM7\203\351&\265\351G\324\264\224x5U\203G\034\231\316"
 238      594D 3783 
 238      E926 B5E9 
 238      47D4 B494 
 238      7835 5583 
 239 045b EF4F DF83 		.ascii	"\357O\337\203e\323\2016\246[\254\246[\301t\213\332t\0335}\263"
 239      65D3 8136 
 239      A65B ACA6 
 239      5BC1 748B 
 239      DA74 1B35 
 240 0471 AB2E DE0B 		.ascii	"\253.\336\013'\263m\263\243h\377Z\260s\024&F}\020\261#\311v\332"
 240      27B3 6DB3 
 240      A368 FF5A 
 240      B073 1426 
 240      467D 10B1 
 241 0489 9559 D1AE 		.ascii	"\225Y\321\2566\362\230\032\231Oh\364\304\373E\007\364*n\225\375"
 241      36F2 981A 
 241      994F 68F4 
 241      C4FB 4507 
 241      F42A 6E95 
 242 049e 9B7A 6292 		.ascii	"\233zb\222\005-\317\314N\233\231\231f\251\037\364\344\201\364"
 242      052D CFCC 
 242      4E9B 9999 
 242      66A9 1FF4 
 242      E481 F4
 243 04b1 FDD8 1A08 		.ascii	"\375\330\032\b\200\320\023k \035\020\310\0235\207\247\224Co\273"
 243      80D0 136B 
 243      201D 10C8 
 243      1335 87A7 
 243      9443 6FBB 
 244 04c5 B488 F149 		.ascii	"\264\210\361IF\242y\2500\220\007\322\367\241M \317\224@\236\251"
 244      46A2 79A8 
 244      3090 07D2 
 244      F7A1 4D20 
 244      CF94 409E 
 245 04da 8D74 5123 		.ascii	"\215tQ#\031\351R\r\306\227\231\221\236\263\215\365\036\020\t"
 245      19E9 520D 
 245      C697 9991 
 245      9EB3 8DF5 
 245      1E10 09
 246 04ed DDD2 0947 		.ascii	"\335\322\tG\350\233N\230?\200\035\254\262n\032\313\013\304\203"
 246      E89B 4E98 
 246      3F80 1DAC 
 246      B26E 1ACB 
 246      0BC4 83
 247 0500 7998 71B4 		.ascii	"y\230q\264\306\223/\2632\275\225\004\240\320s\205\304s5\211\036"
 247      C693 2FB3 
 247      32BD 9504 
 247      A0D0 7385 
 247      C473 3589 
 248 0515 4A62 A0B6 		.ascii	"Jb\240\266\367\221\007\256f$\n\316\246%\273\312\241\374\203M"
 248      F791 07AE 
 248      6624 0ACE 
 248      A625 BBCA 
 248      A1FC 834D 
 249 0529 282F 152B 		.ascii	"(/\025+/\325Vz\251\225\332\243W\022D\334\304\254\224wL\\s#\\"
 249      2FD5 567A 
 249      A995 DAA3 
 249      5712 44DC 
 249      C4AC 9477 
 250 0542 8076 57FB 		.ascii	"\200vW\373\352[)R\"\2466\372\024\033}|\217E\375T?\276\266|\\"
 250      EA5B 2952 
 250      22A6 36FA 
 250      141B 7D7C 
 250      8F45 FD54 
 251 055b 8BA7 99FE 		.ascii	"\213\247\231\376\245\305\336\007\210\353\317\275\374\311C\351"
 251      A5C5 DE07 
 251      88EB CFBD 
 251      FCC9 43E9 
 252 056b A82F 551F 		.ascii	"\250/U\037P\324\007d\365A\252\276\177\347\341t'\234\213\251z"
 252      50D4 0764 
 252      F541 AABE 
 252      7FE7 E174 
 252      279C 8BA9 
 253 0580 66DB 95   		.ascii	"f\333\225"
 254 0583 555C BB61 		.string	"U\\\273apE\222T\206\250\366\220\242=$k\017\263bZ\322g5\270\234iO\024\217>\367\220\235\317
 254      7045 9254 
 254      86A8 F690 
 254      A23D 246B 
 254      0FB3 625A 
 255 0684 E364 2DBB 		.ascii	"\343d-\273\356\215\236?\341\316\2562\030\232_\r]\317s\305il\354"
 255      EE8D 9E3F 
 255      E1CE AE32 
 255      189A 5F0D 
 255      5DCF 73C5 
 256 069b C89D 23DB 		.ascii	"\310\235#\333\334q\006kt\365K\005"
 256      DC71 066B 
 256      74F5 4B05 
 257 06a7 CEF8 086B 		.string	"\316\370\bk\354\030l\331\243\3059\264\241\031\036=~\321\013\371{\007\370\347\320+\313T>\2
 257      EC18 6CD9 
 257      A3C5 39B4 
 257      A119 1E3D 
 257      7ED1 0BF9 
 258 07a8 6F6B 2DEF 		.ascii	"ok-\357\337`\265$g\017l\213(CI*+\030\315*\203\317~\"\355t\247"
 258      DF60 B524 
 258      670F 6C8B 
 258      2843 492A 
 258      2B18 CD2A 
 259 07c3 C653 39D2 		.ascii	"\306S9\322J*^Tc\201K\037\305"
 259      4A2A 5E54 
 259      6381 4B1F 
 259      C5
 260 07d0 92C4 252E 		.string	"\222\304%.\307*\305b\264\273\367\321\242g\330\026\235V,\225W\354K\210s7u\221\301\313\365\
 260      C72A C562 
 260      B4BB F7D1 
 260      A267 D816 
 260      9D56 2C95 
 261 07f6 E420 2F19 		.ascii	"\344 /\031y\272\030\232z\251\303-,\215W\267\237\330\351\205\002"
 261      79BA 189A 
 261      7AA9 C32D 
 261      2C8D 57B7 
 261      9FD8 E985 
 262 080b BC99 9BAA 		.ascii	"\274\231\233\252\017\210\227\303\240\177HIM\006-\245]_(\023\\"
 262      0F88 97C3 
 262      A07F 4849 
 262      4D06 2DA5 
 262      5D5F 2813 
 263 0820 FC01 77A7 		.ascii	"\374\001w\247G\213fut\027!v\331&Vs\254\347\260\350"
 263      478B 6675 
 263      7417 2176 
 263      D926 5673 
 263      ACE7 B0E8 
 264 0834 601F C912 		.string	"`\037\311\022\311\372>\"\362\005\336\335\261c\247|z\364\334\300}\371q\2265\024\204\342\02
 264      C9FA 3E22 
 264      F205 DEDD 
 264      B163 A77C 
 264      7AF4 DCC0 
 265 0935 EF9C 18C8 		.ascii	"\357\234\030\310\325\254L\345\340\217\020}H"
 265      D5AC 4CE5 
 265      E08F 107D 
 265      48
 266 0942 56D0 E7C5 		.string	"V\320\347\305\225\262\016A_\277\2300\341\245F\227\274\016\235v\370^\222\323\333\267\234\2
 266      95B2 0E41 
 266      5FBF 9830 
 266      E1A5 4697 
 266      BC0E 9D76 
 267 0a43 1C4B E9E4 		.ascii	"\034K\351\344\365P\353\342h\233\363\362\034\225\003\2212\032"
 267      F550 EBE2 
 267      689B F3F2 
 267      1C95 0391 
 267      321A 
 268 0a55 7605 0DBB 		.ascii	"v\005\r\273T\016\373N\353\215J\247\345Ir\210>7\3265\212\336\356"
 268      540E FB4E 
 268      EB8D 4AA7 
 268      E549 7288 
 268      3E37 D635 
 269 0a6c 6559 AA64 		.ascii	"eY\252dYj=\364\342\201\006/8\312R\371p\306\250+\317R\2737\315"
 269      596A 3DF4 
 269      E281 062F 
 269      38CA 52F9 
 269      70C6 A82B 
 270 0a85 52A5 2A4B 		.ascii	"R\245*K\334\025\252&Y\372\032:\253H\226n\323,\245,\2664:\341"
 270      DC15 AA26 
 270      59FA 1A3A 
 270      AB48 966E 
 270      D32C A52C 
 271 0a9d 6467 6A59 		.ascii	"dgjY\2366>l\332\244f$g\273\343\275t\f\027\246\034{\341F_2\301"
 271      9E36 3E6C 
 271      DAA4 6624 
 271      67BB E3BD 
 271      740C 17A6 
 272 0ab8 1F7B 1724 		.ascii	"\037{\027$Y\224W/\360LFSx\037\374\324\212\354\275\013\351a\357"
 272      5994 572F 
 272      F04C 4653 
 272      781F FCD4 
 272      8AEC BD0B 
 273 0acf 9D30 FDAD 		.ascii	"\2350\375\255\272M\371\260\333\324\027\215y\247<q&\363.\2774"
 273      BA4D F9B0 
 273      DBD4 178D 
 273      79A7 3C71 
 273      26F3 2EBF 
 274 0ae4 F261 2F8D 		.string	"\362a/\215\316\366w\026c\234\303\306\252\022\256\227j\361\031\326Hh\255\277\342\202\013i\
 274      CEF6 7716 
 274      639C C3C6 
 274      AA12 AE97 
 274      6AF1 19D6 
 275 0be5 3B64 D00B 		.ascii	";d\320\013\340\360z>\367\351\265\3509`\272\224s\212\260c\257"
 275      E0F0 7A3E 
 275      F7E9 B5E8 
 275      3960 BA94 
 275      738A B063 
 276 0bfa 96DB CA77 		.ascii	"\226\333\312w\272\300\342<JN\332\t(pY\234\206\202k\030Xy\223"
 276      BAC0 E23C 
 276      4A4E DA09 
 276      2870 599C 
 276      8682 6B18 
 277 0c11 4696 33EA 		.ascii	"F\2263\352\246\313r)\247!\331\023\277`\363}a\244n\201\337\221"
 277      A6CB 7229 
 277      A721 D913 
 277      BF60 F37D 
 277      61A4 6E81 
 278 0c27 C9CB D586 		.ascii	"\311\313\325\206\356\354D\276\206\352\350\205\255\253q+\236d"
 278      EEEC 44BE 
 278      86EA E885 
 278      ADAB 712B 
 278      9E64 
 279 0c39 D01E A9EF 		.ascii	"\320\036\251\357\226\233z\253!gu/L\241\227t\253\351\267\335\217"
 279      969B 7AAB 
 279      2167 752F 
 279      4CA1 9774 
 279      ABE9 B7DD 
 280 0c4e AF48 571F 		.ascii	"\257HW\037c\240f\241\307\314O\252G\023\341\"\013\261\003\f\365"
 280      63A0 66A1 
 280      C7CC 4FAA 
 280      4713 E122 
 280      0BB1 030C 
 281 0c63 013B 78DA 		.ascii	"\001;x\332W)\367P~\003\224\337\227\t\317.\353\200\003\3112\335"
 281      5729 F750 
 281      7E03 94DF 
 281      9709 CF2E 
 281      EB80 03C9 
 282 0c79 2FE3 E226 		.ascii	"/\343\342&]q\274\013m\034\334\273\255\325\r\247\261FS\177Z\205"
 282      5D71 BC0B 
 282      6D1C DCBB 
 282      ADD5 0DA7 
 282      B146 537F 
 283 0c8f 17F8 90CA 		.ascii	"\027\370\220\312\2408\267}\313$)]\322P\275a\356A\216\177\b\332"
 283      A038 B77D 
 283      CB24 295D 
 283      D250 BD61 
 283      EE41 8E7F 
 284 0ca5 83E4 D638 		.ascii	"\203\344\3268B]\314%\336;\243%\033v\302\037\361f\234<|\036\\"
 284      425D CC25 
 284      DE3B A325 
 284      1B76 C21F 
 284      F166 9C3C 
 285 0cbc C874 53BF 		.ascii	"\310tS\277U\376FT\357\360\243\"{\253\f\337dC\035\314KuW\203\311"
 285      55FE 4654 
 285      EFF0 A322 
 285      7BAB 0CDF 
 285      6443 1DCC 
 286 0cd5 354C 018F 		.ascii	"5L\001\217q\360\030\005\027\335\256\324\251\261\244x\nv\234c"
 286      71F0 1805 
 286      17DD AED4 
 286      A9B1 A478 
 286      0A76 9C63 
 287 0ce9 C729 36F7 		.ascii	"\307)6\367i\241E\253\006O\333\030\236\340\340\t\n\216\277{\256"
 287      69A1 45AB 
 287      064F DB18 
 287      9EE0 E009 
 287      0A8E BF7B 
 288 0cfe D686 05D9 		.ascii	"\326\206\005\331\265\025\360$\007O\332\267<ocy\212\203\247(x"
 288      B515 F024 
 288      074F DAB7 
 288      3C6F 6379 
 288      8A83 A728 
 289 0d13 AEE1 D04D 		.ascii	"\256\341\320M\233W\354\327m,Os\3604\005\237N\257(\300j\360\005"
 289      9B57 ECD7 
 289      6D2C 4F73 
 289      F034 059F 
 289      4EAF 28C0 
 290 0d2a 1BF0 0C07 		.ascii	"\033\360\f\007\317P\360`\316\340\210\r\270\333\206\306,\007\317"
 290      CF50 F060 
 290      CEE0 880D 
 290      B8DB 86C6 
 290      2C07 CF
 291 0d3d 52F0 CBDA 		.ascii	"R\360\313\332=\0056\001.\331\200\3478x\216\202\273\223\222\333"
 291      3D05 3601 
 291      2ED9 80E7 
 291      3878 8E82 
 291      BB93 92DB 
 292 0d51 6C02 ECB4 		.ascii	"l\002\354\264\001\317s\360<\005?\354\234\216\267\241An\231\n"
 292      01CF 73F0 
 292      3C05 3FEC 
 292      9C8E B7A1 
 292      416E 990A 
 293 0d65 7881 8317 		.ascii	"x\201\203\027(x\367\324\\\227F\r\356\267\tp\221\203\027)\270"
 293      2878 F7D4 
 293      5C97 460D 
 293      EEB7 0970 
 293      9183 1729 
 294 0d7a E5D8 A178 		.ascii	"\345\330\241xO58\307\306\362\022\007/Qp\376\300B\266\207\032"
 294      4F35 38C7 
 294      C6F2 1207 
 294      2F51 70FE 
 294      C042 B687 
 295 0d8f 9C65 0396 		.ascii	"\234e\003\2260\003\3037y\20085\222i\003.\266\271P\306qp\034\005"
 295      3003 C337 
 295      7980 3835 
 295      9269 032E 
 295      B6B9 50C6 
 296 0da7 0FF5 EE2B 		.ascii	"\017\365\356+t\301\207\331\"J\233\274Z\257y7\233\3556\265\"\331"
 296      74C1 87D9 
 296      224A 9BBC 
 296      5AAF 7937 
 296      9BED 36B5 
 297 0dbd 6EE0 9128 		.ascii	"n\340\221(\036\323\005Dt\376\003\256\003\t\370]\341Msd\270>8"
 297      1ED3 0544 
 297      74FE 03AE 
 297      0309 F85D 
 297      E14D 7364 
 298 0dd4 DA64 0C0A 		.ascii	"\332d\f\n\216\216\214\214\216\n\n7\376nC\264\301\024\022\030"
 298      8E8E 8C8C 
 298      8E0A 0A37 
 298      FE6E 43B4 
 298      C114 1218 
 299 0de8 ECF2 F7BF 		.ascii	"\354\362\367\277\374\315[?\373"
 299      FCCD 5B3F 
 299      FB
 300 0df1 F043 C139 		.string	"\360C\30196,\312\374c\275y]Pl\214)(\":\330\020\021\3643cD\204\301\024d\330b\372~hp\360G\3
 300      362C CAFC 
 300      63BD 795D 
 300      506C 8C29 
 300      2822 3AD8 
 301 0ef2 E827 3CB6 		.string	"\350'<\266n\2165\307\374\371\362AR\361\255\233MP\351\215"
 301      6E8E 35C7 
 301      FCF9 F241 
 301      52F1 AD9B 
 301      4D50 E98D 
 302 0f07 72D5 EB79 		.ascii	"r\325\353yc\345&\222ak^H\226V-\327%\020\022\202!\330\034\026"
 302      63E5 2692 
 302      616B 5E48 
 302      9656 2DD7 
 302      2510 1282 
 303 0f1f 1DA5 376E 		.ascii	"\035\2457n5\006;C\025cb\214!\0304qpt\0046E\177\356x\236l\022"
 303      3506 3B43 
 303      1563 628C 
 303      2118 3471 
 303      7074 0436 
 304 0f3a 5CE0 37D4 		.ascii	"\\\3407\324Ro\326\2200\\\310L]\373#\275Y\007\335\306-\306(\263"
 304      526F D690 
 304      305C C84C 
 304      5DFB 23BD 
 304      5907 DDC6 
 305 0f52 FED5 A430 		.ascii	"\376\325\2440oJRLFC\210<\335(wO\336\b\205\352\202{y\f~\352\315"
 305      6F4A 524C 
 305      4643 883C 
 305      DD28 774F 
 305      DE08 85EA 
 306 0f6d 72BA 6382 		.ascii	"r\272c\202\rQp*\272\350\365\301\201?X\273\356C7=\350F\207F\032"
 306      0D51 702A 
 306      BAE8 F5C1 
 306      813F 58BB 
 306      EE43 373D 
 307 0f86 23F5 7A0C 		.ascii	"#\365z\f\235\332\367\326\274\377[\353\360:\357\345S\346\257\336"
 307      9DDA F7D6 
 307      BCFF 5BEB 
 307      F03A EFE5 
 307      53E6 AFDE 
 308 0f9a B20E 7EE0 		.ascii	"\262\016~\340\036b"
 308      1E62 
 309 0fa0 DC10 1B0A 		.ascii	"\334\020\033\n\034\2436\206\205\272@\374F\323\026c\21062\032"
 309      1CA3 3686 
 309      85BA 40FC 
 309      46D3 1663 
 309      8836 321A 
 310 0fb4 A6AC 8BAC 		.ascii	"\246\254\213\254\350\304\034;\031\243\310\372y\245\210\324\004"
 310      E8C4 1C3B 
 310      19A3 C8FA 
 310      79A5 88D4 
 310      04
 311 0fc5 C484 4D86 		.ascii	"\304\204M\206\317=\325\366\364\346\025\326\330\214[\300\337\007"
 311      CF3D D5F6 
 311      F4E6 15D6 
 311      D88C 5BC0 
 311      DF07 
 312 0fd7 1FB8 A93A 		.ascii	"\037\270\251:\274h\321\315\006sl\f\031\373\221Ni{\375\323\337"
 312      BC68 D1CD 
 312      0673 6C0C 
 312      19FB 914E 
 312      697B FDD3 
 313 0fec 7EF2 CF1F 		.ascii	"~\362\317\037\377V\377\217\277\372\325\257\365\277\370\345\317"
 313      FF56 FF8F 
 313      BFFA D5AF 
 313      F5BF F8E5 
 313      CF
 314 0ffd FF1F A6   		.ascii	"\377\037\246"
 315 1000 2075 31   		.ascii	" u1"
 316               		.text
 317               		.section	.gnu.lto_.symtab.845fdb11c12fd09,"",@progbits
 318 0000 6469 7361 		.string	"disable_jtag"
 318      626C 655F 
 318      6A74 6167 
 318      00
 319 000d 00        		.string	""
 320 000e 00        		.string	""
 321 000f 00        		.string	""
 322 0010 00        		.string	""
 323 0011 00        		.string	""
 324 0012 00        		.string	""
 325 0013 00        		.string	""
 326 0014 00        		.string	""
 327 0015 00        		.string	""
 328 0016 00        		.string	""
 329 0017 00        		.string	""
 330 0018 CB00      		.string	"\313"
 331 001a 00        		.string	""
 332 001b 00        		.string	""
 333 001c 6D61 7472 		.string	"matrix_setup"
 333      6978 5F73 
 333      6574 7570 
 333      00
 334 0029 00        		.string	""
 335 002a 01        		.ascii	"\001"
 336 002b 00        		.string	""
 337 002c 00        		.string	""
 338 002d 00        		.string	""
 339 002e 00        		.string	""
 340 002f 00        		.string	""
 341 0030 00        		.string	""
 342 0031 00        		.string	""
 343 0032 00        		.string	""
 344 0033 00        		.string	""
 345 0034 CF00      		.string	"\317"
 346 0036 00        		.string	""
 347 0037 00        		.string	""
 348 0038 6B65 7962 		.string	"keyboard_pre_init_user"
 348      6F61 7264 
 348      5F70 7265 
 348      5F69 6E69 
 348      745F 7573 
 349 004f 00        		.string	""
 350 0050 01        		.ascii	"\001"
 351 0051 00        		.string	""
 352 0052 00        		.string	""
 353 0053 00        		.string	""
 354 0054 00        		.string	""
 355 0055 00        		.string	""
 356 0056 00        		.string	""
 357 0057 00        		.string	""
 358 0058 00        		.string	""
 359 0059 00        		.string	""
 360 005a D200      		.string	"\322"
 361 005c 00        		.string	""
 362 005d 00        		.string	""
 363 005e 6B65 7962 		.string	"keyboard_pre_init_kb"
 363      6F61 7264 
 363      5F70 7265 
 363      5F69 6E69 
 363      745F 6B62 
 364 0073 00        		.string	""
 365 0074 01        		.ascii	"\001"
 366 0075 00        		.string	""
 367 0076 00        		.string	""
 368 0077 00        		.string	""
 369 0078 00        		.string	""
 370 0079 00        		.string	""
 371 007a 00        		.string	""
 372 007b 00        		.string	""
 373 007c 00        		.string	""
 374 007d 00        		.string	""
 375 007e D500      		.string	"\325"
 376 0080 00        		.string	""
 377 0081 00        		.string	""
 378 0082 6B65 7962 		.string	"keyboard_post_init_user"
 378      6F61 7264 
 378      5F70 6F73 
 378      745F 696E 
 378      6974 5F75 
 379 009a 00        		.string	""
 380 009b 01        		.ascii	"\001"
 381 009c 00        		.string	""
 382 009d 00        		.string	""
 383 009e 00        		.string	""
 384 009f 00        		.string	""
 385 00a0 00        		.string	""
 386 00a1 00        		.string	""
 387 00a2 00        		.string	""
 388 00a3 00        		.string	""
 389 00a4 00        		.string	""
 390 00a5 D800      		.string	"\330"
 391 00a7 00        		.string	""
 392 00a8 00        		.string	""
 393 00a9 6B65 7962 		.string	"keyboard_post_init_kb"
 393      6F61 7264 
 393      5F70 6F73 
 393      745F 696E 
 393      6974 5F6B 
 394 00bf 00        		.string	""
 395 00c0 01        		.ascii	"\001"
 396 00c1 00        		.string	""
 397 00c2 00        		.string	""
 398 00c3 00        		.string	""
 399 00c4 00        		.string	""
 400 00c5 00        		.string	""
 401 00c6 00        		.string	""
 402 00c7 00        		.string	""
 403 00c8 00        		.string	""
 404 00c9 00        		.string	""
 405 00ca DB00      		.string	"\333"
 406 00cc 00        		.string	""
 407 00cd 00        		.string	""
 408 00ce 6B65 7962 		.string	"keyboard_setup"
 408      6F61 7264 
 408      5F73 6574 
 408      7570 00
 409 00dd 00        		.string	""
 410 00de 00        		.string	""
 411 00df 00        		.string	""
 412 00e0 00        		.string	""
 413 00e1 00        		.string	""
 414 00e2 00        		.string	""
 415 00e3 00        		.string	""
 416 00e4 00        		.string	""
 417 00e5 00        		.string	""
 418 00e6 00        		.string	""
 419 00e7 00        		.string	""
 420 00e8 DD00      		.string	"\335"
 421 00ea 00        		.string	""
 422 00eb 00        		.string	""
 423 00ec 6973 5F6B 		.string	"is_keyboard_master"
 423      6579 626F 
 423      6172 645F 
 423      6D61 7374 
 423      6572 00
 424 00ff 00        		.string	""
 425 0100 01        		.ascii	"\001"
 426 0101 00        		.string	""
 427 0102 00        		.string	""
 428 0103 00        		.string	""
 429 0104 00        		.string	""
 430 0105 00        		.string	""
 431 0106 00        		.string	""
 432 0107 00        		.string	""
 433 0108 00        		.string	""
 434 0109 00        		.string	""
 435 010a E100      		.string	"\341"
 436 010c 00        		.string	""
 437 010d 00        		.string	""
 438 010e 6B65 7962 		.string	"keyboard_init"
 438      6F61 7264 
 438      5F69 6E69 
 438      7400 
 439 011c 00        		.string	""
 440 011d 00        		.string	""
 441 011e 00        		.string	""
 442 011f 00        		.string	""
 443 0120 00        		.string	""
 444 0121 00        		.string	""
 445 0122 00        		.string	""
 446 0123 00        		.string	""
 447 0124 00        		.string	""
 448 0125 00        		.string	""
 449 0126 00        		.string	""
 450 0127 E300      		.string	"\343"
 451 0129 00        		.string	""
 452 012a 00        		.string	""
 453 012b 6B65 7962 		.string	"keyboard_set_leds"
 453      6F61 7264 
 453      5F73 6574 
 453      5F6C 6564 
 453      7300 
 454 013d 00        		.string	""
 455 013e 00        		.string	""
 456 013f 00        		.string	""
 457 0140 00        		.string	""
 458 0141 00        		.string	""
 459 0142 00        		.string	""
 460 0143 00        		.string	""
 461 0144 00        		.string	""
 462 0145 00        		.string	""
 463 0146 00        		.string	""
 464 0147 00        		.string	""
 465 0148 E700      		.string	"\347"
 466 014a 00        		.string	""
 467 014b 00        		.string	""
 468 014c 6B65 7962 		.string	"keyboard_task"
 468      6F61 7264 
 468      5F74 6173 
 468      6B00 
 469 015a 00        		.string	""
 470 015b 00        		.string	""
 471 015c 00        		.string	""
 472 015d 00        		.string	""
 473 015e 00        		.string	""
 474 015f 00        		.string	""
 475 0160 00        		.string	""
 476 0161 00        		.string	""
 477 0162 00        		.string	""
 478 0163 00        		.string	""
 479 0164 00        		.string	""
 480 0165 E900      		.string	"\351"
 481 0167 00        		.string	""
 482 0168 00        		.string	""
 483 0169 6465 6275 		.string	"debug_config"
 483      675F 636F 
 483      6E66 6967 
 483      00
 484 0176 00        		.string	""
 485 0177 02        		.ascii	"\002"
 486 0178 00        		.string	""
 487 0179 00        		.string	""
 488 017a 00        		.string	""
 489 017b 00        		.string	""
 490 017c 00        		.string	""
 491 017d 00        		.string	""
 492 017e 00        		.string	""
 493 017f 00        		.string	""
 494 0180 00        		.string	""
 495 0181 6601 00   		.string	"f\001"
 496 0184 00        		.string	""
 497 0185 7267 626C 		.string	"rgblight_init"
 497      6967 6874 
 497      5F69 6E69 
 497      7400 
 498 0193 00        		.string	""
 499 0194 02        		.ascii	"\002"
 500 0195 00        		.string	""
 501 0196 00        		.string	""
 502 0197 00        		.string	""
 503 0198 00        		.string	""
 504 0199 00        		.string	""
 505 019a 00        		.string	""
 506 019b 00        		.string	""
 507 019c 00        		.string	""
 508 019d 00        		.string	""
 509 019e EB00      		.string	"\353"
 510 01a0 00        		.string	""
 511 01a1 00        		.string	""
 512 01a2 6261 636B 		.string	"backlight_init"
 512      6C69 6768 
 512      745F 696E 
 512      6974 00
 513 01b1 00        		.string	""
 514 01b2 02        		.ascii	"\002"
 515 01b3 00        		.string	""
 516 01b4 00        		.string	""
 517 01b5 00        		.string	""
 518 01b6 00        		.string	""
 519 01b7 00        		.string	""
 520 01b8 00        		.string	""
 521 01b9 00        		.string	""
 522 01ba 00        		.string	""
 523 01bb 00        		.string	""
 524 01bc ED00      		.string	"\355"
 525 01be 00        		.string	""
 526 01bf 00        		.string	""
 527 01c0 6D61 6769 		.string	"magic"
 527      6300 
 528 01c6 00        		.string	""
 529 01c7 02        		.ascii	"\002"
 530 01c8 00        		.string	""
 531 01c9 00        		.string	""
 532 01ca 00        		.string	""
 533 01cb 00        		.string	""
 534 01cc 00        		.string	""
 535 01cd 00        		.string	""
 536 01ce 00        		.string	""
 537 01cf 00        		.string	""
 538 01d0 00        		.string	""
 539 01d1 EF00      		.string	"\357"
 540 01d3 00        		.string	""
 541 01d4 00        		.string	""
 542 01d5 6D61 7472 		.string	"matrix_init"
 542      6978 5F69 
 542      6E69 7400 
 543 01e1 00        		.string	""
 544 01e2 02        		.ascii	"\002"
 545 01e3 00        		.string	""
 546 01e4 00        		.string	""
 547 01e5 00        		.string	""
 548 01e6 00        		.string	""
 549 01e7 00        		.string	""
 550 01e8 00        		.string	""
 551 01e9 00        		.string	""
 552 01ea 00        		.string	""
 553 01eb 00        		.string	""
 554 01ec F100      		.string	"\361"
 555 01ee 00        		.string	""
 556 01ef 00        		.string	""
 557 01f0 7469 6D65 		.string	"timer_init"
 557      725F 696E 
 557      6974 00
 558 01fb 00        		.string	""
 559 01fc 02        		.ascii	"\002"
 560 01fd 00        		.string	""
 561 01fe 00        		.string	""
 562 01ff 00        		.string	""
 563 0200 00        		.string	""
 564 0201 00        		.string	""
 565 0202 00        		.string	""
 566 0203 00        		.string	""
 567 0204 00        		.string	""
 568 0205 00        		.string	""
 569 0206 F300      		.string	"\363"
 570 0208 00        		.string	""
 571 0209 00        		.string	""
 572 020a 6C65 645F 		.string	"led_set"
 572      7365 7400 
 573 0212 00        		.string	""
 574 0213 02        		.ascii	"\002"
 575 0214 00        		.string	""
 576 0215 00        		.string	""
 577 0216 00        		.string	""
 578 0217 00        		.string	""
 579 0218 00        		.string	""
 580 0219 00        		.string	""
 581 021a 00        		.string	""
 582 021b 00        		.string	""
 583 021c 00        		.string	""
 584 021d F500      		.string	"\365"
 585 021f 00        		.string	""
 586 0220 00        		.string	""
 587 0221 7870 7574 		.string	"xputs"
 587      7300 
 588 0227 00        		.string	""
 589 0228 02        		.ascii	"\002"
 590 0229 00        		.string	""
 591 022a 00        		.string	""
 592 022b 00        		.string	""
 593 022c 00        		.string	""
 594 022d 00        		.string	""
 595 022e 00        		.string	""
 596 022f 00        		.string	""
 597 0230 00        		.string	""
 598 0231 00        		.string	""
 599 0232 F900      		.string	"\371"
 600 0234 00        		.string	""
 601 0235 00        		.string	""
 602 0236 5F5F 7870 		.string	"__xprintf"
 602      7269 6E74 
 602      6600 
 603 0240 00        		.string	""
 604 0241 02        		.ascii	"\002"
 605 0242 00        		.string	""
 606 0243 00        		.string	""
 607 0244 00        		.string	""
 608 0245 00        		.string	""
 609 0246 00        		.string	""
 610 0247 00        		.string	""
 611 0248 00        		.string	""
 612 0249 00        		.string	""
 613 024a 00        		.string	""
 614 024b FD00      		.string	"\375"
 615 024d 00        		.string	""
 616 024e 00        		.string	""
 617 024f 686F 7374 		.string	"host_keyboard_leds"
 617      5F6B 6579 
 617      626F 6172 
 617      645F 6C65 
 617      6473 00
 618 0262 00        		.string	""
 619 0263 02        		.ascii	"\002"
 620 0264 00        		.string	""
 621 0265 00        		.string	""
 622 0266 00        		.string	""
 623 0267 00        		.string	""
 624 0268 00        		.string	""
 625 0269 00        		.string	""
 626 026a 00        		.string	""
 627 026b 00        		.string	""
 628 026c 00        		.string	""
 629 026d 00        		.string	""
 630 026e 0100      		.string	"\001"
 631 0270 00        		.string	""
 632 0271 6163 7469 		.string	"action_exec"
 632      6F6E 5F65 
 632      7865 6300 
 633 027d 00        		.string	""
 634 027e 02        		.ascii	"\002"
 635 027f 00        		.string	""
 636 0280 00        		.string	""
 637 0281 00        		.string	""
 638 0282 00        		.string	""
 639 0283 00        		.string	""
 640 0284 00        		.string	""
 641 0285 00        		.string	""
 642 0286 00        		.string	""
 643 0287 00        		.string	""
 644 0288 2001 00   		.string	" \001"
 645 028b 00        		.string	""
 646 028c 7469 6D65 		.string	"timer_read"
 646      725F 7265 
 646      6164 00
 647 0297 00        		.string	""
 648 0298 02        		.ascii	"\002"
 649 0299 00        		.string	""
 650 029a 00        		.string	""
 651 029b 00        		.string	""
 652 029c 00        		.string	""
 653 029d 00        		.string	""
 654 029e 00        		.string	""
 655 029f 00        		.string	""
 656 02a0 00        		.string	""
 657 02a1 00        		.string	""
 658 02a2 2301 00   		.string	"#\001"
 659 02a5 00        		.string	""
 660 02a6 6D61 7472 		.string	"matrix_print"
 660      6978 5F70 
 660      7269 6E74 
 660      00
 661 02b3 00        		.string	""
 662 02b4 02        		.ascii	"\002"
 663 02b5 00        		.string	""
 664 02b6 00        		.string	""
 665 02b7 00        		.string	""
 666 02b8 00        		.string	""
 667 02b9 00        		.string	""
 668 02ba 00        		.string	""
 669 02bb 00        		.string	""
 670 02bc 00        		.string	""
 671 02bd 00        		.string	""
 672 02be 2501 00   		.string	"%\001"
 673 02c1 00        		.string	""
 674 02c2 6D61 7472 		.string	"matrix_get_row"
 674      6978 5F67 
 674      6574 5F72 
 674      6F77 00
 675 02d1 00        		.string	""
 676 02d2 02        		.ascii	"\002"
 677 02d3 00        		.string	""
 678 02d4 00        		.string	""
 679 02d5 00        		.string	""
 680 02d6 00        		.string	""
 681 02d7 00        		.string	""
 682 02d8 00        		.string	""
 683 02d9 00        		.string	""
 684 02da 00        		.string	""
 685 02db 00        		.string	""
 686 02dc 2C01 00   		.string	",\001"
 687 02df 00        		.string	""
 688 02e0 6D61 7472 		.string	"matrix_scan"
 688      6978 5F73 
 688      6361 6E00 
 689 02ec 00        		.string	""
 690 02ed 02        		.ascii	"\002"
 691 02ee 00        		.string	""
 692 02ef 00        		.string	""
 693 02f0 00        		.string	""
 694 02f1 00        		.string	""
 695 02f2 00        		.string	""
 696 02f3 00        		.string	""
 697 02f4 00        		.string	""
 698 02f5 00        		.string	""
 699 02f6 00        		.string	""
 700 02f7 2E01 00   		.string	".\001"
 701 02fa 00        		.string	""
 702               		.text
 703               		.section	.gnu.lto_.opts,"",@progbits
 704 0000 272D 666D 		.ascii	"'-fmath-errno' '-fsigned-zeros' '-ftrapping-m"
 704      6174 682D 
 704      6572 726E 
 704      6F27 2027 
 704      2D66 7369 
 705 002d 6174 6827 		.string	"ath' '-fno-trapv' '-fno-openmp' '-fno-openacc' '-mn-flash=1' '-mno-skip-bug' '-mmcu=avr5'
 705      2027 2D66 
 705      6E6F 2D74 
 705      7261 7076 
 705      2720 272D 
 706               		.text
 707               		.comm	__gnu_lto_v1,1,1
 708               		.comm	__gnu_lto_slim,1,1
 709               		.ident	"GCC: (GNU) 7.4.0"
DEFINED SYMBOLS
                            *ABS*:0000000000000000 keyboard.c
/var/folders/7d/r_phv7rx6m99qllr_nm2m9c80000gn/T//ccuRgfH1.s:2      *ABS*:000000000000003e __SP_H__
/var/folders/7d/r_phv7rx6m99qllr_nm2m9c80000gn/T//ccuRgfH1.s:3      *ABS*:000000000000003d __SP_L__
/var/folders/7d/r_phv7rx6m99qllr_nm2m9c80000gn/T//ccuRgfH1.s:4      *ABS*:000000000000003f __SREG__
/var/folders/7d/r_phv7rx6m99qllr_nm2m9c80000gn/T//ccuRgfH1.s:5      *ABS*:0000000000000000 __tmp_reg__
/var/folders/7d/r_phv7rx6m99qllr_nm2m9c80000gn/T//ccuRgfH1.s:6      *ABS*:0000000000000001 __zero_reg__
                            *COM*:0000000000000001 __gnu_lto_v1
                            *COM*:0000000000000001 __gnu_lto_slim

NO UNDEFINED SYMBOLS
