   1               		.file	"magic.c"
   2               	__SP_H__ = 0x3e
   3               	__SP_L__ = 0x3d
   4               	__SREG__ = 0x3f
   5               	__tmp_reg__ = 0
   6               	__zero_reg__ = 1
   7               		.section	.gnu.lto_.profile.ecaa665c2449e84d,"",@progbits
   8 0000 789C 6363 		.string	"x\234cc```\001bF\006\017A"
   8      6060 6001 
   8      6246 060F 
   8      4100 
   9 000e 0119 00   		.string	"\001\031"
  10 0011 65        		.ascii	"e"
  11               		.text
  12               		.section	.gnu.lto_.icf.ecaa665c2449e84d,"",@progbits
  13 0000 789C 6363 		.string	"x\234cc``\340c@"
  13      6060 E063 
  13      4000 
  14 000a 2686 6B33 		.string	"&\206k3\337l\344a:\363\365\322f\016\006"
  14      DF6C E461 
  14      3AF3 F5D2 
  14      660E 0600 
  15 001a 31D6 067F 		.ascii	"1\326\006\177"
  16               		.text
  17               		.section	.gnu.lto_.jmpfuncs.ecaa665c2449e84d,"",@progbits
  18 0000 789C 6363 		.string	"x\234cc``p`@"
  18      6060 7060 
  18      4000 
  19 000a 4620 6602 		.string	"F f\002R\007\030\031\031\200\370?##\343\024f\306i\255\207\316\263w3\317a\006\3123nf\224\0
  19      5207 1819 
  19      1980 F83F 
  19      2323 E314 
  19      66C6 69AD 
  20 003d D7E6 0E9F 		.ascii	"\327\346\016\237"
  21               		.text
  22               		.section	.gnu.lto_.inline.ecaa665c2449e84d,"",@progbits
  23 0000 789C 6363 		.string	"x\234cc``0c@"
  23      6060 3063 
  23      4000 
  24 000a 4606 06E1 		.string	"F\006\006\341C@\222\211\343\200\035\003\333\002y&\220 3\017Pb\202\037\0237\220\215 \030\2
  24      4340 9289 
  24      E380 1D03 
  24      DB02 7926 
  24      9020 330F 
  25 002d A3D0 0410 		.ascii	"\243\320\004\020"
  26               		.text
  27               		.section	.gnu.lto_.pureconst.ecaa665c2449e84d,"",@progbits
  28 0000 789C 6363 		.string	"x\234cc```\006bF\006\t"
  28      6060 6006 
  28      6246 0609 
  28      00
  29 000d 00        		.string	""
  30 000e 7D00      		.string	"}"
  31 0010 23        		.ascii	"#"
  32               		.text
  33               		.section	.gnu.lto_magic.ecaa665c2449e84d,"",@progbits
  34 0000 789C 6D92 		.string	"x\234m\222\313k\023Q\024\306\3177g&\2111\017[7\005\263\310\246`7F\321\277\302\177\242\204
  34      CB6B 1351 
  34      14C6 CF37 
  34      6726 8931 
  34      0F5B 3705 
  35 00e9 95D9 3064 		.ascii	"\225\3310da\326\213)\213i\311bE\3115\240aq\220\"\224C#l\350S"
  35      61D6 8B29 
  35      8B69 C962 
  35      45C9 35A0 
  35      6171 9022 
  36 0103 C1A1 3A0A 		.ascii	"\301\241:\n\366\2477\320\276W\031\222\262R\251\257\372s\277U"
  36      F6A7 37D0 
  36      BE57 1992 
  36      B252 A9AF 
  36      FA73 BF55 
  37 0117 A0CC BE12 		.ascii	"\240\314\276\022\353T3\310\211\213\237>chu~\241IZ:W}\355\277"
  37      EB54 33C8 
  37      898B 9F3E 
  37      6368 757E 
  37      A149 5A3A 
  38 012f C092 1584 		.ascii	"\300\222\025\204\007\360\250G${-\326p\376\362\302\225S\253o\240"
  38      07F0 A847 
  38      247B 2DD6 
  38      70FE F2C2 
  38      9553 AB6F 
  39 0144 24E9 0915 		.ascii	"$\351\t\025\327w\227\033c6\341\374\234c/\207\321\032\026,\211"
  39      D777 971B 
  39      6336 E1FC 
  39      9C63 2F87 
  39      D11A 162C 
  40 0159 35E1 A11B 		.ascii	"5\341\241\033\266\233\326\221_>\377\325\322\322f\226\020\266"
  40      B69B D691 
  40      5F3E FFD5 
  40      D2D2 6696 
  40      10B6 
  41 016b 650B D9EC 		.ascii	"e\013\331\354=\346d\341\373\245\210\215k\322\2410\036I\007g5"
  41      3DE6 64E1 
  41      FBA5 888D 
  41      6BD2 A130 
  41      1E49 0767 
  42 0180 B27C 985E 		.ascii	"\262|\230^\374\260\031H\334\325M\264\257C\367\3421l\214\271="
  42      FCB0 1948 
  42      DCD5 4DB4 
  42      AF43 F7E2 
  42      316C 8CB9 
  43 0195 C413 2484 		.ascii	"\304\023$\204\304\005\033_j\200q\033\230)\312\247\377\301~\024"
  43      C405 1B5F 
  43      6A80 711B 
  43      9829 CAA7 
  43      FFC1 7E14 
  44 01a9 1BCF 648A 		.ascii	"\033\317d\212\330#\375\325F\032\331N\032\261\365{\267\222F1'"
  44      D823 FDD5 
  44      461A D94E 
  44      1AB1 F57B 
  44      B792 4631 
  45 01be A4CE 0EA4 		.ascii	"\244\316\016\244\267\345\353\036T]Rh\322yMj\322\032\362\366\235"
  45      B7E5 EB1E 
  45      545D 5268 
  45      D279 4D6A 
  45      D21A F2F6 
  46 01d3 7537 BF6E 		.ascii	"u7\277n{sFH\237\026\304J\0273\261bx\210\321\266b,1{\326(F\334"
  46      7B73 4648 
  46      9F16 C44A 
  46      1733 B162 
  46      7888 D1B6 
  47 01ef E2FF AC44 		.ascii	"\342\377\254D\353\025\367\362V\243<K_\3251\024\337\241\313\035"
  47      EB15 F7F2 
  47      56A3 3C4B 
  47      5FD5 3114 
  47      DFA1 CB1D 
  48 0203 25F6 89D1 		.ascii	"%\366\211\321s1\022a\231;\351\233\220\315\006]\251\036\303\202"
  48      7331 1261 
  48      993B E99B 
  48      90CD 065D 
  48      A91E C382 
  49 0217 2D5D 975F 		.ascii	"-]\227_\241k s\2527\225\355O'R\331L&{:\221I\2368\231:\220\242"
  49      A16B 2073 
  49      AA37 95ED 
  49      4F27 52D9 
  49      4C26 7B3A 
  50 0233 F0B1 F4F1 		.ascii	"\360\261\364\361\344\231\276\201\336\276\344\331t\377_N\262\033"
  50      E499 BE81 
  50      DEBE E4D9 
  50      74FF 5F4E 
  50      B21B 
  51 0245 14        		.ascii	"\024"
  52               		.text
  53               		.section	.gnu.lto_.symbol_nodes.ecaa665c2449e84d,"",@progbits
  54 0000 789C 6363 		.string	"x\234cc``\330\b\304\fL\334\365\f\f\023\31610"
  54      6060 D808 
  54      C40C 4CDC 
  54      F50C 0C13 
  54      CE31 3000 
  55 0014 A95D 0D8E 		.string	"\251]\r\216\f\f\254\374\f\n@qV.\306F% \315(T\317\b\226g`hhp"
  55      0C0C ACFC 
  55      0C0A 4071 
  55      562E C646 
  55      2520 CD28 
  56 0032 F205 EB99 		.string	"\362\005\353\231P\370\002\365\314(|\276z\026\024>o=+\n\237\247\236\r\231\317\314\300\301\
  56      50F8 02F5 
  56      CC28 7CBE 
  56      7A16 143E 
  56      6F3D 2B0A 
  57 0077 00        		.string	""
  58 0078 260C 26F9 		.ascii	"&\f&\371"
  59               		.text
  60               		.section	.gnu.lto_.refs.ecaa665c2449e84d,"",@progbits
  61 0000 789C 6363 		.string	"x\234cc``\340\004b&\006FFVF&\016\006"
  61      6060 E004 
  61      6226 0646 
  61      4656 4626 
  61      0E06 00
  62 0013 013E 00   		.string	"\001>"
  63 0016 24        		.ascii	"$"
  64               		.text
  65               		.section	.gnu.lto_.decls.ecaa665c2449e84d,"",@progbits
  66 0000 789C 8D56 		.string	"x\234\215VkTT\327\025\276\373\036\036\3030\200\r\264%\rm\254\301%\177\312Dcc\322\225\265\
  66      6B54 54D7 
  66      15BE FB1E 
  66      1EC3 3080 
  66      0DB4 250D 
  67 0084 CA29 893F 		.string	"\312)\211?\221(\r(M(m(\035(\235(\335(WQ\250\3154\312\353 \005=~\324\343q\374"
  67      9128 0D28 
  67      4D28 6D28 
  67      1D28 9D28 
  67      DD28 5751 
  68 00a6 E502 4A2F 		.string	"\345\002J/J\022\312\n\224E(\363q\275\037\307_\003\217\271"
  68      4A12 CA0A 
  68      9445 28F3 
  68      71BD 1FC7 
  68      5F03 8FB9 
  69 00bb C756 1CDF 		.ascii	"\307V\034\337\300q\022\307d\034\177\t\234\314B\224F\021\353)"
  69      C071 12C7 
  69      641C 7F09 
  69      9CCC 4294 
  69      4611 EB29 
  70 00cf 4A22 E8BC 		.ascii	"J\"\350\274\256\n.\235\202[\233\340\032\212W\001\201k\315\025"
  70      AE0A 2E9D 
  70      825B 9BE0 
  70      1A8A 5701 
  70      816B CD15 
  71 00e3 FBC9 0602 		.ascii	"\373\311\006\002\213\314@\263\216\303\251\312\3735\3231|\212"
  71      8BCC 40B3 
  71      8EC3 A9CA 
  71      FB35 D331 
  71      7C8A 
  72 00f5 22        		.ascii	"\""
  73 00f6 2E1D 6DAC 		.string	".\035m\254\212$2\373=T}\374Dd\352\001\225?\246\337IP\rDsUQ\226_\022A\336`\300\2139U\273\2
  73      8A24 32FB 
  73      3D54 7DFC 
  73      4464 EA01 
  73      953F A6DF 
  74 01f7 3EF8 19BC 		.ascii	">\370\031\274\225\004ob\221C=$\342\177W\230(\222\373}\333\344"
  74      9504 6F62 
  74      9143 3D24 
  74      E27F 5798 
  74      2892 FB7D 
  75 020d 05C5 6AF1 		.ascii	"\005\305j\361\240Zwv\377\322\241<U]\213Va\024\006u\372\311\324"
  75      A05A 7776 
  75      FFD2 A13C 
  75      555D 8B56 
  75      6114 0675 
  76 0224 B1BA 82EF 		.string	"\261\272\202\357\341:\206o\200\005h\272\351\320\315\236hr\210G<u~\252\202\204a\306\354H\3
  76      E13A 866F 
  76      8005 68BA 
  76      E9D0 CD9E 
  76      6872 8847 
  77 0325 B7EE AC51 		.string	"\267\356\254Q\213\315\302\372a\241\205\231\323R\351\322\315\2734\363nf\33609\376\330Dj\27
  77      8BCD C2FA 
  77      61A1 8599 
  77      D352 E9D2 
  77      CDBB 34F3 
  78 039f F4E8 79F5 		.string	"\364\350y\365hy]ey\345=\277\322\023A\272\345\240\376\232\300\373\353\226\242u\373,\344\00
  78      6879 5D65 
  78      79E5 3DBF 
  78      D213 41BA 
  78      E5A0 FE9A 
  79 047d 7EF1 DBDE 		.ascii	"~\361\333\336\307\222\241@I\234/}\362y\245d\253`8\036\352\f!"
  79      C792 A140 
  79      499C 2F7D 
  79      F279 A564 
  79      AB60 381E 
  80 0494 F010 ABF1 		.ascii	"\360\020\253\361>z\031C\271\213r\017\345\001$3CNc\300\260+\267"
  80      3E7A 1943 
  80      B98B 720F 
  80      E501 2433 
  80      434E 63C0 
  81 04ab 43F2 5E92 		.ascii	"C\362^\222\304+\316_\177\377\033\231\024\263\303\b\033\337\332"
  81      C42B CE5F 
  81      7FFF 1B99 
  81      14B3 C308 
  81      1BDF DA
  82 04be B43D 1A92 		.ascii	"\264=\032\222\023R\304A<\177?G\255\253\007N\3601$\374\370 \266"
  82      1352 C441 
  82      3C7F 3F47 
  82      ADAB 074E 
  82      F031 24FC 
  83 04d5 CEC5 9522 		.ascii	"\316\305\225\")\327'\310u\034c=\025\374x\316M\005\204&\215 c"
  83      29D7 27C8 
  83      751C 633D 
  83      15FC 78CE 
  83      4D05 8426 
  84 04ec D29C 7B53 		.ascii	"\322\234{S\017\341\021\351f=B\362s\006E\332\217G6\237\261\220"
  84      0FE1 11E9 
  84      663D 42F2 
  84      7306 45DA 
  84      8F47 369F 
  85 0502 3246 5BFE 		.ascii	"2F[\376~\377\316\352hHH\231\203\fL!\207\377\315\247\355\267\224"
  85      7EFF CEEA 
  85      6848 4899 
  85      830C 4C21 
  85      87FF CDA7 
  86 0519 CE24 6226 		.ascii	"\316$b&\364kF\331\261@\225\375\2477\232\026\226\252\305\210\034"
  86      F46B 46D9 
  86      B140 95FD 
  86      A737 9A16 
  86      96AA C588 
  87 052e 788A 07DC 		.ascii	"x\212\007\334\220\035\306\300\32788\220\3645z1a\032\026\242Q"
  87      901D C6C0 
  87      D738 3890 
  87      F435 7A31 
  87      611A 16A2 
  88 0543 4D6F 3EB6 		.ascii	"Mo>\266\372#$\350^\274\302\357E\347\330\205\335\321\374\232\314"
  88      FA23 24E8 
  88      5EBC C2EF 
  88      45E7 D885 
  88      DDD1 FC9A 
  89 0558 A3AF A799 		.ascii	"\243\257\247\231gc\364\316\256\240\237Z\304\360\326X\301\337"
  89      6763 F4CE 
  89      AEA0 9F5A 
  89      C4F0 D658 
  89      C1DF 
  90 056a 1AA7 F2FB 		.ascii	"\032\247\362\373G\314\244\236'\332X\235\275)\n\314)\354\376v"
  90      47CC A49E 
  90      27DA 589D 
  90      BD29 0ACC 
  90      29EC FE76 
  91 057e A86A 38BE 		.ascii	"\250j8\276\022f\261\302\236\321\317\220l9\205\032\261\227\302"
  91      1266 B1C2 
  91      9ED1 CF90 
  91      6C39 851A 
  91      B197 C2
  92 0591 739C FC01 		.ascii	"s\234\374\001'\305\353e\273\370\226Re\372j\n$\271\302\314s|\222"
  92      27C5 EB65 
  92      BBF8 9652 
  92      65FA 6A0A 
  92      24B9 C2CC 
  93 05a8 E79F 147D 		.ascii	"\347\237\024}#\022\325\234\321\352\306\030\322\302\331\017?;"
  93      2312 D59C 
  93      D1EA C618 
  93      D2C2 D90F 
  93      3F3B 
  94 05ba 582B 3ED2 		.ascii	"X+>\322\"Pm;T\3646i\347K\347\312jgE3\b\247\375\375\312\345\257"
  94      2250 6D3B 
  94      54F4 3669 
  94      E74B E7CA 
  94      6A67 4533 
  95 05d5 4DE4 0E5F 		.ascii	"M\344\016_\333\334?q \216Lre\364\304\227\233-\3449WJk\247F\343"
  95      DBDC 3F71 
  95      208E 4C72 
  95      65F4 C497 
  95      9B2D E439 
  96 05ef C8A6 30A6 		.ascii	"\310\2460\246\234y\362\003^\255]\\Y\337}\260\334B\252\230\022"
  96      9C79 F203 
  96      5EAD 5D5C 
  96      59DF 7DB0 
  96      DC42 AA98 
  97 0604 FDC5 917F 		.ascii	"\375\305\221\177g\023\336\027\342Ys\340\0259YH\332\363\262\325"
  97      6713 DE17 
  97      E259 73E0 
  97      1539 5948 
  97      DAF3 B2D5 
  98 0618 21C2 7AC3 		.ascii	"!\302z\303V\371\377\352\r\353e\302\240\301\267`\223\234\f\353"
  98      56F9 FFEA 
  98      0DEB 65C2 
  98      A0C1 B760 
  98      939C 0CEB 
  99 062c 64DD A24F 		.ascii	"d\335\242O\273\354\271!\341\003\206\336\320\240\3017\204\204"
  99      BBEC B921 
  99      E103 86DE 
  99      D0A0 C137 
  99      8484 
 100 063e 2FD1 D12D 		.ascii	"/\321\321-\032:/$\232\367\2519/?5\240\265\366O<\342\002\204n"
 100      1A3A 2F24 
 100      9AF7 A939 
 100      2F3F 35A0 
 100      B5F6 4F3C 
 101 0656 41C9 47D9 		.ascii	"A\311G\331\201\362\005\312f\224\355(\333dc#\030\327b\256\r\031"
 101      81F2 05CA 
 101      6694 ED28 
 101      DB64 6323 
 101      18D7 62AE 
 102 066c F333 43FE 		.ascii	"\3633C\3763\313\005|cH\370\3429:\251?$:G\236\243\223~\036\022"
 102      33CB 057C 
 102      6348 F8E2 
 102      393A A93F 
 102      243A 479E 
 103 0685 7ED3 D017 		.ascii	"~\323\320\027'\376J\357$\342\214-\002\033\324\243\201\226M\021"
 103      27FE 4AEF 
 103      24E2 8C2D 
 103      021B D4A3 
 103      8196 4D11 
 104 0699 909C 929C 		.ascii	"\220\234\222\234\300\335>\274I\374\254_\320\312\246\375\342K"
 104      C0DD 3EBC 
 104      49FC AC5F 
 104      D0CA A6FD 
 104      E24B 
 105 06ab 3941 BF11 		.ascii	"9A\277\021zMp\257#\333X\347A\314K\235\307\320\352XL\352e\356"
 105      7A4D 70AF 
 105      23DB 58E7 
 105      41CC 4B9D 
 105      C7D0 EA58 
 106 06c3 56D7 214E 		.ascii	"V\327!NF\213\301\261\364lv\342\331\024b\032E\342\f\260\240\257"
 106      468B C1B1 
 106      F46C 76E2 
 106      D914 621A 
 106      45E2 0CB0 
 107 06d9 EFD8 3A13 		.ascii	"\357\330:\023C\006YA\313\373\272\352\247c\265&\365\262\033\330"
 107      4306 5941 
 107      CBFB BAEA 
 107      A763 B526 
 107      F5B2 1BD8 
 108 06ed 83D6 A13C 		.ascii	"\203\326\241<\211\266\311\332\324n\304\354\222\0037\230\246\302"
 108      89B6 C9DA 
 108      D46E C4EC 
 108      9203 3798 
 108      A6C2 
 109 06ff 42E5 0C4C 		.ascii	"B\345\fLM\307\3226UG\277\240\337\313/\317V\2530\002\205\317\210"
 109      4DC7 D236 
 109      5547 BFA0 
 109      DFCB 2FCF 
 109      56AB 3002 
 110 0716 46A5 539E 		.ascii	"F\245S\236a\255j\257L[\325\210\177]\177\270%/\320P\330\367\206"
 110      61AD 6AAF 
 110      4C5B D588 
 110      7F5D 7FB8 
 110      252F D050 
 111 072d 0E2D 962D 		.ascii	"\016-\226-\354k\003G\004\367=(\337b1\202\353\203\300\373\004"
 111      EC6B 0347 
 111      04F7 3D28 
 111      DF62 3182 
 111      EB83 C0FB 
 112 0742 781F 03DF 		.ascii	"x\037\003\337i\317\257\f\002\267\006\201K\004\270\204\201\253"
 112      69CF AF0C 
 112      02B7 0681 
 112      4B04 B884 
 112      81AB 
 113 0754 CF35 9A8D 		.ascii	"\3175\232\215X\332aul\251\300\2262\354\236\357\232G\300\b\336"
 113      58DA 6175 
 113      6CA9 C096 
 113      32EC 9EEF 
 113      9A47 C008 
 114 0769 2D1B C165 		.ascii	"-\033\301e\002\\\306\300\2077V\215F\031\301\215A,\312\005\230"
 114      025C C6C0 
 114      8737 568D 
 114      4619 C18D 
 114      412C CA05 
 115 077e 8E3F F765 		.ascii	"\216?\367e\256\262\331\335\036\207\325\356\316\314t\273\254\231"
 115      AEB2 D9DD 
 115      1E87 D5EE 
 115      CECC 74BB 
 115      AC99 
 116 0790 4A7A 863D 		.ascii	"Jz\206=\325n\372\363_\3766\177\371\273\357J\246\254\f\227\357"
 116      D56E FAF3 
 116      5FFE 367F 
 116      F9BB EF4A 
 116      A6AC 0C97 
 117 07a5 AD25 36DF 		.ascii	"\255%6\3372k\226\327cu\272\355\212\323\272\334\341t*\036\253"
 117      326B 96D7 
 117      6375 BAED 
 117      8AD3 BADC 
 117      E174 2A1E 
 118 07ba B2C6 F39B 		.ascii	"\262\306\363\233t\273\375\017\313\254\313R\227\246\276Iuk\206"
 118      74BB FD0F 
 118      CBAC CB52 
 118      97A6 BE49 
 118      756B 86
 119 07cd CBEE CC   		.ascii	"\313\356\314"
 120 07d0 4A73 58BD 		.ascii	"JsX\275\27644L\375H\212q*\237:<6\257O\3619l\276\327_\216\247"
 120      BE34 344C 
 120      FD48 8A71 
 120      2A9F 3A3C 
 120      36AF 4FF1 
 121 07eb D87D 196E 		.ascii	"\330}\031n\227\215\201\020\035\316\342'\206`%\375$\315\361\241"
 121      978D 8110 
 121      1DCE E227 
 121      8660 25FD 
 121      24CD F1A1 
 122 07ff 92E5 F4D9 		.ascii	"\222\345\364\331\204S\207\3575\207\303\356v}\230\221n\3638\224"
 122      8453 87EF 
 122      3587 C3EE 
 122      767D 9891 
 122      6EF3 3894 
 123 0813 345B D07A 		.ascii	"4[\320z$\345\376\216\315\367\332\313\3564\033\f\230\020l\277"
 123      24E5 FE8E 
 123      CDF7 DACB 
 123      EE34 1B0C 
 123      9810 6CBF 
 124 0827 CAF1 69A6 		.ascii	"\312\361i\246\262:\376e\247+\263\322c\002s\031\256\f\237\216"
 124      B23A FE65 
 124      A72B B3D2 
 124      6302 7319 
 124      AE0C 9F8E 
 125 083b C8F0 DA1C 		.ascii	"\310\360\332\034.e\245\323\221\026n\373\243\333\355\2640\264"
 125      2E65 A5D3 
 125      9116 6EFB 
 125      A3DB EDB4 
 125      30B4 
 126 084d 8DAF 9A3C 		.ascii	"\215\257\232<\016\257\303\263\006\3272\335Y^\207\t\335\257t+"
 126      0EAF C3B3 
 126      06D7 32DD 
 126      595E 8709 
 126      DDAF 742B 
 127 0861 9EB4 884C 		.ascii	"\236\264\210L\305\347\311\370$\202[\376(]\346\002\311\021\217"
 127      C5E7 C9F8 
 127      2482 5BFE 
 127      285D E602 
 127      C911 8F
 128 0874 F271 ACD1 		.ascii	"\362q\254\321\237\315\027\303\031j\376i\206\213\337\266\371\302"
 128      9FCD 17C3 
 128      196A FE69 
 128      868B DFB6 
 128      F9C2 
 129 0886 5CAB 3CEE 		.ascii	"\\\253<\356D\357\307\270\262R\261\257\362:\025\357G\374\327j"
 129      44EF C7B8 
 129      B252 B1AF 
 129      F23A 15EF 
 129      47FC D76A 
 130 089a C5EE 8865 		.ascii	"\305\356\210e\013\351\036e\215\303\346\360\332#\\n[zV\006\237"
 130      0BE9 1E65 
 130      8DC3 E6F0 
 130      DA23 5C6E 
 130      5B7A 5606 
 131 08af F528 B85D 		.ascii	"\365(\270]\236\200\352\244\252\023\325x\273\262\332\213\307\275"
 131      9E80 EAA4 
 131      AA13 D578 
 131      BBB2 DA8B 
 131      C7BD 
 132 08c1 CAE6 73D3 		.ascii	"\312\346s\323h>\217\333\371S\006\021\212M\003\274\372\217,\305"
 132      683E 8FDB 
 132      F953 0611 
 132      8A4D 03BC 
 132      FA8F 2CC5 
 133 08d5 E5CB CAB4 		.ascii	"\345\313\312\264\"5\273;\315a\013ln\\\020Y\233\357\277\316\357"
 133      2235 BB3B 
 133      CD61 0B6C 
 133      6E5C 1059 
 133      9BEF BFCE 
 134 08ea 0C18      		.ascii	"\f\030"
 135               		.text
 136               		.section	.gnu.lto_.symtab.ecaa665c2449e84d,"",@progbits
 137 0000 6D61 6769 		.string	"magic"
 137      6300 
 138 0006 00        		.string	""
 139 0007 00        		.string	""
 140 0008 00        		.string	""
 141 0009 00        		.string	""
 142 000a 00        		.string	""
 143 000b 00        		.string	""
 144 000c 00        		.string	""
 145 000d 00        		.string	""
 146 000e 00        		.string	""
 147 000f 00        		.string	""
 148 0010 00        		.string	""
 149 0011 C200      		.string	"\302"
 150 0013 00        		.string	""
 151 0014 00        		.string	""
 152 0015 6B65 796D 		.string	"keymap_config"
 152      6170 5F63 
 152      6F6E 6669 
 152      6700 
 153 0023 00        		.string	""
 154 0024 04        		.ascii	"\004"
 155 0025 00        		.string	""
 156 0026 0200      		.string	"\002"
 157 0028 00        		.string	""
 158 0029 00        		.string	""
 159 002a 00        		.string	""
 160 002b 00        		.string	""
 161 002c 00        		.string	""
 162 002d 00        		.string	""
 163 002e 1F01 00   		.string	"\037\001"
 164 0031 00        		.string	""
 165 0032 6465 6275 		.string	"debug_config"
 165      675F 636F 
 165      6E66 6967 
 165      00
 166 003f 00        		.string	""
 167 0040 02        		.ascii	"\002"
 168 0041 00        		.string	""
 169 0042 00        		.string	""
 170 0043 00        		.string	""
 171 0044 00        		.string	""
 172 0045 00        		.string	""
 173 0046 00        		.string	""
 174 0047 00        		.string	""
 175 0048 00        		.string	""
 176 0049 00        		.string	""
 177 004a F900      		.string	"\371"
 178 004c 00        		.string	""
 179 004d 00        		.string	""
 180 004e 6465 6661 		.string	"default_layer_set"
 180      756C 745F 
 180      6C61 7965 
 180      725F 7365 
 180      7400 
 181 0060 00        		.string	""
 182 0061 02        		.ascii	"\002"
 183 0062 00        		.string	""
 184 0063 00        		.string	""
 185 0064 00        		.string	""
 186 0065 00        		.string	""
 187 0066 00        		.string	""
 188 0067 00        		.string	""
 189 0068 00        		.string	""
 190 0069 00        		.string	""
 191 006a 00        		.string	""
 192 006b C600      		.string	"\306"
 193 006d 00        		.string	""
 194 006e 00        		.string	""
 195 006f 6565 636F 		.string	"eeconfig_read_default_layer"
 195      6E66 6967 
 195      5F72 6561 
 195      645F 6465 
 195      6661 756C 
 196 008b 00        		.string	""
 197 008c 02        		.ascii	"\002"
 198 008d 00        		.string	""
 199 008e 00        		.string	""
 200 008f 00        		.string	""
 201 0090 00        		.string	""
 202 0091 00        		.string	""
 203 0092 00        		.string	""
 204 0093 00        		.string	""
 205 0094 00        		.string	""
 206 0095 00        		.string	""
 207 0096 CE00      		.string	"\316"
 208 0098 00        		.string	""
 209 0099 00        		.string	""
 210 009a 6565 636F 		.string	"eeconfig_read_keymap"
 210      6E66 6967 
 210      5F72 6561 
 210      645F 6B65 
 210      796D 6170 
 211 00af 00        		.string	""
 212 00b0 02        		.ascii	"\002"
 213 00b1 00        		.string	""
 214 00b2 00        		.string	""
 215 00b3 00        		.string	""
 216 00b4 00        		.string	""
 217 00b5 00        		.string	""
 218 00b6 00        		.string	""
 219 00b7 00        		.string	""
 220 00b8 00        		.string	""
 221 00b9 00        		.string	""
 222 00ba D000      		.string	"\320"
 223 00bc 00        		.string	""
 224 00bd 00        		.string	""
 225 00be 6565 636F 		.string	"eeconfig_read_debug"
 225      6E66 6967 
 225      5F72 6561 
 225      645F 6465 
 225      6275 6700 
 226 00d2 00        		.string	""
 227 00d3 02        		.ascii	"\002"
 228 00d4 00        		.string	""
 229 00d5 00        		.string	""
 230 00d6 00        		.string	""
 231 00d7 00        		.string	""
 232 00d8 00        		.string	""
 233 00d9 00        		.string	""
 234 00da 00        		.string	""
 235 00db 00        		.string	""
 236 00dc 00        		.string	""
 237 00dd D200      		.string	"\322"
 238 00df 00        		.string	""
 239 00e0 00        		.string	""
 240 00e1 6565 636F 		.string	"eeconfig_init"
 240      6E66 6967 
 240      5F69 6E69 
 240      7400 
 241 00ef 00        		.string	""
 242 00f0 02        		.ascii	"\002"
 243 00f1 00        		.string	""
 244 00f2 00        		.string	""
 245 00f3 00        		.string	""
 246 00f4 00        		.string	""
 247 00f5 00        		.string	""
 248 00f6 00        		.string	""
 249 00f7 00        		.string	""
 250 00f8 00        		.string	""
 251 00f9 00        		.string	""
 252 00fa D400      		.string	"\324"
 253 00fc 00        		.string	""
 254 00fd 00        		.string	""
 255 00fe 6565 636F 		.string	"eeconfig_is_enabled"
 255      6E66 6967 
 255      5F69 735F 
 255      656E 6162 
 255      6C65 6400 
 256 0112 00        		.string	""
 257 0113 02        		.ascii	"\002"
 258 0114 00        		.string	""
 259 0115 00        		.string	""
 260 0116 00        		.string	""
 261 0117 00        		.string	""
 262 0118 00        		.string	""
 263 0119 00        		.string	""
 264 011a 00        		.string	""
 265 011b 00        		.string	""
 266 011c 00        		.string	""
 267 011d DC00      		.string	"\334"
 268 011f 00        		.string	""
 269 0120 00        		.string	""
 270               		.text
 271               		.section	.gnu.lto_.opts,"",@progbits
 272 0000 272D 666D 		.ascii	"'-fmath-errno' '-fsigned-zeros' '-ftrapping-m"
 272      6174 682D 
 272      6572 726E 
 272      6F27 2027 
 272      2D66 7369 
 273 002d 6174 6827 		.string	"ath' '-fno-trapv' '-fno-openmp' '-fno-openacc' '-mn-flash=1' '-mno-skip-bug' '-mmcu=avr5'
 273      2027 2D66 
 273      6E6F 2D74 
 273      7261 7076 
 273      2720 272D 
 274               		.text
 275               		.comm	__gnu_lto_v1,1,1
 276               		.comm	__gnu_lto_slim,1,1
 277               		.ident	"GCC: (GNU) 7.4.0"
DEFINED SYMBOLS
                            *ABS*:0000000000000000 magic.c
/var/folders/7d/r_phv7rx6m99qllr_nm2m9c80000gn/T//cc0vHiMI.s:2      *ABS*:000000000000003e __SP_H__
/var/folders/7d/r_phv7rx6m99qllr_nm2m9c80000gn/T//cc0vHiMI.s:3      *ABS*:000000000000003d __SP_L__
/var/folders/7d/r_phv7rx6m99qllr_nm2m9c80000gn/T//cc0vHiMI.s:4      *ABS*:000000000000003f __SREG__
/var/folders/7d/r_phv7rx6m99qllr_nm2m9c80000gn/T//cc0vHiMI.s:5      *ABS*:0000000000000000 __tmp_reg__
/var/folders/7d/r_phv7rx6m99qllr_nm2m9c80000gn/T//cc0vHiMI.s:6      *ABS*:0000000000000001 __zero_reg__
                            *COM*:0000000000000001 __gnu_lto_v1
                            *COM*:0000000000000001 __gnu_lto_slim

NO UNDEFINED SYMBOLS
