   1               		.file	"print.c"
   2               	__SP_H__ = 0x3e
   3               	__SP_L__ = 0x3d
   4               	__SREG__ = 0x3f
   5               	__tmp_reg__ = 0
   6               	__zero_reg__ = 1
   7               		.file 1 "/usr/local/Cellar/avr-gcc/9.2.0/avr/include/stdint.h"
   8               		.file 2 "tmk_core/common/avr/xprintf.h"
   9               		.file 3 "tmk_core/common/print.c"
  10               		.section	.gnu.debuglto_.debug_info,"e",@progbits
  11               	.Ldebug_info0:
  12               		.hidden	print.c.1ffc5ffd
  13               		.weak	print.c.1ffc5ffd
  14               	print.c.1ffc5ffd:
  15 0000 BB00 0000 		.long	0xbb
  16 0004 0200      		.word	0x2
  17 0006 0000 0000 		.long	.Ldebug_abbrev0
  18 000a 04        		.byte	0x4
  19 000b 01        		.uleb128 0x1
  20 000c 0000 0000 		.long	.LASF9
  21 0010 0C        		.byte	0xc
  22 0011 0000 0000 		.long	.LASF10
  23 0015 0000 0000 		.long	.LASF11
  24 0019 0000 0000 		.long	.Ldebug_line0
  25 001d 02        		.uleb128 0x2
  26 001e 0000 0000 		.long	.LASF0
  27 0022 01        		.byte	0x1
  28 0023 7D        		.byte	0x7d
  29 0024 14        		.byte	0x14
  30 0025 2900 0000 		.long	0x29
  31 0029 03        		.uleb128 0x3
  32 002a 01        		.byte	0x1
  33 002b 06        		.byte	0x6
  34 002c 0000 0000 		.long	.LASF2
  35 0030 02        		.uleb128 0x2
  36 0031 0000 0000 		.long	.LASF1
  37 0035 01        		.byte	0x1
  38 0036 7E        		.byte	0x7e
  39 0037 16        		.byte	0x16
  40 0038 3C00 0000 		.long	0x3c
  41 003c 03        		.uleb128 0x3
  42 003d 01        		.byte	0x1
  43 003e 08        		.byte	0x8
  44 003f 0000 0000 		.long	.LASF3
  45 0043 04        		.uleb128 0x4
  46 0044 02        		.byte	0x2
  47 0045 05        		.byte	0x5
  48 0046 696E 7400 		.string	"int"
  49 004a 03        		.uleb128 0x3
  50 004b 02        		.byte	0x2
  51 004c 07        		.byte	0x7
  52 004d 0000 0000 		.long	.LASF4
  53 0051 03        		.uleb128 0x3
  54 0052 04        		.byte	0x4
  55 0053 05        		.byte	0x5
  56 0054 0000 0000 		.long	.LASF5
  57 0058 03        		.uleb128 0x3
  58 0059 04        		.byte	0x4
  59 005a 07        		.byte	0x7
  60 005b 0000 0000 		.long	.LASF6
  61 005f 03        		.uleb128 0x3
  62 0060 08        		.byte	0x8
  63 0061 05        		.byte	0x5
  64 0062 0000 0000 		.long	.LASF7
  65 0066 03        		.uleb128 0x3
  66 0067 08        		.byte	0x8
  67 0068 07        		.byte	0x7
  68 0069 0000 0000 		.long	.LASF8
  69 006d 05        		.uleb128 0x5
  70 006e 01        		.byte	0x1
  71 006f 7900 0000 		.long	0x79
  72 0073 06        		.uleb128 0x6
  73 0074 3000 0000 		.long	0x30
  74 0078 00        		.byte	0
  75 0079 07        		.uleb128 0x7
  76 007a 0000 0000 		.long	.LASF12
  77 007e 02        		.byte	0x2
  78 007f 0F        		.byte	0xf
  79 0080 0F        		.byte	0xf
  80 0081 8700 0000 		.long	0x87
  81 0085 01        		.byte	0x1
  82 0086 01        		.byte	0x1
  83 0087 08        		.uleb128 0x8
  84 0088 02        		.byte	0x2
  85 0089 6D00 0000 		.long	0x6d
  86 008d 09        		.uleb128 0x9
  87 008e 01        		.byte	0x1
  88 008f 0000 0000 		.long	.LASF13
  89 0093 03        		.byte	0x3
  90 0094 24        		.byte	0x24
  91 0095 06        		.byte	0x6
  92 0096 01        		.byte	0x1
  93 0097 A800 0000 		.long	0xa8
  94 009b 0A        		.uleb128 0xa
  95 009c 0000 0000 		.long	.LASF14
  96 00a0 03        		.byte	0x3
  97 00a1 24        		.byte	0x24
  98 00a2 22        		.byte	0x22
  99 00a3 B800 0000 		.long	0xb8
 100 00a7 00        		.byte	0
 101 00a8 0B        		.uleb128 0xb
 102 00a9 01        		.byte	0x1
 103 00aa 1D00 0000 		.long	0x1d
 104 00ae B800 0000 		.long	0xb8
 105 00b2 06        		.uleb128 0x6
 106 00b3 3000 0000 		.long	0x30
 107 00b7 00        		.byte	0
 108 00b8 08        		.uleb128 0x8
 109 00b9 02        		.byte	0x2
 110 00ba A800 0000 		.long	0xa8
 111 00be 00        		.byte	0
 112               		.section	.gnu.debuglto_.debug_abbrev,"e",@progbits
 113               	.Ldebug_abbrev0:
 114 0000 01        		.uleb128 0x1
 115 0001 11        		.uleb128 0x11
 116 0002 01        		.byte	0x1
 117 0003 25        		.uleb128 0x25
 118 0004 0E        		.uleb128 0xe
 119 0005 13        		.uleb128 0x13
 120 0006 0B        		.uleb128 0xb
 121 0007 03        		.uleb128 0x3
 122 0008 0E        		.uleb128 0xe
 123 0009 1B        		.uleb128 0x1b
 124 000a 0E        		.uleb128 0xe
 125 000b 10        		.uleb128 0x10
 126 000c 06        		.uleb128 0x6
 127 000d 00        		.byte	0
 128 000e 00        		.byte	0
 129 000f 02        		.uleb128 0x2
 130 0010 16        		.uleb128 0x16
 131 0011 00        		.byte	0
 132 0012 03        		.uleb128 0x3
 133 0013 0E        		.uleb128 0xe
 134 0014 3A        		.uleb128 0x3a
 135 0015 0B        		.uleb128 0xb
 136 0016 3B        		.uleb128 0x3b
 137 0017 0B        		.uleb128 0xb
 138 0018 39        		.uleb128 0x39
 139 0019 0B        		.uleb128 0xb
 140 001a 49        		.uleb128 0x49
 141 001b 13        		.uleb128 0x13
 142 001c 00        		.byte	0
 143 001d 00        		.byte	0
 144 001e 03        		.uleb128 0x3
 145 001f 24        		.uleb128 0x24
 146 0020 00        		.byte	0
 147 0021 0B        		.uleb128 0xb
 148 0022 0B        		.uleb128 0xb
 149 0023 3E        		.uleb128 0x3e
 150 0024 0B        		.uleb128 0xb
 151 0025 03        		.uleb128 0x3
 152 0026 0E        		.uleb128 0xe
 153 0027 00        		.byte	0
 154 0028 00        		.byte	0
 155 0029 04        		.uleb128 0x4
 156 002a 24        		.uleb128 0x24
 157 002b 00        		.byte	0
 158 002c 0B        		.uleb128 0xb
 159 002d 0B        		.uleb128 0xb
 160 002e 3E        		.uleb128 0x3e
 161 002f 0B        		.uleb128 0xb
 162 0030 03        		.uleb128 0x3
 163 0031 08        		.uleb128 0x8
 164 0032 00        		.byte	0
 165 0033 00        		.byte	0
 166 0034 05        		.uleb128 0x5
 167 0035 15        		.uleb128 0x15
 168 0036 01        		.byte	0x1
 169 0037 27        		.uleb128 0x27
 170 0038 0C        		.uleb128 0xc
 171 0039 01        		.uleb128 0x1
 172 003a 13        		.uleb128 0x13
 173 003b 00        		.byte	0
 174 003c 00        		.byte	0
 175 003d 06        		.uleb128 0x6
 176 003e 05        		.uleb128 0x5
 177 003f 00        		.byte	0
 178 0040 49        		.uleb128 0x49
 179 0041 13        		.uleb128 0x13
 180 0042 00        		.byte	0
 181 0043 00        		.byte	0
 182 0044 07        		.uleb128 0x7
 183 0045 34        		.uleb128 0x34
 184 0046 00        		.byte	0
 185 0047 03        		.uleb128 0x3
 186 0048 0E        		.uleb128 0xe
 187 0049 3A        		.uleb128 0x3a
 188 004a 0B        		.uleb128 0xb
 189 004b 3B        		.uleb128 0x3b
 190 004c 0B        		.uleb128 0xb
 191 004d 39        		.uleb128 0x39
 192 004e 0B        		.uleb128 0xb
 193 004f 49        		.uleb128 0x49
 194 0050 13        		.uleb128 0x13
 195 0051 3F        		.uleb128 0x3f
 196 0052 0C        		.uleb128 0xc
 197 0053 3C        		.uleb128 0x3c
 198 0054 0C        		.uleb128 0xc
 199 0055 00        		.byte	0
 200 0056 00        		.byte	0
 201 0057 08        		.uleb128 0x8
 202 0058 0F        		.uleb128 0xf
 203 0059 00        		.byte	0
 204 005a 0B        		.uleb128 0xb
 205 005b 0B        		.uleb128 0xb
 206 005c 49        		.uleb128 0x49
 207 005d 13        		.uleb128 0x13
 208 005e 00        		.byte	0
 209 005f 00        		.byte	0
 210 0060 09        		.uleb128 0x9
 211 0061 2E        		.uleb128 0x2e
 212 0062 01        		.byte	0x1
 213 0063 3F        		.uleb128 0x3f
 214 0064 0C        		.uleb128 0xc
 215 0065 03        		.uleb128 0x3
 216 0066 0E        		.uleb128 0xe
 217 0067 3A        		.uleb128 0x3a
 218 0068 0B        		.uleb128 0xb
 219 0069 3B        		.uleb128 0x3b
 220 006a 0B        		.uleb128 0xb
 221 006b 39        		.uleb128 0x39
 222 006c 0B        		.uleb128 0xb
 223 006d 27        		.uleb128 0x27
 224 006e 0C        		.uleb128 0xc
 225 006f 01        		.uleb128 0x1
 226 0070 13        		.uleb128 0x13
 227 0071 00        		.byte	0
 228 0072 00        		.byte	0
 229 0073 0A        		.uleb128 0xa
 230 0074 05        		.uleb128 0x5
 231 0075 00        		.byte	0
 232 0076 03        		.uleb128 0x3
 233 0077 0E        		.uleb128 0xe
 234 0078 3A        		.uleb128 0x3a
 235 0079 0B        		.uleb128 0xb
 236 007a 3B        		.uleb128 0x3b
 237 007b 0B        		.uleb128 0xb
 238 007c 39        		.uleb128 0x39
 239 007d 0B        		.uleb128 0xb
 240 007e 49        		.uleb128 0x49
 241 007f 13        		.uleb128 0x13
 242 0080 00        		.byte	0
 243 0081 00        		.byte	0
 244 0082 0B        		.uleb128 0xb
 245 0083 15        		.uleb128 0x15
 246 0084 01        		.byte	0x1
 247 0085 27        		.uleb128 0x27
 248 0086 0C        		.uleb128 0xc
 249 0087 49        		.uleb128 0x49
 250 0088 13        		.uleb128 0x13
 251 0089 01        		.uleb128 0x1
 252 008a 13        		.uleb128 0x13
 253 008b 00        		.byte	0
 254 008c 00        		.byte	0
 255 008d 00        		.byte	0
 256               		.section	.gnu.debuglto_.debug_line,"e",@progbits
 257               	.Ldebug_line0:
 258 0000 8D00 0000 		.long	.LELT0-.LSLT0
 259               	.LSLT0:
 260 0004 0200      		.word	0x2
 261 0006 8700 0000 		.long	.LELTP0-.LASLTP0
 262               	.LASLTP0:
 263 000a 01        		.byte	0x1
 264 000b 01        		.byte	0x1
 265 000c F6        		.byte	0xf6
 266 000d F2        		.byte	0xf2
 267 000e 0D        		.byte	0xd
 268 000f 00        		.byte	0
 269 0010 01        		.byte	0x1
 270 0011 01        		.byte	0x1
 271 0012 01        		.byte	0x1
 272 0013 01        		.byte	0x1
 273 0014 00        		.byte	0
 274 0015 00        		.byte	0
 275 0016 00        		.byte	0
 276 0017 01        		.byte	0x1
 277 0018 00        		.byte	0
 278 0019 00        		.byte	0
 279 001a 01        		.byte	0x1
 280 001b 746D 6B5F 		.ascii	"tmk_core/common/avr"
 280      636F 7265 
 280      2F63 6F6D 
 280      6D6F 6E2F 
 280      6176 72
 281 002e 00        		.byte	0
 282 002f 746D 6B5F 		.ascii	"tmk_core/common"
 282      636F 7265 
 282      2F63 6F6D 
 282      6D6F 6E
 283 003e 00        		.byte	0
 284 003f 2F75 7372 		.ascii	"/usr/local/Cellar/avr-gcc/9.2.0/avr/include"
 284      2F6C 6F63 
 284      616C 2F43 
 284      656C 6C61 
 284      722F 6176 
 285 006a 00        		.byte	0
 286 006b 00        		.byte	0
 287 006c 7374 6469 		.string	"stdint.h"
 287      6E74 2E68 
 287      00
 288 0075 03        		.uleb128 0x3
 289 0076 00        		.uleb128 0
 290 0077 00        		.uleb128 0
 291 0078 7870 7269 		.string	"xprintf.h"
 291      6E74 662E 
 291      6800 
 292 0082 01        		.uleb128 0x1
 293 0083 00        		.uleb128 0
 294 0084 00        		.uleb128 0
 295 0085 7072 696E 		.string	"print.c"
 295      742E 6300 
 296 008d 02        		.uleb128 0x2
 297 008e 00        		.uleb128 0
 298 008f 00        		.uleb128 0
 299 0090 00        		.byte	0
 300               	.LELTP0:
 301               	.LELT0:
 302               		.section	.gnu.debuglto_.debug_str,"eMS",@progbits,1
 303               	.LASF14:
 304 0000 7365 6E64 		.string	"sendchar_func"
 304      6368 6172 
 304      5F66 756E 
 304      6300 
 305               	.LASF1:
 306 000e 7569 6E74 		.string	"uint8_t"
 306      385F 7400 
 307               	.LASF0:
 308 0016 696E 7438 		.string	"int8_t"
 308      5F74 00
 309               	.LASF3:
 310 001d 756E 7369 		.string	"unsigned char"
 310      676E 6564 
 310      2063 6861 
 310      7200 
 311               	.LASF6:
 312 002b 6C6F 6E67 		.string	"long unsigned int"
 312      2075 6E73 
 312      6967 6E65 
 312      6420 696E 
 312      7400 
 313               	.LASF12:
 314 003d 7866 756E 		.string	"xfunc_out"
 314      635F 6F75 
 314      7400 
 315               	.LASF10:
 316 0047 746D 6B5F 		.string	"tmk_core/common/print.c"
 316      636F 7265 
 316      2F63 6F6D 
 316      6D6F 6E2F 
 316      7072 696E 
 317               	.LASF4:
 318 005f 756E 7369 		.string	"unsigned int"
 318      676E 6564 
 318      2069 6E74 
 318      00
 319               	.LASF8:
 320 006c 6C6F 6E67 		.string	"long long unsigned int"
 320      206C 6F6E 
 320      6720 756E 
 320      7369 676E 
 320      6564 2069 
 321               	.LASF9:
 322 0083 474E 5520 		.string	"GNU C99 9.2.0 -mn-flash=1 -mno-skip-bug -mmcu=avr5 -gdwarf-2 -Os -std=gnu99 -funsigned-ch
 322      4339 3920 
 322      392E 322E 
 322      3020 2D6D 
 322      6E2D 666C 
 323               	.LASF7:
 324 016b 6C6F 6E67 		.string	"long long int"
 324      206C 6F6E 
 324      6720 696E 
 324      7400 
 325               	.LASF11:
 326 0179 2F55 7365 		.string	"/Users/tars/Desktop/keyboards"
 326      7273 2F74 
 326      6172 732F 
 326      4465 736B 
 326      746F 702F 
 327               	.LASF5:
 328 0197 6C6F 6E67 		.string	"long int"
 328      2069 6E74 
 328      00
 329               	.LASF2:
 330 01a0 7369 676E 		.string	"signed char"
 330      6564 2063 
 330      6861 7200 
 331               	.LASF13:
 332 01ac 7072 696E 		.string	"print_set_sendchar"
 332      745F 7365 
 332      745F 7365 
 332      6E64 6368 
 332      6172 00
 333               		.text
 334               		.section	.gnu.lto_.profile.dd45baa13e79f8fc,"e",@progbits
 335 0000 789C E360 		.string	"x\234\343``\004B "
 335      6004 4220 
 335      00
 336 0009 00        		.string	""
 337 000a 00        		.string	""
 338 000b 5D00      		.string	"]"
 339 000d 0B        		.ascii	"\013"
 340               		.text
 341               		.section	.gnu.lto_.icf.dd45baa13e79f8fc,"e",@progbits
 342 0000 789C E360 		.string	"x\234\343``d\340`@"
 342      6064 E060 
 342      4000 
 343 000a 4686 79F3 		.string	"F\206y\363\016\317\344g"
 343      0ECF E467 
 343      00
 344 0013 00        		.string	""
 345 0014 0D55 02BA 		.ascii	"\rU\002\272"
 346               		.text
 347               		.section	.gnu.lto_.jmpfuncs.dd45baa13e79f8fc,"e",@progbits
 348 0000 789C E360 		.string	"x\234\343``d\340b@"
 348      6064 E062 
 348      4000 
 349 000a 4606 4646 		.string	"F\006FF\306\372\371\314\f\f"
 349      C6FA F9CC 
 349      0C0C 00
 350 0015 06FD 0139 		.ascii	"\006\375\0019"
 351               		.text
 352               		.section	.gnu.lto_.inline.dd45baa13e79f8fc,"e",@progbits
 353 0000 789C E360 		.string	"x\234\343``dPe@"
 353      6064 5065 
 353      4000 
 354 000a 4606 0696 		.string	"F\006\006\226\006 `Nad`b\002\261\230\222\031\030\330\300\214\024&\006&\260\""
 354      0620 604E 
 354      6164 6062 
 354      02B1 9892 
 354      1918 D8C0 
 355 0026 A3C0 0775 		.ascii	"\243\300\007u"
 356               		.text
 357               		.section	.gnu.lto_.pureconst.dd45baa13e79f8fc,"e",@progbits
 358 0000 789C E360 		.string	"x\234\343``d`a`"
 358      6064 6061 
 358      6000 
 359 000a 9233 5800 		.string	"\2223X"
 360 000e 01CE 00   		.string	"\001\316"
 361 0011 AB        		.ascii	"\253"
 362               		.text
 363               		.section	.gnu.lto_print_set_sendchar.dd45baa13e79f8fc,"e",@progbits
 364 0000 789C 454F 		.string	"x\234EO=H\202Q\024\275\347=\255\317H(j(\244YlH\032Z\232\332[\333%>\373(B\r\263\331\347\22
 364      3D48 8251 
 364      14BD E73D 
 364      ADCF 4828 
 364      6A28 A459 
 365 009d 316E 3DBF 		.ascii	"1n=\277_t\006\017\224\262\225\3630\241:\213R\342\002\2227\342"
 365      5F74 060F 
 365      94B2 95F3 
 365      30A1 3A8B 
 365      52E2 0292 
 366 00b3 1C01 9411 		.ascii	"\034\001\224\021 b-\264\003\302%\202\244g\336N\2766\374m\236"
 366      2062 2DB4 
 366      03C2 2582 
 366      A467 DE4E 
 366      BE36 FC6D 
 367 00c8 BFB3 A8A0 		.ascii	"\277\263\250\240\215\203\020\035\337{\035\365\365\235SN\263\267"
 367      8D83 101D 
 367      DF7B 1DF5 
 367      F59D 534E 
 367      B3B7 
 368 00da D1E3 E104 		.ascii	"\321\343\341\004\356\300\262$\355\327\003\345\020\255H\361K2"
 368      EEC0 B224 
 368      EDD7 03E5 
 368      10AD 48F1 
 368      4B32 
 369 00ec 4CEA 50FB 		.ascii	"L\352P\373\345Aw\276\001{\333\247\021\257_]\374x5\264[\217\353"
 369      E541 77BE 
 369      017B DBA7 
 369      11AF 5F5D 
 369      FC78 35B4 
 370 0103 B070 74F7 		.ascii	"\260pt\367\355\313\302\316\030\254\224\364I\026\237^nj8@\211"
 370      EDCB C2CE 
 370      18AC 94F4 
 370      4916 9F5E 
 370      6E6A 3840 
 371 0118 E37B 7185 		.ascii	"\343{q\205,\340h\247\250\262X\220\202\232\260w+\035\356j]\313"
 371      2CE0 68A7 
 371      A8B2 5890 
 371      829A B077 
 371      2B1D EE6A 
 372 012e 12FF 1E88 		.ascii	"\022\377\036\210\372R\261\331\210\231HN\205\315D,\226\210\207"
 372      FA52 B1D9 
 372      8899 484E 
 372      85CD 442C 
 372      9688 87
 373 0141 E792 33F1 		.ascii	"\347\2223\361\324\220I\376\371\251x\324\234\236LF\254\205\270"
 373      D490 49FE 
 373      F9A9 78D4 
 373      9C9E 4C46 
 373      AC85 B8
 374 0154 D9FD 270F 		.ascii	"\331\375'\017\r[\2269bYQ\372\001{\244}\307"
 374      0D5B 9639 
 374      6259 51FA 
 374      017B A47D 
 374      C7
 375               		.text
 376               		.section	.gnu.lto_.symbol_nodes.dd45baa13e79f8fc,"e",@progbits
 377 0000 789C E360 		.string	"x\234\343``dPf"
 377      6064 5066 
 377      00
 378 0009 0226 C67A 		.string	"\002&\306z\206\006 `a\234p\216\201\241\236\201aW\203#P\016\bX\231\030\024@4"
 378      8606 2060 
 378      619C 708E 
 378      81A1 9E81 
 378      6157 8323 
 379 0027 93C1 0634 		.ascii	"\223\301\0064"
 380               		.text
 381               		.section	.gnu.lto_.refs.dd45baa13e79f8fc,"e",@progbits
 382 0000 789C E360 		.string	"x\234\343``d`c`"
 382      6064 6063 
 382      6000 
 383 000a 928C 8C4C 		.string	"\222\214\214L\f"
 383      0C00 
 384 0010 00        		.string	""
 385 0011 D700      		.string	"\327"
 386 0013 15        		.ascii	"\025"
 387               		.text
 388               		.section	.gnu.lto_.decls.dd45baa13e79f8fc,"e",@progbits
 389 0000 789C 8552 		.ascii	"x\234\205R[HTQ\024=\353\336i\034G\r\023i\204\211\b\305_\307\b"
 389      5B48 5451 
 389      143D EBDE 
 389      691C 470D 
 389      1369 8489 
 390 0019 21A3 BE2A 		.ascii	"!\243\276*\372\353\257\357AF\207\211pF\246\231\260\257\216\006"
 390      FAEB AFEF 
 390      4146 8789 
 390      7046 A699 
 390      B0AF 8E06 
 391 002d 12        		.ascii	"\022"
 392 002e 8522 98F4 		.string	"\205\"\230\364$\025!\214(\362#\213\264\272\371~\244\215\332C\312h\224\036\030\250(\365a\0
 392      2415 218C 
 392      28F2 238B 
 392      B4BA F97E 
 392      A48D DA43 
 393 012f 516E 90CA 		.string	"Qn\220\312\r\250r\277\3266\036:]\255\222\316y.0LUU\004\303\b\\\f\375\260\251\327k\236\036
 393      0DA8 72BF 
 393      D636 1E3A 
 393      5DAD 92CE 
 393      792E 304C 
 394 0179 2045 6148 		.ascii	" EaHHZS\3124\301\2441\353\236\344)\217feU10\323\223$\254\243"
 394      485A 53CA 
 394      34C1 A431 
 394      EB9E E429 
 394      8F66 6555 
 395 0194 D25B 94CD 		.ascii	"\322[\224\315\244\002ii]\2319\204O\023\237\224\024\260B\255\f"
 395      A402 6969 
 395      5D99 3984 
 395      4F13 9F94 
 395      14B0 42AD 
 396 01a9 69CE CDCC 		.ascii	"i\316\315\314I\225\354\312\372u\261"
 396      4995 ECCA 
 396      FA75 B1
 397 01b4 5D7F 173F 		.string	"]\177\027?\347\350\307\344\214>\316?i\336)gL\257e\316\270{\246{\311\221:\210\300\356\344\
 397      E7E8 C7E4 
 397      8C3E CE3F 
 397      69DE 2967 
 397      4CAF 65CE 
 398 02b5 FB07 1411 		.ascii	"\373\007\024\0215\347"
 398      35E7 
 399               		.text
 400               		.section	.gnu.lto_.symtab.dd45baa13e79f8fc,"e",@progbits
 401 0000 7072 696E 		.string	"print_set_sendchar"
 401      745F 7365 
 401      745F 7365 
 401      6E64 6368 
 401      6172 00
 402 0013 00        		.string	""
 403 0014 00        		.string	""
 404 0015 00        		.string	""
 405 0016 00        		.string	""
 406 0017 00        		.string	""
 407 0018 00        		.string	""
 408 0019 00        		.string	""
 409 001a 00        		.string	""
 410 001b 00        		.string	""
 411 001c 00        		.string	""
 412 001d 00        		.string	""
 413 001e CD00      		.string	"\315"
 414 0020 00        		.string	""
 415 0021 00        		.string	""
 416 0022 7866 756E 		.string	"xfunc_out"
 416      635F 6F75 
 416      7400 
 417 002c 00        		.string	""
 418 002d 02        		.ascii	"\002"
 419 002e 00        		.string	""
 420 002f 00        		.string	""
 421 0030 00        		.string	""
 422 0031 00        		.string	""
 423 0032 00        		.string	""
 424 0033 00        		.string	""
 425 0034 00        		.string	""
 426 0035 00        		.string	""
 427 0036 00        		.string	""
 428 0037 D200      		.string	"\322"
 429 0039 00        		.string	""
 430 003a 00        		.string	""
 431               		.text
 432               		.section	.gnu.lto_.opts,"e",@progbits
 433 0000 272D 666E 		.string	"'-fno-openmp' '-fno-openacc' '-fno-pie' '-mn-flash=1' '-mno-skip-bug' '-mmcu=avr5' '-Os' 
 433      6F2D 6F70 
 433      656E 6D70 
 433      2720 272D 
 433      666E 6F2D 
 434               		.text
 435               		.comm	__gnu_lto_v1,1,1
 436               		.comm	__gnu_lto_slim,1,1
 437               		.ident	"GCC: (GNU) 9.2.0"
DEFINED SYMBOLS
                            *ABS*:0000000000000000 print.c
/var/folders/xx/3qcqnrxj7md526g3lvyld9680000gn/T//ccpDPHCG.s:2      *ABS*:000000000000003e __SP_H__
/var/folders/xx/3qcqnrxj7md526g3lvyld9680000gn/T//ccpDPHCG.s:3      *ABS*:000000000000003d __SP_L__
/var/folders/xx/3qcqnrxj7md526g3lvyld9680000gn/T//ccpDPHCG.s:4      *ABS*:000000000000003f __SREG__
/var/folders/xx/3qcqnrxj7md526g3lvyld9680000gn/T//ccpDPHCG.s:5      *ABS*:0000000000000000 __tmp_reg__
/var/folders/xx/3qcqnrxj7md526g3lvyld9680000gn/T//ccpDPHCG.s:6      *ABS*:0000000000000001 __zero_reg__
/var/folders/xx/3qcqnrxj7md526g3lvyld9680000gn/T//ccpDPHCG.s:14     .gnu.debuglto_.debug_info:0000000000000000 print.c.1ffc5ffd
                            *COM*:0000000000000001 __gnu_lto_v1
                            *COM*:0000000000000001 __gnu_lto_slim

NO UNDEFINED SYMBOLS
