   1               		.file	"report.c"
   2               	__SP_H__ = 0x3e
   3               	__SP_L__ = 0x3d
   4               	__SREG__ = 0x3f
   5               	__tmp_reg__ = 0
   6               	__zero_reg__ = 1
   7               		.file 1 "/usr/local/Cellar/avr-gcc/9.2.0/avr/include/stdint.h"
   8               		.file 2 "tmk_core/common/report.h"
   9               		.file 3 "tmk_core/common/host.h"
  10               		.file 4 "quantum/keycode_config.h"
  11               		.file 5 "tmk_core/common/avr/xprintf.h"
  12               		.file 6 "tmk_core/common/debug.h"
  13               		.file 7 "tmk_core/common/report.c"
  14               		.section	.gnu.debuglto_.debug_info,"e",@progbits
  15               	.Ldebug_info0:
  16               		.hidden	report.c.eecf9e11
  17               		.weak	report.c.eecf9e11
  18               	report.c.eecf9e11:
  19 0000 E303 0000 		.long	0x3e3
  20 0004 0200      		.word	0x2
  21 0006 0000 0000 		.long	.Ldebug_abbrev0
  22 000a 04        		.byte	0x4
  23 000b 01        		.uleb128 0x1
  24 000c 0000 0000 		.long	.LASF44
  25 0010 0C        		.byte	0xc
  26 0011 0000 0000 		.long	.LASF45
  27 0015 0000 0000 		.long	.LASF46
  28 0019 0000 0000 		.long	.Ldebug_line0
  29 001d 02        		.uleb128 0x2
  30 001e 0000 0000 		.long	.LASF0
  31 0022 01        		.byte	0x1
  32 0023 7D        		.byte	0x7d
  33 0024 14        		.byte	0x14
  34 0025 2900 0000 		.long	0x29
  35 0029 03        		.uleb128 0x3
  36 002a 01        		.byte	0x1
  37 002b 06        		.byte	0x6
  38 002c 0000 0000 		.long	.LASF2
  39 0030 02        		.uleb128 0x2
  40 0031 0000 0000 		.long	.LASF1
  41 0035 01        		.byte	0x1
  42 0036 7E        		.byte	0x7e
  43 0037 16        		.byte	0x16
  44 0038 3C00 0000 		.long	0x3c
  45 003c 03        		.uleb128 0x3
  46 003d 01        		.byte	0x1
  47 003e 08        		.byte	0x8
  48 003f 0000 0000 		.long	.LASF3
  49 0043 04        		.uleb128 0x4
  50 0044 02        		.byte	0x2
  51 0045 05        		.byte	0x5
  52 0046 696E 7400 		.string	"int"
  53 004a 02        		.uleb128 0x2
  54 004b 0000 0000 		.long	.LASF4
  55 004f 01        		.byte	0x1
  56 0050 80        		.byte	0x80
  57 0051 16        		.byte	0x16
  58 0052 5600 0000 		.long	0x56
  59 0056 03        		.uleb128 0x3
  60 0057 02        		.byte	0x2
  61 0058 07        		.byte	0x7
  62 0059 0000 0000 		.long	.LASF5
  63 005d 03        		.uleb128 0x3
  64 005e 04        		.byte	0x4
  65 005f 05        		.byte	0x5
  66 0060 0000 0000 		.long	.LASF6
  67 0064 03        		.uleb128 0x3
  68 0065 04        		.byte	0x4
  69 0066 07        		.byte	0x7
  70 0067 0000 0000 		.long	.LASF7
  71 006b 03        		.uleb128 0x3
  72 006c 08        		.byte	0x8
  73 006d 05        		.byte	0x5
  74 006e 0000 0000 		.long	.LASF8
  75 0072 03        		.uleb128 0x3
  76 0073 08        		.byte	0x8
  77 0074 07        		.byte	0x7
  78 0075 0000 0000 		.long	.LASF9
  79 0079 05        		.uleb128 0x5
  80 007a 08        		.byte	0x8
  81 007b 02        		.byte	0x2
  82 007c 88        		.byte	0x88
  83 007d 05        		.byte	0x5
  84 007e B000 0000 		.long	0xb0
  85 0082 06        		.uleb128 0x6
  86 0083 0000 0000 		.long	.LASF10
  87 0087 02        		.byte	0x2
  88 0088 8C        		.byte	0x8c
  89 0089 11        		.byte	0x11
  90 008a 3000 0000 		.long	0x30
  91 008e 02        		.byte	0x2
  92 008f 23        		.byte	0x23
  93 0090 00        		.uleb128 0
  94 0091 06        		.uleb128 0x6
  95 0092 0000 0000 		.long	.LASF11
  96 0096 02        		.byte	0x2
  97 0097 8D        		.byte	0x8d
  98 0098 11        		.byte	0x11
  99 0099 3000 0000 		.long	0x30
 100 009d 02        		.byte	0x2
 101 009e 23        		.byte	0x23
 102 009f 01        		.uleb128 0x1
 103 00a0 06        		.uleb128 0x6
 104 00a1 0000 0000 		.long	.LASF12
 105 00a5 02        		.byte	0x2
 106 00a6 8E        		.byte	0x8e
 107 00a7 11        		.byte	0x11
 108 00a8 B000 0000 		.long	0xb0
 109 00ac 02        		.byte	0x2
 110 00ad 23        		.byte	0x23
 111 00ae 02        		.uleb128 0x2
 112 00af 00        		.byte	0
 113 00b0 07        		.uleb128 0x7
 114 00b1 3000 0000 		.long	0x30
 115 00b5 C000 0000 		.long	0xc0
 116 00b9 08        		.uleb128 0x8
 117 00ba 5600 0000 		.long	0x56
 118 00be 05        		.byte	0x5
 119 00bf 00        		.byte	0
 120 00c0 09        		.uleb128 0x9
 121 00c1 08        		.byte	0x8
 122 00c2 02        		.byte	0x2
 123 00c3 86        		.byte	0x86
 124 00c4 09        		.byte	0x9
 125 00c5 DB00 0000 		.long	0xdb
 126 00c9 0A        		.uleb128 0xa
 127 00ca 7261 7700 		.string	"raw"
 128 00ce 02        		.byte	0x2
 129 00cf 87        		.byte	0x87
 130 00d0 0D        		.byte	0xd
 131 00d1 DB00 0000 		.long	0xdb
 132 00d5 0B        		.uleb128 0xb
 133 00d6 7900 0000 		.long	0x79
 134 00da 00        		.byte	0
 135 00db 07        		.uleb128 0x7
 136 00dc 3000 0000 		.long	0x30
 137 00e0 EB00 0000 		.long	0xeb
 138 00e4 08        		.uleb128 0x8
 139 00e5 5600 0000 		.long	0x56
 140 00e9 07        		.byte	0x7
 141 00ea 00        		.byte	0
 142 00eb 02        		.uleb128 0x2
 143 00ec 0000 0000 		.long	.LASF13
 144 00f0 02        		.byte	0x2
 145 00f1 99        		.byte	0x99
 146 00f2 1C        		.byte	0x1c
 147 00f3 C000 0000 		.long	0xc0
 148 00f7 0C        		.uleb128 0xc
 149 00f8 02        		.byte	0x2
 150 00f9 EB00 0000 		.long	0xeb
 151 00fd 0D        		.uleb128 0xd
 152 00fe 0000 0000 		.long	.LASF14
 153 0102 03        		.byte	0x3
 154 0103 23        		.byte	0x23
 155 0104 10        		.byte	0x10
 156 0105 3000 0000 		.long	0x30
 157 0109 01        		.byte	0x1
 158 010a 01        		.byte	0x1
 159 010b 0D        		.uleb128 0xd
 160 010c 0000 0000 		.long	.LASF15
 161 0110 03        		.byte	0x3
 162 0111 24        		.byte	0x24
 163 0112 10        		.byte	0x10
 164 0113 3000 0000 		.long	0x30
 165 0117 01        		.byte	0x1
 166 0118 01        		.byte	0x1
 167 0119 05        		.uleb128 0x5
 168 011a 01        		.byte	0x1
 169 011b 04        		.byte	0x4
 170 011c 1E        		.byte	0x1e
 171 011d 05        		.byte	0x5
 172 011e B301 0000 		.long	0x1b3
 173 0122 0E        		.uleb128 0xe
 174 0123 0000 0000 		.long	.LASF16
 175 0127 04        		.byte	0x4
 176 0128 1F        		.byte	0x1f
 177 0129 0E        		.byte	0xe
 178 012a B301 0000 		.long	0x1b3
 179 012e 01        		.byte	0x1
 180 012f 01        		.byte	0x1
 181 0130 07        		.byte	0x7
 182 0131 02        		.byte	0x2
 183 0132 23        		.byte	0x23
 184 0133 00        		.uleb128 0
 185 0134 0E        		.uleb128 0xe
 186 0135 0000 0000 		.long	.LASF17
 187 0139 04        		.byte	0x4
 188 013a 20        		.byte	0x20
 189 013b 0E        		.byte	0xe
 190 013c B301 0000 		.long	0x1b3
 191 0140 01        		.byte	0x1
 192 0141 01        		.byte	0x1
 193 0142 06        		.byte	0x6
 194 0143 02        		.byte	0x2
 195 0144 23        		.byte	0x23
 196 0145 00        		.uleb128 0
 197 0146 0E        		.uleb128 0xe
 198 0147 0000 0000 		.long	.LASF18
 199 014b 04        		.byte	0x4
 200 014c 21        		.byte	0x21
 201 014d 0E        		.byte	0xe
 202 014e B301 0000 		.long	0x1b3
 203 0152 01        		.byte	0x1
 204 0153 01        		.byte	0x1
 205 0154 05        		.byte	0x5
 206 0155 02        		.byte	0x2
 207 0156 23        		.byte	0x23
 208 0157 00        		.uleb128 0
 209 0158 0E        		.uleb128 0xe
 210 0159 0000 0000 		.long	.LASF19
 211 015d 04        		.byte	0x4
 212 015e 22        		.byte	0x22
 213 015f 0E        		.byte	0xe
 214 0160 B301 0000 		.long	0x1b3
 215 0164 01        		.byte	0x1
 216 0165 01        		.byte	0x1
 217 0166 04        		.byte	0x4
 218 0167 02        		.byte	0x2
 219 0168 23        		.byte	0x23
 220 0169 00        		.uleb128 0
 221 016a 0E        		.uleb128 0xe
 222 016b 0000 0000 		.long	.LASF20
 223 016f 04        		.byte	0x4
 224 0170 23        		.byte	0x23
 225 0171 0E        		.byte	0xe
 226 0172 B301 0000 		.long	0x1b3
 227 0176 01        		.byte	0x1
 228 0177 01        		.byte	0x1
 229 0178 03        		.byte	0x3
 230 0179 02        		.byte	0x2
 231 017a 23        		.byte	0x23
 232 017b 00        		.uleb128 0
 233 017c 0E        		.uleb128 0xe
 234 017d 0000 0000 		.long	.LASF21
 235 0181 04        		.byte	0x4
 236 0182 24        		.byte	0x24
 237 0183 0E        		.byte	0xe
 238 0184 B301 0000 		.long	0x1b3
 239 0188 01        		.byte	0x1
 240 0189 01        		.byte	0x1
 241 018a 02        		.byte	0x2
 242 018b 02        		.byte	0x2
 243 018c 23        		.byte	0x23
 244 018d 00        		.uleb128 0
 245 018e 0E        		.uleb128 0xe
 246 018f 0000 0000 		.long	.LASF22
 247 0193 04        		.byte	0x4
 248 0194 25        		.byte	0x25
 249 0195 0E        		.byte	0xe
 250 0196 B301 0000 		.long	0x1b3
 251 019a 01        		.byte	0x1
 252 019b 01        		.byte	0x1
 253 019c 01        		.byte	0x1
 254 019d 02        		.byte	0x2
 255 019e 23        		.byte	0x23
 256 019f 00        		.uleb128 0
 257 01a0 0E        		.uleb128 0xe
 258 01a1 0000 0000 		.long	.LASF23
 259 01a5 04        		.byte	0x4
 260 01a6 26        		.byte	0x26
 261 01a7 0E        		.byte	0xe
 262 01a8 B301 0000 		.long	0x1b3
 263 01ac 01        		.byte	0x1
 264 01ad 01        		.byte	0x1
 265 01ae 00        		.byte	0
 266 01af 02        		.byte	0x2
 267 01b0 23        		.byte	0x23
 268 01b1 00        		.uleb128 0
 269 01b2 00        		.byte	0
 270 01b3 03        		.uleb128 0x3
 271 01b4 01        		.byte	0x1
 272 01b5 02        		.byte	0x2
 273 01b6 0000 0000 		.long	.LASF24
 274 01ba 09        		.uleb128 0x9
 275 01bb 02        		.byte	0x2
 276 01bc 04        		.byte	0x4
 277 01bd 1C        		.byte	0x1c
 278 01be 09        		.byte	0x9
 279 01bf D501 0000 		.long	0x1d5
 280 01c3 0A        		.uleb128 0xa
 281 01c4 7261 7700 		.string	"raw"
 282 01c8 04        		.byte	0x4
 283 01c9 1D        		.byte	0x1d
 284 01ca 0E        		.byte	0xe
 285 01cb 4A00 0000 		.long	0x4a
 286 01cf 0B        		.uleb128 0xb
 287 01d0 1901 0000 		.long	0x119
 288 01d4 00        		.byte	0
 289 01d5 02        		.uleb128 0x2
 290 01d6 0000 0000 		.long	.LASF25
 291 01da 04        		.byte	0x4
 292 01db 28        		.byte	0x28
 293 01dc 03        		.byte	0x3
 294 01dd BA01 0000 		.long	0x1ba
 295 01e1 0D        		.uleb128 0xd
 296 01e2 0000 0000 		.long	.LASF26
 297 01e6 04        		.byte	0x4
 298 01e7 2A        		.byte	0x2a
 299 01e8 18        		.byte	0x18
 300 01e9 D501 0000 		.long	0x1d5
 301 01ed 01        		.byte	0x1
 302 01ee 01        		.byte	0x1
 303 01ef 0F        		.uleb128 0xf
 304 01f0 01        		.byte	0x1
 305 01f1 FB01 0000 		.long	0x1fb
 306 01f5 10        		.uleb128 0x10
 307 01f6 3000 0000 		.long	0x30
 308 01fa 00        		.byte	0
 309 01fb 0D        		.uleb128 0xd
 310 01fc 0000 0000 		.long	.LASF27
 311 0200 05        		.byte	0x5
 312 0201 0F        		.byte	0xf
 313 0202 0F        		.byte	0xf
 314 0203 0902 0000 		.long	0x209
 315 0207 01        		.byte	0x1
 316 0208 01        		.byte	0x1
 317 0209 0C        		.uleb128 0xc
 318 020a 02        		.byte	0x2
 319 020b EF01 0000 		.long	0x1ef
 320 020f 05        		.uleb128 0x5
 321 0210 01        		.byte	0x1
 322 0211 06        		.byte	0x6
 323 0212 21        		.byte	0x21
 324 0213 05        		.byte	0x5
 325 0214 7302 0000 		.long	0x273
 326 0218 0E        		.uleb128 0xe
 327 0219 0000 0000 		.long	.LASF28
 328 021d 06        		.byte	0x6
 329 021e 22        		.byte	0x22
 330 021f 0E        		.byte	0xe
 331 0220 B301 0000 		.long	0x1b3
 332 0224 01        		.byte	0x1
 333 0225 01        		.byte	0x1
 334 0226 07        		.byte	0x7
 335 0227 02        		.byte	0x2
 336 0228 23        		.byte	0x23
 337 0229 00        		.uleb128 0
 338 022a 0E        		.uleb128 0xe
 339 022b 0000 0000 		.long	.LASF29
 340 022f 06        		.byte	0x6
 341 0230 23        		.byte	0x23
 342 0231 0E        		.byte	0xe
 343 0232 B301 0000 		.long	0x1b3
 344 0236 01        		.byte	0x1
 345 0237 01        		.byte	0x1
 346 0238 06        		.byte	0x6
 347 0239 02        		.byte	0x2
 348 023a 23        		.byte	0x23
 349 023b 00        		.uleb128 0
 350 023c 0E        		.uleb128 0xe
 351 023d 0000 0000 		.long	.LASF30
 352 0241 06        		.byte	0x6
 353 0242 24        		.byte	0x24
 354 0243 0E        		.byte	0xe
 355 0244 B301 0000 		.long	0x1b3
 356 0248 01        		.byte	0x1
 357 0249 01        		.byte	0x1
 358 024a 05        		.byte	0x5
 359 024b 02        		.byte	0x2
 360 024c 23        		.byte	0x23
 361 024d 00        		.uleb128 0
 362 024e 0E        		.uleb128 0xe
 363 024f 0000 0000 		.long	.LASF31
 364 0253 06        		.byte	0x6
 365 0254 25        		.byte	0x25
 366 0255 0E        		.byte	0xe
 367 0256 B301 0000 		.long	0x1b3
 368 025a 01        		.byte	0x1
 369 025b 01        		.byte	0x1
 370 025c 04        		.byte	0x4
 371 025d 02        		.byte	0x2
 372 025e 23        		.byte	0x23
 373 025f 00        		.uleb128 0
 374 0260 0E        		.uleb128 0xe
 375 0261 0000 0000 		.long	.LASF11
 376 0265 06        		.byte	0x6
 377 0266 26        		.byte	0x26
 378 0267 11        		.byte	0x11
 379 0268 3000 0000 		.long	0x30
 380 026c 01        		.byte	0x1
 381 026d 04        		.byte	0x4
 382 026e 00        		.byte	0
 383 026f 02        		.byte	0x2
 384 0270 23        		.byte	0x23
 385 0271 00        		.uleb128 0
 386 0272 00        		.byte	0
 387 0273 09        		.uleb128 0x9
 388 0274 01        		.byte	0x1
 389 0275 06        		.byte	0x6
 390 0276 20        		.byte	0x20
 391 0277 09        		.byte	0x9
 392 0278 8E02 0000 		.long	0x28e
 393 027c 0B        		.uleb128 0xb
 394 027d 0F02 0000 		.long	0x20f
 395 0281 0A        		.uleb128 0xa
 396 0282 7261 7700 		.string	"raw"
 397 0286 06        		.byte	0x6
 398 0287 28        		.byte	0x28
 399 0288 0D        		.byte	0xd
 400 0289 3000 0000 		.long	0x30
 401 028d 00        		.byte	0
 402 028e 02        		.uleb128 0x2
 403 028f 0000 0000 		.long	.LASF32
 404 0293 06        		.byte	0x6
 405 0294 29        		.byte	0x29
 406 0295 03        		.byte	0x3
 407 0296 7302 0000 		.long	0x273
 408 029a 0D        		.uleb128 0xd
 409 029b 0000 0000 		.long	.LASF33
 410 029f 06        		.byte	0x6
 411 02a0 2B        		.byte	0x2b
 412 02a1 17        		.byte	0x17
 413 02a2 8E02 0000 		.long	0x28e
 414 02a6 01        		.byte	0x1
 415 02a7 01        		.byte	0x1
 416 02a8 11        		.uleb128 0x11
 417 02a9 01        		.byte	0x1
 418 02aa 0000 0000 		.long	.LASF34
 419 02ae 07        		.byte	0x7
 420 02af F6        		.byte	0xf6
 421 02b0 06        		.byte	0x6
 422 02b1 01        		.byte	0x1
 423 02b2 C302 0000 		.long	0x2c3
 424 02b6 12        		.uleb128 0x12
 425 02b7 0000 0000 		.long	.LASF36
 426 02bb 07        		.byte	0x7
 427 02bc F6        		.byte	0xf6
 428 02bd 30        		.byte	0x30
 429 02be F700 0000 		.long	0xf7
 430 02c2 00        		.byte	0
 431 02c3 11        		.uleb128 0x11
 432 02c4 01        		.byte	0x1
 433 02c5 0000 0000 		.long	.LASF35
 434 02c9 07        		.byte	0x7
 435 02ca E7        		.byte	0xe7
 436 02cb 06        		.byte	0x6
 437 02cc 01        		.byte	0x1
 438 02cd EA02 0000 		.long	0x2ea
 439 02d1 12        		.uleb128 0x12
 440 02d2 0000 0000 		.long	.LASF36
 441 02d6 07        		.byte	0x7
 442 02d7 E7        		.byte	0xe7
 443 02d8 2D        		.byte	0x2d
 444 02d9 F700 0000 		.long	0xf7
 445 02dd 13        		.uleb128 0x13
 446 02de 6B65 7900 		.string	"key"
 447 02e2 07        		.byte	0x7
 448 02e3 E7        		.byte	0xe7
 449 02e4 46        		.byte	0x46
 450 02e5 3000 0000 		.long	0x30
 451 02e9 00        		.byte	0
 452 02ea 11        		.uleb128 0x11
 453 02eb 01        		.byte	0x1
 454 02ec 0000 0000 		.long	.LASF37
 455 02f0 07        		.byte	0x7
 456 02f1 D8        		.byte	0xd8
 457 02f2 06        		.byte	0x6
 458 02f3 01        		.byte	0x1
 459 02f4 1103 0000 		.long	0x311
 460 02f8 12        		.uleb128 0x12
 461 02f9 0000 0000 		.long	.LASF36
 462 02fd 07        		.byte	0x7
 463 02fe D8        		.byte	0xd8
 464 02ff 2B        		.byte	0x2b
 465 0300 F700 0000 		.long	0xf7
 466 0304 13        		.uleb128 0x13
 467 0305 6B65 7900 		.string	"key"
 468 0309 07        		.byte	0x7
 469 030a D8        		.byte	0xd8
 470 030b 44        		.byte	0x44
 471 030c 3000 0000 		.long	0x30
 472 0310 00        		.byte	0
 473 0311 11        		.uleb128 0x11
 474 0312 01        		.byte	0x1
 475 0313 0000 0000 		.long	.LASF38
 476 0317 07        		.byte	0x7
 477 0318 94        		.byte	0x94
 478 0319 06        		.byte	0x6
 479 031a 01        		.byte	0x1
 480 031b 4403 0000 		.long	0x344
 481 031f 12        		.uleb128 0x12
 482 0320 0000 0000 		.long	.LASF36
 483 0324 07        		.byte	0x7
 484 0325 94        		.byte	0x94
 485 0326 26        		.byte	0x26
 486 0327 F700 0000 		.long	0xf7
 487 032b 12        		.uleb128 0x12
 488 032c 0000 0000 		.long	.LASF39
 489 0330 07        		.byte	0x7
 490 0331 94        		.byte	0x94
 491 0332 3F        		.byte	0x3f
 492 0333 3000 0000 		.long	0x30
 493 0337 14        		.uleb128 0x14
 494 0338 15        		.uleb128 0x15
 495 0339 6900      		.string	"i"
 496 033b 07        		.byte	0x7
 497 033c B0        		.byte	0xb0
 498 033d 12        		.byte	0x12
 499 033e 3000 0000 		.long	0x30
 500 0342 00        		.byte	0
 501 0343 00        		.byte	0
 502 0344 11        		.uleb128 0x11
 503 0345 01        		.byte	0x1
 504 0346 0000 0000 		.long	.LASF40
 505 034a 07        		.byte	0x7
 506 034b 4E        		.byte	0x4e
 507 034c 06        		.byte	0x6
 508 034d 01        		.byte	0x1
 509 034e 8103 0000 		.long	0x381
 510 0352 12        		.uleb128 0x12
 511 0353 0000 0000 		.long	.LASF36
 512 0357 07        		.byte	0x7
 513 0358 4E        		.byte	0x4e
 514 0359 26        		.byte	0x26
 515 035a F700 0000 		.long	0xf7
 516 035e 12        		.uleb128 0x12
 517 035f 0000 0000 		.long	.LASF39
 518 0363 07        		.byte	0x7
 519 0364 4E        		.byte	0x4e
 520 0365 3F        		.byte	0x3f
 521 0366 3000 0000 		.long	0x30
 522 036a 15        		.uleb128 0x15
 523 036b 6900      		.string	"i"
 524 036d 07        		.byte	0x7
 525 036e 7E        		.byte	0x7e
 526 036f 0C        		.byte	0xc
 527 0370 1D00 0000 		.long	0x1d
 528 0374 16        		.uleb128 0x16
 529 0375 0000 0000 		.long	.LASF41
 530 0379 07        		.byte	0x7
 531 037a 7F        		.byte	0x7f
 532 037b 0C        		.byte	0xc
 533 037c 1D00 0000 		.long	0x1d
 534 0380 00        		.byte	0
 535 0381 17        		.uleb128 0x17
 536 0382 01        		.byte	0x1
 537 0383 0000 0000 		.long	.LASF42
 538 0387 07        		.byte	0x7
 539 0388 32        		.byte	0x32
 540 0389 09        		.byte	0x9
 541 038a 01        		.byte	0x1
 542 038b 3000 0000 		.long	0x30
 543 038f A003 0000 		.long	0x3a0
 544 0393 12        		.uleb128 0x12
 545 0394 0000 0000 		.long	.LASF36
 546 0398 07        		.byte	0x7
 547 0399 32        		.byte	0x32
 548 039a 2A        		.byte	0x2a
 549 039b F700 0000 		.long	0xf7
 550 039f 00        		.byte	0
 551 03a0 17        		.uleb128 0x17
 552 03a1 01        		.byte	0x1
 553 03a2 0000 0000 		.long	.LASF43
 554 03a6 07        		.byte	0x7
 555 03a7 1C        		.byte	0x1c
 556 03a8 09        		.byte	0x9
 557 03a9 01        		.byte	0x1
 558 03aa 3000 0000 		.long	0x30
 559 03ae E003 0000 		.long	0x3e0
 560 03b2 12        		.uleb128 0x12
 561 03b3 0000 0000 		.long	.LASF36
 562 03b7 07        		.byte	0x7
 563 03b8 1C        		.byte	0x1c
 564 03b9 27        		.byte	0x27
 565 03ba F700 0000 		.long	0xf7
 566 03be 15        		.uleb128 0x15
 567 03bf 636E 7400 		.string	"cnt"
 568 03c3 07        		.byte	0x7
 569 03c4 1E        		.byte	0x1e
 570 03c5 0D        		.byte	0xd
 571 03c6 3000 0000 		.long	0x30
 572 03ca 15        		.uleb128 0x15
 573 03cb 7000      		.string	"p"
 574 03cd 07        		.byte	0x7
 575 03ce 1F        		.byte	0x1f
 576 03cf 0E        		.byte	0xe
 577 03d0 E003 0000 		.long	0x3e0
 578 03d4 15        		.uleb128 0x15
 579 03d5 6C70 00   		.string	"lp"
 580 03d8 07        		.byte	0x7
 581 03d9 20        		.byte	0x20
 582 03da 0D        		.byte	0xd
 583 03db 3000 0000 		.long	0x30
 584 03df 00        		.byte	0
 585 03e0 0C        		.uleb128 0xc
 586 03e1 02        		.byte	0x2
 587 03e2 3000 0000 		.long	0x30
 588 03e6 00        		.byte	0
 589               		.section	.gnu.debuglto_.debug_abbrev,"e",@progbits
 590               	.Ldebug_abbrev0:
 591 0000 01        		.uleb128 0x1
 592 0001 11        		.uleb128 0x11
 593 0002 01        		.byte	0x1
 594 0003 25        		.uleb128 0x25
 595 0004 0E        		.uleb128 0xe
 596 0005 13        		.uleb128 0x13
 597 0006 0B        		.uleb128 0xb
 598 0007 03        		.uleb128 0x3
 599 0008 0E        		.uleb128 0xe
 600 0009 1B        		.uleb128 0x1b
 601 000a 0E        		.uleb128 0xe
 602 000b 10        		.uleb128 0x10
 603 000c 06        		.uleb128 0x6
 604 000d 00        		.byte	0
 605 000e 00        		.byte	0
 606 000f 02        		.uleb128 0x2
 607 0010 16        		.uleb128 0x16
 608 0011 00        		.byte	0
 609 0012 03        		.uleb128 0x3
 610 0013 0E        		.uleb128 0xe
 611 0014 3A        		.uleb128 0x3a
 612 0015 0B        		.uleb128 0xb
 613 0016 3B        		.uleb128 0x3b
 614 0017 0B        		.uleb128 0xb
 615 0018 39        		.uleb128 0x39
 616 0019 0B        		.uleb128 0xb
 617 001a 49        		.uleb128 0x49
 618 001b 13        		.uleb128 0x13
 619 001c 00        		.byte	0
 620 001d 00        		.byte	0
 621 001e 03        		.uleb128 0x3
 622 001f 24        		.uleb128 0x24
 623 0020 00        		.byte	0
 624 0021 0B        		.uleb128 0xb
 625 0022 0B        		.uleb128 0xb
 626 0023 3E        		.uleb128 0x3e
 627 0024 0B        		.uleb128 0xb
 628 0025 03        		.uleb128 0x3
 629 0026 0E        		.uleb128 0xe
 630 0027 00        		.byte	0
 631 0028 00        		.byte	0
 632 0029 04        		.uleb128 0x4
 633 002a 24        		.uleb128 0x24
 634 002b 00        		.byte	0
 635 002c 0B        		.uleb128 0xb
 636 002d 0B        		.uleb128 0xb
 637 002e 3E        		.uleb128 0x3e
 638 002f 0B        		.uleb128 0xb
 639 0030 03        		.uleb128 0x3
 640 0031 08        		.uleb128 0x8
 641 0032 00        		.byte	0
 642 0033 00        		.byte	0
 643 0034 05        		.uleb128 0x5
 644 0035 13        		.uleb128 0x13
 645 0036 01        		.byte	0x1
 646 0037 0B        		.uleb128 0xb
 647 0038 0B        		.uleb128 0xb
 648 0039 3A        		.uleb128 0x3a
 649 003a 0B        		.uleb128 0xb
 650 003b 3B        		.uleb128 0x3b
 651 003c 0B        		.uleb128 0xb
 652 003d 39        		.uleb128 0x39
 653 003e 0B        		.uleb128 0xb
 654 003f 01        		.uleb128 0x1
 655 0040 13        		.uleb128 0x13
 656 0041 00        		.byte	0
 657 0042 00        		.byte	0
 658 0043 06        		.uleb128 0x6
 659 0044 0D        		.uleb128 0xd
 660 0045 00        		.byte	0
 661 0046 03        		.uleb128 0x3
 662 0047 0E        		.uleb128 0xe
 663 0048 3A        		.uleb128 0x3a
 664 0049 0B        		.uleb128 0xb
 665 004a 3B        		.uleb128 0x3b
 666 004b 0B        		.uleb128 0xb
 667 004c 39        		.uleb128 0x39
 668 004d 0B        		.uleb128 0xb
 669 004e 49        		.uleb128 0x49
 670 004f 13        		.uleb128 0x13
 671 0050 38        		.uleb128 0x38
 672 0051 0A        		.uleb128 0xa
 673 0052 00        		.byte	0
 674 0053 00        		.byte	0
 675 0054 07        		.uleb128 0x7
 676 0055 01        		.uleb128 0x1
 677 0056 01        		.byte	0x1
 678 0057 49        		.uleb128 0x49
 679 0058 13        		.uleb128 0x13
 680 0059 01        		.uleb128 0x1
 681 005a 13        		.uleb128 0x13
 682 005b 00        		.byte	0
 683 005c 00        		.byte	0
 684 005d 08        		.uleb128 0x8
 685 005e 21        		.uleb128 0x21
 686 005f 00        		.byte	0
 687 0060 49        		.uleb128 0x49
 688 0061 13        		.uleb128 0x13
 689 0062 2F        		.uleb128 0x2f
 690 0063 0B        		.uleb128 0xb
 691 0064 00        		.byte	0
 692 0065 00        		.byte	0
 693 0066 09        		.uleb128 0x9
 694 0067 17        		.uleb128 0x17
 695 0068 01        		.byte	0x1
 696 0069 0B        		.uleb128 0xb
 697 006a 0B        		.uleb128 0xb
 698 006b 3A        		.uleb128 0x3a
 699 006c 0B        		.uleb128 0xb
 700 006d 3B        		.uleb128 0x3b
 701 006e 0B        		.uleb128 0xb
 702 006f 39        		.uleb128 0x39
 703 0070 0B        		.uleb128 0xb
 704 0071 01        		.uleb128 0x1
 705 0072 13        		.uleb128 0x13
 706 0073 00        		.byte	0
 707 0074 00        		.byte	0
 708 0075 0A        		.uleb128 0xa
 709 0076 0D        		.uleb128 0xd
 710 0077 00        		.byte	0
 711 0078 03        		.uleb128 0x3
 712 0079 08        		.uleb128 0x8
 713 007a 3A        		.uleb128 0x3a
 714 007b 0B        		.uleb128 0xb
 715 007c 3B        		.uleb128 0x3b
 716 007d 0B        		.uleb128 0xb
 717 007e 39        		.uleb128 0x39
 718 007f 0B        		.uleb128 0xb
 719 0080 49        		.uleb128 0x49
 720 0081 13        		.uleb128 0x13
 721 0082 00        		.byte	0
 722 0083 00        		.byte	0
 723 0084 0B        		.uleb128 0xb
 724 0085 0D        		.uleb128 0xd
 725 0086 00        		.byte	0
 726 0087 49        		.uleb128 0x49
 727 0088 13        		.uleb128 0x13
 728 0089 00        		.byte	0
 729 008a 00        		.byte	0
 730 008b 0C        		.uleb128 0xc
 731 008c 0F        		.uleb128 0xf
 732 008d 00        		.byte	0
 733 008e 0B        		.uleb128 0xb
 734 008f 0B        		.uleb128 0xb
 735 0090 49        		.uleb128 0x49
 736 0091 13        		.uleb128 0x13
 737 0092 00        		.byte	0
 738 0093 00        		.byte	0
 739 0094 0D        		.uleb128 0xd
 740 0095 34        		.uleb128 0x34
 741 0096 00        		.byte	0
 742 0097 03        		.uleb128 0x3
 743 0098 0E        		.uleb128 0xe
 744 0099 3A        		.uleb128 0x3a
 745 009a 0B        		.uleb128 0xb
 746 009b 3B        		.uleb128 0x3b
 747 009c 0B        		.uleb128 0xb
 748 009d 39        		.uleb128 0x39
 749 009e 0B        		.uleb128 0xb
 750 009f 49        		.uleb128 0x49
 751 00a0 13        		.uleb128 0x13
 752 00a1 3F        		.uleb128 0x3f
 753 00a2 0C        		.uleb128 0xc
 754 00a3 3C        		.uleb128 0x3c
 755 00a4 0C        		.uleb128 0xc
 756 00a5 00        		.byte	0
 757 00a6 00        		.byte	0
 758 00a7 0E        		.uleb128 0xe
 759 00a8 0D        		.uleb128 0xd
 760 00a9 00        		.byte	0
 761 00aa 03        		.uleb128 0x3
 762 00ab 0E        		.uleb128 0xe
 763 00ac 3A        		.uleb128 0x3a
 764 00ad 0B        		.uleb128 0xb
 765 00ae 3B        		.uleb128 0x3b
 766 00af 0B        		.uleb128 0xb
 767 00b0 39        		.uleb128 0x39
 768 00b1 0B        		.uleb128 0xb
 769 00b2 49        		.uleb128 0x49
 770 00b3 13        		.uleb128 0x13
 771 00b4 0B        		.uleb128 0xb
 772 00b5 0B        		.uleb128 0xb
 773 00b6 0D        		.uleb128 0xd
 774 00b7 0B        		.uleb128 0xb
 775 00b8 0C        		.uleb128 0xc
 776 00b9 0B        		.uleb128 0xb
 777 00ba 38        		.uleb128 0x38
 778 00bb 0A        		.uleb128 0xa
 779 00bc 00        		.byte	0
 780 00bd 00        		.byte	0
 781 00be 0F        		.uleb128 0xf
 782 00bf 15        		.uleb128 0x15
 783 00c0 01        		.byte	0x1
 784 00c1 27        		.uleb128 0x27
 785 00c2 0C        		.uleb128 0xc
 786 00c3 01        		.uleb128 0x1
 787 00c4 13        		.uleb128 0x13
 788 00c5 00        		.byte	0
 789 00c6 00        		.byte	0
 790 00c7 10        		.uleb128 0x10
 791 00c8 05        		.uleb128 0x5
 792 00c9 00        		.byte	0
 793 00ca 49        		.uleb128 0x49
 794 00cb 13        		.uleb128 0x13
 795 00cc 00        		.byte	0
 796 00cd 00        		.byte	0
 797 00ce 11        		.uleb128 0x11
 798 00cf 2E        		.uleb128 0x2e
 799 00d0 01        		.byte	0x1
 800 00d1 3F        		.uleb128 0x3f
 801 00d2 0C        		.uleb128 0xc
 802 00d3 03        		.uleb128 0x3
 803 00d4 0E        		.uleb128 0xe
 804 00d5 3A        		.uleb128 0x3a
 805 00d6 0B        		.uleb128 0xb
 806 00d7 3B        		.uleb128 0x3b
 807 00d8 0B        		.uleb128 0xb
 808 00d9 39        		.uleb128 0x39
 809 00da 0B        		.uleb128 0xb
 810 00db 27        		.uleb128 0x27
 811 00dc 0C        		.uleb128 0xc
 812 00dd 01        		.uleb128 0x1
 813 00de 13        		.uleb128 0x13
 814 00df 00        		.byte	0
 815 00e0 00        		.byte	0
 816 00e1 12        		.uleb128 0x12
 817 00e2 05        		.uleb128 0x5
 818 00e3 00        		.byte	0
 819 00e4 03        		.uleb128 0x3
 820 00e5 0E        		.uleb128 0xe
 821 00e6 3A        		.uleb128 0x3a
 822 00e7 0B        		.uleb128 0xb
 823 00e8 3B        		.uleb128 0x3b
 824 00e9 0B        		.uleb128 0xb
 825 00ea 39        		.uleb128 0x39
 826 00eb 0B        		.uleb128 0xb
 827 00ec 49        		.uleb128 0x49
 828 00ed 13        		.uleb128 0x13
 829 00ee 00        		.byte	0
 830 00ef 00        		.byte	0
 831 00f0 13        		.uleb128 0x13
 832 00f1 05        		.uleb128 0x5
 833 00f2 00        		.byte	0
 834 00f3 03        		.uleb128 0x3
 835 00f4 08        		.uleb128 0x8
 836 00f5 3A        		.uleb128 0x3a
 837 00f6 0B        		.uleb128 0xb
 838 00f7 3B        		.uleb128 0x3b
 839 00f8 0B        		.uleb128 0xb
 840 00f9 39        		.uleb128 0x39
 841 00fa 0B        		.uleb128 0xb
 842 00fb 49        		.uleb128 0x49
 843 00fc 13        		.uleb128 0x13
 844 00fd 00        		.byte	0
 845 00fe 00        		.byte	0
 846 00ff 14        		.uleb128 0x14
 847 0100 0B        		.uleb128 0xb
 848 0101 01        		.byte	0x1
 849 0102 00        		.byte	0
 850 0103 00        		.byte	0
 851 0104 15        		.uleb128 0x15
 852 0105 34        		.uleb128 0x34
 853 0106 00        		.byte	0
 854 0107 03        		.uleb128 0x3
 855 0108 08        		.uleb128 0x8
 856 0109 3A        		.uleb128 0x3a
 857 010a 0B        		.uleb128 0xb
 858 010b 3B        		.uleb128 0x3b
 859 010c 0B        		.uleb128 0xb
 860 010d 39        		.uleb128 0x39
 861 010e 0B        		.uleb128 0xb
 862 010f 49        		.uleb128 0x49
 863 0110 13        		.uleb128 0x13
 864 0111 00        		.byte	0
 865 0112 00        		.byte	0
 866 0113 16        		.uleb128 0x16
 867 0114 34        		.uleb128 0x34
 868 0115 00        		.byte	0
 869 0116 03        		.uleb128 0x3
 870 0117 0E        		.uleb128 0xe
 871 0118 3A        		.uleb128 0x3a
 872 0119 0B        		.uleb128 0xb
 873 011a 3B        		.uleb128 0x3b
 874 011b 0B        		.uleb128 0xb
 875 011c 39        		.uleb128 0x39
 876 011d 0B        		.uleb128 0xb
 877 011e 49        		.uleb128 0x49
 878 011f 13        		.uleb128 0x13
 879 0120 00        		.byte	0
 880 0121 00        		.byte	0
 881 0122 17        		.uleb128 0x17
 882 0123 2E        		.uleb128 0x2e
 883 0124 01        		.byte	0x1
 884 0125 3F        		.uleb128 0x3f
 885 0126 0C        		.uleb128 0xc
 886 0127 03        		.uleb128 0x3
 887 0128 0E        		.uleb128 0xe
 888 0129 3A        		.uleb128 0x3a
 889 012a 0B        		.uleb128 0xb
 890 012b 3B        		.uleb128 0x3b
 891 012c 0B        		.uleb128 0xb
 892 012d 39        		.uleb128 0x39
 893 012e 0B        		.uleb128 0xb
 894 012f 27        		.uleb128 0x27
 895 0130 0C        		.uleb128 0xc
 896 0131 49        		.uleb128 0x49
 897 0132 13        		.uleb128 0x13
 898 0133 01        		.uleb128 0x1
 899 0134 13        		.uleb128 0x13
 900 0135 00        		.byte	0
 901 0136 00        		.byte	0
 902 0137 00        		.byte	0
 903               		.section	.gnu.debuglto_.debug_line,"e",@progbits
 904               	.Ldebug_line0:
 905 0000 CB00 0000 		.long	.LELT0-.LSLT0
 906               	.LSLT0:
 907 0004 0200      		.word	0x2
 908 0006 C500 0000 		.long	.LELTP0-.LASLTP0
 909               	.LASLTP0:
 910 000a 01        		.byte	0x1
 911 000b 01        		.byte	0x1
 912 000c F6        		.byte	0xf6
 913 000d F2        		.byte	0xf2
 914 000e 0D        		.byte	0xd
 915 000f 00        		.byte	0
 916 0010 01        		.byte	0x1
 917 0011 01        		.byte	0x1
 918 0012 01        		.byte	0x1
 919 0013 01        		.byte	0x1
 920 0014 00        		.byte	0
 921 0015 00        		.byte	0
 922 0016 00        		.byte	0
 923 0017 01        		.byte	0x1
 924 0018 00        		.byte	0
 925 0019 00        		.byte	0
 926 001a 01        		.byte	0x1
 927 001b 746D 6B5F 		.ascii	"tmk_core/common/avr"
 927      636F 7265 
 927      2F63 6F6D 
 927      6D6F 6E2F 
 927      6176 72
 928 002e 00        		.byte	0
 929 002f 746D 6B5F 		.ascii	"tmk_core/common"
 929      636F 7265 
 929      2F63 6F6D 
 929      6D6F 6E
 930 003e 00        		.byte	0
 931 003f 7175 616E 		.ascii	"quantum"
 931      7475 6D
 932 0046 00        		.byte	0
 933 0047 2F75 7372 		.ascii	"/usr/local/Cellar/avr-gcc/9.2.0/avr/include"
 933      2F6C 6F63 
 933      616C 2F43 
 933      656C 6C61 
 933      722F 6176 
 934 0072 00        		.byte	0
 935 0073 00        		.byte	0
 936 0074 7374 6469 		.string	"stdint.h"
 936      6E74 2E68 
 936      00
 937 007d 04        		.uleb128 0x4
 938 007e 00        		.uleb128 0
 939 007f 00        		.uleb128 0
 940 0080 7265 706F 		.string	"report.h"
 940      7274 2E68 
 940      00
 941 0089 02        		.uleb128 0x2
 942 008a 00        		.uleb128 0
 943 008b 00        		.uleb128 0
 944 008c 686F 7374 		.string	"host.h"
 944      2E68 00
 945 0093 02        		.uleb128 0x2
 946 0094 00        		.uleb128 0
 947 0095 00        		.uleb128 0
 948 0096 6B65 7963 		.string	"keycode_config.h"
 948      6F64 655F 
 948      636F 6E66 
 948      6967 2E68 
 948      00
 949 00a7 03        		.uleb128 0x3
 950 00a8 00        		.uleb128 0
 951 00a9 00        		.uleb128 0
 952 00aa 7870 7269 		.string	"xprintf.h"
 952      6E74 662E 
 952      6800 
 953 00b4 01        		.uleb128 0x1
 954 00b5 00        		.uleb128 0
 955 00b6 00        		.uleb128 0
 956 00b7 6465 6275 		.string	"debug.h"
 956      672E 6800 
 957 00bf 02        		.uleb128 0x2
 958 00c0 00        		.uleb128 0
 959 00c1 00        		.uleb128 0
 960 00c2 7265 706F 		.string	"report.c"
 960      7274 2E63 
 960      00
 961 00cb 02        		.uleb128 0x2
 962 00cc 00        		.uleb128 0
 963 00cd 00        		.uleb128 0
 964 00ce 00        		.byte	0
 965               	.LELTP0:
 966               	.LELT0:
 967               		.section	.gnu.debuglto_.debug_str,"eMS",@progbits,1
 968               	.LASF8:
 969 0000 6C6F 6E67 		.string	"long long int"
 969      206C 6F6E 
 969      6720 696E 
 969      7400 
 970               	.LASF38:
 971 000e 6465 6C5F 		.string	"del_key_byte"
 971      6B65 795F 
 971      6279 7465 
 971      00
 972               	.LASF42:
 973 001b 6765 745F 		.string	"get_first_key"
 973      6669 7273 
 973      745F 6B65 
 973      7900 
 974               	.LASF36:
 975 0029 6B65 7962 		.string	"keyboard_report"
 975      6F61 7264 
 975      5F72 6570 
 975      6F72 7400 
 976               	.LASF31:
 977 0039 6D6F 7573 		.string	"mouse"
 977      6500 
 978               	.LASF40:
 979 003f 6164 645F 		.string	"add_key_byte"
 979      6B65 795F 
 979      6279 7465 
 979      00
 980               	.LASF11:
 981 004c 7265 7365 		.string	"reserved"
 981      7276 6564 
 981      00
 982               	.LASF21:
 983 0055 7377 6170 		.string	"swap_grave_esc"
 983      5F67 7261 
 983      7665 5F65 
 983      7363 00
 984               	.LASF28:
 985 0064 656E 6162 		.string	"enable"
 985      6C65 00
 986               	.LASF34:
 987 006b 636C 6561 		.string	"clear_keys_from_report"
 987      725F 6B65 
 987      7973 5F66 
 987      726F 6D5F 
 987      7265 706F 
 988               	.LASF0:
 989 0082 696E 7438 		.string	"int8_t"
 989      5F74 00
 990               	.LASF33:
 991 0089 6465 6275 		.string	"debug_config"
 991      675F 636F 
 991      6E66 6967 
 991      00
 992               	.LASF19:
 993 0096 7377 6170 		.string	"swap_ralt_rgui"
 993      5F72 616C 
 993      745F 7267 
 993      7569 00
 994               	.LASF3:
 995 00a5 756E 7369 		.string	"unsigned char"
 995      676E 6564 
 995      2063 6861 
 995      7200 
 996               	.LASF20:
 997 00b3 6E6F 5F67 		.string	"no_gui"
 997      7569 00
 998               	.LASF45:
 999 00ba 746D 6B5F 		.string	"tmk_core/common/report.c"
 999      636F 7265 
 999      2F63 6F6D 
 999      6D6F 6E2F 
 999      7265 706F 
 1000               	.LASF15:
 1001 00d3 6B65 7962 		.string	"keyboard_protocol"
 1001      6F61 7264 
 1001      5F70 726F 
 1001      746F 636F 
 1001      6C00 
 1002               	.LASF37:
 1003 00e5 6164 645F 		.string	"add_key_to_report"
 1003      6B65 795F 
 1003      746F 5F72 
 1003      6570 6F72 
 1003      7400 
 1004               	.LASF13:
 1005 00f7 7265 706F 		.string	"report_keyboard_t"
 1005      7274 5F6B 
 1005      6579 626F 
 1005      6172 645F 
 1005      7400 
 1006               	.LASF7:
 1007 0109 6C6F 6E67 		.string	"long unsigned int"
 1007      2075 6E73 
 1007      6967 6E65 
 1007      6420 696E 
 1007      7400 
 1008               	.LASF14:
 1009 011b 6B65 7962 		.string	"keyboard_idle"
 1009      6F61 7264 
 1009      5F69 646C 
 1009      6500 
 1010               	.LASF39:
 1011 0129 636F 6465 		.string	"code"
 1011      00
 1012               	.LASF44:
 1013 012e 474E 5520 		.string	"GNU C99 9.2.0 -mn-flash=1 -mno-skip-bug -mmcu=avr5 -gdwarf-2 -Os -std=gnu99 -funsigned-ch
 1013      4339 3920 
 1013      392E 322E 
 1013      3020 2D6D 
 1013      6E2D 666C 
 1014               	.LASF30:
 1015 0216 6B65 7962 		.string	"keyboard"
 1015      6F61 7264 
 1015      00
 1016               	.LASF5:
 1017 021f 756E 7369 		.string	"unsigned int"
 1017      676E 6564 
 1017      2069 6E74 
 1017      00
 1018               	.LASF26:
 1019 022c 6B65 796D 		.string	"keymap_config"
 1019      6170 5F63 
 1019      6F6E 6669 
 1019      6700 
 1020               	.LASF16:
 1021 023a 7377 6170 		.string	"swap_control_capslock"
 1021      5F63 6F6E 
 1021      7472 6F6C 
 1021      5F63 6170 
 1021      736C 6F63 
 1022               	.LASF9:
 1023 0250 6C6F 6E67 		.string	"long long unsigned int"
 1023      206C 6F6E 
 1023      6720 756E 
 1023      7369 676E 
 1023      6564 2069 
 1024               	.LASF1:
 1025 0267 7569 6E74 		.string	"uint8_t"
 1025      385F 7400 
 1026               	.LASF25:
 1027 026f 6B65 796D 		.string	"keymap_config_t"
 1027      6170 5F63 
 1027      6F6E 6669 
 1027      675F 7400 
 1028               	.LASF41:
 1029 027f 656D 7074 		.string	"empty"
 1029      7900 
 1030               	.LASF18:
 1031 0285 7377 6170 		.string	"swap_lalt_lgui"
 1031      5F6C 616C 
 1031      745F 6C67 
 1031      7569 00
 1032               	.LASF35:
 1033 0294 6465 6C5F 		.string	"del_key_from_report"
 1033      6B65 795F 
 1033      6672 6F6D 
 1033      5F72 6570 
 1033      6F72 7400 
 1034               	.LASF32:
 1035 02a8 6465 6275 		.string	"debug_config_t"
 1035      675F 636F 
 1035      6E66 6967 
 1035      5F74 00
 1036               	.LASF27:
 1037 02b7 7866 756E 		.string	"xfunc_out"
 1037      635F 6F75 
 1037      7400 
 1038               	.LASF10:
 1039 02c1 6D6F 6473 		.string	"mods"
 1039      00
 1040               	.LASF29:
 1041 02c6 6D61 7472 		.string	"matrix"
 1041      6978 00
 1042               	.LASF4:
 1043 02cd 7569 6E74 		.string	"uint16_t"
 1043      3136 5F74 
 1043      00
 1044               	.LASF17:
 1045 02d6 6361 7073 		.string	"capslock_to_control"
 1045      6C6F 636B 
 1045      5F74 6F5F 
 1045      636F 6E74 
 1045      726F 6C00 
 1046               	.LASF46:
 1047 02ea 2F55 7365 		.string	"/Users/tars/Desktop/keyboards"
 1047      7273 2F74 
 1047      6172 732F 
 1047      4465 736B 
 1047      746F 702F 
 1048               	.LASF43:
 1049 0308 6861 735F 		.string	"has_anykey"
 1049      616E 796B 
 1049      6579 00
 1050               	.LASF22:
 1051 0313 7377 6170 		.string	"swap_backslash_backspace"
 1051      5F62 6163 
 1051      6B73 6C61 
 1051      7368 5F62 
 1051      6163 6B73 
 1052               	.LASF6:
 1053 032c 6C6F 6E67 		.string	"long int"
 1053      2069 6E74 
 1053      00
 1054               	.LASF2:
 1055 0335 7369 676E 		.string	"signed char"
 1055      6564 2063 
 1055      6861 7200 
 1056               	.LASF23:
 1057 0341 6E6B 726F 		.string	"nkro"
 1057      00
 1058               	.LASF12:
 1059 0346 6B65 7973 		.string	"keys"
 1059      00
 1060               	.LASF24:
 1061 034b 5F42 6F6F 		.string	"_Bool"
 1061      6C00 
 1062               		.text
 1063               		.section	.gnu.lto_.profile.9ad94c14782c94f5,"e",@progbits
 1064 0000 789C E360 		.string	"x\234\343``\004B "
 1064      6004 4220 
 1064      00
 1065 0009 00        		.string	""
 1066 000a 00        		.string	""
 1067 000b 5D00      		.string	"]"
 1068 000d 0B        		.ascii	"\013"
 1069               		.text
 1070               		.section	.gnu.lto_.icf.9ad94c14782c94f5,"e",@progbits
 1071 0000 789C E360 		.string	"x\234\343``d\320a@"
 1071      6064 D061 
 1071      4000 
 1072 000a 7686 69BB 		.string	"v\206i\273\257^\341a<\274\366\313\001>\246\243\333:\366\26227\266>\337\316\315\362\367\36
 1072      AF5E E161 
 1072      3CBC F6CB 
 1072      013E A6A3 
 1072      DB3A F6B2 
 1073 0036 E4A2 159C 		.ascii	"\344\242\025\234"
 1074               		.text
 1075               		.section	.gnu.lto_.jmpfuncs.9ad94c14782c94f5,"e",@progbits
 1076 0000 789C 958E 		.string	"x\234\225\216\261\r\302P\fD\357}\177Lv\310\006\f\031\n\372\264\021U\306@\202\206\r\330\20
 1076      B10D C250 
 1076      0C44 EF7D 
 1076      7F4C 76C8 
 1076      060C 190A 
 1077 0079 5FA3 2C8E 		.ascii	"_\243,\216"
 1078               		.text
 1079               		.section	.gnu.lto_.inline.9ad94c14782c94f5,"e",@progbits
 1080 0000 789C E360 		.string	"x\234\343``d\260fd\200\003v\006\006\356E\037\336\3673g022\b"
 1080      6064 B066 
 1080      6480 0376 
 1080      0606 EE45 
 1080      1FDE F733 
 1081 001a 2598 0480 		.string	"%\230\004\200\334\377L\031\f\fl\315\r\r\rL)L\fL \205\214\f,@n\003s\nP\035\007#\003\263"
 1081      DCFF 4C19 
 1081      0C0C 6CCD 
 1081      0D0D 0D4C 
 1081      294C 0C4C 
 1082 003f 0B03 4323 		.string	"\013\003C#P\240\016\250\260\001\256\220\021\314Lbb`\201\263\031X@\332\231\030\204\366\355
 1082      50A0 0EA8 
 1082      B001 AE90 
 1082      11CC 4C62 
 1082      6260 81B3 
 1083 007d 2BE1 59B8 		.string	"+\341Y\270\264c\001X\311\345\0253\032\231aJX\300v\035`Nc\004\3611\255\007\231\302\003\262
 1083      B463 0158 
 1083      C9E5 1533 
 1083      1A99 614A 
 1083      58C0 761D 
 1084 00ac 1543 8301 		.string	"\025C\203\001\207\016\026^\220\266\t~@\022"
 1084      870E 165E 
 1084      90B6 097E 
 1084      4012 00
 1085 00bb E688 45F4 		.ascii	"\346\210E\364"
 1086               		.text
 1087               		.section	.gnu.lto_.pureconst.9ad94c14782c94f5,"e",@progbits
 1088 0000 789C E360 		.string	"x\234\343``d\020c```ghealea\232\305\302<\213\205e\006\013\353\f\026\266\031,"
 1088      6064 1063 
 1088      6060 6067 
 1088      6865 616C 
 1088      6561 9AC5 
 1089 0022 30EB 045E 		.ascii	"0\353\004^"
 1090               		.text
 1091               		.section	.gnu.lto_has_anykey.9ad94c14782c94f5,"e",@progbits
 1092 0000 789C 6554 		.string	"x\234eT\337O\034U\024\276\337=\2633\263Cw\251\372\240\006\037x\2204\230\246\24511\361\311
 1092      DF4F 1C55 
 1092      14BE DF3D 
 1092      B333 B343 
 1092      77A9 FAA0 
 1093 00a2 12F2 5DA8 		.ascii	"\022\362]\250}\232,\333u\260O\273\n\001`o<\224\\\275t\230p\250"
 1093      7D9A 2CDB 
 1093      75B0 4FBB 
 1093      0A01 606F 
 1093      3C94 5CBD 
 1094 00ba BFEF 7ABA 		.ascii	"\277\357z\272\361\035\337/\372\301\341?\037\234\364;\356+\223"
 1094      F11D DF2F 
 1094      FAC1 E13F 
 1094      1F9C F43B 
 1094      EE2B 93
 1095 00cd 5247 48E1 		.ascii	"RGH\341\341:4\325I&>A#\347v\236\353;\225:He\0024\273o\316^-\302"
 1095      E13A 34D5 
 1095      4926 3E41 
 1095      23E7 769E 
 1095      EB3B 953A 
 1096 00eb B81A 5BD9 		.ascii	"\270\032[\331\035]\376\343\027\242\007\240\330\236\351\230\233"
 1096      1D5D FEE3 
 1096      17A2 07A0 
 1096      D89E E998 
 1096      9B
 1097 00fc 4D6F 1B91 		.ascii	"Mo\033\221\252w\236\361\267\224\211\360)\310T\035G\035N\201\353"
 1097      AA77 9EF1 
 1097      B794 89F0 
 1097      29C8 541D 
 1097      471D 4E81 
 1098 0111 F2DA F6E3 		.ascii	"\362\332\366\343\216\302ilS\006\263p4\234v\3501\301\337\f\337"
 1098      8EC2 696C 
 1098      5306 B370 
 1098      349C 76E8 
 1098      31C1 DF0C 
 1099 0126 1B73 1A86 		.ascii	"\033s\032\206\005\177~\206\332\375\240P\317\2640\021\325\250"
 1099      057F 7E86 
 1099      DAFD A050 
 1099      CFB4 3011 
 1099      D5A8 
 1100 0138 30DB 3EE3 		.ascii	"0\333>\343\230\364\313A\327\230GO\nt|v\350\347\232\030\272\272"
 1100      98F4 CB41 
 1100      D798 474F 
 1100      0A74 7C76 
 1100      E8E7 9A18 
 1101 014e 481D 11D4 		.ascii	"H\035\021\324\302\344\246\355\031<%\340\217\006W\003\213\236"
 1101      C2E4 A6ED 
 1101      193C 25E0 
 1101      8F06 5703 
 1101      8B9E 
 1102 0160 1270 DF9D 		.ascii	"\022p\337\235\305\356T\f\016\277\336\330\367\314\346}O\013t\341"
 1102      C5EE 540C 
 1102      0EBF DED8 
 1102      F7CC E67D 
 1102      4F0B 74E1 
 1103 0174 83D5 FE94 		.ascii	"\203\325\376\224m\341,\032\360\031\337\001\032\214rF\261s\254"
 1103      6DE1 2C1A 
 1103      F019 DF01 
 1103      1A8C 7246 
 1103      B173 AC
 1104 0187 3294 A2EA 		.ascii	"2\224\242\352\330\330t\"\360W\327^\361\203\345{\272\357\255\205"
 1104      D8D8 7422 
 1104      F057 D75E 
 1104      F183 E57B 
 1104      BAEF AD85 
 1105 019b 3241 CD42 		.ascii	"2A\315B$HL\313\234SCBlF3\312\221\025\027F\244\244\254x\262R#"
 1105      2448 4CCB 
 1105      9C53 4342 
 1105      6C46 33CA 
 1105      9115 1746 
 1106 01b6 764A 9E69 		.ascii	"vJ\236i\311W\252\207T\367\201\376\213\n~\240\324\001\322\221"
 1106      C957 AA87 
 1106      54F7 81FE 
 1106      8B0A 7EA0 
 1106      D401 D291 
 1107 01ca 5360 E706 		.ascii	"S`\347\006\374\267\376n\024J7P\034z\311X\006\303\035\034\334"
 1107      FCB7 FE6E 
 1107      144A 3750 
 1107      1C7A C958 
 1107      06C3 1D1C 
 1108 01df 7FFB 3BD7 		.ascii	"\177\373;\327\234!\223\305y\326\305\344\256E\271K(\276\326}\223"
 1108      9C21 93C5 
 1108      79D6 C5E4 
 1108      AE45 B94B 
 1108      28BE D67D 
 1109 01f4 8C5D A264 		.ascii	"\214]\242du2\211X\301\374\373s\351\021\f\027x\344\206\3366}p"
 1109      7532 8958 
 1109      C1FC FB73 
 1109      E911 0C17 
 1109      78E4 86DE 
 1110 020b 9E8B CF8D 		.ascii	"\236\213\317\215\272\034.\224\257\177l7\035\363\315\374\226\311"
 1110      BA1C 2E94 
 1110      AF7F 6C37 
 1110      1DF3 CDFC 
 1110      96C9 
 1111 021d C105 8C60 		.ascii	"\301\005\214`@\304\341\340\211\231\261\251d%\350\342\"\232\006"
 1111      40C4 E1E0 
 1111      8999 B1A9 
 1111      6425 E8E2 
 1111      229A 06
 1112 0230 B8AA C406 		.ascii	"\270\252\304\006zGOz\355(J\335\243(S\022ShbM/\241\035\322\301"
 1112      7A47 4F7A 
 1112      ED28 4ADD 
 1112      A328 5312 
 1112      5368 624D 
 1113 0249 5EE9 807B 		.ascii	"^\351\200{g^\302x\370\241M\335\005\322\335\302\257\343G\354\250"
 1113      675E C278 
 1113      F8A1 4DDD 
 1113      05D2 DDC2 
 1113      AFE3 47EC 
 1114 025e 3B1B 97E3 		.ascii	";\033\227\343\356&\242\\\243\021\205\277-\235\240\212F\213S\210"
 1114      EE26 A25C 
 1114      A311 85BF 
 1114      2D9D A08A 
 1114      468B 5388 
 1115 0272 1BDF 7FBC 		.ascii	"\033\337\177\274\363\257\270\361T\211ls\352\\\273~c\333\224Q"
 1115      F3AF B8F1 
 1115      5489 6C73 
 1115      EA5C BB7E 
 1115      63DB 9451 
 1116 0286 E7F5 9EB9 		.ascii	"\347\365\236\2718IW\253c\375O\0353C\246\314\027F\032|\311B\250"
 1116      3849 57AB 
 1116      63FD 4F1D 
 1116      3343 A6CC 
 1116      1746 1A7C 
 1117 029d 1FD0 FED3 		.ascii	"\037\320\376\323\231\357\021\303Ez%\234\254\225\223\037~\203"
 1117      99EF 11C3 
 1117      457A 259C 
 1117      AC95 931F 
 1117      7E83 
 1118 02af 0AA7 1F97 		.ascii	"\n\247\037\227*\234\336\350\354JD\371\351\022%\214\210]\267\336"
 1118      2A9C DEE8 
 1118      EC4A 44F9 
 1118      E912 258C 
 1118      885D B7DE 
 1119 02c3 4D46 ED01 		.ascii	"MF\355\001WP\305\361\254\341\230\226z\366\357\225\036U\b\224"
 1119      5750 C5F1 
 1119      ACE1 9896 
 1119      7AF6 EF95 
 1119      1E55 0894 
 1120 02d7 CCB0 71CC 		.ascii	"\314\260q\314\322!j\270\017\032\274V\313/\343Z%\362h\345\020"
 1120      D221 6AB8 
 1120      0F1A BC56 
 1120      CB2F E35A 
 1120      25F2 68E5 
 1121 02ec BB9E A519 		.ascii	"\273\236\245\031i\3762\276\005#\271\226\251+\221\023\331\"\201"
 1121      69FE 32BE 
 1121      0523 B996 
 1121      A92B 9113 
 1121      D922 81
 1122 02ff 1DD9 B255 		.ascii	"\035\331\262UB\270\266l0]\037\033\2171\314\364\237\013\243\363"
 1122      42B8 B66C 
 1122      305D 1F1B 
 1122      8F31 CCF4 
 1122      9F0B A3F3 
 1123 0313 5EC4 740D 		.ascii	"^\304t\r\270ZMU\352z\221\036\337\306z8\353z\204H\224\310|I\354"
 1123      B85A 4D55 
 1123      EA7A 911E 
 1123      DFC6 7A38 
 1123      EB7A 8448 
 1124 032c EBF9 2BE9 		.ascii	"\353\371+\351\320Dkln \251WzkC8%\376\311)s\266zp:\315\244\235"
 1124      D044 6B6C 
 1124      6E20 A957 
 1124      7A6B 4338 
 1124      25FE C929 
 1125 0348 9EFF 8CFD 		.ascii	"\236\377\214\375\355\350\260\227y0\362Qm\222\262\304\234]\363"
 1125      EDE8 B097 
 1125      7930 F251 
 1125      6D92 B2C4 
 1125      9C5D F3
 1126 035b CDA0 A7F2 		.ascii	"\315\240\247\362\315(u\177[\363\236\335\231\\>\2733\223kn\316"
 1126      CD28 757F 
 1126      5BF3 9EDD 
 1126      995C 3EBB 
 1126      3393 6B6E 
 1127 0370 B5EC CC67 		.ascii	"\265\354\314g[s\371\266\035\031U\273'\373\362s\271g\363\317\357"
 1127      5B73 F9B6 
 1127      1D19 55BB 
 1127      27FB F273 
 1127      B967 F3CF 
 1128 0385 8E96 EE5E 		.ascii	"\216\226\356^\217\354\310f3/<\232\335\265K\351\027[\321J\231"
 1128      8FEC C866 
 1128      332F 3C9A 
 1128      DDB5 4BE9 
 1128      175B D14A 
 1129 039a 96B6 7F01 		.ascii	"\226\266\177\001\037\334\260\240"
 1129      1FDC B0A0 
 1130               		.text
 1131               		.section	.gnu.lto_get_first_key.9ad94c14782c94f5,"e",@progbits
 1132 0000 789C 4550 		.ascii	"x\234EP1K[Q\024>\337;I|\026M\213\203T\322\202\213\210\"\032u"
 1132      314B 5B51 
 1132      143E DF3B 
 1132      497C 164D 
 1132      8B83 54D2 
 1133 001a 7229 AEFD 		.ascii	"r)\256\375\001\235CM\237\213\244O\036.N\336D\264`\202\n\"\332"
 1133      019D 434D 
 1133      9F8B A44F 
 1133      1E2E 4EDE 
 1133      44B4 6082 
 1134 0031 213C DB90 		.ascii	"!<\333\220:\b5.R\032m\237Z\007\235\202$\203\202\n\016\016\016"
 1134      3A08 352E 
 1134      521A 6D9F 
 1134      5A07 9D82 
 1134      2483 820A 
 1135 0048 1107 57F5 		.ascii	"\021\007W\365\334\027\265\027.\234\357|\367|\347\373\256I\240"
 1135      DC17 B517 
 1135      2E9C EF7C 
 1135      F77C E7FB 
 1135      AE49 A0
 1136 005b 2C88 DE11 		.ascii	",\210\336\021\321[\271`\202\241\224\032\254K\232\006\340W\312"
 1136      D15B B960 
 1136      82A1 941A 
 1136      AC4B 9A06 
 1136      E057 CA
 1137 006e 044D 1898 		.ascii	"\004M\030\230\300\034/1\026\026\347\317\303\035\253J\245\224"
 1137      C01C 2F31 
 1137      1616 E7CF 
 1137      C31D AB4A 
 1137      A594 
 1138 0080 B754 6EDB 		.ascii	"\267Tn\333QS\257]&\372*\203\375\021D#\244\017~\243C\336N\357"
 1138      5153 AF5D 
 1138      26FA 2A83 
 1138      FD11 4423 
 1138      A40F 7EA3 
 1139 0098 CF17 1B67 		.ascii	"\317\027\033g\331e\300\020"
 1139      D965 C010 
 1140 00a0 F8AD 524A 		.string	"\370\255RJAC\003\257\004\256Uoo\230\337\200\244.O\035W\302\355y_\265\374A5\270\314\330\00
 1140      4143 03AF 
 1140      04AE 556F 
 1140      6F98 DF80 
 1140      A42E 4F1D 
 1141 01a1 5077 98B6 		.ascii	"Pw\230\266"
 1142               		.text
 1143               		.section	.gnu.lto_add_key_byte.9ad94c14782c94f5,"e",@progbits
 1144 0000 789C 9554 		.string	"x\234\225T]h\\U\020\2369\347\376\347\356\246\212\205\206(\306\207\020*\241M#\b\202\240\01
 1144      5D68 5C55 
 1144      109E 39E7 
 1144      FEE7 EEA6 
 1144      8A85 8628 
 1145 0074 B840 5F8C 		.string	"\270@_\214"
 1145      00
 1146 0079 8A20 085E 		.string	"\212 \b^\265\353\034\201\216^I\341^9\335'\215\3003:\272\216\277l\004\276!\314\337\333\256
 1146      B5EB 1C81 
 1146      8E5E 49E1 
 1146      5E39 DD27 
 1146      8DC0 333A 
 1147 00cf 7D5D C947 		.ascii	"}]\311GT\253\300A\250\025\3220-\333q\275\002\037k\205\003\230"
 1147      54AB C041 
 1147      A815 D230 
 1147      2DDB 71BD 
 1147      021F 6B85 
 1148 00e5 45B4 D403 		.ascii	"E\264\324\003\302\317.\271Gb_\343\304wb\355\001\242\005\331="
 1148      C2CF 2EB9 
 1148      4762 5FE3 
 1148      C477 62ED 
 1148      01A2 05D9 
 1149 00fa DD56 43B0 		.ascii	"\335VC\260cMZ\002\354\225\032\004"
 1149      634D 5A02 
 1149      EC95 1A04 
 1150 0106 F83D AE25 		.string	"\370=\256%\\\303\311O\217Ev\312\264D\024\264\315\\\036\252G\336\n\\E\333\257\357\316\334\
 1150      5CC3 C94F 
 1150      8F45 76CA 
 1150      B444 14B4 
 1150      CD5C 1EAA 
 1151 0207 4D52 849B 		.ascii	"MR\204\233:\332L`\320\372h\227\251\232\231\300\372\226\004\257"
 1151      3ADA 4C60 
 1151      D0FA 6897 
 1151      A99A 99C0 
 1151      FA96 04AF 
 1152 021b 9844 7DEF 		.ascii	"\230D}\357\334\366\3075\207\007g\"\340)\232\005\203\027\377\005"
 1152      DCF6 C735 
 1152      8707 6722 
 1152      E029 9A05 
 1152      8317 FF05 
 1153 022f EE53 E04C 		.ascii	"\356S\340L\337_\017\355\020\\\213\2475\270-\031\202\371P9\363"
 1153      DF5F 0FED 
 1153      105C 8BA7 
 1153      35B8 2D19 
 1153      82F9 5039 
 1154 0244 E7E4 5199 		.ascii	"\347\344Q\231;\364@\262H\245&\261~\276\261\303\345uJbJ:\034\031"
 1154      3BF4 40B2 
 1154      48A5 26B1 
 1154      7EBE B1C3 
 1154      E575 4A62 
 1155 025c D27B B1BC 		.ascii	"\322{\261\274\013\251\244\317\216\036\032\211\266c[\035i\337"
 1155      0BA9 A4CF 
 1155      8E1E 1A89 
 1155      B663 5B1D 
 1155      69DF 
 1156 026e 32CD 1AB9 		.ascii	"2\315\032\271)\031\3013l\025J\327\245\307\272\254\212N\236\f"
 1156      2919 C133 
 1156      6C15 4AD7 
 1156      A5C7 BAAC 
 1156      8A4E 9E0C 
 1157 0282 8DC4 C3B3 		.ascii	"\215\304\303\263\330\216\315JoJ\036\275t\360\234\233K\026\340"
 1157      D88E CD4A 
 1157      6F4A 1EBD 
 1157      74F0 9C9B 
 1157      4B16 E0
 1158 0295 39AC 68A6 		.ascii	"9\254h\246\252*\367\315\315\231\335~\345!\316\265|%\330J\203"
 1158      AA2A F7CD 
 1158      CD99 DD7E 
 1158      E521 CEB5 
 1158      7C25 D84A 
 1159 02aa 5891 5259 		.ascii	"X\221RY\300\363X\t\277\340\366\261\376[\250\033K\311\250\262"
 1159      C0F3 5809 
 1159      BFE0 F6B1 
 1159      FE5B A81B 
 1159      4BC9 A8B2 
 1160 02be 7C93 34C6 		.ascii	"|\2234\306\262#\373\363\367:\242\357\265\002\356)EB\274\271\373"
 1160      B223 FBF3 
 1160      F73A A2EF 
 1160      B502 EE29 
 1160      4542 BCB9 
 1161 02d3 EA62 1332 		.ascii	"\352b\0232\036\025\346\274\374\217\273\032\244\370\0179\212u"
 1161      1E15 E6BC 
 1161      FC8F BB1A 
 1161      A4F8 0F39 
 1161      8A75 
 1162 02e5 66AA E754 		.ascii	"f\252\347T~^\337&\237\311\215\240\023\227f\300\3221\330\036_"
 1162      7E5E DF26 
 1162      9FC9 8DA0 
 1162      1397 66C0 
 1162      D231 D81E 
 1163 02fa D68F 8030 		.ascii	"\326\217\2000\345\352q\274\225\327|Nkl\206\232o\373\242A7\313"
 1163      E5EA 71BC 
 1163      95D7 7C4E 
 1163      6B6C 869A 
 1163      6FFB A241 
 1164 0310 3116 EBA3 		.ascii	"1\026\353\243\251\016\227{q\020\361\002\365\242X\032SH0>\277"
 1164      A90E 977B 
 1164      7110 F102 
 1164      F5A2 581A 
 1164      5348 303E 
 1165 0325 64C9 2E14 		.ascii	"d\311.\024\002\230E\232\205G>\245\333\232\220b\237RC\374\306"
 1165      0298 459A 
 1165      8547 3EA5 
 1165      DB9A 9062 
 1165      9F52 43FC 
 1166 033a 0A0C 75E1 		.ascii	"\n\fu\341|C^\330\334@\33077\227X\222\355v\177yx\210\303\377\235"
 1166      7C43 5ED8 
 1166      DC40 D837 
 1166      3797 5892 
 1166      ED76 7F79 
 1167 0353 E9EE BD56 		.ascii	"\351\356\275Vh+\013\177\f\025\231E\207\355(F\027\307\3110\205"
 1167      682B 0B7F 
 1167      0C15 9945 
 1167      87ED 2846 
 1167      17C7 C930 
 1168 0368 F6BE D639 		.ascii	"\366\276\3269c\026\225\306\342\241\212\2716\037\354fV\330\374"
 1168      6316 95C6 
 1168      E2A1 8AB9 
 1168      361F EC66 
 1168      56D8 FC
 1169 037b A636 A352 		.ascii	"\2466\243R}@_D\346\213J:Qr\327\016m\fj\2217\236\303\225\274\301"
 1169      7D40 5F44 
 1169      E68B 4A3A 
 1169      5172 D70E 
 1169      6D0C 6A91 
 1170 0395 FE8F 9FCB 		.ascii	"\376\217\237\313\025\3725?\342\333\271\021\033\313F\\\360\340"
 1170      15FA 353F 
 1170      E2DB B911 
 1170      1BCB 465C 
 1170      F0E0 
 1171 03a7 D6E4 EA1C 		.ascii	"\326\344\352\034\374\216\036\327\n\247\333\304\340\310\276\263"
 1171      FC8E 1ED7 
 1171      0AA7 DBC4 
 1171      E0C8 BEB3 
 1172 03b7 EF70 E0FF 		.ascii	"\357p\340\377\033{\350q\306\276\370Xc\017\263\261me\354\237\260"
 1172      1B7B E871 
 1172      C6BE F858 
 1172      630F B3B1 
 1172      6D65 EC9F 
 1173 03cc 3274 7293 		.ascii	"2tr\223\364\363j\335%c=J\242\376\353\362\353\0033\271\327\007"
 1173      F4F3 6ADD 
 1173      2563 3D4A 
 1173      A2FE EBF2 
 1173      EB03 33B9 
 1174 03e2 4051 4DF5 		.ascii	"@QM\365\346\215U\361Dl}U\274\272:\376\341\372DlK<Q\263\256\n"
 1174      E68D 55F1 
 1174      446C 7D55 
 1174      BCBA 3AFE 
 1174      E1FA 446C 
 1175 03fc 0A37 C7B6 		.ascii	"\n7\307\266\276\027\1777\261ic\030zr)\263.\026\253z\377\245\330"
 1175      BE17 7F37 
 1175      B169 6318 
 1175      7A72 29B3 
 1175      2E16 AB7A 
 1176 0413 860D 6054 		.ascii	"\206\r`T\3057\305\314X\365\226\232\255\370\301\337\214\343%P"
 1176      C537 C5CC 
 1176      58F5 969A 
 1176      ADF8 C1DF 
 1176      8CE3 2550 
 1177               		.text
 1178               		.section	.gnu.lto_del_key_byte.9ad94c14782c94f5,"e",@progbits
 1179 0000 789C 9553 		.ascii	"x\234\225SMHTQ\024>\347\335\367\336\274\231\324\242\037J,p#\242"
 1179      4D48 5451 
 1179      143E E7DD 
 1179      F7DE BC99 
 1179      D4A2 1F4A 
 1180 0018 0CFE 0541 		.ascii	"\f\376\005A\253Z\024\355Z\265\227\032'(\261\211\301M\264\360"
 1180      AB5A 14ED 
 1180      5AB5 971A 
 1180      2728 B189 
 1180      C14D B4F0 
 1181 002c AAA9 D498 		.ascii	"\252\251\324\230\225$\243\3214\232\210\250\240\266\3104MGM\363"
 1181      9524 A3D1 
 1181      349A 88A8 
 1181      A0B6 C834 
 1181      4D47 4DF3 
 1182 0040 A71F 1305 		.ascii	"\247\037\023\005\225\310\262\032\314\322\320\322\225X\347\336"
 1182      95C8 B21A 
 1182      CCD2 D0D2 
 1182      9558 E7DE 
 1183 0050 F71C 6B23 		.ascii	"\367\034k#ta\036\347\234\357\236\357|\347\3343\006 \354Q\001"
 1183      7461 1EE7 
 1183      9CEF 9EEF 
 1183      7CE7 DC33 
 1183      0620 EC51 
 1184 0065 4E02 C055 		.ascii	"N\002\300U\372\241\001\250p\316\217\333\362\r\005u\313b\212\372"
 1184      FAA1 01A8 
 1184      70CE 8FDB 
 1184      F20D 0575 
 1184      CB62 8AFA 
 1185 0079 BDF6 E33E 		.ascii	"\275\366\343>\225;\264\273\357\036$\253<JE\315\3024\353V\257"
 1185      953B B4BB 
 1185      EF1E 24AB 
 1185      3C4A 45CD 
 1185      C234 EB56 
 1186 008e A12B ACA7 		.ascii	"\241+\254\247y\361\b\335\262\365\276-\267\323-\033\242\304\270"
 1186      79F1 08DD 
 1186      B2F5 BE2D 
 1186      B7D3 2D1B 
 1186      A2C4 B8
 1187 00a1 8190 A730 		.ascii	"\201\220\2470U\323m\230\247\350\200!D}\353\003\362\334b~\206"
 1187      55D3 6D98 
 1187      A7E8 8021 
 1187      447D EB03 
 1187      F2DC 627E 
 1188 00b6 7D25 E10E 		.ascii	"}%\341\016%\251\236\262x\310?\345(\346E\007\202\f\240\212\201"
 1188      25A9 9EB2 
 1188      78C8 3FE5 
 1188      28E6 4507 
 1188      820C A08A 
 1189 00cb 75F0 2926 		.ascii	"u\360)&\321\275\342\201\333\235\321e,\310\020\025rk&\307\nP\270"
 1189      D1BD E281 
 1189      DB9D D165 
 1189      2CC8 1015 
 1189      726B 26C7 
 1190 00e2 0AEE 22B7 		.ascii	"\n\356\"\267iiu\231\261\203\bdO\024MO\306$\326q^\300C\277\316"
 1190      6969 7599 
 1190      B183 0864 
 1190      4F14 4D4F 
 1190      C624 D671 
 1191 00fb F0A8 2063 		.ascii	"\360\250 c\370\f\0311b\027\306a'\306\001P\314\031$Y\335\230H"
 1191      F80C 1931 
 1191      6217 C661 
 1191      27C6 0150 
 1191      CC19 2459 
 1192 0112 1933 DF7A 		.ascii	"\0313\337z\227\243\3311\231\375\341kO\330\260\262\327O\211l\025"
 1192      97A3 D931 
 1192      99FD E16B 
 1192      4FD8 B0B2 
 1192      D74F 896C 
 1193 0127 7BCC ECC3 		.ascii	"{\314\354\303q\230&sUg\223l)\021D\306\334\243\215\212h]\265$"
 1193      7198 2673 
 1193      5567 936C 
 1193      2911 44C6 
 1193      DCA3 8D8A 
 1194 013f 632F F548 		.ascii	"c/\365H\321\272\321\376\356\030vBrN\371\312\270\226P+9\007\233"
 1194      D1BA D1FE 
 1194      EE18 7642 
 1194      724E F9CA 
 1194      B896 502B 
 1195 0156 F7F6 715E 		.ascii	"\367\366q^\311UA\334\367\0171\200\263]\377\213\021\3731A\362"
 1195      C955 41DC 
 1195      F70F 3180 
 1195      B35D FF8B 
 1195      11FB 3141 
 1196 016b 81F3 09D5 		.ascii	"\201\363\t\325{N\304\304/\242-\343Z\210o\374.\341\241\245\344"
 1196      7B4E C4C4 
 1196      2FA2 2DE3 
 1196      5A88 6FFC 
 1196      2EE1 A1A5 
 1197 0180 9A8E FD3B 		.ascii	"\232\216\375;\220Di\n}tb#\234\236\201:3Pht\310\b\200\217\301"
 1197      9044 690A 
 1197      7D74 6223 
 1197      9C9E 813A 
 1197      3350 6874 
 1198 0199 8DD2 8A61 		.ascii	"\215\322\212a"
 1199 019d 401E 0228 		.string	"@\036\002(e\212\351\344\223\023F\376\260\326\257\311J\302\276(J\221UP\335\210\262*\345\22
 1199      658A E9E4 
 1199      9313 46FE 
 1199      B0D6 AFC9 
 1199      4AC2 BE28 
 1200 029e C272 4462 		.ascii	"\302rDb\\\363\375N\223Y\320\316\255tU\351&\255\216cR\026\254"
 1200      5CF3 FD4E 
 1200      9359 D0CE 
 1200      AD74 55E9 
 1200      26AD 8E63 
 1201 02b5 2113 0A95 		.ascii	"!\023\n\225q*\355\320\312\343\210\330\346\213,\333\022\255U\247"
 1201      712A EDD0 
 1201      CAE3 88D8 
 1201      E68B 2CDB 
 1201      12AD 55A7 
 1202 02c9 1FE5 B289 		.ascii	"\037\345\262\211\343c\350\213\254%@lnNv\246\313\343u\247\272"
 1202      E363 E88B 
 1202      AC25 406C 
 1202      6E4E 76A6 
 1202      CBE3 75A7 
 1203 02de 3C39 399E 		.ascii	"<99\236K\251^\367e\21777\305\005;\263\335W\316y\316z\2632\315"
 1203      4BA9 5EF7 
 1203      658F 3737 
 1203      C505 3BB3 
 1203      DD57 CE79 
 1204 02f7 D0EE 4D24 		.ascii	"\320\356M$\305\355v\235?\352NO\007\325\345\311r\343\205?\353"
 1204      C5ED 769D 
 1204      3FEA 4E4F 
 1204      07D5 E5C9 
 1204      72E3 853F 
 1205 030c 9172 56   		.ascii	"\221rV"
 1206               		.text
 1207               		.section	.gnu.lto_add_key_to_report.9ad94c14782c94f5,"e",@progbits
 1208 0000 789C 4550 		.string	"x\234EP9K\003a\020\235\267\223\215+xa\245D\305.\b\022\rVb\241\370\037\254E\343\332\204\27
 1208      394B 0361 
 1208      109D B793 
 1208      8D2B 7861 
 1208      A544 C52E 
 1209 0063 1729 0334 		.ascii	"\027)\0034\243a\006\013\234e\\\244_\017\265\216-\351('\373Q\227"
 1209      A361 060B 
 1209      9C65 5CA4 
 1209      5F0F B58E 
 1209      2DE9 2827 
 1210 007a 52C9 269B 		.ascii	"R\311&\233\211\226%\313\201#t\310\273\324\345b\241v\236m\006"
 1210      8996 25CB 
 1210      8123 74C8 
 1210      BBD4 E562 
 1210      A176 9E6D 
 1211 008f 34A1 AB0F 		.ascii	"4\241\253\017\267q\224\250\206\006\241;\357_\237\314- \301\367"
 1211      B771 94A8 
 1211      8606 A13B 
 1211      EF5F 9FCC 
 1211      2D20 C1F7 
 1212 00a3 C9C7 873A 		.ascii	"\311\307\207:\377\206Rq\345<\r\251\032\233\031'`\231\210c\370"
 1212      FF86 5271 
 1212      E53C 0DA9 
 1212      1A9B 1927 
 1212      6099 8863 
 1213 00b8 5080 8F48 		.ascii	"P\200\217Hj\235\337:\341\024~Q\344\257\362\351\032\356w\325\007"
 1213      6A9D DF3A 
 1213      E114 7E51 
 1213      E4AF F2E9 
 1213      1AEE 77D5 
 1214 00cd B39B FB5C 		.ascii	"\263\233\373\\Q\2774%\224\003\233=8+\353{|\350v\325\236\316\204"
 1214      51BF 3425 
 1214      9403 9B3D 
 1214      382B EB7B 
 1214      7CE8 76D5 
 1215 00e4 97E0 C04F 		.ascii	"\227\340\300O%\315\363^q\251\326\353\251|\032\347\220\236\200"
 1215      25CD F35E 
 1215      71A9 D6EB 
 1215      A97C 1AE7 
 1215      909E 80
 1216 00f7 DD3B DD51 		.ascii	"\335;\335Q\305\237\264rn\372V7\332t9\200\370\311\002\256.\303"
 1216      C59F B472 
 1216      6EFA 5637 
 1216      DA74 3980 
 1216      F8C9 02AE 
 1217 010d 545A DA03 		.ascii	"TZ\332\003\345\020\315\261V&1!\257Pk\353y\335\235\363\206d\273"
 1217      E510 CDB1 
 1217      5626 3121 
 1217      AF50 6BEB 
 1217      79DD 9DF3 
 1218 0124 0BC4 26B7 		.ascii	"\013\304&\267}\375S\235@<f\330\254/\263X\340\002\tP\216\265\034"
 1218      7DFD 539D 
 1218      403C 66D8 
 1218      AC2F B358 
 1218      E002 0950 
 1219 013b CB29 BCF4 		.ascii	"\313)\274\364\216\370\312V\036\256\240\024\031\306\277\007Q\363"
 1219      8EF8 CA56 
 1219      1EAE A014 
 1219      19C6 BF07 
 1219      51F3 
 1220 014d 5424 3C1C 		.ascii	"T$<\034\262\242fW\310\212D\254\211\256\2509iE\247\002!\252\017"
 1220      B2A2 6657 
 1220      C88A 44AC 
 1220      89AE A839 
 1220      6945 A702 
 1221 0164 9BD3 A3D6 		.ascii	"\233\323\243\326Htl\270\\j\374\353\004L34\336k\006\203\304\362"
 1221      4874 6CB8 
 1221      5C6A FCEB 
 1221      044C 3334 
 1221      DE6B 0683 
 1222 017a E417 7523 		.ascii	"\344\027u#\211:"
 1222      893A 
 1223               		.text
 1224               		.section	.gnu.lto_del_key_from_report.9ad94c14782c94f5,"e",@progbits
 1225 0000 789C 4590 		.string	"x\234E\220\275/\203q\020\307\357\373\\\237\252\004\025\023)ak$\322jL\006!\376\007\263P\21
 1225      BD2F 8371 
 1225      10C7 EFFB 
 1225      5C9F AA04 
 1225      1513 2961 
 1226 00bb 1F91 E47A 		.string	"\037\221\344z\036u\302\005\374B\344\356r\351\006\036t\350\343\205\235#\376\245\277Z\223\3
 1226      1E75 C205 
 1226      FC42 E4EE 
 1226      72E9 061E 
 1226      74E8 E385 
 1227 0108 9927 0B38 		.string	"\231'\0138\\\206\251\272\264\013\312&Zd\255&\342\">\2406+9\335\351SD\252\313\tdLv\357\276
 1227      5C86 A9BA 
 1227      B40B CA26 
 1227      5A64 AD26 
 1227      E222 3EA0 
 1228 017d 6AC7 898A 		.ascii	"j\307\211\212"
 1229               		.text
 1230               		.section	.gnu.lto_clear_keys_from_report.9ad94c14782c94f5,"e",@progbits
 1231 0000 789C 4550 		.ascii	"x\234EP\317KTQ\024>\337;\363\336\274\021\177D\013I\246\240\205"
 1231      CF4B 5451 
 1231      143E DF3B 
 1231      F3DE BC11 
 1231      7F44 0B49 
 1232 0017 2046 E8B8 		.ascii	" F\350\270l#\376\025n%\307\347F\246\027\203\233V\336y\351\b\032"
 1232      6C23 FE15 
 1232      6E25 C7E7 
 1232      46A6 1783 
 1232      9B56 DE79 
 1233 002e DAA2 9899 		.ascii	"\332\242\230\231\305\360\034mH\020\3246\346d?^\246.$(B\003#\n"
 1233      C5F0 1C6D 
 1233      4810 D436 
 1233      E664 3F5E 
 1233      A62E 2428 
 1234 0046 5AB8 8830 		.ascii	"Z\270\2100\\\270\235\361\334\367,/\\8\337\375\276\357\234\357"
 1234      5CB8 9DF1 
 1234      DCF7 2C2F 
 1234      5C38 DFFD 
 1234      BEEF 9CEF 
 1235 005a 5C9B 405F 		.ascii	"\\\233@_A\324OD7\344\202\t\206Rj \236\263\r \254\224\r\23200"
 1235      41D4 4F44 
 1235      37E4 8209 
 1235      8652 6A20 
 1235      9EB3 0D20 
 1236 0074 8179 2E30 		.ascii	"\201y.0\266\247\217kF\367saTP\370\336\226WS\327|&*\311\215\016"
 1236      B6A7 8F6B 
 1236      46F7 7361 
 1236      5450 F8DE 
 1236      9657 53D7 
 1237 008e 5EA1 5B74 		.ascii	"^\241[t\371\335\307[-s\3543`\b\254\034~\366\240\241\201+\002"
 1237      F9DD C75B 
 1237      2D73 EC33 
 1237      6008 AC1C 
 1237      7EF6 A0A1 
 1238 00a5 574E CE4E 		.ascii	"WN\316N\231\257\203\244>\230::l\355\252*\345\251`gP5\373\314"
 1238      99AF 83A4 
 1238      3E98 3A3A 
 1238      6CED AA2A 
 1238      E5A9 6067 
 1239 00bd 7803 968E 		.ascii	"x\003\226\216x\215$\266\220$\222\267\333\033&\341-\272H{~\275"
 1239      788D 24B6 
 1239      9024 92B7 
 1239      DB1B 26E1 
 1239      2DBA 487B 
 1240 00d3 A83F 6DB1 		.ascii	"\250?m\261b\027c\361\016\226,B\264\366\305\fT\2751\255\202z\177"
 1240      6217 63F1 
 1240      0E96 2C42 
 1240      B4F6 C50C 
 1240      54BD 31AD 
 1241 00ea A5D2 6942 		.ascii	"\245\322iB\2141\331#\264\3152\351\3241\250\200\350\021\033\021"
 1241      8C31 D923 
 1241      B4CD 32E9 
 1241      D431 A880 
 1241      E811 1B11 
 1242 00fe C809 3886 		.ascii	"\310\t8\206Zl\370f\330\3467\274'3\265\270\256\313\f\0315\367"
 1242      5A6C F866 
 1242      D8E6 37BC 
 1242      2733 B5B8 
 1242      AECB 0C19 
 1243 0114 F0EF 0F5B 		.ascii	"\360\357\017['\3470m\360m\375\250\265\212\245\234\270o\372l\226"
 1243      27E7 306D 
 1243      F06D FDA8 
 1243      B58A A59C 
 1243      B86F FA6C 
 1244 0129 65A3 4047 		.ascii	"e\243@G\024.\347\377\334\264R\253*\242,\274G\025\3050\241\220"
 1244      142E E7FF 
 1244      DCB4 52AB 
 1244      2AA2 2CBC 
 1244      4715 C530 
 1245 013f 1B07 6BFB 		.ascii	"\033\007k\373\211\377d\034\333H\025\031\021W\234_\2515M\302\273"
 1245      89FF 641C 
 1245      DB48 1519 
 1245      1157 9C5F 
 1245      A935 4DC2 
 1246 0154 681A C307 		.ascii	"h\032\303\007\244d\255\035L\202\376 \277\320\036F\023ay\371c"
 1246      A464 AD1D 
 1246      4C82 FE20 
 1246      BFD0 1E46 
 1246      1361 79F9 
 1247 0169 23A1 85B6 		.ascii	"#\241\205\266\317vI\333\261\253E\022\025\267\222\"x\371\251T"
 1247      CF76 49DB 
 1247      B1AB 4512 
 1247      15B7 9222 
 1247      78F9 A954 
 1248 017d B074 DA04 		.ascii	"\260t\332\004,\354!\351s\023\235\300[Xz\206\260\207>\263\214"
 1248      2CEC 21E9 
 1248      7313 9DC0 
 1248      5B58 7A86 
 1248      B087 3EB3 
 1249 0192 CB8F 20EA 		.ascii	"\313\217 \352\030\317\214\r\245\335\254\323\233v3\031\367^o\326"
 1249      18CF 8C0D 
 1249      A5DD ACD3 
 1249      9B76 3319 
 1249      F75E 6FD6 
 1250 01a6 B9EF 66C7 		.ascii	"\271\357f\307{\322\3246\346<\030v\357fG\206\242\247\253\377\230"
 1250      7BD2 D436 
 1250      E63C 1876 
 1250      EF66 4786 
 1250      A2A7 ABFF 
 1251 01bb 1EC7 498F 		.ascii	"\036\307I\217\336q\372\372\350\034\220h\251\346"
 1251      DE71 FAFA 
 1251      E81C 9068 
 1251      A9E6 
 1252               		.text
 1253               		.section	.gnu.lto_.symbol_nodes.9ad94c14782c94f5,"e",@progbits
 1254 0000 789C E360 		.string	"x\234\343``dx\317"
 1254      6064 78CF 
 1254      00
 1255 0009 044C 8CF5 		.string	"\004L\214\365\f]=SO20N8\307\300P\317\300\260\253\301\021(\007\222a\252gl"
 1255      0C5D 3D53 
 1255      4F32 304E 
 1255      38C7 C050 
 1255      CFC0 B0AB 
 1256 0027 0216 4C19 		.string	"\002\026L\031\346z\246E\373\227=\304\242\207\245\236\031\207i\254\365,8Lc\253g\305!\303^\
 1256      E67A A645 
 1256      FB97 3DC4 
 1256      A287 A59E 
 1256      1987 69AC 
 1257 006c D747 3E67 		.ascii	"\327G>g"
 1258               		.text
 1259               		.section	.gnu.lto_.refs.9ad94c14782c94f5,"e",@progbits
 1260 0000 789C E360 		.string	"x\234\343``\004B "
 1260      6004 4220 
 1260      00
 1261 0009 00        		.string	""
 1262 000a 00        		.string	""
 1263 000b 5D00      		.string	"]"
 1264 000d 0B        		.ascii	"\013"
 1265               		.text
 1266               		.section	.gnu.lto_.decls.9ad94c14782c94f5,"e",@progbits
 1267 0000 789C 9556 		.string	"x\234\225V]P\024W\026\276\247{\230\031\206\001\022\244\242\273\344!I\361\220MU\030L*U\261
 1267      5D50 1457 
 1267      16BE A77B 
 1267      9819 8601 
 1267      12A4 A2BB 
 1268 0057 1A20 FC0B 		.string	"\032 \374\013DDc\302\236{o\367L\017\231I\325v\325\355\333\347\357\273\3379\347v\3675\022 
 1268      4444 63C2 
 1268      9E7B 6FF7 
 1268      4C0F 9949 
 1268      D576 D5ED 
 1269 008b 8E56 1C83 		.string	"\216V\034\20386\021~Q\373\0178\306pL\341\230\3011\207c\036\307=\034\261@~s]B\235I\301J\30
 1269      3836 117E 
 1269      51FB 0F38 
 1269      C670 4CE1 
 1269      98C1 3187 
 1270 0137 C564 133C 		.ascii	"\305d\023<\206b\323JY\223\216[\215(\036\250\271\360\310\314\255"
 1270      8662 D34A 
 1270      5993 8E5B 
 1270      8D28 1EA8 
 1270      B9F0 C8CC 
 1271 014c 011A 5C70 		.ascii	"\001\032\\pa\272F\020\005\240\317\303\376cez\356j@qvb\2620\306"
 1271      61BA 4610 
 1271      05A0 CFC3 
 1271      FE63 657A 
 1271      EE6A 4071 
 1272 0165 B44B C6AB 		.ascii	"\264K\306\253K\226c\326Q}\003\244\300W\220\2025"
 1272      4B96 63D6 
 1272      517D 03A4 
 1272      C057 9082 
 1272      35
 1273 0176 0F80 8980 		.string	"\017\200\211\200%\005\232PB\347\300\360\336\007\"\306>i\202\025@\271mn\346:p\231\232\353\
 1273      2505 9A50 
 1273      42E7 C0F0 
 1273      DE07 22C6 
 1273      3E69 8215 
 1274 0277 BEC3 525D 		.ascii	"\276\303R]\2035\032XNe=\336\366\261\225\003\262\f@4\205\242\356"
 1274      8335 1A58 
 1274      4E65 3DDE 
 1274      F6B1 9503 
 1274      B20C 4034 
 1275 028e B4B4 3720 		.ascii	"\264\2647 \025\256\343\350\206T\332\237*\326\207\311?\345\313"
 1275      15AE E3E8 
 1275      8654 DA9F 
 1275      2AD6 87C9 
 1275      3FE5 CB
 1276 02a1 813C 9151 		.ascii	"\201<\221Q\355R\260yW\b\277Q`\356z[\343zu\225\253Eu-\027\305"
 1276      ED52 B079 
 1276      5708 BF51 
 1276      60EE 7A5B 
 1276      E37A 7595 
 1277 02bb EA83 B30F 		.ascii	"\352\203\263\017\365\220\232\232\314\023\370\265\372\217H\354"
 1277      F590 9A9A 
 1277      CC13 F8B5 
 1277      FA8F 48EC 
 1278 02cb 603A 6D18 		.ascii	"`:m\030|\215q7!Y\303\316\242Y\204z\2370\345\261U\020\235Ds-\211"
 1278      7C8D 7137 
 1278      2159 C3CE 
 1278      A259 847A 
 1278      9F30 E5B1 
 1279 02e6 9028 5C02 		.ascii	"\220(\\\002\035\017\240\271\366`\236\275<O\254\357\265\272\257"
 1279      1D0F A0B9 
 1279      F660 9EBD 
 1279      3C4F ACEF 
 1279      B5BA AF
 1280 02f9 A60C E236 		.ascii	"\246\f\3426V\353\321_\212\226M\311\321\020\240O!\370[\220\316"
 1280      56EB D15F 
 1280      8A96 4DC9 
 1280      D110 A04F 
 1280      21F8 5B90 
 1281 030e DEFC FD06 		.ascii	"\336\374\375\006\363nZ\n\276\025\372\321-\264\027\006\200~M\351"
 1281      F36E 5A0A 
 1281      BE15 FAD1 
 1281      2DB4 1706 
 1281      807E 4DE9 
 1282 0322 84BE 77DA 		.ascii	"\204\276w\332jz\022\264\276\264u!\337A\356;\310|\217\2175\314"
 1282      6A7A 12B4 
 1282      BEB4 7521 
 1282      DF41 EE3B 
 1282      C87C 8F8F 
 1283 0338 0A23 3004 		.ascii	"\n#0\004\370\336\222\320G\001yq\001(E\372\314d`\"\316\002\237"
 1283      F8DE 92D0 
 1283      4701 7971 
 1283      0128 45FA 
 1283      CC64 6022 
 1284 034f 1415 286E 		.ascii	"\024\025(nD}\016\372q\213\240\242\362\030P\340q\254\250\027\207"
 1284      447D 0EFA 
 1284      718B A0A2 
 1284      F218 50E0 
 1284      71AC A817 
 1285 0364 575D 42A0 		.ascii	"W]B\240T\022\302X)\030\324&\320\233\006\002\324P\025!\314\030"
 1285      5412 C258 
 1285      2918 D426 
 1285      D09B 0602 
 1285      D450 1521 
 1286 037a 420E 4E41 		.ascii	"B\016NAVj\352X\221S%Um\t\342G\300\372%_\227\347\005\336/\231"
 1286      566A EA58 
 1286      9153 2555 
 1286      6D09 E247 
 1286      C0FA 255F 
 1287 0394 F70B 5D59 		.ascii	"\367\013]Y\257\207x\233\224\240\335y\373\353b#\370\261\216\206"
 1287      AF87 789B 
 1287      94A0 DD79 
 1287      FBEB 6223 
 1287      F8B1 8E86 
 1288 03a8 BB3E 1819 		.ascii	"\273>\030\031|M\333\234\341\260F\216\260\346\240\333\271\372"
 1288      7C4D DB9C 
 1288      E1B0 468E 
 1288      B0E6 A0DB 
 1288      B9FA 
 1289 03ba 8ACB 71F8 		.ascii	"\212\313q\370\031a*\310\32516\201\372"
 1289      1961 2AC8 
 1289      D531 3681 
 1289      FA
 1290 03c7 C5B8 B507 		.string	"\305\270\265\007\224E\036\343\257\270\372\022\334\201\265\004n\203\216\207\313\r\313Cq\31
 1290      9445 1EE3 
 1290      AFB8 FA12 
 1290      DC81 B504 
 1290      6E83 8E87 
 1291 04c8 DD0D 0135 		.ascii	"\335\r\0015#\320<\003\252;RvX/>\342@\2216\322\371\016\177\177"
 1291      23D0 3C03 
 1291      AA3B 5276 
 1291      582F 3EE2 
 1291      4091 36D2 
 1292 04e0 6C94 0AFF 		.ascii	"l\224\n\377D+\274\250V\270\366jks\214Bc\341\365 \rt\202\005\r"
 1292      442B BCA8 
 1292      56B8 F66A 
 1292      6B73 8C42 
 1292      63E1 F520 
 1293 04f9 8D85 108D 		.ascii	"\215\205\020\215j\244q\217\321\250=\333\2707F,\345'\202\313\265"
 1293      6AA4 718F 
 1293      D1A8 3DDB 
 1293      B837 462C 
 1293      E527 82CB 
 1294 050e 1385 7AF1 		.ascii	"\023\205z\361\020\027\352\016\217}K\267\002\334W\377\221uy\201"
 1294      1017 EA0E 
 1294      8F7D 4BB7 
 1294      02DC 57FF 
 1294      9175 7981 
 1295 0522 CFE2 C50A 		.ascii	"\317\342\305\nn\256\372\364\223\356Xj~\200fX\346\273\342\350"
 1295      6EAE FAF4 
 1295      93EE 586A 
 1295      7E80 6658 
 1295      E6BB E2E8 
 1296 0536 97A7 AA13 		.ascii	"\227\247\252\023\361\337\270\t\217\005+\242\346\\\260\211\237"
 1296      F1DF B809 
 1296      8F05 2BA2 
 1296      E65C B089 
 1296      9F
 1297 0547 0B8E 3D98 		.ascii	"\013\216=\230;k\026?\343\b\347gj\377\305\377\365\354%#\3017\f"
 1297      3B6B 163F 
 1297      E308 E767 
 1297      6AFF C5FF 
 1297      F5EC 2523 
 1298 055e 7E01 1641 		.ascii	"~\001\026A\277"
 1298      BF
 1299 0563 B08F 50F7 		.string	"\260\217P\3673\377y\326/\025\016\b\254H\277\006\367\246<}\341?|o\276EO\"L\327\372i~k\"\32
 1299      33FF 79D6 
 1299      2F15 0E08 
 1299      AC48 BF06 
 1299      F7A6 3C7D 
 1300 0664 9707 7E76 		.ascii	"\227\007~v\2235\221\004>\026\360\020T\214A\3730\310/\033\231"
 1300      9335 9104 
 1300      3E16 F010 
 1300      548C 41FB 
 1300      30C8 2F1B 
 1301 0679 C22F A3EB 		.ascii	"\302/\243\353\335\017\270\361c\n\0047\032F\036%j\223\242/R(\251"
 1301      DD0F B8F1 
 1301      630A 0437 
 1301      1A46 1E25 
 1301      6A93 A22F 
 1302 0690 129E 5409 		.ascii	"\022\236T\tK\252\357d\373\256\260\377'\255Y\310\267\224\373\322"
 1302      4BAA EF64 
 1302      FBAE B0FF 
 1302      27AD 59C8 
 1302      B794 FBD2 
 1303 06a4 4974 DBB6 		.ascii	"It\333\266\255\363\346l\261\332]n\311bw\345\344\270\234\026\267"
 1303      ADF3 E66C 
 1303      B1DA 5D6E 
 1303      C962 77E5 
 1303      E4B8 9C16 
 1304 06b9 B4D5 E5F6 		.ascii	"\264\325\345\366\246\331\215o\376\365\357Om\334\260\201$\251"
 1304      A6D9 8D6F 
 1304      FEF5 EF4F 
 1304      6DDC B081 
 1304      24A9 
 1305 06cb 9A34 49B2 		.ascii	"\2324I\262gn\220\326\257'\206\334l\247\367e\253W\277\325f\337"
 1305      676E 90D6 
 1305      AF27 86DC 
 1305      6CA7 F765 
 1305      AB57 BFD5 
 1306 06e1 2265 E8B6 		.ascii	"\"e\350\266H\333=F\267\344\221\334\357\240\224\343\312\360\374"
 1306      48DB 3D46 
 1306      B7E4 91DC 
 1306      EFA0 94E3 
 1306      CAF0 FC
 1307 06f4 210A 6C16 		.ascii	"!\nl\026y\234?Y1\346m\227\315\235a\365\232\262l\036\253\315\271"
 1307      799C 3F59 
 1307      31E6 6D97 
 1307      CD9D 61F5 
 1307      9AB2 6C1E 
 1308 070b 1D35 D1C2 		.ascii	"\0355\321\302\354$~\263\344\265ff\273=,\322l\313\310\240\263"
 1308      EC24 7EB3 
 1308      E4B5 6666 
 1308      BB3D 2CD2 
 1308      6CCB C8A0 
 1309 0720 F5ED ED5E 		.ascii	"\365\355\355^\311\234!9\202\302\343\252\305\353\262\362\3405"
 1309      C99C 2139 
 1309      82C2 E3AA 
 1309      C5EB B2F2 
 1309      E035 
 1310 0732 AA39 D3ED 		.ascii	"\2529\323\355\312QtO\330\035\222\315M\265\036\255Z\237#\345x"
 1310      CA51 744F 
 1310      D81D 92CD 
 1310      4DB5 1EAD 
 1310      5A9F 23E5 
 1311 0747 24AF 0E8D 		.ascii	"$\257\016\215\231\006\247\313\233\345vm\323{\262\337\225\254"
 1311      9906 A7CB 
 1311      9BE5 766D 
 1311      D37B B2DF 
 1311      95AC 
 1312 0759 5E58 6FC8 		.ascii	"^Xo\310t>\345\331*\331\321\340t\346:\034/Yr=n\213\303e\2679,"
 1312      743E E5D9 
 1312      2AD9 D1E0 
 1312      74E6 3A1C 
 1312      2F59 723D 
 1313 0774 1B25 87C3 		.ascii	"\033%\207\303\346\266\330\336q?\277\331n\267lH{!-\235J\226l\247"
 1313      E6B6 D8DE 
 1313      713F BFD9 
 1313      6EB7 6C48 
 1313      7B21 2D9D 
 1314 078c DD91 9B21 		.ascii	"\335\221\233!Y<^w\266s3\246\257\347\225\373\037^D\335\235"
 1314      593C 5E77 
 1314      B673 33A6 
 1314      AFE7 95FB 
 1314      1F5E 44DD 
 1315               		.text
 1316               		.section	.gnu.lto_.symtab.9ad94c14782c94f5,"e",@progbits
 1317 0000 6861 735F 		.string	"has_anykey"
 1317      616E 796B 
 1317      6579 00
 1318 000b 00        		.string	""
 1319 000c 00        		.string	""
 1320 000d 00        		.string	""
 1321 000e 00        		.string	""
 1322 000f 00        		.string	""
 1323 0010 00        		.string	""
 1324 0011 00        		.string	""
 1325 0012 00        		.string	""
 1326 0013 00        		.string	""
 1327 0014 00        		.string	""
 1328 0015 00        		.string	""
 1329 0016 E400      		.string	"\344"
 1330 0018 00        		.string	""
 1331 0019 00        		.string	""
 1332 001a 6765 745F 		.string	"get_first_key"
 1332      6669 7273 
 1332      745F 6B65 
 1332      7900 
 1333 0028 00        		.string	""
 1334 0029 00        		.string	""
 1335 002a 00        		.string	""
 1336 002b 00        		.string	""
 1337 002c 00        		.string	""
 1338 002d 00        		.string	""
 1339 002e 00        		.string	""
 1340 002f 00        		.string	""
 1341 0030 00        		.string	""
 1342 0031 00        		.string	""
 1343 0032 00        		.string	""
 1344 0033 E600      		.string	"\346"
 1345 0035 00        		.string	""
 1346 0036 00        		.string	""
 1347 0037 6164 645F 		.string	"add_key_byte"
 1347      6B65 795F 
 1347      6279 7465 
 1347      00
 1348 0044 00        		.string	""
 1349 0045 00        		.string	""
 1350 0046 00        		.string	""
 1351 0047 00        		.string	""
 1352 0048 00        		.string	""
 1353 0049 00        		.string	""
 1354 004a 00        		.string	""
 1355 004b 00        		.string	""
 1356 004c 00        		.string	""
 1357 004d 00        		.string	""
 1358 004e 00        		.string	""
 1359 004f EB00      		.string	"\353"
 1360 0051 00        		.string	""
 1361 0052 00        		.string	""
 1362 0053 6465 6C5F 		.string	"del_key_byte"
 1362      6B65 795F 
 1362      6279 7465 
 1362      00
 1363 0060 00        		.string	""
 1364 0061 00        		.string	""
 1365 0062 00        		.string	""
 1366 0063 00        		.string	""
 1367 0064 00        		.string	""
 1368 0065 00        		.string	""
 1369 0066 00        		.string	""
 1370 0067 00        		.string	""
 1371 0068 00        		.string	""
 1372 0069 00        		.string	""
 1373 006a 00        		.string	""
 1374 006b ED00      		.string	"\355"
 1375 006d 00        		.string	""
 1376 006e 00        		.string	""
 1377 006f 6164 645F 		.string	"add_key_to_report"
 1377      6B65 795F 
 1377      746F 5F72 
 1377      6570 6F72 
 1377      7400 
 1378 0081 00        		.string	""
 1379 0082 00        		.string	""
 1380 0083 00        		.string	""
 1381 0084 00        		.string	""
 1382 0085 00        		.string	""
 1383 0086 00        		.string	""
 1384 0087 00        		.string	""
 1385 0088 00        		.string	""
 1386 0089 00        		.string	""
 1387 008a 00        		.string	""
 1388 008b 00        		.string	""
 1389 008c EF00      		.string	"\357"
 1390 008e 00        		.string	""
 1391 008f 00        		.string	""
 1392 0090 6465 6C5F 		.string	"del_key_from_report"
 1392      6B65 795F 
 1392      6672 6F6D 
 1392      5F72 6570 
 1392      6F72 7400 
 1393 00a4 00        		.string	""
 1394 00a5 00        		.string	""
 1395 00a6 00        		.string	""
 1396 00a7 00        		.string	""
 1397 00a8 00        		.string	""
 1398 00a9 00        		.string	""
 1399 00aa 00        		.string	""
 1400 00ab 00        		.string	""
 1401 00ac 00        		.string	""
 1402 00ad 00        		.string	""
 1403 00ae 00        		.string	""
 1404 00af F100      		.string	"\361"
 1405 00b1 00        		.string	""
 1406 00b2 00        		.string	""
 1407 00b3 636C 6561 		.string	"clear_keys_from_report"
 1407      725F 6B65 
 1407      7973 5F66 
 1407      726F 6D5F 
 1407      7265 706F 
 1408 00ca 00        		.string	""
 1409 00cb 00        		.string	""
 1410 00cc 00        		.string	""
 1411 00cd 00        		.string	""
 1412 00ce 00        		.string	""
 1413 00cf 00        		.string	""
 1414 00d0 00        		.string	""
 1415 00d1 00        		.string	""
 1416 00d2 00        		.string	""
 1417 00d3 00        		.string	""
 1418 00d4 00        		.string	""
 1419 00d5 F500      		.string	"\365"
 1420 00d7 00        		.string	""
 1421 00d8 00        		.string	""
 1422               		.text
 1423               		.section	.gnu.lto_.opts,"e",@progbits
 1424 0000 272D 666E 		.string	"'-fno-openmp' '-fno-openacc' '-fno-pie' '-mn-flash=1' '-mno-skip-bug' '-mmcu=avr5' '-Os' 
 1424      6F2D 6F70 
 1424      656E 6D70 
 1424      2720 272D 
 1424      666E 6F2D 
 1425               		.text
 1426               		.comm	__gnu_lto_v1,1,1
 1427               		.comm	__gnu_lto_slim,1,1
 1428               		.ident	"GCC: (GNU) 9.2.0"
DEFINED SYMBOLS
                            *ABS*:0000000000000000 report.c
/var/folders/xx/3qcqnrxj7md526g3lvyld9680000gn/T//cc85nKl0.s:2      *ABS*:000000000000003e __SP_H__
/var/folders/xx/3qcqnrxj7md526g3lvyld9680000gn/T//cc85nKl0.s:3      *ABS*:000000000000003d __SP_L__
/var/folders/xx/3qcqnrxj7md526g3lvyld9680000gn/T//cc85nKl0.s:4      *ABS*:000000000000003f __SREG__
/var/folders/xx/3qcqnrxj7md526g3lvyld9680000gn/T//cc85nKl0.s:5      *ABS*:0000000000000000 __tmp_reg__
/var/folders/xx/3qcqnrxj7md526g3lvyld9680000gn/T//cc85nKl0.s:6      *ABS*:0000000000000001 __zero_reg__
/var/folders/xx/3qcqnrxj7md526g3lvyld9680000gn/T//cc85nKl0.s:18     .gnu.debuglto_.debug_info:0000000000000000 report.c.eecf9e11
                            *COM*:0000000000000001 __gnu_lto_v1
                            *COM*:0000000000000001 __gnu_lto_slim

NO UNDEFINED SYMBOLS
