   1               		.file	"util.c"
   2               	__SP_H__ = 0x3e
   3               	__SP_L__ = 0x3d
   4               	__SREG__ = 0x3f
   5               	__tmp_reg__ = 0
   6               	__zero_reg__ = 1
   7               		.file 1 "/usr/local/Cellar/avr-gcc/9.2.0/avr/include/stdint.h"
   8               		.file 2 "tmk_core/common/util.c"
   9               		.section	.gnu.debuglto_.debug_info,"e",@progbits
  10               	.Ldebug_info0:
  11               		.hidden	util.c.88fa4951
  12               		.weak	util.c.88fa4951
  13               	util.c.88fa4951:
  14 0000 C501 0000 		.long	0x1c5
  15 0004 0200      		.word	0x2
  16 0006 0000 0000 		.long	.Ldebug_abbrev0
  17 000a 04        		.byte	0x4
  18 000b 01        		.uleb128 0x1
  19 000c 0000 0000 		.long	.LASF19
  20 0010 0C        		.byte	0xc
  21 0011 0000 0000 		.long	.LASF20
  22 0015 0000 0000 		.long	.LASF21
  23 0019 0000 0000 		.long	.Ldebug_line0
  24 001d 02        		.uleb128 0x2
  25 001e 01        		.byte	0x1
  26 001f 06        		.byte	0x6
  27 0020 0000 0000 		.long	.LASF0
  28 0024 03        		.uleb128 0x3
  29 0025 0000 0000 		.long	.LASF2
  30 0029 01        		.byte	0x1
  31 002a 7E        		.byte	0x7e
  32 002b 16        		.byte	0x16
  33 002c 3000 0000 		.long	0x30
  34 0030 02        		.uleb128 0x2
  35 0031 01        		.byte	0x1
  36 0032 08        		.byte	0x8
  37 0033 0000 0000 		.long	.LASF1
  38 0037 04        		.uleb128 0x4
  39 0038 02        		.byte	0x2
  40 0039 05        		.byte	0x5
  41 003a 696E 7400 		.string	"int"
  42 003e 03        		.uleb128 0x3
  43 003f 0000 0000 		.long	.LASF3
  44 0043 01        		.byte	0x1
  45 0044 80        		.byte	0x80
  46 0045 16        		.byte	0x16
  47 0046 4A00 0000 		.long	0x4a
  48 004a 02        		.uleb128 0x2
  49 004b 02        		.byte	0x2
  50 004c 07        		.byte	0x7
  51 004d 0000 0000 		.long	.LASF4
  52 0051 02        		.uleb128 0x2
  53 0052 04        		.byte	0x4
  54 0053 05        		.byte	0x5
  55 0054 0000 0000 		.long	.LASF5
  56 0058 03        		.uleb128 0x3
  57 0059 0000 0000 		.long	.LASF6
  58 005d 01        		.byte	0x1
  59 005e 82        		.byte	0x82
  60 005f 16        		.byte	0x16
  61 0060 6400 0000 		.long	0x64
  62 0064 02        		.uleb128 0x2
  63 0065 04        		.byte	0x4
  64 0066 07        		.byte	0x7
  65 0067 0000 0000 		.long	.LASF7
  66 006b 02        		.uleb128 0x2
  67 006c 08        		.byte	0x8
  68 006d 05        		.byte	0x5
  69 006e 0000 0000 		.long	.LASF8
  70 0072 02        		.uleb128 0x2
  71 0073 08        		.byte	0x8
  72 0074 07        		.byte	0x7
  73 0075 0000 0000 		.long	.LASF9
  74 0079 05        		.uleb128 0x5
  75 007a 01        		.byte	0x1
  76 007b 0000 0000 		.long	.LASF10
  77 007f 02        		.byte	0x2
  78 0080 61        		.byte	0x61
  79 0081 0A        		.byte	0xa
  80 0082 01        		.byte	0x1
  81 0083 5800 0000 		.long	0x58
  82 0087 9800 0000 		.long	0x98
  83 008b 06        		.uleb128 0x6
  84 008c 0000 0000 		.long	.LASF12
  85 0090 02        		.byte	0x2
  86 0091 61        		.byte	0x61
  87 0092 1C        		.byte	0x1c
  88 0093 5800 0000 		.long	0x58
  89 0097 00        		.byte	0
  90 0098 05        		.uleb128 0x5
  91 0099 01        		.byte	0x1
  92 009a 0000 0000 		.long	.LASF11
  93 009e 02        		.byte	0x2
  94 009f 5B        		.byte	0x5b
  95 00a0 0A        		.byte	0xa
  96 00a1 01        		.byte	0x1
  97 00a2 3E00 0000 		.long	0x3e
  98 00a6 B700 0000 		.long	0xb7
  99 00aa 06        		.uleb128 0x6
 100 00ab 0000 0000 		.long	.LASF12
 101 00af 02        		.byte	0x2
 102 00b0 5B        		.byte	0x5b
 103 00b1 1C        		.byte	0x1c
 104 00b2 3E00 0000 		.long	0x3e
 105 00b6 00        		.byte	0
 106 00b7 05        		.uleb128 0x5
 107 00b8 01        		.byte	0x1
 108 00b9 0000 0000 		.long	.LASF13
 109 00bd 02        		.byte	0x2
 110 00be 53        		.byte	0x53
 111 00bf 09        		.byte	0x9
 112 00c0 01        		.byte	0x1
 113 00c1 2400 0000 		.long	0x24
 114 00c5 D600 0000 		.long	0xd6
 115 00c9 06        		.uleb128 0x6
 116 00ca 0000 0000 		.long	.LASF12
 117 00ce 02        		.byte	0x2
 118 00cf 53        		.byte	0x53
 119 00d0 18        		.byte	0x18
 120 00d1 2400 0000 		.long	0x24
 121 00d5 00        		.byte	0
 122 00d6 05        		.uleb128 0x5
 123 00d7 01        		.byte	0x1
 124 00d8 0000 0000 		.long	.LASF14
 125 00dc 02        		.byte	0x2
 126 00dd 46        		.byte	0x46
 127 00de 09        		.byte	0x9
 128 00df 01        		.byte	0x1
 129 00e0 2400 0000 		.long	0x24
 130 00e4 FF00 0000 		.long	0xff
 131 00e8 06        		.uleb128 0x6
 132 00e9 0000 0000 		.long	.LASF12
 133 00ed 02        		.byte	0x2
 134 00ee 46        		.byte	0x46
 135 00ef 1A        		.byte	0x1a
 136 00f0 5800 0000 		.long	0x58
 137 00f4 07        		.uleb128 0x7
 138 00f5 6E00      		.string	"n"
 139 00f7 02        		.byte	0x2
 140 00f8 48        		.byte	0x48
 141 00f9 0D        		.byte	0xd
 142 00fa 2400 0000 		.long	0x24
 143 00fe 00        		.byte	0
 144 00ff 05        		.uleb128 0x5
 145 0100 01        		.byte	0x1
 146 0101 0000 0000 		.long	.LASF15
 147 0105 02        		.byte	0x2
 148 0106 3C        		.byte	0x3c
 149 0107 09        		.byte	0x9
 150 0108 01        		.byte	0x1
 151 0109 2400 0000 		.long	0x24
 152 010d 2801 0000 		.long	0x128
 153 0111 06        		.uleb128 0x6
 154 0112 0000 0000 		.long	.LASF12
 155 0116 02        		.byte	0x2
 156 0117 3C        		.byte	0x3c
 157 0118 1A        		.byte	0x1a
 158 0119 3E00 0000 		.long	0x3e
 159 011d 07        		.uleb128 0x7
 160 011e 6E00      		.string	"n"
 161 0120 02        		.byte	0x2
 162 0121 3E        		.byte	0x3e
 163 0122 0D        		.byte	0xd
 164 0123 2400 0000 		.long	0x24
 165 0127 00        		.byte	0
 166 0128 05        		.uleb128 0x5
 167 0129 01        		.byte	0x1
 168 012a 0000 0000 		.long	.LASF16
 169 012e 02        		.byte	0x2
 170 012f 33        		.byte	0x33
 171 0130 09        		.byte	0x9
 172 0131 01        		.byte	0x1
 173 0132 2400 0000 		.long	0x24
 174 0136 5101 0000 		.long	0x151
 175 013a 06        		.uleb128 0x6
 176 013b 0000 0000 		.long	.LASF12
 177 013f 02        		.byte	0x2
 178 0140 33        		.byte	0x33
 179 0141 17        		.byte	0x17
 180 0142 2400 0000 		.long	0x24
 181 0146 07        		.uleb128 0x7
 182 0147 6E00      		.string	"n"
 183 0149 02        		.byte	0x2
 184 014a 35        		.byte	0x35
 185 014b 0D        		.byte	0xd
 186 014c 2400 0000 		.long	0x24
 187 0150 00        		.byte	0
 188 0151 05        		.uleb128 0x5
 189 0152 01        		.byte	0x1
 190 0153 0000 0000 		.long	.LASF17
 191 0157 02        		.byte	0x2
 192 0158 29        		.byte	0x29
 193 0159 09        		.byte	0x9
 194 015a 01        		.byte	0x1
 195 015b 2400 0000 		.long	0x24
 196 015f 7A01 0000 		.long	0x17a
 197 0163 06        		.uleb128 0x6
 198 0164 0000 0000 		.long	.LASF12
 199 0168 02        		.byte	0x2
 200 0169 29        		.byte	0x29
 201 016a 1B        		.byte	0x1b
 202 016b 5800 0000 		.long	0x58
 203 016f 07        		.uleb128 0x7
 204 0170 6300      		.string	"c"
 205 0172 02        		.byte	0x2
 206 0173 2B        		.byte	0x2b
 207 0174 0D        		.byte	0xd
 208 0175 2400 0000 		.long	0x24
 209 0179 00        		.byte	0
 210 017a 05        		.uleb128 0x5
 211 017b 01        		.byte	0x1
 212 017c 0000 0000 		.long	.LASF18
 213 0180 02        		.byte	0x2
 214 0181 21        		.byte	0x21
 215 0182 09        		.byte	0x9
 216 0183 01        		.byte	0x1
 217 0184 2400 0000 		.long	0x24
 218 0188 A301 0000 		.long	0x1a3
 219 018c 06        		.uleb128 0x6
 220 018d 0000 0000 		.long	.LASF12
 221 0191 02        		.byte	0x2
 222 0192 21        		.byte	0x21
 223 0193 1B        		.byte	0x1b
 224 0194 3E00 0000 		.long	0x3e
 225 0198 07        		.uleb128 0x7
 226 0199 6300      		.string	"c"
 227 019b 02        		.byte	0x2
 228 019c 23        		.byte	0x23
 229 019d 0D        		.byte	0xd
 230 019e 2400 0000 		.long	0x24
 231 01a2 00        		.byte	0
 232 01a3 08        		.uleb128 0x8
 233 01a4 01        		.byte	0x1
 234 01a5 0000 0000 		.long	.LASF22
 235 01a9 02        		.byte	0x2
 236 01aa 15        		.byte	0x15
 237 01ab 09        		.byte	0x9
 238 01ac 01        		.byte	0x1
 239 01ad 2400 0000 		.long	0x24
 240 01b1 06        		.uleb128 0x6
 241 01b2 0000 0000 		.long	.LASF12
 242 01b6 02        		.byte	0x2
 243 01b7 15        		.byte	0x15
 244 01b8 18        		.byte	0x18
 245 01b9 2400 0000 		.long	0x24
 246 01bd 07        		.uleb128 0x7
 247 01be 6300      		.string	"c"
 248 01c0 02        		.byte	0x2
 249 01c1 17        		.byte	0x17
 250 01c2 0D        		.byte	0xd
 251 01c3 2400 0000 		.long	0x24
 252 01c7 00        		.byte	0
 253 01c8 00        		.byte	0
 254               		.section	.gnu.debuglto_.debug_abbrev,"e",@progbits
 255               	.Ldebug_abbrev0:
 256 0000 01        		.uleb128 0x1
 257 0001 11        		.uleb128 0x11
 258 0002 01        		.byte	0x1
 259 0003 25        		.uleb128 0x25
 260 0004 0E        		.uleb128 0xe
 261 0005 13        		.uleb128 0x13
 262 0006 0B        		.uleb128 0xb
 263 0007 03        		.uleb128 0x3
 264 0008 0E        		.uleb128 0xe
 265 0009 1B        		.uleb128 0x1b
 266 000a 0E        		.uleb128 0xe
 267 000b 10        		.uleb128 0x10
 268 000c 06        		.uleb128 0x6
 269 000d 00        		.byte	0
 270 000e 00        		.byte	0
 271 000f 02        		.uleb128 0x2
 272 0010 24        		.uleb128 0x24
 273 0011 00        		.byte	0
 274 0012 0B        		.uleb128 0xb
 275 0013 0B        		.uleb128 0xb
 276 0014 3E        		.uleb128 0x3e
 277 0015 0B        		.uleb128 0xb
 278 0016 03        		.uleb128 0x3
 279 0017 0E        		.uleb128 0xe
 280 0018 00        		.byte	0
 281 0019 00        		.byte	0
 282 001a 03        		.uleb128 0x3
 283 001b 16        		.uleb128 0x16
 284 001c 00        		.byte	0
 285 001d 03        		.uleb128 0x3
 286 001e 0E        		.uleb128 0xe
 287 001f 3A        		.uleb128 0x3a
 288 0020 0B        		.uleb128 0xb
 289 0021 3B        		.uleb128 0x3b
 290 0022 0B        		.uleb128 0xb
 291 0023 39        		.uleb128 0x39
 292 0024 0B        		.uleb128 0xb
 293 0025 49        		.uleb128 0x49
 294 0026 13        		.uleb128 0x13
 295 0027 00        		.byte	0
 296 0028 00        		.byte	0
 297 0029 04        		.uleb128 0x4
 298 002a 24        		.uleb128 0x24
 299 002b 00        		.byte	0
 300 002c 0B        		.uleb128 0xb
 301 002d 0B        		.uleb128 0xb
 302 002e 3E        		.uleb128 0x3e
 303 002f 0B        		.uleb128 0xb
 304 0030 03        		.uleb128 0x3
 305 0031 08        		.uleb128 0x8
 306 0032 00        		.byte	0
 307 0033 00        		.byte	0
 308 0034 05        		.uleb128 0x5
 309 0035 2E        		.uleb128 0x2e
 310 0036 01        		.byte	0x1
 311 0037 3F        		.uleb128 0x3f
 312 0038 0C        		.uleb128 0xc
 313 0039 03        		.uleb128 0x3
 314 003a 0E        		.uleb128 0xe
 315 003b 3A        		.uleb128 0x3a
 316 003c 0B        		.uleb128 0xb
 317 003d 3B        		.uleb128 0x3b
 318 003e 0B        		.uleb128 0xb
 319 003f 39        		.uleb128 0x39
 320 0040 0B        		.uleb128 0xb
 321 0041 27        		.uleb128 0x27
 322 0042 0C        		.uleb128 0xc
 323 0043 49        		.uleb128 0x49
 324 0044 13        		.uleb128 0x13
 325 0045 01        		.uleb128 0x1
 326 0046 13        		.uleb128 0x13
 327 0047 00        		.byte	0
 328 0048 00        		.byte	0
 329 0049 06        		.uleb128 0x6
 330 004a 05        		.uleb128 0x5
 331 004b 00        		.byte	0
 332 004c 03        		.uleb128 0x3
 333 004d 0E        		.uleb128 0xe
 334 004e 3A        		.uleb128 0x3a
 335 004f 0B        		.uleb128 0xb
 336 0050 3B        		.uleb128 0x3b
 337 0051 0B        		.uleb128 0xb
 338 0052 39        		.uleb128 0x39
 339 0053 0B        		.uleb128 0xb
 340 0054 49        		.uleb128 0x49
 341 0055 13        		.uleb128 0x13
 342 0056 00        		.byte	0
 343 0057 00        		.byte	0
 344 0058 07        		.uleb128 0x7
 345 0059 34        		.uleb128 0x34
 346 005a 00        		.byte	0
 347 005b 03        		.uleb128 0x3
 348 005c 08        		.uleb128 0x8
 349 005d 3A        		.uleb128 0x3a
 350 005e 0B        		.uleb128 0xb
 351 005f 3B        		.uleb128 0x3b
 352 0060 0B        		.uleb128 0xb
 353 0061 39        		.uleb128 0x39
 354 0062 0B        		.uleb128 0xb
 355 0063 49        		.uleb128 0x49
 356 0064 13        		.uleb128 0x13
 357 0065 00        		.byte	0
 358 0066 00        		.byte	0
 359 0067 08        		.uleb128 0x8
 360 0068 2E        		.uleb128 0x2e
 361 0069 01        		.byte	0x1
 362 006a 3F        		.uleb128 0x3f
 363 006b 0C        		.uleb128 0xc
 364 006c 03        		.uleb128 0x3
 365 006d 0E        		.uleb128 0xe
 366 006e 3A        		.uleb128 0x3a
 367 006f 0B        		.uleb128 0xb
 368 0070 3B        		.uleb128 0x3b
 369 0071 0B        		.uleb128 0xb
 370 0072 39        		.uleb128 0x39
 371 0073 0B        		.uleb128 0xb
 372 0074 27        		.uleb128 0x27
 373 0075 0C        		.uleb128 0xc
 374 0076 49        		.uleb128 0x49
 375 0077 13        		.uleb128 0x13
 376 0078 00        		.byte	0
 377 0079 00        		.byte	0
 378 007a 00        		.byte	0
 379               		.section	.gnu.debuglto_.debug_line,"e",@progbits
 380               	.Ldebug_line0:
 381 0000 6B00 0000 		.long	.LELT0-.LSLT0
 382               	.LSLT0:
 383 0004 0200      		.word	0x2
 384 0006 6500 0000 		.long	.LELTP0-.LASLTP0
 385               	.LASLTP0:
 386 000a 01        		.byte	0x1
 387 000b 01        		.byte	0x1
 388 000c F6        		.byte	0xf6
 389 000d F2        		.byte	0xf2
 390 000e 0D        		.byte	0xd
 391 000f 00        		.byte	0
 392 0010 01        		.byte	0x1
 393 0011 01        		.byte	0x1
 394 0012 01        		.byte	0x1
 395 0013 01        		.byte	0x1
 396 0014 00        		.byte	0
 397 0015 00        		.byte	0
 398 0016 00        		.byte	0
 399 0017 01        		.byte	0x1
 400 0018 00        		.byte	0
 401 0019 00        		.byte	0
 402 001a 01        		.byte	0x1
 403 001b 746D 6B5F 		.ascii	"tmk_core/common"
 403      636F 7265 
 403      2F63 6F6D 
 403      6D6F 6E
 404 002a 00        		.byte	0
 405 002b 2F75 7372 		.ascii	"/usr/local/Cellar/avr-gcc/9.2.0/avr/include"
 405      2F6C 6F63 
 405      616C 2F43 
 405      656C 6C61 
 405      722F 6176 
 406 0056 00        		.byte	0
 407 0057 00        		.byte	0
 408 0058 7374 6469 		.string	"stdint.h"
 408      6E74 2E68 
 408      00
 409 0061 02        		.uleb128 0x2
 410 0062 00        		.uleb128 0
 411 0063 00        		.uleb128 0
 412 0064 7574 696C 		.string	"util.c"
 412      2E63 00
 413 006b 01        		.uleb128 0x1
 414 006c 00        		.uleb128 0
 415 006d 00        		.uleb128 0
 416 006e 00        		.byte	0
 417               	.LELTP0:
 418               	.LELT0:
 419               		.section	.gnu.debuglto_.debug_str,"eMS",@progbits,1
 420               	.LASF13:
 421 0000 6269 7472 		.string	"bitrev"
 421      6576 00
 422               	.LASF11:
 423 0007 6269 7472 		.string	"bitrev16"
 423      6576 3136 
 423      00
 424               	.LASF2:
 425 0010 7569 6E74 		.string	"uint8_t"
 425      385F 7400 
 426               	.LASF15:
 427 0018 6269 746F 		.string	"biton16"
 427      6E31 3600 
 428               	.LASF1:
 429 0020 756E 7369 		.string	"unsigned char"
 429      676E 6564 
 429      2063 6861 
 429      7200 
 430               	.LASF14:
 431 002e 6269 746F 		.string	"biton32"
 431      6E33 3200 
 432               	.LASF18:
 433 0036 6269 7470 		.string	"bitpop16"
 433      6F70 3136 
 433      00
 434               	.LASF7:
 435 003f 6C6F 6E67 		.string	"long unsigned int"
 435      2075 6E73 
 435      6967 6E65 
 435      6420 696E 
 435      7400 
 436               	.LASF10:
 437 0051 6269 7472 		.string	"bitrev32"
 437      6576 3332 
 437      00
 438               	.LASF4:
 439 005a 756E 7369 		.string	"unsigned int"
 439      676E 6564 
 439      2069 6E74 
 439      00
 440               	.LASF22:
 441 0067 6269 7470 		.string	"bitpop"
 441      6F70 00
 442               	.LASF9:
 443 006e 6C6F 6E67 		.string	"long long unsigned int"
 443      206C 6F6E 
 443      6720 756E 
 443      7369 676E 
 443      6564 2069 
 444               	.LASF19:
 445 0085 474E 5520 		.string	"GNU C99 9.2.0 -mn-flash=1 -mno-skip-bug -mmcu=avr5 -gdwarf-2 -Os -std=gnu99 -funsigned-ch
 445      4339 3920 
 445      392E 322E 
 445      3020 2D6D 
 445      6E2D 666C 
 446               	.LASF8:
 447 016d 6C6F 6E67 		.string	"long long int"
 447      206C 6F6E 
 447      6720 696E 
 447      7400 
 448               	.LASF16:
 449 017b 6269 746F 		.string	"biton"
 449      6E00 
 450               	.LASF12:
 451 0181 6269 7473 		.string	"bits"
 451      00
 452               	.LASF3:
 453 0186 7569 6E74 		.string	"uint16_t"
 453      3136 5F74 
 453      00
 454               	.LASF21:
 455 018f 2F55 7365 		.string	"/Users/tars/Desktop/keyboards"
 455      7273 2F74 
 455      6172 732F 
 455      4465 736B 
 455      746F 702F 
 456               	.LASF20:
 457 01ad 746D 6B5F 		.string	"tmk_core/common/util.c"
 457      636F 7265 
 457      2F63 6F6D 
 457      6D6F 6E2F 
 457      7574 696C 
 458               	.LASF6:
 459 01c4 7569 6E74 		.string	"uint32_t"
 459      3332 5F74 
 459      00
 460               	.LASF5:
 461 01cd 6C6F 6E67 		.string	"long int"
 461      2069 6E74 
 461      00
 462               	.LASF0:
 463 01d6 7369 676E 		.string	"signed char"
 463      6564 2063 
 463      6861 7200 
 464               	.LASF17:
 465 01e2 6269 7470 		.string	"bitpop32"
 465      6F70 3332 
 465      00
 466               		.text
 467               		.section	.gnu.lto_.profile.c868ef13242914df,"e",@progbits
 468 0000 789C E360 		.string	"x\234\343``\004B "
 468      6004 4220 
 468      00
 469 0009 00        		.string	""
 470 000a 00        		.string	""
 471 000b 5D00      		.string	"]"
 472 000d 0B        		.ascii	"\013"
 473               		.text
 474               		.section	.gnu.lto_.icf.c868ef13242914df,"e",@progbits
 475 0000 789C E360 		.string	"x\234\343``d0c@"
 475      6064 3063 
 475      4000 
 476 000a 4E86 055D 		.string	"N\206\005]O\016p1\276|\327\261\214\213ifk\323.F\3469\027\346\360\2604]Y\321\303\301\332}b
 476      4F0E 7031 
 476      BE7C D7B1 
 476      8C8B 6966 
 476      6BD3 2E46 
 477 0044 A443 18AB 		.ascii	"\244C\030\253"
 478               		.text
 479               		.section	.gnu.lto_.jmpfuncs.c868ef13242914df,"e",@progbits
 480 0000 789C 5D8B 		.ascii	"x\234]\213\333\r\2000\f\003\317\r\21725?\354\301*l\326\246\222"
 480      DB0D 8030 
 480      0C03 CF0D 
 480      8F32 353F 
 480      ECC1 2A6C 
 481 0017 118F 44D1 		.ascii	"\021\217D\321\311\247\270\"\016\236\331\220\264\23710\250\222"
 481      C9A7 B822 
 481      0E9E D990 
 481      B49F 3130 
 481      A892 
 482 0029 9B2C 613F 		.ascii	"\233,a?\331\317\366\213\375z\377\203.\211\274&\276\251\272\363"
 482      D9CF F68B 
 482      FD7A FF83 
 482      2E89 BC26 
 482      BEA9 BAF3 
 483 003d B62D F845 		.ascii	"\266-\370E:z3\027)"
 483      3A7A 3317 
 483      29
 484               		.text
 485               		.section	.gnu.lto_.inline.c868ef13242914df,"e",@progbits
 486 0000 789C E360 		.string	"x\234\343``d\330\316\310"
 486      6064 D8CE 
 486      C800 
 487 000a 079C 0C0C 		.string	"\007\234\f\f\034sv]|\314\224\301\310\300\304\005d]f\312```kmhh`Jab`\002\251a$\254\204\211
 487      1C73 765D 
 487      7CCC 94C1 
 487      C8C0 C405 
 487      645D 66CA 
 488 005a D621 00   		.string	"\326!"
 489 005d D221 01E4 		.string	"\322!\001\344^`J\303\255\203\225A\f\310\333\300\224\016\324\241"
 489      5E60 4AC3 
 489      AD83 9541 
 489      0CC8 DBC0 
 489      940E D4A1 
 490 0072 D2A1 00   		.string	"\322\241"
 491 0075 B603 8F0E 		.string	"\266\003\217\0166\006\2203\036 \\\305\300\320\b\024\250C\321!\005d-"
 491      3606 9033 
 491      1E20 5CC5 
 491      C0D0 0814 
 491      A843 D121 
 492 008d 9A02 D6C1 		.string	"\232\002\326\301\316\300\003r\006s:\314U\330t\240\330\301\314\003\n\304\t~0\232\003\311\0
 492      CEC0 0372 
 492      0673 3ACC 
 492      55D8 74A0 
 492      D8C1 CC03 
 493 00af 00        		.string	""
 494 00b0 5983 5F21 		.ascii	"Y\203_!"
 495               		.text
 496               		.section	.gnu.lto_.pureconst.c868ef13242914df,"e",@progbits
 497 0000 789C 05C1 		.string	"x\234\005\301\201\001"
 497      8101 00
 498 0007 1010 C4B0 		.ascii	"\020\020\304\260C\361v0lG2\242\244\322r\223\234<\232t\031\202"
 498      43F1 7630 
 498      6C47 32A2 
 498      A4D2 7293 
 498      9C3C 9A74 
 499 001d 4C59 B2A5 		.ascii	"LY\262\245\344\003L\376\005'"
 499      E403 4CFE 
 499      0527 
 500               		.text
 501               		.section	.gnu.lto_bitpop.c868ef13242914df,"e",@progbits
 502 0000 789C 5552 		.string	"x\234URMkSQ\020\235\271\363^\362Lb*n\024\273h\027\226\022\220~\240B\334\t\376\002\177\201
 502      4D6B 5351 
 502      109D B9F3 
 502      5EF2 4C62 
 502      2A6E 14BB 
 503 0065 07F9 C500 		.string	"\007\371\305"
 504 0069 A0D2 5AEF 		.string	"\240\322Z\357\017\246=\205N\035Q\035\225<GQyi%\356\350\220\373 \237\r::\342\"\2323\355!\3
 504      0FA6 3D85 
 504      4E1D 511D 
 504      953C 4751 
 504      7969 25EE 
 505 00f8 D032 4D42 		.string	"\3202MB\3778Y\033\335\034p\360)\266\2113q4#\343\340\257\304\036\226]_\327V\207\264_\335Zi
 505      FF38 591B 
 505      DD1C 70F0 
 505      29B6 8933 
 505      7134 23E3 
 506 01b7 3B79 34FC 		.string	";y4\374\343\356&\333\t\34236\262\226\200;e\226\351L\376;\355Hg\270\300\343\266G2\025\005\
 506      E3EE 26DB 
 506      09E2 3336 
 506      B296 803B 
 506      6596 E94C 
 507 021b B6F5 258F 		.ascii	"\266\365%\217\037J\244z\217v&R\311d\352d\347\351\276\236\023"
 507      1F4A A47A 
 507      8F76 2652 
 507      C964 EA64 
 507      E7E9 BE9E 
 508 0230 1D09 708E 		.ascii	"\035\tp\216\364\364\235\332b7\035\361\370\261\303{\366\355\355"
 508      F4F4 9DDA 
 508      6237 1DF1 
 508      F8B1 C37B 
 508      F6ED ED
 509 0243 064C FC03 		.ascii	"\006L\374\003\240\256\363C"
 509      A0AE F343 
 510               		.text
 511               		.section	.gnu.lto_bitpop16.c868ef13242914df,"e",@progbits
 512 0000 789C 4D52 		.string	"x\234MR\335K\223a\024?\3479\357\353^M\327\240\240h\027z3\304\b?\310`\335\365?t\325U\324(\
 512      DD4B 9361 
 512      143F E739 
 512      EFEB 5E4D 
 512      D7A0 A068 
 513 0065 4EF1 176B 		.string	"N\361\027k"
 513      00
 514 006a 95D6 FA84 		.string	"\225\326\372\204/\341(\264\252\210\252\250\350X\212\226\327\267\302\226\256\263\037fR>K\3
 514      2FE1 28B4 
 514      AA88 AAA8 
 514      E858 8A96 
 514      D7B7 C296 
 515 00b3 8F06 B13D 		.ascii	"\217\006\261=h:q\036[\270\267\177q\270\3200DyBT|\274\373\361"
 515      683A 711E 
 515      5BB8 B77F 
 515      71B8 D030 
 515      4479 4254 
 516 00cb 7D12 E5A8 		.ascii	"}\022\345\2500\300\307\\ybi\017\035B`\374}2\375\216\232\247\f"
 516      30C0 C75C 
 516      7962 690F 
 516      1D42 60FC 
 516      7D32 FD8E 
 517 00e2 EB97 93BA 		.ascii	"\353\227\223\272>O\204\317\220\204\365)\006\261\200\314\313\265"
 517      3E4F 84CF 
 517      9084 F529 
 517      06B1 80CC 
 517      CBB5 
 518 00f4 C634 179E 		.ascii	"\3064\027\236c3\310\314\333\231\251ku\324n\346\307\177\335z\240"
 518      6333 C8CC 
 518      DB99 A96B 
 518      75D4 6EE6 
 518      C77F DD7A 
 519 0109 4293 667E 		.ascii	"B\223f~\345\003\365i7\321\304\266\360\205\307\261\343\254q\234"
 519      E503 F569 
 519      37D1 C4B6 
 519      F085 C7B1 
 519      E3AC 719C 
 520 011d 8CDC 5C79 		.ascii	"\214\334\\y\264\241\306\342\345B\342\\\034\027%6\376\227\332"
 520      B4A1 C6E2 
 520      E542 E25C 
 520      1C17 2536 
 520      FE97 DA
 521 0130 ECB2 EDEA 		.ascii	"\354\262\355\352re@\273\237\366\227\366\325\"K[\312\b\223\244"
 521      7265 40BB 
 521      9FF6 97F6 
 521      D522 4B5B 
 521      CA08 93A4 
 522 0144 12B2 50B0 		.ascii	"\022\262P\260m\260\317\324"
 522      6DB0 CFD4 
 523 014c 1D83 01AE 		.string	"\035\203\001\256\022\254o\335\013\243v\001\322\244\fN0^E=1{\330\210\b\234SU\230\274\323-H
 523      12AC 6FDD 
 523      0BA3 7601 
 523      D2A4 0C4E 
 523      305E 453D 
 524 024d 46FE 019F 		.ascii	"F\376\001\237\325\361\241"
 524      D5F1 A1
 525               		.text
 526               		.section	.gnu.lto_bitpop32.c868ef13242914df,"e",@progbits
 527 0000 789C 4D52 		.string	"x\234MR\337K\024Q\024>\347\236;\356h\333\332K\030\355\203\373\262\210\021\376\240\202\355
 527      DF4B 1451 
 527      143E E79E 
 527      3BEE 68DB 
 527      DA4B 18ED 
 528 0063 07F9 C62A 		.ascii	"\007\371\306*@e\2149\020\312\270\nu\005Q\005M\270Z\321\314R9"
 528      4065 8C39 
 528      10CA B80A 
 528      7505 5105 
 528      4DB8 5AD1 
 529 007a A14D 8D73 		.ascii	"\241M\215s'\337\023\322&\354 \332o\306E\350R\244\035\354R\032"
 529      27DF 13D2 
 529      26EC 20DA 
 529      6FC6 45E8 
 529      52A4 1DEC 
 530 0090 D047 8CD9 		.ascii	"\320G\214\331\007\004W\236\n\204\347\206\317|\2164\216\031\223"
 530      0704 579E 
 530      0A84 E786 
 530      CF7C 8E34 
 530      8E19 93
 531 00a3 357E E17E 		.ascii	"5~\341~|\302\364\354(\022\300E\002\334\023\305\226\250\255\304"
 531      7CC2 F4EC 
 531      2812 C045 
 531      02DC 13C5 
 531      96A8 ADC4 
 532 00b7 716C E4DA 		.ascii	"ql\344\332\331\254\367'<HEB\324\274\034\232~\360\272F\226\nc"
 532      D9AC F727 
 532      3C48 4542 
 532      D4BC 1C9A 
 532      7EF0 BA46 
 533 00ce BCF4 5647 		.ascii	"\274\364VG\246\266\320N\004\306\217\256\317u;\r\243\226\365S"
 533      A6B6 D04E 
 533      04C6 8FAE 
 533      CF75 3B0D 
 533      A396 F553 
 534 00e2 8709 1789 		.ascii	"\207\t\027\211\360)\222\260>\301(>F\346\345\275\3729\005\370"
 534      F029 92B0 
 534      3EC1 283E 
 534      46E6 E5BD 
 534      FA39 05F8 
 535 00f6 0C1B 407A 		.ascii	"\f\033@z\336\214\215\016\325P\213\355\277\360\375\362m\025\277"
 535      DE8C 8D0E 
 535      D550 8BED 
 535      BFF0 FDF2 
 535      6D15 BF
 536 0109 66FB 67DF 		.ascii	"f\373g\337Q\267\36131\266\205\317\003\216\rg\365%%\345_\356\255"
 536      51B7 F133 
 536      31B6 85CF 
 536      038E 0D67 
 536      F525 25E5 
 537 0120 0E6F ADD2 		.ascii	"\016o\255\322"
 538 0124 3C5C 5C9C 		.string	"<\\\\\234\213\343\t\211\215\337\262ww\306\361\315\352Z\237\361\337o_\254\253F\226\326\201
 538      8BE3 0989 
 538      8DDF B277 
 538      77C6 F1CD 
 538      EA5A 9FF1 
 539 0225 D475 A68E 		.ascii	"\324u\246\216\037J\246\333\2176'\323\251T\372d\363\251\316\266"
 539      1F4A A6DB 
 539      8F36 27D3 
 539      A954 FA64 
 539      F3A9 CEB6 
 540 0239 134D 49D0 		.ascii	"\023MI\320G\332:;\266\005\213\246D\342\330\341\275\373\367\265"
 540      47DA 3A3B 
 540      B605 8BA6 
 540      44E2 D8E1 
 540      BDFB F7B5 
 541 024d 0226 FF01 		.ascii	"\002&\377\001\202\267\366b"
 541      82B7 F662 
 542               		.text
 543               		.section	.gnu.lto_biton.c868ef13242914df,"e",@progbits
 544 0000 789C 7593 		.string	"x\234u\223\333KTQ\024\207\327\332k\237\313\314\350\020\004\025I\351\213\212\b^\250\300\33
 544      DB4B 5451 
 544      1487 D7DA 
 544      6B9F CBCC 
 544      E810 0415 
 545 0060 2EF2 1F43 		.ascii	".\362\037C\200B)U\355\305|!\210\275\002\251\302\322>s\be\020"
 545      8042 2955 
 545      EDC5 7C21 
 545      88BD 02A9 
 545      C2D2 3E73 
 546 0077 93C2 0962 		.ascii	"\223\302\tbn\020s\320\rb\256\360\202\230\037\304<\364\203\230"
 546      6E10 73D0 
 546      0D62 AEF0 
 546      8298 1FC4 
 546      3CF4 8398 
 547 008b 8F68 3CE5 		.ascii	"\217h<\345#4\013\222\216\353\371\330\214\327(Ax\263\273\353s"
 547      2334 0B92 
 547      8EEB F9D8 
 547      8CD7 2841 
 547      78B3 BBEB 
 548 00a0 B4E4 8952 		.ascii	"\264\344\211Rq\225NL\025\016\253K\373\036\020@\017\001\036\312"
 548      7195 4E4C 
 548      150E AB4B 
 548      FB1E 1040 
 548      0F01 1ECA 
 549 00b4 C38A 3CD0 		.ascii	"\303\212<\320?La\t\347&\327z'\"\264\037\201\375\304\344\307O"
 549      3F4C 6109 
 549      E726 D77A 
 549      2722 B41F 
 549      81FD C4E4 
 550 00ca 54DC 67EA 		.ascii	"T\334g\352V\217\251\034.\302A\244\214:~\223\237\022\200\257\260"
 550      568F A91C 
 550      2EC2 41A4 
 550      8C3A 7E93 
 550      9F12 80AF 
 551 00df 1874 C51F 		.ascii	"\030t\305\037u\353v\224*L\365@\377\227\253\321\302G\246zi\212"
 551      75EB 7694 
 551      2A4C F540 
 551      FF97 ABD1 
 551      C247 A67A 
 552 00f5 5A55 3A56 		.ascii	"ZU:V\240;\274\336\322\001 \177\\\350\364\257\317\326\272s]\211"
 552      A03B BCDE 
 552      D201 207F 
 552      5CE8 F4AF 
 552      CFD6 BA73 
 553 010b 6FB0 502B 		.ascii	"o\260P+\323\212\206\320\345-\002\352wO'\235\264Z\373{Y\245\027"
 553      D38A 86D0 
 553      E52D 02EA 
 553      774F 279D 
 553      B45A FB7B 
 554 0122 F6BC 3F98 		.ascii	"\366\274?\230\213<\032\2056\244\2154\022\034c\271\206\363=c}"
 554      8B3C 1A85 
 554      36A4 8D34 
 554      121C 63B9 
 554      86F3 3D63 
 555 0137 6343 A8DF 		.ascii	"cC\250\337\207\215\0371\026\240\235\200\367\245$\2524@\007\t"
 555      878D 1F31 
 555      16A0 9D80 
 555      F7A5 24AA 
 555      3440 0709 
 556 014b 7B88 F161 		.ascii	"{\210\361a\001U\357\313R3|\001\343\017/hO\327\260\306\316\226"
 556      0155 EFCB 
 556      5233 7C01 
 556      E30F 2F68 
 556      4FD7 B0C6 
 557 0161 E559 BF93 		.ascii	"\345Y\277\2234\005`\032\363L\356\240\315\375\201-\253m=\244\375"
 557      3405 601A 
 557      F34C EEA0 
 557      CDFD 812D 
 557      AB6D 3DA4 
 558 0176 24AF 9142 		.ascii	"$\257\221B\234?\033O\376\312\321\371\002%\016"
 558      9C3F 1B4F 
 558      FECA D1F9 
 558      0225 0E
 559 0185 73FE 3CB6 		.string	"s\376<\266~\037\031\305 \2113&\226\027?\240\316@\356\370\026\355\247\350 \212\261\034\241
 559      7E1F 19C5 
 559      2089 3326 
 559      9617 3FA0 
 559      CE40 EEF8 
 560 0286 7B9B EACE 		.ascii	"{\233\352\316\034\257ih<U^\323PW\327P_~\276\251\366lY\r\310\223"
 560      1CAF 6968 
 560      3C55 5ED3 
 560      5057 D750 
 560      5F7E BEA9 
 561 02a0 B54D E776 		.ascii	"\265M\347v\331CYU\325\351\023\207\217\036\251\004\254\377\007"
 561      D943 5955 
 561      D5E9 1387 
 561      8F1E A904 
 561      ACFF 07
 562 02b3 52CB 5BB6 		.ascii	"R\313[\266"
 563               		.text
 564               		.section	.gnu.lto_biton16.c868ef13242914df,"e",@progbits
 565 0000 789C 7594 		.ascii	"x\234u\224\337KTQ\020\307\317\2349\367\347\356^\215\036\214$"
 565      DF4B 5451 
 565      10C7 CF9C 
 565      39F7 E7EE 
 565      5E8D 1E8C 
 566 0015 F4C5 4404 		.ascii	"\364\305D\004\177P\201\275\365?\364\007DI\201\224\nf\275z\\\315"
 566      7F50 81BD 
 566      F53F F407 
 566      4449 8194 
 566      0A66 BD7A 
 567 002b 2837 D34A 		.ascii	"(7\323J\245h\331r1Q\037\244\036z\320\31255\263\227\"\212\244"
 567      A568 D972 
 567      3151 1FA4 
 567      1E7A D0CA 
 567      3535 B397 
 568 0042 072D 41A9 		.ascii	"\007-A\251 {\023\263\322\346\234{\325U\327\205\235\235\2713g"
 568      207B 13B3 
 568      D2E6 9C7B 
 568      D555 D785 
 568      9D9D B933 
 569 0057 E6FB 99C3 		.ascii	"\346\373\231\303^\233\001\2537\030+g\214u\322\027B\f\270\224"
 569      5E9B 01AB 
 569      3718 2B67 
 569      8C75 D217 
 569      420C B894 
 570 006b F284 D568 		.ascii	"\362\204\325hs\216\344\345\013\351\n\3777\214 \202\234\340F\220"
 570      738E E4E5 
 570      0BE9 0AFF 
 570      378C 2082 
 570      9CE0 4690 
 571 007f 3383 9C01 		.ascii	"3\203\234\001f\2203\271\025\344\354 g\201\035\344l\356\00497"
 571      6690 33B9 
 571      15E4 EC20 
 571      6781 1DE4 
 571      6CEE 0439 
 572 0094 C839 E006 		.ascii	"\3109\340\0069\027@{\322\006\326\300Q\030\246e;.4\300M\354F\270"
 572      3917 407B 
 572      D206 D6C0 
 572      5118 A665 
 572      3B2E 34C0 
 573 00ac DDD9 3EE7 		.ascii	"\335\331>\347\025\365I\031\225\251\356\225\2021y\345@\002\031"
 573      15F5 4919 
 573      95A9 EE95 
 573      8231 79E5 
 573      4002 19
 574 00bf BB8B 0C8E 		.ascii	"\273\213\f\216\344BY.S\037\030\206\"\252m\231l\037\211\264a\002"
 574      E442 592E 
 574      531F 1886 
 574      22AA 6D99 
 574      6C1F 89B4 
 575 00d5 0138 850F 		.ascii	"\0018\205\017?\276\213\202\n9dS\030_\353\231\n\341A`\344\317"
 575      3FBE 8B82 
 575      0A39 6453 
 575      185F EB99 
 575      0AE1 4160 
 576 00eb 2763 6FB1 		.ascii	"'co\261\260Ww\375pR\206\023\210\360\034Pu}\006\2710\002\324\227"
 576      B057 77FD 
 576      7052 8613 
 576      88F0 1C50 
 576      757D 06B9 
 577 0103 9EE5 7570 		.ascii	"\236\345up\006/\240\220\2513\377\344\235.\017\313\364\371\201"
 577      062F A090 
 577      A933 FFE4 
 577      9D2E 0FCB 
 577      F4F9 81
 578 0116 FEAF 37BC 		.ascii	"\376\2577\274\202\244>\277\374\t\233e\2521\237d\301\250\337c"
 578      82A4 3EBF 
 578      FC09 9B65 
 578      AA31 9F64 
 578      C1A8 DF63 
 579 012a 5359 5E9C 		.ascii	"SY^\234\353q\217\327:#\246\200\024\024(\345J\361\030\230t\007"
 579      EB71 8FD7 
 579      3A23 A680 
 579      1414 28E5 
 579      4AF1 1898 
 580 0140 0CD4 B3A1 		.ascii	"\f\324\263\241\367FJ\256\255_\225\251\245\234\353\225\373\200"
 580      F746 4AAE 
 580      AD5F 95A9 
 580      A59C EB95 
 580      FB80 
 581 0152 460B AE0C 		.ascii	"F\013\256\f*#\2241\264\016S[K[\233\251\243\216\266\256\266!m"
 581      2A23 9431 
 581      B40E 535B 
 581      4B5B 9BA9 
 581      A38E B6AE 
 582 0169 C3A0 B211 		.ascii	"\303\240\262\021\355{\332fi\313X+2Z\264\024 S\214\305\220\373"
 582      ED7B DA66 
 582      69CB 582B 
 582      325A B414 
 582      2053 8CC5 
 583 017f 4123 058B 		.ascii	"A#\005\213 {\376\024kM\213\020}pYy\352\fIok\3725k\253%\222Zx"
 583      207B FE14 
 583      6B4D 8B10 
 583      7D70 5979 
 583      EA0C 496F 
 584 019c 497B 51B5 		.ascii	"I{Q\265\353~\355\017h\372\333\362\035\225\037\247\375b\230\352"
 584      EB7E ED0F 
 584      68FA DBF2 
 584      1D95 1FA7 
 584      FD62 98EA 
 585 01b0 47D7 BB46 		.ascii	"G\327\273F\205\2527\300\206q\252_\200\346o\343\023\020\024\245"
 585      85AA 37C0 
 585      8671 AA5F 
 585      80E6 6FE3 
 585      1310 14A5 
 586 01c4 7744 EA38 		.ascii	"wD\3528\001\376\r\306\020\033I\016Wr@\215\030\206M9K\332UT\324"
 586      01FE 0DC6 
 586      101B 490E 
 586      5772 408D 
 586      1886 4D39 
 587 01dd 40CF 1FE0 		.ascii	"@\317\037\340\233\311'<M\354\357\245\336\031\364\305\3320\251"
 587      9BC9 273C 
 587      4DEC EFA5 
 587      DE19 F4C5 
 587      DA30 A9
 588 01f0 5BC7 50A4 		.ascii	"[\307P\244sr\275\2138\332\276\257{\032\272g2f\354\206\342\224"
 588      7372 BD8B 
 588      38DA BEAF 
 588      7B1A BA67 
 588      3266 EC86 
 589 0206 A5BE B3D1 		.ascii	"\245\276\263\321\370J\330\207\022\360j'\024\337\240X\006\203"
 589      F84A D887 
 589      12F0 6A27 
 589      14DF A058 
 589      0683 
 590 0218 96C0 19C9 		.ascii	"\226\300\031\311\304\325\271C\313$\2026\306?\317yJ\f\256&\016"
 590      C4D5 B943 
 590      CB24 8236 
 590      C63F CF79 
 590      4A0C AE26 
 591 022d 931C 633B 		.ascii	"\223\034c;g2V\222\021\224\247\203\222\246\373-\323\216?.B\352"
 591      6732 5692 
 591      1194 A783 
 591      92A6 FB2D 
 591      D38E 3F2E 
 592 0243 49D3 A385 		.ascii	"I\323\243\205\216n\317g\0250\245/&\232\277\261\013\252\322\354"
 592      8E6E CF67 
 592      1530 A52F 
 592      269A BFB1 
 592      0BAA D2EC 
 593 0257 6626 7627 		.ascii	"f&v'\215\335\324c\3722\261#e\323\377T\006px\275\223\035\267\330"
 593      8DDD D463 
 593      FA32 B123 
 593      65D3 FF54 
 593      0670 78BD 
 594 026f 2932 04B1 		.ascii	")2\004\261s\343\336\374\f.\203C:U\0341n\355')\326v\356\276=\270"
 594      73E3 DEFC 
 594      0C2E 8343 
 594      3A55 1C31 
 594      6EED 2729 
 595 0289 714F 6E8F 		.ascii	"qOn\217\224\223\236\336\326\036_\017\275\261`z\027\267\247\271"
 595      9493 9EDE 
 595      D61E 5F0F 
 595      BDB1 607A 
 595      17B7 A7B9 
 596 029d ED4C DC6E 		.ascii	"\355L\334n\032\267\245\307\ff\342\026\224\205\342\035\234b\213"
 596      1AB7 A5C7 
 596      0C66 E216 
 596      9485 E21D 
 596      9C62 8B
 597 02b0 D3A2 BD98 		.ascii	"\323\242\275\230\304\205\326\260\346tI\227\212=Ks:\3339\007\367"
 597      C485 D6B0 
 597      E674 4997 
 597      8A3D 4B73 
 597      3ADB 3907 
 598 02c5 E014 7B72 		.ascii	"\340\024{rf\221R\342|z\355g\277\343s\002\274\331\305\231\245"
 598      6691 52E2 
 598      7C7A ED67 
 598      BFE3 7302 
 598      BCD9 C599 
 599 02da 39DD 4C9C 		.ascii	"9\335L\234!\335z(`[\242\301u~\347\220\326\037\242\3766\351\315"
 599      21DD 7A28 
 599      605B A2C1 
 599      757E E790 
 599      D61F A2FE 
 600 02f1 723E CF7F 		.ascii	"r>\317\177\021\364V\200\255\267\002c9\365\325\347OU\326\326\235"
 600      11F4 5680 
 600      ADB7 0263 
 600      39F5 D5E7 
 600      4F55 D6D6 
 601 0306 2DAD ACAD 		.ascii	"-\255\254\255\256\256\255)\275T_u\241\244\222\2113U\365\027\263"
 601      AEAE AD29 
 601      BD54 5F75 
 601      A1A4 9289 
 601      3355 F517 
 602 031b FDA0 A4A2 		.ascii	"\375\240\244\242\342\334\351\243\307\217\2253\250\371\017(2\273"
 602      E2DC E9A3 
 602      C78F 9533 
 602      A8F9 0F28 
 602      32BB 
 603 032d 19        		.ascii	"\031"
 604               		.text
 605               		.section	.gnu.lto_biton32.c868ef13242914df,"e",@progbits
 606 0000 789C 7594 		.string	"x\234u\224\333kTW\024\306\367\267\367>\3673\223I\206\322b\036\314\213\210\024\242A\005}\3
 606      DB6B 5457 
 606      14C6 F7B7 
 606      F73E F733 
 606      9349 86D2 
 607 009b 61AA 8532 		.ascii	"a\252\2052J\2658\325\"\304\251\026\003\234\031\037b\233T\332"
 607      4AB5 38D5 
 607      22C4 A916 
 607      039C 191F 
 607      629B 54DA 
 608 00af 713D 3F08 		.ascii	"q=?\b\243\030\333\260O\365*|\333\263\377\217\374\262\223\306"
 608      A318 DBB0 
 608      4FF5 2A7C 
 608      DBB3 FF8F 
 608      FCB2 93C6 
 609 00c3 944C A5F7 		.ascii	"\224L\245\367\250\333\267\353\256Q\307\224\020}J`e#V4\n\373\301"
 609      A8DB B7EB 
 609      AE51 C794 
 609      107D 4A60 
 609      6523 5634 
 610 00da 1096 D1E2 		.ascii	"\020\226\321\342\207\245\376\177\343\275\244\003\232\312\203"
 610      87A5 FE7F 
 610      E3BD A403 
 610      9ACA 83
 611 00e9 B7CF 8D84 		.ascii	"\267\317\215\204\266\224h\242\262\177z\340f\244\026AP~\341\373"
 611      B694 68A2 
 611      B27F 7AE0 
 611      66A4 1641 
 611      507E E1FB 
 612 00fd 273B 9CA5 		.ascii	"';\234\245\203\334\366\367\255&>\246\024.C\331\256\227\320\210"
 612      83DC F6F7 
 612      AD26 3EA6 
 612      142E 43D9 
 612      AE97 D088 
 613 0111 8BA0 BEF4 		.ascii	"\213\240\276\364l\361\004\004~\306Ra\367\2745\007\017\345\325"
 613      6CF1 0404 
 613      7EC6 5261 
 613      F7BC 3507 
 613      0FE5 D5
 614 0124 0ADE 7FFA 		.ascii	"\n\336\177\372\324\243=\371%\337\361\376\033}\213\256\030s\330"
 614      D4A3 3DF9 
 614      25DF F1FE 
 614      1B7D 8BAE 
 614      1873 D8
 615 0137 68F2 85E1 		.ascii	"h\362\205\341\244\311\214\265\305\377\360\372\307?M\367\344\\"
 615      A4C9 8CB5 
 615      C5FF F0FA 
 615      C73F 4DF7 
 615      E45C 
 616 0149 8D0A 9658 		.ascii	"\215\n\226X\353\326\362\025\270tG\002\366\331\217\2779\0253\375"
 616      EBD6 F215 
 616      B874 4702 
 616      F6D9 8FBF 
 616      3915 33FD 
 617 015d 6EA7 A94C 		.ascii	"n\247\251L\177r\342m\374\021\350p-mP6h\033\034\033\\\266\343"
 617      7F72 E26D 
 617      FC11 E870 
 617      2D6D 5036 
 617      681B 1C1B 
 618 0174 71F4 3906 		.ascii	"q\3649\006\034Ca\333D\034c\2169\216y\216u\260k\n\234\327sl\340"
 618      1C43 61DB 
 618      441C 638E 
 618      398E 798E 
 618      75B0 6B0A 
 619 018d 58E4 2844 		.ascii	"X\344(D\267\022t\tF\303T\204(+\231\024\235T\214\301\f<);lv\f"
 619      B712 7409 
 619      46C3 5484 
 619      282B 9914 
 619      9D54 8CC1 
 620 01a8 A5E3 5FDB 		.ascii	"\245\343_\333\314n\"\246\275\333\247\036\372v\274\204\201_hb"
 620      CC6E 22A6 
 620      BDDB A71E 
 620      FA76 BC84 
 620      815F 6862 
 621 01bc 76F1 78BA 		.ascii	"v\361x\272\370ol\377\277\353/e\363~\032\275\252\243\r'\356\335"
 621      F86F 6CFF 
 621      BFEB 2F65 
 621      F37E 1ABD 
 621      AAA3 0D27 
 622 01d2 2DC1 6E70 		.ascii	"-\301npP\300U\3320\212\035\023W\257!]T\335RQ\313kH.\267\254T"
 622      50C0 55DA 
 622      308A 1D13 
 622      57AF 215D 
 622      54DD 5251 
 623 01ed 2719 92D6 		.ascii	"'\031\222\326\020\354\031C\230\3613\311\251\245\243\006l\340"
 623      10EC 1943 
 623      98F1 33C9 
 623      A9A5 A306 
 623      6CE0 
 624 01ff B49C 11CF 		.ascii	"\264\234\021\317\310*\267\367\216?\355\361\022\267\005\\\347"
 624      C82A B7F7 
 624      8E3F EDF1 
 624      12B7 055C 
 624      E7
 625 0210 D665 A5AB 		.ascii	"\326e\245\253I%O\243_\205I\316=]\356\371,\013J\222J}\207\337"
 625      4925 4FA3 
 625      5F85 49CE 
 625      3D5D EEF9 
 625      2C0B 4A92 
 626 0228 1D1A D609 		.ascii	"\035\032\326\t\224\217\033\363\241\344\007\212\227\266\252\223"
 626      948F 1BF3 
 626      A1E4 078A 
 626      97B6 AA93 
 627 0238 826C AAA1 		.ascii	"\202l\252\241\261\373\352%B;3ydl\002\326\016=\374S\223#g.\352"
 627      B1FB EA25 
 627      423B 3379 
 627      646C 02D6 
 627      0E3D FC53 
 628 0251 B372 7326 		.ascii	"\263rs&\253\254f%[G\273F\202\344\304\002\001\220\255\327\223"
 628      ABAC 6625 
 628      5B47 BB46 
 628      82E4 C402 
 628      0190 ADD7 
 629 0266 83F7 5582 		.ascii	"\203\367U\202\353\343&_N\251\351\3038h\025\343\273Y\370Q\025"
 629      EBE3 265F 
 629      4EA9 E9C3 
 629      3868 15E3 
 629      BB59 F851 
 630 027b BEC7 C74C 		.ascii	"\276\307\307Le\341+R\253_9\007\032\267\346\343\253Y|\217\306"
 630      65E1 2B52 
 630      AB5F 3907 
 630      1AB7 E6E3 
 630      AB59 7C8F 
 631 0290 A509 5F3A 		.ascii	"\245\t_:\017\030?\"\237\266.8\337\024\311\2127\227{\252\006\267"
 631      0F18 3F22 
 631      9FB6 2E38 
 631      DF14 C98A 
 631      3797 7BAA 
 632 02a6 AAC9 5D4F 		.ascii	"\252\311]O\316\311\317\017\243\007z\363\t\267\306\310\002\356"
 632      CEC9 CF0F 
 632      A307 7AF3 
 632      09B7 C6C8 
 632      02EE 
 633 02b8 7AE6 F6B3 		.ascii	"z\346\366\263\270\343*n\237\217y\221\305\255I\245s\272\256\357"
 633      B8E3 2A6E 
 633      9F8F 7991 
 633      C5AD 49A5 
 633      73BA AEEF 
 634 02cc BF98 4BB8 		.ascii	"\277\230K\270%n\317\347\326\263\334>\315\311%N\345\275a\356\230"
 634      256E CFE7 
 634      D6B3 DC3E 
 634      CDC9 254E 
 634      E5BD 61EE 
 635 02e1 7CDA BADE 		.ascii	"|\332\272\336c\356`.\367\213\032\334\272&w\0039'?\203\335\003"
 635      63EE 602E 
 635      F78B 1ADC 
 635      BA26 7703 
 635      3927 3F83 
 636 02f7 891F FA9B 		.ascii	"\211\037\372\233\307\235\005\334\r\314\035fq\347\252\270\003"
 636      C79D 05DC 
 636      0DCC 1D66 
 636      71E7 AAB8 
 636      03
 637 0308 3EE6 5516 		.ascii	">\346U\026\267C*>\235\307\351\314r\0064\027\237\270tpd\334r\346"
 637      B743 2A3E 
 637      9DC7 E9CC 
 637      7206 3417 
 637      9FB8 7470 
 638 0320 C897 AD1B 		.ascii	"\310\227\255\033\002\346\214\346r\276\252\301\351\324\344,\222"
 638      02E6 8CE6 
 638      72BE AAC1 
 638      E9D4 E42C 
 638      92
 639 0331 53E2 3CBF 		.ascii	"S\342<\277\373\371\251 \341\004~]\300Yd\3168\2133\317\255\377"
 639      FBF9 A920 
 639      E104 7E5D 
 639      C059 64CE 
 639      388B 33CF 
 640 0347 4BD9 26E9 		.ascii	"K\331&\351\340-I\347<\373\317S\377\220\374\026\243\241qz\023"
 640      E02D 49E7 
 640      3CFB CF53 
 640      FF90 FC16 
 640      A3A1 717A 
 641 035c BB15 66FF 		.ascii	"\273\025f\377\022\205\370\270\243\355\313\365\255\355[\276X\336"
 641      1285 F8B8 
 641      A3ED CBF5 
 641      ADED 5BBE 
 641      58DE 
 642 036e DADE D6D6 		.ascii	"\332\336\326\326\276y\371W\035\03375\267\n\375\371\306\216\255"
 642      BE79 F957 
 642      1D1B 3735 
 642      B70A FDF9 
 642      C68E AD
 643 0381 85A4 685E 		.ascii	"\205\244h^\263f\303g\253\326\256n\021\330\374\036#O\024\247"
 643      B366 C367 
 643      ABD6 AE6E 
 643      11D8 FC1E 
 643      234F 14A7 
 644               		.text
 645               		.section	.gnu.lto_bitrev.c868ef13242914df,"e",@progbits
 646 0000 789C 6D53 		.string	"x\234mSMk\023Q\024\275w\336\344s2I\372\221\246I\024\335\225\"4J\025\352B\020\334\372\037D
 646      4D6B 1351 
 646      14BD 77DE 
 646      E473 3249 
 646      FA91 A649 
 647 009a 0769 B9D6 		.string	"\007i\271\326\232\177a\211$\002\235++\253\357\304\300\r%|vH\206H\204u\024m:bv,#\340C\034"
 647      9A7F 6189 
 647      2402 9D2B 
 647      2BAB EFC4 
 647      C00D 257C 
 648 00bf 567C BEDB 		.string	"V|\276\333\232\263\275&[\263\345#\364RZ\200;+\236\206lm\224e\243\231\274\376\325\336\206$
 648      9AB3 BD26 
 648      5BB3 E523 
 648      F452 5A80 
 648      3B2B 9E86 
 649 00f0 8F41 068B 		.string	"\217A\006\213\307\020\237l\2060C\204\271(C\027\217\335\f=<\366\362)\306\320\307\020G\316\
 649      C710 9F6C 
 649      8630 4384 
 649      B928 4317 
 649      8FDD 0C3D 
 650 01a2 6B0C 3C8C 		.string	"k\f<\214\r\245\241N\223\021\275c\221\361\177N!\342]N6q\344\364m\243y;\254\255\206\361\211
 650      0DA5 A14E 
 650      9311 BD63 
 650      91F1 7F4E 
 650      21E2 5D4E 
 651 022e F17C F6E4 		.ascii	"\361|\366\344\221Ln\354x:\223\313fs\247\323g\363\243\247\206"
 651      914C 6EEC 
 651      783A 93CB 
 651      6673 A7D3 
 651      67F3 A3A7 
 652 0243 3260 1E1B 		.ascii	"2`\036\033\315\237\211\352ahd\344\304\321\275\373\367\355\201"
 652      CD9F 89EA 
 652      6168 64E4 
 652      C4D1 BDFB 
 652      F7ED 81
 653 0256 3F77 D830 		.ascii	"?w\3300\314"
 653      CC
 654               		.text
 655               		.section	.gnu.lto_bitrev16.c868ef13242914df,"e",@progbits
 656 0000 789C 6D51 		.string	"x\234mQMk\023Q\024\275g\336\314dR3\330\235\320Pt\027\272I\020\024\352\256\377A\350V4X(\03
 656      4D6B 1351 
 656      14BD 67DE 
 656      CC64 5233 
 656      D89D D050 
 657 0085 81C0 38C3 		.ascii	"\201\3008\303\321\240\375\335\237\332\322:\320\341\352\241\373"
 657      D1A0 FDDD 
 657      9FDA D23A 
 657      D0E1 EAA1 
 657      FB
 658 0096 F8EE AEE6 		.ascii	"\370\356\256\346o\0265Y\336A\032/\220&y\360\022S,o\r\327\337"
 658      6F16 3559 
 658      DE41 1A2F 
 658      9026 79F0 
 658      1253 2C6F 
 659 00ad 9F52 1320 		.ascii	"\237R\023 >\177\335X\372\2442\233\306\372\355\262N\261\r\257"
 659      3E7F DD58 
 659      FAA4 329B 
 659      C6FA EDB2 
 659      4EB1 0DAF 
 660 00c1 A0FE 7232 		.ascii	"\240\376r2w\366\031\b\257\221!\343\331\031>\362][\332K\323.\\"
 660      77F6 1908 
 660      AF91 21E3 
 660      D919 3EF2 
 660      5D5B DA4B 
 661 00d8 BE0F D1F3 		.ascii	"\276\017\321\363\317N\250\207\243\206\016\373\351\265\237\276"
 661      CF4E A887 
 661      A386 0EFB 
 661      E9B5 9FBE 
 662 00e8 0F36 F212 		.ascii	"\0176\362\022\\\024\027\333\226\342pq\\\341\022R<\341\222R\306"
 662      5C14 17DB 
 662      96E2 7071 
 662      5CE1 1252 
 662      3CE1 9252 
 663 00fd 20ED 53F1 		.ascii	" \355S\361\220EE\034\202\266\241C\242%eE\240\302\240\017\275"
 663      9045 451C 
 663      82B6 A143 
 663      A225 6545 
 663      A0C2 A00F 
 664 0112 FEE3 9E63 		.ascii	"\376\343\236c\206\356!8i|Prn\361\255\324\030\355\243v.\202\222"
 664      86EE 2138 
 664      697C 5072 
 664      6EF1 ADD4 
 664      18ED A376 
 665 0129 52EB E9C7 		.ascii	"R\353\351\307Q\262\206\240\342\265\225\333T\274#B\324@,n\363"
 665      51B2 86A0 
 665      E2B5 95DB 
 665      54BC 2342 
 665      D440 2C6E 
 666 013e 7C63 4724 		.ascii	"|cG$W\354`\242:\2507\223\021c3\311=\272\243\225\256-I\333\360"
 666      57EC 60A2 
 666      3AA8 3793 
 666      1163 33C9 
 666      3DBA A395 
 667 0157 F086 D360 		.ascii	"\360\206\323`\321I\275w:\0229<4f\271\327Ql\225\017\177\254\222"
 667      D149 BD77 
 667      3A12 393C 
 667      3466 B9D7 
 667      516C 950F 
 668 016e F8FF 2A6F 		.ascii	"\370\377*o\243U\334\177W\361Z\206\250.7zq\277\244\331\306\213"
 668      A355 DC7F 
 668      57F1 5A86 
 668      A82E 377A 
 668      71BF A4D9 
 669 0184 54DB F17D 		.ascii	"T\333\361}S\314s\032\201\031\"\2511e\3229\216\3239@\360d!\326"
 669      53CC 731A 
 669      8119 22A9 
 669      3165 D239 
 669      8ED3 3940 
 670 019c CA7F 5A54 		.ascii	"\312\177ZT\370\235)\321\231R\341\306\225|q\341z._,\024\212\267"
 670      F89D 29D1 
 670      9952 E1C6 
 670      957C 71E1 
 670      7A2E 5F2C 
 671 01b3 7277 4AF3 		.ascii	"rwJ\3637\263y\262\257\315\227n\217G ;==w\365\302\245\213\347"
 671      37B3 79B2 
 671      AFCD 976E 
 671      8F47 203B 
 671      3D3D 77F5 
 672 01cb E917 43BD 		.ascii	"\351\027C\275\277\276"
 672      BFBE 
 673               		.text
 674               		.section	.gnu.lto_bitrev32.c868ef13242914df,"e",@progbits
 675 0000 789C 6D51 		.ascii	"x\234mQMK\033Q\024\275g\336Lf\322\304\217]\241V\352N\334\030"
 675      4D4B 1B51 
 675      14BD 67DE 
 675      4C66 D2C4 
 675      8F5D A156 
 676 0018 0A0A BAF3 		.ascii	"\n\n\272\363\237\210\206\026\244\306\200\306\265/\323`(\221\b"
 676      9F88 8616 
 676      A4C6 80C6 
 676      B52F D360 
 676      2891 08
 677 002b D222 1142 		.ascii	"\322\"\021BT,mW\"m\241\324\252c7%\342B\024]\272P\021\024\351"
 677      542C 6D57 
 677      226D A1D4 
 677      AA63 3725 
 677      E242 145D 
 678 0044 BA14 1B7B 		.ascii	"\272\024\033{\357\274\241Up`.\357\2349\347\276s\357x\004\032"
 678      EFBC A155 
 678      7060 2EEF 
 678      9C39 E7BE 
 678      73EF 7804 
 679 0059 B088 5244 		.ascii	"\260\210RD\324\316/\024\301\322Z\017\270y\317\002\302\223\366"
 679      D4CE 2F14 
 679      C1D2 5A0F 
 679      B879 CF02 
 679      C293 F6
 680 006c 4053 16A6 		.ascii	"@S\026\2460\253\346\025\216\375\352\257dY\325Xh3|\275\363\251"
 680      30AB E615 
 680      8EFD EAAF 
 680      6459 D558 
 680      6833 7CBD 
 681 0082 FE40 20D0 		.ascii	"\376@ \320\301p\355`\377O\274\353\235\326\276\016\346\347\334"
 681      C170 ED60 
 681      FF4F BCEB 
 681      9DD6 BE0E 
 681      E6E7 DC
 682 0095 85F2 9EE6 		.ascii	"\205\362\236\346o\026UX\276\2166|E\033\311\203o\350by\265\261"
 682      6F16 5558 
 682      BE8E 367C 
 682      451B C983 
 682      6FE8 6279 
 683 00ab FC23 A11E 		.ascii	"\374#\241\036\201\370\374e\345\264\340t\276\r\255g\023:\3116"
 683      81F8 FC65 
 683      E5B4 E074 
 683      BE0D AD67 
 683      133A C936 
 684 00bf 6C40 DD71 		.ascii	"l@\335q2\367\244\004\302&:I<'k\2157M1[\332K\323-\304x\036\242"
 684      32F7 A404 
 684      C226 3A49 
 684      3C27 6B8D 
 684      374D 315B 
 685 00db D57D 27D0 		.ascii	"\325}'\320\215\233\242\016\216\036/}nN\202\215\034\202\213\342"
 685      8D9B A20E 
 685      8E1E 2F7D 
 685      6E4E 828D 
 685      1C82 8BE2 
 686 00ef 62DB 521C 		.ascii	"b\333R\034)1\341\\)\236\3008\244s\"\352_R\304\363k\033: \232"
 686      2931 E15C 
 686      299E C038 
 686      A473 22EA 
 686      5F52 C4F3 
 687 0108 5196 0179 		.ascii	"Q\226\001y\006\347\320\313\253e'\274\357\022\376u\361\"<Wy \025"
 687      06E7 D0CB 
 687      AB65 27BC 
 687      EF12 FE75 
 687      F122 3C57 
 688 011f A72B 143A 		.ascii	"\247+\024:\f\264d\304\367\2737\361\002\374\274WSNEq<\004(\200"
 688      0CB4 64C4 
 688      F7BB 37F1 
 688      02FC BC57 
 688      534E 4571 
 689 0137 585C 5391 		.ascii	"X\\S\221\275\256\214^\261\205\231\227\277\247+M\206\261\231\344"
 689      BDAE 8C5E 
 689      B185 9997 
 689      BFA7 2B4D 
 689      86B1 99E4 
 690 014b 264B 877B 		.ascii	"&K\207{>d\313.Z\261\315\233`\321\365t\275\327\210\034\2765b\271"
 690      3E64 CB2E 
 690      5AB1 CD9B 
 690      60D1 F574 
 690      BDD7 881C 
 691 0163 D9AB 16C3 		.ascii	"\331\253\026\303\312\207[Y\334\373\263|7Yb\377\262\300\310=v"
 691      CA87 5B59 
 691      DCFB B37C 
 691      3759 62FF 
 691      B2C0 C83D 
 692 0178 C82D 73C5 		.ascii	"\310-s\305\017Q\270D\230\306\343\341\375\260\245,\211\331p\031"
 692      0F51 B844 
 692      98C6 E3E1 
 692      FDB0 A52C 
 692      89D9 7019 
 693 018c 1FA3 65FC 		.ascii	"\037\243e\374\204\2778\036\311\345\217\224\024\376\257\220\350"
 693      84BF 381E 
 693      C9E5 8F94 
 693      14FE AF90 
 693      E8
 694 019d 612E F362 		.ascii	"a.\363b0\235\035\177\226Jg3\231\354Xj272\332\235&{x$7\321j@w"
 694      309D 1D7F 
 694      964A 6733 
 694      99EC 586A 
 694      3237 32DA 
 695 01bb 5FDF F3A1 		.ascii	"_\337\363\241\236\376\336\247\364\027\262m\270\\"
 695      9EFE DEA7 
 695      F417 B26D 
 695      B85C 
 696               		.text
 697               		.section	.gnu.lto_.symbol_nodes.c868ef13242914df,"e",@progbits
 698 0000 789C 75CC 		.string	"x\234u\314\261\r\2000\fD\321\263\2238\351Y\206\226UX\344P&`\ff`\bf\241\246\"H\204\206\304
 698      B10D 8030 
 698      0C44 D1B3 
 698      9338 E959 
 698      8696 5558 
 699 002c 2888 F3DA 		.ascii	"(\210\363\332FY\017\224\304\276Lxv\250P\332\240\32468\272\245"
 699      4659 0F94 
 699      C4BE 4C78 
 699      76A8 50DA 
 699      A0D4 3638 
 700 0042 9CFF 8BA7 		.ascii	"\234\377\213\247\357H`\350\210\321:\022\031;\222\230\332\342"
 700      EF48 60E8 
 700      88D1 3A12 
 700      193B 9298 
 700      DAE2 
 701 0054 E2FB 6CFE 		.ascii	"\342\373l\376*\233K\261\216\265\262\341\006\341\373A\273"
 701      2A9B 4BB1 
 701      8EB5 B2E1 
 701      06E1 FB41 
 701      BB
 702               		.text
 703               		.section	.gnu.lto_.refs.c868ef13242914df,"e",@progbits
 704 0000 789C E360 		.string	"x\234\343``\004B "
 704      6004 4220 
 704      00
 705 0009 00        		.string	""
 706 000a 00        		.string	""
 707 000b 5D00      		.string	"]"
 708 000d 0B        		.ascii	"\013"
 709               		.text
 710               		.section	.gnu.lto_.decls.c868ef13242914df,"e",@progbits
 711 0000 789C 7595 		.ascii	"x\234u\225]L\\E\024\307\347\334Y\330e\313\ni\2104\302\003\341"
 711      5D4C 5C45 
 711      14C7 E7DC 
 711      59D8 65CB 
 711      0A69 8834 
 712 0017 8507 9322 		.ascii	"\205\007\223\"l%\020\0374\321\304\304D\237\254\006_PIM\210\005"
 712      6C25 101F 
 712      34D1 C4C4 
 712      449F AC06 
 712      5F50 494D 
 713 002d 9A06 4C7C 		.ascii	"\232\006L|\321)iim\013\005\241J[\264 M\205\246D4b\213t\351\242"
 713      D129 6969 
 713      6D0B 05A1 
 713      4A5B B420 
 713      4D85 A644 
 714 0047 6CF9 58BE 		.ascii	"l\371X\276\266B\371f\371\376\260\224\3354\321h\215Y\317\314\334"
 714      B642 F966 
 714      F9FE B094 
 714      DD34 D168 
 714      8D59 CFCC 
 715 005c BB77 C065 		.ascii	"\273w\300e\222s\347\343\234\363?\277;3\271\327F\200\274f%\344"
 715      9273 E7E3 
 715      9CF3 3FBF 
 715      3B33 B9D7 
 715      4680 BC66 
 716 0072 2621 E45D 		.ascii	"&!\344]\215\220\0206;\216}h\024\355.\232\007\315Kd\213A\033E"
 716      8D90 1036 
 716      3B8E 7D68 
 716      14ED 2E9A 
 716      07CD 4B64 
 717 008a 1B43 9B44 		.ascii	"\033C\233D\233F\233E\233G[@[A\333 \377o\215`\352m\242m\351\353"
 717      9B46 9B45 
 717      9B47 5B40 
 717      5B41 DB20 
 717      FF6F 8D60 
 718 00a4 A0EB ED6E 		.ascii	"\240\353\355n-\350\210\322\343\367\243%\350\034\271J\336X\204"
 718      2DE8 88D2 
 718      E3F7 A325 
 718      E81C B94A 
 718      DE58 84
 719 00b7 BCEF 23E4 		.ascii	"\274\357#\344q\3664%o2B^\273\302\227\214\366\216\022?\035!\276"
 719      71F6 3425 
 719      6F32 425E 
 719      BBC2 978C 
 719      F68E 123F 
 720 00ce 031D D17B 		.ascii	"\003\035\321{\360\251\271\263\021r]\021r\rF5w>Bn7:,z.\217\335"
 720      F0A9 B9B3 
 720      1172 5D11 
 720      720D 4635 
 720      773E 426E 
 721 00e9 D279 8D9C 		.ascii	"\322y\215\234\205\b9\375\350\260\355\3424\336\221\363\006\320"
 721      8508 39FD 
 721      E8B0 EDE2 
 721      34DE 91F3 
 721      06D0 
 722 00fb 46F4 58BC 		.ascii	"F\364X\274\002\342\f#\351\370"
 722      02E2 0C23 
 722      E9F8 
 723 0105 76E9 78F5 		.string	"v\351x\365|\316\035D[V\370\271\316\206\256\265\273}I\301\275P\3617\255\244\220l\207\020\3
 723      7CCE 1D44 
 723      5B56 F8B9 
 723      CE86 AEB5 
 723      BB7D 49C1 
 724 0206 D7D7 3AB7 		.string	"\327\327:\267\265E\360\003n\266\270@\306U\0029\001"
 724      B545 F003 
 724      6EB6 B840 
 724      C655 0239 
 724      0100 
 725 0218 6172 0E62 		.ascii	"ar\016b\212\275&;}\t\3640b\214\303q\322\243\031\2522\007ty\264"
 725      8ABD 263B 
 725      7D09 F430 
 725      628C C371 
 725      D2A3 19AA 
 726 0231 90D1 A4BC 		.ascii	"\220\321\244\274\021b\212\362\231\266\203J\327\340>\215?\024"
 726      1162 8AF2 
 726      99B6 834A 
 726      D7E0 3E8D 
 726      3F14 
 727 0243 0930 520D 		.ascii	"\t0R\r\205\035NS9\334\205\251\214W\307\035\251\231\352\236\325"
 727      851D 4E53 
 727      39DC 85A9 
 727      8C57 C71D 
 727      A999 EA9E 
 728 0258 E8EB 62C3 		.ascii	"\350\353b\303\207\373*{\255\026\254\317o\013\224Z\370\332\231"
 728      87FB 2A7B 
 728      AD16 ACCF 
 728      6F0B 945A 
 728      F8DA 99
 729 026b E18E 3A48 		.ascii	"\341\216:H\274\310o\243\233\261x\020.y\317\b\214@\"\201a\260"
 729      BCC8 6FA3 
 729      9BB1 7810 
 729      2E79 CF08 
 729      8C40 2281 
 730 0281 48A9 EAC5 		.ascii	"H\251\352\305\266\224\324\006\026\\`\356\365\313\207>o:\301\332"
 730      B694 D406 
 730      165C 60EE 
 730      F5CB 873E 
 730      6F3A C1DA 
 731 0295 30EB 250B 		.ascii	"0\353%\013\017\203!<\023<\020A0\304\2574\f\302\"\2446Q\002\243"
 731      0F83 213C 
 731      133C 1041 
 731      30C4 AF34 
 731      0CC2 22A4 
 732 02ad 908A D9EC 		.ascii	"\220\212\331\354\326\306\232\205\036\025 \033\177\254\314X\004"
 732      D6C6 9A85 
 732      1E15 201B 
 732      7FAC CC58 
 732      04
 733 02be 8827 0C72 		.ascii	"\210'\fr\356\263\262\n\272\027\310o\034\344\276\0012Y\331[\023"
 733      EEB3 B20A 
 733      BA17 C86F 
 733      1CE4 BE01 
 733      3259 D95B 
 734 02d3 A793 0CBC 		.ascii	"\247\223\f\274\311\3163\036\217!\340S |&\304\023\215\300\230"
 734      C9CE 331E 
 734      8F21 E053 
 734      207C 26C4 
 734      138D C098 
 735 02e7 80A8 3FE7 		.ascii	"\200\250?\347\017j\264T@\364=i-\020\f\3360\303\205\037~*\213"
 735      0F6A B454 
 735      40F4 3D69 
 735      2D10 0CDE 
 735      30C3 851F 
 736 02fe DB8B 6182 		.ascii	"\333\213a\2023<0\030.\3348\375\320j"
 736      333C 3018 
 736      2EDC 38FD 
 736      D06A 
 737 030c 301C D619 		.string	"0\034\326\0310\004\306\025\206q\223\301\207\f\223\202\301[_7\350\240\237\b\206\372\236\26
 737      3004 C615 
 737      8671 93C1 
 737      870C 9382 
 737      C15B 5F37 
 738 040d 7B12 E087 		.string	"{\022\340\207\016\344\277\200)\377\002\002\233`'\360;z\037\342g\360\022\263\211\205K\fC\2
 738      0EE4 BF80 
 738      29FF 0202 
 738      9B60 27F0 
 738      3B7A 1FE2 
 739 0461 C412 D9F1 		.ascii	"\304\022\331\361\357\206\2535\270#vyGlP\306\362\356\351\222\302"
 739      EF86 AB35 
 739      B823 7679 
 739      476C 50C6 
 739      F2EE E992 
 740 0476 0FF3 F28B 		.ascii	"\017\363\362\213\217\037I\317/.,,.J/-)8z0\337\366\352\033\207"
 740      8F1F 49CF 
 740      2F2E 2C2C 
 740      2E4A 2F2D 
 740      2938 7A30 
 741 048f 535E CEC9 		.ascii	"S^\316\311!\361r~0;\373\203\367\016\345<\237A\254\245\005E%\331"
 741      21F1 727E 
 741      303B FB83 
 741      F70E E53C 
 741      9F41 ACA5 
 742 04a7 7925 36DE 		.ascii	"y%6\336gd\351\003gf^I\364\373\005%\307\212\217%FV$6\351\316\310"
 742      6764 E903 
 742      6766 5E49 
 742      F4FB 0525 
 742      C78A 8F25 
 743 04c2 D207 CECC 		.ascii	"\322\007\316\314(\034\024\027Y\3053#K\366\316L.s\374\310G6\331"
 743      281C 1417 
 743      59C5 3323 
 743      4BF6 CE4C 
 743      2E73 FCC8 
 744 04d9 C970 1C38 		.ascii	"\311p\03483\377\003c\350n\313"
 744      33FF 0363 
 744      E86E CB
 745               		.text
 746               		.section	.gnu.lto_.symtab.c868ef13242914df,"e",@progbits
 747 0000 6269 7470 		.string	"bitpop"
 747      6F70 00
 748 0007 00        		.string	""
 749 0008 00        		.string	""
 750 0009 00        		.string	""
 751 000a 00        		.string	""
 752 000b 00        		.string	""
 753 000c 00        		.string	""
 754 000d 00        		.string	""
 755 000e 00        		.string	""
 756 000f 00        		.string	""
 757 0010 00        		.string	""
 758 0011 00        		.string	""
 759 0012 D000      		.string	"\320"
 760 0014 00        		.string	""
 761 0015 00        		.string	""
 762 0016 6269 7470 		.string	"bitpop16"
 762      6F70 3136 
 762      00
 763 001f 00        		.string	""
 764 0020 00        		.string	""
 765 0021 00        		.string	""
 766 0022 00        		.string	""
 767 0023 00        		.string	""
 768 0024 00        		.string	""
 769 0025 00        		.string	""
 770 0026 00        		.string	""
 771 0027 00        		.string	""
 772 0028 00        		.string	""
 773 0029 00        		.string	""
 774 002a D400      		.string	"\324"
 775 002c 00        		.string	""
 776 002d 00        		.string	""
 777 002e 6269 7470 		.string	"bitpop32"
 777      6F70 3332 
 777      00
 778 0037 00        		.string	""
 779 0038 00        		.string	""
 780 0039 00        		.string	""
 781 003a 00        		.string	""
 782 003b 00        		.string	""
 783 003c 00        		.string	""
 784 003d 00        		.string	""
 785 003e 00        		.string	""
 786 003f 00        		.string	""
 787 0040 00        		.string	""
 788 0041 00        		.string	""
 789 0042 D800      		.string	"\330"
 790 0044 00        		.string	""
 791 0045 00        		.string	""
 792 0046 6269 746F 		.string	"biton"
 792      6E00 
 793 004c 00        		.string	""
 794 004d 00        		.string	""
 795 004e 00        		.string	""
 796 004f 00        		.string	""
 797 0050 00        		.string	""
 798 0051 00        		.string	""
 799 0052 00        		.string	""
 800 0053 00        		.string	""
 801 0054 00        		.string	""
 802 0055 00        		.string	""
 803 0056 00        		.string	""
 804 0057 DA00      		.string	"\332"
 805 0059 00        		.string	""
 806 005a 00        		.string	""
 807 005b 6269 746F 		.string	"biton16"
 807      6E31 3600 
 808 0063 00        		.string	""
 809 0064 00        		.string	""
 810 0065 00        		.string	""
 811 0066 00        		.string	""
 812 0067 00        		.string	""
 813 0068 00        		.string	""
 814 0069 00        		.string	""
 815 006a 00        		.string	""
 816 006b 00        		.string	""
 817 006c 00        		.string	""
 818 006d 00        		.string	""
 819 006e DC00      		.string	"\334"
 820 0070 00        		.string	""
 821 0071 00        		.string	""
 822 0072 6269 746F 		.string	"biton32"
 822      6E33 3200 
 823 007a 00        		.string	""
 824 007b 00        		.string	""
 825 007c 00        		.string	""
 826 007d 00        		.string	""
 827 007e 00        		.string	""
 828 007f 00        		.string	""
 829 0080 00        		.string	""
 830 0081 00        		.string	""
 831 0082 00        		.string	""
 832 0083 00        		.string	""
 833 0084 00        		.string	""
 834 0085 DE00      		.string	"\336"
 835 0087 00        		.string	""
 836 0088 00        		.string	""
 837 0089 6269 7472 		.string	"bitrev"
 837      6576 00
 838 0090 00        		.string	""
 839 0091 00        		.string	""
 840 0092 00        		.string	""
 841 0093 00        		.string	""
 842 0094 00        		.string	""
 843 0095 00        		.string	""
 844 0096 00        		.string	""
 845 0097 00        		.string	""
 846 0098 00        		.string	""
 847 0099 00        		.string	""
 848 009a 00        		.string	""
 849 009b E000      		.string	"\340"
 850 009d 00        		.string	""
 851 009e 00        		.string	""
 852 009f 6269 7472 		.string	"bitrev16"
 852      6576 3136 
 852      00
 853 00a8 00        		.string	""
 854 00a9 00        		.string	""
 855 00aa 00        		.string	""
 856 00ab 00        		.string	""
 857 00ac 00        		.string	""
 858 00ad 00        		.string	""
 859 00ae 00        		.string	""
 860 00af 00        		.string	""
 861 00b0 00        		.string	""
 862 00b1 00        		.string	""
 863 00b2 00        		.string	""
 864 00b3 E400      		.string	"\344"
 865 00b5 00        		.string	""
 866 00b6 00        		.string	""
 867 00b7 6269 7472 		.string	"bitrev32"
 867      6576 3332 
 867      00
 868 00c0 00        		.string	""
 869 00c1 00        		.string	""
 870 00c2 00        		.string	""
 871 00c3 00        		.string	""
 872 00c4 00        		.string	""
 873 00c5 00        		.string	""
 874 00c6 00        		.string	""
 875 00c7 00        		.string	""
 876 00c8 00        		.string	""
 877 00c9 00        		.string	""
 878 00ca 00        		.string	""
 879 00cb E800      		.string	"\350"
 880 00cd 00        		.string	""
 881 00ce 00        		.string	""
 882               		.text
 883               		.section	.gnu.lto_.opts,"e",@progbits
 884 0000 272D 666E 		.string	"'-fno-openmp' '-fno-openacc' '-fno-pie' '-mn-flash=1' '-mno-skip-bug' '-mmcu=avr5' '-Os' 
 884      6F2D 6F70 
 884      656E 6D70 
 884      2720 272D 
 884      666E 6F2D 
 885               		.text
 886               		.comm	__gnu_lto_v1,1,1
 887               		.comm	__gnu_lto_slim,1,1
 888               		.ident	"GCC: (GNU) 9.2.0"
DEFINED SYMBOLS
                            *ABS*:0000000000000000 util.c
/var/folders/xx/3qcqnrxj7md526g3lvyld9680000gn/T//cctq9hyi.s:2      *ABS*:000000000000003e __SP_H__
/var/folders/xx/3qcqnrxj7md526g3lvyld9680000gn/T//cctq9hyi.s:3      *ABS*:000000000000003d __SP_L__
/var/folders/xx/3qcqnrxj7md526g3lvyld9680000gn/T//cctq9hyi.s:4      *ABS*:000000000000003f __SREG__
/var/folders/xx/3qcqnrxj7md526g3lvyld9680000gn/T//cctq9hyi.s:5      *ABS*:0000000000000000 __tmp_reg__
/var/folders/xx/3qcqnrxj7md526g3lvyld9680000gn/T//cctq9hyi.s:6      *ABS*:0000000000000001 __zero_reg__
/var/folders/xx/3qcqnrxj7md526g3lvyld9680000gn/T//cctq9hyi.s:13     .gnu.debuglto_.debug_info:0000000000000000 util.c.88fa4951
                            *COM*:0000000000000001 __gnu_lto_v1
                            *COM*:0000000000000001 __gnu_lto_slim

NO UNDEFINED SYMBOLS
