   1               		.file	"process_leader.c"
   2               	__SP_H__ = 0x3e
   3               	__SP_L__ = 0x3d
   4               	__SREG__ = 0x3f
   5               	__tmp_reg__ = 0
   6               	__zero_reg__ = 1
   7               		.section	.gnu.lto_.profile.29c5af45245a1b4,"",@progbits
   8 0000 789C 6363 		.string	"x\234cc```\001bF\206L}"
   8      6060 6001 
   8      6246 864C 
   8      7D00 
   9 000e 0179 00   		.string	"\001y"
  10 0011 A4        		.ascii	"\244"
  11               		.text
  12               		.section	.gnu.lto_.icf.29c5af45245a1b4,"",@progbits
  13 0000 789C 6363 		.string	"x\234cc``0b@"
  13      6060 3062 
  13      4000 
  14 000a 0E86 96A7 		.string	"\016\206\226\247s\266p3\202I\246\327\275\373/\3611\257\371{\343:\033\313\246\206\245w\271
  14      73B6 7033 
  14      8249 A6D7 
  14      BDFB 2FF1 
  14      31AF F97B 
  15 0039 6C5D 1832 		.ascii	"l]\0302"
  16               		.text
  17               		.section	.gnu.lto_.jmpfuncs.29c5af45245a1b4,"",@progbits
  18 0000 789C 4D8E 		.string	"x\234M\216\261\r\302@\fE\377;G9\0241B&`\311\243\241\242E\210\"\005;$\024\351\020\013@\317
  18      B10D C240 
  18      0C45 FF3B 
  18      4739 1431 
  18      4226 60C9 
  19 006e 963A 0B8E 		.ascii	"\226:\013\216\225\007\376\256H3\342\314\"C"
  19      9507 FEAE 
  19      4833 E2CC 
  19      2243 
  20               		.text
  21               		.section	.gnu.lto_.inline.29c5af45245a1b4,"",@progbits
  22 0000 789C 6363 		.string	"x\234cc``\270\306\200"
  22      6060 B8C6 
  22      8000 
  23 000a 2C0C 0CCC 		.string	",\f\f\314L\214\fL@&\333\002y\020\305\300\210!\302\304  \f\024\341iq\200\013\261\360\0025\
  23      4C8C 0C4C 
  23      4026 DB02 
  23      7910 C5C0 
  23      8821 C2C4 
  24 0076 A032 46A0 		.string	"\2402F\240\375070\276`w`b`\355Pw`\220\272\244\311\302 4E\270\201\221\205\001b\265"
  24      FD30 3730 
  24      BE60 7760 
  24      6260 ED50 
  24      7760 90BA 
  25 0098 0B98 02F9 		.string	"\013\230\002\371\204\007H2N\360c"
  25      8407 4832 
  25      4EF0 6300 
  26 00a4 00        		.string	""
  27 00a5 99E2 1B06 		.ascii	"\231\342\033\006"
  28               		.text
  29               		.section	.gnu.lto_.pureconst.29c5af45245a1b4,"",@progbits
  30 0000 789C 6363 		.string	"x\234cc``\340\004b\026\006\tF\t&\tvI"
  30      6060 E004 
  30      6216 0609 
  30      4609 2609 
  30      7649 00
  31 0013 02AD 00   		.string	"\002\255"
  32 0016 7F        		.ascii	"\177"
  33               		.text
  34               		.section	.gnu.lto_leader_start.29c5af45245a1b4,"",@progbits
  35 0000 789C 6363 		.string	"x\234cc``\250\001bm \226\006bFf\006F\246\t\347\030\030\0329\230\030\031A\214\006\016F\206
  35      6060 A801 
  35      626D 2096 
  35      0662 4666 
  35      0646 A609 
  36 0035 0407 A67F 		.string	"\004\007\246\177\223hXq\200q\0163\003\3034 \006\001\306\315\214\232\f@e\2176\376\233\312\
  36      9368 5871 
  36      8071 0E33 
  36      03C3 3420 
  36      0601 C6CD 
  37 00b2 514C 3A53 		.ascii	"QL:S"
  38               		.text
  39               		.section	.gnu.lto_leader_end.29c5af45245a1b4,"",@progbits
  40 0000 789C 6363 		.string	"x\234cc``\250\001bm \226\006bFf\006F\246\t\347\030\030\0329\230\030\031A\214\006\016F\206
  40      6060 A801 
  40      626D 2096 
  40      0662 4666 
  40      0646 A609 
  41 0035 0407 A6FF 		.string	"\004\007\246\377\221hXq\200q\0163\003\3034 \006\001\306\315\214\232\f@e\2176\376\233\312\
  41      9168 5871 
  41      8071 0E33 
  41      03C3 3420 
  41      0601 C6CD 
  42 00b2 6580 3A88 		.ascii	"e\200:\210"
  43               		.text
  44               		.section	.gnu.lto_qk_leader_start.29c5af45245a1b4,"",@progbits
  45 0000 789C 8D92 		.string	"x\234\215\222\315k\023Q\024\305\357\2317I\306i\022\327\312\374\003QP\204\342\277#%\235\21
  45      CD6B 1351 
  45      14C5 EF99 
  45      3749 C669 
  45      12D7 CAFC 
  46 00ba 6928 587C 		.string	"i(X|\221\254\316L\032\352H&\271\344\254\032\311w\234\b\276\275-\232\377\257(P68\325z\225;
  46      91AC CE4C 
  46      1AEA 4826 
  46      B9E4 AC1A 
  46      C977 9C08 
  47 0185 8F1A 8FE2 		.ascii	"\217\032\217\342\322N\207\1776\353i>`\333\005\217Y\327\277\377"
  47      D24E 877F 
  47      36EB 693E 
  47      60DB 058F 
  47      59D7 BFFF 
  48 0199 15FA 8D0B 		.ascii	"\025\372\215\013\241\311K\033\027\361\224\306O\21417\346W\332"
  48      A1C9 4B1B 
  48      17F1 94C6 
  48      4F8C 3137 
  48      E657 DA
  49 01ac 1F8A 4CAE 		.ascii	"\037\212L\256k\035\3567\n\317\310\222\\\301\347L\333\3411\247"
  49      6B1D EE37 
  49      0ACF C892 
  49      5CC1 E74C 
  49      DBE1 31A7 
  50 01c0 FBAB D3CD 		.ascii	"\373\253\323\315\033}\013.\332\360\032jk|\362\366\306\305\373"
  50      1B7D 0B2E 
  50      DAF0 1A6A 
  50      6B7C F2F6 
  50      C6C5 FB
  51 01d3 C15B 198F 		.ascii	"\301[\031\217:\333\306\020W\245#\023C\207\217N\034\332=:6R\366"
  51      3ADB C610 
  51      57A5 2313 
  51      4387 8F4E 
  51      1CDA 3D3A 
  52 01ea C7C7 F71D 		.ascii	"\307\307\367\035\360\217\225G\206\375\336\372\240?4\354\217\355"
  52      F08F 9547 
  52      86FD DEFA 
  52      A03F 34EC 
  52      8FED 
  53 01fc 2ACB 3ACF 		.ascii	"*\313:\317p\013\272"
  53      700B BA
  54               		.text
  55               		.section	.gnu.lto_leader_sequence.29c5af45245a1b4,"",@progbits
  56 0000 789C 6363 		.string	"x\234cc``\250\004bF\006\b\230\302\314\270\376\315\316\237\274\335\314s\230\201\202@\356\3
  56      6060 A804 
  56      6246 0608 
  56      98C2 CCB8 
  56      FECD CE9F 
  57 0068 DE65 2429 		.ascii	"\336e$)"
  58               		.text
  59               		.section	.gnu.lto_process_leader.29c5af45245a1b4,"",@progbits
  60 0000 789C 8554 		.string	"x\234\205T\355O[U\030?\3179\267\367\336\336\336\3662\026\243$M\234\321\204\260\030qJ41&~\
  60      ED4F 5B55 
  60      183F CF39 
  60      B7F7 DEDE 
  60      DEF6 3216 
  61 00c5 2D5C 1358 		.string	"-\\\023X3\027\232O7L\277e\007\035h\206\275\342m\001\007\333\367\377\030\2529\342\272Q7sh\
  61      3317 9A4F 
  61      374C BF65 
  61      071D 6886 
  61      BDE2 6D01 
  62 0104 70DC 4EFD 		.ascii	"p\334N\3759\366n\200\266\034*p{\352\302\301NM<\b\f\327}m\211"
  62      39F6 6E80 
  62      B61C 2A70 
  62      7BEA C2C1 
  62      4E4D 3C08 
  63 011d BF82 D51F 		.ascii	"\277\202\325\037H\314\345g\\;%\004|\n\2020OB\030N@\230\341\021"
  63      48CC E567 
  63      5C3B 2504 
  63      7C0A 8230 
  63      4F42 184E 
  64 0135 8353 508D 		.ascii	"\203SP\215\336-\223c\017\210:\031\330\3355\363\226\351\005\316"
  64      DE2D 9363 
  64      0F88 3A19 
  64      D8DD 35F3 
  64      96E9 05CE 
  65 0149 6EA5 400D 		.ascii	"n\245@\rz\312\0035\006\275PM\356\227\216\257\266"
  65      7ACA 0335 
  65      06BD 504D 
  65      EE97 8EAF 
  65      B6
  66 015a 0775 8DC4 		.string	"\007u\215\304\242\312\323\2403\300E\327\224/\343\256\256\265\"\304\021\350{\372n\300\030\
  66      A2CA D3A0 
  66      33C0 45D7 
  66      942F E3AE 
  66      AEB5 22C4 
  67 025b F14D 0A4C 		.string	"\361M\nL\2733\332NP4\234\203f\206D)\021$i\331\241\034\334\366>\260o\371\260F\324\002:9\23
  67      BB33 DA4E 
  67      5034 9C83 
  67      6686 4429 
  67      1124 69D9 
  68 02fe 67EA D852 		.string	"g\352\330RmZIxI\031\245}\n\225\367)\224\306\261/\353\223\003\023\330\247q\331\247\2547\02
  68      6D5A 4978 
  68      4919 A57D 
  68      0A95 F729 
  68      94C6 B12F 
  69 03e6 F9E2 D805 		.ascii	"\371\342\330\005\331\200\216\021\304ryo\325\372,\250\024\276"
  69      D980 8E11 
  69      C472 796F 
  69      D5FA 2CA8 
  69      14BE 
  70 03f8 2B61 71BC 		.ascii	"+aq\274\257\343\3578iI\021\220\035\017\220X+y9\303K+\312\260"
  70      AFE3 EF38 
  70      6949 1190 
  70      1D0F 9058 
  70      2B79 39C3 
  71 0410 A2DF 4358 		.ascii	"\242\337CXK^\235\224\013\316\311\006\245\265\345g\305O!\370\355"
  71      4B5E 9D94 
  71      0BCE C906 
  71      A5B5 E567 
  71      C54F 21F8 
  72 0425 05C2 C474 		.ascii	"\005\302\304tj^\335\261\355\345\327v\274T\373JSc}d\373\366\347"
  72      6A5E DDB1 
  72      EDE5 D776 
  72      BC54 FB4A 
  72      5363 7D64 
  73 043c 5E88 BC51 		.ascii	"^\210\274Q\337\330\020)\356_\214lk\2104=T\317\f\357Fo\212\324"
  73      DFD8 1029 
  73      EE5F 8C6C 
  73      6B88 343D 
  73      54CF 0CEF 
  74 0454 3736 35FC 		.ascii	"765\374\013b\247Cu"
  74      0B62 A743 
  74      75
  75               		.text
  76               		.section	.gnu.lto_.symbol_nodes.29c5af45245a1b4,"",@progbits
  77 0000 789C 6363 		.string	"x\234cc``8\004\304\fL\202\365\f\f\023\31610"
  77      6060 3804 
  77      C40C 4C82 
  77      F50C 0C13 
  77      CE31 3000 
  78 0014 A95D 0D8E 		.string	"\251]\r\216@\001\241zFT\001\361z&\024\001Va\306F%\240VV\021&\b-\306\f\241E\031\3004\223D=
  78      4001 A17A 
  78      4654 01F1 
  78      7A26 1401 
  78      5661 C646 
  79 0043 0343 4383 		.string	"\003CC\203\003\220/Y\317\212\302\227\256gC\3463310<\372\241\307\314\304\311\260\344'\220\
  79      0390 2F59 
  79      CF8A C297 
  79      AE67 43E6 
  79      3333 3130 
  80 0081 00        		.string	""
  81 0082 084F 28E6 		.ascii	"\bO(\346"
  82               		.text
  83               		.section	.gnu.lto_.refs.29c5af45245a1b4,"",@progbits
  84 0000 789C 0DC3 		.string	"x\234\r\303\321\t"
  84      D109 00
  85 0007 2014 0240 		.string	" \024\002@\315\247\365\031D\215\320\376#\326\301\005\300\375\335 R\305\n\335[F:$\224\341\
  85      CDA7 F519 
  85      448D D0FE 
  85      23D6 C105 
  85      C0FD DD20 
  86 002e E8        		.ascii	"\350"
  87               		.text
  88               		.section	.gnu.lto_.decls.29c5af45245a1b4,"",@progbits
  89 0000 789C 9557 		.string	"x\234\225W{PT\327\031\277\337=\273\013\\\026\260B:\266a&\306\222\206t\032\026\255\251I\23
  89      7B50 54D7 
  89      19BF DF3D 
  89      BB0B 5C16 
  89      B042 3AB6 
  90 0042 0988 1A54 		.string	"\t\210\032T\210\"ouc\242\002Q\303\303\027\321\004\002\006C\022\036\242\"\212@\277\363\270
  90      8822 6F75 
  90      63A2 0251 
  90      C3C3 17D1 
  90      0402 0643 
  91 00c5 E296 085C 		.ascii	"\342\226\b\\\273\320\374\004\342~\201#\004\307/q<\202\343W\300"
  91      BBD0 FC04 
  91      E27E 8123 
  91      04C7 2F71 
  91      3C82 E357 
  92 00da 63F9 35DE 		.ascii	"c\3715\336{\360\376\033\3401zq\374X\360R\3554&E\304\363\260\210"
  92      7BF0 FE1B 
  92      E031 7A71 
  92      FC58 F052 
  92      ED34 2645 
  93 00f2 C718 4BFC 		.ascii	"\307\030K\374\002\r\t\350\237\b\277Q\202o\261\353\021\231c\250"
  93      020D 09E8 
  93      9F08 BF51 
  93      826F B1EB 
  93      1199 63A8 
  94 0106 CEA5 02AF 		.ascii	"\316\245\002\257\347\227>\037\215\343Y\034\004\355!\021\007\325"
  94      E797 3E1F 
  94      8DE3 591C 
  94      04ED 2111 
  94      07D5 
  95 0118 FD5B 1C8F 		.ascii	"\375[\034\217\202_\273\256[\217\021i\2459\034\227E\fQ\242\026"
  95      825F BBAE 
  95      5B8F 1169 
  95      A539 1C97 
  95      450C 51A2 
  96 012d 7A8D BE2D 		.ascii	"z\215\276-\206\022\002\307\347oy#\362\t,U@F\263g\342\324\233"
  96      8612 02C7 
  96      E76F 7923 
  96      F209 2C55 
  96      4046 B367 
  97 0144 A168 4629 		.ascii	"\241hF)\260\004\315\356\354\272\035\204\257\232\320,\236\311"
  97      B004 CDEE 
  97      ECBA 1D84 
  97      AF9A D02C 
  97      9EC9 
  98 0156 B91E A1E4 		.ascii	"\271\036\241\344jxui\232y\031\235\257\207h8\b\030\0014\200\202"
  98      6A78 7569 
  98      9A79 199D 
  98      AF87 6838 
  98      0818 0134 
  99 016c 7F6D D170 		.ascii	"\177m\321p\bMD\317Nt\315Z\371\303\n\232\275\303oe[9u\027]\336"
  99      084D 44CF 
  99      4E74 CD5A 
  99      F9C3 0A9A 
  99      BDC3 6F65 
 100 0186 7967 6682 		.ascii	"ygf\202r?\243\300\374<\301\211\332\257\233o\207\361\t\272^<:"
 100      723F A3C0 
 100      FC3C C189 
 100      DAAF 9B6F 
 100      87F1 09BA 
 101 019d 512F 1399 		.ascii	"Q/\023\231\375\316\316\274y&4n\257\306\257\340\277K\320\nD\017"
 101      FDCE CEBC 
 101      7926 346E 
 101      AFC6 AFE0 
 101      BF4B D00A 
 102 01b3 E148 D1A5 		.ascii	"\341H\321\245a\205\254\246@\371\370\241\214\202\020P"
 102      6185 ACA6 
 102      40F9 F8A1 
 102      8C82 1050 
 103 01c3 6251 6326 		.string	"bQc&\327(\371\024\302Q\210\245\344m\020'A\013N6\343d5%\364\216oY1\230\243i2\034\001\005\0
 103      D728 F914 
 103      C251 88A5 
 103      E46D 1027 
 103      410B 4E36 
 104 02c4 3A83 1E4C 		.string	":\203\036Ll\227\277"
 104      6C97 BF00 
 105 02cc D134 A5AC 		.string	"\3214\245\254\230\336\n\215,\363\205\320\215!D\213R~\204A\234\341-\227?\332Wd&\333x\036\3
 105      98DE 0A8D 
 105      2CF3 85D0 
 105      8D21 448B 
 105      527E 8441 
 106 03a0 8BA2 BE64 		.ascii	"\213\242\276dX*\352\324B\254?\021\\\377p\tK\350@`B\213\370\016"
 106      582A EAD4 
 106      42AC 3F11 
 106      5CFF 7009 
 106      4BE8 4060 
 107 03b8 E4D9 781F 		.ascii	"\344\331x\037\237=\306\\\f\210T\364c*>\305T\\\306\361\211H\007"
 107      9F3D C65C 
 107      0C88 54F4 
 107      632A 3EC5 
 107      545C C6F1 
 108 03cf 467B 6EEC 		.ascii	"F{n\354\326\027\n9\311\363\332\224\273kC\004\304Fr7'\036\243"
 108      D617 0A39 
 108      C9F3 DA94 
 108      BB6B 4304 
 108      C446 7237 
 109 03e6 5E86 F0F9 		.ascii	"^\206\360\371\317\374i\032`i\272\247/\030D\027\337\342\356\312"
 109      CFFC 691A 
 109      6069 BAA7 
 109      2F18 4417 
 109      DFE2 EECA 
 110 03fa CCBE 9670 		.ascii	"\314\276\226p\276O-h\2666\266\2350\363\035\035\217f\347;\035"
 110      BE4F 2D68 
 110      B636 B69D 
 110      30F3 1D1D 
 110      8F66 E73B 
 111 040f 7D66 D2C3 		.ascii	"}f\322\303w\213~\276F\361\363U\337\341Q|\207\237\250\230\337"
 111      778B 7EBE 
 111      46F1 F355 
 111      DFE1 517C 
 111      879F A898 
 112 0424 1B46 CE73 		.ascii	"\033F\316s\250~PG\361\203\372\263\374\212\223\n\031\340k\205"
 112      A87E 5047 
 112      F183 FAB3 
 112      FC8A 930A 
 112      19E0 6B85 
 113 0438 1D87 7308 		.ascii	"\035\207s\b\371\222\033\3157\212\2772\223\033\334\310\234{\255"
 113      F992 1BCD 
 113      378A BF32 
 113      931B DCC8 
 113      9C7B AD
 114 044b 5B26 1A3B 		.ascii	"[&\032;E\311\201\274\312\317CA\341\007\003\337T\232\327\177."
 114      45C9 81BC 
 114      CACF 4341 
 114      E107 03DF 
 114      549A D77F 
 115 0460 4830 CE4E 		.ascii	"H0\316N\360\t\\\276&\016\005:\303\016\205\t\302~\227\220\340"
 115      F009 5CBE 
 115      260E 053A 
 115      C30E 8509 
 115      C27E 9790 
 116 0475 BCCB 4D67 		.ascii	"\274\313MgBi\273\320\206\021[\353V\373j\334Z\336A\302Zf\004S"
 116      4269 BBD0 
 116      8611 5BEB 
 116      56FB 6ADC 
 116      5ADE 41C2 
 117 048d 398D 395A 		.ascii	"9\2159Z\245\3678\233\275\216Y\372\002\374\3150\027\225\255\345"
 117      A5F7 389B 
 117      BD8E 59FA 
 117      02FC CD30 
 117      1795 ADE5 
 118 04a1 46D0 1DCE 		.ascii	"F\320\035\316\300\337\330\020\234\371\374Y\354\305\274\b\306"
 118      C0DF D810 
 118      9CF9 FC59 
 118      ECC5 BC08 
 118      C6
 119 04b2 30BA 28AF 		.ascii	"0\272(\257\341\201\311?t\375"
 119      E181 C93F 
 119      74FD 
 120 04bc 934A 8531 		.string	"\223J\2051\201\276\n>8\335\200\024~\025\374\370\217)\236\362|\275(\373*\177[\236\341m9}\2
 120      81BE 0A3E 
 120      38DD 8014 
 120      7E15 FCF8 
 120      8F29 9EF2 
 121 05bd E206 6C70 		.string	"\342\006lp\033\230\211w\216\323\247@\300$\375\267@\361yY\247c\377@\022l\363\372\305\231\0
 121      1B98 8977 
 121      8ED3 A740 
 121      C024 FDB7 
 121      40F1 7959 
 122 063a 1E6C 572F 		.ascii	"\036lW/\376t\b+\222\225\251i"
 122      FE74 082B 
 122      9295 A969 
 123 0646 260A 83D7 		.string	"&\n\203\327\364RC\256l\242\026\225\223#\367\243\300<y\005>]y\356\340\22102\266\230\214\23
 123      F452 43AE 
 123      6CA2 1695 
 123      9323 F7A3 
 123      C03C 7905 
 124 0747 9EBC CAFA 		.ascii	"\236\274\312\372\316\233!l\356Y\005\336\344R>\337\376\326Gf6"
 124      CE9B 216C 
 124      EE59 05DE 
 124      E452 3EDF 
 124      FED6 4766 
 125 075c 67B7 4219 		.ascii	"g\267B\031\237;\237\265a*\374\301,S9~\027S\373\360\266\221\203"
 125      9F3B 9FB5 
 125      612A FCC1 
 125      2C53 397E 
 125      1753 FBF0 
 126 0773 2686 A990 		.ascii	"&\206\251\220\037d3S\203\005\233\202H\216\211\205x\255\374z\265"
 126      1F64 3353 
 126      8305 9B82 
 126      488E 8985 
 126      78AD FC7A 
 127 0788 8586 F836 		.ascii	"\205\206\3706\312x\213&\032'o\\\336\326f&\005\034Q\263\245\252"
 127      CA78 8B26 
 127      1A27 6F5C 
 127      DED6 6626 
 127      051C 51B3 
 128 079e 8BE5 A88A 		.ascii	"\213\345\250\212&\241\222{yg2C1\026\r\375\263\232\301N\\\207"
 128      26A1 927B 
 128      7967 3243 
 128      3116 0DFD 
 128      B39A C14E 
 129 07b4 6A56 B672 		.ascii	"jV\266r\275l\373/\3644Zh?U\340'n\336\217f\336?\231\251}\246i"
 129      BD6C FB2F 
 129      F434 5A68 
 129      3F55 E027 
 129      6EDE 8F66 
 130 07cf 16        		.ascii	"\026"
 131 07d0 4D5B 49A1 		.ascii	"M[I\241\260\331\327\235\333\260;7\313\374;\036v\261\342U\365"
 131      B0D9 D79D 
 131      DBB0 3B37 
 131      CBFC 3B1E 
 131      76B1 E255 
 132 07e5 17BF 1642 		.ascii	"\027\277\026BNs-\357z\333\177htK\373H\357\225=\001\373\254!\247"
 132      4E73 2DEF 
 132      7ADB 7F68 
 132      744B FB48 
 132      EF95 3D01 
 133 07fd A09D F530 		.ascii	"\240\235\3650BO\226\222\313\365%Z\256\205\201`\267?\341\273u"
 133      424F 9692 
 133      CBF5 255A 
 133      AE85 8160 
 133      B73F E1BB 
 134 0812 5FEF 305F 		.ascii	"_\3570_\215\353\216\216Z\3105\356\353\316\272\351K\304\327\255"
 134      8DEB 8E8E 
 134      5AC8 35EE 
 134      EBCE BAE9 
 134      4BC4 D7AD 
 135 0826 BC08 1FDE 		.ascii	"\274\b\037\336l\271\024\274\230\200}L\300^=\352\301\342\374"
 135      6CB9 14BC 
 135      9880 7D4C 
 135      C05E 3DEA 
 135      C1E2 FC
 136 0839 AE50 A160 		.string	"\256P\241`\362\351B+]\207\032\277\357\032\335\367~\346\273\253\277Y\013&\363\334\367\315\
 136      F2E9 422B 
 136      5D87 1ABF 
 136      EF1A DDF7 
 136      7EE6 BBAB 
 137 093a 1F16 E0C3 		.string	"\037\026\340\303\f\\\263\177\246>\330\b\256\016\220qD\200\2170p\331\334\376\262P#x_"
 137      0C5C B37F 
 137      A63E D808 
 137      AE0E 9071 
 137      4480 8F30 
 138 0958 F8A8 00   		.string	"\370\250"
 139 095b D37B ECCB 		.ascii	"\323{\354\313\351\tNOz\212-\325\355r\250ii\366\265\352\277\034"
 139      E909 4E4F 
 139      7A8A 2DD5 
 139      ED72 A869 
 139      69F6 B5EA 
 140 0971 AE44 D567 		.ascii	"\256D\325g'\253\t\211\252;\316\021\374\307??\275\374\367O<!\005"
 140      27AB 0989 
 140      AA3B CE11 
 140      FCC7 3F3F 
 140      BDFC F74F 
 141 0988 A727 393D 		.ascii	"\247'9=+\177n\367\254\261\245\247\271m\311.GB\262\355\367jrr"
 141      2B7F 6EF7 
 141      ACB1 A5A7 
 141      B96D C92E 
 141      4742 B2ED 
 142 09a0 82DB 96F0 		.ascii	"\202\333\226\360\212\373\321\027\035\216'\327\330\326\304\255"
 142      8AFB D117 
 142      1D8E 27D7 
 142      D8D6 C4AD 
 143 09b0 8E8B A7B6 		.ascii	"\216\213\247\266-\311\351HNG\3024O\">\030\367\222dV_Q\235\236"
 143      2DC9 E948 
 143      4E47 C234 
 143      4F22 3E18 
 143      F792 6456 
 144 09c8 A054 37D2 		.ascii	"\240T7\322\253\211f\373\357\\\256d\202n\211\303\225\034D\311"
 144      AB89 66FB 
 144      EF5C AE64 
 144      826E 89C3 
 144      951C 44C9 
 145 09dc 1FB7 7B88 		.ascii	"\037\267{\210\333\365\352\375\236\224\265v\207\313\255\332\034"
 145      DBF5 EAFD 
 145      9E94 B576 
 145      87CB ADDA 
 145      1C
 146 09ed AE94 1497 		.ascii	"\256\224\024\227\323\206\230\347]\t\356D\344\b\306\337\251\256"
 146      D386 98E7 
 146      5D09 EE44 
 146      E408 C6DF 
 146      A9AE 
 147 09ff 34BB C7E4 		.ascii	"4\273\307\344IJQ\025\264\030)>\350IH\rAf\325\375\212\232\030"
 147      494A 5115 
 147      B418 293E 
 147      E849 480D 
 147      4166 D5FD 
 148 0a16 EFFB B5D2 		.ascii	"\357\373\265\322\367kU(zP\335\356\364T\017:w\270\322\235\236"
 148      F76B 5528 
 148      7A50 DDEE 
 148      F454 0F3A 
 148      77B8 D29D 
 149 0a2b 1F2C 7494 		.ascii	"\037,t\224\340\360$\271\234T*\262\331=\241H\357V\021\220h\367"
 149      E0F0 24B9 
 149      9C54 2AB2 
 149      D93D A148 
 149      EF56 1190 
 150 0a41 5879 3EEC 		.ascii	"Xy>\354i\236\004\267\307\364\252\232\260\366\221\357\232AI\021"
 150      699E 04B7 
 150      C7F4 AA9A 
 150      B0F6 91EF 
 150      9A41 4911 
 151 0a55 CFAA CEC4 		.ascii	"\317\252\316\304\210\227\327\332\215L\341\201`K\212\232\222\246"
 151      8897 D7DA 
 151      8D4C E181 
 151      604B 8A9A 
 151      92A6 
 152 0a67 7A4C 68BD 		.ascii	"zLh\275\020\344ty^\302tX\322\222\376\255\332=\177\371\366\254"
 152      10E4 7479 
 152      5EC2 7458 
 152      D292 FEAD 
 152      DA3D 7FF9 
 153 0a7d 2727 3DAF 		.ascii	"''=\257\317\331\326\330\350_Z\007\276f\250F\242\372\002\206\b"
 153      CFD9 D6D8 
 153      E85F 5A07 
 153      BE66 A846 
 153      A2FA 0286 
 154 0a92 2B83 5E70 		.ascii	"+\203^p.OKU\035\350\310\351LON\376\277\353\352Nr\276\210L\n-"
 154      2E4F 4B55 
 154      1DE8 C8E9 
 154      4C4F 4EFE 
 154      BFEB EA4E 
 155 0aac 85DB EEC6 		.ascii	"\205\333\356\306\b\226-\314([BL\030\307\250\311\t\251X\373\b"
 155      0896 2DCC 
 155      285B 424C 
 155      18C7 A8C9 
 155      09A9 58FB 
 156 0ac1 3D05 EACB 		.ascii	"=\005\352\313\351\252\323\241\006Q\033\311B\305<\005G-\300\330"
 156      E9AA D3A1 
 156      0651 1BC9 
 156      42C5 3C05 
 156      472D C0D8 
 157 0ad5 691A FE0B 		.ascii	"i\032\376\013s~\306\342"
 157      737E C6E2 
 158               		.text
 159               		.section	.gnu.lto_.symtab.29c5af45245a1b4,"",@progbits
 160 0000 6C65 6164 		.string	"leader_start"
 160      6572 5F73 
 160      7461 7274 
 160      00
 161 000d 00        		.string	""
 162 000e 01        		.ascii	"\001"
 163 000f 00        		.string	""
 164 0010 00        		.string	""
 165 0011 00        		.string	""
 166 0012 00        		.string	""
 167 0013 00        		.string	""
 168 0014 00        		.string	""
 169 0015 00        		.string	""
 170 0016 00        		.string	""
 171 0017 00        		.string	""
 172 0018 0A01 00   		.string	"\n\001"
 173 001b 00        		.string	""
 174 001c 6C65 6164 		.string	"leader_end"
 174      6572 5F65 
 174      6E64 00
 175 0027 00        		.string	""
 176 0028 01        		.ascii	"\001"
 177 0029 00        		.string	""
 178 002a 00        		.string	""
 179 002b 00        		.string	""
 180 002c 00        		.string	""
 181 002d 00        		.string	""
 182 002e 00        		.string	""
 183 002f 00        		.string	""
 184 0030 00        		.string	""
 185 0031 00        		.string	""
 186 0032 0D01 00   		.string	"\r\001"
 187 0035 00        		.string	""
 188 0036 716B 5F6C 		.string	"qk_leader_start"
 188      6561 6465 
 188      725F 7374 
 188      6172 7400 
 189 0046 00        		.string	""
 190 0047 00        		.string	""
 191 0048 00        		.string	""
 192 0049 00        		.string	""
 193 004a 00        		.string	""
 194 004b 00        		.string	""
 195 004c 00        		.string	""
 196 004d 00        		.string	""
 197 004e 00        		.string	""
 198 004f 00        		.string	""
 199 0050 00        		.string	""
 200 0051 0F01 00   		.string	"\017\001"
 201 0054 00        		.string	""
 202 0055 6C65 6164 		.string	"leading"
 202      696E 6700 
 203 005d 00        		.string	""
 204 005e 00        		.string	""
 205 005f 00        		.string	""
 206 0060 00        		.string	""
 207 0061 00        		.string	""
 208 0062 00        		.string	""
 209 0063 00        		.string	""
 210 0064 00        		.string	""
 211 0065 00        		.string	""
 212 0066 00        		.string	""
 213 0067 00        		.string	""
 214 0068 3201 00   		.string	"2\001"
 215 006b 00        		.string	""
 216 006c 6C65 6164 		.string	"leader_time"
 216      6572 5F74 
 216      696D 6500 
 217 0078 00        		.string	""
 218 0079 00        		.string	""
 219 007a 00        		.string	""
 220 007b 00        		.string	""
 221 007c 00        		.string	""
 222 007d 00        		.string	""
 223 007e 00        		.string	""
 224 007f 00        		.string	""
 225 0080 00        		.string	""
 226 0081 00        		.string	""
 227 0082 00        		.string	""
 228 0083 3501 00   		.string	"5\001"
 229 0086 00        		.string	""
 230 0087 6C65 6164 		.string	"leader_sequence_size"
 230      6572 5F73 
 230      6571 7565 
 230      6E63 655F 
 230      7369 7A65 
 231 009c 00        		.string	""
 232 009d 00        		.string	""
 233 009e 00        		.string	""
 234 009f 00        		.string	""
 235 00a0 00        		.string	""
 236 00a1 00        		.string	""
 237 00a2 00        		.string	""
 238 00a3 00        		.string	""
 239 00a4 00        		.string	""
 240 00a5 00        		.string	""
 241 00a6 00        		.string	""
 242 00a7 3801 00   		.string	"8\001"
 243 00aa 00        		.string	""
 244 00ab 6C65 6164 		.string	"leader_sequence"
 244      6572 5F73 
 244      6571 7565 
 244      6E63 6500 
 245 00bb 00        		.string	""
 246 00bc 00        		.string	""
 247 00bd 00        		.string	""
 248 00be 00        		.string	""
 249 00bf 00        		.string	""
 250 00c0 00        		.string	""
 251 00c1 00        		.string	""
 252 00c2 00        		.string	""
 253 00c3 00        		.string	""
 254 00c4 00        		.string	""
 255 00c5 00        		.string	""
 256 00c6 3001 00   		.string	"0\001"
 257 00c9 00        		.string	""
 258 00ca 7072 6F63 		.string	"process_leader"
 258      6573 735F 
 258      6C65 6164 
 258      6572 00
 259 00d9 00        		.string	""
 260 00da 00        		.string	""
 261 00db 00        		.string	""
 262 00dc 00        		.string	""
 263 00dd 00        		.string	""
 264 00de 00        		.string	""
 265 00df 00        		.string	""
 266 00e0 00        		.string	""
 267 00e1 00        		.string	""
 268 00e2 00        		.string	""
 269 00e3 00        		.string	""
 270 00e4 1401 00   		.string	"\024\001"
 271 00e7 00        		.string	""
 272 00e8 7469 6D65 		.string	"timer_read"
 272      725F 7265 
 272      6164 00
 273 00f3 00        		.string	""
 274 00f4 02        		.ascii	"\002"
 275 00f5 00        		.string	""
 276 00f6 00        		.string	""
 277 00f7 00        		.string	""
 278 00f8 00        		.string	""
 279 00f9 00        		.string	""
 280 00fa 00        		.string	""
 281 00fb 00        		.string	""
 282 00fc 00        		.string	""
 283 00fd 00        		.string	""
 284 00fe 2A01 00   		.string	"*\001"
 285 0101 00        		.string	""
 286 0102 7469 6D65 		.string	"timer_elapsed"
 286      725F 656C 
 286      6170 7365 
 286      6400 
 287 0110 00        		.string	""
 288 0111 02        		.ascii	"\002"
 289 0112 00        		.string	""
 290 0113 00        		.string	""
 291 0114 00        		.string	""
 292 0115 00        		.string	""
 293 0116 00        		.string	""
 294 0117 00        		.string	""
 295 0118 00        		.string	""
 296 0119 00        		.string	""
 297 011a 00        		.string	""
 298 011b 2E01 00   		.string	".\001"
 299 011e 00        		.string	""
 300               		.text
 301               		.section	.gnu.lto_.opts,"",@progbits
 302 0000 272D 666D 		.ascii	"'-fmath-errno' '-fsigned-zeros' '-ftrapping-m"
 302      6174 682D 
 302      6572 726E 
 302      6F27 2027 
 302      2D66 7369 
 303 002d 6174 6827 		.string	"ath' '-fno-trapv' '-fno-openmp' '-fno-openacc' '-mn-flash=1' '-mno-skip-bug' '-mmcu=avr5'
 303      2027 2D66 
 303      6E6F 2D74 
 303      7261 7076 
 303      2720 272D 
 304               		.text
 305               		.comm	__gnu_lto_v1,1,1
 306               		.comm	__gnu_lto_slim,1,1
 307               		.ident	"GCC: (GNU) 7.4.0"
DEFINED SYMBOLS
                            *ABS*:0000000000000000 process_leader.c
/var/folders/7d/r_phv7rx6m99qllr_nm2m9c80000gn/T//ccvbKRDp.s:2      *ABS*:000000000000003e __SP_H__
/var/folders/7d/r_phv7rx6m99qllr_nm2m9c80000gn/T//ccvbKRDp.s:3      *ABS*:000000000000003d __SP_L__
/var/folders/7d/r_phv7rx6m99qllr_nm2m9c80000gn/T//ccvbKRDp.s:4      *ABS*:000000000000003f __SREG__
/var/folders/7d/r_phv7rx6m99qllr_nm2m9c80000gn/T//ccvbKRDp.s:5      *ABS*:0000000000000000 __tmp_reg__
/var/folders/7d/r_phv7rx6m99qllr_nm2m9c80000gn/T//ccvbKRDp.s:6      *ABS*:0000000000000001 __zero_reg__
                            *COM*:0000000000000001 __gnu_lto_v1
                            *COM*:0000000000000001 __gnu_lto_slim

NO UNDEFINED SYMBOLS
