   1               		.file	"process_space_cadet.c"
   2               	__SP_H__ = 0x3e
   3               	__SP_L__ = 0x3d
   4               	__SREG__ = 0x3f
   5               	__tmp_reg__ = 0
   6               	__zero_reg__ = 1
   7               		.section	.gnu.lto_.profile.7e4eeb8467a27b58,"",@progbits
   8 0000 789C 6363 		.string	"x\234cc```\005bF\206\367\214\005"
   8      6060 6005 
   8      6246 86F7 
   8      8C05 00
   9 000f 03CC 016D 		.ascii	"\003\314\001m"
  10               		.text
  11               		.section	.gnu.lto_.icf.7e4eeb8467a27b58,"",@progbits
  12 0000 789C 6363 		.string	"x\234cc``\220b@"
  12      6060 9062 
  12      4000 
  13 000a 1686 351B 		.string	"\026\2065\033\316\355ef\\\363\367\306u6\246M\rK\357r3\3178\334\263\223\221\001"
  13      CEED 6566 
  13      5CF3 F7C6 
  13      7536 A64D 
  13      0D4B EF72 
  14 0027 A682 0BD3 		.ascii	"\246\202\013\323"
  15               		.text
  16               		.section	.gnu.lto_.jmpfuncs.7e4eeb8467a27b58,"",@progbits
  17 0000 789C 958F 		.string	"x\234\225\217\275N\002Q\020\205\347\334K\224X\350\013l\r\274\205/\343KPi\2451\306\316\304
  17      BD4E 0251 
  17      1085 E7DC 
  17      4B94 58E8 
  17      0B6C 0DBC 
  18 0089 CBF9 8DBB 		.string	"\313\371\215\273%o\312lY\304\334\r\027\357\037o\233\022x"
  18      256F CA6C 
  18      59C4 DC0D 
  18      17EF 1F6F 
  18      9B12 7800 
  19 009d 3418 728E 		.ascii	"4\030r\216\201\267\221\237\344\033\372wGw\302\327u\001J\270U"
  19      81B7 919F 
  19      E41B FA77 
  19      4777 C2D7 
  19      7501 4AB8 
  20 00b2 B9E4 E5DF 		.ascii	"\271\344\345\3377\324\017\303+#\300\020\270Sb8\335\220\\\311"
  20      37D4 0FC3 
  20      2B23 C010 
  20      B853 6238 
  20      DD90 5CC9 
  21 00c6 C4FE F83A 		.ascii	"\304\376\370:\020\240\210{\225\213+6|\237\215G9\001\"\340A\211"
  21      10A0 887B 
  21      958B 2B36 
  21      7C9F 8D47 
  21      3901 22E0 
  22 00dc 683E B0FB 		.ascii	"h>\260\373YmA\f}\240\251\206\376\334\0207/;V\f\005<\252^X\261"
  22      596D 410C 
  22      7DA0 A986 
  22      FEDC 1037 
  22      2F3B 560C 
  23 00f6 F238 7ADA 		.ascii	"\3628z\332\021\177\f\264\024\210\323n\372\323\025/\335\366\271"
  23      117F 0CB4 
  23      1488 D36E 
  23      FAD3 152F 
  23      DDF6 B9
  24 0109 86EC 016D 		.ascii	"\206\354\001m%z\323\021\311\324\3311\227c\374?\327\362\332\214"
  24      257A D311 
  24      C9D4 D931 
  24      9763 FC3F 
  24      D7F2 DA8C 
  25 011d 1CF4 0305 		.ascii	"\034\364\003\005_\266\305"
  25      5FB6 C5
  26               		.text
  27               		.section	.gnu.lto_.inline.7e4eeb8467a27b58,"",@progbits
  28 0000 789C 85D0 		.string	"x\234\205\320?K\0031\030\006\360\347Mr\327p=j\020u*xK\361;t\352'\3507\020\234\333\317 \33
  28      3F4B 0331 
  28      1806 F0E7 
  28      4D72 D770 
  28      3D6A 1075 
  29 0054 E519 F2A0 		.string	"\345\031\362\240\353\233\222\266\226.z\271\206\334\221\222@M*J\003]\033\007\2024\304;\304
  29      EB9B 92B6 
  29      962E 7AB9 
  29      86DC 9192 
  29      404D 2A4A 
  30 0117 0395 546D 		.ascii	"\003\225Tm\214\305\237LY\256d1\312\242\316\242\372\215\370\001"
  30      8CC5 9F4C 
  30      59AE 6431 
  30      CAA2 CEA2 
  30      FA8D F801 
  31 012b B149 5FBA 		.ascii	"\261I_\272"
  32               		.text
  33               		.section	.gnu.lto_.pureconst.7e4eeb8467a27b58,"",@progbits
  34 0000 789C 6363 		.string	"x\234cc```\005b&\006IfI"
  34      6060 6005 
  34      6226 0649 
  34      6649 00
  35 000f 00        		.string	""
  36 0010 FC00      		.string	"\374"
  37 0012 43        		.ascii	"C"
  38               		.text
  39               		.section	.gnu.lto_perform_space_cadet.7e4eeb8467a27b58,"",@progbits
  40 0000 789C 8D55 		.string	"x\234\215U[L\034e\024\376\317\374s\333\331\331\013PnJR\322\330`c\312\202\345\301'\365I\23
  40      5B4C 1C65 
  40      14FE CFFC 
  40      73DB D9D9 
  40      0B50 6E4A 
  41 0026 8989 5510 		.string	"\211\211U\020\250I\237\230rY\250J\360\322n\343f\251\233\020m\215\255\r\225\266.-v\013\264
  41      A849 9F98 
  41      7259 A84A 
  41      F0D2 6EE3 
  41      66A9 9B10 
  42 00b4 5832 81A5 		.ascii	"X2\201\245\004\205\331\026\346 \330\322l+\241\274r!\257\\X\211"
  42      0485 D916 
  42      E620 D8D2 
  42      6C2B A1BC 
  42      7221 AF5C 
  43 00ca CC57 9039 		.ascii	"\314W\2209[\213\346\210g\216\002\320\213c\002\353P\270\252\351"
  43      5B8B E688 
  43      678E 02D0 
  43      8B63 02EB 
  43      50B8 AAE9 
  44 00de 8619 B082 		.ascii	"\206\031\260\202v(\034\211B\007\274\317\367s\030\357\375#\243"
  44      7628 1C89 
  44      4207 BCCF 
  44      F773 18EF 
  44      FD23 A3
  45 00f1 6C3B ECE0 		.ascii	"l;\354\340\223=xG\217;=e)\316X\002?\364\300\327\260\r\243.\254"
  45      933D 7847 
  45      8F3B 3D65 
  45      29CE 5802 
  45      3FF4 C0D7 
  46 010a DFCB 46DE 		.ascii	"\337\313F\336\343)\016\240\240\272pgf0H\252\002QT{\346g\236\342"
  46      E329 0EA0 
  46      A0BA 7067 
  46      6630 48AA 
  46      0251 547B 
  47 0122 B5C0 F0F5 		.ascii	"\265\300\360\365\304\361\033\003f\325g\216\323\351d\357\277\346"
  47      C4F1 1B03 
  47      66D5 678E 
  47      D3E9 64EF 
  47      BFE6 
  48 0134 D829 CEE1 		.ascii	"\330)\316\341\024pL\007'\241\002F\240\202\241\211\301i\250\242"
  48      1470 4C07 
  48      27A1 0246 
  48      A082 A189 
  48      C169 A8A2 
  49 0148 E2BF DEBD 		.ascii	"\342\277\336\275f\360\347\004r\371\213\341\236\260\207|\211\220"
  49      66F0 E704 
  49      72F9 8BE1 
  49      9EB0 877C 
  49      8990 
  50 015a 2A7C 2391 		.ascii	"*|#\221;*\240\206p*\203\214\300\255}zjX\341/\n\334\361\370\245"
  50      3B2A A086 
  50      702A 838C 
  50      C0AD 7D7A 
  50      6A58 E12F 
  51 0173 49CB C54D 		.ascii	"I\313\305M\226w;Y \344\350\006\344\031\201<}\365\343/U\376\262"
  51      9677 3B59 
  51      20E4 E806 
  51      E419 813C 
  51      7DF5 E32F 
  52 018a 409E 5D3A 		.ascii	"@\236]:yX\363\220Oz\310\263\033\220cPE\341\277\r\257\035\b\351"
  52      7958 F390 
  52      4F7A C8B3 
  52      1B90 6350 
  52      45E1 BF0D 
  53 01a2 AA1C 0D7C 		.ascii	"\252\034\r|\013:\003|9\276\240e\235\265\365^';S1\272n>\013\210"
  53      0B3A 037C 
  53      39BE A065 
  53      9DB5 F55E 
  53      273B 5331 
  54 01bb D114 143A 		.ascii	"\321\024\024:Ga\250(L\215\204N\252A\302$o\200\204Ej\220\2746"
  54      4761 A828 
  54      4C8D 844E 
  54      AA41 C224 
  54      6F80 8445 
  55 01d3 8910 A961 		.ascii	"\211\020\251a\022\021R\243$\nH-$QD\352&\022\305\244\226\220("
  55      1211 52A3 
  55      240A 482D 
  55      2451 44EA 
  55      2612 C5A4 
  56 01ea 25B5 8C44 		.ascii	"%\265\214D9\251\233\201\006[\t4\246-@-o\005\242\277\235\234\325"
  56      39A9 9B81 
  56      065B 0934 
  56      A62D 402D 
  56      6F05 A2BF 
  57 0201 2462 246A 		.ascii	"$b$jH\324\222`\254\017\273\301\033q\262l\037W\350\255+\313\376"
  57      48D4 9260 
  57      AC0F BBC1 
  57      1B71 B26C 
  57      1F57 E8AD 
  58 0218 82CE D1E5 		.ascii	"\202\316\321\345LW\220\232Lr\300\336\023=\343s\006-\234\313\311"
  58      4C57 909A 
  58      4C72 C0DE 
  58      133D E373 
  58      062D 9CCB 
  59 022d 8DCF 5ED4 		.ascii	"\215\317^\324\323ph/^M\372\035L\024H\362\315p\016\227K\336\305"
  59      D370 682F 
  59      5E4D FA1D 
  59      4C14 48F2 
  59      CD70 0E97 
  60 0244 DEEB 3F07 		.ascii	"\336\353?\007c\307\350\244*S\334\202,\244\341\200\270't~\265"
  60      63C7 E8A4 
  60      2A53 DC82 
  60      2CA4 E180 
  60      B827 747E 
  61 0259 D279 4595 		.ascii	"\322yE\225\316\364\t\034\270\006\347!v\200\323(a\034b\354w\350"
  61      CEF4 091C 
  61      B806 E721 
  61      7680 D328 
  61      611C 62EC 
  62 026f BE39 51F7 		.ascii	"\2769Q\367\220\312\0320\230\240\n\370\354\303\023Z*\227L\223"
  62      90CA 1A30 
  62      98A0 0AF8 
  62      ECC3 135A 
  62      2A97 4C93 
  63 0283 CBA3 4306 		.ascii	"\313\243C\006\305\347\007\007\005\315L\346\326M\243c\3251\321"
  63      C5E7 0707 
  63      05CD 4CE6 
  63      D64D A363 
  63      D531 D1
  64 0296 90E6 B2FE 		.ascii	"\220\346\262\376H\327\335\217\302H]\354\372\002\376\n&)'\\D\216"
  64      48D7 DD8F 
  64      C248 5DEC 
  64      FA02 FE0A 
  64      2629 275C 
  65 02ac 495E C96E 		.ascii	"I^\311nAW\372\357\376\247e}\305\237\303N\020M\270\004\035\330"
  65      4157 FAEF 
  65      FEA7 657D 
  65      C59F C34E 
  65      104D B804 
  66 02c2 7188 6A2F 		.ascii	"q\210j/\276\273\314\037,\035~\260t8M0\177\351\bLc\351)Q\372\262"
  66      BEBB CC1F 
  66      2C1D 7EB0 
  66      7438 4D30 
  66      7FE9 084C 
  67 02dc 28AD 60BE 		.ascii	"(\255`\276\256D|\365t\243\254\315\221\rbz\227\2351\225\322\252"
  67      AE44 7CF5 
  67      74A3 ACCD 
  67      910D 627A 
  67      979D 3195 
  68 02f2 5009 DF61 		.ascii	"P\t\337a<\316gnb\022\334 \214\230\276|\360\210-#\f\230\311\r"
  68      3CCE 676E 
  68      6212 DC20 
  68      8C98 BE7C 
  68      F088 2D23 
  69 030a 4865 E74D 		.ascii	"He\347M1\240\256\373:K\362ZL'\274\310\372\237\336\376\314\210"
  69      31A0 AEFB 
  69      3A4B F25A 
  69      4C27 BCC8 
  69      FA9F DEFE 
  70 0320 9B41 4517 		.ascii	"\233AE\027\005\335\211\273\006\r\236\251@\263\214\333#md\306"
  70      05DD 89BB 
  70      060D 9EA9 
  70      40B3 8CDB 
  70      236D 64C6 
  71 0334 C974 578A 		.ascii	"\311tW\212\253\367w\027M u\006\2638\024\fL\361\002Q]cG\353\344"
  71      ABF7 7717 
  71      4D20 7506 
  71      B338 140C 
  71      4CF1 0251 
  72 034d 7A12 CB33 		.ascii	"z\022\3133C\226Lc<\316J\256\344V2\207s\241vo\344\3325hC\262="
  72      4396 4C63 
  72      3CCE 4AAE 
  72      E456 3287 
  72      73A1 766F 
  73 0368 9DCD 586E 		.ascii	"\235\315Xn\201\351\027\244\327|\234\261\317\347\306~\225\322"
  73      81E9 17A4 
  73      D77C 9CB1 
  73      CFE7 C67E 
  73      95D2 
  74 037a 7B4D 2579 		.ascii	"{M%y\300\217.L\340\2111X\020m\241^$\007\277\304\377\213\216w"
  74      C08F 2E4C 
  74      E089 3158 
  74      106D A15E 
  74      2407 BFC4 
  75 0392 AF7C A8D0 		.ascii	"\257|\250\320\340#x\022\360}n\362\006\373\\Cj\342\220o\247\334"
  75      E023 7812 
  75      F07D 6EF2 
  75      06FB 5C43 
  75      6AE2 906F 
  76 03a8 53AE 4CF2 		.ascii	"S\256L\362-\256\337dY.7\223\210\257d\332\245\337\242\375\344"
  76      2DAE DF64 
  76      592E 3793 
  76      88AF 64DA 
  76      A5DF A2FD 
  77 03bd F6BB E436 		.ascii	"\366\273\3446l\345-4\300\366C\336B\253}\013]\315\334r!At\371"
  77      6CE5 2D34 
  77      C0F6 43DE 
  77      42AB 7D0B 
  77      5DCD DC72 
  78 03d5 166A 8B85 		.ascii	"\026j\213\205\006e\\\306\345\037B\373\377lT\305\326\027E\353"
  78      0665 5CC6 
  78      E51F 42FB 
  78      FF6C 54C5 
  78      D617 45EB 
  79 03e9 216F A356 		.ascii	"!o\243V\036\353\3013.\3530v\265\221u8\217u\320\317:F\200\034"
  79      1EEB C133 
  79      2EEB 3076 
  79      B591 7538 
  79      8F75 D0CF 
  80 0401 EB63 673C 		.ascii	"\353cg<H\004]>\326Q\301:\342g]\200\366G\334\341\017\202u\201"
  80      4804 5D3E 
  80      D651 C13A 
  80      E267 5D80 
  80      F647 DCE1 
  81 0419 C7DA 96BB 		.ascii	"\307\332\226\273@Lzh\300x8LC\330\217\002\266\225`\242\303\331"
  81      404C 7A68 
  81      C078 384C 
  81      43D8 8F02 
  81      B695 60A2 
  82 042f B15D B264 		.ascii	"\261]\262d\241\257\303E\227]a^\207!\366K~\2075\276\016\177\032"
  82      A1AF C345 
  82      975D 615E 
  82      8721 F64B 
  82      7E87 35BE 
  83 0446 F33A 2C42 		.ascii	"\363:,B\227\257\303M\242\303\"\031\367\211\333a1\332\037\261"
  83      97AF C34D 
  83      A2C3 2219 
  83      F789 DB61 
  83      31DA 1FB1 
  84 045a 976B 826A 		.ascii	"\227k\202j\261\327a\230\305c\336^\372\317\271\254K|\327\344\261"
  84      B1D7 6198 
  84      C563 DE5E 
  84      FACF B9AC 
  84      4B7C D7E4 
  85 046f 2EC9 631D 		.ascii	".\311c\035a\207\n\362Xo\367]\323\3409\217u)\272|\254\313\004"
  85      6187 0AF2 
  85      586F F75D 
  85      D3E0 398F 
  85      7529 BA7C 
  86 0486 EB52 3FEB 		.ascii	"\353R?\353r\264?\202\365u\301\272\334c\035u\377inCg\372\336\200"
  86      72B4 3F82 
  86      F575 C1BA 
  86      DC63 1D75 
  86      FF69 6E43 
  87 049e C82D 88F5 		.ascii	"\310-\210\365\341o\026=\270\311\352\267w\327\277\325\276\373"
  87      E16F 163D 
  87      B8C9 EAB7 
  87      77D7 BFD5 
  87      BEFB 
  88 04b0 CD58 4B6B 		.ascii	"\315XKksCS[\333\3167\232\3664476\345\364\266\226\372\206\246"
  88      7343 535B 
  88      DBCE 379A 
  88      F634 3437 
  88      36E5 F4B6 
  89 04c8 9D0D F58D 		.ascii	"\235\r\365\215M\355\325\rLomjhnm4^o\336\325\370Js\243\336^\337"
  89      4DED D50D 
  89      4C6F 6D6A 
  89      686E 6D34 
  89      5E6F DED5 
  90 04e3 825F 860B 		.ascii	"\202_\206\013\372\027ui\322\034"
  90      FA17 7569 
  90      D21C 
  91               		.text
  92               		.section	.gnu.lto_process_space_cadet.7e4eeb8467a27b58,"",@progbits
  93 0000 789C 7D95 		.string	"x\234}\225\317S[E\034\300\367\373\366\375JB\202\007\235\351!\007gt\304z(U\017\216'\377\tg
  93      CF53 5B45 
  93      1CC0 F7FB 
  93      F6FD 4A42 
  93      8207 9DE9 
  94 00b1 22B0 4C60 		.string	"\"\260L`\325\nW5\3350\035N\227\033\252\341c\336\314\341D\240\351\226gw\207e\325Z\221\326\
  94      D50A 5735 
  94      DD30 1D4E 
  94      971B AAE1 
  94      63DE CCE1 
  95 0150 83EE 9816 		.ascii	"\203\356\230\026\261v\036\327\343\024\273\206z\035\305\200\f"
  95      B176 1ED7 
  95      E314 BB86 
  95      7A1D C580 
  95      0C
  96 0161 5344 A182 		.ascii	"SD\241\202P\352@<k@\nO\306\212\260F\256\210\350P\204\335\205"
  96      50EA 403C 
  96      6B40 0A4F 
  96      C68A B046 
  96      AE88 E850 
  97 0178 CFAD BE89 		.ascii	"\317\255\276\211\327\304\\m\\EE\327\365/\326\34184\325\034\266"
  97      D7C4 5C6D 
  97      5C45 45D7 
  97      F52F D6E1 
  97      3834 D51C 
  98 018d ACD0 7640 		.ascii	"\254\320v@\013r\215\261V\341c0\214\0358db\276\355\212.\016\202"
  98      0B72 8DB1 
  98      56E1 6330 
  98      8C1D 3864 
  98      62BE ED8A 
  99 01a4 C38D 41D1 		.ascii	"\303\215A\3210s\276\346\224\313f\302\317\"\002#\270\362V.V\007"
  99      3073 BEE6 
  99      94CB 66C2 
  99      CF22 0223 
  99      B8F2 562E 
 100 01ba 1724 953C 		.ascii	"\027$\225<\366\351G\305\222Z j=\366`)k\352'j\224(EP\027%\365"
 100      F6E9 47C5 
 100      925A 206A 
 100      3DF6 6029 
 100      6BEA 276A 
 101 01d5 6DB8 D752 		.string	"m\270\327R$u\223\250#S\361G\246M%\237\023T\204(:\222\037$uv3\326dJj\203\250\261\223=i-K\2
 101      2475 93A8 
 101      2353 F147 
 101      A64D 259F 
 101      1354 8428 
 102 02d6 7372 83F9 		.string	"sr\203\371;\322s\206m\333\240\221\341\357B\206X\326p,1^.\005k"
 102      3BD2 7386 
 102      6DDB A091 
 102      E1EF 4286 
 102      58D6 702C 
 103 02f0 D7E5 86F2 		.string	"\327\345\206\362\267`\344\004\035\201\214@\2279\n\024\020\304\263\202\177B\233\033\2524$"
 103      B760 E404 
 103      1D81 8C40 
 103      9739 0A14 
 103      10C4 B382 
 104 030c 7E7A 7A0B 		.string	"~zz\013f^Rl\203!\223R\3100\2375\3645F\276R\244\3417\200\033O\357\301\221\227\006\333\300e
 104      665E 526C 
 104      8321 9352 
 104      C830 9F35 
 104      F435 46BE 
 105 033e 6ECA A6E9 		.string	"n\312\246\351\310\242!\233^\206\305\234\317\231\227\024\333\307X\nj\207\356\216\326y\344\
 105      C8A2 219B 
 105      5E86 C59C 
 105      CF99 9714 
 105      DBC7 580A 
 106 0399 5E96 F033 		.ascii	"^\226\3603\224\006\344\225\265\002\245,\t\207\227\306\343\360"
 106      9406 E495 
 106      B502 A52C 
 106      0987 97C6 
 106      E3F0 
 107 03ab 3F6E BC74 		.ascii	"?n\274t\341\226P\320\322]\254]\303\245\343Z7\357\\\f;\305\370"
 107      E196 50D0 
 107      D25D AC5D 
 107      C3A5 E35A 
 107      37EF 5C0C 
 108 03c2 FCC1 2E78 		.ascii	"\374\301.x\342\250\\!\261g\221\204C\351\343\036\\<\310\217\261"
 108      E2A8 5C21 
 108      B167 9184 
 108      43E9 E31E 
 108      5C3C C88F 
 109 03d7 1ADF 579C 		.ascii	"\032\337W\234\023S\036\372\217\315@\333*\331\032\271;sk\257\203"
 109      1353 1EFA 
 109      8FCD 40DB 
 109      2AD9 1AB9 
 109      3B73 6BAF 
 110 03ec 82E7 2CEE 		.ascii	"\202\347,\356\311?@\021k\341\177\235N\203\b\324T;\325Z\352\f"
 110      C93F 4011 
 110      6BE1 7F9D 
 110      4E83 08D4 
 110      543B D55A 
 111 0402 D57A AA83 		.ascii	"\325z\252\203j#\365\r\325f\252\223jG\352\034\344\247\210a\212"
 111      6A23 F50D 
 111      D566 AA93 
 111      6A47 EA1C 
 111      E4A7 8861 
 112 0417 D6C0 EB6C 		.ascii	"\326\300\353l\353\235\243\300\245\340\337\005\b\035Z\366|p\260"
 112      EB9D A3C0 
 112      A5E0 DF05 
 112      081D 5AF6 
 112      7C70 B0
 113 042a ECFD 0307 		.ascii	"\354\375\003\007\337+\335_Y\341\363WU\355{\327\377\241\257\242"
 113      DF2B DD5F 
 113      59E1 F357 
 113      55ED 7BD7 
 113      FFA1 AFA2 
 114 043e DC9F 7DAE 		.ascii	"\334\237}\256\332_\346\363\357\363\225\225\373\017\354\3611#"
 114      DA5F E6F3 
 114      EFF3 9595 
 114      FB0F ECF1 
 114      3123 
 115 0450 D3AD 57FA 		.ascii	"\323\255W\372}\025\225\345\377\002A\361\177\022"
 115      7D15 95E5 
 115      FF02 41F1 
 115      7F12 
 116               		.text
 117               		.section	.gnu.lto_.symbol_nodes.7e4eeb8467a27b58,"",@progbits
 118 0000 789C 55CA 		.string	"x\234U\312\255\016\3020\024\206\341\257=k\301-\374\016,\232\213\200+;\025Mp\204 \230ov\02
 118      AD0E C230 
 118      1486 E1AF 
 118      3D6B C12D 
 118      FC0E 2C9A 
 119 0047 A486 222A 		.ascii	"\244\206\"*\307,\222\0071c\031\007\300\230\225\3579S\322S\316"
 119      C72C 9207 
 119      3163 1907 
 119      C098 95EF 
 119      3953 D253 
 120 005c 922E 5825 		.ascii	"\222.X%=a\375\337\204>\354sI\320\260\233\227 \364`/\265$d\250"
 120      3D61 FDDF 
 120      843E EC73 
 120      49D0 B09B 
 120      9720 F460 
 121 0075 B679 9CF7 		.ascii	"\266y\234\367\036\205\352v\022a\265\207\"\360(\357D\0044\357"
 121      1E85 EA76 
 121      1261 B587 
 121      22F0 28EF 
 121      4404 34EF 
 122 0089 3CE0 DA48 		.ascii	"<\340\332H\363\303\235?\"f\247\253\273\366\342\013\311\3778A"
 122      F3C3 9D3F 
 122      2266 A7AB 
 122      BBF6 E20B 
 122      C9FF 3841 
 123               		.text
 124               		.section	.gnu.lto_.refs.7e4eeb8467a27b58,"",@progbits
 125 0000 789C 6363 		.string	"x\234cc``\020\001b\026\006FFfF&V\006F^\006&~ \223Q\230\001"
 125      6060 1001 
 125      6216 0646 
 125      4666 4626 
 125      5606 465E 
 126 001d 04FB 00   		.string	"\004\373"
 127 0020 64        		.ascii	"d"
 128               		.text
 129               		.section	.gnu.lto_.decls.7e4eeb8467a27b58,"",@progbits
 130 0000 789C 9556 		.string	"x\234\225V[XT\327\025>k6sa"
 130      5B58 54D7 
 130      153E 6B36 
 130      7361 00
 131 000f C78A 35C4 		.ascii	"\307\2125\304\320\326*\266\223\2442hm5}\312\327\364\373\372\326"
 131      D0D6 2AB6 
 131      93A4 3268 
 131      6D35 7DCA 
 131      D7F4 FBFA 
 132 0024 A7FA 605F 		.ascii	"\247\372`_&\323a\232\372\005\0302\f\266};# \bj\020\204*(\240"
 132      26D3 619A 
 132      FA05 1832 
 132      0CB6 7D3B 
 132      2320 086A 
 133 003d 0868 C04B 		.ascii	"\bh\300K\215 \342%\243\021\025\274\004\005%\\\024$\212\242\""
 133      8D20 E225 
 133      A311 15BC 
 133      0405 255C 
 133      1424 8AA2 
 134 0052 0413 6E2A 		.ascii	"\004\023n*t\355\313\231sF\244\227\363\2618\373\362\257\265\376"
 134      74ED CB99 
 134      7346 A497 
 134      F3B1 38FB 
 134      F2AF B5FE 
 135 0066 B5D6 DE6B 		.ascii	"\265\326\336k\216A\222\244\207\026I\032\003I\362\242L\343Cp\355"
 135      8E41 92A4 
 135      8716 491A 
 135      0349 F2A2 
 135      4CE3 4370 
 136 007b 2C4A 08CA 		.ascii	",J\b\312\024\312E\2246\224\223\022\177\214(\006\304\206\241X"
 136      14CA 4594 
 136      3694 9312 
 136      7F8C 2806 
 136      C486 A158 
 137 008f 507E 8012 		.ascii	"P~\200\022\211\362\006"
 137      89F2 06
 138 0096 CA42 141D 		.string	"\312B\024\035\356\377\b\337\213@\nz\"pc>\276?D\231'\361\261b\237\332^\213\022\215\362'\22
 138      EEFF 08DF 
 138      8B40 0A7A 
 138      2270 633E 
 138      BE3F 4499 
 139 0197 4413 51C9 		.string	"D\023Q\311\345\222\314p\262\200\271\376\346\261|\330H\026\262\361\341\214{\007L\3100\332\
 139      E592 CC70 
 139      B280 B9FE 
 139      E6B1 7CD8 
 139      4816 B2F1 
 140 021c 2C61 4323 		.string	",aC#\225\237[ &\322\032\263\227\031\370\252zQ[\232O>\022\307\234\\B'\315\020\251\030D\221
 140      959F 5B20 
 140      26D2 1AB3 
 140      9719 F8AA 
 140      7A51 5B9A 
 141 02f5 3131 31D6 		.string	"111\326H\245X\253\357\361b\321cz\0025:\325\254\361\212\260\264q\364\344\037\345\315\341\3
 141      48A5 58AB 
 141      EFF1 62D1 
 141      637A 0235 
 141      3AD5 ACF1 
 142 03e0 CF04 3CC2 		.ascii	"\317\004<\302\355\307\242\205\321\025\326\302\206\t\033o'\246"
 142      EDC7 A285 
 142      D115 D6C2 
 142      8609 1B6F 
 142      27A6 
 143 03f2 ECEE FA6B 		.ascii	"\354\356\372ka\364\274\320\023#\356wO\323J\274\337\376>\302\216"
 143      61F4 BCD0 
 143      1323 EE77 
 143      4FD3 4ABC 
 143      DFFE 3EC2 
 144 0407 CC37 98CA 		.ascii	"\3147\230\312\021\314\321\n\345\242\261\325A\314R\037\250\207"
 144      11CC D10A 
 144      E5A2 B1D5 
 144      41CC 521F 
 144      A887 
 145 0419 616A 7EBA 		.ascii	"aj~\272\234e\241m\206\201g\334Jn\371V\033\336\340l\013\263\360"
 145      9C65 A16D 
 145      8681 67DC 
 145      4A6E F956 
 145      1BDE E06C 
 146 0430 6056 BB1A 		.ascii	"`V\273\032\205\221\337\265\374\235R\205\207\002}\027\002p\332"
 146      8591 DFB5 
 146      FC9D 5285 
 146      8702 7D17 
 146      0270 DA
 147 0443 0528 FC2E 		.ascii	"\005(\374.\250\370N\212\247v\372g\265\276B=\226\327\370\261\034"
 147      A8F8 4E8A 
 147      A776 FA67 
 147      B5BE 423D 
 147      96D7 F8B1 
 148 0458 79CD B1F4 		.ascii	"y\315\261\364\213\243\242$sD\234\222o\361\224<E+\303(\317P\236"
 148      8BA3 A224 
 148      7344 9C92 
 148      6FF1 943C 
 148      452B C328 
 149 046f A00C 89D3 		.ascii	"\240\f\211\323\302)\364kb\274?+\213{ zU\336\261\353\003\026R"
 149      C229 F46B 
 149      62BC 3F2B 
 149      8B7B 207A 
 149      55DE B1EB 
 150 0486 C16A AABB 		.ascii	"\301j\252\273Q\357\333j\016\034\347)\326zFQ\377;\3658\217\250"
 150      51EF DB6A 
 150      0E1C E729 
 150      D67A 4651 
 150      FF3B F538 
 151 049c C739 9823 		.ascii	"\3079\230#|\217\324\376\027\232\330\321\217]\251k\006\210\304"
 151      7C8F D4FE 
 151      179A D8D1 
 151      8F5D A96B 
 151      0688 C4
 152 04af 9A07 DD8B 		.ascii	"\232\007\335\213\036L\356\035v\007\307\204\235I\2643\216\272"
 152      1E4C EE1D 
 152      7607 C784 
 152      9D49 B433 
 152      8EBA 
 153 04c1 136A 88E8 		.ascii	"\023j\210\350\367N\201\336\307\0321\275j\307\221\033\205\007"
 153      F74E 81DE 
 153      C71A 31BD 
 153      6AC7 911B 
 153      8507 
 154 04d3 2E95 ED95 		.ascii	".\225\355\225>\361\264V\264m\032I\257@\013\316\265\360J\247\270"
 154      3EF1 B456 
 154      B46D 1A49 
 154      AF40 0BCE 
 154      B5F0 4AA7 
 155 04e8 55C0 4A32 		.ascii	"U\300J2\026\\\022\372C\337\237\1770\234T\363<=i>\336\241^\373"
 155      165C 12FA 
 155      43DF 9F7F 
 155      309C 54F3 
 155      3C3D 693E 
 156 0500 2976 ED5F 		.ascii	")v\355_\242\325\347j\236\306f^{%<x\201Q\315\026!\272:Z\322\364"
 156      A2D5 E76A 
 156      9EC6 665E 
 156      7B25 3C78 
 156      8151 CD16 
 157 051a 2222 3C3B 		.ascii	"\"\"<;\320\230\231i\365\007l\n\3507\023{#\270\256yr4\254\007"
 157      D098 9969 
 157      F507 6C0A 
 157      E837 137B 
 157      23B8 AE79 
 158 0532 3381 CCC4 		.ascii	"3\201\314\304\247\r\200x\001\023>\0076\3057\307)K `\2222\026"
 158      A70D 8078 
 158      0113 3E07 
 158      36C5 37C7 
 158      294B 2060 
 159 0549 28BE AE53 		.ascii	"(\276\256S\314\261?\220\204\265i\345\341\226\005D5G\327t\312"
 159      CCB1 3F90 
 159      84B5 69E5 
 159      E196 0544 
 159      3547 D774 
 160 055e E708 B72E 		.ascii	"\347\b\267.`\270\316\260\032\013\334\256\306\275\326<\367\035"
 160      60B8 CEB0 
 160      1A0B DCAE 
 160      C6BD D63C 
 160      F71D 
 161 0570 B4AD 0D12 		.ascii	"\264\255\r\022D\306v\237\272Yc$\307\371g\330\203\2037oD\204\240"
 161      44C6 769F 
 161      BA59 6324 
 161      C7F9 67D8 
 161      8383 376F 
 162 0587 7F76 4393 		.ascii	"\177vC\223B\350Z~_Z\267!\260\346\323\261\305\242\302\256^c`q"
 162      42E8 5A7E 
 162      5F5A B721 
 162      B0E6 D3B1 
 162      C5A2 C2AE 
 163 059f 035F F44F 		.ascii	"\003_\364O\\\036\re\213\230_H\343\213\005\255;\016\207D\025\362"
 163      5C1E 0D65 
 163      8B98 5F48 
 163      E38B 05AD 
 163      3B0E 8744 
 164 05b5 438F 1F60 		.ascii	"C\217\037`\360\341\202\300\315\314\320E\341\377t]\b\247\322P"
 164      F0E1 82C0 
 164      CDCC D045 
 164      E1FF 745D 
 164      08A7 D250 
 165 05c9 70BF D2B0 		.ascii	"p\277\322\260\270L\356\355\305F\326\261\250\270\006\177\373P"
 165      B84C EEED 
 165      C546 D6B1 
 165      A8B8 067F 
 165      FB50 
 166 05db ED7D 0604 		.ascii	"\355}\006\004Y\0278 8\244\257i<\026\022l\324-F\335\313\205\035"
 166      5917 3820 
 166      38A4 AF69 
 166      3C16 126C 
 166      D42D 46DD 
 167 05f2 E366 32C9 		.ascii	"\343f2\311\303\250\353\373\366&\t\020\341a\034\333P?\004l\215"
 167      C3A8 EBFB 
 167      F626 0910 
 167      E161 1CDB 
 167      503F 046C 
 168 0607 FE44 6671 		.ascii	"\376Dfqr\243\345\225\003\006-9z\307\025v\331\214\335&\205\335"
 168      72A3 E595 
 168      0306 2D39 
 168      7AC7 1576 
 168      D98C DD26 
 169 061d A613 0FFB 		.ascii	"\246\023\017\373B\221]\031\262\233\374I\206\354\367\241\226\216"
 169      4291 5D19 
 169      B29B FC49 
 169      86EC F7A1 
 169      968E 
 170 062f A220 53A5 		.ascii	"\242 S\245\226\251\245\226\303\250\215\354)/\r'[\311\254\031"
 170      96A9 A596 
 170      C3A8 8DEC 
 170      292F 0D27 
 170      5BC9 AC19 
 171 0643 1E4F 7B51 		.ascii	"\036O{QHfI\321VFb\213B\242g\364\314h\004M\021B\273\232V\026g"
 171      4866 49D1 
 171      5646 628B 
 171      42A2 67F4 
 171      CC68 044D 
 172 065e CBE9 8462 		.ascii	"\313\351\204b`\263Ja\263\216\177l\302\247\314}ZG\305D8)\341\356"
 172      60B3 4A61 
 172      B38E 7F6C 
 172      C2A7 CC7D 
 172      5A47 C544 
 173 0676 4BAE 36DE 		.ascii	"K\2566\336\263\b\375\316\2672\344s\300\264sU\355\\E{\033\323"
 173      B308 FDCE 
 173      B732 E473 
 173      C0B4 7355 
 173      ED5C 457B 
 174 068c 1ECD AF1B 		.ascii	"\036\315\257\0330\220*\256\275\373\360\241n\263\320\356S\265"
 174      3090 2AAE 
 174      BDFB F0A1 
 174      6EB3 D0EE 
 174      53B5 
 175 069e F354 ED3C 		.ascii	"\363T\355<E;\237i\037\317\374b"
 175      453B 9F69 
 175      1FCF FC62 
 176 06aa D040 6AB9 		.string	"\320@j\271\366d\346x\027\tT\200\207~\371\373\206.\2236t\272\245\304^\310b/Pb\357\313\313i
 176      F664 E678 
 176      1709 5480 
 176      877E F9FB 
 176      862E 9336 
 177 07ab EF63 E092 		.ascii	"\357c\340\222\251C%aZpa\020\270B\200+\0308m\347\256\025ZlF\020"
 177      A943 2561 
 177      5A70 6110 
 177      B842 802B 
 177      1838 6DE7 
 178 07c5 B652 602B 		.ascii	"\266R`+\031\366\326\351\366\2529"
 178      19F6 D6E9 
 178      F6AA 39
 179 07d0 4BF6 F0DF 		.ascii	"K\366\360\337\272j\263\274\337\204w\217\335[^\336*\335\022zg"
 179      BA6A B3BC 
 179      DF84 778F 
 179      DD5B 5EDE 
 179      2ADD 127A 
 180 07e5 87AB 5E1A 		.ascii	"\207\253^\032\004\252\331:\003\264\237\201\276\366\355\255\016"
 180      04AA D93A 
 180      03B4 9F81 
 180      BEF6 EDAD 
 180      0E
 181 07f6 13A0 4733 		.ascii	"\023\240G3A\007\030\350Do\306\341P\305\322\2733@\2371\320\335"
 181      4107 18E8 
 181      446F C6E1 
 181      50C5 D2BB 
 181      3340 9F31 
 182 080c A305 0D44 		.ascii	"\243\005\rD\001\275=\003T\315@\276\306\336:\275\342n&\250\206"
 182      01BD 3D03 
 182      54CD 40BE 
 182      C6DE 3ABD 
 182      E26E 26A8 
 183 0821 81FA F29E 		.ascii	"\201\372\362\236\217\201b\351\235\031\240\203\f\364\344\341\271"
 183      8F81 62E9 
 183      9D19 A083 
 183      0CF4 E4E1 
 183      B9
 184 0832 7A93 6269 		.ascii	"z\223bi&\350\220n\211\244w\255w%y\215\311\036WJ\212+^o\377\255"
 184      26E8 906E 
 184      89A4 77AD 
 184      7725 798D 
 184      C91E 574A 
 185 084c DB9D 403E 		.ascii	"\333\235@>v\375\2038\335\t\313>Iu$yS\023m\311\036\267\023\367"
 185      76FD 8338 
 185      DD09 CB3E 
 185      4975 2479 
 185      5313 6DC9 
 186 0864 EDB8 EE74 		.ascii	"\355\270\356t\307\273\002\363\224d\207\323ew:\342]\336X\247\351"
 186      C7BB 02F3 
 186      9464 87D3 
 186      6577 3AE2 
 186      5DDE 58A7 
 187 0879 F77F 58B3 		.ascii	"\367\177X\263\350\203\367\336\223\214\251\353\222\274\253\355"
 187      E883 F7DE 
 187      938C A9EB 
 187      92BC ABED 
 188 0889 DE55 B6D4 		.ascii	"\336U\266\324\024\217-\301\355t$\330>p%$8<6\307z\317\262\217"
 188      148F 2DC1 
 188      ED74 24D8 
 188      3E70 2524 
 188      383C 36C7 
 189 08a1 9CCE F757 		.ascii	"\234\316\367W\331V\305\256\214\215\243s\333\272$gB*\032M\361"
 189      D956 C5AE 
 189      8C8D A373 
 189      DBBA 2467 
 189      422A 1A4D 
 190 08b6 C6A3 5EEC 		.ascii	"\306\243^\354_%\342q\377\355-o\342\307v\247\333\343\2629\335"
 190      5F25 E271 
 190      FFED 2D6F 
 190      E2C7 76A7 
 190      DBE3 B239 
 191 08cb 8989 EE24 		.ascii	"\211\211\356$\033\272\376\263\333\341\211\307}\023\216\223\335"
 191      1BBA FEB3 
 191      DBE1 89C7 
 191      7D13 8E93 
 191      DD
 192 08dc 2976 6F88 		.ascii	")vo\210w]\242\313D\275-\377\265\335k\306e\026\214\335K\274\216"
 192      775D A2CB 
 192      44BD 2DFF 
 192      B5DD 6BC6 
 192      6516 8CDD 
 193 08f3 E450 8CC8 		.ascii	"\344P\214\310\345Y\357\212\217\013\214\226\007F+\302P\311\345"
 193      E559 EF8A 
 193      8F0B 8C96 
 193      0746 2BC2 
 193      50C9 E5
 194 0906 F1A4 267B 		.ascii	"\361\244&{1h\247;5\311\373\346\253\036\035N\357:w\022\372\323"
 194      3168 A73B 
 194      35C9 FBE6 
 194      AB1E 1D4E 
 194      EF3A 7712 
 195 091c A335 BB37 		.ascii	"\2435\2737\f\315{\\\b\210\267{#\223]\236\277\270=\211A\t\370"
 195      0CCD 7B5C 
 195      0888 B77B 
 195      2393 5D9E 
 195      BFB8 3D89 
 196 0933 BF92 2545 		.ascii	"\277\222%E\276f\331\222\232\344q}\264.\005\231\331\023\335\361"
 196      BE66 D992 
 196      9AE4 717D 
 196      B42E 0599 
 196      D913 DDF1 
 197 0947 2926 EA98 		.ascii	")&\352\230\332\210\bZ\216\240a{\354\256\004G2\226,\352U\336l"
 197      DA88 085A 
 197      8EA0 617B 
 197      ECAE 0447 
 197      3296 2CEA 
 198 095e 1769 9B39 		.ascii	"\027i\2339\314\343r\304\033S\234\366\004G\212\327\204o\266\372"
 198      CCE3 72C4 
 198      1B53 9CF6 
 198      0447 8AD7 
 198      846F B6FA 
 199 0972 6FAA F926 		.ascii	"o\252\371&\322"
 199      D2
 200               		.text
 201               		.section	.gnu.lto_.symtab.7e4eeb8467a27b58,"",@progbits
 202 0000 7065 7266 		.string	"perform_space_cadet"
 202      6F72 6D5F 
 202      7370 6163 
 202      655F 6361 
 202      6465 7400 
 203 0014 00        		.string	""
 204 0015 00        		.string	""
 205 0016 00        		.string	""
 206 0017 00        		.string	""
 207 0018 00        		.string	""
 208 0019 00        		.string	""
 209 001a 00        		.string	""
 210 001b 00        		.string	""
 211 001c 00        		.string	""
 212 001d 00        		.string	""
 213 001e 00        		.string	""
 214 001f 0601 00   		.string	"\006\001"
 215 0022 00        		.string	""
 216 0023 7072 6F63 		.string	"process_space_cadet"
 216      6573 735F 
 216      7370 6163 
 216      655F 6361 
 216      6465 7400 
 217 0037 00        		.string	""
 218 0038 00        		.string	""
 219 0039 00        		.string	""
 220 003a 00        		.string	""
 221 003b 00        		.string	""
 222 003c 00        		.string	""
 223 003d 00        		.string	""
 224 003e 00        		.string	""
 225 003f 00        		.string	""
 226 0040 00        		.string	""
 227 0041 00        		.string	""
 228 0042 0B01 00   		.string	"\013\001"
 229 0045 00        		.string	""
 230 0046 756E 7265 		.string	"unregister_mods"
 230      6769 7374 
 230      6572 5F6D 
 230      6F64 7300 
 231 0056 00        		.string	""
 232 0057 02        		.ascii	"\002"
 233 0058 00        		.string	""
 234 0059 00        		.string	""
 235 005a 00        		.string	""
 236 005b 00        		.string	""
 237 005c 00        		.string	""
 238 005d 00        		.string	""
 239 005e 00        		.string	""
 240 005f 00        		.string	""
 241 0060 00        		.string	""
 242 0061 0F01 00   		.string	"\017\001"
 243 0064 00        		.string	""
 244 0065 7461 705F 		.string	"tap_code"
 244      636F 6465 
 244      00
 245 006e 00        		.string	""
 246 006f 02        		.ascii	"\002"
 247 0070 00        		.string	""
 248 0071 00        		.string	""
 249 0072 00        		.string	""
 250 0073 00        		.string	""
 251 0074 00        		.string	""
 252 0075 00        		.string	""
 253 0076 00        		.string	""
 254 0077 00        		.string	""
 255 0078 00        		.string	""
 256 0079 1101 00   		.string	"\021\001"
 257 007c 00        		.string	""
 258 007d 7265 6769 		.string	"register_mods"
 258      7374 6572 
 258      5F6D 6F64 
 258      7300 
 259 008b 00        		.string	""
 260 008c 02        		.ascii	"\002"
 261 008d 00        		.string	""
 262 008e 00        		.string	""
 263 008f 00        		.string	""
 264 0090 00        		.string	""
 265 0091 00        		.string	""
 266 0092 00        		.string	""
 267 0093 00        		.string	""
 268 0094 00        		.string	""
 269 0095 00        		.string	""
 270 0096 1301 00   		.string	"\023\001"
 271 0099 00        		.string	""
 272 009a 7469 6D65 		.string	"timer_elapsed"
 272      725F 656C 
 272      6170 7365 
 272      6400 
 273 00a8 00        		.string	""
 274 00a9 02        		.ascii	"\002"
 275 00aa 00        		.string	""
 276 00ab 00        		.string	""
 277 00ac 00        		.string	""
 278 00ad 00        		.string	""
 279 00ae 00        		.string	""
 280 00af 00        		.string	""
 281 00b0 00        		.string	""
 282 00b1 00        		.string	""
 283 00b2 00        		.string	""
 284 00b3 1701 00   		.string	"\027\001"
 285 00b6 00        		.string	""
 286 00b7 7469 6D65 		.string	"timer_read"
 286      725F 7265 
 286      6164 00
 287 00c2 00        		.string	""
 288 00c3 02        		.ascii	"\002"
 289 00c4 00        		.string	""
 290 00c5 00        		.string	""
 291 00c6 00        		.string	""
 292 00c7 00        		.string	""
 293 00c8 00        		.string	""
 294 00c9 00        		.string	""
 295 00ca 00        		.string	""
 296 00cb 00        		.string	""
 297 00cc 00        		.string	""
 298 00cd 1A01 00   		.string	"\032\001"
 299 00d0 00        		.string	""
 300               		.text
 301               		.section	.gnu.lto_.opts,"",@progbits
 302 0000 272D 666D 		.ascii	"'-fmath-errno' '-fsigned-zeros' '-ftrapping-m"
 302      6174 682D 
 302      6572 726E 
 302      6F27 2027 
 302      2D66 7369 
 303 002d 6174 6827 		.string	"ath' '-fno-trapv' '-fno-openmp' '-fno-openacc' '-mn-flash=1' '-mno-skip-bug' '-mmcu=avr5'
 303      2027 2D66 
 303      6E6F 2D74 
 303      7261 7076 
 303      2720 272D 
 304               		.text
 305               		.comm	__gnu_lto_v1,1,1
 306               		.comm	__gnu_lto_slim,1,1
 307               		.ident	"GCC: (GNU) 7.4.0"
DEFINED SYMBOLS
                            *ABS*:0000000000000000 process_space_cadet.c
/var/folders/7d/r_phv7rx6m99qllr_nm2m9c80000gn/T//ccF0uNoJ.s:2      *ABS*:000000000000003e __SP_H__
/var/folders/7d/r_phv7rx6m99qllr_nm2m9c80000gn/T//ccF0uNoJ.s:3      *ABS*:000000000000003d __SP_L__
/var/folders/7d/r_phv7rx6m99qllr_nm2m9c80000gn/T//ccF0uNoJ.s:4      *ABS*:000000000000003f __SREG__
/var/folders/7d/r_phv7rx6m99qllr_nm2m9c80000gn/T//ccF0uNoJ.s:5      *ABS*:0000000000000000 __tmp_reg__
/var/folders/7d/r_phv7rx6m99qllr_nm2m9c80000gn/T//ccF0uNoJ.s:6      *ABS*:0000000000000001 __zero_reg__
                            *COM*:0000000000000001 __gnu_lto_v1
                            *COM*:0000000000000001 __gnu_lto_slim

NO UNDEFINED SYMBOLS
