   1               		.file	"keymap.c"
   2               	__SP_H__ = 0x3e
   3               	__SP_L__ = 0x3d
   4               	__SREG__ = 0x3f
   5               	__tmp_reg__ = 0
   6               	__zero_reg__ = 1
   7               		.section	.gnu.lto_.profile.7f6007524996d26f,"",@progbits
   8 0000 789C 6363 		.string	"x\234cc```\003bF\206\271,;\231"
   8      6060 6003 
   8      6246 86B9 
   8      2C3B 9900 
   9 0010 0498 016A 		.ascii	"\004\230\001j"
  10               		.text
  11               		.section	.gnu.lto_.icf.7f6007524996d26f,"",@progbits
  12 0000 789C 6363 		.string	"x\234cc``\230\317\200"
  12      6060 98CF 
  12      8000 
  13 000a D20C AD57 		.string	"\322\f\255W\266]\341c\374\374\270\341\032'\323\215/\007\324\230\367\366\235hfc\0011Y\227]
  13      B65D E163 
  13      FCFC B8E1 
  13      1A27 D38D 
  13      2F07 D498 
  14 00ae FFC2 520D 		.ascii	"\377\302R\r"
  15               		.text
  16               		.section	.gnu.lto_.jmpfuncs.7f6007524996d26f,"",@progbits
  17 0000 789C 95D5 		.ascii	"x\234\225\3257O\003A\020\005\340\231[8\203\001c2\205\033Z:\377"
  17      374F 0341 
  17      1005 E099 
  17      5B38 8301 
  17      6332 851B 
  18 0017 C273 43E5 		.ascii	"\302sC\345\026Q\240+\020\242\247 gcr49g\376\002\355\311\354\275"
  18      1651 A02B 
  18      10A2 A720 
  18      6763 7234 
  18      3967 FE02 
  19 002f 0221 E021 		.ascii	"\002!\340!\315H\257\232\247O[\214\264\241\210\fd\344k\002\tT"
  19      CD48 AF9A 
  19      A74F 5B8C 
  19      B4A1 880C 
  19      64E4 6B02 
  20 0045 5D14 3BF1 		.ascii	"]\024;\361\321@\207\235\216\217~T\302\342d)\037\273`\314\211"
  20      D140 879D 
  20      8E8F 7E54 
  20      C2E2 6429 
  20      1FBB 60CC 
  21 005a 0E16 D2A2 		.ascii	"\016\026\322\242_$\311D9\027%\245\376\3309\235\322\242\210Nk"
  21      5F24 C944 
  21      3917 25A5 
  21      FED8 399D 
  21      D2A2 884E 
  22 006f 245A 5115 		.ascii	"$ZQ\025\237z\335\003\27662T\255e\312.-\211\316h!\315\037\260"
  22      9F7A DD03 
  22      BE36 3254 
  22      AD65 CA2E 
  22      2D89 CE68 
  23 0087 1278 16F0 		.ascii	"\022x\026\360\334O\370\037) \322<\244\005\203\344\210\264\bi"
  23      DC4F F81F 
  23      2920 D23C 
  23      A405 83E4 
  23      88B4 0869 
  24 009b C920 3510 		.ascii	"\311 5\020i\031\322\212Aj$\322*\2445\203\024\022\251\002i\335"
  24      6919 D28A 
  24      416A 24D2 
  24      2AA4 3583 
  24      1412 A902 
  25 00b1 2065 8854 		.ascii	" e\210T\205\264a\220\232\210\264\ti\213IY\177\271\277\261f\202"
  25      85B4 6190 
  25      9A88 B409 
  25      698B 4959 
  25      7FB9 BFB1 
  26 00c7 6D03 DB31 		.ascii	"m\003\3331<+K\244]H{\006\251\205H\373\220\016\fR+\221\016!\035"
  26      3C2B 4BA4 
  26      5D48 7B06 
  26      A985 48FB 
  26      900E 0C52 
  27 00e0 19A4 3622 		.ascii	"\031\2446\"\035C\252\031\244\034\221N \235\032\244v\"\235A:7"
  27      1D43 AA19 
  27      A41C 914E 
  27      209D 1AA4 
  27      7622 9D41 
  28 00f6 4879 225D 		.ascii	"Hy\"]@\2724H\035D\272\202tm\220:\211t\003\351\326 u\021\351\016"
  28      40BA 3448 
  28      1D44 BA82 
  28      746D 903A 
  28      8974 03E9 
  29 0110 D2BD 41EA 		.ascii	"\322\275A\352&\322\003\244G\203\324C\244'H\317\006\251\227H/"
  29      26D2 03A4 
  29      4783 D443 
  29      A427 48CF 
  29      06A9 9748 
  30 0125 905E 0D52 		.ascii	"\220^\rR\037\221\336 \2753\311\177\210\337\027\"\237\322\323"
  30      1F91 DE20 
  30      BD33 C97F 
  30      88DF 1722 
  30      9FD2 D3
  31 0138 F8AC      		.ascii	"\370\254"
  32               		.text
  33               		.section	.gnu.lto_.inline.7f6007524996d26f,"",@progbits
  34 0000 789C AD90 		.string	"x\234\255\220;JCA\024\206\377\177fr3^\rL#X\004\274Kp\005\222\025d!q\023\027\202\225\bB\30
  34      3B4A 4341 
  34      1486 FF7F 
  34      6672 335E 
  34      0D4C 2358 
  35 004e 3B81 6B08 		.ascii	";\201k\b\235c\313n\371\362[;\260\247\026\234O\310k6\241\342\352"
  35      9D63 CB6E 
  35      F9F2 5B3B 
  35      B0A7 169C 
  35      4FC8 6B36 
  36 0065 ED7D 4215 		.ascii	"\355}B\025\237\"n*q\373s\376\330P\261\0201\250\304b\374\324\313"
  36      9F22 6E2A 
  36      71FB 73FE 
  36      D850 B110 
  36      31A8 C462 
  37 007c 557C 8918 		.ascii	"U|\211\030V\242\367\361\332\367*\276E\214D\320\357\2118\331\177"
  37      56A2 F7F1 
  37      DAF7 2ABE 
  37      458C 44D0 
  37      EF89 38D9 
  38 0091 78AE 2F85 		.ascii	"x\256/\205#8f\323\006\372\216\006\004\231\230\236\260\241!3g"
  38      2338 66D3 
  38      06FA 8E06 
  38      0499 989E 
  38      B0A1 2133 
  39 00a6 67DB 065B 		.ascii	"g\333\006[\367\273\245\003/X\372\226A\355.\223S\261\210X(\206"
  39      F7BB A503 
  39      2F58 FA96 
  39      41ED 2E93 
  39      53B1 8858 
  40 00bc 8841 D147 		.ascii	"\210A\321G\364\212.\242[}\306:JJ\227U0!\006\246`\212TI\301\370"
  40      F48A 2EA2 
  40      5B7D C63A 
  40      4A4A 9755 
  40      3021 06A6 
  41 00d6 5449 C1B8 		.ascii	"TI\301\270TY\206\034\207fSxj/\247\324\271\365\031\275\364\357"
  41      5459 861C 
  41      8766 5378 
  41      6A2F A7D4 
  41      B9F5 19BD 
  42 00ec 3B73 696F 		.ascii	";sio7$\036\265\361\007\026UKT"
  42      3724 1EB5 
  42      F107 1655 
  42      4B54 
  43               		.text
  44               		.section	.gnu.lto_.pureconst.7f6007524996d26f,"",@progbits
  45 0000 789C 6363 		.string	"x\234cc```\005b&\006I.\t"
  45      6060 6005 
  45      6226 0649 
  45      2E09 00
  46 000f 0109 00   		.string	"\001\t"
  47 0012 49        		.ascii	"I"
  48               		.text
  49               		.section	.gnu.lto_process_record_user.7f6007524996d26f,"",@progbits
  50 0000 789C 9556 		.string	"x\234\225V[L\\E\030\236\177\346\354\331\263Wv\365\205\230}\360\226\220\372\340vmb\242\361
  50      5B4C 5C45 
  50      189E 7FE6 
  50      ECD9 B357 
  50      76F5 8598 
  51 0076 8DF6 1352 		.string	"\215\366\023R\245P\331\037\366\020Uab\224\305\350\026\243C\214yZ\225J\221\002\242:m|tK\34
  51      A550 D91F 
  51      F610 5561 
  51      6294 C5E8 
  51      16A3 438C 
  52 010e 282E 8796 		.string	"(.\207\226R_\272\370\222\202\017\227'\007\233\332$\366\n\020\234wEZV<\005\337\213\236\327
  52      525F BAF8 
  52      9282 0F97 
  52      2707 9BDA 
  52      24F6 0A10 
  53 01cf E120 89A0 		.string	"\341 \211\240G\207\373\211\232$\365xz\234\205\223d\006\352\342\033\371\374\311_0;\312i\03
  53      4787 FB89 
  53      9A24 F578 
  53      7A9C 8593 
  53      6406 EAE2 
  54 0207 8387 090E 		.ascii	"\203\207\t\016\034J5\365z\371\356\032U\215\267\205\220\002=\030"
  54      1C4A 35F5 
  54      7AF9 EE1A 
  54      558D B785 
  54      9002 3D18 
  55 021b 5A2B 7372 		.ascii	"Z+srV\257\306:z\1779\001\032kM\260\026o\257\\\227t\326\032p\326"
  55      56AF C63A 
  55      7A7F 3901 
  55      1A6B 4DB0 
  55      166F AF5C 
  56 0235 EF82 E5E2 		.ascii	"\357\202\345\342\254?4V\327\3467=\036\215\265.X\267\226\356\254"
  56      AC3F 3456 
  56      D7E6 373D 
  56      1E8D B52E 
  56      58B7 96EE 
  57 024a 2A3A 2BC1 		.ascii	"*:+\3018\253O\260\334\234\365\247\306Z?\325\327\344\324X\033"
  57      38AB 4FB0 
  57      DC9C F5A7 
  57      C65A 3FD5 
  57      D7E4 D458 
  58 025f 82F5 DDC5 		.ascii	"\202\365\335\305\310(\350\254\031\312Y\027\005\313\303Y)\215"
  58      C828 E8AC 
  58      19CA 5917 
  58      05CB C359 
  58      298D 
  59 0271 D5F4 E05E 		.ascii	"\325\364\340^\253\242\261\036\t\326\225\236\341v\207\316:\342"
  59      ABA2 B11E 
  59      09D6 959E 
  59      E176 87CE 
  59      3AE2 
  60 0283 E6AC 4B82 		.ascii	"\346\254K\202\345\345\254~d\341g=^\225\260\007=\234\206\252\370"
  60      E5E5 AC7E 
  60      64E1 673D 
  60      5E95 B007 
  60      3D9C 86AA 
  61 0298 11E0 1EF2 		.ascii	"\021\340\036\362\203\337\205\352\316\231\2662\315R\336\254\245"
  61      83DF 85EA 
  61      CE99 B632 
  61      CD52 DEAC 
  61      A5
  62 02a9 F6DC 653B 		.ascii	"\366\334e;\357.\211K\177\372\334\245^9\016_U\251\330\373\007"
  62      EF2E 894B 
  62      7FFA DCA5 
  62      5E39 0E5F 
  62      55A9 D8FB 
  63 02be 1E1D EE73 		.ascii	"\036\035\356s\300e\354\317\313#u\2437\\\301v,\252O\306\230\035"
  63      C065 ECCF 
  63      CB23 75A3 
  63      375C C176 
  63      2CAA 4FC6 
  64 02d4 0620 0ECD 		.ascii	"\006 \016\315\374\302\363\342\321\371\352~I+\306\307\371\213"
  64      FCC2 F3E2 
  64      D1F9 EA7E 
  64      492B C6C7 
  64      F98B 
  65 02e6 0B83 106C 		.ascii	"\013\203\020lf\\\r\fA\220LB\315\330\371\0210y6\301\327`\230?"
  65      665C 0D0C 
  65      4190 4C42 
  65      CDD8 F911 
  65      3079 36C1 
  66 02fe 4208 97C8 		.ascii	"B\b\227\310Y\031\205\317AM\374\370S\342\332\341\336Dbn\314^\271"
  66      5919 85CF 
  66      414D FCF8 
  66      53E2 DAE1 
  66      DE44 626E 
  67 0315 A92A 31A6 		.ascii	"\251*1\246\264\360\2360\002\225$\263\211C\034 \274\336\275\354"
  67      B4F0 9E30 
  67      0295 24B3 
  67      8943 1C20 
  67      BCDE BDEC 
  68 0329 C57D F908 		.ascii	"\305}\371\b\360\327\216ck\203\363\021\027?\224/\306\234\3607"
  68      F0D7 8E63 
  68      6B83 F311 
  68      173F 942F 
  68      C69C F037 
  69 033d FEB7 F92B 		.ascii	"\376\267\371+}\236\013\237\314F\235\241\0165*\316\343\202+x\036"
  69      7D9E 0B9F 
  69      CC46 9DA1 
  69      0E35 2ACE 
  69      E382 2B78 
  70 0352 782E 903E 		.ascii	"x.\220>P\375b\337\030\305^\237\213\252\033F!\204\317\375\007"
  70      50FD 62DF 
  70      18C5 5E9F 
  70      8BAA 1B46 
  70      2184 CFFD 
  71 0367 2A63 22A0 		.ascii	"*c\"\240z\274\203;J\317@n\245W5\245\331\322\300D\332\230\205"
  71      7ABC 833B 
  71      4ACF 406E 
  71      A557 35A5 
  71      D9D2 C044 
  72 037e B46B 96D2 		.ascii	"\264k\226\322\256\013i7\fi\262\221\376FHK\337\245\245\337\235"
  72      AE0B 6937 
  72      0C69 B291 
  72      FE46 484B 
  72      DFA5 A5DF 
  73 0393 4E9F EE3D 		.ascii	"N\237\356=\356\233\326q\337\332\211\373\337\335q\323\214|\355"
  73      EE9B D671 
  73      DFDA 89FB 
  73      DFDD 71D3 
  73      8C7C ED
  74 03a6 866B DF3E 		.ascii	"\206k\337>\235\333\265q3\327\250\211k\023\026\256\335\266tmR"
  74      9DDB B571 
  74      33D7 A889 
  74      6B13 16AE 
  74      DDB6 746D 
  75 03bb B876 C770 		.ascii	"\270v\307pM1\244\265\323\334\322\246\314\2441\023i\323\026\322"
  75      4D31 A4B5 
  75      D3DC D2A6 
  75      CCA4 3113 
  75      69D3 16D2 
  76 03cf 662C A5DD 		.ascii	"f,\245\335\025\322"
  76      15D2 
  77 03d5 660D 690E 		.string	"f\ri\016#\320\331\027\264@=Z\240c\351@\331\336\003\235\263\016t~'\320\205\335\201\262\214
  77      23D0 D917 
  77      B440 3D5A 
  77      A063 E940 
  77      D9DE 039D 
  78 04d6 384C 45E3 		.ascii	"8LE\343\b\312E\032~!\274\364N\311\007o\226\026\226\027W\004C"
  78      08CA 451A 
  78      7E21 BCF4 
  78      4EC9 076F 
  78      9616 9617 
  79 04ed 07CB B216 		.ascii	"\007\313\262\026/\356\177\273\242$\210\320{\205e\025\301\342"
  79      2FEE 7FBB 
  79      A224 88D0 
  79      7B85 6515 
  79      C1E2 
  80 04ff 92B7 0A0F 		.ascii	"\222\267\n\017\276\373~z\375|\021\261\343\254\250\264\270D./"
  80      BEFB 7E7A 
  80      FD7C 11B1 
  80      E3AC A8B4 
  80      B844 2E2F 
  81 0513 292A 2D2F 		.ascii	")*-/\376\037\340\311 \355"
  81      FE1F E0C9 
  81      20ED 
  82               		.text
  83               		.section	.gnu.lto_matrix_scan_user.7f6007524996d26f,"",@progbits
  84 0000 789C 8D9B 		.string	"x\234\215\233gp\024G\026\307\273{V\253\234Q\226P HH\240"
  84      6770 1447 
  84      16C7 BB7B 
  84      56AB 9C51 
  84      9650 2048 
  85 0017 1241 E49C 		.ascii	"\022A\344\234\261\215\023\216W\276\263\257\256\352\356\352|\366"
  85      B18D 138E 
  85      57BE B3AF 
  85      AEEA EEEA 
  85      7CF6 
  86 0029 F9C3 7D42 		.ascii	"\371\303}Bd0\330d\221d\220\215I\006\0330\330\004\033!\262\310"
  86      6430 D864 
  86      9164 908D 
  86      4906 1B30 
  86      D804 1B21 
  87 003f 8828 10C1 		.ascii	"\210(\020\301\230\234\341\300&\031\270~=\273\263\257g\330\256"
  87      989C E1C0 
  87      2619 B87E 
  87      3DBB B3AF 
  87      67D8 AE
  88 0052 5615 0F5E 		.ascii	"V\025\017^k\346\375\377\363\272\177\223vq\023B\002\212\ti\317"
  88      6BE6 FDFF 
  88      F3BA 7F93 
  88      7671 1342 
  88      028A 0969 
  89 0067 FFFE 2880 		.ascii	"\377\376(\200\020\372'B\331\244}\204\f\013b\3148\220J\312B\336"
  89      10FA 2742 
  89      D9A4 7D84 
  89      0C0B 62CC 
  89      3890 4ACA 
  90 007d AD2E 2265 		.ascii	"\255.\"ea\006s\241\314\305\002j\222y\026R\323\212g\001\314\215"
  90      6106 73A1 
  90      CCC5 026A 
  90      9279 1652 
  90      D38A 6701 
  91 0093 3237 0B1C 		.ascii	"27\013\034\233\r\031\304\260@\026\204\262 \026|>\t\262e\305<"
  91      9B0D 19C4 
  91      B040 1684 
  91      B220 167C 
  91      3E09 B265 
  92 00a9 0BA6 21A6 		.ascii	"\013\246!\246T\b\013\025\005\242D\201P\026\206\2620\026\216\262"
  92      5408 0B15 
  92      05A2 4481 
  92      5016 86B2 
  92      3016 8EB2 
  93 00bd 7016 21CA 		.ascii	"p\026!\312E\211r\021,R\224\213\022\345\"i\224Y.\212E\213]\342"
  93      4589 7211 
  93      2C52 948B 
  93      12E5 2269 
  93      9459 2E8A 
  94 00d5 C52E D12C 		.ascii	"\305.\321,\006e1,\026e\261\254\201(\027/\3125`q\242\\\274(\027"
  94      0665 312C 
  94      1665 B1AC 
  94      8128 172F 
  94      CA35 6071 
  95 00ee 47E3 CD72 		.ascii	"G\343\315r\361,A\354\222*vI`\211(KdI\242@\252(\220\304\222Q\226"
  95      F12C 41EC 
  95      922A 7649 
  95      6089 284B 
  95      6449 A240 
  96 0109 CC        		.ascii	"\314"
  97 010a 5244 B954 		.string	"RD\271TQ.\205\246\232\345RY\232(\220%\n\244\261\206(k\310\322E\201,Q \235e\240,\203e\212r
  97      512E 85A6 
  97      9AE5 5259 
  97      9A28 9025 
  97      0AA4 B186 
  98 020b 5165 0761 		.ascii	"Qe\007a}PZCX_\224\356$\254\037Jw\021\326_\024\035 \212\356&t"
  98      7D50 5A43 
  98      585F 94EE 
  98      24AC 1F4A 
  98      7711 D65F 
  99 0226 8059 740F 		.ascii	"\200Yt\017a\003\305v\203\305v{\t\033\204\322}\204\275\200\322"
  99      6103 C576 
  99      83C5 767B 
  99      091B 84D2 
  99      7D84 BD80 
 100 023b FD84 BD28 		.ascii	"\375\204\275(\234\016\026N\017\020\366\222(:X\024\255%t\260Y"
 100      9C0E 164E 
 100      0F10 F692 
 100      283A 5814 
 100      AD25 74B0 
 101 0250 F420 612F 		.ascii	"\364 a/\213\335\206\210\335\016\021\366\nJ\017\023\366*J\217"
 101      8BDD 8688 
 101      DD0E 11F6 
 101      0A4A 0F13 
 101      F62A 4A8F 
 102 0264 10F6 1A4A 		.ascii	"\020\366\032J\217\022\366\272(:D\024=F\350\020\263h\035ao\254"
 102      8F12 F6BA 
 102      283A 4414 
 102      3D46 E810 
 102      B368 1D61 
 103 027a 4D83 134F 		.ascii	"M\203\023O]!\377\305q\302\336D\351\t\302\336Bi=ao\317\314\205"
 103      5D21 FFC5 
 103      71C2 DE44 
 103      E909 C2DE 
 103      4269 3D61 
 104 0292 F441 239E 		.ascii	"\364A#\236\236$\354\035t\322:E\350\273f\321\323\204R\370WY\020"
 104      9E24 EC1D 
 104      74D2 3A45 
 104      E8BB 66D1 
 104      D384 52F8 
 105 02a9 2543 99E1 		.ascii	"%C\231\341\np\007\006\005\207\204\206\205GDFE\307\3046\210\213"
 105      0A70 0706 
 105      0587 8486 
 105      8547 4446 
 105      45C7 C436 
 106 02bf 4F48 4C4A 		.ascii	"OHLJNIMk\230\236\221\231\325\250q\223\246\3319\315r\363\232\267"
 106      4E49 4D6B 
 106      989E 9199 
 106      D5A8 7193 
 106      A6D9 39CD 
 107 02d7 C82F 282C 		.ascii	"\310/(,j\331\252\270\244u\233\266\355J\333w\350\330"
 107      6AD9 AAB8 
 107      A475 9BB6 
 107      ED4A DB77 
 107      E8D8 
 108 02e9 A973 35D9 		.string	"\251s5\331D6\223-d+\331F\266\223\035\244\206\354$\273\310n\262\207\354%\373\310~r\200\324
 108      4436 932D 
 108      642B D946 
 108      B693 1DA4 
 108      86EC 24BB 
 109 03ea 086E 0881 		.string	"\bn\b\201\020\202 \004C\b\201\020\n!\fB8\204\b\b\221\020\242 DC\210\201\020\013\241\001\2
 109      1082 2004 
 109      4308 8110 
 109      0A21 0C42 
 109      3884 0808 
 110 0485 8481 1006 		.string	"\204\201\020\006A d,\347\204\263_VM\306\361\224\377kD5\271J\207\227_y\270\200\302|\3176(_
 110      4120 642C 
 110      E784 B35F 
 110      564D C6F1 
 110      94FF 6B44 
 111 052d 5AE7 A27B 		.string	"Z\347\242{,\233.R\025b\332\274w\371\32167\354\240\323\222\275VK\366q_\342\260\257\323\021
 111      2C9B 2E52 
 111      1562 DABC 
 111      77F9 D136 
 111      37EC A0D3 
 112 0578 D4F9 2FCE 		.string	"\324\371/\316L\270\264,\270h9\234]3\340\350\016\202\237\\qx\364\020-\202>\234\350\356\223
 112      4CB8 B42C 
 112      B868 399C 
 112      5D33 E0E8 
 112      0E82 9F5C 
 113 05a5 5263 986D 		.string	"Rc\230m\250\362\314V\200\216\221#\n#G\301H\236i\344\230l\004j_X\274\345\\\210i\304M\353,#
 113      A8F2 CC56 
 113      808E 9123 
 113      0A23 47C1 
 113      489E 69E4 
 114 05f3 BE9E 4F59 		.ascii	"\276\236OY\306\002\211\227&\257\261@\035'\247\025\035:\003N\232"
 114      C602 8997 
 114      26AF B140 
 114      1D27 A715 
 114      1D3A 034E 
 115 0608 9B46 7E91 		.ascii	"\233F~\221\215\004\"\345 \222-\013\007\361Z\265#WT\030fG\\:>"
 115      8D04 22E5 
 115      2092 2D0B 
 115      07F1 5AB5 
 115      2357 5418 
 116 0621 7E45 3EE6 		.ascii	"~E>\346-8\264<\034\3718\007>\316z:r^6\022\204"
 116      2D38 B43C 
 116      1CF9 3807 
 116      3ECE 7A3A 
 116      725E 3612 
 117 0636 8C04 9370 		.string	"\214\004\223pn\2043X\271\246\342y\353<\274\334\200\353\364\005\276\316q\037#\304\242\036\
 117      6E84 3358 
 117      B9A6 E279 
 117      EB3C BCDC 
 117      80EB F405 
 118 0737 9661 CC82 		.ascii	"\226a\314\202%\n\3012\327\013K\204N\237\2063\377\0234\202\371"
 118      250A C132 
 118      D70B 4B84 
 118      4E9F 8633 
 118      FF13 3482 
 119 074c 6019 C9A4 		.ascii	"`\031\311\2446E X\242\035\260D\352(\217R(\217f>X\306\310\312"
 119      3645 2058 
 119      A21D B044 
 119      EA28 8F52 
 119      288F 663E 
 120 0764 507B 76ED 		.ascii	"P{v\355\314\257\003\314%\032G\3072\257\221\030\007,Q:F\3061\377"
 120      CCAF 03CC 
 120      251A 47C7 
 120      32AF 9118 
 120      072C 513A 
 121 077c B07C CA10 		.ascii	"\260|\312\020,\343e'Q\250\007\261v:\242u\224'(Z\360\031\363\321"
 121      2CE3 6527 
 121      51A8 07B1 
 121      763A A275 
 121      9427 285A 
 122 0794 F1B9 2C1C 		.ascii	"\361\271,\034\215\326h\003;\0351:\302\023\231\177:&1D\307dY9"
 122      8DD6 6803 
 122      3B1D 313A 
 122      C213 997F 
 122      3A26 3144 
 123 07ac 0629 C759 		.ascii	"\006)\307Yt<S\3211\205\311t\304\331\351\210\203'=;\035\361t\032"
 123      743C 53D1 
 123      3185 C974 
 123      C4D9 E988 
 123      8327 3D3B 
 124 07c4 B738 953D 		.ascii	"\2678\225=\237\216\351LEG\271\240"
 124      9F8E E94C 
 124      4547 B9A0 
 125 07d0 6386 8F8E 		.string	"c\206\217\216xD\307R/\035\261:}\232\251\230\240Y\210\216\331r\233b\321\312Hp\320\321@Gy\2
 125      7844 C752 
 125      2F1D B13A 
 125      7D9A A998 
 125      A059 888E 
 126 07fb 9DB1 131D 		.string	"\235\261\023\0358\304\351(\317U\3400\017\343P)K\307\241\265\221\344\270\323\212\327\221\3
 126      38C4 E928 
 126      CF55 E030 
 126      0FE3 5029 
 126      4BC7 A1B5 
 127 0856 5211 00   		.string	"R\021"
 128 0859 555E 00   		.string	"U^"
 129 085c 1275 1AB3 		.string	"\022u\032\263L1#\337\""
 129      4C31 23DF 
 129      2200 
 130 0866 BE93 FB02 		.ascii	"\276\223\373\002\265w\356\232\2618\314<I\007\322\345\326I:\315"
 130      B577 EE9A 
 130      B138 CC3C 
 130      4907 D2E5 
 130      D649 3ACD 
 131 087a C143 928E 		.ascii	"\301C\222\216\221\025\n#+\021\017\337\313F\240\366\372\215;v"
 131      9115 0A23 
 131      2B11 0FDF 
 131      CB46 A0F6 
 131      FA8D 3B76 
 132 088e 799E 97A2 		.ascii	"y\236\227\242\351*\313HC\007\036\311:FV+\360\370\001\343\361"
 132      E92A CB48 
 132      4307 1EC9 
 132      3A46 562B 
 132      F0F8 01E3 
 133 08a3 A3EC 2419 		.ascii	"\243\354$\031-\225t\007\036):\322k\024=X\213\360X'+\247 \345"
 133      2D95 7407 
 133      1E29 3AD2 
 133      6B14 3D58 
 133      8BF0 5827 
 134 08bb 0C3B 1EA9 		.ascii	"\f;\036\251:\302\353\025x\374\204\361\370YVNE\312\231\026\036"
 134      3AC2 EB15 
 134      78FC 84F1 
 134      F859 564E 
 134      45CA 9916 
 135 08d0 CF54 786C 		.ascii	"\317Txl\260].\022\354\227\213\004x\321g\247%\221n\344\026\253"
 135      B05D 2E12 
 135      EC97 8B04 
 135      78D1 67A7 
 135      2591 6EE4 
 136 08e6 FC5C 2EAA 		.ascii	"\374\\.\252\225\264l\022\264l\366\321\222\205h9\343\245%M\247"
 136      95B4 6C12 
 136      B46C F6D1 
 136      9285 6839 
 136      E3A5 254D 
 137 08fb 4F5B 1413 		.ascii	"O[\024\023\264\025\321\262Mn\023\324\036\261\345\370\312 s\221"
 137      B415 D1B2 
 137      4D6E 13D4 
 137      1EB1 E5F8 
 137      CA20 7391 
 138 090f 86D1 EDD6 		.ascii	"\206\321\355\326\"m\344\240\245\241\216\221\035\n#5\210\226\235"
 138      226D E4A0 
 138      A5A1 8E91 
 138      1D0A 2335 
 138      8896 9D
 139 0922 B291 8688 		.ascii	"\262\221\206\210\323\306\016<\322u\224w)\360\330\215\361\330"
 139      D3C6 0E3C 
 139      D275 9477 
 139      29F0 D88D 
 139      F1D8 
 140 0934 234B A7A3 		.ascii	"#K\247\243\207\236&\366\233\251\f\035\345\275\212c\336"
 140      879E 26F6 
 140      9BA9 0C1D 
 140      E5BD 8A63 
 140      DE
 141 0945 87E8 D82F 		.string	"\207\350\330/\013g\2405\332\324~3\225\251#|@AG-\246\343\240\254\234\211\224\263\255\233\2
 141      0B67 A035 
 141      DAD4 7E33 
 141      95A9 237C 
 141      4041 472D 
 142 0a46 8DA4 BF59 		.ascii	"\215\244\277YF\n\035\2604\323zY\244\200\345>\206\345\201\354"
 142      460A 1DB0 
 142      34D3 7A59 
 142      A480 E53E 
 142      86E5 81EC 
 143 0a5a 048A 5FD8 		.ascii	"\004\212_\3309u\264\347n3\225>\264\234\024\331\331\311\3251\362"
 143      3975 B4E7 
 143      6E33 953E 
 143      B49C 14D9 
 143      D9C9 D531 
 144 0a6f 48D1 91C7 		.ascii	"H\321\221\307\210\235?d\037\271h\311\266\264_J\362t\204\237("
 144      889D 3F64 
 144      1FB9 68C9 
 144      B6B4 5F4A 
 144      F274 849F 
 145 0a84 6079 8A61 		.ascii	"`y\212ay&+\347!\345V\276\267V*X\312\f\373sH,|\364\351|M5\314"
 145      7926 2BE7 
 145      21E5 56BE 
 145      B756 2A58 
 145      CA0C FB73 
 146 0aa1 F0FF 9A6A 		.ascii	"\360\377\232j\270\241\242c\204\001t\2144,:\212\021\035O\275t"
 146      B8A1 A263 
 146      8401 748C 
 146      342C 3A8A 
 146      111D 4FBD 
 147 0ab6 34D7 7A59 		.ascii	"4\327zYd(^\026\371L\3201\206\324\227\346\210\216\022\007\035"
 147      6428 5E16 
 147      F94C D031 
 147      86D4 97E6 
 147      888E 1207 
 148 0acb 2D74 94C7 		.ascii	"-t\224\307*\224\307\031>:>\225\225[ \034Z;p\310\327Q\036o\370"
 148      2A94 C719 
 148      3E3A 3E95 
 148      955B 201C 
 148      5A3B 70C8 
 149 0ae4 C761 8281 		.ascii	"\307a\202\201p\370L\226\316G\353\277\215}\375\027\350(\177\256"
 149      70F8 4C96 
 149      CE47 EBBF 
 149      8D7D FD17 
 149      E828 7FAE 
 150 0af8 38E6 8986 		.ascii	"8\346\211\206o\375O\222\205\013\320E\253\255\375bQ\250#<\331"
 150      6FFD 4F92 
 150      850B D045 
 150      ABAD FD62 
 150      51A8 233C 
 151 0b0d F0BF FEA7 		.ascii	"\360\277\376\247\030h\375O\225\225\013\321\372og],\236\251\326"
 151      1868 FD4F 
 151      9595 0BD1 
 151      FA6F 675D 
 151      2C9E A9D6 
 152 0b21 FF34 43BE 		.ascii	"\3774C\276X\244\331/\026i\360\211\277\035\207\206\264\234[\234"
 152      58A4 D92F 
 152      1669 F089 
 152      BF1D 8786 
 152      B49C 5B9C 
 153 0b35 6E3C 1F87 		.ascii	"n<\037\207\031J\034f\n\034f\371p(E8\214_\342\301\241H\247O\263"
 153      194A 1C66 
 153      0A1C 66F9 
 153      7028 4538 
 153      8C5F E2C1 
 154 0b4e 1513 3407 		.ascii	"\025\0234\007\341P!\267\251\b\341\320\336\201CK\035\345/\024"
 154      E150 21B7 
 154      A908 E1D0 
 154      DE81 434B 
 154      1DE5 2F14 
 155 0b62 CA73 110E 		.ascii	"\312s\021\016\363d\345\226\350\301\273\203\003\207V:\312\225"
 155      F364 E596 
 155      E8C1 BB83 
 155      0387 563A 
 155      CA95 
 156 0b74 0A1C BEC4 		.ascii	"\n\034\276\3048|%KC\361\362\275\223\327\273\315\253C0\235ox\235"
 156      387C 254B 
 156      43F1 F2BD 
 156      93D7 BBCD 
 156      AB43 309D 
 157 0b8b 74B4 D351 		.ascii	"t\264\323Q\254\365\262H\321\202\005\210\216\205\262\017\250="
 157      ACF5 B248 
 157      D182 0588 
 157      8E85 B20F 
 157      A83D 
 158 0b9d 7DEF 863A 		.ascii	"}\357\206:\303\364\021C\027Y>:\331a)\321\361\261X\001\313\022"
 158      C3F4 1143 
 158      1759 3E3A 
 158      D961 29D1 
 158      F1B1 5801 
 159 0bb3 0CCB 37B2 		.ascii	"\f\3137\262\221\022\004Kg\013\226U_+`Yj\203%\335\016K:|\r\306"
 159      9112 044B 
 159      670B 9655 
 159      5F2B 6059 
 159      6A83 25DD 
 160 0bcd 0E4B 06FD 		.ascii	"\016K\006\375\226[\\\346\007\226\357\224\260,\027\260\254\360"
 160      965B 5CE6 
 160      0796 EF94 
 160      B02C 17B0 
 160      ACF0 
 161 0bdf C1D2 05C1 		.ascii	"\301\322\005\3012\307\013Kk\235>\255T\314\327\367\b\226Ur\233"
 161      32C7 0B4B 
 161      6B9D 3EAD 
 161      54CC D7F7 
 161      0896 5572 
 162 0bf4 A0F6 ED75 		.ascii	"\240\366\355u\013\0263s\276\302\351jk\276\272:\330i\243c\344"
 162      0B16 3373 
 162      BEC2 E96A 
 162      6BBE BA3A 
 162      D869 A363 
 163 0c09 0785 911F 		.ascii	"\007\205\221\037\021;k"
 163      113B 6B
 164 0c10 6423 50FB 		.string	"d#P\373\306\321\245\313<\013'\202\256\265\214ts\240\324V\307\310:\005J\3531J?\311N\332\24
 164      C6D1 A5CB 
 164      3C0B 2782 
 164      AEB5 8C74 
 164      73A0 D456 
 165 0d11 A2E3 B297 		.ascii	"\242\343\262\227\216.:}:\245\230\240\323\210\2163r\233\272\240"
 165      8E2E 3A7D 
 165      3AA5 98A0 
 165      D388 8E33 
 165      729B BAA0 
 166 0d25 F726 031D 		.ascii	"\367&\003\0358t\325Q\376E\241|\026\341\360\253\254\f\265\357"
 166      3874 D551 
 166      FE45 A17C 
 166      16E1 F0AB 
 166      AC0C B5EF 
 167 0d39 2E3B 36D1 		.ascii	".;6\321\363\002'\221\236\263\226\350 \007\035\335t\214\234W\320"
 167      F302 2791 
 167      9EB3 96E8 
 167      2007 1DDD 
 167      748C 9C57 
 168 0d4e 7101 D371 		.ascii	"q\001\323qQv\322\r\235\022^\260\323\321]G\371\222\242\005\227"
 168      5176 D20D 
 168      9D12 5EB0 
 168      D3D1 5D47 
 168      F992 A205 
 169 0d63 111D 5764 		.ascii	"\021\035Wd\341\356h\215\276h\177\016\357\241#|UA\307"
 169      E1EE 688D 
 169      BE68 7F0E 
 169      EFA1 237C 
 169      5541 C7
 170 0d76 354C C775 		.string	"5L\307uY\271\007R~\311z\016_\264HA\307\r\307\305\"\023\276\n\354\304\341\246\002\207[J\03
 170      59B9 0752 
 170      7EC9 7A0E 
 170      5FB4 4841 
 170      C70D C7C5 
 171 0e77 F4E0 FD16 		.string	"\364\340\375\026\251\261=<\f\324\221\236\2448\350\311.\037"
 171      A9B1 3D3C 
 171      0CD4 919E 
 171      A438 E8C9 
 171      2E1F 00
 172 0e8a 5364 E581 		.string	"Sd\345\201h\031\276m\177x\030\244#<\325\345\037\200i\030\200\351\262\362 \244\374\016\211
 172      6819 BE6D 
 172      7F78 18A4 
 172      233C D5E5 
 172      1F80 6918 
 173 0eb6 E2E9 0C97 		.string	"\342\351\f\227\377/H\315T\0020K"
 173      FF2F 48CD 
 173      5402 304B 
 173      00
 174 0ec3 30DB 07C0 		.ascii	"0\333\007\300\273\236\377gp\223\016\257\274\364\255!\314\301"
 174      BB9E FF67 
 174      7093 0EAF 
 174      BCF4 AD21 
 174      CCC1 
 175 0ed5 CF58 83C2 		.ascii	"\317X\203\302o\030!\355\376\376\301\177\377\374\257\367>z\377"
 175      6F18 21ED 
 175      FEFE C17F 
 175      FFFC AFF7 
 175      3E7A FF
 176 0ee8 E382 A24F 		.ascii	"\343\202\242O>\224\222\326\205\177\373\370\203\002>\364\317\367"
 176      3E94 92D6 
 176      857F FBF8 
 176      8302 3EF4 
 176      CFF7 
 177 0efa 3EFC B8E0 		.ascii	">\374\270\340\375\017\376\372\336'\377\370\217'\317\377\013\371"
 177      FD0F FEFA 
 177      DE27 FFF8 
 177      8F27 CFFF 
 177      0BF9 
 178 0f0c 3FBD 2DFC 		.ascii	"?\275-\374\226"
 178      96
 179               		.text
 180               		.section	.gnu.lto_keymaps.7f6007524996d26f,"",@progbits
 181 0000 78        		.ascii	"x"
 182 0001 9CED 9867 		.string	"\234\355\230gS[G\024\206\357\225\300\025CzqH\357=.I\230\324\257\311\227Lf\362\027\362\003
 182      535B 4714 
 182      86EF 95C0 
 182      1543 7A71 
 182      48EF 3D2E 
 183 0102 8ACA 983C 		.ascii	"\212\312\230<\2553\346\357\243\360(\017\353\006n\033\016\223"
 183      AD33 E6EF 
 183      A3F0 280F 
 183      EB06 6E1B 
 183      0E93 
 184 0114 1EE6 DA9A 		.ascii	"\036\346\332\232\233h=\024T\256\210\310P\f\263Q\231x,P\254\027"
 184      9B68 3D14 
 184      54AE 88C8 
 184      500C B351 
 184      9978 2C50 
 185 012a 03C5 E381 		.ascii	"\003\305\343\201b\035\353\314\254\325\262fb\255\2145#z\003k5"
 185      621D EBCC 
 185      ACD5 B266 
 185      62AD 8C35 
 185      237A 036B 
 186 013f AC55 4357 		.ascii	"\254UCW\241?A\235\236"
 186      A13F 419D 
 186      9E
 187 0148 B54A D674 		.string	"\265J\326t\254iY\253`M\303Z9>V\312Z\211\030\310\327\240\327>d<@\t\215\361\204\256\216\247
 187      AC69 59AB 
 187      604D C35A 
 187      393E 56CA 
 187      5A89 18C8 
 188 0249 0CFB C1B0 		.string	"\f\373\301\260\017\f{\211\241\003\f\257\203a\017\030v{1\354\"\206Y5-\177P>\307\230\252\32
 188      0F0C 7B89 
 188      A103 0CAF 
 188      8361 0F18 
 188      767B 31EC 
 189 02b3 9313 1399 		.string	"\223\023\023\231\361\300\177\224\311\333\236T\r"
 189      F1C0 7F94 
 189      C9DB 9E54 
 189      0D00 
 190 02c1 3FC3 A465 		.string	"?\303\244ea\262\003\362C&\343\213\006\325>^@\347\b\350-"
 190      61B2 03F2 
 190      4326 E38B 
 190      06D5 3E5E 
 190      40E7 08E8 
 191 02d7 9D05 D019 		.string	"\235\005\320\031"
 191      00
 192 02dc 9D06 D029 		.string	"\235\006\320)"
 192      00
 193 02e1 BD09 A02E 		.string	"\275\t\240.\002:\t\240\023"
 193      023A 09A0 
 193      1300 
 194 02eb 3A0E A063 		.string	":\016\240c"
 194      00
 195 02f0 7A03 4047 		.ascii	"z\003@G\thN[|4\252\344\003&\213\206\007\224\270\265O\370\215"
 195      0968 4E5B 
 195      7C34 AAE4 
 195      0326 8B86 
 195      0794 B8B5 
 196 0307 4F68 6660 		.ascii	"Ohf`\207\217\231\274\254q\374H\352]\246\226b\2251\b\276\303\353"
 196      878F 99BC 
 196      AC71 FC48 
 196      EA5D A696 
 196      6295 3108 
 197 031e DCD0 721D 		.ascii	"\334\320r\035S\337frE\337\226\005\313\276\305\344H\321R?>\374"
 197      53DF 6672 
 197      45DF 9605 
 197      CBBE C5E4 
 197      48D1 523F 
 198 0334 26B7 FB19 		.ascii	"&\267\373\031M\034\242o\360]\240oz\021\314^\347\314\232\223G"
 198      4D1C A26F 
 198      F05D A06F 
 198      7A11 CC5E 
 198      E7CC 9A93 
 199 0349 B172 AF31 		.ascii	"\261r\2571y>\273P\213G\300\253|?\f\311+\202\344\236\\\325\016"
 199      793E BB50 
 199      8B47 C0AB 
 199      7C3F 0CC9 
 199      2B82 E49E 
 200 0360 6461 5DDF 		.ascii	"da]\337grhC\321\273\337\213\350]\"\272\001\242\353 \352\001\321"
 200      6772 6843 
 200      D1BB DF8B 
 200      E85D 22BA 
 200      01A2 EB20 
 201 0377 3510 5D05 		.ascii	"5\020]\005Q7\210\256\020\321e\020]\002\321; \272\b\242\013 :"
 201      5137 88AE 
 201      10D1 6510 
 201      5D02 D13B 
 201      20BA 08A2 
 202 038e 4F44 673A 		.ascii	"ODg:c\322EJ\340\347\024\271\234__!\013\342\327\277-\006I\327"
 202      63D2 454A 
 202      E0E7 14B9 
 202      9C5F 5F21 
 202      0BE2 D7BF 
 203 03a6 1F61 3DBF 		.ascii	"\037a=\277~'\353\371\365-b\220\260\027\366\365]\337!w}{\331\365"
 203      7E27 EBF9 
 203      F52D 6290 
 203      B017 F6F5 
 203      5DDF 2177 
 204 03be 72DC 8BEE 		.ascii	"r\334\213\356\r'\367\206\311\310\275\2412ro\210\214\334\033,"
 204      0D27 F786 
 204      C9C8 BDA1 
 204      3272 6F88 
 204      8CDC 1B2C 
 205 03d2 7BEC DEC7 		.ascii	"{\354\336\307\356\335\263\356=M\356\215\206{\243\340\336H\270"
 205      EEDD B3EE 
 205      3D4D EE8D 
 205      867B A3E0 
 205      DE48 B8
 206 03e5 3782 DC5B 		.ascii	"7\202\334[j\266\204\343\t\317\317\212\245c\256l?\257\0339#\223"
 206      6AB6 84E3 
 206      09CF CF8A 
 206      A563 AE6C 
 206      3FAF 1B39 
 207 03fb 6E84 77FC 		.ascii	"n\204w\374\213x\277\235\231\371\370\003\314\314\303:\364\025"
 207      8B78 BF9D 
 207      99F9 F803 
 207      CCCC C33A 
 207      F415 
 208 040d E837 2F25 		.ascii	"\3507/%\323<\037\367tR\027\362Q\360\023_v\251'\326\333\334\261"
 208      D33C 1FF7 
 208      7452 17F2 
 208      51F0 135F 
 208      76A9 27D6 
 209 0424 DB27 C47B 		.ascii	"\333'\304{#\372\315\t\361\276\n\375\t\352\266K\310\333\334HH"
 209      23FA CD09 
 209      F1BE 0AFD 
 209      09EA B64B 
 209      C8DB DC48 
 210 0439 77E1 D44F 		.ascii	"w\341\324O\224\217\235\313\334\214\306j\034W\333\2716;\325\371"
 210      948F 9DCB 
 210      DC8C C66A 
 210      1C57 DBB9 
 210      363B D5F9 
 211 044d 384D B571 		.ascii	"8M\265q\3351\236\031\212\007z+\327\341\311\355\211\177S\033\t"
 211      DD31 9E19 
 211      8A07 7A2B 
 211      D7E1 C9ED 
 211      897F 531B 
 212 0462 C83F 1EF9 		.ascii	"\310?\036\371\237G\376q\262GY\033\226r\367\030N']Z\276\304\211"
 212      9F47 FE71 
 212      B247 591B 
 212      9672 F718 
 212      4E27 5D5A 
 213 0479 03B9 A338 		.ascii	"\003\271\2438\360\265H\003\0351N\263|\373\352IB\212\252\177\207"
 213      F0B5 4803 
 213      1D31 4EB3 
 213      7CFB EA49 
 213      428A AA7F 
 214 048e F821 ABC7 		.ascii	"\370!\253\307\336\266\234\206#\222\215\353%\233\272\023\f\353"
 214      DEB6 9C86 
 214      2392 8DEB 
 214      259B BA13 
 214      0CEB 
 215 04a0 B84E 1932 		.ascii	"\270N\0312\r\342\350h\346z\276\363f1\216n\265\\w\353\347u8S\231"
 215      0DE2 E868 
 215      E67A BEF3 
 215      6631 8E6E 
 215      B55C 77EB 
 216 04b9 B89E 4BAA 		.ascii	"\270\236K\252/\300\271\324&\335\341J\357)\023L\325,\r\024\227"
 216      2FC0 B9D4 
 216      26DD E14A 
 216      EF29 134C 
 216      D52C 0D14 
 217 04ce B447 E224 		.ascii	"\264G\342$\325 \r8\226\335\265\240d\225\006\252J\333\234\310"
 217      D520 0D38 
 217      96DD B5A0 
 217      6495 06AA 
 217      4ADB 9CC8 
 218 04e2 A15E 1A08 		.ascii	"\241^\032\b)\364\304\343\023\026i \264\370\272\r+\337(\rDw\367"
 218      29F4 C4E3 
 218      1316 6920 
 218      B4F8 BA0D 
 218      2BDF 280D 
 219 04f9 4622 8D26 		.ascii	"F\"\215&i\300m/\320\3424W+\r\304\226u\033\274\315\234Cf\276\002"
 219      69C0 6D2F 
 219      D0E2 3457 
 219      2B0D C496 
 219      751B BCCD 
 220 0512 D297 413A 		.ascii	"\322\227A:\033\244/\201t\026Hg\202t\006\221N\007\3514\2309\025"
 220      1BA4 2F81 
 220      7416 4867 
 220      8274 0691 
 220      4E07 E934 
 221 0529 664E 4175 		.ascii	"fNAu]\224\021\351d2\263\331R\332\344\263u\233\270J\333\304\005"
 221      5D94 11E9 
 221      6432 B3D9 
 221      52DA E4B3 
 221      759B B84A 
 222 0540 6C13 89D8 		.ascii	"l\023\211\330&\316a\2338K\333\204\263R\035w\210n%D\372\261\242"
 222      26CE 619B 
 222      384B DB84 
 222      B352 1D77 
 222      886E 2544 
 223 0557 C968 528B 		.ascii	"\311hR\213\377\351S\357\332\2037\212]\337\030:\307\fJxhUZ\335"
 223      FFE9 53EF 
 223      DA83 378A 
 223      5DDF 183A 
 223      C70C 4A78 
 224 056f D6B1 9E5B 		.ascii	"\326\261\236[\207w\244\324\013d{\3631\250U\344\017\240h\214\\"
 224      8777 A4D4 
 224      0B64 7BF3 
 224      31A8 55E4 
 224      0FA0 688C 
 225 0584 6B66 F334 		.ascii	"kf\3634@d\340z$$N\201\370\367\374\343\261\325wP\307\337\361\255"
 225      4064 E07A 
 225      2424 4E81 
 225      F8F7 FCE3 
 225      B1D5 7750 
 226 059c 32B7 BF01 		.ascii	"2\267\277\001[\353\267L\236\r\031\374\235\3247<hOp\241\226\276"
 226      5BEB B74C 
 226      9E0D 19FC 
 226      9DD4 373C 
 226      684F 70A1 
 227 05b2 66B2 C4B1 		.ascii	"f\262\304\261\322\203w\237\257\370\033\357\210\272\037\3212\376"
 227      D283 779F 
 227      AFF8 1BEF 
 227      88BA 1FD1 
 227      32FE 
 228 05c4 FADE B1AA 		.ascii	"\372\336\261\252\236:\350E\242\202\314\241\301R\224\337{\214"
 228      9E3A E845 
 228      A282 CCA1 
 228      C152 94DF 
 228      7B8C 
 229 05d6 6129 4AB1 		.ascii	"a)J\261\024%0G1\314\361'\231\243\350\237\025\332\265\264\210"
 229      1425 3047 
 229      31CC F127 
 229      99A3 E89F 
 229      15DA B5B4 
 230 05eb 42DF AD85 		.ascii	"B\337\255\205\246\245BS\243\320\nQh\371(\264<*\264\366\236\314"
 230      A6A5 4253 
 230      A3D0 0A51 
 230      68F9 28B4 
 230      3C2A B4F6 
 231 0601 56EC 5DC1 		.ascii	"V\354]\301R\241M\004/]\224\355\310\361\262r\217\026\332\264\252"
 231      52A1 4D04 
 231      2F5D 94ED 
 231      C8F1 B272 
 231      8F16 DAB4 
 232 0616 BE0A 48D6 		.ascii	"\276\nH\326\244B[\017\017\216\302\200G\032\320\017)&\275\217"
 232      A442 5B0F 
 232      0F8E C280 
 232      471A D00F 
 232      2926 BD8F 
 233 062a 5F8F B6F2 		.ascii	"_\217\266\362j\220b\365\366\2257\347\016s #7=`\3123\254;S\212"
 233      6A90 62F5 
 233      F695 37E7 
 233      0E73 2023 
 233      373D 60CA 
 234 0643 46D9 B6A5 		.ascii	"F\331\266\245X\032\253;I\t\255H\t\ruN\334\373}\353s\376\313\231"
 234      581A AB3B 
 234      4909 AD48 
 234      090D 754E 
 234      DCFB 7DEB 
 235 065b 4739 E5EB 		.ascii	"G9\345\353\225\237\371\221\024H\355\303\025\210*\3019\351\277"
 235      959F F991 
 235      1448 EDC3 
 235      1588 2AC1 
 235      39E9 BF
 236 066e B540 EAA8 		.ascii	"\265@\352\250@L(\020\003\n\244\n\005\242\337#\257[f\327\362\332"
 236      404C 2810 
 236      030A A40A 
 236      05A2 DF23 
 236      AF5B 66D7 
 237 0684 81ED EBE1 		.ascii	"\201\355\353\341\177\362\272\225^S2\207\343\224\252B\372\241"
 237      7FF2 BA95 
 237      5E53 3287 
 237      E394 AA42 
 237      FAA1 
 238 0696 BE2E 23CD 		.ascii	"\276.#\315\373\255ag\036<\215\262\275\361\3765\222~.)`\253\235"
 238      FBAD 6167 
 238      1E3C 8DB2 
 238      BDF1 FE35 
 238      927E 2E29 
 239 06ad 6D64 E726 		.ascii	"md\347&\330\331\n;7\300\316\026\262s\204\315U\206:\370-E\356"
 239      D8D9 0A3B 
 239      37C0 CE16 
 239      B273 84CD 
 239      5586 3AF8 
 240 06c4 C327 36D3 		.ascii	"\303'6\323\304zL\324ab.&\306\260\236'~\212\365<q%\373\"\261\205"
 240      C47A 4CD4 
 240      6162 2E26 
 240      C6B0 9E27 
 240      7E8A F53C 
 241 06de FDFB 0B48 		.ascii	"\375\373\013H-\033S"
 241      2D1B 53
 242               		.text
 243               		.section	.gnu.lto_.symbol_nodes.7f6007524996d26f,"",@progbits
 244 0000 789C 55CE 		.string	"x\234U\316;N\303@\024\005\320;\2368`C\bI\034\347\007\211\t\377_\200\r hY\002\r\035\r\005\
 244      3B4E C340 
 244      1405 D03B 
 244      9E38 6043 
 244      0849 1CE7 
 245 0038 6F82 8E99 		.ascii	"o\202\216\231w\023\2114\367\350\335\247\371\024\001\374(\023"
 245      7713 8934 
 245      F7E8 DDA7 
 245      F914 01FC 
 245      2813 
 246 004a 4E25 066E 		.ascii	"N%\006n\207\200\34159\006\334`:\351\003\332\r\247h\243H\233."
 246      8780 E135 
 246      3906 DC60 
 246      3AE9 03DA 
 246      0DA7 68A3 
 247 0061 6D15 685B 		.ascii	"m\025h[\323\216C\027\024]\204\350\324b5yq\267\031\231\007\335"
 247      D38E 4317 
 247      145D 84E8 
 247      D462 3579 
 247      71B7 1999 
 248 0077 5E4B E8B7 		.ascii	"^K\350\267\205\345\006O\255\204t\265N\327\002\272^\243\033U\272"
 248      85E5 064F 
 248      AD84 74B5 
 248      4ED7 02BA 
 248      5EA3 1B55 
 249 008c 59A1 5BF3 		.ascii	"Y\241[\363t\273Lw\346\350n\211\016f\351\336\f\335\367\351\201"
 249      74BB 4C77 
 249      E6E8 6E89 
 249      0E66 E9DE 
 249      0CDD F7E9 
 250 00a1 47AB 9D1B 		.ascii	"G\253\235\033#T=v\344\227@\222\034\231y)\326\023s\024\027\376"
 250      2354 3D76 
 250      E497 4092 
 250      1C99 7929 
 250      D613 7314 
 251 00b7 CF1A 5D64 		.ascii	"\317\032]d\217%\313\333\210\367oe\315\307~\320\364s\344\027\315"
 251      8F25 CBDB 
 251      88F7 6F65 
 251      CDC7 7ED0 
 251      F473 E417 
 252 00cc C60E 0FB5 		.ascii	"\306\016\017\265\037!\375\035h\277\207\374%\320\276\271\344\304"
 252      1F21 FD1D 
 252      68BF 87FC 
 252      25D0 BEB9 
 252      E4C4 
 253 00de 6656 B699 		.ascii	"fV\266\231\2066\363S\351\317\244?\227\376B\372K\351\257\244\277"
 253      8636 F353 
 253      E9CF A43F 
 253      97FE 42FA 
 253      4BE9 AFA4 
 254 00f3 96FE CE93 		.ascii	"\226\376\316\223\305\275\222\315\203\220=\t\351\263\207?\"\\"
 254      C5BD 92CD 
 254      8390 3D09 
 254      E9B3 873F 
 254      225C 
 255 0105 53C7      		.ascii	"S\307"
 256               		.text
 257               		.section	.gnu.lto_.refs.7f6007524996d26f,"",@progbits
 258 0000 789C 0DC5 		.string	"x\234\r\305\377*Cq\034\006\340\367\373\231\035\3339{\267c?\3141$I$I$I\\\224\033 I\"I\262$
 258      FF2A 4371 
 258      1C06 E0F7 
 258      FB99 1DDB 
 258      397B B763 
 259 008b 0E82 4396 		.ascii	"\016\202C\226\035\006G\300=\200\373r \207\260\334\221>\226\023"
 259      1D06 47C0 
 259      3D80 FB72 
 259      2087 B0DC 
 259      913E 9613 
 260 009f 3995 3339 		.ascii	"9\22539\207\345/\364\245\\\311\265\334H\005V\270\325wr/\017\362"
 260      87E5 2FF4 
 260      A55C C9B5 
 260      DC48 0556 
 260      B8D5 7772 
 261 00b6 284F B0DA 		.ascii	"(O\260\332g\375\"\257\362&\357\362\001+~\352/\371\226\037\371"
 261      67FD 22AF 
 261      F226 EFF2 
 261      012B 7EEA 
 261      2FF9 961F 
 262 00cb 953F 58DD 		.ascii	"\225?X\335\230\003\307eB&eJ\246\235E3zV\346d^\026d\321Y\375\222"
 262      9803 C765 
 262      4226 654A 
 262      A69D 4533 
 262      7A56 E664 
 263 00e6 2ECB B2AC 		.ascii	".\313\262\254\310\252\2549+\255\353\r\331\224-\331\226\035g\r"
 263      C8AA AC39 
 263      2BAD EB0D 
 263      D994 2DD9 
 263      961D 670D 
 264 00fa BB0E FF47 		.ascii	"\273\016\377G(8="
 264      2838 3D
 265               		.text
 266               		.section	.gnu.lto_.decls.7f6007524996d26f,"",@progbits
 267 0000 789C 9D5A 		.string	"x\234\235Z\tPTY\226\315\227/\201$\223\305Q\247\333\211fbH\313\236\246&\242\005-\265\264+\
 267      0950 5459 
 267      96CD 972F 
 267      8124 93C5 
 267      51A7 DB89 
 268 00ad B611 6C33 		.string	"\266\021l3\3306\260_\200}\f\366)\330\347`\177"
 268      D836 B05F 
 268      807D 0CF6 
 268      29D8 E760 
 268      7F00 
 269 00bf F305 F307 		.ascii	"\363\005\363\007\013\004\013\005\3733X4X<X\022X\032X:\330y\260"
 269      0B04 0B05 
 269      FB33 5834 
 269      583C 5812 
 269      581A 583A 
 270 00d6 2CB0 1CB0 		.ascii	",\260\034\260<\260\002\260b\260Z\244\220|~\f5\270)X\236\253\301"
 270      3CB0 02B0 
 270      62B0 5AA4 
 270      907C 7E0C 
 270      35B8 2958 
 271 00ed D6DA D5F0 		.ascii	"\326\332\325\360%\330\"\330\003\260\333\320\257\216\344\213l"
 271      25D8 22D8 
 271      03B0 DBD0 
 271      AF8E E48B 
 271      6C
 272 00fe B5FD 1518 		.ascii	"\265\375\025\030tW\314\203\335S\260c-\257\317]\301\362\376\230"
 272      7457 CC83 
 272      DD53 B063 
 272      2DAF CF5D 
 272      C1F2 FE98 
 273 0112 D7B1 8DD7 		.ascii	"\327\261\215\327\265\221\327I\352%u\327\2035\2005\2025\201\335"
 273      B591 D749 
 273      EA25 75D7 
 273      8335 8035 
 273      8235 81DD 
 274 0126 016B 5E91 		.ascii	"\001k^\221\343\337B\340\367x>$\317/\300\356\002\246\005\261\\"
 274      E3DF 42E0 
 274      F778 3E24 
 274      CF2F C0EE 
 274      02A6 05B1 
 275 013b 5BE1 FBC7 		.ascii	"[\341\373\307`f0W\2606\260\"\260\177\343y\267\203\375\313\212"
 275      6066 3057 
 275      B036 B022 
 275      B07F E379 
 275      B783 FDCB 
 276 0150 BC3B C022 		.ascii	"\274;\300\"\300\356\201\375\006\254\023,\005\354>\330n\260.\260"
 276      C0EE 81FD 
 276      06AC 132C 
 276      05EC 3ED8 
 276      6EB0 2EB0 
 277 0164 38B0 6EB0 		.ascii	"8\260n\260\377\002\353\001\373\006\254\027\354\217<?2\356n|\034"
 277      FF02 EB01 
 277      FB06 AC17 
 277      EC8F 3C3F 
 277      32EE 6E7C 
 278 0179 D7F2 BA89 		.ascii	"\327\362\272\211\2069\\\373\363|,\322\370\330\304\363\261\372"
 278      8639 5CFB 
 278      F37C 2CD2 
 278      F8D8 C4F3 
 278      B1FA 
 279 018b 331F BB40 		.ascii	"3\037\273@>\226\276|l?_1V\366\237\303\230\315\241/\370\030\335"
 279      3E96 BE7C 
 279      6C3F 5F31 
 279      56F6 9FC3 
 279      98CD A12F 
 280 01a2 82F3 D560 		.ascii	"\202\363\325`5+p\366\237$\214.X\026&q,F_h\320\3622\006G\376\363"
 280      352B 70F6 
 280      9F24 8C2E 
 280      5816 2671 
 280      2C46 5F68 
 281 01bd B257 AECC 		.ascii	"\262W\256\314A\316_\353:R\245\301Jz|*\377\374\220\333\306\034"
 281      41CE 5FEB 
 281      3A52 A5C1 
 281      4A7A 7C2A 
 281      FFFC 90DB 
 282 01d3 817D D4FF 		.ascii	"\201}\324\377\255@E\b\213\201n\034\355\031\326\340_S`\315\362"
 282      AD40 4508 
 282      8B81 6E1C 
 282      ED19 D6E0 
 282      5F53 60CD 
 283 01e8 9CC9 1D62 		.ascii	"\234\311\035b\254\326 %4\315\223M\247\264\320\\\253A\253\222"
 283      ACD6 2025 
 283      34CD 934D 
 283      A7B4 D05C 
 283      AB41 AB92 
 284 01fc B0B2 A628 		.ascii	"\260\262\246(\354\2603\322x\305\bB\270\320\"\b\016\353\024\250"
 284      ECB0 33D2 
 284      78C5 0842 
 284      B8D0 2208 
 284      0EEB 14A8 
 285 0210 0C79 A052 		.ascii	"\fy\240R\344\241@\025\310\213P\027\243\215\nT\b\316\253\340\314"
 285      E4A1 4015 
 285      C88B 5017 
 285      A38D 0A54 
 285      08CE ABE0 
 286 0225 2474 A689 		.ascii	"$t\246\211\324\365Y\275\202\340\211\312\221\006\225 L1\n\005"
 286      D4F5 59BD 
 286      82E0 89CA 
 286      9106 9520 
 286      4C31 0A05 
 287 0239 A0C9 5F70 		.ascii	"\240\311_p\002S\375\371\362\327.\214\330\001\232'\247\037\214"
 287      0253 FDF9 
 287      F2D7 2E8C 
 287      D801 9A27 
 287      A71F 8C
 288 024c 3A33 622F 		.ascii	":3b/h\246\204-\236q\303Q\210\346X5Up\221CI\331\251\343\025\027"
 288      68A6 842D 
 288      9E71 C351 
 288      88E6 5835 
 288      5570 9143 
 289 0266 9C71 2C3B 		.ascii	"\234q,;w\247\246-\305\t'\322\206jp~\254\023#g\017\004\331 \257"
 289      77A7 A62D 
 289      C509 27D2 
 289      866A 707E 
 289      AC13 2367 
 290 027f 6892 B449 		.ascii	"h\222\264I\210_\205\024"
 290      885F 8514 
 291 0287 E803 0FE4 		.string	"\350\003\017\344\003)\327@\312U\310\031\222\270\005\220jH\370\204\240\246\236\023\002\324
 291      0329 D740 
 291      CA55 C819 
 291      92B8 0590 
 291      6A48 F884 
 292 0388 63B6 A949 		.ascii	"c\266\251I\322\243L\007M\207\2525\330L\231\034\316t-\036tD\033"
 292      D2A3 4C07 
 292      4D87 AA35 
 292      D84C 991C 
 292      CE74 2D1E 
 293 039f 366C F05A 		.ascii	"6l\360Z\303\022~\371\210'L\006\336\004\335\273m\t31h\306\fl\371"
 293      C312 7EF9 
 293      8827 4C06 
 293      DE04 DDBB 
 293      6D09 3331 
 294 03b8 5721 CE85 		.ascii	"W!\316\205N\361\016\216\264fyS\202\205\244\236R,I\252v%\326&"
 294      4EF1 0E8E 
 294      B466 7953 
 294      8285 A49E 
 294      522C 49AA 
 295 03d0 04CB 7F38 		.ascii	"\004\313\1778\211\n\332-\025\224\252\021\317\325\270\016}\257"
 295      890A DA2D 
 295      1594 AA11 
 295      CFD5 B80E 
 295      7DAF 
 296 03e2 518A 6E   		.ascii	"Q\212n"
 297 03e5 2E45 1748 		.string	".E\027Hq\037\244\270\007\326\311\345\200j;\306\347F4\270\223\351Z\032s1\316\035y\255a4\26
 297      711F A4B8 
 297      07D6 C9E5 
 297      806A 3BC6 
 297      E746 34B8 
 298 04e6 B2C2 C902 		.ascii	"\262\302\311\002$\360\001d\303w\023<\2113,\033}\263mZ6\263i9"
 298      24F0 0164 
 298      C377 133C 
 298      8933 2C1B 
 298      7DB3 6D5A 
 299 04fe F596 6969 		.ascii	"\365\226ii\342SE\024s\212\317\222\0270K\306!\312$\3304\330s\260"
 299      E253 4514 
 299      738A CF92 
 299      1730 4BC6 
 299      21CA 24D8 
 300 0516 093E 5B58 		.ascii	"\t>[X\n\303v5>\226\315\342\021\342\333DBa\353\250;.\240c\252"
 300      0AC3 7635 
 300      3E96 CDE2 
 300      11E2 DB44 
 300      4261 EBA8 
 301 052f 3497 861D 		.ascii	"4\227\206\035\321X\247\363\022]\365/\241\377\214m:O\331\246\263"
 301      D158 A7F3 
 301      125D F52F 
 301      A1FF 8C6D 
 301      3A4F D9A6 
 302 0544 3447 340B 		.ascii	"4G4\013\251\375_\322\204\315\264\260\251\270\001\24150\346\222"
 302      A9FD 5FD2 
 302      84CD B4B0 
 302      A9B8 01A1 
 302      3530 E692 
 303 0558 75D1 07E2 		.ascii	"u\321\007\342>\244kp\216\307\261@\234y\350\373\312V\"\360><\346"
 303      3EA4 6B70 
 303      8EC7 B140 
 303      9C79 E8FB 
 303      CA56 22F0 
 304 056f 1046 B714 		.ascii	"\020F\267\024\262\324n@n\004n]T\336+\366\211\361\"\276\001\221"
 304      B2D4 6E40 
 304      6E04 6E5D 
 304      54DE 2BF6 
 304      89F1 22BE 
 305 0585 4AFA 399A 		.ascii	"J\3729\232\347|\r\255\330)\356\035\243C2'\035\022r\365\034N\314"
 305      E77C 0DAD 
 305      D829 EE1D 
 305      A343 3227 
 305      1D12 72F5 
 306 059c 75C1 C54C 		.ascii	"u\301\305L\247\347\r%]\266e\277D\227\375\"D]\260\3514\367\346"
 306      A7E7 0D25 
 306      5DB6 65BF 
 306      4497 FD22 
 306      445D B0E9 
 307 05b3 B217 CB43 		.ascii	"\262\027\313C\257\241*\271\n\201\352\312\351\372\327\256.\207"
 307      AFA1 2AB9 
 307      0A81 EACA 
 307      E9FA D7AE 
 307      2E87 
 308 05c5 ACF7 0734 		.ascii	"\254\367\0074\264\355\332\261\204\\\b\220|\223\355h\376\272\305"
 308      B4ED DAB1 
 308      845C 0890 
 308      7C93 ED68 
 308      FEBA C5
 309 05d8 0557 D1BC 		.ascii	"\005W\321\274T}W\237\034\201\2534,H\262.\355.\272\341Jr\005\265"
 309      547D 579F 
 309      1C81 AB34 
 309      2C48 B22E 
 309      ED2E BAE1 
 310 05f0 5E74 D922 		.ascii	"^t\331\"\374\037\342~\333\365PPz\321S\n\024\241\364@aJ\266z\211"
 310      FC1F E27E 
 310      DBF5 5050 
 310      7AD1 530A 
 310      14A1 F440 
 311 0609 0708 5F77 		.ascii	"\007\b_w/\235\323jx\257\230w\366B\221Jr[\222s<\274Qm_\017\270"
 311      2F9D D36A 
 311      78AF 9877 
 311      F642 914A 
 311      725B 9273 
 312 0624 EDEA 8952 		.ascii	"\355\352\211R\262z\340\033\300\305\r\226\227\332>\030Y\250\210"
 312      B27A E01B 
 312      C0C5 0D96 
 312      97DA 3E18 
 312      59A8 88
 313 0637 DFBB 21C4 		.ascii	"\337\273!\304\277\0205\326F\264\t\337\f'\272\020\207)\304c\216"
 313      BF10 35D6 
 313      46B4 09DF 
 313      0C27 BA10 
 313      8729 C463 
 314 064c 627E A518 		.ascii	"b~\245\030\216\376C\n\036mY\374\260\310\034b\013G|JQ;\026\235"
 314      8EFE 430A 
 314      1E6D 59FC 
 314      B0C8 1C62 
 314      0B47 7C4A 
 315 0664 C3C0 4FB1 		.ascii	"\303\300O\261v\021X\\;z\373\360\214[r\332\276H\304g@\356bn\226"
 315      7611 585C 
 315      3B7A FBF0 
 315      8C5B 72DA 
 315      BE48 C467 
 316 067d 16DF 66BB 		.ascii	"\026\337f\273n\361\340\213\016\254R\262\021GA*\342+\f/\235@\324"
 316      6EF1 E08B 
 316      0EAC 52B2 
 316      1147 412A 
 316      E22B 0C2F 
 317 0694 47AE 9531 		.ascii	"G\256\2251J\352|\231\2219\352\270\3568[\232p\343E\027\273\270"
 317      4AEA 7C99 
 317      9139 EAB8 
 317      EE38 5B9A 
 317      70E3 4517 
 318 06aa 811C 52AE 		.ascii	"\201\034R\256\203\277\007\225*\306\220c\256\212uY\237.\244\367"
 318      83BF 0795 
 318      2AC6 9063 
 318      AE8A 7559 
 318      9F2E A4F7 
 319 06be 0BA6 BE9E 		.ascii	"\013\246\276\236-\0030:\021\320OEp(Zi\235\306pH\276\016(\373"
 319      2D03 303A 
 319      11D0 4F45 
 319      7028 5A69 
 319      9DC6 7048 
 320 06d6 20D3 58E5 		.ascii	" \323X\345zr\257\030y'S\213\217a\232\\\177l~\277\326\236\363"
 320      7A72 AF18 
 320      7927 538B 
 320      8F61 9A5C 
 320      7F6C 7EBF 
 321 06ed CB1F 5929 		.ascii	"\313\037Y)\017S\312 \316\370\264\254,I\303\031\253\274\243\004"
 321      0F53 CA20 
 321      CEF8 B4AC 
 321      2C49 C319 
 321      ABBC A304 
 322 0701 5318 F451 		.ascii	"S\030\364Q\022\020\212\263\361\305\331\363\035\241|\315U\227"
 322      1210 8AB3 
 322      F1C5 D9F3 
 322      1DA1 7CCD 
 322      5597 
 323 0713 5210 CE64 		.ascii	"R\020\316d|g\317f\277R\321\302a\272p1\246\346cs\32529\034\245"
 323      7C67 CF66 
 323      BF52 D1C2 
 323      61BA 7031 
 323      A6E6 6373 
 324 072c 39C4 8B65 		.ascii	"9\304\213e\037\\\256-u\203$\372\001:4\356U~H\210\304\004\203"
 324      1F5C AE2D 
 324      7583 24FA 
 324      013A 34EE 
 324      557E 4888 
 325 0743 BEB7 A5F0 		.ascii	"\276\267\245\360\275\222\255\023\224@\3513:\256\336p\305\267"
 325      BD92 AD13 
 325      9440 E933 
 325      3AAE DE70 
 325      C5B7 
 326 0755 19FD E391 		.ascii	"\031\375\343\221\264H-\357\337f\361j\023\322\327\321\n\022m\335"
 326      B448 2DEF 
 326      DF66 F16A 
 326      13D2 D7D1 
 326      0A12 6DDD 
 327 0769 13C5 EE49 		.ascii	"\023\305\356I\264{I\364\3151G\374\232u\267D\317\367`\353\260"
 327      B47B 49F4 
 327      CD31 47FC 
 327      9A75 B744 
 327      CFF7 60EB 
 328 077e B1EC 1B67 		.ascii	"\261\354\033g\313{$\331\223Sb\372\3114\375\343b\372\203\t\261"
 328      CB7B 24D9 
 328      9353 62FA 
 328      C934 FDE3 
 328      62FA 8309 
 329 0793 2D22 7DE7 		.ascii	"-\"}\347A\374\2600I\210q\244(t\314\226\30111\203\024\232A\372"
 329      41FC B030 
 329      4988 71A4 
 329      2874 CC96 
 329      C131 3183 
 330 07ab 72C3 054C 		.ascii	"r\303\005L\026\254\300\227\337j\373\325\227JW\2547k\002z<\362"
 330      16AC C097 
 330      DF6A FBD5 
 330      974A 57AC 
 330      376B 027A 
 331 07c1 713F 7F5A 		.ascii	"q?\177ZY\007\315\266'/>\\\035O\372"
 331      5907 CDB6 
 331      272F 3E5C 
 331      1D4F FA
 332 07d0 02E7 2788 		.ascii	"\002\347'\210n$'`y\263\273\261\223\312\325b\bz\357nI~\256\265"
 332      6E24 2760 
 332      79B3 BBB1 
 332      93CA D562 
 332      087A EF6E 
 333 07e8 4747 BE0B 		.ascii	"GG\276\013\335s`\274@\243\313P\235\021R<Q\032\234\003_\301\355"
 333      DD73 60BC 
 333      40A3 CB50 
 333      9D11 523C 
 333      511A 9C03 
 334 07ff CABB 2A7C 		.ascii	"\312\273*|QE\3252O\335\234\307\270\2005\372z\237\017\223\031"
 334      5145 D532 
 334      4FDD 9CC7 
 334      B880 35FA 
 334      7A9F 0F93 
 335 0814 8FCE D0EA 		.ascii	"\217\316\320\352\300Strf\310\r_c\247\253*\333\333\234~\232!\264"
 335      C053 7472 
 335      66C8 0D5F 
 335      63A7 AB2A 
 335      DBDB 9C7E 
 336 082b 98C8 7CF6 		.ascii	"\230\310|\366I\251\203[s\330\263 ,:\013\312\300\314\025\023A"
 336      49A9 835B 
 336      73D8 B320 
 336      2C3A 0BCA 
 336      C0CC 1513 
 337 0840 E9A0 263A 		.ascii	"\351\240&:\r\316SJ\235\002\235S\376\024\272\037?\331\177I\255"
 337      0DCE 534A 
 337      9D02 9D53 
 337      FE14 BA1F 
 337      3FD9 7F49 
 338 0855 3349 72B9 		.ascii	"3Ir\271x?\343\227\270Z\216=o$:\031s\302\356]B\034L\345\267\221"
 338      783F E397 
 338      B85A 8E3D 
 338      6F24 3A19 
 338      73C2 EE5D 
 339 086f 5D20 64E7 		.ascii	"] d\347\301\231A\3102)Y}_\331\023\245\356\216\204\354|k\346\262"
 339      C199 41C8 
 339      3229 597D 
 339      5FD9 13A5 
 339      EE8E 84EC 
 340 0887 1AB7 CAB1 		.ascii	"\032\267\312\261\035\356\260|/\226W%\317\226M\330\262\300y\221"
 340      1DEE B07C 
 340      2F96 5725 
 340      CF96 4DD8 
 340      B2C0 7991 
 341 089b B05D 922D 		.ascii	"\260]\222--\337|\356\2523\356\226c+\210+-\026k\263\350e\331r"
 341      2DDF 7CEE 
 341      AA33 EE96 
 341      632B 882B 
 341      2D16 6BB3 
 342 08b3 095B 0E38 		.ascii	"\t[\0168/\023\266<\312\366:\371E\227J7$a;\334\367r\324\025?\221"
 342      2F13 B63C 
 342      CAF6 3AF9 
 342      4597 4A37 
 342      2461 3BDC 
 343 08cd 636B 493E 		.ascii	"ckI>}\337\215\263\r\312\263\375@\330\n\300\231O\330\256\310\326"
 343      7DDF 8DB3 
 343      0DCA B3FD 
 343      40D8 0AC0 
 343      994F D8AE 
 344 08e3 36F6 EAD6 		.ascii	"6\366\352\326%\027<)\307V2\335\033\257\026\307-@\226\255\210"
 344      2517 3C29 
 344      C756 32DD 
 344      1BAF 16C7 
 344      2D40 96AD 
 345 08f8 B015 82F3 		.ascii	"\260\025\202\363*a+\246l\275\341U\027U\272W\022\266\332\210\321"
 345      2A61 2BA6 
 345      6CBD E155 
 345      1755 BA57 
 345      12B6 DA88 
 346 090d 872E 7851 		.ascii	"\207.xQ\216\255\260\316|^+\216\233<[\031a+\005g\ta+\227\255-"
 346      8EAD B0CE 
 346      7C5E 2B8E 
 346      9B3C 5B19 
 346      612B 0567 
 347 0927 36A7 2B5B 		.ascii	"6\247+[\205\0178\310\260\375Pz\242\b\211\343\266S\226\355:a\273"
 347      850F 38C8 
 347      B0FD 507A 
 347      A208 89E3 
 347      B653 96ED 
 348 093e 06CE 0AC2 		.ascii	"\006\316\n\302v\203\262=O(8\356\246\373\336\301\236-\276df\326"
 348      7683 B23D 
 348      4F28 38EE 
 348      A6FB DEC1 
 348      9E2D BE64 
 349 0954 1D27 CAB1 		.ascii	"\035'\312\261\325\215\327\206)\305q\223g\253$l&p\336$lU\224-"
 349      D58D D786 
 349      29C5 7193 
 349      67AB 246C 
 349      2670 DE24 
 350 096c E369 D92D 		.ascii	"\343i\331-\007\366P\343\n\315\331\346\232s\016\262;T\265\270"
 350      07F6 50E3 
 350      0ACD D9E6 
 350      9A73 0EB2 
 350      3B54 B5B8 
 351 0980 43DD 52D2 		.ascii	"C\335R\322\035j\2617lI\311:\273Asy\264+\203\277\345\230\244\327"
 351      1D6A B137 
 351      6C49 C93A 
 351      BB41 7379 
 351      B42B 83BF 
 352 0998 99E6 4B7D 		.ascii	"\231\346K}|\023\212\267nY\265\220L\215\222D\273M7\241jq\023\232"
 352      7C13 8AB7 
 352      6E59 B590 
 352      4C8D 9244 
 352      BB4D 37A1 
 353 09b0 1E8E 6D53 		.ascii	"\036\216mS\332\243#\337\205>5P\322\343\246Kc*\325"
 353      DAA3 23DF 
 353      853E 3550 
 353      D2E3 A64B 
 353      632A D5
 354 09c3 3195 2A6B 		.string	"1\225*k+\206\265\370\262\234J\311\305-\363\342\354n\356R\301}k\030\355Ju\202\013\234H\206
 354      2B86 B5F8 
 354      B29C 4AC9 
 354      C52D F3E2 
 354      EC6E EE52 
 355 0ac4 9CBD 4496 		.string	"\234\275D\226>*K\317\303\221Q\244\353\222\320E-\336\315S\343!9\272\247\227\252g\305\331\3
 355      3E2A 4BCF 
 355      C391 51A4 
 355      EB92 D045 
 355      2DDE CD53 
 356 0aeb 673F A11B 		.ascii	"g?\241\033\242t\013#I]\\Wr#_7\220\365s\3311y,\216\311#6&\275"
 356      A274 0B23 
 356      495D 5C57 
 356      7223 5F37 
 356      90F5 73D9 
 357 0b08 E792 2EA8 		.ascii	"\347\222.\250\330 \214\320\311Y\231\220\353\276r\020\206\225"
 357      D820 8CD0 
 357      C959 9990 
 357      EBBE 7210 
 357      8695 
 358 0b1a 6C0F 50A0 		.ascii	"l\017P\240'T\327\307\242\256\203\231\303\026\274r\024d\321\035"
 358      2754 D7C7 
 358      A2AE 8399 
 358      C316 BC72 
 358      1464 D11D 
 359 0b2e 13B9 FD2E 		.ascii	"\023\271\375.\272\347L\226\021&K\337\303\201Kn\330\"'K\366\300"
 359      BAE7 4C96 
 359      1126 4BDF 
 359      C381 4B6E 
 359      D822 274B 
 360 0b44 D080 B8B1 		.ascii	"\320\200\270\261\016~\306d\031\261\223\205s\241gD\226\247\340"
 360      0E7E C664 
 360      19B1 9385 
 360      73A1 6744 
 360      96A7 E0
 361 0b57 1C25 B23C 		.ascii	"\034%\262<\247\262tvE\226qY\264\344F\245\357q\226VV\227qQ\227"
 361      A7B2 7476 
 361      4596 7159 
 361      B4E4 46A5 
 361      EF71 9656 
 362 0b70 31A6 4B78 		.ascii	"1\246KxE\327Q\376\236\246\237\352r\347j\236\333J]&\224LG\005"
 362      45D7 51FE 
 362      9EA6 9FEA 
 362      72E7 6A9E 
 362      DB4A 5D26 
 363 0b88 9AA4 958E 		.ascii	"\232\244\225\216\213\225\236h\356\353sX\251\213,z)u\372\276\203"
 363      8B95 9E68 
 363      EEEB 7358 
 363      A98B 2C7A 
 363      2975 FABE 
 364 0b9d 2EC2 91EA 		.ascii	".\302\221\352\362\202\351\022\366`\250\335\r\307;\312\350\322"
 364      F282 E912 
 364      F660 A8DD 
 364      0DC7 3BCA 
 364      E8D2 
 365 0baf 3F9B FF5A 		.ascii	"?\233\377Z\274\230\016\376\206\351\362\302N\027\316\205f\210"
 365      BC98 0EFE 
 365      86E9 F2C2 
 365      4E17 CE85 
 365      6688 
 366 0bc1 2ED3 E09C 		.ascii	".\323\340\234\"\272\314R]\312k\262f\235d\205x)\nQ\303\204\310"
 366      22BA CC52 
 366      5DCA 6BB2 
 366      669D 6485 
 366      7829 0A51 
 367 0bd8 9B9A C973 		.ascii	"\233\232\311sd*\272C3f \272M\303t\231'\247\233\252\252\315o,"
 367      642A BA43 
 367      3366 20BA 
 367      4DC3 7499 
 367      27A7 9BAA 
 368 0bf0 DA79 609E 		.ascii	"\332y`\236\243\225\276\242\225\276\024+Mh(\2648\257\324E\026"
 368      A395 BEA2 
 368      95BE 142B 
 368      4D68 28B4 
 368      38AF D445 
 369 0c05 9DFF 60F8 		.ascii	"\235\377`\370\244\213.\225\351ba\272$\327\235\200\233\203l9]"
 369      A48B 2E95 
 369      E962 61BA 
 369      24D7 9D80 
 369      9B83 6C39 
 370 0c1a CCF1 A712 		.ascii	"\314\361\247\022\304ed\371%\323\305b\247\013\347B\213D\227\327"
 370      C465 64F9 
 370      25D3 C562 
 370      A70B E742 
 370      8B44 97D7 
 371 0c2e E05C 20BA 		.ascii	"\340\\ \272,Q]\026'[\026\371\233y\362\360\\\223}gN\376\356]\300"
 371      2C51 5D16 
 371      275B 16F9 
 371      9B79 F2F0 
 371      5C93 7D67 
 372 0c47 5CA6 6526 		.ascii	"\\\246e&S\311\300\261\233\374bx\237>\0325X\306\336\230/a\230"
 372      53C9 C0B1 
 372      9BFC 6278 
 372      9F3E 1A35 
 372      58C6 DE98 
 373 0c5e CD2F 050A 		.ascii	"\315/\005\n\307\253\305 \004\035q\333R\363\206.\262\350\364\374"
 373      C7AB C520 
 373      041D 71DB 
 373      52F3 862E 
 373      B2E8 F4FC 
 374 0c72 E17E A4BB 		.ascii	"\341~\244\273\302t\211\300T\227\224\243\315&W|CN\227\371\223"
 374      C274 89C0 
 374      5497 94A3 
 374      CD26 577C 
 374      434E 97F9 
 375 0c87 1DAF 9CB9 		.ascii	"\035\257\234\271.f\256\013\364\264\352\302\271\320\001\f\272"
 375      2E66 AE0B 
 375      F4B4 EAC2 
 375      B9D0 010C 
 375      BA
 376 0c98 4461 8C22 		.ascii	"Da\214\"1\350\022\215\211.\323\226\372\004\371M>F\024b\216\t"
 376      31E8 128D 
 376      892E D396 
 376      FA04 F94D 
 376      3E46 1462 
 377 0cae 21FE E8B2 		.ascii	"!\376\350\262\232\376\350\202\212\207\353k\371|\021\310\017\t"
 377      9AFE E882 
 377      8A87 EB6B 
 377      F97C 11C8 
 377      0F09 
 378 0cc0 4B77 0697 		.ascii	"Kw\006\227U+u9\004\354\0071\211\026K+\215\021+\0359\270\324\347"
 378      552B 7539 
 378      04EC 0731 
 378      8916 4B2B 
 378      8D11 2B1D 
 379 0cd8 B852 1759 		.ascii	"\270R\027Y\364L\371\360yw\335m\246K\034\323\245=*|#\276/'KnU"
 379      F44C F9F0 
 379      7977 DD6D 
 379      A64B 1CD3 
 379      A53D 2A7C 
 380 0cf3 7F85 2B97 		.ascii	"\177\205+\227\345\351\307L\2268;Y8\025\372\236\310r\004d9Ld\211"
 380      E5E9 C74C 
 380      9638 3B59 
 380      3815 FA9E 
 380      C872 0464 
 381 0d0b A7B2 A494 		.ascii	"\247\262\244\224-&\253u\003\216\366\273Y\365\363\210\365xB\216"
 381      2D26 AB75 
 381      038E F6BB 
 381      59F5 F388 
 381      F578 428E 
 382 0d1f ADEF 5962 		.ascii	"\255\357Yb\211J\274'\375X~3K$l\t\300v\224\260%Q\266g\307\273"
 382      894A BC27 
 382      FD58 7E33 
 382      4B24 6C09 
 382      C076 94B0 
 383 0d39 C7E5 67E3 		.ascii	"\307\345g\3431q\020\036\262g\311\254\341\264#\374\r\364v\362"
 383      3171 101E 
 383      B267 C9AC 
 383      E1B4 23FC 
 383      0DF4 76F2 
 384 0d4d 78D8 F074 		.ascii	"x\330\360t\364\215M\3758f7,\360\024Ke<&\312\370\344\302l\224"
 384      F48D 4DFD 
 384      3866 372C 
 384      F014 4B65 
 384      3C26 CAF8 
 385 0d65 6AA5 E8B2 		.ascii	"j\245\350\262\350\311\226\261v'\335<\223!\205\211~k\364t\243"
 385      E8C9 96B1 
 385      7627 DD3C 
 385      9321 8589 
 385      7E6B F474 
 386 0d7a 120B 4E32 		.ascii	"\022\013N2:dL\037M\024\3578,\0371\035R\354T\347\\\350$\321\341"
 386      3A64 4C1F 
 386      4D14 EF38 
 386      2C1F 311D 
 386      52EC 54E7 
 387 0d93 04E8 904A 		.ascii	"\004\350\220JtH\243:\034\356\313nC\272\203N\36678\307\347\022"
 387      7448 A33A 
 387      1CEE CB6E 
 387      43BA 834E 
 387      F637 38C7 
 388 0da9 E116 3E41 		.ascii	"\341\026>A\216\256l\266pB\034\344\301_\310\337\340\234!t\247"
 388      8EAE 6CB6 
 388      7042 1CE4 
 388      C15F C8DF 
 388      E09C 2174 
 389 0dbe 81EE 14A1 		.ascii	"\201\356\024\241K\247t\225C\215?\321\235t\262\277\355\314"
 389      4BA7 7495 
 389      438D 3FD1 
 389      9D74 B2BF 
 389      EDCC 
 390 0dd0 4C9F 4E55 		.string	"L\237NU\343Krl\311\261U\035\342\316l\331!\177\327\231A\330\316\001\333Y\302v\236\262\235]
 390      E34B 726C 
 390      C9B1 551D 
 390      E2CE 6CD9 
 390      217F D799 
 391 0ed1 403F F0DC 		.ascii	"@?\360\334m\335~\240\271\027\323\334;\"\302s\034\360\222\334"
 391      6DDD 7EA0 
 391      B917 D3DC 
 391      3B22 C273 
 391      1CF0 92DC 
 392 0ee5 C81C EC7C 		.ascii	"\310\034\354|\265\340\314\262o'\217,\343i)\tN\254\272\364\177"
 392      B5E0 CCB2 
 392      6F27 8F2C 
 392      E369 2909 
 392      4EAC BAF4 
 393 0efa 8476 E4A3 		.ascii	"\204v\344\243\361f\276/\307\221\215xa\262\270]\274\301!O)\245"
 393      F166 BE2F 
 393      C791 8D78 
 393      61B2 B85D 
 393      BCC1 214F 
 394 0f10 D7C7 36B3 		.ascii	"\327\3076\263\323\036\344\036\341\301\013\023\177\031\325O\320"
 394      D31E E41E 
 394      E1C1 0B13 
 394      7F19 D54F 
 394      D0
 395 0f21 6712 86C6 		.ascii	"g\022\206\306\\W\226w\003\362\274N7\342\233X\362\264\366\344"
 395      5C57 9677 
 395      03F2 BC4E 
 395      37E2 9B58 
 395      F2B4 F6E4 
 396 0f35 71F8 9C8B 		.ascii	"q\370\234\213=\032\316\243k\200\256\240h\223T\214\221W93j{4\234"
 396      3D1A CEA3 
 396      6B80 AEA0 
 396      6893 548C 
 396      9157 3933 
 397 0f4d 47E5 802E 		.ascii	"G\345\200.\243\350J\351~\323|\352\356^\r\377\t?\346/\376\204"
 397      A3E8 4AE9 
 397      7ED3 7CEA 
 397      EE5E 0DFF 
 397      093F E62F 
 398 0f63 4F1E 89AE 		.ascii	"O\036\211\256\265VH\266\263*\374\216\324\007.\237\234\227\334"
 398      B556 48B6 
 398      B32A FC8E 
 398      D407 2E9F 
 398      9C97 DC
 399 0f76 B9DD 7A57 		.ascii	"\271\335zW\352MuyM\222Q\257~W\352\363\315Ug\311#E\001,\236\207"
 399      EA4D 7579 
 399      4D92 51AF 
 399      7E57 EAF3 
 399      CD55 67C9 
 400 0f90 2756 250A 		.ascii	"'V%\n\302:T\003\035J\370\270\363\216\250\224"
 400      C23A 5403 
 400      1D4A F8B8 
 400      F38E A894 
 401 0fa0 2C1E E2FC 		.string	",\036\342\374\017\030\340Z:\370\347\007\256\230\034\354\337\344\223W\247\266\331x\033\263
 401      0F18 E05A 
 401      3AF8 E707 
 401      AE98 1CEC 
 401      DFE4 9357 
 402 0fe9 33B7 3879 		.ascii	"3\2678y\322\201aL\367v\002J\nj\240\240\201\221\312\024\r\007"
 402      D281 614C 
 402      F776 024A 
 402      0A6A A0A0 
 402      8191 CA14 
 403 0fff 4D        		.ascii	"M"
 404 1000 4508 E853 		.string	"E\b\350S)\250\221\202\306/\217?\321\212\240\003o\200\232((f:3\217\247d2G\275\001\272CA=SC
 404      29A8 9182 
 404      C62F 8F3F 
 404      D18A A003 
 404      6F80 9A28 
 405 103c AEC4 5DAA 		.ascii	"\256\304]\252DLW]\030\262\007\2239n\003\267pp\013\005\237^\312"
 405      444C 575D 
 405      18B2 0793 
 405      396E 03B7 
 405      7070 0B05 
 406 1053 3B2D D138 		.ascii	";-\3218Y2 \255\034\334J\301\335c\027\342]\354\301\207%`3\007"
 406      5932 20AD 
 406      1CDC 4AC1 
 406      DD63 17E2 
 406      5DEC C187 
 407 106b 9B29 B869 		.ascii	"\233)\270i\306\034\355d\017&[\203\r\334\306\301m\024\334\236"
 407      C61C ED64 
 407      0F26 5B83 
 407      0DDC C6C1 
 407      6D14 DC9E 
 408 107f 10F9 4802 		.ascii	"\020\371H\0026K\206\272\235\203\333)\370\331\231\203\005\216"
 408      364B 86BA 
 408      9D83 DB29 
 408      F8D9 9983 
 408      058E 
 409 1091 F6E0 0849 		.ascii	"\366\340\bI\344\016\016\356\240\340#'\036\bn\366\340:I\344{\034"
 409      E40E 0EEE 
 409      A0E0 2327 
 409      1E08 6EF6 
 409      E03A 49E4 
 410 10a7 7C8F CDB8 		.ascii	"|\217\315\270\246\350xw{p\212$r'\007wR\360\255\304\353\265\222"
 410      A6E8 7877 
 410      7B70 8A24 
 410      7227 0777 
 410      52F0 ADC4 
 411 10be C823 92C8 		.ascii	"\310#\222\310\3679\370>\005\2333\257?\222H\027'\211\334\305\301"
 411      F739 F83E 
 411      059B 33AF 
 411      3F92 4817 
 411      2789 DCC5 
 412 10d3 5D14 9CF5 		.ascii	"]\024\234\365\360\351\204\004l\221D\356\346\340n\nN\035\314/"
 412      F0E9 8404 
 412      6C91 44EE 
 412      E6E0 6E0A 
 412      4E1D CC2F 
 413 10e7 922C A917 		.ascii	"\222,\251\027\022p\017"
 413      1270 0F
 414 10ee 07F7 50F0 		.string	"\007\367P\360\363\307\211}\022\235{$\340^\016&\337\333\277\326\357\337i\360\013\016\b\361
 414      F3C7 897D 
 414      129D 7B24 
 414      E05E 0E26 
 414      DFDB BFD6 
 415 11ef 0280 CF7F 		.string	"\002\200\317\177\267_\360\232}\301\006\177\310\336\227{C!\364\216\377\257\260\212U{\375\2
 415      B75F F09A 
 415      7DC1 067F 
 415      C8DE 977B 
 415      4321 F48E 
 416 1241 B9C5 3683 		.ascii	"\271\3056\203B'W\242\024\364\t\204$\364\001\353V\326L\317\002"
 416      4227 57A2 
 416      14F4 0984 
 416      24F4 01EB 
 416      56D6 4CCF 
 417 1256 0C7F F491 		.ascii	"\f\177\364\221B\355\353\353\277\361\203\255\037n\321\372\372"
 417      42ED EBEB 
 417      BFF1 83AD 
 417      1F6E D1FA 
 417      FA
 418 1267 429C 5D7B 		.ascii	"B\234]{\365{}}181\372\235\365\344&\274~\275\330\330\266C<\330"
 418      F57B 7D7D 
 418      3138 31FA 
 418      9DF5 E426 
 418      BC7E BDD8 
 419 1280 867F F633 		.ascii	"\206\177\3663\253w\213x\260\t\377\361\337E\357V\021\273u+\366"
 419      AB77 8B78 
 419      B009 FFF1 
 419      DF45 EF56 
 419      11BB 752B 
 420 1295 7ADF EAFD 		.ascii	"z\337\352\375\300\355\273\335~FO\343n\275\347W\241\376_s\377"
 420      C0ED BBDD 
 420      7E46 4FE3 
 420      6EBD E757 
 420      A1FE 5F73 
 421 12aa B64D 9BD5 		.ascii	"\266M\233\325\306\335\301\206\320]\273\255\036\037g\202\f\361"
 421      C6DD C186 
 421      D05D BBAD 
 421      1E1F 6782 
 421      0CF1 
 422 12bc 0CDD 27BA 		.ascii	"\f\335'\272|\266;C\232;\375v\006\356\267\272\266\271\376gh\210"
 422      7CB6 3B43 
 422      9A3B FD76 
 422      06EE B7BA 
 422      B6B9 FE67 
 423 12d2 D1F3 EB3D 		.ascii	"\321\363\353=\0010\355vY\335[\\\366\004}e\b\006\311a\204\255"
 423      0130 ED76 
 423      59DD 5B5C 
 423      F604 7D65 
 423      0806 C961 
 424 12e8 DECD EE9F 		.ascii	"\336\315\356\237y\006\032\276\325{\3567\204z\032\r\006\353\t"
 424      7906 1ABE 
 424      D57B EE37 
 424      847A 1A0D 
 424      06EB 09
 425 12fb 1FAD ED84 		.ascii	"\037\255\355\204\230\352\216\355\253>\363\f0\004\221d\367\004"
 425      98EA 8EED 
 425      AB3E F30C 
 425      3004 9164 
 425      F704 
 426 130d 7DED 1962 		.ascii	"}\355\031b\260\236\331\346j\177\306\352\336\342\024`\360\f2\030"
 426      B09E D9E6 
 426      6A7F C6EA 
 426      DEE2 1460 
 426      F00C 3218 
 427 1321 AD8E CDEA 		.ascii	"\255\216\315\352\235z\343wz}\220\325\343\343\266S\357\031\274"
 427      9D7A E377 
 427      7A7D 90D5 
 427      E3E3 B653 
 427      EF19 BC
 428 1334 67D7 6EA3 		.ascii	"g\327n\243\347N?k\371[\267o\327\356\334OE\371\316o\277\325\271"
 428      E74E 3F6B 
 428      F95B B76F 
 428      D7EE DC4F 
 428      45F9 CE6F 
 429 134b 0DBA FBFB 		.ascii	"\r\272\373\373\301T\261z\2668\221q\206B\265|j\220\341t\347\307"
 429      C154 B17A 
 429      B638 9171 
 429      8642 B57C 
 429      6A90 E174 
 430 1361 21FA 6F42 		.ascii	"!\372oB\365A\376z'>\005\377\0277 \007\343"
 430      F541 FE7A 
 430      273E 05FF 
 430      1737 2007 
 430      E3
 431               		.text
 432               		.section	.gnu.lto_.symtab.7f6007524996d26f,"",@progbits
 433 0000 7072 6F63 		.string	"process_record_user"
 433      6573 735F 
 433      7265 636F 
 433      7264 5F75 
 433      7365 7200 
 434 0014 00        		.string	""
 435 0015 00        		.string	""
 436 0016 00        		.string	""
 437 0017 00        		.string	""
 438 0018 00        		.string	""
 439 0019 00        		.string	""
 440 001a 00        		.string	""
 441 001b 00        		.string	""
 442 001c 00        		.string	""
 443 001d 00        		.string	""
 444 001e 00        		.string	""
 445 001f 0B01 00   		.string	"\013\001"
 446 0022 00        		.string	""
 447 0023 6D61 7472 		.string	"matrix_scan_user"
 447      6978 5F73 
 447      6361 6E5F 
 447      7573 6572 
 447      00
 448 0034 00        		.string	""
 449 0035 00        		.string	""
 450 0036 00        		.string	""
 451 0037 00        		.string	""
 452 0038 00        		.string	""
 453 0039 00        		.string	""
 454 003a 00        		.string	""
 455 003b 00        		.string	""
 456 003c 00        		.string	""
 457 003d 00        		.string	""
 458 003e 00        		.string	""
 459 003f 0E01 00   		.string	"\016\001"
 460 0042 00        		.string	""
 461 0043 6B65 796D 		.string	"keymaps"
 461      6170 7300 
 462 004b 00        		.string	""
 463 004c 00        		.string	""
 464 004d 00        		.string	""
 465 004e 00        		.string	""
 466 004f 00        		.string	""
 467 0050 00        		.string	""
 468 0051 00        		.string	""
 469 0052 00        		.string	""
 470 0053 00        		.string	""
 471 0054 00        		.string	""
 472 0055 00        		.string	""
 473 0056 C601 00   		.string	"\306\001"
 474 0059 00        		.string	""
 475 005a 6C65 6164 		.string	"leading"
 475      696E 6700 
 476 0062 00        		.string	""
 477 0063 02        		.ascii	"\002"
 478 0064 00        		.string	""
 479 0065 00        		.string	""
 480 0066 00        		.string	""
 481 0067 00        		.string	""
 482 0068 00        		.string	""
 483 0069 00        		.string	""
 484 006a 00        		.string	""
 485 006b 00        		.string	""
 486 006c 00        		.string	""
 487 006d AE01 00   		.string	"\256\001"
 488 0070 00        		.string	""
 489 0071 6C65 6164 		.string	"leader_time"
 489      6572 5F74 
 489      696D 6500 
 490 007d 00        		.string	""
 491 007e 02        		.ascii	"\002"
 492 007f 00        		.string	""
 493 0080 00        		.string	""
 494 0081 00        		.string	""
 495 0082 00        		.string	""
 496 0083 00        		.string	""
 497 0084 00        		.string	""
 498 0085 00        		.string	""
 499 0086 00        		.string	""
 500 0087 00        		.string	""
 501 0088 B001 00   		.string	"\260\001"
 502 008b 00        		.string	""
 503 008c 6C65 6164 		.string	"leader_sequence"
 503      6572 5F73 
 503      6571 7565 
 503      6E63 6500 
 504 009c 00        		.string	""
 505 009d 02        		.ascii	"\002"
 506 009e 00        		.string	""
 507 009f 00        		.string	""
 508 00a0 00        		.string	""
 509 00a1 00        		.string	""
 510 00a2 00        		.string	""
 511 00a3 00        		.string	""
 512 00a4 00        		.string	""
 513 00a5 00        		.string	""
 514 00a6 00        		.string	""
 515 00a7 B601 00   		.string	"\266\001"
 516 00aa 00        		.string	""
 517 00ab 7365 6E64 		.string	"send_string_P"
 517      5F73 7472 
 517      696E 675F 
 517      5000 
 518 00b9 00        		.string	""
 519 00ba 02        		.ascii	"\002"
 520 00bb 00        		.string	""
 521 00bc 00        		.string	""
 522 00bd 00        		.string	""
 523 00be 00        		.string	""
 524 00bf 00        		.string	""
 525 00c0 00        		.string	""
 526 00c1 00        		.string	""
 527 00c2 00        		.string	""
 528 00c3 00        		.string	""
 529 00c4 1201 00   		.string	"\022\001"
 530 00c7 00        		.string	""
 531 00c8 6C65 6164 		.string	"leader_end"
 531      6572 5F65 
 531      6E64 00
 532 00d3 00        		.string	""
 533 00d4 02        		.ascii	"\002"
 534 00d5 00        		.string	""
 535 00d6 00        		.string	""
 536 00d7 00        		.string	""
 537 00d8 00        		.string	""
 538 00d9 00        		.string	""
 539 00da 00        		.string	""
 540 00db 00        		.string	""
 541 00dc 00        		.string	""
 542 00dd 00        		.string	""
 543 00de 1401 00   		.string	"\024\001"
 544 00e1 00        		.string	""
 545 00e2 7469 6D65 		.string	"timer_elapsed"
 545      725F 656C 
 545      6170 7365 
 545      6400 
 546 00f0 00        		.string	""
 547 00f1 02        		.ascii	"\002"
 548 00f2 00        		.string	""
 549 00f3 00        		.string	""
 550 00f4 00        		.string	""
 551 00f5 00        		.string	""
 552 00f6 00        		.string	""
 553 00f7 00        		.string	""
 554 00f8 00        		.string	""
 555 00f9 00        		.string	""
 556 00fa 00        		.string	""
 557 00fb 1801 00   		.string	"\030\001"
 558 00fe 00        		.string	""
 559               		.text
 560               		.section	.gnu.lto_.opts,"",@progbits
 561 0000 272D 666D 		.ascii	"'-fmath-errno' '-fsigned-zeros' '-ftrapping-m"
 561      6174 682D 
 561      6572 726E 
 561      6F27 2027 
 561      2D66 7369 
 562 002d 6174 6827 		.string	"ath' '-fno-trapv' '-fno-openmp' '-fno-openacc' '-mn-flash=1' '-mno-skip-bug' '-mmcu=avr5'
 562      2027 2D66 
 562      6E6F 2D74 
 562      7261 7076 
 562      2720 272D 
 563               		.text
 564               		.comm	__gnu_lto_v1,1,1
 565               		.comm	__gnu_lto_slim,1,1
 566               		.ident	"GCC: (GNU) 7.4.0"
DEFINED SYMBOLS
                            *ABS*:0000000000000000 keymap.c
/var/folders/7d/r_phv7rx6m99qllr_nm2m9c80000gn/T//ccF9JTnO.s:2      *ABS*:000000000000003e __SP_H__
/var/folders/7d/r_phv7rx6m99qllr_nm2m9c80000gn/T//ccF9JTnO.s:3      *ABS*:000000000000003d __SP_L__
/var/folders/7d/r_phv7rx6m99qllr_nm2m9c80000gn/T//ccF9JTnO.s:4      *ABS*:000000000000003f __SREG__
/var/folders/7d/r_phv7rx6m99qllr_nm2m9c80000gn/T//ccF9JTnO.s:5      *ABS*:0000000000000000 __tmp_reg__
/var/folders/7d/r_phv7rx6m99qllr_nm2m9c80000gn/T//ccF9JTnO.s:6      *ABS*:0000000000000001 __zero_reg__
                            *COM*:0000000000000001 __gnu_lto_v1
                            *COM*:0000000000000001 __gnu_lto_slim

NO UNDEFINED SYMBOLS
