   1               		.file	"sym_g.c"
   2               	__SP_H__ = 0x3e
   3               	__SP_L__ = 0x3d
   4               	__SREG__ = 0x3f
   5               	__tmp_reg__ = 0
   6               	__zero_reg__ = 1
   7               		.file 1 "/usr/local/Cellar/avr-gcc/9.2.0/avr/include/stdint.h"
   8               		.file 2 "tmk_core/common/matrix.h"
   9               		.file 3 "/usr/local/Cellar/avr-gcc/9.2.0/lib/avr-gcc/9/gcc/avr/9.2.0/include/stddef.h"
  10               		.file 4 "tmk_core/common/timer.h"
  11               		.file 5 "tmk_core/common/action.h"
  12               		.file 6 "tmk_core/common/report.h"
  13               		.file 7 "tmk_core/common/host.h"
  14               		.file 8 "tmk_core/common/avr/xprintf.h"
  15               		.file 9 "tmk_core/common/debug.h"
  16               		.file 10 "quantum/keycode_config.h"
  17               		.file 11 "quantum/keymap.h"
  18               		.file 12 "./quantum/color.h"
  19               		.file 13 "quantum/rgblight.h"
  20               		.file 14 "tmk_core/common/action_layer.h"
  21               		.file 15 "tmk_core/common/action_util.h"
  22               		.file 16 "/usr/local/Cellar/avr-gcc/9.2.0/avr/include/stdlib.h"
  23               		.file 17 "quantum/quantum.h"
  24               		.file 18 "quantum/debounce/sym_g.c"
  25               		.section	.gnu.debuglto_.debug_info,"e",@progbits
  26               	.Ldebug_info0:
  27               		.hidden	sym_g.c.5ea67fe3
  28               		.weak	sym_g.c.5ea67fe3
  29               	sym_g.c.5ea67fe3:
  30 0000 8F05 0000 		.long	0x58f
  31 0004 0200      		.word	0x2
  32 0006 0000 0000 		.long	.Ldebug_abbrev0
  33 000a 04        		.byte	0x4
  34 000b 01        		.uleb128 0x1
  35 000c 0000 0000 		.long	.LASF64
  36 0010 0C        		.byte	0xc
  37 0011 0000 0000 		.long	.LASF65
  38 0015 0000 0000 		.long	.LASF66
  39 0019 0000 0000 		.long	.Ldebug_line0
  40 001d 02        		.uleb128 0x2
  41 001e 01        		.byte	0x1
  42 001f 06        		.byte	0x6
  43 0020 0000 0000 		.long	.LASF0
  44 0024 03        		.uleb128 0x3
  45 0025 0000 0000 		.long	.LASF2
  46 0029 01        		.byte	0x1
  47 002a 7E        		.byte	0x7e
  48 002b 16        		.byte	0x16
  49 002c 3500 0000 		.long	0x35
  50 0030 04        		.uleb128 0x4
  51 0031 2400 0000 		.long	0x24
  52 0035 02        		.uleb128 0x2
  53 0036 01        		.byte	0x1
  54 0037 08        		.byte	0x8
  55 0038 0000 0000 		.long	.LASF1
  56 003c 05        		.uleb128 0x5
  57 003d 02        		.byte	0x2
  58 003e 05        		.byte	0x5
  59 003f 696E 7400 		.string	"int"
  60 0043 03        		.uleb128 0x3
  61 0044 0000 0000 		.long	.LASF3
  62 0048 01        		.byte	0x1
  63 0049 80        		.byte	0x80
  64 004a 16        		.byte	0x16
  65 004b 5400 0000 		.long	0x54
  66 004f 04        		.uleb128 0x4
  67 0050 4300 0000 		.long	0x43
  68 0054 02        		.uleb128 0x2
  69 0055 02        		.byte	0x2
  70 0056 07        		.byte	0x7
  71 0057 0000 0000 		.long	.LASF4
  72 005b 02        		.uleb128 0x2
  73 005c 04        		.byte	0x4
  74 005d 05        		.byte	0x5
  75 005e 0000 0000 		.long	.LASF5
  76 0062 03        		.uleb128 0x3
  77 0063 0000 0000 		.long	.LASF6
  78 0067 01        		.byte	0x1
  79 0068 82        		.byte	0x82
  80 0069 16        		.byte	0x16
  81 006a 7300 0000 		.long	0x73
  82 006e 06        		.uleb128 0x6
  83 006f 6200 0000 		.long	0x62
  84 0073 02        		.uleb128 0x2
  85 0074 04        		.byte	0x4
  86 0075 07        		.byte	0x7
  87 0076 0000 0000 		.long	.LASF7
  88 007a 02        		.uleb128 0x2
  89 007b 08        		.byte	0x8
  90 007c 05        		.byte	0x5
  91 007d 0000 0000 		.long	.LASF8
  92 0081 02        		.uleb128 0x2
  93 0082 08        		.byte	0x8
  94 0083 07        		.byte	0x7
  95 0084 0000 0000 		.long	.LASF9
  96 0088 03        		.uleb128 0x3
  97 0089 0000 0000 		.long	.LASF10
  98 008d 02        		.byte	0x2
  99 008e 1B        		.byte	0x1b
 100 008f 15        		.byte	0x15
 101 0090 4300 0000 		.long	0x43
 102 0094 07        		.uleb128 0x7
 103 0095 0000 0000 		.long	.LASF13
 104 0099 04        		.byte	0x4
 105 009a 27        		.byte	0x27
 106 009b 1A        		.byte	0x1a
 107 009c 6E00 0000 		.long	0x6e
 108 00a0 01        		.byte	0x1
 109 00a1 01        		.byte	0x1
 110 00a2 03        		.uleb128 0x3
 111 00a3 0000 0000 		.long	.LASF11
 112 00a7 03        		.byte	0x3
 113 00a8 D1        		.byte	0xd1
 114 00a9 17        		.byte	0x17
 115 00aa 5400 0000 		.long	0x54
 116 00ae 02        		.uleb128 0x2
 117 00af 01        		.byte	0x1
 118 00b0 02        		.byte	0x2
 119 00b1 0000 0000 		.long	.LASF12
 120 00b5 04        		.uleb128 0x4
 121 00b6 AE00 0000 		.long	0xae
 122 00ba 07        		.uleb128 0x7
 123 00bb 0000 0000 		.long	.LASF14
 124 00bf 05        		.byte	0x5
 125 00c0 42        		.byte	0x42
 126 00c1 0D        		.byte	0xd
 127 00c2 AE00 0000 		.long	0xae
 128 00c6 01        		.byte	0x1
 129 00c7 01        		.byte	0x1
 130 00c8 08        		.uleb128 0x8
 131 00c9 08        		.byte	0x8
 132 00ca 06        		.byte	0x6
 133 00cb 88        		.byte	0x88
 134 00cc 05        		.byte	0x5
 135 00cd FF00 0000 		.long	0xff
 136 00d1 09        		.uleb128 0x9
 137 00d2 0000 0000 		.long	.LASF15
 138 00d6 06        		.byte	0x6
 139 00d7 8C        		.byte	0x8c
 140 00d8 11        		.byte	0x11
 141 00d9 2400 0000 		.long	0x24
 142 00dd 02        		.byte	0x2
 143 00de 23        		.byte	0x23
 144 00df 00        		.uleb128 0
 145 00e0 09        		.uleb128 0x9
 146 00e1 0000 0000 		.long	.LASF16
 147 00e5 06        		.byte	0x6
 148 00e6 8D        		.byte	0x8d
 149 00e7 11        		.byte	0x11
 150 00e8 2400 0000 		.long	0x24
 151 00ec 02        		.byte	0x2
 152 00ed 23        		.byte	0x23
 153 00ee 01        		.uleb128 0x1
 154 00ef 09        		.uleb128 0x9
 155 00f0 0000 0000 		.long	.LASF17
 156 00f4 06        		.byte	0x6
 157 00f5 8E        		.byte	0x8e
 158 00f6 11        		.byte	0x11
 159 00f7 FF00 0000 		.long	0xff
 160 00fb 02        		.byte	0x2
 161 00fc 23        		.byte	0x23
 162 00fd 02        		.uleb128 0x2
 163 00fe 00        		.byte	0
 164 00ff 0A        		.uleb128 0xa
 165 0100 2400 0000 		.long	0x24
 166 0104 0F01 0000 		.long	0x10f
 167 0108 0B        		.uleb128 0xb
 168 0109 5400 0000 		.long	0x54
 169 010d 05        		.byte	0x5
 170 010e 00        		.byte	0
 171 010f 0C        		.uleb128 0xc
 172 0110 08        		.byte	0x8
 173 0111 06        		.byte	0x6
 174 0112 86        		.byte	0x86
 175 0113 09        		.byte	0x9
 176 0114 2A01 0000 		.long	0x12a
 177 0118 0D        		.uleb128 0xd
 178 0119 7261 7700 		.string	"raw"
 179 011d 06        		.byte	0x6
 180 011e 87        		.byte	0x87
 181 011f 0D        		.byte	0xd
 182 0120 2A01 0000 		.long	0x12a
 183 0124 0E        		.uleb128 0xe
 184 0125 C800 0000 		.long	0xc8
 185 0129 00        		.byte	0
 186 012a 0A        		.uleb128 0xa
 187 012b 2400 0000 		.long	0x24
 188 012f 3A01 0000 		.long	0x13a
 189 0133 0B        		.uleb128 0xb
 190 0134 5400 0000 		.long	0x54
 191 0138 07        		.byte	0x7
 192 0139 00        		.byte	0
 193 013a 03        		.uleb128 0x3
 194 013b 0000 0000 		.long	.LASF18
 195 013f 06        		.byte	0x6
 196 0140 99        		.byte	0x99
 197 0141 1C        		.byte	0x1c
 198 0142 0F01 0000 		.long	0x10f
 199 0146 0F        		.uleb128 0xf
 200 0147 02        		.byte	0x2
 201 0148 3A01 0000 		.long	0x13a
 202 014c 07        		.uleb128 0x7
 203 014d 0000 0000 		.long	.LASF19
 204 0151 07        		.byte	0x7
 205 0152 23        		.byte	0x23
 206 0153 10        		.byte	0x10
 207 0154 2400 0000 		.long	0x24
 208 0158 01        		.byte	0x1
 209 0159 01        		.byte	0x1
 210 015a 07        		.uleb128 0x7
 211 015b 0000 0000 		.long	.LASF20
 212 015f 07        		.byte	0x7
 213 0160 24        		.byte	0x24
 214 0161 10        		.byte	0x10
 215 0162 2400 0000 		.long	0x24
 216 0166 01        		.byte	0x1
 217 0167 01        		.byte	0x1
 218 0168 10        		.uleb128 0x10
 219 0169 01        		.byte	0x1
 220 016a 7401 0000 		.long	0x174
 221 016e 11        		.uleb128 0x11
 222 016f 2400 0000 		.long	0x24
 223 0173 00        		.byte	0
 224 0174 07        		.uleb128 0x7
 225 0175 0000 0000 		.long	.LASF21
 226 0179 08        		.byte	0x8
 227 017a 0F        		.byte	0xf
 228 017b 0F        		.byte	0xf
 229 017c 8201 0000 		.long	0x182
 230 0180 01        		.byte	0x1
 231 0181 01        		.byte	0x1
 232 0182 0F        		.uleb128 0xf
 233 0183 02        		.byte	0x2
 234 0184 6801 0000 		.long	0x168
 235 0188 08        		.uleb128 0x8
 236 0189 01        		.byte	0x1
 237 018a 09        		.byte	0x9
 238 018b 21        		.byte	0x21
 239 018c 05        		.byte	0x5
 240 018d EC01 0000 		.long	0x1ec
 241 0191 12        		.uleb128 0x12
 242 0192 0000 0000 		.long	.LASF22
 243 0196 09        		.byte	0x9
 244 0197 22        		.byte	0x22
 245 0198 0E        		.byte	0xe
 246 0199 AE00 0000 		.long	0xae
 247 019d 01        		.byte	0x1
 248 019e 01        		.byte	0x1
 249 019f 07        		.byte	0x7
 250 01a0 02        		.byte	0x2
 251 01a1 23        		.byte	0x23
 252 01a2 00        		.uleb128 0
 253 01a3 12        		.uleb128 0x12
 254 01a4 0000 0000 		.long	.LASF23
 255 01a8 09        		.byte	0x9
 256 01a9 23        		.byte	0x23
 257 01aa 0E        		.byte	0xe
 258 01ab AE00 0000 		.long	0xae
 259 01af 01        		.byte	0x1
 260 01b0 01        		.byte	0x1
 261 01b1 06        		.byte	0x6
 262 01b2 02        		.byte	0x2
 263 01b3 23        		.byte	0x23
 264 01b4 00        		.uleb128 0
 265 01b5 12        		.uleb128 0x12
 266 01b6 0000 0000 		.long	.LASF24
 267 01ba 09        		.byte	0x9
 268 01bb 24        		.byte	0x24
 269 01bc 0E        		.byte	0xe
 270 01bd AE00 0000 		.long	0xae
 271 01c1 01        		.byte	0x1
 272 01c2 01        		.byte	0x1
 273 01c3 05        		.byte	0x5
 274 01c4 02        		.byte	0x2
 275 01c5 23        		.byte	0x23
 276 01c6 00        		.uleb128 0
 277 01c7 12        		.uleb128 0x12
 278 01c8 0000 0000 		.long	.LASF25
 279 01cc 09        		.byte	0x9
 280 01cd 25        		.byte	0x25
 281 01ce 0E        		.byte	0xe
 282 01cf AE00 0000 		.long	0xae
 283 01d3 01        		.byte	0x1
 284 01d4 01        		.byte	0x1
 285 01d5 04        		.byte	0x4
 286 01d6 02        		.byte	0x2
 287 01d7 23        		.byte	0x23
 288 01d8 00        		.uleb128 0
 289 01d9 12        		.uleb128 0x12
 290 01da 0000 0000 		.long	.LASF16
 291 01de 09        		.byte	0x9
 292 01df 26        		.byte	0x26
 293 01e0 11        		.byte	0x11
 294 01e1 2400 0000 		.long	0x24
 295 01e5 01        		.byte	0x1
 296 01e6 04        		.byte	0x4
 297 01e7 00        		.byte	0
 298 01e8 02        		.byte	0x2
 299 01e9 23        		.byte	0x23
 300 01ea 00        		.uleb128 0
 301 01eb 00        		.byte	0
 302 01ec 0C        		.uleb128 0xc
 303 01ed 01        		.byte	0x1
 304 01ee 09        		.byte	0x9
 305 01ef 20        		.byte	0x20
 306 01f0 09        		.byte	0x9
 307 01f1 0702 0000 		.long	0x207
 308 01f5 0E        		.uleb128 0xe
 309 01f6 8801 0000 		.long	0x188
 310 01fa 0D        		.uleb128 0xd
 311 01fb 7261 7700 		.string	"raw"
 312 01ff 09        		.byte	0x9
 313 0200 28        		.byte	0x28
 314 0201 0D        		.byte	0xd
 315 0202 2400 0000 		.long	0x24
 316 0206 00        		.byte	0
 317 0207 03        		.uleb128 0x3
 318 0208 0000 0000 		.long	.LASF26
 319 020c 09        		.byte	0x9
 320 020d 29        		.byte	0x29
 321 020e 03        		.byte	0x3
 322 020f EC01 0000 		.long	0x1ec
 323 0213 07        		.uleb128 0x7
 324 0214 0000 0000 		.long	.LASF27
 325 0218 09        		.byte	0x9
 326 0219 2B        		.byte	0x2b
 327 021a 17        		.byte	0x17
 328 021b 0702 0000 		.long	0x207
 329 021f 01        		.byte	0x1
 330 0220 01        		.byte	0x1
 331 0221 08        		.uleb128 0x8
 332 0222 01        		.byte	0x1
 333 0223 0A        		.byte	0xa
 334 0224 1E        		.byte	0x1e
 335 0225 05        		.byte	0x5
 336 0226 BB02 0000 		.long	0x2bb
 337 022a 12        		.uleb128 0x12
 338 022b 0000 0000 		.long	.LASF28
 339 022f 0A        		.byte	0xa
 340 0230 1F        		.byte	0x1f
 341 0231 0E        		.byte	0xe
 342 0232 AE00 0000 		.long	0xae
 343 0236 01        		.byte	0x1
 344 0237 01        		.byte	0x1
 345 0238 07        		.byte	0x7
 346 0239 02        		.byte	0x2
 347 023a 23        		.byte	0x23
 348 023b 00        		.uleb128 0
 349 023c 12        		.uleb128 0x12
 350 023d 0000 0000 		.long	.LASF29
 351 0241 0A        		.byte	0xa
 352 0242 20        		.byte	0x20
 353 0243 0E        		.byte	0xe
 354 0244 AE00 0000 		.long	0xae
 355 0248 01        		.byte	0x1
 356 0249 01        		.byte	0x1
 357 024a 06        		.byte	0x6
 358 024b 02        		.byte	0x2
 359 024c 23        		.byte	0x23
 360 024d 00        		.uleb128 0
 361 024e 12        		.uleb128 0x12
 362 024f 0000 0000 		.long	.LASF30
 363 0253 0A        		.byte	0xa
 364 0254 21        		.byte	0x21
 365 0255 0E        		.byte	0xe
 366 0256 AE00 0000 		.long	0xae
 367 025a 01        		.byte	0x1
 368 025b 01        		.byte	0x1
 369 025c 05        		.byte	0x5
 370 025d 02        		.byte	0x2
 371 025e 23        		.byte	0x23
 372 025f 00        		.uleb128 0
 373 0260 12        		.uleb128 0x12
 374 0261 0000 0000 		.long	.LASF31
 375 0265 0A        		.byte	0xa
 376 0266 22        		.byte	0x22
 377 0267 0E        		.byte	0xe
 378 0268 AE00 0000 		.long	0xae
 379 026c 01        		.byte	0x1
 380 026d 01        		.byte	0x1
 381 026e 04        		.byte	0x4
 382 026f 02        		.byte	0x2
 383 0270 23        		.byte	0x23
 384 0271 00        		.uleb128 0
 385 0272 12        		.uleb128 0x12
 386 0273 0000 0000 		.long	.LASF32
 387 0277 0A        		.byte	0xa
 388 0278 23        		.byte	0x23
 389 0279 0E        		.byte	0xe
 390 027a AE00 0000 		.long	0xae
 391 027e 01        		.byte	0x1
 392 027f 01        		.byte	0x1
 393 0280 03        		.byte	0x3
 394 0281 02        		.byte	0x2
 395 0282 23        		.byte	0x23
 396 0283 00        		.uleb128 0
 397 0284 12        		.uleb128 0x12
 398 0285 0000 0000 		.long	.LASF33
 399 0289 0A        		.byte	0xa
 400 028a 24        		.byte	0x24
 401 028b 0E        		.byte	0xe
 402 028c AE00 0000 		.long	0xae
 403 0290 01        		.byte	0x1
 404 0291 01        		.byte	0x1
 405 0292 02        		.byte	0x2
 406 0293 02        		.byte	0x2
 407 0294 23        		.byte	0x23
 408 0295 00        		.uleb128 0
 409 0296 12        		.uleb128 0x12
 410 0297 0000 0000 		.long	.LASF34
 411 029b 0A        		.byte	0xa
 412 029c 25        		.byte	0x25
 413 029d 0E        		.byte	0xe
 414 029e AE00 0000 		.long	0xae
 415 02a2 01        		.byte	0x1
 416 02a3 01        		.byte	0x1
 417 02a4 01        		.byte	0x1
 418 02a5 02        		.byte	0x2
 419 02a6 23        		.byte	0x23
 420 02a7 00        		.uleb128 0
 421 02a8 12        		.uleb128 0x12
 422 02a9 0000 0000 		.long	.LASF35
 423 02ad 0A        		.byte	0xa
 424 02ae 26        		.byte	0x26
 425 02af 0E        		.byte	0xe
 426 02b0 AE00 0000 		.long	0xae
 427 02b4 01        		.byte	0x1
 428 02b5 01        		.byte	0x1
 429 02b6 00        		.byte	0
 430 02b7 02        		.byte	0x2
 431 02b8 23        		.byte	0x23
 432 02b9 00        		.uleb128 0
 433 02ba 00        		.byte	0
 434 02bb 0C        		.uleb128 0xc
 435 02bc 02        		.byte	0x2
 436 02bd 0A        		.byte	0xa
 437 02be 1C        		.byte	0x1c
 438 02bf 09        		.byte	0x9
 439 02c0 D602 0000 		.long	0x2d6
 440 02c4 0D        		.uleb128 0xd
 441 02c5 7261 7700 		.string	"raw"
 442 02c9 0A        		.byte	0xa
 443 02ca 1D        		.byte	0x1d
 444 02cb 0E        		.byte	0xe
 445 02cc 4300 0000 		.long	0x43
 446 02d0 0E        		.uleb128 0xe
 447 02d1 2102 0000 		.long	0x221
 448 02d5 00        		.byte	0
 449 02d6 03        		.uleb128 0x3
 450 02d7 0000 0000 		.long	.LASF36
 451 02db 0A        		.byte	0xa
 452 02dc 28        		.byte	0x28
 453 02dd 03        		.byte	0x3
 454 02de BB02 0000 		.long	0x2bb
 455 02e2 07        		.uleb128 0x7
 456 02e3 0000 0000 		.long	.LASF37
 457 02e7 0A        		.byte	0xa
 458 02e8 2A        		.byte	0x2a
 459 02e9 18        		.byte	0x18
 460 02ea D602 0000 		.long	0x2d6
 461 02ee 01        		.byte	0x1
 462 02ef 01        		.byte	0x1
 463 02f0 0A        		.uleb128 0xa
 464 02f1 4F00 0000 		.long	0x4f
 465 02f5 0703 0000 		.long	0x307
 466 02f9 13        		.uleb128 0x13
 467 02fa 0B        		.uleb128 0xb
 468 02fb 5400 0000 		.long	0x54
 469 02ff 04        		.byte	0x4
 470 0300 0B        		.uleb128 0xb
 471 0301 5400 0000 		.long	0x54
 472 0305 0D        		.byte	0xd
 473 0306 00        		.byte	0
 474 0307 04        		.uleb128 0x4
 475 0308 F002 0000 		.long	0x2f0
 476 030c 07        		.uleb128 0x7
 477 030d 0000 0000 		.long	.LASF38
 478 0311 0B        		.byte	0xb
 479 0312 34        		.byte	0x34
 480 0313 17        		.byte	0x17
 481 0314 0703 0000 		.long	0x307
 482 0318 01        		.byte	0x1
 483 0319 01        		.byte	0x1
 484 031a 0A        		.uleb128 0xa
 485 031b 4F00 0000 		.long	0x4f
 486 031f 2503 0000 		.long	0x325
 487 0323 13        		.uleb128 0x13
 488 0324 00        		.byte	0
 489 0325 04        		.uleb128 0x4
 490 0326 1A03 0000 		.long	0x31a
 491 032a 07        		.uleb128 0x7
 492 032b 0000 0000 		.long	.LASF39
 493 032f 0B        		.byte	0xb
 494 0330 35        		.byte	0x35
 495 0331 17        		.byte	0x17
 496 0332 2503 0000 		.long	0x325
 497 0336 01        		.byte	0x1
 498 0337 01        		.byte	0x1
 499 0338 08        		.uleb128 0x8
 500 0339 03        		.byte	0x3
 501 033a 0C        		.byte	0xc
 502 033b 2A        		.byte	0x2a
 503 033c 09        		.byte	0x9
 504 033d 6903 0000 		.long	0x369
 505 0341 14        		.uleb128 0x14
 506 0342 6700      		.string	"g"
 507 0344 0C        		.byte	0xc
 508 0345 2C        		.byte	0x2c
 509 0346 0A        		.byte	0xa
 510 0347 2400 0000 		.long	0x24
 511 034b 02        		.byte	0x2
 512 034c 23        		.byte	0x23
 513 034d 00        		.uleb128 0
 514 034e 14        		.uleb128 0x14
 515 034f 7200      		.string	"r"
 516 0351 0C        		.byte	0xc
 517 0352 2D        		.byte	0x2d
 518 0353 0A        		.byte	0xa
 519 0354 2400 0000 		.long	0x24
 520 0358 02        		.byte	0x2
 521 0359 23        		.byte	0x23
 522 035a 01        		.uleb128 0x1
 523 035b 14        		.uleb128 0x14
 524 035c 6200      		.string	"b"
 525 035e 0C        		.byte	0xc
 526 035f 2E        		.byte	0x2e
 527 0360 0A        		.byte	0xa
 528 0361 2400 0000 		.long	0x24
 529 0365 02        		.byte	0x2
 530 0366 23        		.byte	0x23
 531 0367 02        		.uleb128 0x2
 532 0368 00        		.byte	0
 533 0369 03        		.uleb128 0x3
 534 036a 0000 0000 		.long	.LASF40
 535 036e 0C        		.byte	0xc
 536 036f 2F        		.byte	0x2f
 537 0370 03        		.byte	0x3
 538 0371 3803 0000 		.long	0x338
 539 0375 15        		.uleb128 0x15
 540 0376 5247 4200 		.string	"RGB"
 541 037a 0C        		.byte	0xc
 542 037b 31        		.byte	0x31
 543 037c 0E        		.byte	0xe
 544 037d 6903 0000 		.long	0x369
 545 0381 0A        		.uleb128 0xa
 546 0382 7503 0000 		.long	0x375
 547 0386 9103 0000 		.long	0x391
 548 038a 0B        		.uleb128 0xb
 549 038b 5400 0000 		.long	0x54
 550 038f 0D        		.byte	0xd
 551 0390 00        		.byte	0
 552 0391 16        		.uleb128 0x16
 553 0392 6C65 6400 		.string	"led"
 554 0396 0D        		.byte	0xd
 555 0397 8E        		.byte	0x8e
 556 0398 11        		.byte	0x11
 557 0399 8103 0000 		.long	0x381
 558 039d 01        		.byte	0x1
 559 039e 01        		.byte	0x1
 560 039f 0A        		.uleb128 0xa
 561 03a0 3000 0000 		.long	0x30
 562 03a4 AF03 0000 		.long	0x3af
 563 03a8 0B        		.uleb128 0xb
 564 03a9 5400 0000 		.long	0x54
 565 03ad 03        		.byte	0x3
 566 03ae 00        		.byte	0
 567 03af 04        		.uleb128 0x4
 568 03b0 9F03 0000 		.long	0x39f
 569 03b4 07        		.uleb128 0x7
 570 03b5 0000 0000 		.long	.LASF41
 571 03b9 0D        		.byte	0xd
 572 03ba 90        		.byte	0x90
 573 03bb 16        		.byte	0x16
 574 03bc AF03 0000 		.long	0x3af
 575 03c0 01        		.byte	0x1
 576 03c1 01        		.byte	0x1
 577 03c2 0A        		.uleb128 0xa
 578 03c3 3000 0000 		.long	0x30
 579 03c7 D203 0000 		.long	0x3d2
 580 03cb 0B        		.uleb128 0xb
 581 03cc 5400 0000 		.long	0x54
 582 03d0 02        		.byte	0x2
 583 03d1 00        		.byte	0
 584 03d2 04        		.uleb128 0x4
 585 03d3 C203 0000 		.long	0x3c2
 586 03d7 07        		.uleb128 0x7
 587 03d8 0000 0000 		.long	.LASF42
 588 03dc 0D        		.byte	0xd
 589 03dd 91        		.byte	0x91
 590 03de 16        		.byte	0x16
 591 03df D203 0000 		.long	0x3d2
 592 03e3 01        		.byte	0x1
 593 03e4 01        		.byte	0x1
 594 03e5 07        		.uleb128 0x7
 595 03e6 0000 0000 		.long	.LASF43
 596 03ea 0D        		.byte	0xd
 597 03eb 92        		.byte	0x92
 598 03ec 16        		.byte	0x16
 599 03ed D203 0000 		.long	0x3d2
 600 03f1 01        		.byte	0x1
 601 03f2 01        		.byte	0x1
 602 03f3 07        		.uleb128 0x7
 603 03f4 0000 0000 		.long	.LASF44
 604 03f8 0D        		.byte	0xd
 605 03f9 93        		.byte	0x93
 606 03fa 16        		.byte	0x16
 607 03fb D203 0000 		.long	0x3d2
 608 03ff 01        		.byte	0x1
 609 0400 01        		.byte	0x1
 610 0401 07        		.uleb128 0x7
 611 0402 0000 0000 		.long	.LASF45
 612 0406 0D        		.byte	0xd
 613 0407 94        		.byte	0x94
 614 0408 16        		.byte	0x16
 615 0409 D203 0000 		.long	0x3d2
 616 040d 01        		.byte	0x1
 617 040e 01        		.byte	0x1
 618 040f 0A        		.uleb128 0xa
 619 0410 4F00 0000 		.long	0x4f
 620 0414 1F04 0000 		.long	0x41f
 621 0418 0B        		.uleb128 0xb
 622 0419 5400 0000 		.long	0x54
 623 041d 00        		.byte	0
 624 041e 00        		.byte	0
 625 041f 04        		.uleb128 0x4
 626 0420 0F04 0000 		.long	0x40f
 627 0424 07        		.uleb128 0x7
 628 0425 0000 0000 		.long	.LASF46
 629 0429 0D        		.byte	0xd
 630 042a 95        		.byte	0x95
 631 042b 17        		.byte	0x17
 632 042c 1F04 0000 		.long	0x41f
 633 0430 01        		.byte	0x1
 634 0431 01        		.byte	0x1
 635 0432 07        		.uleb128 0x7
 636 0433 0000 0000 		.long	.LASF47
 637 0437 0D        		.byte	0xd
 638 0438 96        		.byte	0x96
 639 0439 0D        		.byte	0xd
 640 043a AE00 0000 		.long	0xae
 641 043e 01        		.byte	0x1
 642 043f 01        		.byte	0x1
 643 0440 03        		.uleb128 0x3
 644 0441 0000 0000 		.long	.LASF48
 645 0445 0E        		.byte	0xe
 646 0446 1D        		.byte	0x1d
 647 0447 12        		.byte	0x12
 648 0448 6200 0000 		.long	0x62
 649 044c 07        		.uleb128 0x7
 650 044d 0000 0000 		.long	.LASF49
 651 0451 0E        		.byte	0xe
 652 0452 24        		.byte	0x24
 653 0453 16        		.byte	0x16
 654 0454 4004 0000 		.long	0x440
 655 0458 01        		.byte	0x1
 656 0459 01        		.byte	0x1
 657 045a 07        		.uleb128 0x7
 658 045b 0000 0000 		.long	.LASF50
 659 045f 0E        		.byte	0xe
 660 0460 3D        		.byte	0x3d
 661 0461 16        		.byte	0x16
 662 0462 4004 0000 		.long	0x440
 663 0466 01        		.byte	0x1
 664 0467 01        		.byte	0x1
 665 0468 07        		.uleb128 0x7
 666 0469 0000 0000 		.long	.LASF51
 667 046d 0F        		.byte	0xf
 668 046e 1B        		.byte	0x1b
 669 046f 1B        		.byte	0x1b
 670 0470 4601 0000 		.long	0x146
 671 0474 01        		.byte	0x1
 672 0475 01        		.byte	0x1
 673 0476 17        		.uleb128 0x17
 674 0477 0000 0000 		.long	.LASF52
 675 047b 10        		.byte	0x10
 676 047c 3801      		.word	0x138
 677 047e 0F        		.byte	0xf
 678 047f A200 0000 		.long	0xa2
 679 0483 01        		.byte	0x1
 680 0484 01        		.byte	0x1
 681 0485 17        		.uleb128 0x17
 682 0486 0000 0000 		.long	.LASF53
 683 048a 10        		.byte	0x10
 684 048b 3D01      		.word	0x13d
 685 048d 0E        		.byte	0xe
 686 048e 9404 0000 		.long	0x494
 687 0492 01        		.byte	0x1
 688 0493 01        		.byte	0x1
 689 0494 0F        		.uleb128 0xf
 690 0495 02        		.byte	0x2
 691 0496 9A04 0000 		.long	0x49a
 692 049a 02        		.uleb128 0x2
 693 049b 01        		.byte	0x1
 694 049c 08        		.byte	0x8
 695 049d 0000 0000 		.long	.LASF54
 696 04a1 17        		.uleb128 0x17
 697 04a2 0000 0000 		.long	.LASF55
 698 04a6 10        		.byte	0x10
 699 04a7 4201      		.word	0x142
 700 04a9 0E        		.byte	0xe
 701 04aa 9404 0000 		.long	0x494
 702 04ae 01        		.byte	0x1
 703 04af 01        		.byte	0x1
 704 04b0 0A        		.uleb128 0xa
 705 04b1 B500 0000 		.long	0xb5
 706 04b5 C004 0000 		.long	0x4c0
 707 04b9 0B        		.uleb128 0xb
 708 04ba 5400 0000 		.long	0x54
 709 04be 7F        		.byte	0x7f
 710 04bf 00        		.byte	0
 711 04c0 04        		.uleb128 0x4
 712 04c1 B004 0000 		.long	0x4b0
 713 04c5 07        		.uleb128 0x7
 714 04c6 0000 0000 		.long	.LASF56
 715 04ca 11        		.byte	0x11
 716 04cb CC        		.byte	0xcc
 717 04cc 13        		.byte	0x13
 718 04cd C004 0000 		.long	0x4c0
 719 04d1 01        		.byte	0x1
 720 04d2 01        		.byte	0x1
 721 04d3 07        		.uleb128 0x7
 722 04d4 0000 0000 		.long	.LASF57
 723 04d8 11        		.byte	0x11
 724 04d9 CD        		.byte	0xcd
 725 04da 13        		.byte	0x13
 726 04db C004 0000 		.long	0x4c0
 727 04df 01        		.byte	0x1
 728 04e0 01        		.byte	0x1
 729 04e1 0A        		.uleb128 0xa
 730 04e2 3000 0000 		.long	0x30
 731 04e6 F104 0000 		.long	0x4f1
 732 04ea 0B        		.uleb128 0xb
 733 04eb 5400 0000 		.long	0x54
 734 04ef 7F        		.byte	0x7f
 735 04f0 00        		.byte	0
 736 04f1 04        		.uleb128 0x4
 737 04f2 E104 0000 		.long	0x4e1
 738 04f6 07        		.uleb128 0x7
 739 04f7 0000 0000 		.long	.LASF58
 740 04fb 11        		.byte	0x11
 741 04fc CE        		.byte	0xce
 742 04fd 16        		.byte	0x16
 743 04fe F104 0000 		.long	0x4f1
 744 0502 01        		.byte	0x1
 745 0503 01        		.byte	0x1
 746 0504 18        		.uleb128 0x18
 747 0505 0000 0000 		.long	.LASF59
 748 0509 12        		.byte	0x12
 749 050a 1B        		.byte	0x1b
 750 050b 0D        		.byte	0xd
 751 050c AE00 0000 		.long	0xae
 752 0510 18        		.uleb128 0x18
 753 0511 0000 0000 		.long	.LASF60
 754 0515 12        		.byte	0x12
 755 0516 1E        		.byte	0x1e
 756 0517 11        		.byte	0x11
 757 0518 4300 0000 		.long	0x43
 758 051c 19        		.uleb128 0x19
 759 051d 01        		.byte	0x1
 760 051e 0000 0000 		.long	.LASF67
 761 0522 12        		.byte	0x12
 762 0523 36        		.byte	0x36
 763 0524 06        		.byte	0x6
 764 0525 01        		.byte	0x1
 765 0526 AE00 0000 		.long	0xae
 766 052a 1A        		.uleb128 0x1a
 767 052b 01        		.byte	0x1
 768 052c 0000 0000 		.long	.LASF68
 769 0530 12        		.byte	0x12
 770 0531 1F        		.byte	0x1f
 771 0532 06        		.byte	0x6
 772 0533 01        		.byte	0x1
 773 0534 7505 0000 		.long	0x575
 774 0538 1B        		.uleb128 0x1b
 775 0539 7261 7700 		.string	"raw"
 776 053d 12        		.byte	0x12
 777 053e 1F        		.byte	0x1f
 778 053f 1C        		.byte	0x1c
 779 0540 7505 0000 		.long	0x575
 780 0544 1C        		.uleb128 0x1c
 781 0545 0000 0000 		.long	.LASF61
 782 0549 12        		.byte	0x12
 783 054a 1F        		.byte	0x1f
 784 054b 30        		.byte	0x30
 785 054c 7505 0000 		.long	0x575
 786 0550 1C        		.uleb128 0x1c
 787 0551 0000 0000 		.long	.LASF62
 788 0555 12        		.byte	0x12
 789 0556 1F        		.byte	0x1f
 790 0557 42        		.byte	0x42
 791 0558 2400 0000 		.long	0x24
 792 055c 1C        		.uleb128 0x1c
 793 055d 0000 0000 		.long	.LASF63
 794 0561 12        		.byte	0x12
 795 0562 1F        		.byte	0x1f
 796 0563 51        		.byte	0x51
 797 0564 AE00 0000 		.long	0xae
 798 0568 1D        		.uleb128 0x1d
 799 0569 1E        		.uleb128 0x1e
 800 056a 6900      		.string	"i"
 801 056c 12        		.byte	0x12
 802 056d 27        		.byte	0x27
 803 056e 0E        		.byte	0xe
 804 056f 3C00 0000 		.long	0x3c
 805 0573 00        		.byte	0
 806 0574 00        		.byte	0
 807 0575 0F        		.uleb128 0xf
 808 0576 02        		.byte	0x2
 809 0577 8800 0000 		.long	0x88
 810 057b 1F        		.uleb128 0x1f
 811 057c 01        		.byte	0x1
 812 057d 0000 0000 		.long	.LASF69
 813 0581 12        		.byte	0x12
 814 0582 1A        		.byte	0x1a
 815 0583 06        		.byte	0x6
 816 0584 01        		.byte	0x1
 817 0585 1C        		.uleb128 0x1c
 818 0586 0000 0000 		.long	.LASF62
 819 058a 12        		.byte	0x12
 820 058b 1A        		.byte	0x1a
 821 058c 1C        		.byte	0x1c
 822 058d 2400 0000 		.long	0x24
 823 0591 00        		.byte	0
 824 0592 00        		.byte	0
 825               		.section	.gnu.debuglto_.debug_abbrev,"e",@progbits
 826               	.Ldebug_abbrev0:
 827 0000 01        		.uleb128 0x1
 828 0001 11        		.uleb128 0x11
 829 0002 01        		.byte	0x1
 830 0003 25        		.uleb128 0x25
 831 0004 0E        		.uleb128 0xe
 832 0005 13        		.uleb128 0x13
 833 0006 0B        		.uleb128 0xb
 834 0007 03        		.uleb128 0x3
 835 0008 0E        		.uleb128 0xe
 836 0009 1B        		.uleb128 0x1b
 837 000a 0E        		.uleb128 0xe
 838 000b 10        		.uleb128 0x10
 839 000c 06        		.uleb128 0x6
 840 000d 00        		.byte	0
 841 000e 00        		.byte	0
 842 000f 02        		.uleb128 0x2
 843 0010 24        		.uleb128 0x24
 844 0011 00        		.byte	0
 845 0012 0B        		.uleb128 0xb
 846 0013 0B        		.uleb128 0xb
 847 0014 3E        		.uleb128 0x3e
 848 0015 0B        		.uleb128 0xb
 849 0016 03        		.uleb128 0x3
 850 0017 0E        		.uleb128 0xe
 851 0018 00        		.byte	0
 852 0019 00        		.byte	0
 853 001a 03        		.uleb128 0x3
 854 001b 16        		.uleb128 0x16
 855 001c 00        		.byte	0
 856 001d 03        		.uleb128 0x3
 857 001e 0E        		.uleb128 0xe
 858 001f 3A        		.uleb128 0x3a
 859 0020 0B        		.uleb128 0xb
 860 0021 3B        		.uleb128 0x3b
 861 0022 0B        		.uleb128 0xb
 862 0023 39        		.uleb128 0x39
 863 0024 0B        		.uleb128 0xb
 864 0025 49        		.uleb128 0x49
 865 0026 13        		.uleb128 0x13
 866 0027 00        		.byte	0
 867 0028 00        		.byte	0
 868 0029 04        		.uleb128 0x4
 869 002a 26        		.uleb128 0x26
 870 002b 00        		.byte	0
 871 002c 49        		.uleb128 0x49
 872 002d 13        		.uleb128 0x13
 873 002e 00        		.byte	0
 874 002f 00        		.byte	0
 875 0030 05        		.uleb128 0x5
 876 0031 24        		.uleb128 0x24
 877 0032 00        		.byte	0
 878 0033 0B        		.uleb128 0xb
 879 0034 0B        		.uleb128 0xb
 880 0035 3E        		.uleb128 0x3e
 881 0036 0B        		.uleb128 0xb
 882 0037 03        		.uleb128 0x3
 883 0038 08        		.uleb128 0x8
 884 0039 00        		.byte	0
 885 003a 00        		.byte	0
 886 003b 06        		.uleb128 0x6
 887 003c 35        		.uleb128 0x35
 888 003d 00        		.byte	0
 889 003e 49        		.uleb128 0x49
 890 003f 13        		.uleb128 0x13
 891 0040 00        		.byte	0
 892 0041 00        		.byte	0
 893 0042 07        		.uleb128 0x7
 894 0043 34        		.uleb128 0x34
 895 0044 00        		.byte	0
 896 0045 03        		.uleb128 0x3
 897 0046 0E        		.uleb128 0xe
 898 0047 3A        		.uleb128 0x3a
 899 0048 0B        		.uleb128 0xb
 900 0049 3B        		.uleb128 0x3b
 901 004a 0B        		.uleb128 0xb
 902 004b 39        		.uleb128 0x39
 903 004c 0B        		.uleb128 0xb
 904 004d 49        		.uleb128 0x49
 905 004e 13        		.uleb128 0x13
 906 004f 3F        		.uleb128 0x3f
 907 0050 0C        		.uleb128 0xc
 908 0051 3C        		.uleb128 0x3c
 909 0052 0C        		.uleb128 0xc
 910 0053 00        		.byte	0
 911 0054 00        		.byte	0
 912 0055 08        		.uleb128 0x8
 913 0056 13        		.uleb128 0x13
 914 0057 01        		.byte	0x1
 915 0058 0B        		.uleb128 0xb
 916 0059 0B        		.uleb128 0xb
 917 005a 3A        		.uleb128 0x3a
 918 005b 0B        		.uleb128 0xb
 919 005c 3B        		.uleb128 0x3b
 920 005d 0B        		.uleb128 0xb
 921 005e 39        		.uleb128 0x39
 922 005f 0B        		.uleb128 0xb
 923 0060 01        		.uleb128 0x1
 924 0061 13        		.uleb128 0x13
 925 0062 00        		.byte	0
 926 0063 00        		.byte	0
 927 0064 09        		.uleb128 0x9
 928 0065 0D        		.uleb128 0xd
 929 0066 00        		.byte	0
 930 0067 03        		.uleb128 0x3
 931 0068 0E        		.uleb128 0xe
 932 0069 3A        		.uleb128 0x3a
 933 006a 0B        		.uleb128 0xb
 934 006b 3B        		.uleb128 0x3b
 935 006c 0B        		.uleb128 0xb
 936 006d 39        		.uleb128 0x39
 937 006e 0B        		.uleb128 0xb
 938 006f 49        		.uleb128 0x49
 939 0070 13        		.uleb128 0x13
 940 0071 38        		.uleb128 0x38
 941 0072 0A        		.uleb128 0xa
 942 0073 00        		.byte	0
 943 0074 00        		.byte	0
 944 0075 0A        		.uleb128 0xa
 945 0076 01        		.uleb128 0x1
 946 0077 01        		.byte	0x1
 947 0078 49        		.uleb128 0x49
 948 0079 13        		.uleb128 0x13
 949 007a 01        		.uleb128 0x1
 950 007b 13        		.uleb128 0x13
 951 007c 00        		.byte	0
 952 007d 00        		.byte	0
 953 007e 0B        		.uleb128 0xb
 954 007f 21        		.uleb128 0x21
 955 0080 00        		.byte	0
 956 0081 49        		.uleb128 0x49
 957 0082 13        		.uleb128 0x13
 958 0083 2F        		.uleb128 0x2f
 959 0084 0B        		.uleb128 0xb
 960 0085 00        		.byte	0
 961 0086 00        		.byte	0
 962 0087 0C        		.uleb128 0xc
 963 0088 17        		.uleb128 0x17
 964 0089 01        		.byte	0x1
 965 008a 0B        		.uleb128 0xb
 966 008b 0B        		.uleb128 0xb
 967 008c 3A        		.uleb128 0x3a
 968 008d 0B        		.uleb128 0xb
 969 008e 3B        		.uleb128 0x3b
 970 008f 0B        		.uleb128 0xb
 971 0090 39        		.uleb128 0x39
 972 0091 0B        		.uleb128 0xb
 973 0092 01        		.uleb128 0x1
 974 0093 13        		.uleb128 0x13
 975 0094 00        		.byte	0
 976 0095 00        		.byte	0
 977 0096 0D        		.uleb128 0xd
 978 0097 0D        		.uleb128 0xd
 979 0098 00        		.byte	0
 980 0099 03        		.uleb128 0x3
 981 009a 08        		.uleb128 0x8
 982 009b 3A        		.uleb128 0x3a
 983 009c 0B        		.uleb128 0xb
 984 009d 3B        		.uleb128 0x3b
 985 009e 0B        		.uleb128 0xb
 986 009f 39        		.uleb128 0x39
 987 00a0 0B        		.uleb128 0xb
 988 00a1 49        		.uleb128 0x49
 989 00a2 13        		.uleb128 0x13
 990 00a3 00        		.byte	0
 991 00a4 00        		.byte	0
 992 00a5 0E        		.uleb128 0xe
 993 00a6 0D        		.uleb128 0xd
 994 00a7 00        		.byte	0
 995 00a8 49        		.uleb128 0x49
 996 00a9 13        		.uleb128 0x13
 997 00aa 00        		.byte	0
 998 00ab 00        		.byte	0
 999 00ac 0F        		.uleb128 0xf
 1000 00ad 0F        		.uleb128 0xf
 1001 00ae 00        		.byte	0
 1002 00af 0B        		.uleb128 0xb
 1003 00b0 0B        		.uleb128 0xb
 1004 00b1 49        		.uleb128 0x49
 1005 00b2 13        		.uleb128 0x13
 1006 00b3 00        		.byte	0
 1007 00b4 00        		.byte	0
 1008 00b5 10        		.uleb128 0x10
 1009 00b6 15        		.uleb128 0x15
 1010 00b7 01        		.byte	0x1
 1011 00b8 27        		.uleb128 0x27
 1012 00b9 0C        		.uleb128 0xc
 1013 00ba 01        		.uleb128 0x1
 1014 00bb 13        		.uleb128 0x13
 1015 00bc 00        		.byte	0
 1016 00bd 00        		.byte	0
 1017 00be 11        		.uleb128 0x11
 1018 00bf 05        		.uleb128 0x5
 1019 00c0 00        		.byte	0
 1020 00c1 49        		.uleb128 0x49
 1021 00c2 13        		.uleb128 0x13
 1022 00c3 00        		.byte	0
 1023 00c4 00        		.byte	0
 1024 00c5 12        		.uleb128 0x12
 1025 00c6 0D        		.uleb128 0xd
 1026 00c7 00        		.byte	0
 1027 00c8 03        		.uleb128 0x3
 1028 00c9 0E        		.uleb128 0xe
 1029 00ca 3A        		.uleb128 0x3a
 1030 00cb 0B        		.uleb128 0xb
 1031 00cc 3B        		.uleb128 0x3b
 1032 00cd 0B        		.uleb128 0xb
 1033 00ce 39        		.uleb128 0x39
 1034 00cf 0B        		.uleb128 0xb
 1035 00d0 49        		.uleb128 0x49
 1036 00d1 13        		.uleb128 0x13
 1037 00d2 0B        		.uleb128 0xb
 1038 00d3 0B        		.uleb128 0xb
 1039 00d4 0D        		.uleb128 0xd
 1040 00d5 0B        		.uleb128 0xb
 1041 00d6 0C        		.uleb128 0xc
 1042 00d7 0B        		.uleb128 0xb
 1043 00d8 38        		.uleb128 0x38
 1044 00d9 0A        		.uleb128 0xa
 1045 00da 00        		.byte	0
 1046 00db 00        		.byte	0
 1047 00dc 13        		.uleb128 0x13
 1048 00dd 21        		.uleb128 0x21
 1049 00de 00        		.byte	0
 1050 00df 00        		.byte	0
 1051 00e0 00        		.byte	0
 1052 00e1 14        		.uleb128 0x14
 1053 00e2 0D        		.uleb128 0xd
 1054 00e3 00        		.byte	0
 1055 00e4 03        		.uleb128 0x3
 1056 00e5 08        		.uleb128 0x8
 1057 00e6 3A        		.uleb128 0x3a
 1058 00e7 0B        		.uleb128 0xb
 1059 00e8 3B        		.uleb128 0x3b
 1060 00e9 0B        		.uleb128 0xb
 1061 00ea 39        		.uleb128 0x39
 1062 00eb 0B        		.uleb128 0xb
 1063 00ec 49        		.uleb128 0x49
 1064 00ed 13        		.uleb128 0x13
 1065 00ee 38        		.uleb128 0x38
 1066 00ef 0A        		.uleb128 0xa
 1067 00f0 00        		.byte	0
 1068 00f1 00        		.byte	0
 1069 00f2 15        		.uleb128 0x15
 1070 00f3 16        		.uleb128 0x16
 1071 00f4 00        		.byte	0
 1072 00f5 03        		.uleb128 0x3
 1073 00f6 08        		.uleb128 0x8
 1074 00f7 3A        		.uleb128 0x3a
 1075 00f8 0B        		.uleb128 0xb
 1076 00f9 3B        		.uleb128 0x3b
 1077 00fa 0B        		.uleb128 0xb
 1078 00fb 39        		.uleb128 0x39
 1079 00fc 0B        		.uleb128 0xb
 1080 00fd 49        		.uleb128 0x49
 1081 00fe 13        		.uleb128 0x13
 1082 00ff 00        		.byte	0
 1083 0100 00        		.byte	0
 1084 0101 16        		.uleb128 0x16
 1085 0102 34        		.uleb128 0x34
 1086 0103 00        		.byte	0
 1087 0104 03        		.uleb128 0x3
 1088 0105 08        		.uleb128 0x8
 1089 0106 3A        		.uleb128 0x3a
 1090 0107 0B        		.uleb128 0xb
 1091 0108 3B        		.uleb128 0x3b
 1092 0109 0B        		.uleb128 0xb
 1093 010a 39        		.uleb128 0x39
 1094 010b 0B        		.uleb128 0xb
 1095 010c 49        		.uleb128 0x49
 1096 010d 13        		.uleb128 0x13
 1097 010e 3F        		.uleb128 0x3f
 1098 010f 0C        		.uleb128 0xc
 1099 0110 3C        		.uleb128 0x3c
 1100 0111 0C        		.uleb128 0xc
 1101 0112 00        		.byte	0
 1102 0113 00        		.byte	0
 1103 0114 17        		.uleb128 0x17
 1104 0115 34        		.uleb128 0x34
 1105 0116 00        		.byte	0
 1106 0117 03        		.uleb128 0x3
 1107 0118 0E        		.uleb128 0xe
 1108 0119 3A        		.uleb128 0x3a
 1109 011a 0B        		.uleb128 0xb
 1110 011b 3B        		.uleb128 0x3b
 1111 011c 05        		.uleb128 0x5
 1112 011d 39        		.uleb128 0x39
 1113 011e 0B        		.uleb128 0xb
 1114 011f 49        		.uleb128 0x49
 1115 0120 13        		.uleb128 0x13
 1116 0121 3F        		.uleb128 0x3f
 1117 0122 0C        		.uleb128 0xc
 1118 0123 3C        		.uleb128 0x3c
 1119 0124 0C        		.uleb128 0xc
 1120 0125 00        		.byte	0
 1121 0126 00        		.byte	0
 1122 0127 18        		.uleb128 0x18
 1123 0128 34        		.uleb128 0x34
 1124 0129 00        		.byte	0
 1125 012a 03        		.uleb128 0x3
 1126 012b 0E        		.uleb128 0xe
 1127 012c 3A        		.uleb128 0x3a
 1128 012d 0B        		.uleb128 0xb
 1129 012e 3B        		.uleb128 0x3b
 1130 012f 0B        		.uleb128 0xb
 1131 0130 39        		.uleb128 0x39
 1132 0131 0B        		.uleb128 0xb
 1133 0132 49        		.uleb128 0x49
 1134 0133 13        		.uleb128 0x13
 1135 0134 00        		.byte	0
 1136 0135 00        		.byte	0
 1137 0136 19        		.uleb128 0x19
 1138 0137 2E        		.uleb128 0x2e
 1139 0138 00        		.byte	0
 1140 0139 3F        		.uleb128 0x3f
 1141 013a 0C        		.uleb128 0xc
 1142 013b 03        		.uleb128 0x3
 1143 013c 0E        		.uleb128 0xe
 1144 013d 3A        		.uleb128 0x3a
 1145 013e 0B        		.uleb128 0xb
 1146 013f 3B        		.uleb128 0x3b
 1147 0140 0B        		.uleb128 0xb
 1148 0141 39        		.uleb128 0x39
 1149 0142 0B        		.uleb128 0xb
 1150 0143 27        		.uleb128 0x27
 1151 0144 0C        		.uleb128 0xc
 1152 0145 49        		.uleb128 0x49
 1153 0146 13        		.uleb128 0x13
 1154 0147 00        		.byte	0
 1155 0148 00        		.byte	0
 1156 0149 1A        		.uleb128 0x1a
 1157 014a 2E        		.uleb128 0x2e
 1158 014b 01        		.byte	0x1
 1159 014c 3F        		.uleb128 0x3f
 1160 014d 0C        		.uleb128 0xc
 1161 014e 03        		.uleb128 0x3
 1162 014f 0E        		.uleb128 0xe
 1163 0150 3A        		.uleb128 0x3a
 1164 0151 0B        		.uleb128 0xb
 1165 0152 3B        		.uleb128 0x3b
 1166 0153 0B        		.uleb128 0xb
 1167 0154 39        		.uleb128 0x39
 1168 0155 0B        		.uleb128 0xb
 1169 0156 27        		.uleb128 0x27
 1170 0157 0C        		.uleb128 0xc
 1171 0158 01        		.uleb128 0x1
 1172 0159 13        		.uleb128 0x13
 1173 015a 00        		.byte	0
 1174 015b 00        		.byte	0
 1175 015c 1B        		.uleb128 0x1b
 1176 015d 05        		.uleb128 0x5
 1177 015e 00        		.byte	0
 1178 015f 03        		.uleb128 0x3
 1179 0160 08        		.uleb128 0x8
 1180 0161 3A        		.uleb128 0x3a
 1181 0162 0B        		.uleb128 0xb
 1182 0163 3B        		.uleb128 0x3b
 1183 0164 0B        		.uleb128 0xb
 1184 0165 39        		.uleb128 0x39
 1185 0166 0B        		.uleb128 0xb
 1186 0167 49        		.uleb128 0x49
 1187 0168 13        		.uleb128 0x13
 1188 0169 00        		.byte	0
 1189 016a 00        		.byte	0
 1190 016b 1C        		.uleb128 0x1c
 1191 016c 05        		.uleb128 0x5
 1192 016d 00        		.byte	0
 1193 016e 03        		.uleb128 0x3
 1194 016f 0E        		.uleb128 0xe
 1195 0170 3A        		.uleb128 0x3a
 1196 0171 0B        		.uleb128 0xb
 1197 0172 3B        		.uleb128 0x3b
 1198 0173 0B        		.uleb128 0xb
 1199 0174 39        		.uleb128 0x39
 1200 0175 0B        		.uleb128 0xb
 1201 0176 49        		.uleb128 0x49
 1202 0177 13        		.uleb128 0x13
 1203 0178 00        		.byte	0
 1204 0179 00        		.byte	0
 1205 017a 1D        		.uleb128 0x1d
 1206 017b 0B        		.uleb128 0xb
 1207 017c 01        		.byte	0x1
 1208 017d 00        		.byte	0
 1209 017e 00        		.byte	0
 1210 017f 1E        		.uleb128 0x1e
 1211 0180 34        		.uleb128 0x34
 1212 0181 00        		.byte	0
 1213 0182 03        		.uleb128 0x3
 1214 0183 08        		.uleb128 0x8
 1215 0184 3A        		.uleb128 0x3a
 1216 0185 0B        		.uleb128 0xb
 1217 0186 3B        		.uleb128 0x3b
 1218 0187 0B        		.uleb128 0xb
 1219 0188 39        		.uleb128 0x39
 1220 0189 0B        		.uleb128 0xb
 1221 018a 49        		.uleb128 0x49
 1222 018b 13        		.uleb128 0x13
 1223 018c 00        		.byte	0
 1224 018d 00        		.byte	0
 1225 018e 1F        		.uleb128 0x1f
 1226 018f 2E        		.uleb128 0x2e
 1227 0190 01        		.byte	0x1
 1228 0191 3F        		.uleb128 0x3f
 1229 0192 0C        		.uleb128 0xc
 1230 0193 03        		.uleb128 0x3
 1231 0194 0E        		.uleb128 0xe
 1232 0195 3A        		.uleb128 0x3a
 1233 0196 0B        		.uleb128 0xb
 1234 0197 3B        		.uleb128 0x3b
 1235 0198 0B        		.uleb128 0xb
 1236 0199 39        		.uleb128 0x39
 1237 019a 0B        		.uleb128 0xb
 1238 019b 27        		.uleb128 0x27
 1239 019c 0C        		.uleb128 0xc
 1240 019d 00        		.byte	0
 1241 019e 00        		.byte	0
 1242 019f 00        		.byte	0
 1243               		.section	.gnu.debuglto_.debug_line,"e",@progbits
 1244               	.Ldebug_line0:
 1245 0000 AF01 0000 		.long	.LELT0-.LSLT0
 1246               	.LSLT0:
 1247 0004 0200      		.word	0x2
 1248 0006 A901 0000 		.long	.LELTP0-.LASLTP0
 1249               	.LASLTP0:
 1250 000a 01        		.byte	0x1
 1251 000b 01        		.byte	0x1
 1252 000c F6        		.byte	0xf6
 1253 000d F2        		.byte	0xf2
 1254 000e 0D        		.byte	0xd
 1255 000f 00        		.byte	0
 1256 0010 01        		.byte	0x1
 1257 0011 01        		.byte	0x1
 1258 0012 01        		.byte	0x1
 1259 0013 01        		.byte	0x1
 1260 0014 00        		.byte	0
 1261 0015 00        		.byte	0
 1262 0016 00        		.byte	0
 1263 0017 01        		.byte	0x1
 1264 0018 00        		.byte	0
 1265 0019 00        		.byte	0
 1266 001a 01        		.byte	0x1
 1267 001b 746D 6B5F 		.ascii	"tmk_core/common/avr"
 1267      636F 7265 
 1267      2F63 6F6D 
 1267      6D6F 6E2F 
 1267      6176 72
 1268 002e 00        		.byte	0
 1269 002f 746D 6B5F 		.ascii	"tmk_core/common"
 1269      636F 7265 
 1269      2F63 6F6D 
 1269      6D6F 6E
 1270 003e 00        		.byte	0
 1271 003f 7175 616E 		.ascii	"quantum/debounce"
 1271      7475 6D2F 
 1271      6465 626F 
 1271      756E 6365 
 1272 004f 00        		.byte	0
 1273 0050 7175 616E 		.ascii	"quantum"
 1273      7475 6D
 1274 0057 00        		.byte	0
 1275 0058 2F75 7372 		.ascii	"/usr/local/Cellar/avr-gcc/9.2.0/avr/include"
 1275      2F6C 6F63 
 1275      616C 2F43 
 1275      656C 6C61 
 1275      722F 6176 
 1276 0083 00        		.byte	0
 1277 0084 2F75 7372 		.ascii	"/usr/local/Cellar/avr-gcc/9.2.0/lib/avr-gcc/9/gcc/avr/9.2.0/"
 1277      2F6C 6F63 
 1277      616C 2F43 
 1277      656C 6C61 
 1277      722F 6176 
 1278 00c0 696E 636C 		.ascii	"include"
 1278      7564 65
 1279 00c7 00        		.byte	0
 1280 00c8 00        		.byte	0
 1281 00c9 7374 6469 		.string	"stdint.h"
 1281      6E74 2E68 
 1281      00
 1282 00d2 05        		.uleb128 0x5
 1283 00d3 00        		.uleb128 0
 1284 00d4 00        		.uleb128 0
 1285 00d5 6D61 7472 		.string	"matrix.h"
 1285      6978 2E68 
 1285      00
 1286 00de 02        		.uleb128 0x2
 1287 00df 00        		.uleb128 0
 1288 00e0 00        		.uleb128 0
 1289 00e1 7374 6464 		.string	"stddef.h"
 1289      6566 2E68 
 1289      00
 1290 00ea 06        		.uleb128 0x6
 1291 00eb 00        		.uleb128 0
 1292 00ec 00        		.uleb128 0
 1293 00ed 7469 6D65 		.string	"timer.h"
 1293      722E 6800 
 1294 00f5 02        		.uleb128 0x2
 1295 00f6 00        		.uleb128 0
 1296 00f7 00        		.uleb128 0
 1297 00f8 6163 7469 		.string	"action.h"
 1297      6F6E 2E68 
 1297      00
 1298 0101 02        		.uleb128 0x2
 1299 0102 00        		.uleb128 0
 1300 0103 00        		.uleb128 0
 1301 0104 7265 706F 		.string	"report.h"
 1301      7274 2E68 
 1301      00
 1302 010d 02        		.uleb128 0x2
 1303 010e 00        		.uleb128 0
 1304 010f 00        		.uleb128 0
 1305 0110 686F 7374 		.string	"host.h"
 1305      2E68 00
 1306 0117 02        		.uleb128 0x2
 1307 0118 00        		.uleb128 0
 1308 0119 00        		.uleb128 0
 1309 011a 7870 7269 		.string	"xprintf.h"
 1309      6E74 662E 
 1309      6800 
 1310 0124 01        		.uleb128 0x1
 1311 0125 00        		.uleb128 0
 1312 0126 00        		.uleb128 0
 1313 0127 6465 6275 		.string	"debug.h"
 1313      672E 6800 
 1314 012f 02        		.uleb128 0x2
 1315 0130 00        		.uleb128 0
 1316 0131 00        		.uleb128 0
 1317 0132 6B65 7963 		.string	"keycode_config.h"
 1317      6F64 655F 
 1317      636F 6E66 
 1317      6967 2E68 
 1317      00
 1318 0143 04        		.uleb128 0x4
 1319 0144 00        		.uleb128 0
 1320 0145 00        		.uleb128 0
 1321 0146 6B65 796D 		.string	"keymap.h"
 1321      6170 2E68 
 1321      00
 1322 014f 04        		.uleb128 0x4
 1323 0150 00        		.uleb128 0
 1324 0151 00        		.uleb128 0
 1325 0152 636F 6C6F 		.string	"color.h"
 1325      722E 6800 
 1326 015a 04        		.uleb128 0x4
 1327 015b 00        		.uleb128 0
 1328 015c 00        		.uleb128 0
 1329 015d 7267 626C 		.string	"rgblight.h"
 1329      6967 6874 
 1329      2E68 00
 1330 0168 04        		.uleb128 0x4
 1331 0169 00        		.uleb128 0
 1332 016a 00        		.uleb128 0
 1333 016b 6163 7469 		.string	"action_layer.h"
 1333      6F6E 5F6C 
 1333      6179 6572 
 1333      2E68 00
 1334 017a 02        		.uleb128 0x2
 1335 017b 00        		.uleb128 0
 1336 017c 00        		.uleb128 0
 1337 017d 6163 7469 		.string	"action_util.h"
 1337      6F6E 5F75 
 1337      7469 6C2E 
 1337      6800 
 1338 018b 02        		.uleb128 0x2
 1339 018c 00        		.uleb128 0
 1340 018d 00        		.uleb128 0
 1341 018e 7374 646C 		.string	"stdlib.h"
 1341      6962 2E68 
 1341      00
 1342 0197 05        		.uleb128 0x5
 1343 0198 00        		.uleb128 0
 1344 0199 00        		.uleb128 0
 1345 019a 7175 616E 		.string	"quantum.h"
 1345      7475 6D2E 
 1345      6800 
 1346 01a4 04        		.uleb128 0x4
 1347 01a5 00        		.uleb128 0
 1348 01a6 00        		.uleb128 0
 1349 01a7 7379 6D5F 		.string	"sym_g.c"
 1349      672E 6300 
 1350 01af 03        		.uleb128 0x3
 1351 01b0 00        		.uleb128 0
 1352 01b1 00        		.uleb128 0
 1353 01b2 00        		.byte	0
 1354               	.LELTP0:
 1355               	.LELT0:
 1356               		.section	.gnu.debuglto_.debug_str,"eMS",@progbits,1
 1357               	.LASF64:
 1358 0000 474E 5520 		.string	"GNU C99 9.2.0 -mn-flash=1 -mno-skip-bug -mmcu=avr5 -gdwarf-2 -Os -std=gnu99 -funsigned-ch
 1358      4339 3920 
 1358      392E 322E 
 1358      3020 2D6D 
 1358      6E2D 666C 
 1359               	.LASF22:
 1360 00e8 656E 6162 		.string	"enable"
 1360      6C65 00
 1361               	.LASF40:
 1362 00ef 6352 4742 		.string	"cRGB"
 1362      00
 1363               	.LASF31:
 1364 00f4 7377 6170 		.string	"swap_ralt_rgui"
 1364      5F72 616C 
 1364      745F 7267 
 1364      7569 00
 1365               	.LASF42:
 1366 0103 5247 424C 		.string	"RGBLED_RAINBOW_MOOD_INTERVALS"
 1366      4544 5F52 
 1366      4149 4E42 
 1366      4F57 5F4D 
 1366      4F4F 445F 
 1367               	.LASF11:
 1368 0121 7369 7A65 		.string	"size_t"
 1368      5F74 00
 1369               	.LASF41:
 1370 0128 5247 424C 		.string	"RGBLED_BREATHING_INTERVALS"
 1370      4544 5F42 
 1370      5245 4154 
 1370      4849 4E47 
 1370      5F49 4E54 
 1371               	.LASF53:
 1372 0143 5F5F 6D61 		.string	"__malloc_heap_start"
 1372      6C6C 6F63 
 1372      5F68 6561 
 1372      705F 7374 
 1372      6172 7400 
 1373               	.LASF29:
 1374 0157 6361 7073 		.string	"capslock_to_control"
 1374      6C6F 636B 
 1374      5F74 6F5F 
 1374      636F 6E74 
 1374      726F 6C00 
 1375               	.LASF37:
 1376 016b 6B65 796D 		.string	"keymap_config"
 1376      6170 5F63 
 1376      6F6E 6669 
 1376      6700 
 1377               	.LASF66:
 1378 0179 2F55 7365 		.string	"/Users/tars/Desktop/keyboards"
 1378      7273 2F74 
 1378      6172 732F 
 1378      4465 736B 
 1378      746F 702F 
 1379               	.LASF65:
 1380 0197 7175 616E 		.string	"quantum/debounce/sym_g.c"
 1380      7475 6D2F 
 1380      6465 626F 
 1380      756E 6365 
 1380      2F73 796D 
 1381               	.LASF26:
 1382 01b0 6465 6275 		.string	"debug_config_t"
 1382      675F 636F 
 1382      6E66 6967 
 1382      5F74 00
 1383               	.LASF48:
 1384 01bf 6C61 7965 		.string	"layer_state_t"
 1384      725F 7374 
 1384      6174 655F 
 1384      7400 
 1385               	.LASF13:
 1386 01cd 7469 6D65 		.string	"timer_count"
 1386      725F 636F 
 1386      756E 7400 
 1387               	.LASF15:
 1388 01d9 6D6F 6473 		.string	"mods"
 1388      00
 1389               	.LASF2:
 1390 01de 7569 6E74 		.string	"uint8_t"
 1390      385F 7400 
 1391               	.LASF18:
 1392 01e6 7265 706F 		.string	"report_keyboard_t"
 1392      7274 5F6B 
 1392      6579 626F 
 1392      6172 645F 
 1392      7400 
 1393               	.LASF36:
 1394 01f8 6B65 796D 		.string	"keymap_config_t"
 1394      6170 5F63 
 1394      6F6E 6669 
 1394      675F 7400 
 1395               	.LASF57:
 1396 0208 6173 6369 		.string	"ascii_to_altgr_lut"
 1396      695F 746F 
 1396      5F61 6C74 
 1396      6772 5F6C 
 1396      7574 00
 1397               	.LASF30:
 1398 021b 7377 6170 		.string	"swap_lalt_lgui"
 1398      5F6C 616C 
 1398      745F 6C67 
 1398      7569 00
 1399               	.LASF34:
 1400 022a 7377 6170 		.string	"swap_backslash_backspace"
 1400      5F62 6163 
 1400      6B73 6C61 
 1400      7368 5F62 
 1400      6163 6B73 
 1401               	.LASF44:
 1402 0243 5247 424C 		.string	"RGBLED_SNAKE_INTERVALS"
 1402      4544 5F53 
 1402      4E41 4B45 
 1402      5F49 4E54 
 1402      4552 5641 
 1403               	.LASF8:
 1404 025a 6C6F 6E67 		.string	"long long int"
 1404      206C 6F6E 
 1404      6720 696E 
 1404      7400 
 1405               	.LASF5:
 1406 0268 6C6F 6E67 		.string	"long int"
 1406      2069 6E74 
 1406      00
 1407               	.LASF21:
 1408 0271 7866 756E 		.string	"xfunc_out"
 1408      635F 6F75 
 1408      7400 
 1409               	.LASF33:
 1410 027b 7377 6170 		.string	"swap_grave_esc"
 1410      5F67 7261 
 1410      7665 5F65 
 1410      7363 00
 1411               	.LASF17:
 1412 028a 6B65 7973 		.string	"keys"
 1412      00
 1413               	.LASF63:
 1414 028f 6368 616E 		.string	"changed"
 1414      6765 6400 
 1415               	.LASF59:
 1416 0297 6465 626F 		.string	"debouncing"
 1416      756E 6369 
 1416      6E67 00
 1417               	.LASF1:
 1418 02a2 756E 7369 		.string	"unsigned char"
 1418      676E 6564 
 1418      2063 6861 
 1418      7200 
 1419               	.LASF43:
 1420 02b0 5247 424C 		.string	"RGBLED_RAINBOW_SWIRL_INTERVALS"
 1420      4544 5F52 
 1420      4149 4E42 
 1420      4F57 5F53 
 1420      5749 524C 
 1421               	.LASF19:
 1422 02cf 6B65 7962 		.string	"keyboard_idle"
 1422      6F61 7264 
 1422      5F69 646C 
 1422      6500 
 1423               	.LASF68:
 1424 02dd 6465 626F 		.string	"debounce"
 1424      756E 6365 
 1424      00
 1425               	.LASF0:
 1426 02e6 7369 676E 		.string	"signed char"
 1426      6564 2063 
 1426      6861 7200 
 1427               	.LASF9:
 1428 02f2 6C6F 6E67 		.string	"long long unsigned int"
 1428      206C 6F6E 
 1428      6720 756E 
 1428      7369 676E 
 1428      6564 2069 
 1429               	.LASF6:
 1430 0309 7569 6E74 		.string	"uint32_t"
 1430      3332 5F74 
 1430      00
 1431               	.LASF4:
 1432 0312 756E 7369 		.string	"unsigned int"
 1432      676E 6564 
 1432      2069 6E74 
 1432      00
 1433               	.LASF3:
 1434 031f 7569 6E74 		.string	"uint16_t"
 1434      3136 5F74 
 1434      00
 1435               	.LASF67:
 1436 0328 6465 626F 		.string	"debounce_active"
 1436      756E 6365 
 1436      5F61 6374 
 1436      6976 6500 
 1437               	.LASF25:
 1438 0338 6D6F 7573 		.string	"mouse"
 1438      6500 
 1439               	.LASF46:
 1440 033e 5247 424C 		.string	"RGBLED_RGBTEST_INTERVALS"
 1440      4544 5F52 
 1440      4742 5445 
 1440      5354 5F49 
 1440      4E54 4552 
 1441               	.LASF39:
 1442 0357 666E 5F61 		.string	"fn_actions"
 1442      6374 696F 
 1442      6E73 00
 1443               	.LASF49:
 1444 0362 6465 6661 		.string	"default_layer_state"
 1444      756C 745F 
 1444      6C61 7965 
 1444      725F 7374 
 1444      6174 6500 
 1445               	.LASF54:
 1446 0376 6368 6172 		.string	"char"
 1446      00
 1447               	.LASF20:
 1448 037b 6B65 7962 		.string	"keyboard_protocol"
 1448      6F61 7264 
 1448      5F70 726F 
 1448      746F 636F 
 1448      6C00 
 1449               	.LASF24:
 1450 038d 6B65 7962 		.string	"keyboard"
 1450      6F61 7264 
 1450      00
 1451               	.LASF10:
 1452 0396 6D61 7472 		.string	"matrix_row_t"
 1452      6978 5F72 
 1452      6F77 5F74 
 1452      00
 1453               	.LASF35:
 1454 03a3 6E6B 726F 		.string	"nkro"
 1454      00
 1455               	.LASF47:
 1456 03a8 6973 5F72 		.string	"is_rgblight_initialized"
 1456      6762 6C69 
 1456      6768 745F 
 1456      696E 6974 
 1456      6961 6C69 
 1457               	.LASF38:
 1458 03c0 6B65 796D 		.string	"keymaps"
 1458      6170 7300 
 1459               	.LASF12:
 1460 03c8 5F42 6F6F 		.string	"_Bool"
 1460      6C00 
 1461               	.LASF69:
 1462 03ce 6465 626F 		.string	"debounce_init"
 1462      756E 6365 
 1462      5F69 6E69 
 1462      7400 
 1463               	.LASF60:
 1464 03dc 6465 626F 		.string	"debouncing_time"
 1464      756E 6369 
 1464      6E67 5F74 
 1464      696D 6500 
 1465               	.LASF14:
 1466 03ec 6469 7361 		.string	"disable_action_cache"
 1466      626C 655F 
 1466      6163 7469 
 1466      6F6E 5F63 
 1466      6163 6865 
 1467               	.LASF7:
 1468 0401 6C6F 6E67 		.string	"long unsigned int"
 1468      2075 6E73 
 1468      6967 6E65 
 1468      6420 696E 
 1468      7400 
 1469               	.LASF56:
 1470 0413 6173 6369 		.string	"ascii_to_shift_lut"
 1470      695F 746F 
 1470      5F73 6869 
 1470      6674 5F6C 
 1470      7574 00
 1471               	.LASF16:
 1472 0426 7265 7365 		.string	"reserved"
 1472      7276 6564 
 1472      00
 1473               	.LASF61:
 1474 042f 636F 6F6B 		.string	"cooked"
 1474      6564 00
 1475               	.LASF55:
 1476 0436 5F5F 6D61 		.string	"__malloc_heap_end"
 1476      6C6C 6F63 
 1476      5F68 6561 
 1476      705F 656E 
 1476      6400 
 1477               	.LASF27:
 1478 0448 6465 6275 		.string	"debug_config"
 1478      675F 636F 
 1478      6E66 6967 
 1478      00
 1479               	.LASF32:
 1480 0455 6E6F 5F67 		.string	"no_gui"
 1480      7569 00
 1481               	.LASF28:
 1482 045c 7377 6170 		.string	"swap_control_capslock"
 1482      5F63 6F6E 
 1482      7472 6F6C 
 1482      5F63 6170 
 1482      736C 6F63 
 1483               	.LASF45:
 1484 0472 5247 424C 		.string	"RGBLED_KNIGHT_INTERVALS"
 1484      4544 5F4B 
 1484      4E49 4748 
 1484      545F 494E 
 1484      5445 5256 
 1485               	.LASF58:
 1486 048a 6173 6369 		.string	"ascii_to_keycode_lut"
 1486      695F 746F 
 1486      5F6B 6579 
 1486      636F 6465 
 1486      5F6C 7574 
 1487               	.LASF52:
 1488 049f 5F5F 6D61 		.string	"__malloc_margin"
 1488      6C6C 6F63 
 1488      5F6D 6172 
 1488      6769 6E00 
 1489               	.LASF51:
 1490 04af 6B65 7962 		.string	"keyboard_report"
 1490      6F61 7264 
 1490      5F72 6570 
 1490      6F72 7400 
 1491               	.LASF62:
 1492 04bf 6E75 6D5F 		.string	"num_rows"
 1492      726F 7773 
 1492      00
 1493               	.LASF50:
 1494 04c8 6C61 7965 		.string	"layer_state"
 1494      725F 7374 
 1494      6174 6500 
 1495               	.LASF23:
 1496 04d4 6D61 7472 		.string	"matrix"
 1496      6978 00
 1497               		.text
 1498               		.section	.gnu.lto_.profile.a8b45879f6c48f5d,"e",@progbits
 1499 0000 789C E360 		.string	"x\234\343``\004B "
 1499      6004 4220 
 1499      00
 1500 0009 00        		.string	""
 1501 000a 00        		.string	""
 1502 000b 5D00      		.string	"]"
 1503 000d 0B        		.ascii	"\013"
 1504               		.text
 1505               		.section	.gnu.lto_.icf.a8b45879f6c48f5d,"e",@progbits
 1506 0000 789C E360 		.string	"x\234\343``d\220g@"
 1506      6064 9067 
 1506      4000 
 1507 000a 5686 195F 		.string	"V\206\031_\217?fg\\\321\361\301\224\251\253\371\310IV\3463_/m\346`\231\373\351\341VN\006"
 1507      8F3F 6667 
 1507      5CD1 F1C1 
 1507      94A9 ABF9 
 1507      C849 56E6 
 1508 002c EF26 0EE6 		.ascii	"\357&\016\346"
 1509               		.text
 1510               		.section	.gnu.lto_.jmpfuncs.a8b45879f6c48f5d,"e",@progbits
 1511 0000 789C E360 		.string	"x\234\343``d0a@"
 1511      6064 3061 
 1511      4000 
 1512 000a 6606 4646 		.string	"f\006FF\006\206\371@\212\205\021\b\370\353\34733B1\003\02031100\036"
 1512      0686 F940 
 1512      8A85 1108 
 1512      F8EB E733 
 1512      3342 3103 
 1513 0026 2A01 E2FF 		.string	"*\001\342\377\377\231\031\030X\200z"
 1513      FF99 1918 
 1513      5880 7A00 
 1514 0032 DD25 0911 		.ascii	"\335%\t\021"
 1515               		.text
 1516               		.section	.gnu.lto_.inline.a8b45879f6c48f5d,"e",@progbits
 1517 0000 789C E360 		.string	"x\234\343``d\330\311\200"
 1517      6064 D8C9 
 1517      8000 
 1518 000a CC40 D400 		.string	"\314@\324"
 1519 000e 044C 298C 		.string	"\004L)\214\fL\f\f\215@f\035\003\003\033D\210\t$\304"
 1519      0C4C 0C0C 
 1519      8D40 661D 
 1519      0303 1B44 
 1519      8809 24C4 
 1520 0023 D421 FDE4 		.string	"\324!\375\344\353\305m\314\351\214,\314\034\005\323\231\031\373\232\337\337\343\350c\236\
 1520      EBC5 6DCC 
 1520      E98C 2CCC 
 1520      1C05 D399 
 1520      19FB 9ADF 
 1521 0063 03CB 9287 		.string	"\003\313\222\207_/2%\2610\2600(\200\\\301\003\262f\202\037\0237P'\b\201U2\203\334\304\004
 1521      5F2F 3225 
 1521      B130 B030 
 1521      2880 5CC1 
 1521      03B2 6682 
 1522 008b E81F 2850 		.ascii	"\350\037(P"
 1523               		.text
 1524               		.section	.gnu.lto_.pureconst.a8b45879f6c48f5d,"e",@progbits
 1525 0000 789C E360 		.string	"x\234\343``d\340b```fh`a\234\305\302\322\302\002"
 1525      6064 E062 
 1525      6060 6066 
 1525      6860 619C 
 1525      C5C2 D2C2 
 1526 0016 09A8 01C6 		.ascii	"\t\250\001\306"
 1527               		.text
 1528               		.section	.gnu.lto_debounce_init.a8b45879f6c48f5d,"e",@progbits
 1529 0000 789C 454E 		.string	"x\234EN=K\003Q\020\234y/\336\035\250\205\235\022\355\224\220&\021\202\261\025\374!!\306\3
 1529      3D4B 0351 
 1529      109C 792F 
 1529      DE1D A885 
 1529      9D12 ED94 
 1530 004d 79CB 394B 		.ascii	"y\3139KjP\211\310\212[\367\024\031+\361\210\232b\215\007\272"
 1530      6A50 89C8 
 1530      8A5B F714 
 1530      192B F188 
 1530      9A62 8D07 
 1531 0062 A3F9 DCEC 		.ascii	"\243\371\334\354\335\252\364\231\235\210\351\364\247\345\334"
 1531      DDAA F499 
 1531      9D88 E9F4 
 1531      A7E5 DC
 1532 0071 B0AB 8123 		.ascii	"\260\253\201#\313!x\307\264\335\273~\373\276q\365,a\365\317\373"
 1532      CB21 78C7 
 1532      B4DD BB7E 
 1532      FBBE 71F5 
 1532      2C61 F5CF 
 1533 0086 55DB 4D9D 		.ascii	"U\333M\235\2124\304|\256\312DW\223\367\324\266\303\\\222\213"
 1533      8A34 C47C 
 1533      AECA 4457 
 1533      93F7 D4B6 
 1533      C35C 928B 
 1534 009a 49C0 260B 		.ascii	"I\300&\013\373\343\340\003S\210\032\037\227\203\303I'1:\313G"
 1534      FBE3 E003 
 1534      5388 1A1F 
 1534      9783 C349 
 1534      2731 3ACB 
 1535 00af 3AF6 51E0 		.ascii	":\366Q\340\342e\314\310\340\267)\246?\257\025\320\322\210\036"
 1535      E265 CCC8 
 1535      E0B7 29A6 
 1535      3FAF 15D0 
 1535      D288 1E
 1536 00c2 4950 0CD0 		.ascii	"IP\f\320\326jh\352\326\364('O*.~\261q\354\304*BK\363\277\002"
 1536      D66A 68EA 
 1536      D6F4 2827 
 1536      4F2A 2E7E 
 1536      B171 ECC4 
 1537 00dc CC6C 85C5 		.ascii	"\314l\205\305`',g\327\375\265J\030\224\374lu\257\\\330\314\224"
 1537      6027 2C67 
 1537      D7FD B54A 
 1537      1894 FC6C 
 1537      75AF 5CD8 
 1538 00f2 E005 61B9 		.ascii	"\340\005a\271\260]\331\255N\215\222\314\222_\314/o\3709\374\001"
 1538      B05D D9AD 
 1538      4E8D 92CC 
 1538      925F CC2F 
 1538      6FF8 39FC 
 1539 0107 C887 570C 		.ascii	"\310\207W\f"
 1540               		.text
 1541               		.section	.gnu.lto_debounce.a8b45879f6c48f5d,"e",@progbits
 1542 0000 789C 8D54 		.ascii	"x\234\215T[L\234E\024\2363\347\277/\027\215\022\020|\330\227"
 1542      5B4C 9C45 
 1542      149E 33E7 
 1542      BF2F 178D 
 1542      1210 7CD8 
 1543 0015 068B DA1A 		.ascii	"\006\213\332\032\353\245\372d|\324G\023_\033\204\2656\006\210"
 1543      EBA5 FA64 
 1543      7CD4 4713 
 1543      5F1B 84B5 
 1543      3606 88
 1544 0028 ADD8 F8D4 		.ascii	"\255\330\370\324\177\027\026\"\220bLJC\342fQB\2405\266\265&\365"
 1544      7F17 1622 
 1544      9062 4C4A 
 1544      43E2 6651 
 1544      42A0 35B6 
 1545 003f 82C2 5228 		.ascii	"\202\302R(-\226V@h\005JSm\245\245\242\240\206&\022\003\2363\363"
 1545      2D96 5640 
 1545      6805 4A53 
 1545      6DA5 A5A2 
 1545      A086 2612 
 1546 0057 03CB DAC4 		.ascii	"\003\313\332\304\2220;\363\315\371\316\345;\347\037G\200\210"
 1546      9230 3BF3 
 1546      CDF9 CEE5 
 1546      3BE7 1F47 
 1546      8088 
 1547 0069 5B42 BC2C 		.ascii	"[B\274,\2048B\377\020\022 }\337\177\301\216:Rb\303\261\346<\303"
 1547      8438 42FF 
 1547      1012 207D 
 1547      DF7F C18E 
 1547      3A52 62C3 
 1548 0081 F78C 3BA3 		.ascii	"\367\214;\243\213%\206\237\205`\004w\2064\203;7\2703\245GwaF"
 1548      8B25 869F 
 1548      8560 0477 
 1548      8634 833B 
 1548      37B8 33A5 
 1549 0099 F46F 9607 		.ascii	"\364o\226\007\266\262\006+\330\3649\266\264\306\026\227w\222"
 1549      B6B2 062B 
 1549      D8F4 39B6 
 1549      B4C6 1697 
 1549      7792 
 1550 00ab 9173 AC39 		.ascii	"\221s\2549n\223\221\003n\340\322\005P;\337\001q@\242az\226M\340"
 1550      6E93 9103 
 1550      6EE0 D205 
 1550      503B DF01 
 1550      7140 A261 
 1551 00c3 0169 0B48 		.ascii	"\001i\013H\001\254\202^\205\376k\306\303\b\247\353g\277\222["
 1551      01AC 825E 
 1551      85FE 6BC6 
 1551      C308 A7EB 
 1551      67BF 925B 
 1552 00d7 3B89 E6A7 		.ascii	";\211\346\247\016\257\024\370])H\242\020\255\030\030\t\370\032"
 1552      0EAF 14F8 
 1552      5D29 48A2 
 1552      10AD 1818 
 1552      09F8 1A
 1553 00ea B692 5DDD 		.ascii	"\266\222]\335\231\367\273\263\017b\022\001$\035?\232\030\211"
 1553      99F7 BBB3 
 1553      0F62 1201 
 1553      241D 3F9A 
 1553      1889 
 1554 00fc 011F 25DC 		.ascii	"\001\037%\334G\307x\337\374Q\211\017\203\240\375\344\265\336"
 1554      47C7 78DF 
 1554      FC51 890F 
 1554      83A0 FDE4 
 1554      B5DE 
 1555 010e 9FCC E20E 		.ascii	"\237\314\342\016\337\217\371\251\033\257\370YID\370\026\220<"
 1555      DF8F F9A9 
 1555      1BAF F859 
 1555      4944 F816 
 1555      903C 
 1556 0120 C237 5004 		.ascii	"\3027P\004\335P$\004a\341/=\001=PL\214C\203\3757\001\237T\354"
 1556      DD50 2404 
 1556      61E1 2F3D 
 1556      013D 504C 
 1556      8C43 83FD 
 1557 0139 B19A 9B31 		.ascii	"\261\232\2331\031\260\007^\325\354\336\273\260\007<.\211\331"
 1557      19B0 075E 
 1557      D5EC DEBB 
 1557      B007 3C2E 
 1557      89D9 
 1558 014b 9F4F 2D7C 		.ascii	"\237O-|a\343s\212\275<}\262\311\016\330\343\005\265>\027c@\237"
 1558      61E3 738A 
 1558      BD3C 7DB2 
 1558      C90E D8E3 
 1558      05B5 3E17 
 1559 0162 E6EF 2882 		.ascii	"\346\357(\202'\024\333\b\217\020\373\264b\317\265\\\217\272\370"
 1559      2714 DB08 
 1559      8F10 FBB4 
 1559      62CF B55C 
 1559      8FBA F8
 1560 0175 A262 F7C5 		.ascii	"\242b\367\305GZ\254\200=\\\250\331&\364g\260\315\360\025b\017"
 1560      475A AC80 
 1560      3D5C A8D9 
 1560      26F4 67B0 
 1560      CDF0 1562 
 1561 018a 40B1 60CE 		.ascii	"@\261`\316\317\237\255\034\312\266\214@08C\235\"\264\343|\177"
 1561      CF9F AD1C 
 1561      CAB6 8C40 
 1561      3038 439D 
 1561      22B4 E37C 
 1562 019f 4F0E BEA4 		.ascii	"O\016\276\244\274.}\272\324\016[\332\225\302+70\356\247\242\341"
 1562      BC2E 7DBA 
 1562      D40E 5BDA 
 1562      95C2 2B37 
 1562      30EE A7A2 
 1563 01b4 245A 3098 		.ascii	"$Z0\230Q\225\020\3419/\315%\234\205-\312\241\b\337\242\200\347"
 1563      5195 10E1 
 1563      392F CD25 
 1563      9C85 2DCA 
 1563      A108 DFA2 
 1564 01ca C833 0560 		.ascii	"\3103\005`\364\370\230\231\362WV\353\375\324\340\203\r\371E@"
 1564      F4F8 9899 
 1564      F257 56EB 
 1564      FDD4 E083 
 1564      0DF9 4540 
 1565 01de 49D9 9233 		.ascii	"I\331\2223C\336\031\274\230\274X\274\330,\227\303\213\313G\217"
 1565      43DE 19BC 
 1565      98BC 58BC 
 1565      D82C 97C3 
 1565      8BCB 478F 
 1566 01f2 168B 2694 		.ascii	"\026\213&\224\334\344\002W\221\007\254D>p/\nx@\212\013\325\255"
 1566      DCE4 0257 
 1566      9107 AC44 
 1566      3E70 2F0A 
 1566      7840 8A0B 
 1567 0208 108D 283A 		.ascii	"\020\215(:'\216NH\360SB4\241\324\207(\035f\301\377\270\263P\345"
 1567      278E 4E48 
 1567      F053 4234 
 1567      A1D4 8728 
 1567      1D66 C1FF 
 1568 0220 F60B D4DE 		.ascii	"\366\013\324\336\352\177\212\267\t\314\245\344\017\326,\\ux0"
 1568      EA7F 8AB7 
 1568      09CC A5E4 
 1568      0FD6 2C5C 
 1568      7578 30
 1569 0233 4C10 30A4 		.ascii	"L\0200\244\353\"2^[\032]\024\353\344OJ\024\3716\304\376<\367"
 1569      EB22 325E 
 1569      5B1A 5D14 
 1569      EBE4 4F4A 
 1569      14F9 36C4 
 1570 024a 086F D399 		.ascii	"\bo\323\231\216\222-\3215\274\352\326B,\352\020\322\316\352\022"
 1570      8E92 2DD1 
 1570      35BC EAD6 
 1570      422C EA10 
 1570      D2CE EA12 
 1571 025e 7869 7A70 		.ascii	"xizp\004:\240]5\346<\324\002|\307!`\230@\272>\365\336oG\\\035"
 1571      043A A05D 
 1571      35E6 3CD4 
 1571      027C C721 
 1571      6098 40BA 
 1572 0279 1CE0 02DD 		.ascii	"\034\340\002\335p\254\343:\326<\324\264\365\200N\0242\374\273"
 1572      70AC E33A 
 1572      D63C D4B4 
 1572      F580 4E14 
 1572      32FC BB
 1573 028c ADC8 DA5E 		.ascii	"\255\310\332^$\207"
 1573      2487 
 1574 0292 248F C779 		.string	"$\217\307y]m\23043\023\013\375'\261P;\0237'\226\005#\234\330\367*\261Q\002\023lC\032\030\
 1574      5D6D 9834 
 1574      3313 0BFD 
 1574      27B1 503B 
 1574      1337 2796 
 1575 0393 0955 6DE4 		.ascii	"\tUm\344\207\3377T\033gA\n}\025R\276N\301\206L\177\007ux\t\314"
 1575      87DF 3754 
 1575      1B67 410A 
 1575      7D15 52BE 
 1575      4EC1 864C 
 1576 03ad D30D 786C 		.ascii	"\323\rxl\035\b\261\334w D.\255\017\036\200\222\"o\314&\317\316"
 1576      1D08 B1DC 
 1576      7720 442E 
 1576      AD0F 1E80 
 1576      9222 6FCC 
 1577 03c4 1F2C FFDA 		.ascii	"\037,\377\332<\376z\227o\362\377\207\361\312\3060\316\020\030"
 1577      3CFE 7A97 
 1577      6FF2 FF87 
 1577      F1CA C630 
 1577      CE10 18
 1578 03d7 8C5F 13BA 		.ascii	"\214_\023\272]\353\303\376;\304\332\376\362\224s\335v\350Z\177"
 1578      5DEB C3FE 
 1578      3BC4 DAFE 
 1578      F294 73DD 
 1578      76E8 5A7F 
 1579 03eb 5684 78E8 		.ascii	"V\204x\350\255\352\322\312\267\253+\266\227G^\253\252\256,\213"
 1579      ADEA D2CA 
 1579      B7AB 2BB6 
 1579      9747 5EAB 
 1579      AAAE 2C8B 
 1580 03ff 6CDF F76E 		.ascii	"l\337\367n\305\256\335\333\312\004\356-\335\177\177p\330\366"
 1580      C5AE DDDB 
 1580      CA04 EE2D 
 1580      DD7F 7F70 
 1580      D8F6 
 1581 0411 74A4 F499 		.ascii	"t\244\364\231g_\217\354\020VYU\325\233\221r\247\262\272b\327"
 1581      675F 8FEC 
 1581      1056 5955 
 1581      D59B 9172 
 1581      A7B2 BA62 
 1582 0426 DEAA FDFB 		.ascii	"\336\252\375\373\354\2627J+wG\312a\317\277\354\200:\341"
 1582      ECB2 374A 
 1582      2B77 47CA 
 1582      61CF BFEC 
 1582      803A E1
 1583               		.text
 1584               		.section	.gnu.lto_debounce_active.a8b45879f6c48f5d,"e",@progbits
 1585 0000 789C 458E 		.ascii	"x\234E\216?K\003Q\020\304g\336K\342Yh\037\203`\233\306\b~\001"
 1585      3F4B 0351 
 1585      10C4 67DE 
 1585      4BE2 5968 
 1585      1F83 609B 
 1586 0018 BF89 680C 		.ascii	"\277\211h\fV\211\210^a\225\275\363\300B\211\202\304`\021\002"
 1586      5689 885E 
 1586      6195 BDF3 
 1586      C042 8982 
 1586      C460 1102 
 1587 002c 1E62 3A49 		.ascii	"\036b:I\353\337\253\004\301B,l\024\005\021\013\013E\260N\334"
 1587      EBDF AB04 
 1587      C142 2C6C 
 1587      1405 110B 
 1587      0B45 B04E 
 1588 0041 770A 160B 		.ascii	"w\n\026\013\273\263\273\277\031\017\3047\200\202\326\270\026"
 1588      BBB3 BBBF 
 1588      190F C437 
 1588      8082 D6B8 
 1588      16
 1589 0052 2D68 4464 		.ascii	"-hDdf(\360\f\231v\342\021u\303:\267m\313r\267\271\363<Z<\022"
 1589      6628 F00C 
 1589      9976 E211 
 1589      75C3 3AB7 
 1589      6DCB 72B7 
 1590 006c 0925 693D 		.ascii	"\t%i=\346\243n\302\216\005\366\365q\272\300)\007R\314\t\213\200"
 1590      E6A3 6EC2 
 1590      8E05 F6F5 
 1590      71BA C029 
 1590      0752 CC09 
 1591 0082 5EBF F4FA 		.ascii	"^\277\364\372\315\221\\\306\255\235|\312\234\032\002\307w\331"
 1591      CD91 5CC6 
 1591      AD9D 7CCA 
 1591      9C1A 02C7 
 1591      77D9 
 1592 0094 44FA 830D 		.ascii	"D\372\203\rI^c~e\255\201c`\323B\035%CI\200-k~\207@\2077\312\301"
 1592      495E 637E 
 1592      65AD 8163 
 1592      60D3 421D 
 1592      2543 4980 
 1593 00b1 6521 FD7F 		.ascii	"e!\375\177g\270w=\346\332\2665j\321X\377|\362\032\266cI\347\330"
 1593      67B8 773D 
 1593      E6DA B635 
 1593      6AD1 58FF 
 1593      7CF2 1AB6 
 1594 00c9 EEDE 0C86 		.ascii	"\356\336\f\206#\206\201\247J\354\250*\336?\\\335\362\220\261"
 1594      2386 81A7 
 1594      4AEC A82A 
 1594      DE3F 5CDD 
 1594      F290 B1
 1595 00dc 8BCA 7346 		.ascii	"\213\312sF\344\0315)/T\304\007\303\211?\034\322\020\374\017\001"
 1595      E419 3529 
 1595      2F54 C407 
 1595      C389 3F1C 
 1595      D210 FC0F 
 1596 00f1 E497 FDB9 		.ascii	"\344\227\375\271\332\252_--T\346\227\374Z\271RZY\253\316.N\226"
 1596      DAAA 5F2D 
 1596      2D54 E697 
 1596      FC5A B952 
 1596      5A59 ABCE 
 1597 0108 F103 4274 		.ascii	"\361\003BtW\326"
 1597      57D6 
 1598               		.text
 1599               		.section	.gnu.lto_.symbol_nodes.a8b45879f6c48f5d,"e",@progbits
 1600 0000 789C E360 		.string	"x\234\343``dX\301"
 1600      6064 58C1 
 1600      00
 1601 0009 044C 82F5 		.string	"\004L\202\365\f\r@\300\3028\341\034\003C=\003\303\256\006G\240\034HF\244\236q\371\325UW\2
 1601      0C0D 40C0 
 1601      C238 E11C 
 1601      0343 3D03 
 1601      C3AE 0647 
 1602 0067 4811 3430 		.ascii	"H\02140"
 1603               		.text
 1604               		.section	.gnu.lto_.refs.a8b45879f6c48f5d,"e",@progbits
 1605 0000 789C 05C1 		.string	"x\234\005\301\301\r"
 1605      C10D 00
 1606 0007 200C C4B0 		.string	" \f\304\260\344Z\004\210\001\370\261\377\230\330\013\271\300\320\2645\311\246\216y6\t\037
 1606      E45A 0488 
 1606      01F8 B1FF 
 1606      98D8 0BB9 
 1606      C0D0 B435 
 1607 0025 7C        		.ascii	"|"
 1608               		.text
 1609               		.section	.gnu.lto_.decls.a8b45879f6c48f5d,"e",@progbits
 1610 0000 789C 7554 		.string	"x\234uT]L\233U\030>oO\013\345\243\245\270,\016\303.\314\302\022/\f\305,\342\026\023/\364\
 1610      5D4C 9B55 
 1610      183E 6F4F 
 1610      0BE5 A3A5 
 1610      B82C 0EC3 
 1611 0039 CB98 8B24 		.string	"\313\230\213$\2600\027\266\244\356\302\030\347\020(\310OQ\312\317\370\031\035\fJ\351\370\
 1611      B030 17B6 
 1611      A4EE C218 
 1611      E710 28C8 
 1611      4F51 CACF 
 1612 012b AEDD 0E76 		.string	"\256\335\016vh\203|\270\n\030\353\004\005\227\234\350\255m\263\242\363\026\005\f8<71R\301
 1612      6883 7CB8 
 1612      0A18 EB04 
 1612      0597 9CE8 
 1612      AD6D B3A2 
 1613 01dd 8043 8C81 		.string	"\200C\214\201\017\2617\210N\206@\322\210\366\235\342\211\031\203\246*\326\200\224G$\265&\
 1613      0FB1 3788 
 1613      4E86 40D2 
 1613      88F6 9DE2 
 1613      8919 83A6 
 1614 0207 F2CF 2625 		.ascii	"\362\317&%@[\252)l\230L+\247\272TVZ\351\270#\307\353\257\254"
 1614      405B AA29 
 1614      6C98 4C2B 
 1614      A7BA 5456 
 1614      5AE9 B823 
 1615 021f 9AE8 07FC 		.ascii	"\232\350\007\374D\207\3025\375\231F\364gw\005\002F\026\233\272"
 1615      4487 C235 
 1615      FD99 46F4 
 1615      6777 0502 
 1615      4616 9BBA 
 1616 0233 127A 98B1 		.ascii	"\022z\230\261\3554\273\213!\266\231P\366\242\334w\002C\260\215"
 1616      ED34 BB8B 
 1616      21B6 9950 
 1616      F6A2 DC77 
 1616      0243 B08D 
 1617 0247 4004 8C42 		.ascii	"@\004\214B\251\247\352\337j\343\216fu-\246\206\222\337\275\262"
 1617      A9A7 EADF 
 1617      6AE3 8E66 
 1617      752D A686 
 1617      92DF BDB2 
 1618 025b 8007 7D14 		.ascii	"\200\007}\024W\031\031\r\006\361\214\360:\360\004\006\331}\206"
 1618      5719 190D 
 1618      06F1 8CF0 
 1618      3AF0 0406 
 1618      D97D 86
 1619 026e 3F60 1E0A 		.ascii	"?`\036\n\236*\004\206a\007\256^\255k\b\346\320\303<\217\204\372"
 1619      9E2A 0486 
 1619      6107 AE5E 
 1619      AD6B 08E6 
 1619      D0C3 3C8F 
 1620 0284 F763 23CF 		.ascii	"\367c#\317\003OM\3461W\325\022\261\245r\033\005\036\354\273\263"
 1620      034F 4DE6 
 1620      3157 D512 
 1620      B1A5 721B 
 1620      051E ECBB 
 1621 0299 1EA5 3C88 		.ascii	"\036\245<\210\267\006\256\211\340\300\310\235\252\234TpL\004"
 1621      B706 AE89 
 1621      E0C0 C89D 
 1621      AA9C 5470 
 1621      4C04 
 1622 02ab 872E 879D 		.ascii	"\207.\207\235\233T1\301\252\030\327\252\030\236\351\031\313\306"
 1622      9B54 31C1 
 1622      AA18 D7AA 
 1622      189E E919 
 1622      CBC6 
 1623 02bd 2A62 58C5 		.ascii	"*bX\305\223\017\325oTFG\n\214\350*\030IWp\t+\230\344\025,u=\255"
 1623      930F D56F 
 1623      5446 470A 
 1623      8CE8 2A18 
 1623      4957 7009 
 1624 02d9 B6D1 0AE0 		.ascii	"\266\321\n\340%T\37508N\365\206\254\022\315q\2129\006\244\341"
 1624      2554 FD30 
 1624      384E F586 
 1624      AC12 CD71 
 1624      8A39 06A4 
 1625 02ee DDC4 D072 		.ascii	"\335\304\320r\2264|\370\0217\254\005F\201\353:\307\353i\307F"
 1625      9634 7CF8 
 1625      1137 AC05 
 1625      4681 EB3A 
 1625      C7EB 69C7 
 1626 0303 748C 72C7 		.ascii	"t\214r\307\237+;\357e\320z\341\330Q7\275\250\320f9\270?\372\310"
 1626      9F2B 3BEF 
 1626      65D0 7AE1 
 1626      D851 37BD 
 1626      A8D0 6639 
 1627 031b F6FC FFE6 		.ascii	"\366\374\377\346\364s\377\233\313\177%\246\305\226\317\244\216"
 1627      F473 FF9B 
 1627      CB7F 25A6 
 1627      C596 CFA4 
 1627      8E
 1628 032c 7EA0 ABBD 		.ascii	"~\240\253\275\335\252\257\201Mi5\314\262\032nj\273\026\375o\245"
 1628      DDAA AF81 
 1628      4D69 35CC 
 1628      B21A 6E6A 
 1628      BB16 FD6F 
 1629 0341 D1CA 8A40 		.ascii	"\321\312\212@\352pp\367\367-GBE\234\0037tE\334\220\017\031\376"
 1629      EA70 70F7 
 1629      F72D 4742 
 1629      459C 0337 
 1629      7445 DC90 
 1630 0358 FF58 FAE7 		.ascii	"\377X\372\347\347\352Od\321n\221\361zc\315\251\234\315\314\346"
 1630      E7EA 4F64 
 1630      D16E 91F1 
 1630      7A63 CDA9 
 1630      9CCD CCE6 
 1631 036c F51B 76F2 		.ascii	"\365\033v\362\342d\245Qz\305\367\326Z\330,\304t61\315&\316m\232"
 1631      E264 A551 
 1631      7AC5 F7D6 
 1631      5AD8 2CC4 
 1631      7436 31CD 
 1632 0384 1A1A A20A 		.ascii	"\032\032\242\n\215\b\233'\035\017Z3v\266\250j7\273\244\257\216"
 1632      8D08 9B27 
 1632      1D0F 5A33 
 1632      76B6 A86A 
 1632      37BB A4AF 
 1633 0399 1D3D A216 		.ascii	"\035=\242\026\361\263Y\020\002)K6\306\367\244\340\030\356v\002"
 1633      F1B3 5910 
 1633      0229 4B36 
 1633      C6F7 A4E0 
 1633      18EE 7602 
 1634 03ad 76B2 ED88 		.ascii	"v\262\355\210\305f-tJ\350\364%\317_\260I\235G\247L\307\325\220"
 1634      C566 2D74 
 1634      4AE8 F425 
 1634      CF5F B049 
 1634      9D47 A74C 
 1635 03c4 C8F8 9694 		.ascii	"\310\370\226\224I?k\030!\005\265\250\262\310U\272\233\377|`\321"
 1635      493F 6B18 
 1635      2105 B5A8 
 1635      B2C8 55BA 
 1635      9BFF 7C60 
 1636 03d9 3F82 CC3C 		.ascii	"?\202\314<\315^\022\217\340\022\177\004[.]\2364\352\271\254\322"
 1636      CD5E 128F 
 1636      E012 7F04 
 1636      5B2E 5D9E 
 1636      34EA B9AC 
 1637 03ee 3477 5970 		.ascii	"4wYp\2279\267\276\375\356!=uf\303\333\272\"\250+\234Z\327\036"
 1637      9739 B7BE 
 1637      FDEE 213D 
 1637      7566 C3DB 
 1637      BA22 A82B 
 1638 0406 5CCB D673 		.ascii	"\\\313\326sg7\310\336\026\\\326\345}\021pz\375\001\217}\237\353"
 1638      6737 C8DE 
 1638      165C D6E5 
 1638      7D11 707A 
 1638      FD01 8F7D 
 1639 041c 135F C05B 		.ascii	"\023_\300[\352\262\037<\354q\354/,5\277\373\376\336\227\337\331"
 1639      EAB2 1F3C 
 1639      EC71 EC2F 
 1639      2C35 BFFB 
 1639      FEDE 97DF 
 1640 0431 B387 BC20 		.ascii	"\263\207\274 \003\205\257\273\234\305o|\352\332E2\003n\257\177"
 1640      0385 AFBB 
 1640      9CC5 6F7C 
 1640      EADA 4532 
 1640      036E AF7F 
 1641 0445 B7C3 6FF1 		.ascii	"\267\303o\3618\375\345\356\257\034\345\276/\035~\223\343m\237"
 1641      38FD E5EE 
 1641      AF1C E5BE 
 1641      2F1D 7E93 
 1641      E36D 9F
 1642 0458 EF80 5593 		.ascii	"\357\200U\223q\270\275n\377K\233\211\023\263\026\261\245\026"
 1642      71B8 BD6E 
 1642      FF4B 9B89 
 1642      13B3 16B1 
 1642      A516 
 1643 046a 384B FDEE 		.ascii	"8K\375\356C.\253\337\355q\225;\\\007\234\237\037t\35533\247\327"
 1643      432E ABDF 
 1643      ED71 953B 
 1643      5C07 9C9F 
 1643      1F74 ED33 
 1644 0481 8A1D FE3C 		.ascii	"\212\035\376<\277\3473G\251\257\334e/\365y<>\257\235\323\n\313"
 1644      BFE7 3347 
 1644      A9AF DC65 
 1644      2FF5 793C 
 1644      3EAF 9DD3 
 1645 0497 8822 F8E5 		.ascii	"\210\"\370\345.\347>EJ\271\275\373m\351O\007#\374\017\006hC\306"
 1645      2EE7 3E45 
 1645      4AB9 BDFB 
 1645      6DE9 4F07 
 1645      23FC 0F06 
 1646               		.text
 1647               		.section	.gnu.lto_.symtab.a8b45879f6c48f5d,"e",@progbits
 1648 0000 6465 626F 		.string	"debounce_init"
 1648      756E 6365 
 1648      5F69 6E69 
 1648      7400 
 1649 000e 00        		.string	""
 1650 000f 00        		.string	""
 1651 0010 00        		.string	""
 1652 0011 00        		.string	""
 1653 0012 00        		.string	""
 1654 0013 00        		.string	""
 1655 0014 00        		.string	""
 1656 0015 00        		.string	""
 1657 0016 00        		.string	""
 1658 0017 00        		.string	""
 1659 0018 00        		.string	""
 1660 0019 CF00      		.string	"\317"
 1661 001b 00        		.string	""
 1662 001c 00        		.string	""
 1663 001d 6465 626F 		.string	"debounce"
 1663      756E 6365 
 1663      00
 1664 0026 00        		.string	""
 1665 0027 00        		.string	""
 1666 0028 00        		.string	""
 1667 0029 00        		.string	""
 1668 002a 00        		.string	""
 1669 002b 00        		.string	""
 1670 002c 00        		.string	""
 1671 002d 00        		.string	""
 1672 002e 00        		.string	""
 1673 002f 00        		.string	""
 1674 0030 00        		.string	""
 1675 0031 D600      		.string	"\326"
 1676 0033 00        		.string	""
 1677 0034 00        		.string	""
 1678 0035 6465 626F 		.string	"debounce_active"
 1678      756E 6365 
 1678      5F61 6374 
 1678      6976 6500 
 1679 0045 00        		.string	""
 1680 0046 00        		.string	""
 1681 0047 00        		.string	""
 1682 0048 00        		.string	""
 1683 0049 00        		.string	""
 1684 004a 00        		.string	""
 1685 004b 00        		.string	""
 1686 004c 00        		.string	""
 1687 004d 00        		.string	""
 1688 004e 00        		.string	""
 1689 004f 00        		.string	""
 1690 0050 D900      		.string	"\331"
 1691 0052 00        		.string	""
 1692 0053 00        		.string	""
 1693 0054 7469 6D65 		.string	"timer_elapsed"
 1693      725F 656C 
 1693      6170 7365 
 1693      6400 
 1694 0062 00        		.string	""
 1695 0063 02        		.ascii	"\002"
 1696 0064 00        		.string	""
 1697 0065 00        		.string	""
 1698 0066 00        		.string	""
 1699 0067 00        		.string	""
 1700 0068 00        		.string	""
 1701 0069 00        		.string	""
 1702 006a 00        		.string	""
 1703 006b 00        		.string	""
 1704 006c 00        		.string	""
 1705 006d DF00      		.string	"\337"
 1706 006f 00        		.string	""
 1707 0070 00        		.string	""
 1708 0071 7469 6D65 		.string	"timer_read"
 1708      725F 7265 
 1708      6164 00
 1709 007c 00        		.string	""
 1710 007d 02        		.ascii	"\002"
 1711 007e 00        		.string	""
 1712 007f 00        		.string	""
 1713 0080 00        		.string	""
 1714 0081 00        		.string	""
 1715 0082 00        		.string	""
 1716 0083 00        		.string	""
 1717 0084 00        		.string	""
 1718 0085 00        		.string	""
 1719 0086 00        		.string	""
 1720 0087 E200      		.string	"\342"
 1721 0089 00        		.string	""
 1722 008a 00        		.string	""
 1723               		.text
 1724               		.section	.gnu.lto_.opts,"e",@progbits
 1725 0000 272D 666E 		.string	"'-fno-openmp' '-fno-openacc' '-fno-pie' '-mn-flash=1' '-mno-skip-bug' '-mmcu=avr5' '-Os' 
 1725      6F2D 6F70 
 1725      656E 6D70 
 1725      2720 272D 
 1725      666E 6F2D 
 1726               		.text
 1727               		.comm	__gnu_lto_v1,1,1
 1728               		.comm	__gnu_lto_slim,1,1
 1729               		.ident	"GCC: (GNU) 9.2.0"
DEFINED SYMBOLS
                            *ABS*:0000000000000000 sym_g.c
/var/folders/xx/3qcqnrxj7md526g3lvyld9680000gn/T//cclqTZ75.s:2      *ABS*:000000000000003e __SP_H__
/var/folders/xx/3qcqnrxj7md526g3lvyld9680000gn/T//cclqTZ75.s:3      *ABS*:000000000000003d __SP_L__
/var/folders/xx/3qcqnrxj7md526g3lvyld9680000gn/T//cclqTZ75.s:4      *ABS*:000000000000003f __SREG__
/var/folders/xx/3qcqnrxj7md526g3lvyld9680000gn/T//cclqTZ75.s:5      *ABS*:0000000000000000 __tmp_reg__
/var/folders/xx/3qcqnrxj7md526g3lvyld9680000gn/T//cclqTZ75.s:6      *ABS*:0000000000000001 __zero_reg__
/var/folders/xx/3qcqnrxj7md526g3lvyld9680000gn/T//cclqTZ75.s:29     .gnu.debuglto_.debug_info:0000000000000000 sym_g.c.5ea67fe3
                            *COM*:0000000000000001 __gnu_lto_v1
                            *COM*:0000000000000001 __gnu_lto_slim

NO UNDEFINED SYMBOLS
